#
# There is insufficient memory for the Java Runtime Environment to continue.
# Native memory allocation (malloc) failed to allocate 2086496 bytes. Error detail: Chunk::new
# Possible reasons:
#   The system is out of physical RAM or swap space
#   This process is running with CompressedOops enabled, and the Java Heap may be blocking the growth of the native heap
# Possible solutions:
#   Reduce memory load on the system
#   Increase physical memory or swap space
#   Check if swap backing store is full
#   Decrease Java heap size (-Xmx/-Xms)
#   Decrease number of Java threads
#   Decrease Java thread stack sizes (-Xss)
#   Set larger code cache with -XX:ReservedCodeCacheSize=
#   JVM is running with Unscaled Compressed Oops mode in which the Java heap is
#     placed in the first 4GB address space. The Java Heap base address is the
#     maximum limit for the native heap growth. Please use -XX:HeapBaseMinAddress
#     to set the Java Heap base and to place the Java Heap above 4GB virtual address.
# This output file may be truncated or incomplete.
#
#  Out of Memory Error (arena.cpp:191), pid=9628, tid=6800
#
# JRE version: OpenJDK Runtime Environment Temurin-17.0.12+7 (17.0.12+7) (build 17.0.12+7)
# Java VM: OpenJDK 64-Bit Server VM Temurin-17.0.12+7 (17.0.12+7, mixed mode, tiered, compressed oops, compressed class ptrs, parallel gc, windows-amd64)
# No core dump will be written. Minidumps are not enabled by default on client versions of Windows
#

---------------  S U M M A R Y ------------

Command Line: --add-modules=ALL-SYSTEM --add-opens=java.base/java.util=ALL-UNNAMED --add-opens=java.base/java.lang=ALL-UNNAMED --add-opens=java.base/sun.nio.fs=ALL-UNNAMED -Declipse.application=org.eclipse.jdt.ls.core.id1 -Dosgi.bundles.defaultStartLevel=4 -Declipse.product=org.eclipse.jdt.ls.core.product -Djava.import.generatesMetadataFilesAtProjectRoot=false -DDetectVMInstallationsJob.disabled=true -Dfile.encoding=utf8 -XX:+UseParallelGC -XX:GCTimeRatio=4 -XX:AdaptiveSizePolicyWeight=90 -Dsun.zip.disableMemoryMapping=true -Xmx2G -Xms100m -Xlog:disable -javaagent:c:\Users\user\.vscode\extensions\redhat.java-1.35.0-win32-x64\lombok\lombok-1.18.33.jar -XX:+HeapDumpOnOutOfMemoryError -XX:HeapDumpPath=c:\Users\user\AppData\Roaming\Code\User\workspaceStorage\079f6f517649c5123b03c41ab70807b5\redhat.java -Daether.dependencyCollector.impl=bf c:\Users\user\.vscode\extensions\redhat.java-1.35.0-win32-x64\server\plugins\org.eclipse.equinox.launcher_1.6.900.v20240613-2009.jar -configuration c:\Users\user\AppData\Roaming\Code\User\globalStorage\redhat.java\1.35.0\config_win -data c:\Users\user\AppData\Roaming\Code\User\workspaceStorage\079f6f517649c5123b03c41ab70807b5\redhat.java\jdt_ws --pipe=\\.\pipe\lsp-72c55f16b249d79338b464e28e2f7b4c-sock

Host: Intel(R) Core(TM) i3 CPU       M 370  @ 2.40GHz, 4 cores, 5G,  Windows 10 , 64 bit Build 19041 (10.0.19041.4842)
Time: Fri Sep 27 10:51:37 2024 Paris, Madrid (heure duild 19041 (10.0.19041.4842) elapsed time: 453.089356 seconds (0d 0h 7m 33s)

---------------  T H R E A D  ---------------

Current thread (0x00000235e4643820):  JavaThread "C2 CompilerThread1" daemon [_thread_in_native, id=6800, stack(0x000000ffd5400000,0x000000ffd5500000)]


Current CompileTask:
C2: 453089 16813       4       org.eclipse.jdt.internal.compiler.lookup.BinaryTypeBinding::createMethod (1724 bytes)

Stack: [0x000000ffd5400000,0x000000ffd5500000]
Native frames: (J=compiled Java code, j=interpreted, Vv=VM code, C=native code)
V  [jvm.dll+0x67f929]
V  [jvm.dll+0x8371ba]
V  [jvm.dll+0x838c7e]
V  [jvm.dll+0x8392e3]
V  [jvm.dll+0x24834f]
V  [jvm.dll+0xac9d4]
V  [jvm.dll+0xad01c]
V  [jvm.dll+0x3674a7]
V  [jvm.dll+0x33197a]
V  [jvm.dll+0x330e1a]
V  [jvm.dll+0x21a8b1]
V  [jvm.dll+0x219cf1]
V  [jvm.dll+0x1a58bd]
V  [jvm.dll+0x229a2d]
V  [jvm.dll+0x227bdc]
V  [jvm.dll+0x7ec1f7]
V  [jvm.dll+0x7e65dc]
V  [jvm.dll+0x67e7f7]
C  [ucrtbase.dll+0x21bb2]
C  [KERNEL32.DLL+0x17374]
C  [ntdll.dll+0x4cc91]


---------------  P R O C E S S  ---------------

Threads class SMR info:
_java_thread_list=0x00000235e577ce80, length=38, elements={
0x00000235c37bfd70, 0x00000235c3878420, 0x00000235dbab8130, 0x00000235c387c0e0,
0x00000235c387ce70, 0x00000235c387dc00, 0x00000235c387e9d0, 0x00000235dbae3770,
0x00000235dbb0e060, 0x00000235e0d18f50, 0x00000235e0d99f50, 0x00000235e0f6d4c0,
0x00000235e12ee030, 0x00000235e0e77a80, 0x00000235e0e77f90, 0x00000235e0e784a0,
0x00000235e0e789b0, 0x00000235e188c330, 0x00000235e188e190, 0x00000235e1888b80,
0x00000235e188dc80, 0x00000235e188ebb0, 0x00000235e188fae0, 0x00000235e188b400,
0x00000235e18895a0, 0x00000235e188fff0, 0x00000235e188aef0, 0x00000235e1889ab0,
0x00000235e188f5d0, 0x00000235e188b910, 0x00000235e0e77060, 0x00000235e56d5670,
0x00000235e56d0570, 0x00000235e56d6090, 0x00000235e56d3300, 0x00000235e56d3810,
0x00000235e56d19b0, 0x00000235e4643820
}

Java Threads: ( => current thread )
  0x00000235c37bfd70 JavaThread "main" [_thread_blocked, id=2072, stack(0x000000ffd3800000,0x000000ffd3900000)]
  0x00000235c3878420 JavaThread "Reference Handler" daemon [_thread_blocked, id=6776, stack(0x000000ffd3b00000,0x000000ffd3c00000)]
  0x00000235dbab8130 JavaThread "Finalizer" daemon [_thread_blocked, id=10832, stack(0x000000ffd3c00000,0x000000ffd3d00000)]
  0x00000235c387c0e0 JavaThread "Signal Dispatcher" daemon [_thread_blocked, id=9400, stack(0x000000ffd3d00000,0x000000ffd3e00000)]
  0x00000235c387ce70 JavaThread "Attach Listener" daemon [_thread_blocked, id=2052, stack(0x000000ffd3e00000,0x000000ffd3f00000)]
  0x00000235c387dc00 JavaThread "Service Thread" daemon [_thread_blocked, id=2264, stack(0x000000ffd3f00000,0x000000ffd4000000)]
  0x00000235c387e9d0 JavaThread "Monitor Deflation Thread" daemon [_thread_blocked, id=2188, stack(0x000000ffd4000000,0x000000ffd4100000)]
  0x00000235dbae3770 JavaThread "C2 CompilerThread0" daemon [_thread_in_native, id=8872, stack(0x000000ffd4100000,0x000000ffd4200000)]
  0x00000235dbb0e060 JavaThread "C1 CompilerThread0" daemon [_thread_blocked, id=6060, stack(0x000000ffd4200000,0x000000ffd4300000)]
  0x00000235e0d18f50 JavaThread "Sweeper thread" daemon [_thread_blocked, id=10928, stack(0x000000ffd4300000,0x000000ffd4400000)]
  0x00000235e0d99f50 JavaThread "Common-Cleaner" daemon [_thread_blocked, id=9600, stack(0x000000ffd4400000,0x000000ffd4500000)]
  0x00000235e0f6d4c0 JavaThread "Notification Thread" daemon [_thread_blocked, id=9464, stack(0x000000ffd4500000,0x000000ffd4600000)]
  0x00000235e12ee030 JavaThread "Active Thread: Equinox Container: 0e9356e2-0526-487c-9365-6e552f568ebf" [_thread_blocked, id=316, stack(0x000000ffd4a00000,0x000000ffd4b00000)]
  0x00000235e0e77a80 JavaThread "Framework Event Dispatcher: Equinox Container: 0e9356e2-0526-487c-9365-6e552f568ebf" daemon [_thread_blocked, id=9180, stack(0x000000ffd4b00000,0x000000ffd4c00000)]
  0x00000235e0e77f90 JavaThread "Start Level: Equinox Container: 0e9356e2-0526-487c-9365-6e552f568ebf" daemon [_thread_blocked, id=9476, stack(0x000000ffd4c00000,0x000000ffd4d00000)]
  0x00000235e0e784a0 JavaThread "Bundle File Closer" daemon [_thread_blocked, id=5660, stack(0x000000ffd4d00000,0x000000ffd4e00000)]
  0x00000235e0e789b0 JavaThread "SCR Component Actor" daemon [_thread_blocked, id=8340, stack(0x000000ffd4e00000,0x000000ffd4f00000)]
  0x00000235e188c330 JavaThread "Worker-JM" [_thread_blocked, id=4020, stack(0x000000ffd5100000,0x000000ffd5200000)]
  0x00000235e188e190 JavaThread "JNA Cleaner" daemon [_thread_blocked, id=7988, stack(0x000000ffd5000000,0x000000ffd5100000)]
  0x00000235e1888b80 JavaThread "Worker-1" [_thread_blocked, id=10836, stack(0x000000ffd5300000,0x000000ffd5400000)]
  0x00000235e188dc80 JavaThread "Java indexing" daemon [_thread_blocked, id=5200, stack(0x000000ffd5600000,0x000000ffd5700000)]
  0x00000235e188ebb0 JavaThread "Thread-2" daemon [_thread_in_native, id=4296, stack(0x000000ffd5500000,0x000000ffd5600000)]
  0x00000235e188fae0 JavaThread "Thread-3" daemon [_thread_in_native, id=10512, stack(0x000000ffd5900000,0x000000ffd5a00000)]
  0x00000235e188b400 JavaThread "Thread-4" daemon [_thread_in_native, id=8948, stack(0x000000ffd5a00000,0x000000ffd5b00000)]
  0x00000235e18895a0 JavaThread "Thread-5" daemon [_thread_in_native, id=2880, stack(0x000000ffd5b00000,0x000000ffd5c00000)]
  0x00000235e188fff0 JavaThread "Thread-6" daemon [_thread_in_native, id=2692, stack(0x000000ffd5c00000,0x000000ffd5d00000)]
  0x00000235e188aef0 JavaThread "pool-2-thread-1" [_thread_blocked, id=7888, stack(0x000000ffd5d00000,0x000000ffd5e00000)]
  0x00000235e1889ab0 JavaThread "WorkspaceEventsHandler" [_thread_blocked, id=10392, stack(0x000000ffd5e00000,0x000000ffd5f00000)]
  0x00000235e188f5d0 JavaThread "pool-1-thread-1" [_thread_blocked, id=9572, stack(0x000000ffd5f00000,0x000000ffd6000000)]
  0x00000235e188b910 JavaThread "ForkJoinPool.commonPool-worker-2" daemon [_thread_blocked, id=6548, stack(0x000000ffd6600000,0x000000ffd6700000)]
  0x00000235e0e77060 JavaThread "ForkJoinPool.commonPool-worker-3" daemon [_thread_blocked, id=2288, stack(0x000000ffd6700000,0x000000ffd6800000)]
  0x00000235e56d5670 JavaThread "Compiler Source File Reader" daemon [_thread_blocked, id=2392, stack(0x000000ffd3700000,0x000000ffd3800000)]
  0x00000235e56d0570 JavaThread "Compiler Source File Reader" daemon [_thread_blocked, id=9640, stack(0x000000ffd6000000,0x000000ffd6100000)]
  0x00000235e56d6090 JavaThread "Cleaner-0" daemon [_thread_blocked, id=9332, stack(0x000000ffd5700000,0x000000ffd5800000)]
  0x00000235e56d3300 JavaThread "Worker-7" [_thread_blocked, id=2180, stack(0x000000ffd4f00000,0x000000ffd5000000)]
  0x00000235e56d3810 JavaThread "Worker-8" [_thread_blocked, id=9680, stack(0x000000ffd3600000,0x000000ffd3700000)]
  0x00000235e56d19b0 JavaThread "ForkJoinPool.commonPool-worker-4" daemon [_thread_blocked, id=6320, stack(0x000000ffd5200000,0x000000ffd5300000)]
=>0x00000235e4643820 JavaThread "C2 CompilerThread1" daemon [_thread_in_native, id=6800, stack(0x000000ffd5400000,0x000000ffd5500000)]

Other Threads:
  0x00000235c3856840 VMThread "VM Thread" [stack: 0x000000ffd3a00000,0x000000ffd3b00000] [id=1464]
  0x00000235e1001a50 WatcherThread [stack: 0x000000ffd4600000,0x000000ffd4700000] [id=1060]
  0x00000235c37d4860 GCTaskThread "GC Thread#0" [stack: 0x000000ffd3900000,0x000000ffd3a00000] [id=4808]
  0x00000235e148e9e0 GCTaskThread "GC Thread#1" [stack: 0x000000ffd4700000,0x000000ffd4800000] [id=2164]
  0x00000235e15d3e80 GCTaskThread "GC Thread#2" [stack: 0x000000ffd4800000,0x000000ffd4900000] [id=2100]
  0x00000235e15d4140 GCTaskThread "GC Thread#3" [stack: 0x000000ffd4900000,0x000000ffd4a00000] [id=792]

Threads with active compile tasks:
C2 CompilerThread0   453141 16803       4       lombok.core.AST::buildWithField (21 bytes)
C2 CompilerThread1   453142 16813       4       org.eclipse.jdt.internal.compiler.lookup.BinaryTypeBinding::createMethod (1724 bytes)

VM state: not at safepoint (normal execution)

VM Mutex/Monitor currently owned by a thread: None

Heap address: 0x0000000080000000, size: 2048 MB, Compressed Oops mode: 32-bit

CDS archive(s) not mapped
Compressed class space mapped at: 0x0000000100000000-0x0000000140000000, reserved size: 1073741824
Narrow klass base: 0x0000000000000000, Narrow klass shift: 3, Narrow klass range: 0x140000000

GC Precious Log:
 CPUs: 4 total, 4 available
 Memory: 5941M
 Large Page Support: Disabled
 NUMA Support: Disabled
 Compressed Oops: Enabled (32-bit)
 Alignments: Space 512K, Generation 512K, Heap 2M
 Heap Min Capacity: 100M
 Heap Initial Capacity: 100M
 Heap Max Capacity: 2G
 Pre-touch: Disabled
 Parallel Workers: 4

Heap:
 PSYoungGen      total 6144K, used 4319K [0x00000000d5580000, 0x00000000d5d80000, 0x0000000100000000)
  eden space 5120K, 64% used [0x00000000d5580000,0x00000000d58bade0,0x00000000d5a80000)
  from space 1024K, 98% used [0x00000000d5a80000,0x00000000d5b7ce68,0x00000000d5b80000)
  to   space 1536K, 0% used [0x00000000d5c00000,0x00000000d5c00000,0x00000000d5d80000)
 ParOldGen       total 304640K, used 265630K [0x0000000080000000, 0x0000000092980000, 0x00000000d5580000)
  object space 304640K, 87% used [0x0000000080000000,0x00000000903678e8,0x0000000092980000)
 Metaspace       used 84515K, committed 85952K, reserved 1179648K
  class space    used 8619K, committed 9216K, reserved 1048576K

Card table byte_map: [0x00000235d6e50000,0x00000235d7260000] _byte_map_base: 0x00000235d6a50000

Marking Bits: (ParMarkBitMap*) 0x00007ffcbeb658b0
 Begin Bits: [0x00000235d7510000, 0x00000235d9510000)
 End Bits:   [0x00000235d9510000, 0x00000235db510000)

Polling page: 0x00000235c3880000

Metaspace:

Usage:
  Non-class:     74.12 MB used.
      Class:      8.42 MB used.
       Both:     82.54 MB used.

Virtual space:
  Non-class space:      128.00 MB reserved,      74.94 MB ( 59%) committed,  2 nodes.
      Class space:        1.00 GB reserved,       9.00 MB ( <1%) committed,  1 nodes.
             Both:        1.12 GB reserved,      83.94 MB (  7%) committed. 

Chunk freelists:
   Non-Class:  4.41 MB
       Class:  6.94 MB
        Both:  11.34 MB

MaxMetaspaceSize: unlimited
CompressedClassSpaceSize: 1.00 GB
Initial GC threshold: 21.00 MB
Current GC threshold: 133.44 MB
CDS: off
MetaspaceReclaimPolicy: balanced
 - commit_granule_bytes: 65536.
 - commit_granule_words: 8192.
 - virtual_space_node_default_size: 8388608.
 - enlarge_chunks_in_place: 1.
 - new_chunks_are_fully_committed: 0.
 - uncommit_free_chunks: 1.
 - use_allocation_guard: 0.
 - handle_deallocations: 1.


Internal statistics:

num_allocs_failed_limit: 9.
num_arena_births: 1174.
num_arena_deaths: 18.
num_vsnodes_births: 3.
num_vsnodes_deaths: 0.
num_space_committed: 1343.
num_space_uncommitted: 0.
num_chunks_returned_to_freelist: 28.
num_chunks_taken_from_freelist: 4967.
num_chunk_merges: 10.
num_chunk_splits: 2965.
num_chunks_enlarged: 1599.
num_inconsistent_stats: 0.

CodeHeap 'non-profiled nmethods': size=120000Kb used=10266Kb max_used=11838Kb free=109733Kb
 bounds [0x00000235cf740000, 0x00000235d02d0000, 0x00000235d6c70000]
CodeHeap 'profiled nmethods': size=120000Kb used=28297Kb max_used=29578Kb free=91702Kb
 bounds [0x00000235c7c70000, 0x00000235c9960000, 0x00000235cf1a0000]
CodeHeap 'non-nmethods': size=5760Kb used=1413Kb max_used=1472Kb free=4346Kb
 bounds [0x00000235cf1a0000, 0x00000235cf410000, 0x00000235cf740000]
 total_blobs=13856 nmethods=13080 adapters=687
 compilation: enabled
              stopped_count=0, restarted_count=0
 full_count=0

Compilation events (20 events):
Event: 452.254 Thread 0x00000235dbb0e060 16815       2       org.eclipse.jdt.internal.compiler.lookup.LookupEnvironment::getTypeFromTypeSignature (770 bytes)
Event: 452.259 Thread 0x00000235dbb0e060 nmethod 16815 0x00000235c96f6d10 code [0x00000235c96f7120, 0x00000235c96f8728]
Event: 452.283 Thread 0x00000235dbb0e060 16816   !   2       org.eclipse.jdt.internal.compiler.problem.ProblemHandler::handle (440 bytes)
Event: 452.286 Thread 0x00000235dbb0e060 nmethod 16816 0x00000235c9408610 code [0x00000235c94088e0, 0x00000235c9409328]
Event: 452.287 Thread 0x00000235dbb0e060 16817       3       org.eclipse.core.runtime.Path::append (264 bytes)
Event: 452.290 Thread 0x00000235dbb0e060 nmethod 16817 0x00000235c8bf4010 code [0x00000235c8bf43a0, 0x00000235c8bf5b88]
Event: 452.294 Thread 0x00000235dbb0e060 16818       2       lombok.eclipse.EclipseAST::buildAnnotations (56 bytes)
Event: 452.295 Thread 0x00000235dbb0e060 nmethod 16818 0x00000235c8f5d590 code [0x00000235c8f5d760, 0x00000235c8f5db38]
Event: 452.296 Thread 0x00000235e4643820 nmethod 16805% 0x00000235cfa4e090 code [0x00000235cfa4e300, 0x00000235cfa4f6a8]
Event: 452.297 Thread 0x00000235e4643820 16813       4       org.eclipse.jdt.internal.compiler.lookup.BinaryTypeBinding::createMethod (1724 bytes)
Event: 452.302 Thread 0x00000235dbb0e060 16819       2       lombok.eclipse.EclipseAST::buildTypeUse (294 bytes)
Event: 452.306 Thread 0x00000235dbb0e060 nmethod 16819 0x00000235c7ccbf10 code [0x00000235c7ccc1e0, 0x00000235c7ccd048]
Event: 452.316 Thread 0x00000235dbae3770 nmethod 16705 0x00000235cfea5e10 code [0x00000235cfea6a60, 0x00000235cfea9be0]
Event: 452.316 Thread 0x00000235dbae3770 16796       4       sun.nio.fs.WindowsPath::elementAsString (62 bytes)
Event: 452.321 Thread 0x00000235dbb0e060 16820       2       lombok.eclipse.HandlerLibrary$AnnotationHandlerContainer::handle (20 bytes)
Event: 452.322 Thread 0x00000235dbb0e060 nmethod 16820 0x00000235c8ff7690 code [0x00000235c8ff7840, 0x00000235c8ff79b8]
Event: 452.322 Thread 0x00000235dbb0e060 16821       2       lombok.eclipse.handlers.HandleConstructor::generateConstructor (19 bytes)
Event: 452.322 Thread 0x00000235dbb0e060 nmethod 16821 0x00000235c920bf90 code [0x00000235c920c120, 0x00000235c920c268]
Event: 452.340 Thread 0x00000235dbae3770 nmethod 16796 0x00000235cfcb2890 code [0x00000235cfcb2a80, 0x00000235cfcb3488]
Event: 452.340 Thread 0x00000235dbae3770 16803       4       lombok.core.AST::buildWithField (21 bytes)

GC Heap History (20 events):
Event: 450.562 GC heap before
{Heap before GC invocations=751 (full 22):
 PSYoungGen      total 5632K, used 4969K [0x00000000d5580000, 0x00000000d5d80000, 0x0000000100000000)
  eden space 3072K, 100% used [0x00000000d5580000,0x00000000d5880000,0x00000000d5880000)
  from space 2560K, 74% used [0x00000000d5880000,0x00000000d5a5a480,0x00000000d5b00000)
  to   space 2048K, 0% used [0x00000000d5b80000,0x00000000d5b80000,0x00000000d5d80000)
 ParOldGen       total 304640K, used 260700K [0x0000000080000000, 0x0000000092980000, 0x00000000d5580000)
  object space 304640K, 85% used [0x0000000080000000,0x000000008fe97038,0x0000000092980000)
 Metaspace       used 83403K, committed 84800K, reserved 1179648K
  class space    used 8489K, committed 9088K, reserved 1048576K
}
Event: 450.567 GC heap after
{Heap after GC invocations=751 (full 22):
 PSYoungGen      total 6144K, used 1552K [0x00000000d5580000, 0x00000000d5d80000, 0x0000000100000000)
  eden space 4096K, 0% used [0x00000000d5580000,0x00000000d5580000,0x00000000d5980000)
  from space 2048K, 75% used [0x00000000d5b80000,0x00000000d5d04030,0x00000000d5d80000)
  to   space 2048K, 0% used [0x00000000d5980000,0x00000000d5980000,0x00000000d5b80000)
 ParOldGen       total 304640K, used 261276K [0x0000000080000000, 0x0000000092980000, 0x00000000d5580000)
  object space 304640K, 85% used [0x0000000080000000,0x000000008ff272e0,0x0000000092980000)
 Metaspace       used 83403K, committed 84800K, reserved 1179648K
  class space    used 8489K, committed 9088K, reserved 1048576K
}
Event: 450.686 GC heap before
{Heap before GC invocations=752 (full 22):
 PSYoungGen      total 6144K, used 5648K [0x00000000d5580000, 0x00000000d5d80000, 0x0000000100000000)
  eden space 4096K, 100% used [0x00000000d5580000,0x00000000d5980000,0x00000000d5980000)
  from space 2048K, 75% used [0x00000000d5b80000,0x00000000d5d04030,0x00000000d5d80000)
  to   space 2048K, 0% used [0x00000000d5980000,0x00000000d5980000,0x00000000d5b80000)
 ParOldGen       total 304640K, used 261276K [0x0000000080000000, 0x0000000092980000, 0x00000000d5580000)
  object space 304640K, 85% used [0x0000000080000000,0x000000008ff272e0,0x0000000092980000)
 Metaspace       used 83404K, committed 84800K, reserved 1179648K
  class space    used 8489K, committed 9088K, reserved 1048576K
}
Event: 450.693 GC heap after
{Heap after GC invocations=752 (full 22):
 PSYoungGen      total 6144K, used 1396K [0x00000000d5580000, 0x00000000d5d80000, 0x0000000100000000)
  eden space 4096K, 0% used [0x00000000d5580000,0x00000000d5580000,0x00000000d5980000)
  from space 2048K, 68% used [0x00000000d5980000,0x00000000d5add240,0x00000000d5b80000)
  to   space 1536K, 0% used [0x00000000d5c00000,0x00000000d5c00000,0x00000000d5d80000)
 ParOldGen       total 304640K, used 261852K [0x0000000080000000, 0x0000000092980000, 0x00000000d5580000)
  object space 304640K, 85% used [0x0000000080000000,0x000000008ffb7320,0x0000000092980000)
 Metaspace       used 83404K, committed 84800K, reserved 1179648K
  class space    used 8489K, committed 9088K, reserved 1048576K
}
Event: 450.735 GC heap before
{Heap before GC invocations=753 (full 22):
 PSYoungGen      total 6144K, used 5492K [0x00000000d5580000, 0x00000000d5d80000, 0x0000000100000000)
  eden space 4096K, 100% used [0x00000000d5580000,0x00000000d5980000,0x00000000d5980000)
  from space 2048K, 68% used [0x00000000d5980000,0x00000000d5add240,0x00000000d5b80000)
  to   space 1536K, 0% used [0x00000000d5c00000,0x00000000d5c00000,0x00000000d5d80000)
 ParOldGen       total 304640K, used 261852K [0x0000000080000000, 0x0000000092980000, 0x00000000d5580000)
  object space 304640K, 85% used [0x0000000080000000,0x000000008ffb7320,0x0000000092980000)
 Metaspace       used 83405K, committed 84800K, reserved 1179648K
  class space    used 8489K, committed 9088K, reserved 1048576K
}
Event: 450.741 GC heap after
{Heap after GC invocations=753 (full 22):
 PSYoungGen      total 6656K, used 1188K [0x00000000d5580000, 0x00000000d5d80000, 0x0000000100000000)
  eden space 5120K, 0% used [0x00000000d5580000,0x00000000d5580000,0x00000000d5a80000)
  from space 1536K, 77% used [0x00000000d5c00000,0x00000000d5d29250,0x00000000d5d80000)
  to   space 1536K, 0% used [0x00000000d5a80000,0x00000000d5a80000,0x00000000d5c00000)
 ParOldGen       total 304640K, used 262588K [0x0000000080000000, 0x0000000092980000, 0x00000000d5580000)
  object space 304640K, 86% used [0x0000000080000000,0x000000009006f340,0x0000000092980000)
 Metaspace       used 83405K, committed 84800K, reserved 1179648K
  class space    used 8489K, committed 9088K, reserved 1048576K
}
Event: 450.915 GC heap before
{Heap before GC invocations=754 (full 22):
 PSYoungGen      total 6656K, used 6308K [0x00000000d5580000, 0x00000000d5d80000, 0x0000000100000000)
  eden space 5120K, 99% used [0x00000000d5580000,0x00000000d5a7fff0,0x00000000d5a80000)
  from space 1536K, 77% used [0x00000000d5c00000,0x00000000d5d29250,0x00000000d5d80000)
  to   space 1536K, 0% used [0x00000000d5a80000,0x00000000d5a80000,0x00000000d5c00000)
 ParOldGen       total 304640K, used 262588K [0x0000000080000000, 0x0000000092980000, 0x00000000d5580000)
  object space 304640K, 86% used [0x0000000080000000,0x000000009006f340,0x0000000092980000)
 Metaspace       used 83432K, committed 84864K, reserved 1179648K
  class space    used 8489K, committed 9088K, reserved 1048576K
}
Event: 450.919 GC heap after
{Heap after GC invocations=754 (full 22):
 PSYoungGen      total 6656K, used 1104K [0x00000000d5580000, 0x00000000d5d80000, 0x0000000100000000)
  eden space 5120K, 0% used [0x00000000d5580000,0x00000000d5580000,0x00000000d5a80000)
  from space 1536K, 71% used [0x00000000d5a80000,0x00000000d5b94010,0x00000000d5c00000)
  to   space 1536K, 0% used [0x00000000d5c00000,0x00000000d5c00000,0x00000000d5d80000)
 ParOldGen       total 304640K, used 263176K [0x0000000080000000, 0x0000000092980000, 0x00000000d5580000)
  object space 304640K, 86% used [0x0000000080000000,0x0000000090102270,0x0000000092980000)
 Metaspace       used 83432K, committed 84864K, reserved 1179648K
  class space    used 8489K, committed 9088K, reserved 1048576K
}
Event: 451.054 GC heap before
{Heap before GC invocations=755 (full 22):
 PSYoungGen      total 6656K, used 6224K [0x00000000d5580000, 0x00000000d5d80000, 0x0000000100000000)
  eden space 5120K, 100% used [0x00000000d5580000,0x00000000d5a80000,0x00000000d5a80000)
  from space 1536K, 71% used [0x00000000d5a80000,0x00000000d5b94010,0x00000000d5c00000)
  to   space 1536K, 0% used [0x00000000d5c00000,0x00000000d5c00000,0x00000000d5d80000)
 ParOldGen       total 304640K, used 263176K [0x0000000080000000, 0x0000000092980000, 0x00000000d5580000)
  object space 304640K, 86% used [0x0000000080000000,0x0000000090102270,0x0000000092980000)
 Metaspace       used 83433K, committed 84864K, reserved 1179648K
  class space    used 8489K, committed 9088K, reserved 1048576K
}
Event: 451.061 GC heap after
{Heap after GC invocations=755 (full 22):
 PSYoungGen      total 6144K, used 740K [0x00000000d5580000, 0x00000000d5d00000, 0x0000000100000000)
  eden space 5120K, 0% used [0x00000000d5580000,0x00000000d5580000,0x00000000d5a80000)
  from space 1024K, 72% used [0x00000000d5c00000,0x00000000d5cb9250,0x00000000d5d00000)
  to   space 1024K, 0% used [0x00000000d5b00000,0x00000000d5b00000,0x00000000d5c00000)
 ParOldGen       total 304640K, used 264173K [0x0000000080000000, 0x0000000092980000, 0x00000000d5580000)
  object space 304640K, 86% used [0x0000000080000000,0x00000000901fb6e0,0x0000000092980000)
 Metaspace       used 83433K, committed 84864K, reserved 1179648K
  class space    used 8489K, committed 9088K, reserved 1048576K
}
Event: 451.245 GC heap before
{Heap before GC invocations=756 (full 22):
 PSYoungGen      total 6144K, used 5860K [0x00000000d5580000, 0x00000000d5d00000, 0x0000000100000000)
  eden space 5120K, 100% used [0x00000000d5580000,0x00000000d5a80000,0x00000000d5a80000)
  from space 1024K, 72% used [0x00000000d5c00000,0x00000000d5cb9250,0x00000000d5d00000)
  to   space 1024K, 0% used [0x00000000d5b00000,0x00000000d5b00000,0x00000000d5c00000)
 ParOldGen       total 304640K, used 264173K [0x0000000080000000, 0x0000000092980000, 0x00000000d5580000)
  object space 304640K, 86% used [0x0000000080000000,0x00000000901fb6e0,0x0000000092980000)
 Metaspace       used 83440K, committed 84864K, reserved 1179648K
  class space    used 8489K, committed 9088K, reserved 1048576K
}
Event: 451.248 GC heap after
{Heap after GC invocations=756 (full 22):
 PSYoungGen      total 5632K, used 480K [0x00000000d5580000, 0x00000000d5c80000, 0x0000000100000000)
  eden space 5120K, 0% used [0x00000000d5580000,0x00000000d5580000,0x00000000d5a80000)
  from space 512K, 93% used [0x00000000d5b00000,0x00000000d5b78000,0x00000000d5b80000)
  to   space 1024K, 0% used [0x00000000d5b80000,0x00000000d5b80000,0x00000000d5c80000)
 ParOldGen       total 304640K, used 264833K [0x0000000080000000, 0x0000000092980000, 0x00000000d5580000)
  object space 304640K, 86% used [0x0000000080000000,0x00000000902a0610,0x0000000092980000)
 Metaspace       used 83440K, committed 84864K, reserved 1179648K
  class space    used 8489K, committed 9088K, reserved 1048576K
}
Event: 451.467 GC heap before
{Heap before GC invocations=757 (full 22):
 PSYoungGen      total 5632K, used 5600K [0x00000000d5580000, 0x00000000d5c80000, 0x0000000100000000)
  eden space 5120K, 100% used [0x00000000d5580000,0x00000000d5a80000,0x00000000d5a80000)
  from space 512K, 93% used [0x00000000d5b00000,0x00000000d5b78000,0x00000000d5b80000)
  to   space 1024K, 0% used [0x00000000d5b80000,0x00000000d5b80000,0x00000000d5c80000)
 ParOldGen       total 304640K, used 264833K [0x0000000080000000, 0x0000000092980000, 0x00000000d5580000)
  object space 304640K, 86% used [0x0000000080000000,0x00000000902a0610,0x0000000092980000)
 Metaspace       used 83545K, committed 84928K, reserved 1179648K
  class space    used 8498K, committed 9088K, reserved 1048576K
}
Event: 451.473 GC heap after
{Heap after GC invocations=757 (full 22):
 PSYoungGen      total 6144K, used 500K [0x00000000d5580000, 0x00000000d5c80000, 0x0000000100000000)
  eden space 5120K, 0% used [0x00000000d5580000,0x00000000d5580000,0x00000000d5a80000)
  from space 1024K, 48% used [0x00000000d5b80000,0x00000000d5bfd220,0x00000000d5c80000)
  to   space 1024K, 0% used [0x00000000d5a80000,0x00000000d5a80000,0x00000000d5b80000)
 ParOldGen       total 304640K, used 265241K [0x0000000080000000, 0x0000000092980000, 0x00000000d5580000)
  object space 304640K, 87% used [0x0000000080000000,0x0000000090306630,0x0000000092980000)
 Metaspace       used 83545K, committed 84928K, reserved 1179648K
  class space    used 8498K, committed 9088K, reserved 1048576K
}
Event: 451.695 GC heap before
{Heap before GC invocations=758 (full 22):
 PSYoungGen      total 6144K, used 5620K [0x00000000d5580000, 0x00000000d5c80000, 0x0000000100000000)
  eden space 5120K, 100% used [0x00000000d5580000,0x00000000d5a80000,0x00000000d5a80000)
  from space 1024K, 48% used [0x00000000d5b80000,0x00000000d5bfd220,0x00000000d5c80000)
  to   space 1024K, 0% used [0x00000000d5a80000,0x00000000d5a80000,0x00000000d5b80000)
 ParOldGen       total 304640K, used 265241K [0x0000000080000000, 0x0000000092980000, 0x00000000d5580000)
  object space 304640K, 87% used [0x0000000080000000,0x0000000090306630,0x0000000092980000)
 Metaspace       used 83948K, committed 85376K, reserved 1179648K
  class space    used 8549K, committed 9152K, reserved 1048576K
}
Event: 451.699 GC heap after
{Heap after GC invocations=758 (full 22):
 PSYoungGen      total 6144K, used 559K [0x00000000d5580000, 0x00000000d5c80000, 0x0000000100000000)
  eden space 5120K, 0% used [0x00000000d5580000,0x00000000d5580000,0x00000000d5a80000)
  from space 1024K, 54% used [0x00000000d5a80000,0x00000000d5b0bc68,0x00000000d5b80000)
  to   space 1024K, 0% used [0x00000000d5b80000,0x00000000d5b80000,0x00000000d5c80000)
 ParOldGen       total 304640K, used 265249K [0x0000000080000000, 0x0000000092980000, 0x00000000d5580000)
  object space 304640K, 87% used [0x0000000080000000,0x0000000090308630,0x0000000092980000)
 Metaspace       used 83948K, committed 85376K, reserved 1179648K
  class space    used 8549K, committed 9152K, reserved 1048576K
}
Event: 452.130 GC heap before
{Heap before GC invocations=759 (full 22):
 PSYoungGen      total 6144K, used 5679K [0x00000000d5580000, 0x00000000d5c80000, 0x0000000100000000)
  eden space 5120K, 100% used [0x00000000d5580000,0x00000000d5a80000,0x00000000d5a80000)
  from space 1024K, 54% used [0x00000000d5a80000,0x00000000d5b0bc68,0x00000000d5b80000)
  to   space 1024K, 0% used [0x00000000d5b80000,0x00000000d5b80000,0x00000000d5c80000)
 ParOldGen       total 304640K, used 265249K [0x0000000080000000, 0x0000000092980000, 0x00000000d5580000)
  object space 304640K, 87% used [0x0000000080000000,0x0000000090308630,0x0000000092980000)
 Metaspace       used 84507K, committed 85952K, reserved 1179648K
  class space    used 8619K, committed 9216K, reserved 1048576K
}
Event: 452.134 GC heap after
{Heap after GC invocations=759 (full 22):
 PSYoungGen      total 6144K, used 803K [0x00000000d5580000, 0x00000000d5c80000, 0x0000000100000000)
  eden space 5120K, 0% used [0x00000000d5580000,0x00000000d5580000,0x00000000d5a80000)
  from space 1024K, 78% used [0x00000000d5b80000,0x00000000d5c48e78,0x00000000d5c80000)
  to   space 1024K, 0% used [0x00000000d5a80000,0x00000000d5a80000,0x00000000d5b80000)
 ParOldGen       total 304640K, used 265257K [0x0000000080000000, 0x0000000092980000, 0x00000000d5580000)
  object space 304640K, 87% used [0x0000000080000000,0x000000009030a630,0x0000000092980000)
 Metaspace       used 84507K, committed 85952K, reserved 1179648K
  class space    used 8619K, committed 9216K, reserved 1048576K
}
Event: 452.297 GC heap before
{Heap before GC invocations=760 (full 22):
 PSYoungGen      total 6144K, used 5923K [0x00000000d5580000, 0x00000000d5c80000, 0x0000000100000000)
  eden space 5120K, 100% used [0x00000000d5580000,0x00000000d5a80000,0x00000000d5a80000)
  from space 1024K, 78% used [0x00000000d5b80000,0x00000000d5c48e78,0x00000000d5c80000)
  to   space 1024K, 0% used [0x00000000d5a80000,0x00000000d5a80000,0x00000000d5b80000)
 ParOldGen       total 304640K, used 265257K [0x0000000080000000, 0x0000000092980000, 0x00000000d5580000)
  object space 304640K, 87% used [0x0000000080000000,0x000000009030a630,0x0000000092980000)
 Metaspace       used 84512K, committed 85952K, reserved 1179648K
  class space    used 8619K, committed 9216K, reserved 1048576K
}
Event: 452.302 GC heap after
{Heap after GC invocations=760 (full 22):
 PSYoungGen      total 6144K, used 1011K [0x00000000d5580000, 0x00000000d5d80000, 0x0000000100000000)
  eden space 5120K, 0% used [0x00000000d5580000,0x00000000d5580000,0x00000000d5a80000)
  from space 1024K, 98% used [0x00000000d5a80000,0x00000000d5b7ce68,0x00000000d5b80000)
  to   space 1536K, 0% used [0x00000000d5c00000,0x00000000d5c00000,0x00000000d5d80000)
 ParOldGen       total 304640K, used 265630K [0x0000000080000000, 0x0000000092980000, 0x00000000d5580000)
  object space 304640K, 87% used [0x0000000080000000,0x00000000903678e8,0x0000000092980000)
 Metaspace       used 84512K, committed 85952K, reserved 1179648K
  class space    used 8619K, committed 9216K, reserved 1048576K
}

Dll operation events (10 events):
Event: 0.058 Loaded shared library c:\Users\user\.vscode\extensions\redhat.java-1.35.0-win32-x64\jre\17.0.12-win32-x86_64\bin\java.dll
Event: 1.224 Loaded shared library c:\Users\user\.vscode\extensions\redhat.java-1.35.0-win32-x64\jre\17.0.12-win32-x86_64\bin\zip.dll
Event: 1.234 Loaded shared library C:\Users\user\.vscode\extensions\redhat.java-1.35.0-win32-x64\jre\17.0.12-win32-x86_64\bin\instrument.dll
Event: 1.324 Loaded shared library C:\Users\user\.vscode\extensions\redhat.java-1.35.0-win32-x64\jre\17.0.12-win32-x86_64\bin\net.dll
Event: 1.343 Loaded shared library C:\Users\user\.vscode\extensions\redhat.java-1.35.0-win32-x64\jre\17.0.12-win32-x86_64\bin\nio.dll
Event: 1.403 Loaded shared library C:\Users\user\.vscode\extensions\redhat.java-1.35.0-win32-x64\jre\17.0.12-win32-x86_64\bin\zip.dll
Event: 1.471 Loaded shared library C:\Users\user\.vscode\extensions\redhat.java-1.35.0-win32-x64\jre\17.0.12-win32-x86_64\bin\jimage.dll
Event: 1.760 Loaded shared library c:\Users\user\.vscode\extensions\redhat.java-1.35.0-win32-x64\jre\17.0.12-win32-x86_64\bin\verify.dll
Event: 11.749 Loaded shared library C:\Users\user\AppData\Roaming\Code\User\globalStorage\redhat.java\1.35.0\config_win\org.eclipse.equinox.launcher\org.eclipse.equinox.launcher.win32.win32.x86_64_1.2.1100.v20240722-2106\eclipse_11904.dll
Event: 21.775 Loaded shared library C:\Users\user\AppData\Local\Temp\jna-3599307\jna9013513821781501852.dll

Deoptimization events (20 events):
Event: 451.446 Thread 0x00000235e56d19b0 Uncommon trap: trap_request=0xffffff45 fr.pc=0x00000235cff004d4 relative=0x0000000000000394
Event: 451.446 Thread 0x00000235e56d19b0 Uncommon trap: reason=unstable_if action=reinterpret pc=0x00000235cff004d4 method=org.eclipse.jdt.internal.core.AbstractClassFile.equals(Ljava/lang/Object;)Z @ 4 c2
Event: 451.446 Thread 0x00000235e56d19b0 DEOPT PACKING pc=0x00000235cff004d4 sp=0x000000ffd52fe870
Event: 451.446 Thread 0x00000235e56d19b0 DEOPT UNPACKING pc=0x00000235cf1f669d sp=0x000000ffd52fe828 mode 2
Event: 451.523 Thread 0x00000235e56d19b0 Uncommon trap: trap_request=0xffffff45 fr.pc=0x00000235cf7b315c relative=0x0000000000000f7c
Event: 451.523 Thread 0x00000235e56d19b0 Uncommon trap: reason=unstable_if action=reinterpret pc=0x00000235cf7b315c method=org.eclipse.core.runtime.Path.append(Lorg/eclipse/core/runtime/IPath;)Lorg/eclipse/core/runtime/IPath; @ 251 c2
Event: 451.523 Thread 0x00000235e56d19b0 DEOPT PACKING pc=0x00000235cf7b315c sp=0x000000ffd52fd800
Event: 451.523 Thread 0x00000235e56d19b0 DEOPT UNPACKING pc=0x00000235cf1f669d sp=0x000000ffd52fd7c0 mode 2
Event: 451.797 Thread 0x00000235e56d19b0 Uncommon trap: trap_request=0xffffff45 fr.pc=0x00000235cff7545c relative=0x000000000000013c
Event: 451.797 Thread 0x00000235e56d19b0 Uncommon trap: reason=unstable_if action=reinterpret pc=0x00000235cff7545c method=java.lang.String.valueOf(C)Ljava/lang/String; @ 10 c2
Event: 451.797 Thread 0x00000235e56d19b0 DEOPT PACKING pc=0x00000235cff7545c sp=0x000000ffd52fd800
Event: 451.797 Thread 0x00000235e56d19b0 DEOPT UNPACKING pc=0x00000235cf1f669d sp=0x000000ffd52fd7a0 mode 2
Event: 451.922 Thread 0x00000235e56d19b0 Uncommon trap: trap_request=0xffffff45 fr.pc=0x00000235cfb2a2a0 relative=0x00000000000001e0
Event: 451.922 Thread 0x00000235e56d19b0 Uncommon trap: reason=unstable_if action=reinterpret pc=0x00000235cfb2a2a0 method=java.util.regex.Matcher.search(I)Z @ 76 c2
Event: 451.922 Thread 0x00000235e56d19b0 DEOPT PACKING pc=0x00000235cfb2a2a0 sp=0x000000ffd52fe2b0
Event: 451.922 Thread 0x00000235e56d19b0 DEOPT UNPACKING pc=0x00000235cf1f669d sp=0x000000ffd52fe230 mode 2
Event: 451.976 Thread 0x00000235e56d19b0 Uncommon trap: trap_request=0xffffff45 fr.pc=0x00000235cf7499d4 relative=0x0000000000000154
Event: 451.976 Thread 0x00000235e56d19b0 Uncommon trap: reason=unstable_if action=reinterpret pc=0x00000235cf7499d4 method=java.lang.String.isLatin1()Z @ 10 c2
Event: 451.976 Thread 0x00000235e56d19b0 DEOPT PACKING pc=0x00000235cf7499d4 sp=0x000000ffd52fd670
Event: 451.976 Thread 0x00000235e56d19b0 DEOPT UNPACKING pc=0x00000235cf1f669d sp=0x000000ffd52fd5a0 mode 2

Classes loaded (20 events):
Event: 354.964 Loading class java/util/stream/AbstractTask
Event: 354.965 Loading class java/util/stream/AbstractTask done
Event: 354.965 Loading class java/util/stream/Nodes$CollectorTask done
Event: 354.965 Loading class java/util/stream/Nodes$CollectorTask$OfRef done
Event: 354.966 Loading class java/util/function/LongFunction
Event: 354.966 Loading class java/util/function/LongFunction done
Event: 354.967 Loading class java/util/stream/Nodes$ConcNode
Event: 354.967 Loading class java/util/stream/Nodes$AbstractConcNode
Event: 354.968 Loading class java/util/stream/Nodes$AbstractConcNode done
Event: 354.968 Loading class java/util/stream/Nodes$ConcNode done
Event: 354.988 Loading class java/io/ObjectOutputStream$BlockDataOutputStream
Event: 354.989 Loading class java/io/ObjectOutputStream$BlockDataOutputStream done
Event: 354.990 Loading class java/io/ObjectOutputStream$HandleTable
Event: 354.990 Loading class java/io/ObjectOutputStream$HandleTable done
Event: 354.990 Loading class java/io/ObjectOutputStream$ReplaceTable
Event: 354.990 Loading class java/io/ObjectOutputStream$ReplaceTable done
Event: 451.655 Loading class java/io/CharArrayReader
Event: 451.655 Loading class java/io/CharArrayReader done
Event: 451.658 Loading class java/util/regex/Pattern$Bound
Event: 451.658 Loading class java/util/regex/Pattern$Bound done

Classes unloaded (9 events):
Event: 28.712 Thread 0x00000235c3856840 Unloading class 0x0000000100250800 'java/lang/invoke/LambdaForm$MH+0x0000000100250800'
Event: 28.712 Thread 0x00000235c3856840 Unloading class 0x0000000100250400 'java/lang/invoke/LambdaForm$MH+0x0000000100250400'
Event: 28.712 Thread 0x00000235c3856840 Unloading class 0x0000000100250000 'java/lang/invoke/LambdaForm$MH+0x0000000100250000'
Event: 28.712 Thread 0x00000235c3856840 Unloading class 0x000000010024bc00 'java/lang/invoke/LambdaForm$MH+0x000000010024bc00'
Event: 28.712 Thread 0x00000235c3856840 Unloading class 0x000000010024b800 'java/lang/invoke/LambdaForm$BMH+0x000000010024b800'
Event: 28.712 Thread 0x00000235c3856840 Unloading class 0x000000010024b400 'java/lang/invoke/LambdaForm$DMH+0x000000010024b400'
Event: 28.712 Thread 0x00000235c3856840 Unloading class 0x0000000100248800 'java/lang/invoke/LambdaForm$DMH+0x0000000100248800'
Event: 66.996 Thread 0x00000235c3856840 Unloading class 0x0000000100728400 'java/lang/invoke/LambdaForm$DMH+0x0000000100728400'
Event: 73.104 Thread 0x00000235c3856840 Unloading class 0x0000000100758400 'java/lang/invoke/LambdaForm$DMH+0x0000000100758400'

Classes redefined (0 events):
No events

Internal exceptions (20 events):
Event: 148.851 Thread 0x00000235e188dc80 Exception <a 'sun/nio/fs/WindowsException'{0x00000000d5a15bb0}> (0x00000000d5a15bb0) 
thrown [s\src\hotspot\share\prims\jni.cpp, line 516]
Event: 149.014 Thread 0x00000235e188dc80 Exception <a 'sun/nio/fs/WindowsException'{0x00000000d5cc1398}> (0x00000000d5cc1398) 
thrown [s\src\hotspot\share\prims\jni.cpp, line 516]
Event: 149.878 Thread 0x00000235e188dc80 Exception <a 'sun/nio/fs/WindowsException'{0x00000000d560b320}> (0x00000000d560b320) 
thrown [s\src\hotspot\share\prims\jni.cpp, line 516]
Event: 149.953 Thread 0x00000235e188dc80 Exception <a 'sun/nio/fs/WindowsException'{0x00000000d5744cb0}> (0x00000000d5744cb0) 
thrown [s\src\hotspot\share\prims\jni.cpp, line 516]
Event: 152.676 Thread 0x00000235e188dc80 Exception <a 'sun/nio/fs/WindowsException'{0x00000000d59c7e80}> (0x00000000d59c7e80) 
thrown [s\src\hotspot\share\prims\jni.cpp, line 516]
Event: 153.562 Thread 0x00000235e188dc80 Exception <a 'sun/nio/fs/WindowsException'{0x00000000d58e1a20}> (0x00000000d58e1a20) 
thrown [s\src\hotspot\share\prims\jni.cpp, line 516]
Event: 171.539 Thread 0x00000235e188dc80 Exception <a 'sun/nio/fs/WindowsException'{0x00000000d56c4400}> (0x00000000d56c4400) 
thrown [s\src\hotspot\share\prims\jni.cpp, line 516]
Event: 175.873 Thread 0x00000235e188b910 Exception <a 'sun/nio/fs/WindowsException'{0x00000000d56c3bd8}> (0x00000000d56c3bd8) 
thrown [s\src\hotspot\share\prims\jni.cpp, line 516]
Event: 176.511 Thread 0x00000235e1888b80 Exception <a 'sun/nio/fs/WindowsException'{0x00000000d5b9bcc0}> (0x00000000d5b9bcc0) 
thrown [s\src\hotspot\share\prims\jni.cpp, line 516]
Event: 176.511 Thread 0x00000235e1888b80 Exception <a 'sun/nio/fs/WindowsException'{0x00000000d5b9c2f8}> (0x00000000d5b9c2f8) 
thrown [s\src\hotspot\share\prims\jni.cpp, line 516]
Event: 177.590 Thread 0x00000235e0e77060 Exception <a 'java/lang/NoSuchMethodError'{0x00000000d55fe1b8}: 'java.lang.Object java.lang.invoke.DirectMethodHandle$Holder.newInvokeSpecial(java.lang.Object, java.lang.Object, int, java.lang.Object, java.lang.Object, java.lang.Object, java.lang.Object)'> (0x00000000d55fe1b8) 
thrown [s\src\hotspot\share\interpreter\linkResolver.cpp, line 759]
Event: 195.044 Thread 0x00000235e0e77060 Exception <a 'java/lang/ArrayIndexOutOfBoundsException'{0x00000000d5817640}> (0x00000000d5817640) 
thrown [s\src\hotspot\share\runtime\sharedRuntime.cpp, line 631]
Event: 200.844 Thread 0x00000235e188b910 Implicit null exception at 0x00000235cfefec3c to 0x00000235cfefeff0
Event: 200.993 Thread 0x00000235e0e77060 Exception <a 'java/lang/NoSuchMethodError'{0x00000000d5949e20}: 'void java.lang.invoke.DirectMethodHandle$Holder.invokeSpecial(java.lang.Object, java.lang.Object, int)'> (0x00000000d5949e20) 
thrown [s\src\hotspot\share\interpreter\linkResolver.cpp, line 759]
Event: 201.665 Thread 0x00000235e0e77060 Exception <a 'java/lang/NoSuchMethodError'{0x00000000d56eab40}: 'java.lang.Object java.lang.invoke.DirectMethodHandle$Holder.invokeSpecial(java.lang.Object, java.lang.Object, long, java.lang.Object, java.lang.Object, java.lang.Object, java.lang.Object, java.lang.Object, java.lang.Object, java.lang.Object, java.lang.Object, java.lang.Object)'> (0x00000000d56eab40) 
thrown [s\src\hotspot\share\interpreter\linkResolver.cpp, line 759]
Event: 201.666 Thread 0x00000235e0e77060 Exception <a 'java/lang/NoSuchMethodError'{0x00000000d56ef788}: 'java.lang.Object java.lang.invoke.DelegatingMethodHandle$Holder.reinvoke_L(java.lang.Object, long, java.lang.Object, java.lang.Object, java.lang.Object, java.lang.Object, java.lang.Object, java.lang.Object, java.lang.Object, java.lang.Object, java.lang.Object)'> (0x00000000d56ef788) 
thrown [s\src\hotspot\share\interpreter\linkResolver.cpp, line 759]
Event: 201.758 Thread 0x00000235e0e77060 Exception <a 'java/lang/NoSuchMethodError'{0x00000000d59b7638}: 'java.lang.Object java.lang.invoke.Invokers$Holder.linkToTargetMethod(java.lang.Object, java.lang.Object, java.lang.Object, java.lang.Object, java.lang.Object, java.lang.Object, java.lang.Object, java.lang.Object, java.lang.Object, java.lang.Object)'> (0x00000000d59b7638) 
thrown [s\src\hotspot\share\interpreter\linkResolver.cpp, line 759]
Event: 355.084 Thread 0x00000235e56d3300 Exception <a 'java/lang/NoSuchMethodError'{0x00000000d55e7460}: static [J.<clinit>()V> (0x00000000d55e7460) 
thrown [s\src\hotspot\share\prims\jni.cpp, line 1112]
Event: 355.105 Thread 0x00000235e56d3300 Exception <a 'java/lang/NoSuchMethodError'{0x00000000d561d4a0}: 'java.lang.Object java.lang.invoke.DirectMethodHandle$Holder.newInvokeSpecial(java.lang.Object, java.lang.Object, java.lang.Object, java.lang.Object, java.lang.Object, java.lang.Object, java.lang.Object, java.lang.Object)'> (0x00000000d561d4a0) 
thrown [s\src\hotspot\share\interpreter\linkResolver.cpp, line 759]
Event: 355.106 Thread 0x00000235e56d3300 Exception <a 'java/lang/NoSuchMethodError'{0x00000000d5621e98}: 'java.lang.Object java.lang.invoke.Invokers$Holder.linkToTargetMethod(java.lang.Object, java.lang.Object, java.lang.Object, java.lang.Object, java.lang.Object, java.lang.Object, java.lang.Object, java.lang.Object)'> (0x00000000d5621e98) 
thrown [s\src\hotspot\share\interpreter\linkResolver.cpp, line 759]

VM Operations (20 events):
Event: 451.467 Executing VM operation: ParallelGCFailedAllocation
Event: 451.474 Executing VM operation: ParallelGCFailedAllocation done
Event: 451.652 Executing VM operation: HandshakeAllThreads
Event: 451.652 Executing VM operation: HandshakeAllThreads done
Event: 451.695 Executing VM operation: ParallelGCFailedAllocation
Event: 451.699 Executing VM operation: ParallelGCFailedAllocation done
Event: 451.866 Executing VM operation: HandshakeAllThreads
Event: 451.866 Executing VM operation: HandshakeAllThreads done
Event: 451.867 Executing VM operation: HandshakeAllThreads
Event: 451.867 Executing VM operation: HandshakeAllThreads done
Event: 451.915 Executing VM operation: HandshakeAllThreads
Event: 451.915 Executing VM operation: HandshakeAllThreads done
Event: 451.976 Executing VM operation: HandshakeAllThreads
Event: 451.976 Executing VM operation: HandshakeAllThreads done
Event: 452.113 Executing VM operation: HandshakeAllThreads
Event: 452.113 Executing VM operation: HandshakeAllThreads done
Event: 452.130 Executing VM operation: ParallelGCFailedAllocation
Event: 452.134 Executing VM operation: ParallelGCFailedAllocation done
Event: 452.297 Executing VM operation: ParallelGCFailedAllocation
Event: 452.302 Executing VM operation: ParallelGCFailedAllocation done

Events (20 events):
Event: 452.169 Thread 0x00000235e0d18f50 flushing nmethod 0x00000235c947b410
Event: 452.169 Thread 0x00000235e0d18f50 flushing nmethod 0x00000235c9483090
Event: 452.169 Thread 0x00000235e0d18f50 flushing nmethod 0x00000235c9496d10
Event: 452.169 Thread 0x00000235e0d18f50 flushing nmethod 0x00000235c94a6b90
Event: 452.170 Thread 0x00000235e0d18f50 flushing nmethod 0x00000235c9533f10
Event: 452.170 Thread 0x00000235e0d18f50 flushing nmethod 0x00000235c956d890
Event: 452.171 Thread 0x00000235e0d18f50 flushing nmethod 0x00000235c9600510
Event: 452.172 Thread 0x00000235e0d18f50 flushing nmethod 0x00000235c9638e10
Event: 452.172 Thread 0x00000235e0d18f50 flushing nmethod 0x00000235c9640910
Event: 452.172 Thread 0x00000235e0d18f50 flushing nmethod 0x00000235c9697e90
Event: 452.173 Thread 0x00000235e0d18f50 flushing nmethod 0x00000235c96ec310
Event: 452.173 Thread 0x00000235e0d18f50 flushing nmethod 0x00000235c96f6d10
Event: 452.173 Thread 0x00000235e0d18f50 flushing nmethod 0x00000235c975c410
Event: 452.173 Thread 0x00000235e0d18f50 flushing nmethod 0x00000235c9771410
Event: 452.174 Thread 0x00000235e0d18f50 flushing nmethod 0x00000235c97dec90
Event: 452.174 Thread 0x00000235e0d18f50 flushing nmethod 0x00000235c97ff090
Event: 452.175 Thread 0x00000235e0d18f50 flushing nmethod 0x00000235c981d290
Event: 452.175 Thread 0x00000235e0d18f50 flushing nmethod 0x00000235c9822e90
Event: 452.175 Thread 0x00000235e0d18f50 flushing nmethod 0x00000235c983d390
Event: 452.176 Thread 0x00000235e0d18f50 flushing nmethod 0x00000235c98c7690


Dynamic libraries:
0x00007ff6897c0000 - 0x00007ff6897ce000 	c:\Users\user\.vscode\extensions\redhat.java-1.35.0-win32-x64\jre\17.0.12-win32-x86_64\bin\java.exe
0x00007ffd07050000 - 0x00007ffd07248000 	C:\WINDOWS\SYSTEM32\ntdll.dll
0x00007ffd066a0000 - 0x00007ffd06761000 	C:\WINDOWS\System32\KERNEL32.DLL
0x00007ffd049b0000 - 0x00007ffd04cad000 	C:\WINDOWS\System32\KERNELBASE.dll
0x00007ffd04db0000 - 0x00007ffd04eb0000 	C:\WINDOWS\System32\ucrtbase.dll
0x00007ffcfe9e0000 - 0x00007ffcfe9f7000 	c:\Users\user\.vscode\extensions\redhat.java-1.35.0-win32-x64\jre\17.0.12-win32-x86_64\bin\jli.dll
0x00007ffd061b0000 - 0x00007ffd0634d000 	C:\WINDOWS\System32\USER32.dll
0x00007ffd04700000 - 0x00007ffd04722000 	C:\WINDOWS\System32\win32u.dll
0x00007ffd06430000 - 0x00007ffd0645b000 	C:\WINDOWS\System32\GDI32.dll
0x00007ffd04890000 - 0x00007ffd049a7000 	C:\WINDOWS\System32\gdi32full.dll
0x00007ffd04f40000 - 0x00007ffd04fdd000 	C:\WINDOWS\System32\msvcp_win.dll
0x00007ffcfc6a0000 - 0x00007ffcfc6bb000 	c:\Users\user\.vscode\extensions\redhat.java-1.35.0-win32-x64\jre\17.0.12-win32-x86_64\bin\VCRUNTIME140.dll
0x00007ffcf5640000 - 0x00007ffcf58da000 	C:\WINDOWS\WinSxS\amd64_microsoft.windows.common-controls_6595b64144ccf1df_6.0.19041.4355_none_60b8b9eb71f62e16\COMCTL32.dll
0x00007ffd06b00000 - 0x00007ffd06b9e000 	C:\WINDOWS\System32\msvcrt.dll
0x00007ffd06770000 - 0x00007ffd0679f000 	C:\WINDOWS\System32\IMM32.DLL
0x00007ffcfe750000 - 0x00007ffcfe75c000 	c:\Users\user\.vscode\extensions\redhat.java-1.35.0-win32-x64\jre\17.0.12-win32-x86_64\bin\vcruntime140_1.dll
0x00007ffce2d80000 - 0x00007ffce2e0d000 	c:\Users\user\.vscode\extensions\redhat.java-1.35.0-win32-x64\jre\17.0.12-win32-x86_64\bin\msvcp140.dll
0x00007ffcbdfc0000 - 0x00007ffcbec2a000 	c:\Users\user\.vscode\extensions\redhat.java-1.35.0-win32-x64\jre\17.0.12-win32-x86_64\bin\server\jvm.dll
0x00007ffd05a80000 - 0x00007ffd05b30000 	C:\WINDOWS\System32\ADVAPI32.dll
0x00007ffd05f40000 - 0x00007ffd05fe0000 	C:\WINDOWS\System32\sechost.dll
0x00007ffd064e0000 - 0x00007ffd06603000 	C:\WINDOWS\System32\RPCRT4.dll
0x00007ffd05050000 - 0x00007ffd05077000 	C:\WINDOWS\System32\bcrypt.dll
0x00007ffd05a10000 - 0x00007ffd05a7b000 	C:\WINDOWS\System32\WS2_32.dll
0x00007ffd03c00000 - 0x00007ffd03c4b000 	C:\WINDOWS\SYSTEM32\POWRPROF.dll
0x00007ffcf7120000 - 0x00007ffcf7147000 	C:\WINDOWS\SYSTEM32\WINMM.dll
0x00007ffcf4920000 - 0x00007ffcf492a000 	C:\WINDOWS\SYSTEM32\VERSION.dll
0x00007ffd03ac0000 - 0x00007ffd03ad2000 	C:\WINDOWS\SYSTEM32\UMPDC.dll
0x00007ffd02540000 - 0x00007ffd02552000 	C:\WINDOWS\SYSTEM32\kernel.appcore.dll
0x00007ffcfe5d0000 - 0x00007ffcfe5da000 	c:\Users\user\.vscode\extensions\redhat.java-1.35.0-win32-x64\jre\17.0.12-win32-x86_64\bin\jimage.dll
0x00007ffcec670000 - 0x00007ffcec854000 	C:\WINDOWS\SYSTEM32\DBGHELP.DLL
0x00007ffcec630000 - 0x00007ffcec664000 	C:\WINDOWS\SYSTEM32\dbgcore.DLL
0x00007ffd04eb0000 - 0x00007ffd04f32000 	C:\WINDOWS\System32\bcryptPrimitives.dll
0x00007ffcfb710000 - 0x00007ffcfb71e000 	c:\Users\user\.vscode\extensions\redhat.java-1.35.0-win32-x64\jre\17.0.12-win32-x86_64\bin\instrument.dll
0x00007ffcf9180000 - 0x00007ffcf91a5000 	c:\Users\user\.vscode\extensions\redhat.java-1.35.0-win32-x64\jre\17.0.12-win32-x86_64\bin\java.dll
0x00007ffcfb200000 - 0x00007ffcfb218000 	c:\Users\user\.vscode\extensions\redhat.java-1.35.0-win32-x64\jre\17.0.12-win32-x86_64\bin\zip.dll
0x00007ffd050f0000 - 0x00007ffd0585f000 	C:\WINDOWS\System32\SHELL32.dll
0x00007ffd02740000 - 0x00007ffd02ee3000 	C:\WINDOWS\SYSTEM32\windows.storage.dll
0x00007ffd05b30000 - 0x00007ffd05e83000 	C:\WINDOWS\System32\combase.dll
0x00007ffd04050000 - 0x00007ffd0407e000 	C:\WINDOWS\SYSTEM32\Wldp.dll
0x00007ffd060e0000 - 0x00007ffd061ad000 	C:\WINDOWS\System32\OLEAUT32.dll
0x00007ffd05e90000 - 0x00007ffd05f3d000 	C:\WINDOWS\System32\SHCORE.dll
0x00007ffd05090000 - 0x00007ffd050e5000 	C:\WINDOWS\System32\shlwapi.dll
0x00007ffd04630000 - 0x00007ffd04654000 	C:\WINDOWS\SYSTEM32\profapi.dll
0x00007ffcefa90000 - 0x00007ffcefaa9000 	C:\Users\user\.vscode\extensions\redhat.java-1.35.0-win32-x64\jre\17.0.12-win32-x86_64\bin\net.dll
0x00007ffcfb5c0000 - 0x00007ffcfb6cd000 	C:\WINDOWS\SYSTEM32\WINHTTP.dll
0x00007ffd03e30000 - 0x00007ffd03e9a000 	C:\WINDOWS\system32\mswsock.dll
0x00007ffcef400000 - 0x00007ffcef416000 	C:\Users\user\.vscode\extensions\redhat.java-1.35.0-win32-x64\jre\17.0.12-win32-x86_64\bin\nio.dll
0x00007ffcfb700000 - 0x00007ffcfb710000 	c:\Users\user\.vscode\extensions\redhat.java-1.35.0-win32-x64\jre\17.0.12-win32-x86_64\bin\verify.dll
0x00007ffcee8c0000 - 0x00007ffcee905000 	C:\Users\user\AppData\Roaming\Code\User\globalStorage\redhat.java\1.35.0\config_win\org.eclipse.equinox.launcher\org.eclipse.equinox.launcher.win32.win32.x86_64_1.2.1100.v20240722-2106\eclipse_11904.dll
0x00007ffd067a0000 - 0x00007ffd068cb000 	C:\WINDOWS\System32\ole32.dll
0x00007ffd04390000 - 0x00007ffd043a8000 	C:\WINDOWS\SYSTEM32\CRYPTSP.dll
0x00007ffd036a0000 - 0x00007ffd036d4000 	C:\WINDOWS\system32\rsaenh.dll
0x00007ffd045f0000 - 0x00007ffd0461e000 	C:\WINDOWS\SYSTEM32\USERENV.dll
0x00007ffd03fc0000 - 0x00007ffd03fcc000 	C:\WINDOWS\SYSTEM32\CRYPTBASE.dll
0x00007ffd03ae0000 - 0x00007ffd03b1b000 	C:\WINDOWS\SYSTEM32\IPHLPAPI.DLL
0x00007ffd05080000 - 0x00007ffd05088000 	C:\WINDOWS\System32\NSI.dll
0x00007ffcfc980000 - 0x00007ffcfc997000 	C:\WINDOWS\SYSTEM32\dhcpcsvc6.DLL
0x00007ffcfc960000 - 0x00007ffcfc97d000 	C:\WINDOWS\SYSTEM32\dhcpcsvc.DLL
0x00007ffd03b30000 - 0x00007ffd03bfa000 	C:\WINDOWS\SYSTEM32\DNSAPI.dll
0x00007ffce5d90000 - 0x00007ffce5dd9000 	C:\Users\user\AppData\Local\Temp\jna-3599307\jna9013513821781501852.dll
0x00007ffd06070000 - 0x00007ffd06078000 	C:\WINDOWS\System32\PSAPI.DLL

dbghelp: loaded successfully - version: 4.0.5 - missing functions: none
symbol engine: initialized successfully - sym options: 0x614 - pdb path: .;c:\Users\user\.vscode\extensions\redhat.java-1.35.0-win32-x64\jre\17.0.12-win32-x86_64\bin;C:\WINDOWS\SYSTEM32;C:\WINDOWS\WinSxS\amd64_microsoft.windows.common-controls_6595b64144ccf1df_6.0.19041.4355_none_60b8b9eb71f62e16;c:\Users\user\.vscode\extensions\redhat.java-1.35.0-win32-x64\jre\17.0.12-win32-x86_64\bin\server;C:\Users\user\AppData\Roaming\Code\User\globalStorage\redhat.java\1.35.0\config_win\org.eclipse.equinox.launcher\org.eclipse.equinox.launcher.win32.win32.x86_64_1.2.1100.v20240722-2106;C:\Users\user\AppData\Local\Temp\jna-3599307

VM Arguments:
jvm_args: --add-modules=ALL-SYSTEM --add-opens=java.base/java.util=ALL-UNNAMED --add-opens=java.base/java.lang=ALL-UNNAMED --add-opens=java.base/sun.nio.fs=ALL-UNNAMED -Declipse.application=org.eclipse.jdt.ls.core.id1 -Dosgi.bundles.defaultStartLevel=4 -Declipse.product=org.eclipse.jdt.ls.core.product -Djava.import.generatesMetadataFilesAtProjectRoot=false -DDetectVMInstallationsJob.disabled=true -Dfile.encoding=utf8 -XX:+UseParallelGC -XX:GCTimeRatio=4 -XX:AdaptiveSizePolicyWeight=90 -Dsun.zip.disableMemoryMapping=true -Xmx2G -Xms100m -Xlog:disable -javaagent:c:\Users\user\.vscode\extensions\redhat.java-1.35.0-win32-x64\lombok\lombok-1.18.33.jar -XX:+HeapDumpOnOutOfMemoryError -XX:HeapDumpPath=c:\Users\user\AppData\Roaming\Code\User\workspaceStorage\079f6f517649c5123b03c41ab70807b5\redhat.java -Daether.dependencyCollector.impl=bf 
java_command: c:\Users\user\.vscode\extensions\redhat.java-1.35.0-win32-x64\server\plugins\org.eclipse.equinox.launcher_1.6.900.v20240613-2009.jar -configuration c:\Users\user\AppData\Roaming\Code\User\globalStorage\redhat.java\1.35.0\config_win -data c:\Users\user\AppData\Roaming\Code\User\workspaceStorage\079f6f517649c5123b03c41ab70807b5\redhat.java\jdt_ws --pipe=\\.\pipe\lsp-72c55f16b249d79338b464e28e2f7b4c-sock
java_class_path (initial): c:\Users\user\.vscode\extensions\redhat.java-1.35.0-win32-x64\server\plugins\org.eclipse.equinox.launcher_1.6.900.v20240613-2009.jar
Launcher Type: SUN_STANDARD

[Global flags]
    uintx AdaptiveSizePolicyWeight                 = 90                                        {product} {command line}
     intx CICompilerCount                          = 3                                         {product} {ergonomic}
    uintx GCTimeRatio                              = 4                                         {product} {command line}
     bool HeapDumpOnOutOfMemoryError               = true                                   {manageable} {command line}
    ccstr HeapDumpPath                             = c:\Users\user\AppData\Roaming\Code\User\workspaceStorage\079f6f517649c5123b03c41ab70807b5\redhat.java         {manageable} {command line}
   size_t InitialHeapSize                          = 104857600                                 {product} {command line}
   size_t MaxHeapSize                              = 2147483648                                {product} {command line}
   size_t MaxNewSize                               = 715653120                                 {product} {ergonomic}
   size_t MinHeapDeltaBytes                        = 524288                                    {product} {ergonomic}
   size_t MinHeapSize                              = 104857600                                 {product} {command line}
   size_t NewSize                                  = 34603008                                  {product} {ergonomic}
    uintx NonNMethodCodeHeapSize                   = 5832780                                {pd product} {ergonomic}
    uintx NonProfiledCodeHeapSize                  = 122912730                              {pd product} {ergonomic}
   size_t OldSize                                  = 70254592                                  {product} {ergonomic}
    uintx ProfiledCodeHeapSize                     = 122912730                              {pd product} {ergonomic}
    uintx ReservedCodeCacheSize                    = 251658240                              {pd product} {ergonomic}
     bool SegmentedCodeCache                       = true                                      {product} {ergonomic}
   size_t SoftMaxHeapSize                          = 2147483648                             {manageable} {ergonomic}
     bool UseCompressedClassPointers               = true                           {product lp64_product} {ergonomic}
     bool UseCompressedOops                        = true                           {product lp64_product} {ergonomic}
     bool UseLargePagesIndividualAllocation        = false                                  {pd product} {ergonomic}
     bool UseParallelGC                            = true                                      {product} {command line}

Logging:
Log output configuration:
 #0: stdout all=off uptime,level,tags
 #1: stderr all=off uptime,level,tags

Environment Variables:
JAVA_HOME=C:\Program Files\Java\jdk-21
PATH=C:\Program Files\Common Files\Oracle\Java\javapath;C:\WINDOWS\system32;C:\WINDOWS;C:\WINDOWS\System32\Wbem;C:\WINDOWS\System32\WindowsPowerShell\v1.0\;C:\WINDOWS\System32\OpenSSH\;C:\ProgramData\chocolatey\bin;C:\Program Files\Git\cmd;C:\Program Files\OpenSSL-Win64\bin;C:\Program Files\Docker\Docker\resources\bin;C:\Users\user\AppData\Roaming\nvm;C:\Program Files\nodejs;C:\Program Files\nodejs;C:\Program Files\nodejs;C:\Program Files\apache-maven-3.9.6\bin;C:\Program Files\Common Files\Oracle\Java\javapath;C:\WINDOWS\system32;C:\WINDOWS;C:\WINDOWS\System32\Wbem;C:\WINDOWS\System32\WindowsPowerShell\v1.0\;C:\WINDOWS\System32\OpenSSH\;C:\ProgramData\chocolatey\bin;C:\Program Files\Git\cmd;C:\Program Files\OpenSSL-Win64\bin;C:\Program Files\Docker\Docker\resources\bin;C:\Users\user\AppData\Roaming\nvm;C:\Program Files\nodejs;C:\Program Files\nodejs;C:\Program Files\nodejs;;C:\Users\user\AppData\Local\Programs\Microsoft VS Code\bin;C:\Users\user\AppData\Roaming\nvm;C:\Program Files\nodejs
USERNAME=user
OS=Windows_NT
PROCESSOR_IDENTIFIER=Intel64 Family 6 Model 37 Stepping 5, GenuineIntel
TMP=C:\Users\user\AppData\Local\Temp
TEMP=C:\Users\user\AppData\Local\Temp



Periodic native trim disabled


---------------  S Y S T E M  ---------------

OS:
 Windows 10 , 64 bit Build 19041 (10.0.19041.4842)
OS uptime: 0 days 6:19 hours
Hyper-V role detected

CPU: total 4 (initial active 4) (2 cores per cpu, 2 threads per core) family 6 model 37 stepping 5 microcode 0x7, cx8, cmov, fxsr, ht, mmx, sse, sse2, sse3, ssse3, sse4.1, sse4.2, popcnt, tsc, tscinvbit, clflush, hv
Processor Information for all 4 processors :
  Max Mhz: 2399, Current Mhz: 2399, Mhz Limit: 2399

Memory: 4k page, system-wide physical 5941M (567M free)
TotalPageFile size 8941M (AvailPageFile size 137M)
current process WorkingSet (physical memory assigned to process): 701M, peak: 818M
current process commit charge ("private bytes"): 632M, peak: 793M

vm_info: OpenJDK 64-Bit Server VM (17.0.12+7) for windows-amd64 JRE (17.0.12+7), built on Jul 16 2024 22:08:24 by "admin" with MS VC++ 16.10 / 16.11 (VS2019)

END.
