#
# There is insufficient memory for the Java Runtime Environment to continue.
# Native memory allocation (malloc) failed to allocate 1898880 bytes. Error detail: Chunk::new
# Possible reasons:
#   The system is out of physical RAM or swap space
#   This process is running with CompressedOops enabled, and the Java Heap may be blocking the growth of the native heap
# Possible solutions:
#   Reduce memory load on the system
#   Increase physical memory or swap space
#   Check if swap backing store is full
#   Decrease Java heap size (-Xmx/-Xms)
#   Decrease number of Java threads
#   Decrease Java thread stack sizes (-Xss)
#   Set larger code cache with -XX:ReservedCodeCacheSize=
#   JVM is running with Unscaled Compressed Oops mode in which the Java heap is
#     placed in the first 4GB address space. The Java Heap base address is the
#     maximum limit for the native heap growth. Please use -XX:HeapBaseMinAddress
#     to set the Java Heap base and to place the Java Heap above 4GB virtual address.
# This output file may be truncated or incomplete.
#
#  Out of Memory Error (arena.cpp:191), pid=11864, tid=1720
#
# JRE version: OpenJDK Runtime Environment Temurin-17.0.12+7 (17.0.12+7) (build 17.0.12+7)
# Java VM: OpenJDK 64-Bit Server VM Temurin-17.0.12+7 (17.0.12+7, mixed mode, tiered, compressed oops, compressed class ptrs, parallel gc, windows-amd64)
# No core dump will be written. Minidumps are not enabled by default on client versions of Windows
#

---------------  S U M M A R Y ------------

Command Line: --add-modules=ALL-SYSTEM --add-opens=java.base/java.util=ALL-UNNAMED --add-opens=java.base/java.lang=ALL-UNNAMED --add-opens=java.base/sun.nio.fs=ALL-UNNAMED -Declipse.application=org.eclipse.jdt.ls.core.id1 -Dosgi.bundles.defaultStartLevel=4 -Declipse.product=org.eclipse.jdt.ls.core.product -Djava.import.generatesMetadataFilesAtProjectRoot=false -DDetectVMInstallationsJob.disabled=true -Dfile.encoding=utf8 -XX:+UseParallelGC -XX:GCTimeRatio=4 -XX:AdaptiveSizePolicyWeight=90 -Dsun.zip.disableMemoryMapping=true -Xmx1G -Xms100m -Xlog:disable -javaagent:c:\Users\user\.vscode\extensions\redhat.java-1.35.0-win32-x64\lombok\lombok-1.18.33.jar -XX:+HeapDumpOnOutOfMemoryError -XX:HeapDumpPath=c:\Users\user\AppData\Roaming\Code\User\workspaceStorage\b9e5c6bf76a5906f90f2701a3e33a214\redhat.java -Daether.dependencyCollector.impl=bf c:\Users\user\.vscode\extensions\redhat.java-1.35.0-win32-x64\server\plugins\org.eclipse.equinox.launcher_1.6.900.v20240613-2009.jar -configuration c:\Users\user\AppData\Roaming\Code\User\globalStorage\redhat.java\1.35.0\config_win -data c:\Users\user\AppData\Roaming\Code\User\workspaceStorage\b9e5c6bf76a5906f90f2701a3e33a214\redhat.java\jdt_ws --pipe=\\.\pipe\lsp-f36f8a13c2990aa067f66dd92fb953c5-sock

Host: Intel(R) Core(TM) i3 CPU       M 370  @ 2.40GHz, 4 cores, 5G,  Windows 10 , 64 bit Build 19041 (10.0.19041.4842)
Time: Fri Sep 27 20:51:48 2024 Paris, Madrid (heure duild 19041 (10.0.19041.4842) elapsed time: 112.795202 seconds (0d 0h 1m 52s)

---------------  T H R E A D  ---------------

Current thread (0x0000015e1e6cc480):  JavaThread "C2 CompilerThread1" daemon [_thread_in_native, id=1720, stack(0x0000001f49700000,0x0000001f49800000)]


Current CompileTask:
C2: 112795 14835       4       lombok.core.AST::buildWithField (21 bytes)

Stack: [0x0000001f49700000,0x0000001f49800000]
Native frames: (J=compiled Java code, j=interpreted, Vv=VM code, C=native code)
V  [jvm.dll+0x67f929]
V  [jvm.dll+0x8371ba]
V  [jvm.dll+0x838c7e]
V  [jvm.dll+0x8392e3]
V  [jvm.dll+0x24834f]
V  [jvm.dll+0xac9d4]
V  [jvm.dll+0xad01c]
V  [jvm.dll+0x3674a7]
V  [jvm.dll+0x33197a]
V  [jvm.dll+0x330e1a]
V  [jvm.dll+0x21a8b1]
V  [jvm.dll+0x219cf1]
V  [jvm.dll+0x1a58bd]
V  [jvm.dll+0x229a2d]
V  [jvm.dll+0x227bdc]
V  [jvm.dll+0x7ec1f7]
V  [jvm.dll+0x7e65dc]
V  [jvm.dll+0x67e7f7]
C  [ucrtbase.dll+0x21bb2]
C  [KERNEL32.DLL+0x17374]
C  [ntdll.dll+0x4cc91]


---------------  P R O C E S S  ---------------

Threads class SMR info:
_java_thread_list=0x0000015e18da5fc0, length=45, elements={
0x0000015e7c3e0030, 0x0000015e7c4981b0, 0x0000015e7c499960, 0x0000015e7f24b270,
0x0000015e7f24c000, 0x0000015e7f24cd90, 0x0000015e7f252b90, 0x0000015e7f253790,
0x0000015e154b8410, 0x0000015e154bb0e0, 0x0000015e15542880, 0x0000015e15782bf0,
0x0000015e15cef760, 0x0000015e157f3c80, 0x0000015e160666c0, 0x0000015e15822860,
0x0000015e16203870, 0x0000015e15f154b0, 0x0000015e15f14070, 0x0000015e15f14580,
0x0000015e15f17820, 0x0000015e15f16e00, 0x0000015e15f159c0, 0x0000015e15f14fa0,
0x0000015e15f15ed0, 0x0000015e15f163e0, 0x0000015e15f17310, 0x0000015e18f6f8c0,
0x0000015e18f72650, 0x0000015e18f75e00, 0x0000015e18f73fa0, 0x0000015e18f707f0,
0x0000015e18f744b0, 0x0000015e18f73070, 0x0000015e18f753e0, 0x0000015e18f6fdd0,
0x0000015e18f73580, 0x0000015e18f71c30, 0x0000015e18f73a90, 0x0000015e18f702e0,
0x0000015e18f758f0, 0x0000015e18f749c0, 0x0000015e18f72140, 0x0000015e1e6cc480,
0x0000015e15d2c310
}

Java Threads: ( => current thread )
  0x0000015e7c3e0030 JavaThread "main" [_thread_blocked, id=7808, stack(0x0000001f46a00000,0x0000001f46b00000)]
  0x0000015e7c4981b0 JavaThread "Reference Handler" daemon [_thread_blocked, id=10120, stack(0x0000001f46d00000,0x0000001f46e00000)]
  0x0000015e7c499960 JavaThread "Finalizer" daemon [_thread_blocked, id=2776, stack(0x0000001f46e00000,0x0000001f46f00000)]
  0x0000015e7f24b270 JavaThread "Signal Dispatcher" daemon [_thread_blocked, id=8424, stack(0x0000001f46f00000,0x0000001f47000000)]
  0x0000015e7f24c000 JavaThread "Attach Listener" daemon [_thread_blocked, id=5644, stack(0x0000001f47000000,0x0000001f47100000)]
  0x0000015e7f24cd90 JavaThread "Service Thread" daemon [_thread_blocked, id=2872, stack(0x0000001f47100000,0x0000001f47200000)]
  0x0000015e7f252b90 JavaThread "Monitor Deflation Thread" daemon [_thread_blocked, id=7848, stack(0x0000001f47200000,0x0000001f47300000)]
  0x0000015e7f253790 JavaThread "C2 CompilerThread0" daemon [_thread_in_native, id=9736, stack(0x0000001f47300000,0x0000001f47400000)]
  0x0000015e154b8410 JavaThread "C1 CompilerThread0" daemon [_thread_blocked, id=6908, stack(0x0000001f47400000,0x0000001f47500000)]
  0x0000015e154bb0e0 JavaThread "Sweeper thread" daemon [_thread_blocked, id=3668, stack(0x0000001f47500000,0x0000001f47600000)]
  0x0000015e15542880 JavaThread "Common-Cleaner" daemon [_thread_blocked, id=11624, stack(0x0000001f47600000,0x0000001f47700000)]
  0x0000015e15782bf0 JavaThread "Notification Thread" daemon [_thread_blocked, id=8008, stack(0x0000001f47700000,0x0000001f47800000)]
  0x0000015e15cef760 JavaThread "Active Thread: Equinox Container: 2a991e73-2cb5-416e-8aa8-4fb19978748c" [_thread_blocked, id=5012, stack(0x0000001f47c00000,0x0000001f47d00000)]
  0x0000015e157f3c80 JavaThread "Framework Event Dispatcher: Equinox Container: 2a991e73-2cb5-416e-8aa8-4fb19978748c" daemon [_thread_blocked, id=12576, stack(0x0000001f47e00000,0x0000001f47f00000)]
  0x0000015e160666c0 JavaThread "Start Level: Equinox Container: 2a991e73-2cb5-416e-8aa8-4fb19978748c" daemon [_thread_blocked, id=11808, stack(0x0000001f47f00000,0x0000001f48000000)]
  0x0000015e15822860 JavaThread "Bundle File Closer" daemon [_thread_blocked, id=3548, stack(0x0000001f47d00000,0x0000001f47e00000)]
  0x0000015e16203870 JavaThread "SCR Component Actor" daemon [_thread_blocked, id=10700, stack(0x0000001f48000000,0x0000001f48100000)]
  0x0000015e15f154b0 JavaThread "Worker-JM" [_thread_blocked, id=9836, stack(0x0000001f48200000,0x0000001f48300000)]
  0x0000015e15f14070 JavaThread "JNA Cleaner" daemon [_thread_blocked, id=592, stack(0x0000001f48300000,0x0000001f48400000)]
  0x0000015e15f14580 JavaThread "Worker-0" [_thread_blocked, id=9672, stack(0x0000001f48400000,0x0000001f48500000)]
  0x0000015e15f17820 JavaThread "Worker-1" [_thread_blocked, id=13092, stack(0x0000001f48500000,0x0000001f48600000)]
  0x0000015e15f16e00 JavaThread "Worker-2" [_thread_blocked, id=11056, stack(0x0000001f48600000,0x0000001f48700000)]
  0x0000015e15f159c0 JavaThread "Java indexing" daemon [_thread_in_native, id=7680, stack(0x0000001f48100000,0x0000001f48200000)]
  0x0000015e15f14fa0 JavaThread "Thread-2" daemon [_thread_in_native, id=7152, stack(0x0000001f48a00000,0x0000001f48b00000)]
  0x0000015e15f15ed0 JavaThread "Thread-3" daemon [_thread_in_native, id=12340, stack(0x0000001f48b00000,0x0000001f48c00000)]
  0x0000015e15f163e0 JavaThread "Thread-4" daemon [_thread_in_native, id=516, stack(0x0000001f48c00000,0x0000001f48d00000)]
  0x0000015e15f17310 JavaThread "Thread-5" daemon [_thread_in_native, id=12620, stack(0x0000001f48d00000,0x0000001f48e00000)]
  0x0000015e18f6f8c0 JavaThread "Thread-6" daemon [_thread_in_native, id=10320, stack(0x0000001f48e00000,0x0000001f48f00000)]
  0x0000015e18f72650 JavaThread "pool-2-thread-1" [_thread_blocked, id=7836, stack(0x0000001f48f00000,0x0000001f49000000)]
  0x0000015e18f75e00 JavaThread "WorkspaceEventsHandler" [_thread_blocked, id=10324, stack(0x0000001f49000000,0x0000001f49100000)]
  0x0000015e18f73fa0 JavaThread "pool-1-thread-1" [_thread_blocked, id=4120, stack(0x0000001f49100000,0x0000001f49200000)]
  0x0000015e18f707f0 JavaThread "Worker-3" [_thread_blocked, id=7596, stack(0x0000001f49200000,0x0000001f49300000)]
  0x0000015e18f744b0 JavaThread "Worker-4" [_thread_blocked, id=10696, stack(0x0000001f49300000,0x0000001f49400000)]
  0x0000015e18f73070 JavaThread "Worker-5" [_thread_blocked, id=3944, stack(0x0000001f49400000,0x0000001f49500000)]
  0x0000015e18f753e0 JavaThread "ForkJoinPool.commonPool-worker-1" daemon [_thread_blocked, id=9340, stack(0x0000001f48700000,0x0000001f48800000)]
  0x0000015e18f6fdd0 JavaThread "ForkJoinPool.commonPool-worker-2" daemon [_thread_blocked, id=4328, stack(0x0000001f49500000,0x0000001f49600000)]
  0x0000015e18f73580 JavaThread "ForkJoinPool.commonPool-worker-3" daemon [_thread_blocked, id=10532, stack(0x0000001f49600000,0x0000001f49700000)]
  0x0000015e18f71c30 JavaThread "Worker-6" [_thread_blocked, id=8212, stack(0x0000001f49800000,0x0000001f49900000)]
  0x0000015e18f73a90 JavaThread "Worker-7" [_thread_blocked, id=4184, stack(0x0000001f49900000,0x0000001f49a00000)]
  0x0000015e18f702e0 JavaThread "Compiler Source File Reader" daemon [_thread_blocked, id=12684, stack(0x0000001f49a00000,0x0000001f49b00000)]
  0x0000015e18f758f0 JavaThread "Compiler Source File Reader" daemon [_thread_blocked, id=7176, stack(0x0000001f49b00000,0x0000001f49c00000)]
  0x0000015e18f749c0 JavaThread "Cleaner-0" daemon [_thread_blocked, id=1964, stack(0x0000001f46800000,0x0000001f46900000)]
  0x0000015e18f72140 JavaThread "Compiler Processing Task" daemon [_thread_blocked, id=584, stack(0x0000001f46900000,0x0000001f46a00000)]
=>0x0000015e1e6cc480 JavaThread "C2 CompilerThread1" daemon [_thread_in_native, id=1720, stack(0x0000001f49700000,0x0000001f49800000)]
  0x0000015e15d2c310 JavaThread "pool-1-thread-2" [_thread_blocked, id=11184, stack(0x0000001f49c00000,0x0000001f49d00000)]

Other Threads:
  0x0000015e7f2167f0 VMThread "VM Thread" [stack: 0x0000001f46c00000,0x0000001f46d00000] [id=11508]
  0x0000015e1573c0b0 WatcherThread [stack: 0x0000001f47800000,0x0000001f47900000] [id=11464]
  0x0000015e7c3f4660 GCTaskThread "GC Thread#0" [stack: 0x0000001f46b00000,0x0000001f46c00000] [id=11884]
  0x0000015e15cede90 GCTaskThread "GC Thread#1" [stack: 0x0000001f47900000,0x0000001f47a00000] [id=13032]
  0x0000015e15cee990 GCTaskThread "GC Thread#2" [stack: 0x0000001f47a00000,0x0000001f47b00000] [id=9572]
  0x0000015e15cee410 GCTaskThread "GC Thread#3" [stack: 0x0000001f47b00000,0x0000001f47c00000] [id=7512]

Threads with active compile tasks:
C2 CompilerThread0   112849 14799   !   4       org.eclipse.jdt.internal.core.search.indexing.BinaryIndexer::indexDocument (1157 bytes)
C2 CompilerThread1   112849 14835       4       lombok.core.AST::buildWithField (21 bytes)

VM state: not at safepoint (normal execution)

VM Mutex/Monitor currently owned by a thread: None

Heap address: 0x00000000c0000000, size: 1024 MB, Compressed Oops mode: 32-bit

CDS archive(s) not mapped
Compressed class space mapped at: 0x0000000100000000-0x0000000140000000, reserved size: 1073741824
Narrow klass base: 0x0000000000000000, Narrow klass shift: 3, Narrow klass range: 0x140000000

GC Precious Log:
 CPUs: 4 total, 4 available
 Memory: 5941M
 Large Page Support: Disabled
 NUMA Support: Disabled
 Compressed Oops: Enabled (32-bit)
 Alignments: Space 512K, Generation 512K, Heap 2M
 Heap Min Capacity: 100M
 Heap Initial Capacity: 100M
 Heap Max Capacity: 1G
 Pre-touch: Disabled
 Parallel Workers: 4

Heap:
 PSYoungGen      total 29696K, used 9181K [0x00000000eab00000, 0x00000000ed000000, 0x0000000100000000)
  eden space 23040K, 11% used [0x00000000eab00000,0x00000000ead7ea78,0x00000000ec180000)
  from space 6656K, 99% used [0x00000000ec980000,0x00000000ecff8b68,0x00000000ed000000)
  to   space 7168K, 0% used [0x00000000ec180000,0x00000000ec180000,0x00000000ec880000)
 ParOldGen       total 273920K, used 248801K [0x00000000c0000000, 0x00000000d0b80000, 0x00000000eab00000)
  object space 273920K, 90% used [0x00000000c0000000,0x00000000cf2f85d0,0x00000000d0b80000)
 Metaspace       used 82650K, committed 84096K, reserved 1179648K
  class space    used 8525K, committed 9152K, reserved 1048576K

Card table byte_map: [0x0000015e7bd80000,0x0000015e7bf90000] _byte_map_base: 0x0000015e7b780000

Marking Bits: (ParMarkBitMap*) 0x00007ffcc7d058b0
 Begin Bits: [0x0000015e0f000000, 0x0000015e10000000)
 End Bits:   [0x0000015e10000000, 0x0000015e11000000)

Polling page: 0x0000015e7a230000

Metaspace:

Usage:
  Non-class:     72.39 MB used.
      Class:      8.33 MB used.
       Both:     80.71 MB used.

Virtual space:
  Non-class space:      128.00 MB reserved,      73.19 MB ( 57%) committed,  2 nodes.
      Class space:        1.00 GB reserved,       8.94 MB ( <1%) committed,  1 nodes.
             Both:        1.12 GB reserved,      82.12 MB (  7%) committed. 

Chunk freelists:
   Non-Class:  6.78 MB
       Class:  6.88 MB
        Both:  13.66 MB

MaxMetaspaceSize: unlimited
CompressedClassSpaceSize: 1.00 GB
Initial GC threshold: 21.00 MB
Current GC threshold: 134.62 MB
CDS: off
MetaspaceReclaimPolicy: balanced
 - commit_granule_bytes: 65536.
 - commit_granule_words: 8192.
 - virtual_space_node_default_size: 8388608.
 - enlarge_chunks_in_place: 1.
 - new_chunks_are_fully_committed: 0.
 - uncommit_free_chunks: 1.
 - use_allocation_guard: 0.
 - handle_deallocations: 1.


Internal statistics:

num_allocs_failed_limit: 9.
num_arena_births: 1028.
num_arena_deaths: 22.
num_vsnodes_births: 3.
num_vsnodes_deaths: 0.
num_space_committed: 1314.
num_space_uncommitted: 0.
num_chunks_returned_to_freelist: 34.
num_chunks_taken_from_freelist: 4821.
num_chunk_merges: 14.
num_chunk_splits: 2852.
num_chunks_enlarged: 1461.
num_inconsistent_stats: 0.

CodeHeap 'non-profiled nmethods': size=120000Kb used=9321Kb max_used=9430Kb free=110678Kb
 bounds [0x0000015e07ad0000, 0x0000015e08410000, 0x0000015e0f000000]
CodeHeap 'profiled nmethods': size=120000Kb used=26019Kb max_used=27720Kb free=93980Kb
 bounds [0x0000015e00000000, 0x0000015e01b30000, 0x0000015e07530000]
CodeHeap 'non-nmethods': size=5760Kb used=1397Kb max_used=1483Kb free=4362Kb
 bounds [0x0000015e07530000, 0x0000015e077a0000, 0x0000015e07ad0000]
 total_blobs=12726 nmethods=11970 adapters=668
 compilation: enabled
              stopped_count=0, restarted_count=0
 full_count=0

Compilation events (20 events):
Event: 112.131 Thread 0x0000015e154b8410 14834       3       org.eclipse.jdt.internal.core.util.ReferenceInfoAdapter::acceptFieldReference (1 bytes)
Event: 112.132 Thread 0x0000015e154b8410 nmethod 14834 0x0000015e00edae10 code [0x0000015e00edafa0, 0x0000015e00edb0b8]
Event: 112.137 Thread 0x0000015e154b8410 14836       2       lombok.core.AST::replaceNewWithExistingOld (107 bytes)
Event: 112.139 Thread 0x0000015e154b8410 nmethod 14836 0x0000015e010fc410 code [0x0000015e010fc620, 0x0000015e010fcc28]
Event: 112.140 Thread 0x0000015e154b8410 14837       3       org.eclipse.jdt.internal.core.SourceMethod::calculateHashCode (15 bytes)
Event: 112.141 Thread 0x0000015e154b8410 nmethod 14837 0x0000015e0109b190 code [0x0000015e0109b360, 0x0000015e0109b618]
Event: 112.142 Thread 0x0000015e154b8410 14838       3       org.eclipse.jdt.internal.compiler.SourceElementNotifier::visitIfNeeded (94 bytes)
Event: 112.143 Thread 0x0000015e154b8410 nmethod 14838 0x0000015e01419310 code [0x0000015e01419500, 0x0000015e01419bd8]
Event: 112.147 Thread 0x0000015e154b8410 14840       3       org.eclipse.jdt.internal.core.CompilationUnitStructureRequestor::exitMethod (137 bytes)
Event: 112.149 Thread 0x0000015e154b8410 nmethod 14840 0x0000015e004cd090 code [0x0000015e004cd3c0, 0x0000015e004ceb18]
Event: 112.153 Thread 0x0000015e154b8410 14841       3       java.text.DateFormatSymbols::copyMembers (160 bytes)
Event: 112.155 Thread 0x0000015e154b8410 nmethod 14841 0x0000015e0008ef10 code [0x0000015e0008f180, 0x0000015e0008fe68]
Event: 112.155 Thread 0x0000015e154b8410 14842       1       org.eclipse.lsp4j.WindowClientCapabilities::getWorkDoneProgress (5 bytes)
Event: 112.155 Thread 0x0000015e154b8410 nmethod 14842 0x0000015e081a0910 code [0x0000015e081a0aa0, 0x0000015e081a0b78]
Event: 112.242 Thread 0x0000015e1e6cc480 nmethod 14792 0x0000015e08248790 code [0x0000015e08248b00, 0x0000015e0824c218]
Event: 112.243 Thread 0x0000015e1e6cc480 14826       4       java.lang.StringLatin1::replace (198 bytes)
Event: 112.278 Thread 0x0000015e1e6cc480 nmethod 14826 0x0000015e0819fc90 code [0x0000015e0819fe40, 0x0000015e081a05c8]
Event: 112.278 Thread 0x0000015e1e6cc480 14835       4       lombok.core.AST::buildWithField (21 bytes)
Event: 112.503 Thread 0x0000015e154b8410 14844       3       java.lang.reflect.Method::setMethodAccessor (21 bytes)
Event: 112.504 Thread 0x0000015e154b8410 nmethod 14844 0x0000015e008b7d90 code [0x0000015e008b7f40, 0x0000015e008b81a8]

GC Heap History (20 events):
Event: 109.677 GC heap before
{Heap before GC invocations=537 (full 16):
 PSYoungGen      total 19968K, used 19962K [0x00000000eab00000, 0x00000000ec780000, 0x0000000100000000)
  eden space 14848K, 100% used [0x00000000eab00000,0x00000000eb980000,0x00000000eb980000)
  from space 5120K, 99% used [0x00000000eb980000,0x00000000ebe7e9b0,0x00000000ebe80000)
  to   space 6656K, 0% used [0x00000000ec100000,0x00000000ec100000,0x00000000ec780000)
 ParOldGen       total 239616K, used 227037K [0x00000000c0000000, 0x00000000cea00000, 0x00000000eab00000)
  object space 239616K, 94% used [0x00000000c0000000,0x00000000cddb75f8,0x00000000cea00000)
 Metaspace       used 80531K, committed 81920K, reserved 1179648K
  class space    used 8262K, committed 8896K, reserved 1048576K
}
Event: 109.697 GC heap after
{Heap after GC invocations=537 (full 16):
 PSYoungGen      total 20480K, used 4015K [0x00000000eab00000, 0x00000000ec500000, 0x0000000100000000)
  eden space 16384K, 0% used [0x00000000eab00000,0x00000000eab00000,0x00000000ebb00000)
  from space 4096K, 98% used [0x00000000ec100000,0x00000000ec4ebfc8,0x00000000ec500000)
  to   space 5120K, 0% used [0x00000000ebb00000,0x00000000ebb00000,0x00000000ec000000)
 ParOldGen       total 239616K, used 230183K [0x00000000c0000000, 0x00000000cea00000, 0x00000000eab00000)
  object space 239616K, 96% used [0x00000000c0000000,0x00000000ce0c9fa0,0x00000000cea00000)
 Metaspace       used 80531K, committed 81920K, reserved 1179648K
  class space    used 8262K, committed 8896K, reserved 1048576K
}
Event: 109.875 GC heap before
{Heap before GC invocations=538 (full 16):
 PSYoungGen      total 20480K, used 20399K [0x00000000eab00000, 0x00000000ec500000, 0x0000000100000000)
  eden space 16384K, 100% used [0x00000000eab00000,0x00000000ebb00000,0x00000000ebb00000)
  from space 4096K, 98% used [0x00000000ec100000,0x00000000ec4ebfc8,0x00000000ec500000)
  to   space 5120K, 0% used [0x00000000ebb00000,0x00000000ebb00000,0x00000000ec000000)
 ParOldGen       total 239616K, used 230200K [0x00000000c0000000, 0x00000000cea00000, 0x00000000eab00000)
  object space 239616K, 96% used [0x00000000c0000000,0x00000000ce0ce220,0x00000000cea00000)
 Metaspace       used 80742K, committed 82112K, reserved 1179648K
  class space    used 8284K, committed 8896K, reserved 1048576K
}
Event: 109.892 GC heap after
{Heap after GC invocations=538 (full 16):
 PSYoungGen      total 21504K, used 5115K [0x00000000eab00000, 0x00000000ec900000, 0x0000000100000000)
  eden space 16384K, 0% used [0x00000000eab00000,0x00000000eab00000,0x00000000ebb00000)
  from space 5120K, 99% used [0x00000000ebb00000,0x00000000ebffeff8,0x00000000ec000000)
  to   space 7168K, 0% used [0x00000000ec200000,0x00000000ec200000,0x00000000ec900000)
 ParOldGen       total 239616K, used 231543K [0x00000000c0000000, 0x00000000cea00000, 0x00000000eab00000)
  object space 239616K, 96% used [0x00000000c0000000,0x00000000ce21dcf0,0x00000000cea00000)
 Metaspace       used 80742K, committed 82112K, reserved 1179648K
  class space    used 8284K, committed 8896K, reserved 1048576K
}
Event: 110.090 GC heap before
{Heap before GC invocations=539 (full 16):
 PSYoungGen      total 21504K, used 21499K [0x00000000eab00000, 0x00000000ec900000, 0x0000000100000000)
  eden space 16384K, 100% used [0x00000000eab00000,0x00000000ebb00000,0x00000000ebb00000)
  from space 5120K, 99% used [0x00000000ebb00000,0x00000000ebffeff8,0x00000000ec000000)
  to   space 7168K, 0% used [0x00000000ec200000,0x00000000ec200000,0x00000000ec900000)
 ParOldGen       total 239616K, used 231545K [0x00000000c0000000, 0x00000000cea00000, 0x00000000eab00000)
  object space 239616K, 96% used [0x00000000c0000000,0x00000000ce21e748,0x00000000cea00000)
 Metaspace       used 81011K, committed 82368K, reserved 1179648K
  class space    used 8309K, committed 8896K, reserved 1048576K
}
Event: 110.107 GC heap after
{Heap after GC invocations=539 (full 16):
 PSYoungGen      total 23552K, used 4583K [0x00000000eab00000, 0x00000000ec780000, 0x0000000100000000)
  eden space 17920K, 0% used [0x00000000eab00000,0x00000000eab00000,0x00000000ebc80000)
  from space 5632K, 81% used [0x00000000ec200000,0x00000000ec679d88,0x00000000ec780000)
  to   space 5632K, 0% used [0x00000000ebc80000,0x00000000ebc80000,0x00000000ec200000)
 ParOldGen       total 239616K, used 234652K [0x00000000c0000000, 0x00000000cea00000, 0x00000000eab00000)
  object space 239616K, 97% used [0x00000000c0000000,0x00000000ce527238,0x00000000cea00000)
 Metaspace       used 81011K, committed 82368K, reserved 1179648K
  class space    used 8309K, committed 8896K, reserved 1048576K
}
Event: 110.344 GC heap before
{Heap before GC invocations=540 (full 16):
 PSYoungGen      total 23552K, used 22503K [0x00000000eab00000, 0x00000000ec780000, 0x0000000100000000)
  eden space 17920K, 100% used [0x00000000eab00000,0x00000000ebc80000,0x00000000ebc80000)
  from space 5632K, 81% used [0x00000000ec200000,0x00000000ec679d88,0x00000000ec780000)
  to   space 5632K, 0% used [0x00000000ebc80000,0x00000000ebc80000,0x00000000ec200000)
 ParOldGen       total 239616K, used 234652K [0x00000000c0000000, 0x00000000cea00000, 0x00000000eab00000)
  object space 239616K, 97% used [0x00000000c0000000,0x00000000ce527238,0x00000000cea00000)
 Metaspace       used 81265K, committed 82624K, reserved 1179648K
  class space    used 8353K, committed 8960K, reserved 1048576K
}
Event: 110.356 GC heap after
{Heap after GC invocations=540 (full 16):
 PSYoungGen      total 23552K, used 5611K [0x00000000eab00000, 0x00000000ece00000, 0x0000000100000000)
  eden space 17920K, 0% used [0x00000000eab00000,0x00000000eab00000,0x00000000ebc80000)
  from space 5632K, 99% used [0x00000000ebc80000,0x00000000ec1faed0,0x00000000ec200000)
  to   space 8192K, 0% used [0x00000000ec600000,0x00000000ec600000,0x00000000ece00000)
 ParOldGen       total 239616K, used 236436K [0x00000000c0000000, 0x00000000cea00000, 0x00000000eab00000)
  object space 239616K, 98% used [0x00000000c0000000,0x00000000ce6e51b0,0x00000000cea00000)
 Metaspace       used 81265K, committed 82624K, reserved 1179648K
  class space    used 8353K, committed 8960K, reserved 1048576K
}
Event: 110.556 GC heap before
{Heap before GC invocations=541 (full 16):
 PSYoungGen      total 23552K, used 23531K [0x00000000eab00000, 0x00000000ece00000, 0x0000000100000000)
  eden space 17920K, 100% used [0x00000000eab00000,0x00000000ebc80000,0x00000000ebc80000)
  from space 5632K, 99% used [0x00000000ebc80000,0x00000000ec1faed0,0x00000000ec200000)
  to   space 8192K, 0% used [0x00000000ec600000,0x00000000ec600000,0x00000000ece00000)
 ParOldGen       total 239616K, used 236436K [0x00000000c0000000, 0x00000000cea00000, 0x00000000eab00000)
  object space 239616K, 98% used [0x00000000c0000000,0x00000000ce6e51b0,0x00000000cea00000)
 Metaspace       used 81287K, committed 82688K, reserved 1179648K
  class space    used 8356K, committed 9024K, reserved 1048576K
}
Event: 110.568 GC heap after
{Heap after GC invocations=541 (full 16):
 PSYoungGen      total 23040K, used 3481K [0x00000000eab00000, 0x00000000ec980000, 0x0000000100000000)
  eden space 19456K, 0% used [0x00000000eab00000,0x00000000eab00000,0x00000000ebe00000)
  from space 3584K, 97% used [0x00000000ec600000,0x00000000ec966578,0x00000000ec980000)
  to   space 5120K, 0% used [0x00000000ebf80000,0x00000000ebf80000,0x00000000ec480000)
 ParOldGen       total 240640K, used 240360K [0x00000000c0000000, 0x00000000ceb00000, 0x00000000eab00000)
  object space 240640K, 99% used [0x00000000c0000000,0x00000000ceaba2f8,0x00000000ceb00000)
 Metaspace       used 81287K, committed 82688K, reserved 1179648K
  class space    used 8356K, committed 9024K, reserved 1048576K
}
Event: 110.568 GC heap before
{Heap before GC invocations=542 (full 17):
 PSYoungGen      total 23040K, used 3481K [0x00000000eab00000, 0x00000000ec980000, 0x0000000100000000)
  eden space 19456K, 0% used [0x00000000eab00000,0x00000000eab00000,0x00000000ebe00000)
  from space 3584K, 97% used [0x00000000ec600000,0x00000000ec966578,0x00000000ec980000)
  to   space 5120K, 0% used [0x00000000ebf80000,0x00000000ebf80000,0x00000000ec480000)
 ParOldGen       total 240640K, used 240360K [0x00000000c0000000, 0x00000000ceb00000, 0x00000000eab00000)
  object space 240640K, 99% used [0x00000000c0000000,0x00000000ceaba2f8,0x00000000ceb00000)
 Metaspace       used 81287K, committed 82688K, reserved 1179648K
  class space    used 8356K, committed 9024K, reserved 1048576K
}
Event: 111.058 GC heap after
{Heap after GC invocations=542 (full 17):
 PSYoungGen      total 26112K, used 0K [0x00000000eab00000, 0x00000000ec980000, 0x0000000100000000)
  eden space 20992K, 0% used [0x00000000eab00000,0x00000000eab00000,0x00000000ebf80000)
  from space 5120K, 0% used [0x00000000ebf80000,0x00000000ebf80000,0x00000000ec480000)
  to   space 5120K, 0% used [0x00000000ec480000,0x00000000ec480000,0x00000000ec980000)
 ParOldGen       total 273920K, used 239874K [0x00000000c0000000, 0x00000000d0b80000, 0x00000000eab00000)
  object space 273920K, 87% used [0x00000000c0000000,0x00000000cea409c0,0x00000000d0b80000)
 Metaspace       used 81287K, committed 82688K, reserved 1179648K
  class space    used 8356K, committed 9024K, reserved 1048576K
}
Event: 111.304 GC heap before
{Heap before GC invocations=543 (full 17):
 PSYoungGen      total 26112K, used 20992K [0x00000000eab00000, 0x00000000ec980000, 0x0000000100000000)
  eden space 20992K, 100% used [0x00000000eab00000,0x00000000ebf80000,0x00000000ebf80000)
  from space 5120K, 0% used [0x00000000ebf80000,0x00000000ebf80000,0x00000000ec480000)
  to   space 5120K, 0% used [0x00000000ec480000,0x00000000ec480000,0x00000000ec980000)
 ParOldGen       total 273920K, used 239874K [0x00000000c0000000, 0x00000000d0b80000, 0x00000000eab00000)
  object space 273920K, 87% used [0x00000000c0000000,0x00000000cea409c0,0x00000000d0b80000)
 Metaspace       used 81592K, committed 83008K, reserved 1179648K
  class space    used 8389K, committed 9024K, reserved 1048576K
}
Event: 111.315 GC heap after
{Heap after GC invocations=543 (full 17):
 PSYoungGen      total 26112K, used 2671K [0x00000000eab00000, 0x00000000ec800000, 0x0000000100000000)
  eden space 22528K, 0% used [0x00000000eab00000,0x00000000eab00000,0x00000000ec100000)
  from space 3584K, 74% used [0x00000000ec480000,0x00000000ec71bdc8,0x00000000ec800000)
  to   space 3584K, 0% used [0x00000000ec100000,0x00000000ec100000,0x00000000ec480000)
 ParOldGen       total 273920K, used 239882K [0x00000000c0000000, 0x00000000d0b80000, 0x00000000eab00000)
  object space 273920K, 87% used [0x00000000c0000000,0x00000000cea429c0,0x00000000d0b80000)
 Metaspace       used 81592K, committed 83008K, reserved 1179648K
  class space    used 8389K, committed 9024K, reserved 1048576K
}
Event: 111.847 GC heap before
{Heap before GC invocations=544 (full 17):
 PSYoungGen      total 26112K, used 25199K [0x00000000eab00000, 0x00000000ec800000, 0x0000000100000000)
  eden space 22528K, 100% used [0x00000000eab00000,0x00000000ec100000,0x00000000ec100000)
  from space 3584K, 74% used [0x00000000ec480000,0x00000000ec71bdc8,0x00000000ec800000)
  to   space 3584K, 0% used [0x00000000ec100000,0x00000000ec100000,0x00000000ec480000)
 ParOldGen       total 273920K, used 239882K [0x00000000c0000000, 0x00000000d0b80000, 0x00000000eab00000)
  object space 273920K, 87% used [0x00000000c0000000,0x00000000cea429c0,0x00000000d0b80000)
 Metaspace       used 82313K, committed 83712K, reserved 1179648K
  class space    used 8495K, committed 9152K, reserved 1048576K
}
Event: 111.859 GC heap after
{Heap after GC invocations=544 (full 17):
 PSYoungGen      total 26112K, used 3560K [0x00000000eab00000, 0x00000000ece80000, 0x0000000100000000)
  eden space 22528K, 0% used [0x00000000eab00000,0x00000000eab00000,0x00000000ec100000)
  from space 3584K, 99% used [0x00000000ec100000,0x00000000ec47a1b0,0x00000000ec480000)
  to   space 6144K, 0% used [0x00000000ec880000,0x00000000ec880000,0x00000000ece80000)
 ParOldGen       total 273920K, used 241859K [0x00000000c0000000, 0x00000000d0b80000, 0x00000000eab00000)
  object space 273920K, 88% used [0x00000000c0000000,0x00000000cec30e98,0x00000000d0b80000)
 Metaspace       used 82313K, committed 83712K, reserved 1179648K
  class space    used 8495K, committed 9152K, reserved 1048576K
}
Event: 112.206 GC heap before
{Heap before GC invocations=545 (full 17):
 PSYoungGen      total 26112K, used 26088K [0x00000000eab00000, 0x00000000ece80000, 0x0000000100000000)
  eden space 22528K, 100% used [0x00000000eab00000,0x00000000ec100000,0x00000000ec100000)
  from space 3584K, 99% used [0x00000000ec100000,0x00000000ec47a1b0,0x00000000ec480000)
  to   space 6144K, 0% used [0x00000000ec880000,0x00000000ec880000,0x00000000ece80000)
 ParOldGen       total 273920K, used 241859K [0x00000000c0000000, 0x00000000d0b80000, 0x00000000eab00000)
  object space 273920K, 88% used [0x00000000c0000000,0x00000000cec30e98,0x00000000d0b80000)
 Metaspace       used 82585K, committed 84032K, reserved 1179648K
  class space    used 8513K, committed 9152K, reserved 1048576K
}
Event: 112.217 GC heap after
{Heap after GC invocations=545 (full 17):
 PSYoungGen      total 29184K, used 6136K [0x00000000eab00000, 0x00000000ed080000, 0x0000000100000000)
  eden space 23040K, 0% used [0x00000000eab00000,0x00000000eab00000,0x00000000ec180000)
  from space 6144K, 99% used [0x00000000ec880000,0x00000000ece7e2f8,0x00000000ece80000)
  to   space 7168K, 0% used [0x00000000ec180000,0x00000000ec180000,0x00000000ec880000)
 ParOldGen       total 273920K, used 242522K [0x00000000c0000000, 0x00000000d0b80000, 0x00000000eab00000)
  object space 273920K, 88% used [0x00000000c0000000,0x00000000cecd6ab8,0x00000000d0b80000)
 Metaspace       used 82585K, committed 84032K, reserved 1179648K
  class space    used 8513K, committed 9152K, reserved 1048576K
}
Event: 112.468 GC heap before
{Heap before GC invocations=546 (full 17):
 PSYoungGen      total 29184K, used 29176K [0x00000000eab00000, 0x00000000ed080000, 0x0000000100000000)
  eden space 23040K, 100% used [0x00000000eab00000,0x00000000ec180000,0x00000000ec180000)
  from space 6144K, 99% used [0x00000000ec880000,0x00000000ece7e2f8,0x00000000ece80000)
  to   space 7168K, 0% used [0x00000000ec180000,0x00000000ec180000,0x00000000ec880000)
 ParOldGen       total 273920K, used 242522K [0x00000000c0000000, 0x00000000d0b80000, 0x00000000eab00000)
  object space 273920K, 88% used [0x00000000c0000000,0x00000000cecd6ab8,0x00000000d0b80000)
 Metaspace       used 82585K, committed 84032K, reserved 1179648K
  class space    used 8513K, committed 9152K, reserved 1048576K
}
Event: 112.485 GC heap after
{Heap after GC invocations=546 (full 17):
 PSYoungGen      total 30208K, used 6549K [0x00000000eab00000, 0x00000000ed000000, 0x0000000100000000)
  eden space 23040K, 0% used [0x00000000eab00000,0x00000000eab00000,0x00000000ec180000)
  from space 7168K, 91% used [0x00000000ec180000,0x00000000ec7e54f8,0x00000000ec880000)
  to   space 6656K, 0% used [0x00000000ec980000,0x00000000ec980000,0x00000000ed000000)
 ParOldGen       total 273920K, used 245572K [0x00000000c0000000, 0x00000000d0b80000, 0x00000000eab00000)
  object space 273920K, 89% used [0x00000000c0000000,0x00000000cefd13f0,0x00000000d0b80000)
 Metaspace       used 82585K, committed 84032K, reserved 1179648K
  class space    used 8513K, committed 9152K, reserved 1048576K
}

Dll operation events (11 events):
Event: 0.035 Loaded shared library c:\Users\user\.vscode\extensions\redhat.java-1.35.0-win32-x64\jre\17.0.12-win32-x86_64\bin\java.dll
Event: 1.234 Loaded shared library c:\Users\user\.vscode\extensions\redhat.java-1.35.0-win32-x64\jre\17.0.12-win32-x86_64\bin\zip.dll
Event: 1.249 Loaded shared library C:\Users\user\.vscode\extensions\redhat.java-1.35.0-win32-x64\jre\17.0.12-win32-x86_64\bin\instrument.dll
Event: 1.301 Loaded shared library C:\Users\user\.vscode\extensions\redhat.java-1.35.0-win32-x64\jre\17.0.12-win32-x86_64\bin\net.dll
Event: 1.306 Loaded shared library C:\Users\user\.vscode\extensions\redhat.java-1.35.0-win32-x64\jre\17.0.12-win32-x86_64\bin\nio.dll
Event: 1.405 Loaded shared library C:\Users\user\.vscode\extensions\redhat.java-1.35.0-win32-x64\jre\17.0.12-win32-x86_64\bin\zip.dll
Event: 1.527 Loaded shared library C:\Users\user\.vscode\extensions\redhat.java-1.35.0-win32-x64\jre\17.0.12-win32-x86_64\bin\jimage.dll
Event: 1.999 Loaded shared library c:\Users\user\.vscode\extensions\redhat.java-1.35.0-win32-x64\jre\17.0.12-win32-x86_64\bin\verify.dll
Event: 8.712 Loaded shared library C:\Users\user\AppData\Roaming\Code\User\globalStorage\redhat.java\1.35.0\config_win\org.eclipse.equinox.launcher\org.eclipse.equinox.launcher.win32.win32.x86_64_1.2.1100.v20240722-2106\eclipse_11904.dll
Event: 17.072 Loaded shared library C:\Users\user\AppData\Local\Temp\jna-3599307\jna12891753001898000564.dll
Event: 70.982 Loaded shared library C:\Users\user\.vscode\extensions\redhat.java-1.35.0-win32-x64\jre\17.0.12-win32-x86_64\bin\sunmscapi.dll

Deoptimization events (20 events):
Event: 111.888 Thread 0x0000015e15d2c310 DEOPT PACKING pc=0x0000015e08323264 sp=0x0000001f49cfeb60
Event: 111.888 Thread 0x0000015e15d2c310 DEOPT UNPACKING pc=0x0000015e0758669d sp=0x0000001f49cfeae0 mode 2
Event: 111.951 Thread 0x0000015e15f159c0 DEOPT PACKING pc=0x0000015e003c6909 sp=0x0000001f481fe870
Event: 111.951 Thread 0x0000015e15f159c0 DEOPT UNPACKING pc=0x0000015e07586e24 sp=0x0000001f481fdd68 mode 0
Event: 111.973 Thread 0x0000015e15d2c310 Uncommon trap: trap_request=0xffffff45 fr.pc=0x0000015e07ad93d4 relative=0x0000000000000154
Event: 111.973 Thread 0x0000015e15d2c310 Uncommon trap: reason=unstable_if action=reinterpret pc=0x0000015e07ad93d4 method=java.lang.String.isLatin1()Z @ 10 c2
Event: 111.973 Thread 0x0000015e15d2c310 DEOPT PACKING pc=0x0000015e07ad93d4 sp=0x0000001f49cfde50
Event: 111.973 Thread 0x0000015e15d2c310 DEOPT UNPACKING pc=0x0000015e0758669d sp=0x0000001f49cfdd80 mode 2
Event: 112.117 Thread 0x0000015e15f159c0 DEOPT PACKING pc=0x0000015e005cf2a7 sp=0x0000001f481fec00
Event: 112.117 Thread 0x0000015e15f159c0 DEOPT UNPACKING pc=0x0000015e07586e24 sp=0x0000001f481fe0b0 mode 0
Event: 112.135 Thread 0x0000015e15f159c0 DEOPT PACKING pc=0x0000015e005cf2a7 sp=0x0000001f481fec00
Event: 112.135 Thread 0x0000015e15f159c0 DEOPT UNPACKING pc=0x0000015e07586e24 sp=0x0000001f481fe0b0 mode 0
Event: 112.161 Thread 0x0000015e15f159c0 DEOPT PACKING pc=0x0000015e005cf2a7 sp=0x0000001f481fec00
Event: 112.161 Thread 0x0000015e15f159c0 DEOPT UNPACKING pc=0x0000015e07586e24 sp=0x0000001f481fe0b0 mode 0
Event: 112.180 Thread 0x0000015e15f159c0 DEOPT PACKING pc=0x0000015e005cf2a7 sp=0x0000001f481fec00
Event: 112.181 Thread 0x0000015e15f159c0 DEOPT UNPACKING pc=0x0000015e07586e24 sp=0x0000001f481fe0b0 mode 0
Event: 112.221 Thread 0x0000015e15f159c0 DEOPT PACKING pc=0x0000015e005cf2a7 sp=0x0000001f481fec00
Event: 112.221 Thread 0x0000015e15f159c0 DEOPT UNPACKING pc=0x0000015e07586e24 sp=0x0000001f481fe0b0 mode 0
Event: 112.255 Thread 0x0000015e15f159c0 DEOPT PACKING pc=0x0000015e005cf2a7 sp=0x0000001f481fec00
Event: 112.255 Thread 0x0000015e15f159c0 DEOPT UNPACKING pc=0x0000015e07586e24 sp=0x0000001f481fe0b0 mode 0

Classes loaded (20 events):
Event: 93.568 Loading class java/util/stream/DistinctOps$1
Event: 93.571 Loading class java/util/stream/DistinctOps$1 done
Event: 93.571 Loading class java/util/stream/DistinctOps$1$2
Event: 93.572 Loading class java/util/stream/DistinctOps$1$2 done
Event: 94.246 Loading class java/util/LinkedList$LLSpliterator
Event: 94.250 Loading class java/util/LinkedList$LLSpliterator done
Event: 98.102 Loading class java/io/CharArrayWriter
Event: 98.103 Loading class java/io/CharArrayWriter done
Event: 98.163 Loading class java/nio/file/attribute/PosixFileAttributes
Event: 98.163 Loading class java/nio/file/attribute/PosixFileAttributes done
Event: 109.483 Loading class java/util/Spliterators$IntArraySpliterator
Event: 109.483 Loading class java/util/Spliterators$IntArraySpliterator done
Event: 109.484 Loading class java/util/stream/IntPipeline$1
Event: 109.485 Loading class java/util/stream/IntPipeline$1 done
Event: 109.486 Loading class java/util/stream/IntPipeline$1$1
Event: 109.486 Loading class java/util/stream/IntPipeline$1$1 done
Event: 111.406 Loading class java/io/CharArrayReader
Event: 111.407 Loading class java/io/CharArrayReader done
Event: 111.408 Loading class java/util/regex/Pattern$Bound
Event: 111.408 Loading class java/util/regex/Pattern$Bound done

Classes unloaded (11 events):
Event: 15.598 Thread 0x0000015e7f2167f0 Unloading class 0x0000000100258800 'java/lang/invoke/LambdaForm$MH+0x0000000100258800'
Event: 15.598 Thread 0x0000015e7f2167f0 Unloading class 0x0000000100258400 'java/lang/invoke/LambdaForm$MH+0x0000000100258400'
Event: 15.598 Thread 0x0000015e7f2167f0 Unloading class 0x0000000100258000 'java/lang/invoke/LambdaForm$MH+0x0000000100258000'
Event: 15.598 Thread 0x0000015e7f2167f0 Unloading class 0x0000000100257c00 'java/lang/invoke/LambdaForm$MH+0x0000000100257c00'
Event: 15.598 Thread 0x0000015e7f2167f0 Unloading class 0x0000000100257800 'java/lang/invoke/LambdaForm$BMH+0x0000000100257800'
Event: 15.598 Thread 0x0000015e7f2167f0 Unloading class 0x0000000100257400 'java/lang/invoke/LambdaForm$DMH+0x0000000100257400'
Event: 15.598 Thread 0x0000015e7f2167f0 Unloading class 0x0000000100254800 'java/lang/invoke/LambdaForm$DMH+0x0000000100254800'
Event: 72.416 Thread 0x0000015e7f2167f0 Unloading class 0x00000001007a9000 'java/lang/invoke/LambdaForm$MH+0x00000001007a9000'
Event: 72.416 Thread 0x0000015e7f2167f0 Unloading class 0x00000001007a8800 'java/lang/invoke/LambdaForm$MH+0x00000001007a8800'
Event: 72.416 Thread 0x0000015e7f2167f0 Unloading class 0x00000001007a8400 'java/lang/invoke/LambdaForm$MH+0x00000001007a8400'
Event: 72.416 Thread 0x0000015e7f2167f0 Unloading class 0x0000000100790c00 'java/lang/invoke/LambdaForm$DMH+0x0000000100790c00'

Classes redefined (0 events):
No events

Internal exceptions (20 events):
Event: 98.930 Thread 0x0000015e18f707f0 Exception <a 'sun/nio/fs/WindowsException'{0x00000000eac8a240}> (0x00000000eac8a240) 
thrown [s\src\hotspot\share\prims\jni.cpp, line 516]
Event: 98.930 Thread 0x0000015e18f707f0 Exception <a 'sun/nio/fs/WindowsException'{0x00000000eac8aa98}> (0x00000000eac8aa98) 
thrown [s\src\hotspot\share\prims\jni.cpp, line 516]
Event: 98.939 Thread 0x0000015e18f707f0 Exception <a 'sun/nio/fs/WindowsException'{0x00000000eacade48}> (0x00000000eacade48) 
thrown [s\src\hotspot\share\prims\jni.cpp, line 516]
Event: 98.940 Thread 0x0000015e18f707f0 Exception <a 'sun/nio/fs/WindowsException'{0x00000000eacafd88}> (0x00000000eacafd88) 
thrown [s\src\hotspot\share\prims\jni.cpp, line 516]
Event: 101.984 Thread 0x0000015e18f707f0 Exception <a 'sun/nio/fs/WindowsException'{0x00000000eab4ed58}> (0x00000000eab4ed58) 
thrown [s\src\hotspot\share\prims\jni.cpp, line 516]
Event: 101.984 Thread 0x0000015e18f707f0 Exception <a 'sun/nio/fs/WindowsException'{0x00000000eab4f5b0}> (0x00000000eab4f5b0) 
thrown [s\src\hotspot\share\prims\jni.cpp, line 516]
Event: 101.985 Thread 0x0000015e18f707f0 Exception <a 'sun/nio/fs/WindowsException'{0x00000000eab505d8}> (0x00000000eab505d8) 
thrown [s\src\hotspot\share\prims\jni.cpp, line 516]
Event: 101.985 Thread 0x0000015e18f707f0 Exception <a 'sun/nio/fs/WindowsException'{0x00000000eab50e30}> (0x00000000eab50e30) 
thrown [s\src\hotspot\share\prims\jni.cpp, line 516]
Event: 101.986 Thread 0x0000015e18f707f0 Exception <a 'sun/nio/fs/WindowsException'{0x00000000eab58010}> (0x00000000eab58010) 
thrown [s\src\hotspot\share\prims\jni.cpp, line 516]
Event: 101.986 Thread 0x0000015e18f707f0 Exception <a 'sun/nio/fs/WindowsException'{0x00000000eab58868}> (0x00000000eab58868) 
thrown [s\src\hotspot\share\prims\jni.cpp, line 516]
Event: 102.000 Thread 0x0000015e18f707f0 Exception <a 'sun/nio/fs/WindowsException'{0x00000000eac970f8}> (0x00000000eac970f8) 
thrown [s\src\hotspot\share\prims\jni.cpp, line 516]
Event: 102.001 Thread 0x0000015e18f707f0 Exception <a 'sun/nio/fs/WindowsException'{0x00000000eac97bf8}> (0x00000000eac97bf8) 
thrown [s\src\hotspot\share\prims\jni.cpp, line 516]
Event: 108.701 Thread 0x0000015e18f73fa0 Exception <a 'java/lang/ArrayIndexOutOfBoundsException'{0x00000000eae60df8}> (0x00000000eae60df8) 
thrown [s\src\hotspot\share\runtime\sharedRuntime.cpp, line 631]
Event: 108.702 Thread 0x0000015e18f73fa0 Exception <a 'java/lang/ArrayIndexOutOfBoundsException'{0x00000000eae61408}> (0x00000000eae61408) 
thrown [s\src\hotspot\share\runtime\sharedRuntime.cpp, line 631]
Event: 108.702 Thread 0x0000015e18f73fa0 Exception <a 'java/lang/ArrayIndexOutOfBoundsException'{0x00000000eae61770}> (0x00000000eae61770) 
thrown [s\src\hotspot\share\runtime\sharedRuntime.cpp, line 631]
Event: 111.839 Thread 0x0000015e15d2c310 Exception <a 'java/lang/ClassNotFoundException'{0x00000000ebf56518}: sun/net/www/protocol/jdt/Handler> (0x00000000ebf56518) 
thrown [s\src\hotspot\share\classfile\systemDictionary.cpp, line 256]
Event: 111.867 Thread 0x0000015e15d2c310 Exception <a 'java/lang/ClassNotFoundException'{0x00000000eab052d8}: sun/net/www/protocol/jdt/Handler> (0x00000000eab052d8) 
thrown [s\src\hotspot\share\classfile\systemDictionary.cpp, line 256]
Event: 111.867 Thread 0x0000015e15d2c310 Exception <a 'java/lang/ClassNotFoundException'{0x00000000eab07660}: sun/net/www/protocol/jdt/Handler> (0x00000000eab07660) 
thrown [s\src\hotspot\share\classfile\systemDictionary.cpp, line 256]
Event: 111.868 Thread 0x0000015e15d2c310 Exception <a 'java/lang/ClassNotFoundException'{0x00000000eab09a50}: sun/net/www/protocol/jdt/Handler> (0x00000000eab09a50) 
thrown [s\src\hotspot\share\classfile\systemDictionary.cpp, line 256]
Event: 111.880 Thread 0x0000015e15d2c310 Exception <a 'java/lang/ClassNotFoundException'{0x00000000eab0c048}: sun/net/www/protocol/jdt/Handler> (0x00000000eab0c048) 
thrown [s\src\hotspot\share\classfile\systemDictionary.cpp, line 256]

VM Operations (20 events):
Event: 110.344 Executing VM operation: ParallelGCFailedAllocation
Event: 110.356 Executing VM operation: ParallelGCFailedAllocation done
Event: 110.545 Executing VM operation: ParallelGCFailedAllocation
Event: 111.065 Executing VM operation: ParallelGCFailedAllocation done
Event: 111.304 Executing VM operation: ParallelGCFailedAllocation
Event: 111.315 Executing VM operation: ParallelGCFailedAllocation done
Event: 111.406 Executing VM operation: HandshakeAllThreads
Event: 111.406 Executing VM operation: HandshakeAllThreads done
Event: 111.798 Executing VM operation: HandshakeAllThreads
Event: 111.805 Executing VM operation: HandshakeAllThreads done
Event: 111.805 Executing VM operation: HandshakeAllThreads
Event: 111.809 Executing VM operation: HandshakeAllThreads done
Event: 111.847 Executing VM operation: ParallelGCFailedAllocation
Event: 111.860 Executing VM operation: ParallelGCFailedAllocation done
Event: 111.886 Executing VM operation: HandshakeAllThreads
Event: 111.886 Executing VM operation: HandshakeAllThreads done
Event: 112.205 Executing VM operation: ParallelGCFailedAllocation
Event: 112.217 Executing VM operation: ParallelGCFailedAllocation done
Event: 112.468 Executing VM operation: ParallelGCFailedAllocation
Event: 112.485 Executing VM operation: ParallelGCFailedAllocation done

Events (20 events):
Event: 111.837 Thread 0x0000015e154bb0e0 flushing nmethod 0x0000015e00f4f890
Event: 111.837 Thread 0x0000015e154bb0e0 flushing nmethod 0x0000015e00f78010
Event: 111.838 Thread 0x0000015e154bb0e0 flushing nmethod 0x0000015e010a1a90
Event: 111.839 Thread 0x0000015e154bb0e0 flushing nmethod 0x0000015e010bde90
Event: 111.840 Thread 0x0000015e154bb0e0 flushing nmethod 0x0000015e011e7910
Event: 111.843 Thread 0x0000015e154bb0e0 flushing nmethod 0x0000015e0138be90
Event: 111.843 Thread 0x0000015e154bb0e0 flushing nmethod 0x0000015e0139af10
Event: 111.843 Thread 0x0000015e154bb0e0 flushing nmethod 0x0000015e013b9010
Event: 111.843 Thread 0x0000015e154bb0e0 flushing nmethod 0x0000015e013f2810
Event: 111.844 Thread 0x0000015e154bb0e0 flushing nmethod 0x0000015e014aa390
Event: 111.846 Thread 0x0000015e154bb0e0 flushing nmethod 0x0000015e0159f210
Event: 111.861 Thread 0x0000015e154bb0e0 flushing nmethod 0x0000015e01788e10
Event: 111.861 Thread 0x0000015e154bb0e0 flushing nmethod 0x0000015e0178ca10
Event: 111.861 Thread 0x0000015e154bb0e0 flushing nmethod 0x0000015e0178ef90
Event: 111.861 Thread 0x0000015e154bb0e0 flushing nmethod 0x0000015e0178f610
Event: 111.862 Thread 0x0000015e154bb0e0 flushing nmethod 0x0000015e01899e10
Event: 111.865 Thread 0x0000015e154bb0e0 flushing nmethod 0x0000015e01a74190
Event: 111.865 Thread 0x0000015e154bb0e0 flushing nmethod 0x0000015e01abfa10
Event: 111.865 Thread 0x0000015e154bb0e0 flushing nmethod 0x0000015e01aebd10
Event: 111.866 Thread 0x0000015e154bb0e0 flushing nmethod 0x0000015e01aec610


Dynamic libraries:
0x00007ff777c00000 - 0x00007ff777c0e000 	c:\Users\user\.vscode\extensions\redhat.java-1.35.0-win32-x64\jre\17.0.12-win32-x86_64\bin\java.exe
0x00007ffd07050000 - 0x00007ffd07248000 	C:\WINDOWS\SYSTEM32\ntdll.dll
0x00007ffd066a0000 - 0x00007ffd06761000 	C:\WINDOWS\System32\KERNEL32.DLL
0x00007ffd049b0000 - 0x00007ffd04cad000 	C:\WINDOWS\System32\KERNELBASE.dll
0x00007ffd04db0000 - 0x00007ffd04eb0000 	C:\WINDOWS\System32\ucrtbase.dll
0x00007ffcff600000 - 0x00007ffcff617000 	c:\Users\user\.vscode\extensions\redhat.java-1.35.0-win32-x64\jre\17.0.12-win32-x86_64\bin\jli.dll
0x00007ffd061b0000 - 0x00007ffd0634d000 	C:\WINDOWS\System32\USER32.dll
0x00007ffd04700000 - 0x00007ffd04722000 	C:\WINDOWS\System32\win32u.dll
0x00007ffd06430000 - 0x00007ffd0645b000 	C:\WINDOWS\System32\GDI32.dll
0x00007ffd04890000 - 0x00007ffd049a7000 	C:\WINDOWS\System32\gdi32full.dll
0x00007ffd04f40000 - 0x00007ffd04fdd000 	C:\WINDOWS\System32\msvcp_win.dll
0x00007ffcfe960000 - 0x00007ffcfe97b000 	c:\Users\user\.vscode\extensions\redhat.java-1.35.0-win32-x64\jre\17.0.12-win32-x86_64\bin\VCRUNTIME140.dll
0x00007ffcf5640000 - 0x00007ffcf58da000 	C:\WINDOWS\WinSxS\amd64_microsoft.windows.common-controls_6595b64144ccf1df_6.0.19041.4355_none_60b8b9eb71f62e16\COMCTL32.dll
0x00007ffd06b00000 - 0x00007ffd06b9e000 	C:\WINDOWS\System32\msvcrt.dll
0x00007ffd06770000 - 0x00007ffd0679f000 	C:\WINDOWS\System32\IMM32.DLL
0x00007ffcff5f0000 - 0x00007ffcff5fc000 	c:\Users\user\.vscode\extensions\redhat.java-1.35.0-win32-x64\jre\17.0.12-win32-x86_64\bin\vcruntime140_1.dll
0x00007ffce2550000 - 0x00007ffce25dd000 	c:\Users\user\.vscode\extensions\redhat.java-1.35.0-win32-x64\jre\17.0.12-win32-x86_64\bin\msvcp140.dll
0x00007ffcc7160000 - 0x00007ffcc7dca000 	c:\Users\user\.vscode\extensions\redhat.java-1.35.0-win32-x64\jre\17.0.12-win32-x86_64\bin\server\jvm.dll
0x00007ffd05a80000 - 0x00007ffd05b30000 	C:\WINDOWS\System32\ADVAPI32.dll
0x00007ffd05f40000 - 0x00007ffd05fe0000 	C:\WINDOWS\System32\sechost.dll
0x00007ffd064e0000 - 0x00007ffd06603000 	C:\WINDOWS\System32\RPCRT4.dll
0x00007ffd05050000 - 0x00007ffd05077000 	C:\WINDOWS\System32\bcrypt.dll
0x00007ffd05a10000 - 0x00007ffd05a7b000 	C:\WINDOWS\System32\WS2_32.dll
0x00007ffd03c00000 - 0x00007ffd03c4b000 	C:\WINDOWS\SYSTEM32\POWRPROF.dll
0x00007ffcf7120000 - 0x00007ffcf7147000 	C:\WINDOWS\SYSTEM32\WINMM.dll
0x00007ffcf4920000 - 0x00007ffcf492a000 	C:\WINDOWS\SYSTEM32\VERSION.dll
0x00007ffd03ac0000 - 0x00007ffd03ad2000 	C:\WINDOWS\SYSTEM32\UMPDC.dll
0x00007ffd02540000 - 0x00007ffd02552000 	C:\WINDOWS\SYSTEM32\kernel.appcore.dll
0x00007ffcfee00000 - 0x00007ffcfee0a000 	c:\Users\user\.vscode\extensions\redhat.java-1.35.0-win32-x64\jre\17.0.12-win32-x86_64\bin\jimage.dll
0x00007ffcec670000 - 0x00007ffcec854000 	C:\WINDOWS\SYSTEM32\DBGHELP.DLL
0x00007ffcec630000 - 0x00007ffcec664000 	C:\WINDOWS\SYSTEM32\dbgcore.DLL
0x00007ffd04eb0000 - 0x00007ffd04f32000 	C:\WINDOWS\System32\bcryptPrimitives.dll
0x00007ffcfe750000 - 0x00007ffcfe75e000 	c:\Users\user\.vscode\extensions\redhat.java-1.35.0-win32-x64\jre\17.0.12-win32-x86_64\bin\instrument.dll
0x00007ffcfc6b0000 - 0x00007ffcfc6d5000 	c:\Users\user\.vscode\extensions\redhat.java-1.35.0-win32-x64\jre\17.0.12-win32-x86_64\bin\java.dll
0x00007ffcfe6b0000 - 0x00007ffcfe6c8000 	c:\Users\user\.vscode\extensions\redhat.java-1.35.0-win32-x64\jre\17.0.12-win32-x86_64\bin\zip.dll
0x00007ffd050f0000 - 0x00007ffd0585f000 	C:\WINDOWS\System32\SHELL32.dll
0x00007ffd02740000 - 0x00007ffd02ee3000 	C:\WINDOWS\SYSTEM32\windows.storage.dll
0x00007ffd05b30000 - 0x00007ffd05e83000 	C:\WINDOWS\System32\combase.dll
0x00007ffd04050000 - 0x00007ffd0407e000 	C:\WINDOWS\SYSTEM32\Wldp.dll
0x00007ffd060e0000 - 0x00007ffd061ad000 	C:\WINDOWS\System32\OLEAUT32.dll
0x00007ffd05e90000 - 0x00007ffd05f3d000 	C:\WINDOWS\System32\SHCORE.dll
0x00007ffd05090000 - 0x00007ffd050e5000 	C:\WINDOWS\System32\shlwapi.dll
0x00007ffd04630000 - 0x00007ffd04654000 	C:\WINDOWS\SYSTEM32\profapi.dll
0x00007ffcfb3a0000 - 0x00007ffcfb3b9000 	C:\Users\user\.vscode\extensions\redhat.java-1.35.0-win32-x64\jre\17.0.12-win32-x86_64\bin\net.dll
0x00007ffcfb5c0000 - 0x00007ffcfb6cd000 	C:\WINDOWS\SYSTEM32\WINHTTP.dll
0x00007ffd03e30000 - 0x00007ffd03e9a000 	C:\WINDOWS\system32\mswsock.dll
0x00007ffcf9050000 - 0x00007ffcf9066000 	C:\Users\user\.vscode\extensions\redhat.java-1.35.0-win32-x64\jre\17.0.12-win32-x86_64\bin\nio.dll
0x00007ffcfe710000 - 0x00007ffcfe720000 	c:\Users\user\.vscode\extensions\redhat.java-1.35.0-win32-x64\jre\17.0.12-win32-x86_64\bin\verify.dll
0x00007ffcee1e0000 - 0x00007ffcee225000 	C:\Users\user\AppData\Roaming\Code\User\globalStorage\redhat.java\1.35.0\config_win\org.eclipse.equinox.launcher\org.eclipse.equinox.launcher.win32.win32.x86_64_1.2.1100.v20240722-2106\eclipse_11904.dll
0x00007ffd067a0000 - 0x00007ffd068cb000 	C:\WINDOWS\System32\ole32.dll
0x00007ffd04390000 - 0x00007ffd043a8000 	C:\WINDOWS\SYSTEM32\CRYPTSP.dll
0x00007ffd036a0000 - 0x00007ffd036d4000 	C:\WINDOWS\system32\rsaenh.dll
0x00007ffd045f0000 - 0x00007ffd0461e000 	C:\WINDOWS\SYSTEM32\USERENV.dll
0x00007ffd03fc0000 - 0x00007ffd03fcc000 	C:\WINDOWS\SYSTEM32\CRYPTBASE.dll
0x00007ffd03ae0000 - 0x00007ffd03b1b000 	C:\WINDOWS\SYSTEM32\IPHLPAPI.DLL
0x00007ffd05080000 - 0x00007ffd05088000 	C:\WINDOWS\System32\NSI.dll
0x00007ffcfc980000 - 0x00007ffcfc997000 	C:\WINDOWS\SYSTEM32\dhcpcsvc6.DLL
0x00007ffcfc960000 - 0x00007ffcfc97d000 	C:\WINDOWS\SYSTEM32\dhcpcsvc.DLL
0x00007ffd03b30000 - 0x00007ffd03bfa000 	C:\WINDOWS\SYSTEM32\DNSAPI.dll
0x00007ffce8830000 - 0x00007ffce8879000 	C:\Users\user\AppData\Local\Temp\jna-3599307\jna12891753001898000564.dll
0x00007ffd06070000 - 0x00007ffd06078000 	C:\WINDOWS\System32\PSAPI.DLL
0x00007ffcfee20000 - 0x00007ffcfee2e000 	C:\Users\user\.vscode\extensions\redhat.java-1.35.0-win32-x64\jre\17.0.12-win32-x86_64\bin\sunmscapi.dll
0x00007ffd04730000 - 0x00007ffd0488c000 	C:\WINDOWS\System32\CRYPT32.dll
0x00007ffd040c0000 - 0x00007ffd040e9000 	C:\WINDOWS\SYSTEM32\ncrypt.dll
0x00007ffd04080000 - 0x00007ffd040bb000 	C:\WINDOWS\SYSTEM32\NTASN1.dll

dbghelp: loaded successfully - version: 4.0.5 - missing functions: none
symbol engine: initialized successfully - sym options: 0x614 - pdb path: .;c:\Users\user\.vscode\extensions\redhat.java-1.35.0-win32-x64\jre\17.0.12-win32-x86_64\bin;C:\WINDOWS\SYSTEM32;C:\WINDOWS\WinSxS\amd64_microsoft.windows.common-controls_6595b64144ccf1df_6.0.19041.4355_none_60b8b9eb71f62e16;c:\Users\user\.vscode\extensions\redhat.java-1.35.0-win32-x64\jre\17.0.12-win32-x86_64\bin\server;C:\Users\user\AppData\Roaming\Code\User\globalStorage\redhat.java\1.35.0\config_win\org.eclipse.equinox.launcher\org.eclipse.equinox.launcher.win32.win32.x86_64_1.2.1100.v20240722-2106;C:\Users\user\AppData\Local\Temp\jna-3599307

VM Arguments:
jvm_args: --add-modules=ALL-SYSTEM --add-opens=java.base/java.util=ALL-UNNAMED --add-opens=java.base/java.lang=ALL-UNNAMED --add-opens=java.base/sun.nio.fs=ALL-UNNAMED -Declipse.application=org.eclipse.jdt.ls.core.id1 -Dosgi.bundles.defaultStartLevel=4 -Declipse.product=org.eclipse.jdt.ls.core.product -Djava.import.generatesMetadataFilesAtProjectRoot=false -DDetectVMInstallationsJob.disabled=true -Dfile.encoding=utf8 -XX:+UseParallelGC -XX:GCTimeRatio=4 -XX:AdaptiveSizePolicyWeight=90 -Dsun.zip.disableMemoryMapping=true -Xmx1G -Xms100m -Xlog:disable -javaagent:c:\Users\user\.vscode\extensions\redhat.java-1.35.0-win32-x64\lombok\lombok-1.18.33.jar -XX:+HeapDumpOnOutOfMemoryError -XX:HeapDumpPath=c:\Users\user\AppData\Roaming\Code\User\workspaceStorage\b9e5c6bf76a5906f90f2701a3e33a214\redhat.java -Daether.dependencyCollector.impl=bf 
java_command: c:\Users\user\.vscode\extensions\redhat.java-1.35.0-win32-x64\server\plugins\org.eclipse.equinox.launcher_1.6.900.v20240613-2009.jar -configuration c:\Users\user\AppData\Roaming\Code\User\globalStorage\redhat.java\1.35.0\config_win -data c:\Users\user\AppData\Roaming\Code\User\workspaceStorage\b9e5c6bf76a5906f90f2701a3e33a214\redhat.java\jdt_ws --pipe=\\.\pipe\lsp-f36f8a13c2990aa067f66dd92fb953c5-sock
java_class_path (initial): c:\Users\user\.vscode\extensions\redhat.java-1.35.0-win32-x64\server\plugins\org.eclipse.equinox.launcher_1.6.900.v20240613-2009.jar
Launcher Type: SUN_STANDARD

[Global flags]
    uintx AdaptiveSizePolicyWeight                 = 90                                        {product} {command line}
     intx CICompilerCount                          = 3                                         {product} {ergonomic}
    uintx GCTimeRatio                              = 4                                         {product} {command line}
     bool HeapDumpOnOutOfMemoryError               = true                                   {manageable} {command line}
    ccstr HeapDumpPath                             = c:\Users\user\AppData\Roaming\Code\User\workspaceStorage\b9e5c6bf76a5906f90f2701a3e33a214\redhat.java         {manageable} {command line}
   size_t InitialHeapSize                          = 104857600                                 {product} {command line}
   size_t MaxHeapSize                              = 1073741824                                {product} {command line}
   size_t MaxNewSize                               = 357564416                                 {product} {ergonomic}
   size_t MinHeapDeltaBytes                        = 524288                                    {product} {ergonomic}
   size_t MinHeapSize                              = 104857600                                 {product} {command line}
   size_t NewSize                                  = 34603008                                  {product} {ergonomic}
    uintx NonNMethodCodeHeapSize                   = 5832780                                {pd product} {ergonomic}
    uintx NonProfiledCodeHeapSize                  = 122912730                              {pd product} {ergonomic}
   size_t OldSize                                  = 70254592                                  {product} {ergonomic}
    uintx ProfiledCodeHeapSize                     = 122912730                              {pd product} {ergonomic}
    uintx ReservedCodeCacheSize                    = 251658240                              {pd product} {ergonomic}
     bool SegmentedCodeCache                       = true                                      {product} {ergonomic}
   size_t SoftMaxHeapSize                          = 1073741824                             {manageable} {ergonomic}
     bool UseCompressedClassPointers               = true                           {product lp64_product} {ergonomic}
     bool UseCompressedOops                        = true                           {product lp64_product} {ergonomic}
     bool UseLargePagesIndividualAllocation        = false                                  {pd product} {ergonomic}
     bool UseParallelGC                            = true                                      {product} {command line}

Logging:
Log output configuration:
 #0: stdout all=off uptime,level,tags
 #1: stderr all=off uptime,level,tags

Environment Variables:
JAVA_HOME=C:\Program Files\Java\jdk-21
PATH=C:\Program Files\Common Files\Oracle\Java\javapath;C:\WINDOWS\system32;C:\WINDOWS;C:\WINDOWS\System32\Wbem;C:\WINDOWS\System32\WindowsPowerShell\v1.0\;C:\WINDOWS\System32\OpenSSH\;C:\ProgramData\chocolatey\bin;C:\Program Files\Git\cmd;C:\Program Files\OpenSSL-Win64\bin;C:\Program Files\Docker\Docker\resources\bin;C:\Users\user\AppData\Roaming\nvm;C:\Program Files\nodejs;C:\Program Files\nodejs;C:\Program Files\nodejs;C:\Program Files\apache-maven-3.9.6\bin;C:\Program Files\Common Files\Oracle\Java\javapath;C:\WINDOWS\system32;C:\WINDOWS;C:\WINDOWS\System32\Wbem;C:\WINDOWS\System32\WindowsPowerShell\v1.0\;C:\WINDOWS\System32\OpenSSH\;C:\ProgramData\chocolatey\bin;C:\Program Files\Git\cmd;C:\Program Files\OpenSSL-Win64\bin;C:\Program Files\Docker\Docker\resources\bin;C:\Users\user\AppData\Roaming\nvm;C:\Program Files\nodejs;C:\Program Files\nodejs;C:\Program Files\nodejs;;C:\Users\user\AppData\Local\Programs\Microsoft VS Code\bin;C:\Users\user\AppData\Roaming\nvm;C:\Program Files\nodejs
USERNAME=user
OS=Windows_NT
PROCESSOR_IDENTIFIER=Intel64 Family 6 Model 37 Stepping 5, GenuineIntel
TMP=C:\Users\user\AppData\Local\Temp
TEMP=C:\Users\user\AppData\Local\Temp



Periodic native trim disabled


---------------  S Y S T E M  ---------------

OS:
 Windows 10 , 64 bit Build 19041 (10.0.19041.4842)
OS uptime: 0 days 10:28 hours
Hyper-V role detected

CPU: total 4 (initial active 4) (2 cores per cpu, 2 threads per core) family 6 model 37 stepping 5 microcode 0x7, cx8, cmov, fxsr, ht, mmx, sse, sse2, sse3, ssse3, sse4.1, sse4.2, popcnt, tsc, tscinvbit, clflush, hv
Processor Information for all 4 processors :
  Max Mhz: 2399, Current Mhz: 2399, Mhz Limit: 2399

Memory: 4k page, system-wide physical 5941M (592M free)
TotalPageFile size 8941M (AvailPageFile size 4M)
current process WorkingSet (physical memory assigned to process): 567M, peak: 567M
current process commit charge ("private bytes"): 587M, peak: 595M

vm_info: OpenJDK 64-Bit Server VM (17.0.12+7) for windows-amd64 JRE (17.0.12+7), built on Jul 16 2024 22:08:24 by "admin" with MS VC++ 16.10 / 16.11 (VS2019)

END.
