#
# There is insufficient memory for the Java Runtime Environment to continue.
# Native memory allocation (mmap) failed to map 65536 bytes. Error detail: Failed to commit metaspace.
# Possible reasons:
#   The system is out of physical RAM or swap space
#   This process is running with CompressedOops enabled, and the Java Heap may be blocking the growth of the native heap
# Possible solutions:
#   Reduce memory load on the system
#   Increase physical memory or swap space
#   Check if swap backing store is full
#   Decrease Java heap size (-Xmx/-Xms)
#   Decrease number of Java threads
#   Decrease Java thread stack sizes (-Xss)
#   Set larger code cache with -XX:ReservedCodeCacheSize=
#   JVM is running with Unscaled Compressed Oops mode in which the Java heap is
#     placed in the first 4GB address space. The Java Heap base address is the
#     maximum limit for the native heap growth. Please use -XX:HeapBaseMinAddress
#     to set the Java Heap base and to place the Java Heap above 4GB virtual address.
# This output file may be truncated or incomplete.
#
#  Out of Memory Error (virtualSpaceNode.cpp:110), pid=1632, tid=10704
#
# JRE version: OpenJDK Runtime Environment Temurin-17.0.12+7 (17.0.12+7) (build 17.0.12+7)
# Java VM: OpenJDK 64-Bit Server VM Temurin-17.0.12+7 (17.0.12+7, mixed mode, tiered, compressed oops, compressed class ptrs, parallel gc, windows-amd64)
# No core dump will be written. Minidumps are not enabled by default on client versions of Windows
#

---------------  S U M M A R Y ------------

Command Line: --add-modules=ALL-SYSTEM --add-opens=java.base/java.util=ALL-UNNAMED --add-opens=java.base/java.lang=ALL-UNNAMED --add-opens=java.base/sun.nio.fs=ALL-UNNAMED -Declipse.application=org.eclipse.jdt.ls.core.id1 -Dosgi.bundles.defaultStartLevel=4 -Declipse.product=org.eclipse.jdt.ls.core.product -Djava.import.generatesMetadataFilesAtProjectRoot=false -DDetectVMInstallationsJob.disabled=true -Dfile.encoding=utf8 -XX:+UseParallelGC -XX:GCTimeRatio=4 -XX:AdaptiveSizePolicyWeight=90 -Dsun.zip.disableMemoryMapping=true -Xmx1G -Xms100m -Xlog:disable -javaagent:c:\Users\user\.vscode\extensions\redhat.java-1.35.0-win32-x64\lombok\lombok-1.18.33.jar c:\Users\user\.vscode\extensions\redhat.java-1.35.0-win32-x64\server\plugins\org.eclipse.equinox.launcher_1.6.900.v20240613-2009.jar -configuration c:\Users\user\AppData\Roaming\Code\User\globalStorage\redhat.java\1.35.0\config_ss_win -data c:\Users\user\AppData\Roaming\Code\User\workspaceStorage\b9e5c6bf76a5906f90f2701a3e33a214\redhat.java\ss_ws --pipe=\\.\pipe\lsp-6cfd1c8cdb2341db7a3766ad053c8c07-sock

Host: Intel(R) Core(TM) i3 CPU       M 370  @ 2.40GHz, 4 cores, 5G,  Windows 10 , 64 bit Build 19041 (10.0.19041.4842)
Time: Fri Sep 27 20:57:12 2024 Paris, Madrid (heure duild 19041 (10.0.19041.4842) elapsed time: 13.184973 seconds (0d 0h 0m 13s)

---------------  T H R E A D  ---------------

Current thread (0x00000291bc41e9f0):  JavaThread "Start Level: Equinox Container: f2f3ad59-bc9d-4993-b1f6-106759b718f7" daemon [_thread_in_vm, id=10704, stack(0x000000a1a6600000,0x000000a1a6700000)]

Stack: [0x000000a1a6600000,0x000000a1a6700000]
Native frames: (J=compiled Java code, j=interpreted, Vv=VM code, C=native code)
V  [jvm.dll+0x67f929]
V  [jvm.dll+0x8371ba]
V  [jvm.dll+0x838c7e]
V  [jvm.dll+0x8392e3]
V  [jvm.dll+0x24834f]
V  [jvm.dll+0x832e6d]
V  [jvm.dll+0x623e9e]
V  [jvm.dll+0x1c1e3b]
V  [jvm.dll+0x6267ed]
V  [jvm.dll+0x624846]
V  [jvm.dll+0x245bec]
V  [jvm.dll+0x6d5dad]
V  [jvm.dll+0x6d67ef]
V  [jvm.dll+0x374364]
V  [jvm.dll+0x3733e4]
V  [jvm.dll+0x373388]
V  [jvm.dll+0x38343a]
C  0x00000291acd6a958

The last pc belongs to new (printed below).
Java frames: (J=compiled Java code, j=interpreted, Vv=VM code)
j  org.eclipse.jdt.ls.core.internal.preferences.PreferenceManager.<init>()V+5
j  org.eclipse.jdt.ls.core.internal.JavaLanguageServerPlugin.start(Lorg/osgi/framework/BundleContext;)V+50
j  org.eclipse.osgi.internal.framework.BundleContextImpl$2.run()Ljava/lang/Void;+23
j  org.eclipse.osgi.internal.framework.BundleContextImpl$2.run()Ljava/lang/Object;+1
J 881 c1 java.security.AccessController.executePrivileged(Ljava/security/PrivilegedExceptionAction;Ljava/security/AccessControlContext;Ljava/lang/Class;)Ljava/lang/Object; java.base@17.0.12 (65 bytes) @ 0x00000291a599bab4 [0x00000291a599b960+0x0000000000000154]
j  java.security.AccessController.doPrivileged(Ljava/security/PrivilegedExceptionAction;)Ljava/lang/Object;+9 java.base@17.0.12
j  org.eclipse.osgi.internal.framework.BundleContextImpl.startActivator(Lorg/osgi/framework/BundleActivator;)V+9
j  org.eclipse.osgi.internal.framework.BundleContextImpl.start()V+134
j  org.eclipse.osgi.internal.framework.EquinoxBundle.startWorker0()V+35
j  org.eclipse.osgi.internal.framework.EquinoxBundle$EquinoxModule.startWorker()V+4
j  org.eclipse.osgi.container.Module.doStart([Lorg/eclipse/osgi/container/Module$StartOptions;)Lorg/eclipse/osgi/container/ModuleContainerAdaptor$ModuleEvent;+190
j  org.eclipse.osgi.container.Module.start([Lorg/eclipse/osgi/container/Module$StartOptions;)V+460
j  org.eclipse.osgi.container.ModuleContainer$ContainerStartLevel$2.run()V+71
j  org.eclipse.osgi.internal.framework.EquinoxContainerAdaptor$1$1.execute(Ljava/lang/Runnable;)V+1
j  org.eclipse.osgi.container.ModuleContainer$ContainerStartLevel.incStartLevel(ILjava/util/List;Z)V+193
j  org.eclipse.osgi.container.ModuleContainer$ContainerStartLevel.incStartLevel(ILjava/util/List;Ljava/util/List;Ljava/util/List;Ljava/util/List;)V+19
j  org.eclipse.osgi.container.ModuleContainer$ContainerStartLevel.doContainerStartLevel(Lorg/eclipse/osgi/container/Module;I[Lorg/osgi/framework/FrameworkListener;)V+349
j  org.eclipse.osgi.container.ModuleContainer$ContainerStartLevel.dispatchEvent(Lorg/eclipse/osgi/container/Module;[Lorg/osgi/framework/FrameworkListener;ILjava/lang/Integer;)V+32
j  org.eclipse.osgi.container.ModuleContainer$ContainerStartLevel.dispatchEvent(Ljava/lang/Object;Ljava/lang/Object;ILjava/lang/Object;)V+15
j  org.eclipse.osgi.framework.eventmgr.EventManager.dispatchEvent(Ljava/util/Set;Lorg/eclipse/osgi/framework/eventmgr/EventDispatcher;ILjava/lang/Object;)V+48
j  org.eclipse.osgi.framework.eventmgr.EventManager$EventThread.run()V+26
v  ~StubRoutines::call_stub
new  187 new  [0x00000291acd6a7c0, 0x00000291acd6a9e0]  544 bytes
[MachCode]
  0x00000291acd6a7c0: 4883 ec08 | f30f 1104 | 24eb 1f48 | 83ec 10f2 | 0f11 0424 | eb14 4883 | ec10 4889 | 0424 48c7 
  0x00000291acd6a7e0: 4424 0800 | 0000 00eb | 0150 410f | b755 010f | cac1 ea10 | 488b 4de8 | 488b 4908 | 488b 4908 
  0x00000291acd6a800: 488b 4108 | 807c 1004 | 070f 85d6 | 0000 0066 | 8b54 d148 | 488b 4928 | 488b 4cd1 | 0851 80b9 
  0x00000291acd6a820: 3301 0000 | 040f 85b9 | 0000 008b | 5108 f7c2 | 0100 0000 | 0f85 aa00 | 0000 498b | 8708 0100 
  0x00000291acd6a840: 0048 8d1c | 1049 3b9f | 1801 0000 | 0f87 9200 | 0000 4989 | 9f08 0100 | 00e9 0000 | 0000 4883 
  0x00000291acd6a860: ea10 0f84 | 0f00 0000 | 33c9 c1ea | 0348 894c | d008 48ff | ca75 f648 | c700 0100 | 0000 5933 
  0x00000291acd6a880: f689 700c | 48c1 e903 | 8948 0849 | bad9 b5ce | c7fc 7f00 | 0041 803a | 000f 8440 | 0000 0050 
  0x00000291acd6a8a0: 488b c848 | 83ec 20f7 | c40f 0000 | 000f 841a | 0000 0048 | 83ec 0849 | bab0 4c84 | c7fc 7f00 
  0x00000291acd6a8c0: 0041 ffd2 | 4883 c408 | e90d 0000 | 0049 bab0 | 4c84 c7fc | 7f00 0041 | ffd2 4883 | c420 58e9 
  0x00000291acd6a8e0: c700 0000 | 5948 8b55 | e848 8b52 | 0848 8b52 | 0845 0fb7 | 4501 410f | c841 c1e8 | 10e8 0500 
  0x00000291acd6a900: 0000 e9a4 | 0000 0048 | 8d44 2408 | 4c89 6dc0 | 498b cf49 | 89af a802 | 0000 4989 | 8798 0200 
  0x00000291acd6a920: 0048 83ec | 20f7 c40f | 0000 000f | 841a 0000 | 0048 83ec | 0849 bab0 | 334e c7fc | 7f00 0041 
  0x00000291acd6a940: ffd2 4883 | c408 e90d | 0000 0049 | bab0 334e | c7fc 7f00 | 0041 ffd2 | 4883 c420 | 49c7 8798 
  0x00000291acd6a960: 0200 0000 | 0000 0049 | c787 a802 | 0000 0000 | 0000 49c7 | 87a0 0200 | 0000 0000 | 0049 817f 
  0x00000291acd6a980: 0800 0000 | 000f 8405 | 0000 00e9 | 7065 feff | 498b 87f0 | 0200 0049 | c787 f002 | 0000 0000 
  0x00000291acd6a9a0: 0000 4c8b | 6dc0 4c8b | 75c8 c341 | 0fb6 5d03 | 4983 c503 | 49ba 9022 | d1c7 fc7f | 0000 41ff 
  0x00000291acd6a9c0: 24da 660f | 1f44 0000 | 0000 0000 | 0000 0000 | 0000 0000 | 0000 0000 | 0000 0000 | 0000 0000 
[/MachCode]

Compiled method (c1)   13268  881       3       java.security.AccessController::executePrivileged (65 bytes)
 total in heap  [0x00000291a599b790,0x00000291a599bd78] = 1512
 relocation     [0x00000291a599b8e8,0x00000291a599b948] = 96
 main code      [0x00000291a599b960,0x00000291a599bc00] = 672
 stub code      [0x00000291a599bc00,0x00000291a599bc58] = 88
 metadata       [0x00000291a599bc58,0x00000291a599bc68] = 16
 scopes data    [0x00000291a599bc68,0x00000291a599bce0] = 120
 scopes pcs     [0x00000291a599bce0,0x00000291a599bd60] = 128
 dependencies   [0x00000291a599bd60,0x00000291a599bd68] = 8
 nul chk table  [0x00000291a599bd68,0x00000291a599bd78] = 16

[Constant Pool (empty)]

[MachCode]
[Verified Entry Point]
  # {method} {0x00000291b7030fe0} 'executePrivileged' '(Ljava/security/PrivilegedExceptionAction;Ljava/security/AccessControlContext;Ljava/lang/Class;)Ljava/lang/Object;' in 'java/security/AccessController'
  # parm0:    rdx:rdx   = 'java/security/PrivilegedExceptionAction'
  # parm1:    r8:r8     = 'java/security/AccessControlContext'
  # parm2:    r9:r9     = 'java/lang/Class'
  #           [sp+0x50]  (sp of caller)
  0x00000291a599b960: 8984 2400 | 90ff ff55 | 4883 ec40 | 4c89 4424 

  0x00000291a599b970: ;   {metadata(method data for {method} {0x00000291b7030fe0} 'executePrivileged' '(Ljava/security/PrivilegedExceptionAction;Ljava/security/AccessControlContext;Ljava/lang/Class;)Ljava/lang/Object;' in 'java/security/AccessController')}
  0x00000291a599b970: 3048 be98 | 529b b791 | 0200 008b | becc 0000 | 0083 c702 | 89be cc00 | 0000 81e7 | fe07 0000 
  0x00000291a599b990: 83ff 000f | 84b7 0100 | 0049 83f8 

  0x00000291a599b99c: ;   {metadata(method data for {method} {0x00000291b7030fe0} 'executePrivileged' '(Ljava/security/PrivilegedExceptionAction;Ljava/security/AccessControlContext;Ljava/lang/Class;)Ljava/lang/Object;' in 'java/security/AccessController')}
  0x00000291a599b99c: 0048 be98 | 529b b791 | 0200 0048 | bf10 0100 | 0000 0000 | 000f 840a | 0000 0048 | bf20 0100 
  0x00000291a599b9bc: 0000 0000 | 0048 8b1c | 3e48 8d5b | 0148 891c | 3e4c 894c | 2428 4889 | 5424 200f | 841f 0000 
  0x00000291a599b9dc: ;   {metadata(method data for {method} {0x00000291b7030fe0} 'executePrivileged' '(Ljava/security/PrivilegedExceptionAction;Ljava/security/AccessControlContext;Ljava/lang/Class;)Ljava/lang/Object;' in 'java/security/AccessController')}
  0x00000291a599b9dc: 0048 be98 | 529b b791 | 0200 0048 | 8386 3001 | 0000 0149 | 8bd0 0f1f 

  0x00000291a599b9f4: ;   {static_call}
  0x00000291a599b9f4: 4400 00e8 

  0x00000291a599b9f8: ; ImmutableOopMap {[32]=Oop [40]=Oop [48]=Oop }
                      ;*invokestatic ensureMaterializedForStackWalk {reexecute=0 rethrow=0 return_oop=0}
                      ; - java.security.AccessController::executePrivileged@5
  0x00000291a599b9f8: 3c68 9d07 

  0x00000291a599b9fc: ;   {metadata(method data for {method} {0x00000291b7030fe0} 'executePrivileged' '(Ljava/security/PrivilegedExceptionAction;Ljava/security/AccessControlContext;Ljava/lang/Class;)Ljava/lang/Object;' in 'java/security/AccessController')}
  0x00000291a599b9fc: 48ba 9852 | 9bb7 9102 | 0000 ff82 | 4001 0000 | 488b 5424 | 2048 3b02 

  0x00000291a599ba14: ;   {metadata(method data for {method} {0x00000291b7030fe0} 'executePrivileged' '(Ljava/security/PrivilegedExceptionAction;Ljava/security/AccessControlContext;Ljava/lang/Class;)Ljava/lang/Object;' in 'java/security/AccessController')}
  0x00000291a599ba14: 488b f248 | bf98 529b | b791 0200 | 008b 7608 | 48c1 e603 | 483b b7b0 | 0100 0075 | 0d48 8387 
  0x00000291a599ba34: b801 0000 | 01e9 6600 | 0000 483b | b7c0 0100 | 0075 0d48 | 8387 c801 | 0000 01e9 | 5000 0000 
  0x00000291a599ba54: 4881 bfb0 | 0100 0000 | 0000 0075 | 1748 89b7 | b001 0000 | 48c7 87b8 | 0100 0001 | 0000 00e9 
  0x00000291a599ba74: 2c00 0000 | 4881 bfc0 | 0100 0000 | 0000 0075 | 1748 89b7 | c001 0000 | 48c7 87c8 | 0100 0001 
  0x00000291a599ba94: 0000 00e9 | 0800 0000 | 4883 87a0 | 0100 0001 | 9048 b880 | ea00 bc91 

  0x00000291a599baac: ;   {virtual_call}
  0x00000291a599baac: 0200 00e8 

  0x00000291a599bab0: ; ImmutableOopMap {[40]=Oop [48]=Oop }
                      ;*invokeinterface run {reexecute=0 rethrow=0 return_oop=0}
                      ; - java.security.AccessController::executePrivileged@29
  0x00000291a599bab0: 5409 4b07 

  0x00000291a599bab4: ;   {metadata(method data for {method} {0x00000291b7030fe0} 'executePrivileged' '(Ljava/security/PrivilegedExceptionAction;Ljava/security/AccessControlContext;Ljava/lang/Class;)Ljava/lang/Object;' in 'java/security/AccessController')}
  0x00000291a599bab4: 48be 9852 | 9bb7 9102 | 0000 ff86 | d801 0000 | 4c8b 4c24 

  0x00000291a599bac8: ;   {metadata(method data for {method} {0x00000291b7030fe0} 'executePrivileged' '(Ljava/security/PrivilegedExceptionAction;Ljava/security/AccessControlContext;Ljava/lang/Class;)Ljava/lang/Object;' in 'java/security/AccessController')}
  0x00000291a599bac8: 2848 be98 | 529b b791 | 0200 0048 | 8386 3802 

  0x00000291a599bad8: ;   {metadata(method data for {method} {0x00000291b7035da0} 'reachabilityFence' '(Ljava/lang/Object;)V' in 'java/lang/ref/Reference')}
  0x00000291a599bad8: 0000 0148 | be90 655e | b791 0200 | 008b becc | 0000 0083 | c702 89be | cc00 0000 | 81e7 feff 
  0x00000291a599baf8: 1f00 83ff | 000f 8473 

  0x00000291a599bb00: ;   {metadata(method data for {method} {0x00000291b7030fe0} 'executePrivileged' '(Ljava/security/PrivilegedExceptionAction;Ljava/security/AccessControlContext;Ljava/lang/Class;)Ljava/lang/Object;' in 'java/security/AccessController')}
  0x00000291a599bb00: 0000 0048 | be98 529b | b791 0200 | 0048 8386 | 4802 0000 

  0x00000291a599bb14: ;   {metadata(method data for {method} {0x00000291b7035da0} 'reachabilityFence' '(Ljava/lang/Object;)V' in 'java/lang/ref/Reference')}
  0x00000291a599bb14: 0148 be90 | 655e b791 | 0200 008b | becc 0000 | 0083 c702 | 89be cc00 | 0000 81e7 | feff 1f00 
  0x00000291a599bb34: 83ff 000f | 845a 0000 | 0048 83c4 

  0x00000291a599bb40: ;   {poll_return}
  0x00000291a599bb40: 405d 493b | a750 0300 | 000f 8766 | 0000 00c3 

  0x00000291a599bb50: ;   {metadata({method} {0x00000291b7030fe0} 'executePrivileged' '(Ljava/security/PrivilegedExceptionAction;Ljava/security/AccessControlContext;Ljava/lang/Class;)Ljava/lang/Object;' in 'java/security/AccessController')}
  0x00000291a599bb50: 49ba d80f | 03b7 9102 | 0000 4c89 | 5424 0848 | c704 24ff 

  0x00000291a599bb64: ;   {runtime_call counter_overflow Runtime1 stub}
  0x00000291a599bb64: ffff ffe8 

  0x00000291a599bb68: ; ImmutableOopMap {rdx=Oop r8=Oop [48]=Oop r9=Oop }
                      ;*synchronization entry
                      ; - java.security.AccessController::executePrivileged@-1
  0x00000291a599bb68: 14de 4a07 | e928 feff 

  0x00000291a599bb70: ;   {runtime_call throw_null_pointer_exception Runtime1 stub}
  0x00000291a599bb70: ffe8 aaad 

  0x00000291a599bb74: ; ImmutableOopMap {[40]=Oop rdx=Oop [48]=Oop }
                      ;*invokeinterface run {reexecute=0 rethrow=0 return_oop=0}
                      ; - java.security.AccessController::executePrivileged@29
                      ;   {metadata({method} {0x00000291b7035da0} 'reachabilityFence' '(Ljava/lang/Object;)V' in 'java/lang/ref/Reference')}
  0x00000291a599bb74: 4107 49ba | 985d 03b7 | 9102 0000 | 4c89 5424 | 0848 c704 | 24ff ffff 

  0x00000291a599bb8c: ;   {runtime_call counter_overflow Runtime1 stub}
  0x00000291a599bb8c: ffe8 eedd 

  0x00000291a599bb90: ; ImmutableOopMap {rax=Oop r9=Oop }
                      ;*synchronization entry
                      ; - java.lang.ref.Reference::reachabilityFence@-1
                      ; - java.security.AccessController::executePrivileged@56
  0x00000291a599bb90: 4a07 e96c 

  0x00000291a599bb94: ;   {metadata({method} {0x00000291b7035da0} 'reachabilityFence' '(Ljava/lang/Object;)V' in 'java/lang/ref/Reference')}
  0x00000291a599bb94: ffff ff49 | ba98 5d03 | b791 0200 | 004c 8954 | 2408 48c7 | 0424 ffff 

  0x00000291a599bbac: ;   {runtime_call counter_overflow Runtime1 stub}
  0x00000291a599bbac: ffff e8cd 

  0x00000291a599bbb0: ; ImmutableOopMap {rax=Oop }
                      ;*synchronization entry
                      ; - java.lang.ref.Reference::reachabilityFence@-1
                      ; - java.security.AccessController::executePrivileged@60
  0x00000291a599bbb0: dd4a 07eb 

  0x00000291a599bbb4: ;   {internal_word}
  0x00000291a599bbb4: 8849 ba42 | bb99 a591 | 0200 004d | 8997 6803 

  0x00000291a599bbc4: ;   {runtime_call SafepointBlob}
  0x00000291a599bbc4: 0000 e9b5 | b640 0790 | 9049 8b87 | e003 0000 | 49c7 87e0 | 0300 0000 | 0000 0049 | c787 e803 
  0x00000291a599bbe4: 0000 0000 | 0000 4883 

  0x00000291a599bbec: ;   {runtime_call unwind_exception Runtime1 stub}
  0x00000291a599bbec: c440 5de9 | 0cbc 4107 | f4f4 f4f4 | f4f4 f4f4 | f4f4 f4f4 
[Stub Code]
  0x00000291a599bc00: ;   {no_reloc}
  0x00000291a599bc00: 0f1f 4400 

  0x00000291a599bc04: ;   {static_stub}
  0x00000291a599bc04: 0048 bb50 | 0d03 b791 

  0x00000291a599bc0c: ;   {runtime_call I2C/C2I adapters}
  0x00000291a599bc0c: 0200 00e9 | 3c9e 4007 

  0x00000291a599bc14: ;   {static_stub}
  0x00000291a599bc14: 9048 bb00 | 0000 0000 

  0x00000291a599bc1c: ;   {runtime_call}
  0x00000291a599bc1c: 0000 00e9 | fbff ffff 
[Exception Handler]
  0x00000291a599bc24: ;   {runtime_call handle_exception_from_callee Runtime1 stub}
  0x00000291a599bc24: e8d7 8e41 

  0x00000291a599bc28: ;   {external_word}
  0x00000291a599bc28: 0748 b930 | caa8 c7fc | 7f00 0048 

  0x00000291a599bc34: ;   {runtime_call}
  0x00000291a599bc34: 83e4 f049 | ba70 4c71 | c7fc 7f00 | 0041 ffd2 

  0x00000291a599bc44: ;   {section_word}
  0x00000291a599bc44: f449 ba45 | bc99 a591 | 0200 0041 

  0x00000291a599bc50: ;   {runtime_call DeoptimizationBlob}
  0x00000291a599bc50: 52e9 4aaf | 4007 f4f4 
[/MachCode]


---------------  P R O C E S S  ---------------

Threads class SMR info:
_java_thread_list=0x00000291bc125d70, length=21, elements={
0x00000291a2b7f020, 0x00000291a2c3b630, 0x00000291a2c3c3c0, 0x00000291b69f7830,
0x00000291b69f84c0, 0x00000291b69fb160, 0x00000291b69fca40, 0x00000291b69ff700,
0x00000291b6a1e9a0, 0x00000291bbc23d30, 0x00000291a2be24d0, 0x00000291bbe9e8a0,
0x00000291bc7439a0, 0x00000291bc7a0620, 0x00000291bc41e9f0, 0x00000291bc9fc0a0,
0x00000291bc71a020, 0x00000291bc3d2c00, 0x00000291bc3d17c0, 0x00000291bc3d21e0,
0x00000291bc3d3110
}

Java Threads: ( => current thread )
  0x00000291a2b7f020 JavaThread "main" [_thread_blocked, id=9900, stack(0x000000a1a5100000,0x000000a1a5200000)]
  0x00000291a2c3b630 JavaThread "Reference Handler" daemon [_thread_blocked, id=5908, stack(0x000000a1a5400000,0x000000a1a5500000)]
  0x00000291a2c3c3c0 JavaThread "Finalizer" daemon [_thread_blocked, id=5284, stack(0x000000a1a5500000,0x000000a1a5600000)]
  0x00000291b69f7830 JavaThread "Signal Dispatcher" daemon [_thread_blocked, id=9276, stack(0x000000a1a5700000,0x000000a1a5800000)]
  0x00000291b69f84c0 JavaThread "Attach Listener" daemon [_thread_blocked, id=2532, stack(0x000000a1a5800000,0x000000a1a5900000)]
  0x00000291b69fb160 JavaThread "Service Thread" daemon [_thread_blocked, id=6240, stack(0x000000a1a5900000,0x000000a1a5a00000)]
  0x00000291b69fca40 JavaThread "Monitor Deflation Thread" daemon [_thread_blocked, id=7496, stack(0x000000a1a5a00000,0x000000a1a5b00000)]
  0x00000291b69ff700 JavaThread "C2 CompilerThread0" daemon [_thread_blocked, id=4048, stack(0x000000a1a5b00000,0x000000a1a5c00000)]
  0x00000291b6a1e9a0 JavaThread "C1 CompilerThread0" daemon [_thread_blocked, id=11916, stack(0x000000a1a5c00000,0x000000a1a5d00000)]
  0x00000291bbc23d30 JavaThread "Sweeper thread" daemon [_thread_blocked, id=1920, stack(0x000000a1a5d00000,0x000000a1a5e00000)]
  0x00000291a2be24d0 JavaThread "Common-Cleaner" daemon [_thread_blocked, id=2528, stack(0x000000a1a5e00000,0x000000a1a5f00000)]
  0x00000291bbe9e8a0 JavaThread "Notification Thread" daemon [_thread_blocked, id=9584, stack(0x000000a1a5f00000,0x000000a1a6000000)]
  0x00000291bc7439a0 JavaThread "Active Thread: Equinox Container: f2f3ad59-bc9d-4993-b1f6-106759b718f7" [_thread_blocked, id=10544, stack(0x000000a1a6500000,0x000000a1a6600000)]
  0x00000291bc7a0620 JavaThread "Framework Event Dispatcher: Equinox Container: f2f3ad59-bc9d-4993-b1f6-106759b718f7" daemon [_thread_blocked, id=5848, stack(0x000000a1a6400000,0x000000a1a6500000)]
=>0x00000291bc41e9f0 JavaThread "Start Level: Equinox Container: f2f3ad59-bc9d-4993-b1f6-106759b718f7" daemon [_thread_in_vm, id=10704, stack(0x000000a1a6600000,0x000000a1a6700000)]
  0x00000291bc9fc0a0 JavaThread "SCR Component Actor" daemon [_thread_blocked, id=7928, stack(0x000000a1a6700000,0x000000a1a6800000)]
  0x00000291bc71a020 JavaThread "SCR Component Registry" daemon [_thread_blocked, id=6688, stack(0x000000a1a6800000,0x000000a1a6900000)]
  0x00000291bc3d2c00 JavaThread "Worker-JM" [_thread_blocked, id=3340, stack(0x000000a1a6900000,0x000000a1a6a00000)]
  0x00000291bc3d17c0 JavaThread "JNA Cleaner" daemon [_thread_blocked, id=13184, stack(0x000000a1a6a00000,0x000000a1a6b00000)]
  0x00000291bc3d21e0 JavaThread "Worker-0" [_thread_blocked, id=10672, stack(0x000000a1a6b00000,0x000000a1a6c00000)]
  0x00000291bc3d3110 JavaThread "Worker-1" [_thread_blocked, id=2892, stack(0x000000a1a6c00000,0x000000a1a6d00000)]

Other Threads:
  0x00000291b69b6980 VMThread "VM Thread" [stack: 0x000000a1a5300000,0x000000a1a5400000] [id=13016]
  0x00000291bbe33fb0 WatcherThread [stack: 0x000000a1a6000000,0x000000a1a6100000] [id=12012]
  0x00000291a2b94b20 GCTaskThread "GC Thread#0" [stack: 0x000000a1a5200000,0x000000a1a5300000] [id=1296]
  0x00000291bc532760 GCTaskThread "GC Thread#1" [stack: 0x000000a1a6100000,0x000000a1a6200000] [id=4184]
  0x00000291bc436a30 GCTaskThread "GC Thread#2" [stack: 0x000000a1a6200000,0x000000a1a6300000] [id=8552]
  0x00000291bc62c130 GCTaskThread "GC Thread#3" [stack: 0x000000a1a6300000,0x000000a1a6400000] [id=7176]

Threads with active compile tasks:

VM state: not at safepoint (normal execution)

VM Mutex/Monitor currently owned by a thread:  ([mutex/lock_event])
[0x00000291a2b7ba80] Metaspace_lock - owner thread: 0x00000291bc41e9f0

Heap address: 0x00000000c0000000, size: 1024 MB, Compressed Oops mode: 32-bit

CDS archive(s) not mapped
Compressed class space mapped at: 0x0000000100000000-0x0000000140000000, reserved size: 1073741824
Narrow klass base: 0x0000000000000000, Narrow klass shift: 3, Narrow klass range: 0x140000000

GC Precious Log:
 CPUs: 4 total, 4 available
 Memory: 5941M
 Large Page Support: Disabled
 NUMA Support: Disabled
 Compressed Oops: Enabled (32-bit)
 Alignments: Space 512K, Generation 512K, Heap 2M
 Heap Min Capacity: 100M
 Heap Initial Capacity: 100M
 Heap Max Capacity: 1G
 Pre-touch: Disabled
 Parallel Workers: 4

Heap:
 PSYoungGen      total 27648K, used 27217K [0x00000000eab00000, 0x00000000eca80000, 0x0000000100000000)
  eden space 24576K, 100% used [0x00000000eab00000,0x00000000ec300000,0x00000000ec300000)
  from space 3072K, 85% used [0x00000000ec780000,0x00000000eca14538,0x00000000eca80000)
  to   space 3072K, 0% used [0x00000000ec480000,0x00000000ec480000,0x00000000ec780000)
 ParOldGen       total 68608K, used 7436K [0x00000000c0000000, 0x00000000c4300000, 0x00000000eab00000)
  object space 68608K, 10% used [0x00000000c0000000,0x00000000c07432d0,0x00000000c4300000)
 Metaspace       used 30413K, committed 30976K, reserved 1114112K
  class space    used 2936K, committed 3200K, reserved 1048576K

Card table byte_map: [0x00000291a2520000,0x00000291a2730000] _byte_map_base: 0x00000291a1f20000

Marking Bits: (ParMarkBitMap*) 0x00007ffcc7d058b0
 Begin Bits: [0x00000291b4820000, 0x00000291b5820000)
 End Bits:   [0x00000291b5820000, 0x00000291b6820000)

Polling page: 0x00000291a08c0000

Metaspace:

Usage:
  Non-class:     26.83 MB used.
      Class:      2.87 MB used.
       Both:     29.70 MB used.

Virtual space:
  Non-class space:       64.00 MB reserved,      27.12 MB ( 42%) committed,  1 nodes.
      Class space:        1.00 GB reserved,       3.12 MB ( <1%) committed,  1 nodes.
             Both:        1.06 GB reserved,      30.25 MB (  3%) committed. 

Chunk freelists:
   Non-Class:  4.61 MB
       Class:  12.74 MB
        Both:  17.35 MB

MaxMetaspaceSize: unlimited
CompressedClassSpaceSize: 1.00 GB
Initial GC threshold: 21.00 MB
Current GC threshold: 35.00 MB
CDS: off
MetaspaceReclaimPolicy: balanced
 - commit_granule_bytes: 65536.
 - commit_granule_words: 8192.
 - virtual_space_node_default_size: 8388608.
 - enlarge_chunks_in_place: 1.
 - new_chunks_are_fully_committed: 0.
 - uncommit_free_chunks: 1.
 - use_allocation_guard: 0.
 - handle_deallocations: 1.


Internal statistics:

num_allocs_failed_limit: 3.
num_arena_births: 314.
num_arena_deaths: 14.
num_vsnodes_births: 2.
num_vsnodes_deaths: 0.
num_space_committed: 484.
num_space_uncommitted: 0.
num_chunks_returned_to_freelist: 17.
num_chunks_taken_from_freelist: 1141.
num_chunk_merges: 8.
num_chunk_splits: 756.
num_chunks_enlarged: 520.
num_inconsistent_stats: 0.

CodeHeap 'non-profiled nmethods': size=120000Kb used=1237Kb max_used=1237Kb free=118762Kb
 bounds [0x00000291ad2f0000, 0x00000291ad560000, 0x00000291b4820000]
CodeHeap 'profiled nmethods': size=120000Kb used=5457Kb max_used=5457Kb free=114543Kb
 bounds [0x00000291a5820000, 0x00000291a5d80000, 0x00000291acd50000]
CodeHeap 'non-nmethods': size=5760Kb used=1245Kb max_used=1283Kb free=4514Kb
 bounds [0x00000291acd50000, 0x00000291acfc0000, 0x00000291ad2f0000]
 total_blobs=3323 nmethods=2756 adapters=482
 compilation: enabled
              stopped_count=0, restarted_count=0
 full_count=0

Compilation events (20 events):
Event: 13.107 Thread 0x00000291b6a1e9a0 nmethod 2747 0x00000291a5d71e90 code [0x00000291a5d72040, 0x00000291a5d72188]
Event: 13.107 Thread 0x00000291b6a1e9a0 2748       3       jdk.internal.org.objectweb.asm.FieldWriter::computeFieldInfoSize (86 bytes)
Event: 13.108 Thread 0x00000291b6a1e9a0 nmethod 2748 0x00000291a5d72210 code [0x00000291a5d723e0, 0x00000291a5d726b8]
Event: 13.108 Thread 0x00000291b6a1e9a0 2749       3       jdk.internal.org.objectweb.asm.FieldWriter::putFieldInfo (269 bytes)
Event: 13.108 Thread 0x00000291b69ff700 nmethod 2745 0x00000291ad423d10 code [0x00000291ad423ea0, 0x00000291ad423fd8]
Event: 13.110 Thread 0x00000291b6a1e9a0 nmethod 2749 0x00000291a5d72810 code [0x00000291a5d72aa0, 0x00000291a5d73428]
Event: 13.117 Thread 0x00000291b69ff700 2750       4       java.util.StringTokenizer::skipDelimiters (116 bytes)
Event: 13.124 Thread 0x00000291b69ff700 nmethod 2750 0x00000291ad424190 code [0x00000291ad424320, 0x00000291ad424608]
Event: 13.146 Thread 0x00000291b6a1e9a0 2751       3       java.lang.StringBuilder::append (8 bytes)
Event: 13.146 Thread 0x00000291b6a1e9a0 nmethod 2751 0x00000291a5d73790 code [0x00000291a5d73920, 0x00000291a5d73a68]
Event: 13.153 Thread 0x00000291b6a1e9a0 2752       1       sun.nio.fs.WindowsFileSystem::provider (5 bytes)
Event: 13.153 Thread 0x00000291b6a1e9a0 nmethod 2752 0x00000291ad424890 code [0x00000291ad424a20, 0x00000291ad424af8]
Event: 13.154 Thread 0x00000291b6a1e9a0 2753       1       sun.nio.fs.NativeBuffer::owner (5 bytes)
Event: 13.155 Thread 0x00000291b6a1e9a0 nmethod 2753 0x00000291ad424b90 code [0x00000291ad424d20, 0x00000291ad424df8]
Event: 13.163 Thread 0x00000291b69ff700 2754       4       java.util.concurrent.locks.ReentrantLock$Sync::tryRelease (51 bytes)
Event: 13.165 Thread 0x00000291b69ff700 nmethod 2754 0x00000291ad424e90 code [0x00000291ad425000, 0x00000291ad4250d8]
Event: 13.165 Thread 0x00000291b69ff700 2755       4       java.util.concurrent.locks.ReentrantLock$NonfairSync::initialTryLock (58 bytes)
Event: 13.167 Thread 0x00000291b6a1e9a0 2756       3       java.lang.AbstractStringBuilder::<init> (63 bytes)
Event: 13.168 Thread 0x00000291b6a1e9a0 nmethod 2756 0x00000291a5d73b10 code [0x00000291a5d73d00, 0x00000291a5d74238]
Event: 13.168 Thread 0x00000291b69ff700 nmethod 2755 0x00000291ad425190 code [0x00000291ad425300, 0x00000291ad4253f8]

GC Heap History (14 events):
Event: 3.662 GC heap before
{Heap before GC invocations=1 (full 0):
 PSYoungGen      total 29696K, used 25600K [0x00000000eab00000, 0x00000000ecc00000, 0x0000000100000000)
  eden space 25600K, 100% used [0x00000000eab00000,0x00000000ec400000,0x00000000ec400000)
  from space 4096K, 0% used [0x00000000ec800000,0x00000000ec800000,0x00000000ecc00000)
  to   space 4096K, 0% used [0x00000000ec400000,0x00000000ec400000,0x00000000ec800000)
 ParOldGen       total 68608K, used 0K [0x00000000c0000000, 0x00000000c4300000, 0x00000000eab00000)
  object space 68608K, 0% used [0x00000000c0000000,0x00000000c0000000,0x00000000c4300000)
 Metaspace       used 10988K, committed 11200K, reserved 1114112K
  class space    used 1091K, committed 1216K, reserved 1048576K
}
Event: 3.676 GC heap after
{Heap after GC invocations=1 (full 0):
 PSYoungGen      total 29696K, used 3188K [0x00000000eab00000, 0x00000000ecc00000, 0x0000000100000000)
  eden space 25600K, 0% used [0x00000000eab00000,0x00000000eab00000,0x00000000ec400000)
  from space 4096K, 77% used [0x00000000ec400000,0x00000000ec71d350,0x00000000ec800000)
  to   space 4096K, 0% used [0x00000000ec800000,0x00000000ec800000,0x00000000ecc00000)
 ParOldGen       total 68608K, used 16K [0x00000000c0000000, 0x00000000c4300000, 0x00000000eab00000)
  object space 68608K, 0% used [0x00000000c0000000,0x00000000c0004000,0x00000000c4300000)
 Metaspace       used 10988K, committed 11200K, reserved 1114112K
  class space    used 1091K, committed 1216K, reserved 1048576K
}
Event: 6.220 GC heap before
{Heap before GC invocations=2 (full 0):
 PSYoungGen      total 29696K, used 28788K [0x00000000eab00000, 0x00000000ecc00000, 0x0000000100000000)
  eden space 25600K, 100% used [0x00000000eab00000,0x00000000ec400000,0x00000000ec400000)
  from space 4096K, 77% used [0x00000000ec400000,0x00000000ec71d350,0x00000000ec800000)
  to   space 4096K, 0% used [0x00000000ec800000,0x00000000ec800000,0x00000000ecc00000)
 ParOldGen       total 68608K, used 16K [0x00000000c0000000, 0x00000000c4300000, 0x00000000eab00000)
  object space 68608K, 0% used [0x00000000c0000000,0x00000000c0004000,0x00000000c4300000)
 Metaspace       used 14671K, committed 14912K, reserved 1114112K
  class space    used 1484K, committed 1600K, reserved 1048576K
}
Event: 6.230 GC heap after
{Heap after GC invocations=2 (full 0):
 PSYoungGen      total 29696K, used 4084K [0x00000000eab00000, 0x00000000ecc00000, 0x0000000100000000)
  eden space 25600K, 0% used [0x00000000eab00000,0x00000000eab00000,0x00000000ec400000)
  from space 4096K, 99% used [0x00000000ec800000,0x00000000ecbfd000,0x00000000ecc00000)
  to   space 4096K, 0% used [0x00000000ec400000,0x00000000ec400000,0x00000000ec800000)
 ParOldGen       total 68608K, used 816K [0x00000000c0000000, 0x00000000c4300000, 0x00000000eab00000)
  object space 68608K, 1% used [0x00000000c0000000,0x00000000c00cc370,0x00000000c4300000)
 Metaspace       used 14671K, committed 14912K, reserved 1114112K
  class space    used 1484K, committed 1600K, reserved 1048576K
}
Event: 7.398 GC heap before
{Heap before GC invocations=3 (full 0):
 PSYoungGen      total 29696K, used 29680K [0x00000000eab00000, 0x00000000ecc00000, 0x0000000100000000)
  eden space 25600K, 99% used [0x00000000eab00000,0x00000000ec3ff2e0,0x00000000ec400000)
  from space 4096K, 99% used [0x00000000ec800000,0x00000000ecbfd000,0x00000000ecc00000)
  to   space 4096K, 0% used [0x00000000ec400000,0x00000000ec400000,0x00000000ec800000)
 ParOldGen       total 68608K, used 816K [0x00000000c0000000, 0x00000000c4300000, 0x00000000eab00000)
  object space 68608K, 1% used [0x00000000c0000000,0x00000000c00cc370,0x00000000c4300000)
 Metaspace       used 19746K, committed 20160K, reserved 1114112K
  class space    used 2015K, committed 2176K, reserved 1048576K
}
Event: 7.407 GC heap after
{Heap after GC invocations=3 (full 0):
 PSYoungGen      total 29696K, used 4065K [0x00000000eab00000, 0x00000000ecc00000, 0x0000000100000000)
  eden space 25600K, 0% used [0x00000000eab00000,0x00000000eab00000,0x00000000ec400000)
  from space 4096K, 99% used [0x00000000ec400000,0x00000000ec7f8748,0x00000000ec800000)
  to   space 4096K, 0% used [0x00000000ec800000,0x00000000ec800000,0x00000000ecc00000)
 ParOldGen       total 68608K, used 2494K [0x00000000c0000000, 0x00000000c4300000, 0x00000000eab00000)
  object space 68608K, 3% used [0x00000000c0000000,0x00000000c026fbc0,0x00000000c4300000)
 Metaspace       used 19746K, committed 20160K, reserved 1114112K
  class space    used 2015K, committed 2176K, reserved 1048576K
}
Event: 7.922 GC heap before
{Heap before GC invocations=4 (full 0):
 PSYoungGen      total 29696K, used 12114K [0x00000000eab00000, 0x00000000ecc00000, 0x0000000100000000)
  eden space 25600K, 31% used [0x00000000eab00000,0x00000000eb2dc350,0x00000000ec400000)
  from space 4096K, 99% used [0x00000000ec400000,0x00000000ec7f8748,0x00000000ec800000)
  to   space 4096K, 0% used [0x00000000ec800000,0x00000000ec800000,0x00000000ecc00000)
 ParOldGen       total 68608K, used 2494K [0x00000000c0000000, 0x00000000c4300000, 0x00000000eab00000)
  object space 68608K, 3% used [0x00000000c0000000,0x00000000c026fbc0,0x00000000c4300000)
 Metaspace       used 21049K, committed 21504K, reserved 1114112K
  class space    used 2147K, committed 2368K, reserved 1048576K
}
Event: 7.930 GC heap after
{Heap after GC invocations=4 (full 0):
 PSYoungGen      total 29696K, used 4081K [0x00000000eab00000, 0x00000000ecc00000, 0x0000000100000000)
  eden space 25600K, 0% used [0x00000000eab00000,0x00000000eab00000,0x00000000ec400000)
  from space 4096K, 99% used [0x00000000ec800000,0x00000000ecbfc758,0x00000000ecc00000)
  to   space 4096K, 0% used [0x00000000ec400000,0x00000000ec400000,0x00000000ec800000)
 ParOldGen       total 68608K, used 3470K [0x00000000c0000000, 0x00000000c4300000, 0x00000000eab00000)
  object space 68608K, 5% used [0x00000000c0000000,0x00000000c03638d8,0x00000000c4300000)
 Metaspace       used 21049K, committed 21504K, reserved 1114112K
  class space    used 2147K, committed 2368K, reserved 1048576K
}
Event: 7.930 GC heap before
{Heap before GC invocations=5 (full 1):
 PSYoungGen      total 29696K, used 4081K [0x00000000eab00000, 0x00000000ecc00000, 0x0000000100000000)
  eden space 25600K, 0% used [0x00000000eab00000,0x00000000eab00000,0x00000000ec400000)
  from space 4096K, 99% used [0x00000000ec800000,0x00000000ecbfc758,0x00000000ecc00000)
  to   space 4096K, 0% used [0x00000000ec400000,0x00000000ec400000,0x00000000ec800000)
 ParOldGen       total 68608K, used 3470K [0x00000000c0000000, 0x00000000c4300000, 0x00000000eab00000)
  object space 68608K, 5% used [0x00000000c0000000,0x00000000c03638d8,0x00000000c4300000)
 Metaspace       used 21049K, committed 21504K, reserved 1114112K
  class space    used 2147K, committed 2368K, reserved 1048576K
}
Event: 7.981 GC heap after
{Heap after GC invocations=5 (full 1):
 PSYoungGen      total 29696K, used 0K [0x00000000eab00000, 0x00000000ecc00000, 0x0000000100000000)
  eden space 25600K, 0% used [0x00000000eab00000,0x00000000eab00000,0x00000000ec400000)
  from space 4096K, 0% used [0x00000000ec800000,0x00000000ec800000,0x00000000ecc00000)
  to   space 4096K, 0% used [0x00000000ec400000,0x00000000ec400000,0x00000000ec800000)
 ParOldGen       total 68608K, used 7420K [0x00000000c0000000, 0x00000000c4300000, 0x00000000eab00000)
  object space 68608K, 10% used [0x00000000c0000000,0x00000000c073f2d0,0x00000000c4300000)
 Metaspace       used 21036K, committed 21504K, reserved 1114112K
  class space    used 2144K, committed 2368K, reserved 1048576K
}
Event: 9.058 GC heap before
{Heap before GC invocations=6 (full 1):
 PSYoungGen      total 29696K, used 25600K [0x00000000eab00000, 0x00000000ecc00000, 0x0000000100000000)
  eden space 25600K, 100% used [0x00000000eab00000,0x00000000ec400000,0x00000000ec400000)
  from space 4096K, 0% used [0x00000000ec800000,0x00000000ec800000,0x00000000ecc00000)
  to   space 4096K, 0% used [0x00000000ec400000,0x00000000ec400000,0x00000000ec800000)
 ParOldGen       total 68608K, used 7420K [0x00000000c0000000, 0x00000000c4300000, 0x00000000eab00000)
  object space 68608K, 10% used [0x00000000c0000000,0x00000000c073f2d0,0x00000000c4300000)
 Metaspace       used 23648K, committed 24192K, reserved 1114112K
  class space    used 2405K, committed 2624K, reserved 1048576K
}
Event: 9.061 GC heap after
{Heap after GC invocations=6 (full 1):
 PSYoungGen      total 28160K, used 2768K [0x00000000eab00000, 0x00000000ecb80000, 0x0000000100000000)
  eden space 25088K, 0% used [0x00000000eab00000,0x00000000eab00000,0x00000000ec380000)
  from space 3072K, 90% used [0x00000000ec400000,0x00000000ec6b42f0,0x00000000ec700000)
  to   space 4096K, 0% used [0x00000000ec780000,0x00000000ec780000,0x00000000ecb80000)
 ParOldGen       total 68608K, used 7428K [0x00000000c0000000, 0x00000000c4300000, 0x00000000eab00000)
  object space 68608K, 10% used [0x00000000c0000000,0x00000000c07412d0,0x00000000c4300000)
 Metaspace       used 23648K, committed 24192K, reserved 1114112K
  class space    used 2405K, committed 2624K, reserved 1048576K
}
Event: 9.906 GC heap before
{Heap before GC invocations=7 (full 1):
 PSYoungGen      total 28160K, used 27856K [0x00000000eab00000, 0x00000000ecb80000, 0x0000000100000000)
  eden space 25088K, 100% used [0x00000000eab00000,0x00000000ec380000,0x00000000ec380000)
  from space 3072K, 90% used [0x00000000ec400000,0x00000000ec6b42f0,0x00000000ec700000)
  to   space 4096K, 0% used [0x00000000ec780000,0x00000000ec780000,0x00000000ecb80000)
 ParOldGen       total 68608K, used 7428K [0x00000000c0000000, 0x00000000c4300000, 0x00000000eab00000)
  object space 68608K, 10% used [0x00000000c0000000,0x00000000c07412d0,0x00000000c4300000)
 Metaspace       used 28003K, committed 28480K, reserved 1114112K
  class space    used 2715K, committed 2944K, reserved 1048576K
}
Event: 9.910 GC heap after
{Heap after GC invocations=7 (full 1):
 PSYoungGen      total 27648K, used 2641K [0x00000000eab00000, 0x00000000eca80000, 0x0000000100000000)
  eden space 24576K, 0% used [0x00000000eab00000,0x00000000eab00000,0x00000000ec300000)
  from space 3072K, 85% used [0x00000000ec780000,0x00000000eca14538,0x00000000eca80000)
  to   space 3072K, 0% used [0x00000000ec480000,0x00000000ec480000,0x00000000ec780000)
 ParOldGen       total 68608K, used 7436K [0x00000000c0000000, 0x00000000c4300000, 0x00000000eab00000)
  object space 68608K, 10% used [0x00000000c0000000,0x00000000c07432d0,0x00000000c4300000)
 Metaspace       used 28003K, committed 28480K, reserved 1114112K
  class space    used 2715K, committed 2944K, reserved 1048576K
}

Dll operation events (10 events):
Event: 0.023 Loaded shared library c:\Users\user\.vscode\extensions\redhat.java-1.35.0-win32-x64\jre\17.0.12-win32-x86_64\bin\java.dll
Event: 0.618 Loaded shared library c:\Users\user\.vscode\extensions\redhat.java-1.35.0-win32-x64\jre\17.0.12-win32-x86_64\bin\zip.dll
Event: 0.629 Loaded shared library C:\Users\user\.vscode\extensions\redhat.java-1.35.0-win32-x64\jre\17.0.12-win32-x86_64\bin\instrument.dll
Event: 0.673 Loaded shared library C:\Users\user\.vscode\extensions\redhat.java-1.35.0-win32-x64\jre\17.0.12-win32-x86_64\bin\net.dll
Event: 0.678 Loaded shared library C:\Users\user\.vscode\extensions\redhat.java-1.35.0-win32-x64\jre\17.0.12-win32-x86_64\bin\nio.dll
Event: 0.698 Loaded shared library C:\Users\user\.vscode\extensions\redhat.java-1.35.0-win32-x64\jre\17.0.12-win32-x86_64\bin\zip.dll
Event: 0.792 Loaded shared library C:\Users\user\.vscode\extensions\redhat.java-1.35.0-win32-x64\jre\17.0.12-win32-x86_64\bin\jimage.dll
Event: 1.106 Loaded shared library c:\Users\user\.vscode\extensions\redhat.java-1.35.0-win32-x64\jre\17.0.12-win32-x86_64\bin\verify.dll
Event: 5.752 Loaded shared library C:\Users\user\AppData\Roaming\Code\User\globalStorage\redhat.java\1.35.0\config_ss_win\org.eclipse.equinox.launcher\org.eclipse.equinox.launcher.win32.win32.x86_64_1.2.1100.v20240722-2106\eclipse_11904.dll
Event: 8.427 Loaded shared library C:\Users\user\AppData\Local\Temp\jna-3599307\jna3962188737802717483.dll

Deoptimization events (20 events):
Event: 13.058 Thread 0x00000291bc41e9f0 Uncommon trap: trap_request=0xffffff45 fr.pc=0x00000291ad31f648 relative=0x0000000000000048
Event: 13.058 Thread 0x00000291bc41e9f0 Uncommon trap: reason=unstable_if action=reinterpret pc=0x00000291ad31f648 method=java.lang.CharacterData.of(I)Ljava/lang/CharacterData; @ 4 c2
Event: 13.058 Thread 0x00000291bc41e9f0 DEOPT PACKING pc=0x00000291ad31f648 sp=0x000000a1a66fddd0
Event: 13.058 Thread 0x00000291bc41e9f0 DEOPT UNPACKING pc=0x00000291acda669d sp=0x000000a1a66fdd68 mode 2
Event: 13.071 Thread 0x00000291bc41e9f0 Uncommon trap: trap_request=0xffffff45 fr.pc=0x00000291ad30a76c relative=0x000000000000034c
Event: 13.071 Thread 0x00000291bc41e9f0 Uncommon trap: reason=unstable_if action=reinterpret pc=0x00000291ad30a76c method=java.lang.StringLatin1.canEncode(I)Z @ 4 c2
Event: 13.071 Thread 0x00000291bc41e9f0 DEOPT PACKING pc=0x00000291ad30a76c sp=0x000000a1a66fe610
Event: 13.071 Thread 0x00000291bc41e9f0 DEOPT UNPACKING pc=0x00000291acda669d sp=0x000000a1a66fe538 mode 2
Event: 13.071 Thread 0x00000291bc41e9f0 Uncommon trap: trap_request=0xffffff45 fr.pc=0x00000291ad30b054 relative=0x0000000000000334
Event: 13.071 Thread 0x00000291bc41e9f0 Uncommon trap: reason=unstable_if action=reinterpret pc=0x00000291ad30b054 method=java.lang.AbstractStringBuilder.isLatin1()Z @ 10 c2
Event: 13.071 Thread 0x00000291bc41e9f0 DEOPT PACKING pc=0x00000291ad30b054 sp=0x000000a1a66fe630
Event: 13.071 Thread 0x00000291bc41e9f0 DEOPT UNPACKING pc=0x00000291acda669d sp=0x000000a1a66fe5b0 mode 2
Event: 13.080 Thread 0x00000291bc41e9f0 Uncommon trap: trap_request=0xffffffc6 fr.pc=0x00000291ad380cf0 relative=0x00000000000009b0
Event: 13.080 Thread 0x00000291bc41e9f0 Uncommon trap: reason=bimorphic_or_optimized_type_check action=maybe_recompile pc=0x00000291ad380cf0 method=java.util.HashMap.putVal(ILjava/lang/Object;Ljava/lang/Object;ZZ)Ljava/lang/Object; @ 56 c2
Event: 13.080 Thread 0x00000291bc41e9f0 DEOPT PACKING pc=0x00000291ad380cf0 sp=0x000000a1a66fdcc0
Event: 13.080 Thread 0x00000291bc41e9f0 DEOPT UNPACKING pc=0x00000291acda669d sp=0x000000a1a66fdbc0 mode 2
Event: 13.080 Thread 0x00000291bc41e9f0 Uncommon trap: trap_request=0xffffffc6 fr.pc=0x00000291ad3820d8 relative=0x0000000000000918
Event: 13.080 Thread 0x00000291bc41e9f0 Uncommon trap: reason=bimorphic_or_optimized_type_check action=maybe_recompile pc=0x00000291ad3820d8 method=java.util.HashMap.putVal(ILjava/lang/Object;Ljava/lang/Object;ZZ)Ljava/lang/Object; @ 56 c2
Event: 13.080 Thread 0x00000291bc41e9f0 DEOPT PACKING pc=0x00000291ad3820d8 sp=0x000000a1a66fdc30
Event: 13.080 Thread 0x00000291bc41e9f0 DEOPT UNPACKING pc=0x00000291acda669d sp=0x000000a1a66fdbb8 mode 2

Classes loaded (20 events):
Event: 13.123 Loading class sun/util/resources/TimeZoneNamesBundle done
Event: 13.123 Loading class sun/util/resources/cldr/TimeZoneNames done
Event: 13.123 Loading class sun/util/resources/cldr/TimeZoneNames_en
Event: 13.125 Loading class sun/util/resources/cldr/TimeZoneNames_en done
Event: 13.125 Loading class sun/util/resources/cldr/TimeZoneNames_en_US
Event: 13.125 Loading class sun/util/resources/cldr/TimeZoneNames_en_US done
Event: 13.130 Loading class sun/util/cldr/CLDRBaseLocaleDataMetaInfo$TZCanonicalIDMapHolder
Event: 13.132 Loading class sun/util/cldr/CLDRBaseLocaleDataMetaInfo$TZCanonicalIDMapHolder done
Event: 13.136 Loading class sun/util/resources/TimeZoneNames
Event: 13.139 Loading class sun/util/resources/TimeZoneNames done
Event: 13.139 Loading class sun/util/resources/TimeZoneNames_en
Event: 13.139 Loading class sun/util/resources/TimeZoneNames_en done
Event: 13.147 Loading class sun/nio/fs/WindowsPath$1
Event: 13.147 Loading class sun/nio/fs/WindowsPath$1 done
Event: 13.148 Loading class sun/nio/fs/WindowsChannelFactory$2
Event: 13.148 Loading class sun/nio/fs/WindowsChannelFactory$2 done
Event: 13.152 Loading class java/nio/channels/Channels$1
Event: 13.152 Loading class java/nio/channels/Channels$1 done
Event: 13.153 Loading class sun/nio/fs/WindowsFileCopy
Event: 13.154 Loading class sun/nio/fs/WindowsFileCopy done

Classes unloaded (7 events):
Event: 7.938 Thread 0x00000291b69b6980 Unloading class 0x000000010021a400 'java/lang/invoke/LambdaForm$MH+0x000000010021a400'
Event: 7.938 Thread 0x00000291b69b6980 Unloading class 0x000000010021a000 'java/lang/invoke/LambdaForm$MH+0x000000010021a000'
Event: 7.938 Thread 0x00000291b69b6980 Unloading class 0x0000000100219c00 'java/lang/invoke/LambdaForm$MH+0x0000000100219c00'
Event: 7.938 Thread 0x00000291b69b6980 Unloading class 0x0000000100219800 'java/lang/invoke/LambdaForm$MH+0x0000000100219800'
Event: 7.938 Thread 0x00000291b69b6980 Unloading class 0x0000000100219400 'java/lang/invoke/LambdaForm$BMH+0x0000000100219400'
Event: 7.939 Thread 0x00000291b69b6980 Unloading class 0x0000000100219000 'java/lang/invoke/LambdaForm$DMH+0x0000000100219000'
Event: 7.939 Thread 0x00000291b69b6980 Unloading class 0x0000000100214400 'java/lang/invoke/LambdaForm$DMH+0x0000000100214400'

Classes redefined (0 events):
No events

Internal exceptions (20 events):
Event: 8.616 Thread 0x00000291bc41e9f0 Exception <a 'java/lang/NoSuchMethodError'{0x00000000eb001960}: 'java.lang.Object java.lang.invoke.DirectMethodHandle$Holder.newInvokeSpecial(java.lang.Object, java.lang.Object, java.lang.Object, long)'> (0x00000000eb001960) 
thrown [s\src\hotspot\share\interpreter\linkResolver.cpp, line 759]
Event: 8.618 Thread 0x00000291bc41e9f0 Exception <a 'java/lang/NoSuchMethodError'{0x00000000eb005f00}: 'java.lang.Object java.lang.invoke.DirectMethodHandle$Holder.invokeSpecial(java.lang.Object, java.lang.Object, java.lang.Object, java.lang.Object, long)'> (0x00000000eb005f00) 
thrown [s\src\hotspot\share\interpreter\linkResolver.cpp, line 759]
Event: 8.619 Thread 0x00000291bc41e9f0 Exception <a 'java/lang/NoSuchMethodError'{0x00000000eb009d78}: 'java.lang.Object java.lang.invoke.Invokers$Holder.linkToTargetMethod(java.lang.Object, java.lang.Object, long, java.lang.Object)'> (0x00000000eb009d78) 
thrown [s\src\hotspot\share\interpreter\linkResolver.cpp, line 759]
Event: 8.640 Thread 0x00000291bc41e9f0 Exception <a 'java/lang/NoSuchMethodError'{0x00000000eb05d8a8}: 'int java.lang.invoke.DirectMethodHandle$Holder.invokeStaticInit(java.lang.Object, java.lang.Object, java.lang.Object)'> (0x00000000eb05d8a8) 
thrown [s\src\hotspot\share\interpreter\linkResolver.cpp, line 759]
Event: 8.659 Thread 0x00000291bc41e9f0 Exception <a 'java/lang/IncompatibleClassChangeError'{0x00000000eb101508}: Found class java.lang.Object, but interface was expected> (0x00000000eb101508) 
thrown [s\src\hotspot\share\interpreter\linkResolver.cpp, line 826]
Event: 8.669 Thread 0x00000291bc41e9f0 Exception <a 'java/lang/NoSuchMethodError'{0x00000000eb1145f8}: 'java.lang.Object java.lang.invoke.DirectMethodHandle$Holder.invokeSpecial(java.lang.Object, java.lang.Object, java.lang.Object, int, java.lang.Object, java.lang.Object)'> (0x00000000eb1145f8) 
thrown [s\src\hotspot\share\interpreter\linkResolver.cpp, line 759]
Event: 8.672 Thread 0x00000291bc41e9f0 Exception <a 'java/lang/NoSuchMethodError'{0x00000000eb11d2d8}: 'java.lang.Object java.lang.invoke.DirectMethodHandle$Holder.newInvokeSpecial(java.lang.Object, java.lang.Object, java.lang.Object, int, java.lang.Object)'> (0x00000000eb11d2d8) 
thrown [s\src\hotspot\share\interpreter\linkResolver.cpp, line 759]
Event: 8.674 Thread 0x00000291bc41e9f0 Exception <a 'java/lang/NoSuchMethodError'{0x00000000eb121730}: 'java.lang.Object java.lang.invoke.DirectMethodHandle$Holder.invokeSpecial(java.lang.Object, java.lang.Object, java.lang.Object, java.lang.Object, int, java.lang.Object)'> (0x00000000eb121730) 
thrown [s\src\hotspot\share\interpreter\linkResolver.cpp, line 759]
Event: 8.677 Thread 0x00000291bc3d21e0 Exception <a 'java/lang/NoSuchMethodError'{0x00000000eb06b800}: 'java.lang.Object java.lang.invoke.DirectMethodHandle$Holder.invokeSpecial(java.lang.Object, java.lang.Object, int, java.lang.Object, java.lang.Object)'> (0x00000000eb06b800) 
thrown [s\src\hotspot\share\interpreter\linkResolver.cpp, line 759]
Event: 8.679 Thread 0x00000291bc3d21e0 Exception <a 'java/lang/NoSuchMethodError'{0x00000000eb072ed0}: 'java.lang.Object java.lang.invoke.DirectMethodHandle$Holder.newInvokeSpecial(java.lang.Object, java.lang.Object, int, java.lang.Object)'> (0x00000000eb072ed0) 
thrown [s\src\hotspot\share\interpreter\linkResolver.cpp, line 759]
Event: 8.680 Thread 0x00000291bc3d21e0 Exception <a 'java/lang/NoSuchMethodError'{0x00000000eb0769e0}: 'java.lang.Object java.lang.invoke.DirectMethodHandle$Holder.invokeSpecial(java.lang.Object, java.lang.Object, java.lang.Object, int, java.lang.Object)'> (0x00000000eb0769e0) 
thrown [s\src\hotspot\share\interpreter\linkResolver.cpp, line 759]
Event: 8.820 Thread 0x00000291bc41e9f0 Exception <a 'java/lang/NoSuchMethodError'{0x00000000eb4fe8a0}: 'double java.lang.invoke.DirectMethodHandle$Holder.invokeStatic(java.lang.Object, java.lang.Object)'> (0x00000000eb4fe8a0) 
thrown [s\src\hotspot\share\interpreter\linkResolver.cpp, line 759]
Event: 8.821 Thread 0x00000291bc41e9f0 Exception <a 'java/lang/NoSuchMethodError'{0x00000000eb5021b8}: 'double java.lang.invoke.DirectMethodHandle$Holder.invokeStaticInit(java.lang.Object, java.lang.Object)'> (0x00000000eb5021b8) 
thrown [s\src\hotspot\share\interpreter\linkResolver.cpp, line 759]
Event: 9.448 Thread 0x00000291bc41e9f0 Implicit null exception at 0x00000291ad3e8548 to 0x00000291ad3e85f8
Event: 11.079 Thread 0x00000291bc41e9f0 Exception <a 'java/lang/ClassNotFoundException'{0x00000000ebbed188}: com/sun/org/apache/xerces/internal/impl/msg/spi/DOMMessagesProvider> (0x00000000ebbed188) 
thrown [s\src\hotspot\share\classfile\systemDictionary.cpp, line 256]
Event: 11.085 Thread 0x00000291bc41e9f0 Implicit null exception at 0x00000291ad3beafd to 0x00000291ad3bf780
Event: 11.093 Thread 0x00000291bc41e9f0 Exception <a 'java/lang/ClassNotFoundException'{0x00000000ebc2d648}: com/sun/org/apache/xerces/internal/impl/msg/spi/XMLSerializerMessagesProvider> (0x00000000ebc2d648) 
thrown [s\src\hotspot\share\classfile\systemDictionary.cpp, line 256]
Event: 11.095 Thread 0x00000291bc41e9f0 Exception <a 'java/lang/ClassNotFoundException'{0x00000000ebc45c90}: com/sun/org/apache/xerces/internal/impl/msg/spi/XMLMessagesProvider> (0x00000000ebc45c90) 
thrown [s\src\hotspot\share\classfile\systemDictionary.cpp, line 256]
Event: 11.229 Thread 0x00000291bc41e9f0 Exception <a 'java/lang/NoSuchMethodError'{0x00000000ebe01360}: 'java.lang.Object java.lang.invoke.DirectMethodHandle$Holder.newInvokeSpecial(java.lang.Object, int, java.lang.Object, java.lang.Object)'> (0x00000000ebe01360) 
thrown [s\src\hotspot\share\interpreter\linkResolver.cpp, line 759]
Event: 13.112 Thread 0x00000291bc41e9f0 Exception <a 'sun/nio/fs/WindowsException'{0x00000000ec1926e8}> (0x00000000ec1926e8) 
thrown [s\src\hotspot\share\prims\jni.cpp, line 516]

VM Operations (20 events):
Event: 8.078 Executing VM operation: HandshakeAllThreads
Event: 8.078 Executing VM operation: HandshakeAllThreads done
Event: 8.445 Executing VM operation: HandshakeAllThreads
Event: 8.445 Executing VM operation: HandshakeAllThreads done
Event: 9.058 Executing VM operation: ParallelGCFailedAllocation
Event: 9.061 Executing VM operation: ParallelGCFailedAllocation done
Event: 9.906 Executing VM operation: ParallelGCFailedAllocation
Event: 9.910 Executing VM operation: ParallelGCFailedAllocation done
Event: 10.855 Executing VM operation: HandshakeAllThreads
Event: 10.855 Executing VM operation: HandshakeAllThreads done
Event: 11.282 Executing VM operation: HandshakeAllThreads
Event: 12.872 Executing VM operation: HandshakeAllThreads done
Event: 12.872 Executing VM operation: Cleanup
Event: 12.947 Executing VM operation: Cleanup done
Event: 13.060 Executing VM operation: HandshakeAllThreads
Event: 13.060 Executing VM operation: HandshakeAllThreads done
Event: 13.068 Executing VM operation: HandshakeAllThreads
Event: 13.068 Executing VM operation: HandshakeAllThreads done
Event: 13.079 Executing VM operation: HandshakeAllThreads
Event: 13.079 Executing VM operation: HandshakeAllThreads done

Events (20 events):
Event: 2.122 Thread 0x00000291bbfc5ef0 Thread exited: 0x00000291bbfc5ef0
Event: 3.050 Thread 0x00000291bc12b550 Thread added: 0x00000291bc12b550
Event: 3.507 Thread 0x00000291bc12b550 Thread exited: 0x00000291bc12b550
Event: 4.012 Thread 0x00000291bc77b340 Thread added: 0x00000291bc77b340
Event: 4.739 Thread 0x00000291bc7439a0 Thread added: 0x00000291bc7439a0
Event: 5.163 Thread 0x00000291bc77b340 Thread exited: 0x00000291bc77b340
Event: 5.692 Thread 0x00000291bc7a0620 Thread added: 0x00000291bc7a0620
Event: 5.744 Thread 0x00000291bc41e9f0 Thread added: 0x00000291bc41e9f0
Event: 5.943 Thread 0x00000291bc9fc0a0 Thread added: 0x00000291bc9fc0a0
Event: 6.400 Thread 0x00000291bc71a020 Thread added: 0x00000291bc71a020
Event: 7.051 Thread 0x00000291bc3d2c00 Thread added: 0x00000291bc3d2c00
Event: 7.550 Thread 0x00000291bbf78510 Thread added: 0x00000291bbf78510
Event: 7.717 Thread 0x00000291bbf78510 Thread exited: 0x00000291bbf78510
Event: 8.489 Thread 0x00000291bc3d17c0 Thread added: 0x00000291bc3d17c0
Event: 8.627 Thread 0x00000291bc3d21e0 Thread added: 0x00000291bc3d21e0
Event: 8.688 Thread 0x00000291bc3d3110 Thread added: 0x00000291bc3d3110
Event: 9.008 Thread 0x00000291bbf08220 Thread added: 0x00000291bbf08220
Event: 10.851 Thread 0x00000291bbf08220 Thread exited: 0x00000291bbf08220
Event: 11.208 Thread 0x00000291bc3d3b30 Thread added: 0x00000291bc3d3b30
Event: 13.160 Thread 0x00000291bc3d3b30 Thread exited: 0x00000291bc3d3b30


Dynamic libraries:
0x00007ff777c00000 - 0x00007ff777c0e000 	c:\Users\user\.vscode\extensions\redhat.java-1.35.0-win32-x64\jre\17.0.12-win32-x86_64\bin\java.exe
0x00007ffd07050000 - 0x00007ffd07248000 	C:\WINDOWS\SYSTEM32\ntdll.dll
0x00007ffd066a0000 - 0x00007ffd06761000 	C:\WINDOWS\System32\KERNEL32.DLL
0x00007ffd049b0000 - 0x00007ffd04cad000 	C:\WINDOWS\System32\KERNELBASE.dll
0x00007ffd04db0000 - 0x00007ffd04eb0000 	C:\WINDOWS\System32\ucrtbase.dll
0x00007ffcfcc70000 - 0x00007ffcfcc87000 	c:\Users\user\.vscode\extensions\redhat.java-1.35.0-win32-x64\jre\17.0.12-win32-x86_64\bin\jli.dll
0x00007ffd061b0000 - 0x00007ffd0634d000 	C:\WINDOWS\System32\USER32.dll
0x00007ffd04700000 - 0x00007ffd04722000 	C:\WINDOWS\System32\win32u.dll
0x00007ffd06430000 - 0x00007ffd0645b000 	C:\WINDOWS\System32\GDI32.dll
0x00007ffd04890000 - 0x00007ffd049a7000 	C:\WINDOWS\System32\gdi32full.dll
0x00007ffd04f40000 - 0x00007ffd04fdd000 	C:\WINDOWS\System32\msvcp_win.dll
0x00007ffcfc6c0000 - 0x00007ffcfc6db000 	c:\Users\user\.vscode\extensions\redhat.java-1.35.0-win32-x64\jre\17.0.12-win32-x86_64\bin\VCRUNTIME140.dll
0x00007ffcf5640000 - 0x00007ffcf58da000 	C:\WINDOWS\WinSxS\amd64_microsoft.windows.common-controls_6595b64144ccf1df_6.0.19041.4355_none_60b8b9eb71f62e16\COMCTL32.dll
0x00007ffd06b00000 - 0x00007ffd06b9e000 	C:\WINDOWS\System32\msvcrt.dll
0x00007ffd06770000 - 0x00007ffd0679f000 	C:\WINDOWS\System32\IMM32.DLL
0x00007ffcfee20000 - 0x00007ffcfee2c000 	c:\Users\user\.vscode\extensions\redhat.java-1.35.0-win32-x64\jre\17.0.12-win32-x86_64\bin\vcruntime140_1.dll
0x00007ffce3820000 - 0x00007ffce38ad000 	c:\Users\user\.vscode\extensions\redhat.java-1.35.0-win32-x64\jre\17.0.12-win32-x86_64\bin\msvcp140.dll
0x00007ffcc7160000 - 0x00007ffcc7dca000 	c:\Users\user\.vscode\extensions\redhat.java-1.35.0-win32-x64\jre\17.0.12-win32-x86_64\bin\server\jvm.dll
0x00007ffd05a80000 - 0x00007ffd05b30000 	C:\WINDOWS\System32\ADVAPI32.dll
0x00007ffd05f40000 - 0x00007ffd05fe0000 	C:\WINDOWS\System32\sechost.dll
0x00007ffd064e0000 - 0x00007ffd06603000 	C:\WINDOWS\System32\RPCRT4.dll
0x00007ffd05050000 - 0x00007ffd05077000 	C:\WINDOWS\System32\bcrypt.dll
0x00007ffd05a10000 - 0x00007ffd05a7b000 	C:\WINDOWS\System32\WS2_32.dll
0x00007ffd03c00000 - 0x00007ffd03c4b000 	C:\WINDOWS\SYSTEM32\POWRPROF.dll
0x00007ffcf7120000 - 0x00007ffcf7147000 	C:\WINDOWS\SYSTEM32\WINMM.dll
0x00007ffcf4920000 - 0x00007ffcf492a000 	C:\WINDOWS\SYSTEM32\VERSION.dll
0x00007ffd03ac0000 - 0x00007ffd03ad2000 	C:\WINDOWS\SYSTEM32\UMPDC.dll
0x00007ffd02540000 - 0x00007ffd02552000 	C:\WINDOWS\SYSTEM32\kernel.appcore.dll
0x00007ffcfee00000 - 0x00007ffcfee0a000 	c:\Users\user\.vscode\extensions\redhat.java-1.35.0-win32-x64\jre\17.0.12-win32-x86_64\bin\jimage.dll
0x00007ffcec670000 - 0x00007ffcec854000 	C:\WINDOWS\SYSTEM32\DBGHELP.DLL
0x00007ffcec630000 - 0x00007ffcec664000 	C:\WINDOWS\SYSTEM32\dbgcore.DLL
0x00007ffd04eb0000 - 0x00007ffd04f32000 	C:\WINDOWS\System32\bcryptPrimitives.dll
0x00007ffcfd670000 - 0x00007ffcfd67e000 	c:\Users\user\.vscode\extensions\redhat.java-1.35.0-win32-x64\jre\17.0.12-win32-x86_64\bin\instrument.dll
0x00007ffcf3f50000 - 0x00007ffcf3f75000 	c:\Users\user\.vscode\extensions\redhat.java-1.35.0-win32-x64\jre\17.0.12-win32-x86_64\bin\java.dll
0x00007ffcfb700000 - 0x00007ffcfb718000 	c:\Users\user\.vscode\extensions\redhat.java-1.35.0-win32-x64\jre\17.0.12-win32-x86_64\bin\zip.dll
0x00007ffd050f0000 - 0x00007ffd0585f000 	C:\WINDOWS\System32\SHELL32.dll
0x00007ffd02740000 - 0x00007ffd02ee3000 	C:\WINDOWS\SYSTEM32\windows.storage.dll
0x00007ffd05b30000 - 0x00007ffd05e83000 	C:\WINDOWS\System32\combase.dll
0x00007ffd04050000 - 0x00007ffd0407e000 	C:\WINDOWS\SYSTEM32\Wldp.dll
0x00007ffd060e0000 - 0x00007ffd061ad000 	C:\WINDOWS\System32\OLEAUT32.dll
0x00007ffd05e90000 - 0x00007ffd05f3d000 	C:\WINDOWS\System32\SHCORE.dll
0x00007ffd05090000 - 0x00007ffd050e5000 	C:\WINDOWS\System32\shlwapi.dll
0x00007ffd04630000 - 0x00007ffd04654000 	C:\WINDOWS\SYSTEM32\profapi.dll
0x00007ffcf9050000 - 0x00007ffcf9069000 	C:\Users\user\.vscode\extensions\redhat.java-1.35.0-win32-x64\jre\17.0.12-win32-x86_64\bin\net.dll
0x00007ffcfb5c0000 - 0x00007ffcfb6cd000 	C:\WINDOWS\SYSTEM32\WINHTTP.dll
0x00007ffd03e30000 - 0x00007ffd03e9a000 	C:\WINDOWS\system32\mswsock.dll
0x00007ffcf8e70000 - 0x00007ffcf8e86000 	C:\Users\user\.vscode\extensions\redhat.java-1.35.0-win32-x64\jre\17.0.12-win32-x86_64\bin\nio.dll
0x00007ffcfd200000 - 0x00007ffcfd210000 	c:\Users\user\.vscode\extensions\redhat.java-1.35.0-win32-x64\jre\17.0.12-win32-x86_64\bin\verify.dll
0x00007ffcee470000 - 0x00007ffcee4b5000 	C:\Users\user\AppData\Roaming\Code\User\globalStorage\redhat.java\1.35.0\config_ss_win\org.eclipse.equinox.launcher\org.eclipse.equinox.launcher.win32.win32.x86_64_1.2.1100.v20240722-2106\eclipse_11904.dll
0x00007ffd067a0000 - 0x00007ffd068cb000 	C:\WINDOWS\System32\ole32.dll
0x00007ffd04390000 - 0x00007ffd043a8000 	C:\WINDOWS\SYSTEM32\CRYPTSP.dll
0x00007ffd036a0000 - 0x00007ffd036d4000 	C:\WINDOWS\system32\rsaenh.dll
0x00007ffd045f0000 - 0x00007ffd0461e000 	C:\WINDOWS\SYSTEM32\USERENV.dll
0x00007ffd03fc0000 - 0x00007ffd03fcc000 	C:\WINDOWS\SYSTEM32\CRYPTBASE.dll
0x00007ffd03ae0000 - 0x00007ffd03b1b000 	C:\WINDOWS\SYSTEM32\IPHLPAPI.DLL
0x00007ffd05080000 - 0x00007ffd05088000 	C:\WINDOWS\System32\NSI.dll
0x00007ffcfc980000 - 0x00007ffcfc997000 	C:\WINDOWS\SYSTEM32\dhcpcsvc6.DLL
0x00007ffcfc960000 - 0x00007ffcfc97d000 	C:\WINDOWS\SYSTEM32\dhcpcsvc.DLL
0x00007ffd03b30000 - 0x00007ffd03bfa000 	C:\WINDOWS\SYSTEM32\DNSAPI.dll
0x00007ffcfb3b0000 - 0x00007ffcfb3f9000 	C:\Users\user\AppData\Local\Temp\jna-3599307\jna3962188737802717483.dll
0x00007ffd06070000 - 0x00007ffd06078000 	C:\WINDOWS\System32\PSAPI.DLL

dbghelp: loaded successfully - version: 4.0.5 - missing functions: none
symbol engine: initialized successfully - sym options: 0x614 - pdb path: .;c:\Users\user\.vscode\extensions\redhat.java-1.35.0-win32-x64\jre\17.0.12-win32-x86_64\bin;C:\WINDOWS\SYSTEM32;C:\WINDOWS\WinSxS\amd64_microsoft.windows.common-controls_6595b64144ccf1df_6.0.19041.4355_none_60b8b9eb71f62e16;c:\Users\user\.vscode\extensions\redhat.java-1.35.0-win32-x64\jre\17.0.12-win32-x86_64\bin\server;C:\Users\user\AppData\Roaming\Code\User\globalStorage\redhat.java\1.35.0\config_ss_win\org.eclipse.equinox.launcher\org.eclipse.equinox.launcher.win32.win32.x86_64_1.2.1100.v20240722-2106;C:\Users\user\AppData\Local\Temp\jna-3599307

VM Arguments:
jvm_args: --add-modules=ALL-SYSTEM --add-opens=java.base/java.util=ALL-UNNAMED --add-opens=java.base/java.lang=ALL-UNNAMED --add-opens=java.base/sun.nio.fs=ALL-UNNAMED -Declipse.application=org.eclipse.jdt.ls.core.id1 -Dosgi.bundles.defaultStartLevel=4 -Declipse.product=org.eclipse.jdt.ls.core.product -Djava.import.generatesMetadataFilesAtProjectRoot=false -DDetectVMInstallationsJob.disabled=true -Dfile.encoding=utf8 -XX:+UseParallelGC -XX:GCTimeRatio=4 -XX:AdaptiveSizePolicyWeight=90 -Dsun.zip.disableMemoryMapping=true -Xmx1G -Xms100m -Xlog:disable -javaagent:c:\Users\user\.vscode\extensions\redhat.java-1.35.0-win32-x64\lombok\lombok-1.18.33.jar 
java_command: c:\Users\user\.vscode\extensions\redhat.java-1.35.0-win32-x64\server\plugins\org.eclipse.equinox.launcher_1.6.900.v20240613-2009.jar -configuration c:\Users\user\AppData\Roaming\Code\User\globalStorage\redhat.java\1.35.0\config_ss_win -data c:\Users\user\AppData\Roaming\Code\User\workspaceStorage\b9e5c6bf76a5906f90f2701a3e33a214\redhat.java\ss_ws --pipe=\\.\pipe\lsp-6cfd1c8cdb2341db7a3766ad053c8c07-sock
java_class_path (initial): c:\Users\user\.vscode\extensions\redhat.java-1.35.0-win32-x64\server\plugins\org.eclipse.equinox.launcher_1.6.900.v20240613-2009.jar
Launcher Type: SUN_STANDARD

[Global flags]
    uintx AdaptiveSizePolicyWeight                 = 90                                        {product} {command line}
     intx CICompilerCount                          = 3                                         {product} {ergonomic}
    uintx GCTimeRatio                              = 4                                         {product} {command line}
   size_t InitialHeapSize                          = 104857600                                 {product} {command line}
   size_t MaxHeapSize                              = 1073741824                                {product} {command line}
   size_t MaxNewSize                               = 357564416                                 {product} {ergonomic}
   size_t MinHeapDeltaBytes                        = 524288                                    {product} {ergonomic}
   size_t MinHeapSize                              = 104857600                                 {product} {command line}
   size_t NewSize                                  = 34603008                                  {product} {ergonomic}
    uintx NonNMethodCodeHeapSize                   = 5832780                                {pd product} {ergonomic}
    uintx NonProfiledCodeHeapSize                  = 122912730                              {pd product} {ergonomic}
   size_t OldSize                                  = 70254592                                  {product} {ergonomic}
    uintx ProfiledCodeHeapSize                     = 122912730                              {pd product} {ergonomic}
    uintx ReservedCodeCacheSize                    = 251658240                              {pd product} {ergonomic}
     bool SegmentedCodeCache                       = true                                      {product} {ergonomic}
   size_t SoftMaxHeapSize                          = 1073741824                             {manageable} {ergonomic}
     bool UseCompressedClassPointers               = true                           {product lp64_product} {ergonomic}
     bool UseCompressedOops                        = true                           {product lp64_product} {ergonomic}
     bool UseLargePagesIndividualAllocation        = false                                  {pd product} {ergonomic}
     bool UseParallelGC                            = true                                      {product} {command line}

Logging:
Log output configuration:
 #0: stdout all=off uptime,level,tags
 #1: stderr all=off uptime,level,tags

Environment Variables:
JAVA_HOME=C:\Program Files\Java\jdk-21
PATH=C:\Program Files\Common Files\Oracle\Java\javapath;C:\WINDOWS\system32;C:\WINDOWS;C:\WINDOWS\System32\Wbem;C:\WINDOWS\System32\WindowsPowerShell\v1.0\;C:\WINDOWS\System32\OpenSSH\;C:\ProgramData\chocolatey\bin;C:\Program Files\Git\cmd;C:\Program Files\OpenSSL-Win64\bin;C:\Program Files\Docker\Docker\resources\bin;C:\Users\user\AppData\Roaming\nvm;C:\Program Files\nodejs;C:\Program Files\nodejs;C:\Program Files\nodejs;C:\Program Files\apache-maven-3.9.6\bin;C:\Program Files\Common Files\Oracle\Java\javapath;C:\WINDOWS\system32;C:\WINDOWS;C:\WINDOWS\System32\Wbem;C:\WINDOWS\System32\WindowsPowerShell\v1.0\;C:\WINDOWS\System32\OpenSSH\;C:\ProgramData\chocolatey\bin;C:\Program Files\Git\cmd;C:\Program Files\OpenSSL-Win64\bin;C:\Program Files\Docker\Docker\resources\bin;C:\Users\user\AppData\Roaming\nvm;C:\Program Files\nodejs;C:\Program Files\nodejs;C:\Program Files\nodejs;;C:\Users\user\AppData\Local\Programs\Microsoft VS Code\bin;C:\Users\user\AppData\Roaming\nvm;C:\Program Files\nodejs
USERNAME=user
OS=Windows_NT
PROCESSOR_IDENTIFIER=Intel64 Family 6 Model 37 Stepping 5, GenuineIntel
TMP=C:\Users\user\AppData\Local\Temp
TEMP=C:\Users\user\AppData\Local\Temp



Periodic native trim disabled


---------------  S Y S T E M  ---------------

OS:
 Windows 10 , 64 bit Build 19041 (10.0.19041.4842)
OS uptime: 0 days 10:33 hours
Hyper-V role detected

CPU: total 4 (initial active 4) (2 cores per cpu, 2 threads per core) family 6 model 37 stepping 5 microcode 0x7, cx8, cmov, fxsr, ht, mmx, sse, sse2, sse3, ssse3, sse4.1, sse4.2, popcnt, tsc, tscinvbit, clflush, hv
Processor Information for all 4 processors :
  Max Mhz: 2399, Current Mhz: 2399, Mhz Limit: 2399

Memory: 4k page, system-wide physical 5941M (714M free)
TotalPageFile size 8941M (AvailPageFile size 34M)
current process WorkingSet (physical memory assigned to process): 121M, peak: 151M
current process commit charge ("private bytes"): 214M, peak: 247M

vm_info: OpenJDK 64-Bit Server VM (17.0.12+7) for windows-amd64 JRE (17.0.12+7), built on Jul 16 2024 22:08:24 by "admin" with MS VC++ 16.10 / 16.11 (VS2019)

END.
