#
# There is insufficient memory for the Java Runtime Environment to continue.
# Native memory allocation (malloc) failed to allocate 2097152 bytes. Error detail: AllocateHeap
# Possible reasons:
#   The system is out of physical RAM or swap space
#   This process is running with CompressedOops enabled, and the Java Heap may be blocking the growth of the native heap
# Possible solutions:
#   Reduce memory load on the system
#   Increase physical memory or swap space
#   Check if swap backing store is full
#   Decrease Java heap size (-Xmx/-Xms)
#   Decrease number of Java threads
#   Decrease Java thread stack sizes (-Xss)
#   Set larger code cache with -XX:ReservedCodeCacheSize=
#   JVM is running with Unscaled Compressed Oops mode in which the Java heap is
#     placed in the first 4GB address space. The Java Heap base address is the
#     maximum limit for the native heap growth. Please use -XX:HeapBaseMinAddress
#     to set the Java Heap base and to place the Java Heap above 4GB virtual address.
# This output file may be truncated or incomplete.
#
#  Out of Memory Error (allocation.cpp:44), pid=4964, tid=9704
#
# JRE version: OpenJDK Runtime Environment Temurin-17.0.12+7 (17.0.12+7) (build 17.0.12+7)
# Java VM: OpenJDK 64-Bit Server VM Temurin-17.0.12+7 (17.0.12+7, mixed mode, emulated-client, tiered, compressed oops, compressed class ptrs, g1 gc, windows-amd64)
# No core dump will be written. Minidumps are not enabled by default on client versions of Windows
#

---------------  S U M M A R Y ------------

Command Line: -Xmx1024m -Dsts.lsp.client=vscode -Dsts.log.file=/dev/null -XX:TieredStopAtLevel=1 -Xlog:jni+resolve=off c:\Users\user\.vscode\extensions\vmware.vscode-spring-boot-1.57.0\language-server\spring-boot-language-server-1.57.0-SNAPSHOT-exec.jar

Host: Intel(R) Core(TM) i3 CPU       M 370  @ 2.40GHz, 4 cores, 5G,  Windows 10 , 64 bit Build 19041 (10.0.19041.4842)
Time: Fri Sep 27 10:57:12 2024 Paris, Madrid (heure duild 19041 (10.0.19041.4842) elapsed time: 3793.551001 seconds (0d 1h 3m 13s)

---------------  T H R E A D  ---------------

Current thread (0x000001e375008500):  VMThread "VM Thread" [stack: 0x0000009853600000,0x0000009853700000] [id=9704]

Stack: [0x0000009853600000,0x0000009853700000]
Native frames: (J=compiled Java code, j=interpreted, Vv=VM code, C=native code)
V  [jvm.dll+0x67f929]
V  [jvm.dll+0x8371ba]
V  [jvm.dll+0x838c7e]
V  [jvm.dll+0x8392e3]
V  [jvm.dll+0x24834f]
V  [jvm.dll+0xa70d3]
V  [jvm.dll+0x2f9101]
V  [jvm.dll+0x2f4d00]
V  [jvm.dll+0x2dd82f]
V  [jvm.dll+0x3201f7]
V  [jvm.dll+0x83d7dd]
V  [jvm.dll+0x83e522]
V  [jvm.dll+0x83ea4f]
V  [jvm.dll+0x83ee34]
V  [jvm.dll+0x83ef00]
V  [jvm.dll+0x7e65dc]
V  [jvm.dll+0x67e7f7]
C  [ucrtbase.dll+0x21bb2]
C  [KERNEL32.DLL+0x17374]
C  [ntdll.dll+0x4cc91]

VM_Operation (0x0000009854bfefd0): G1CollectFull, mode: safepoint, requested by thread 0x000001e37a858300


---------------  P R O C E S S  ---------------

Threads class SMR info:
_java_thread_list=0x000001e37ad169e0, length=23, elements={
0x000001e37501fb40, 0x000001e3750213e0, 0x000001e375055680, 0x000001e375056240,
0x000001e375058c10, 0x000001e3750595d0, 0x000001e37505a040, 0x000001e37505f140,
0x000001e3752e5570, 0x000001e3752eded0, 0x000001e37a858810, 0x000001e37a858300,
0x000001e37a855a80, 0x000001e37a8564a0, 0x000001e37a855060, 0x000001e37a8569b0,
0x000001e37a856ec0, 0x000001e37a8578e0, 0x000001e37a857df0, 0x000001e37ad4f840,
0x000001e37ad4d4d0, 0x000001e37ad4cab0, 0x000001e37ad4c5a0
}

Java Threads: ( => current thread )
  0x000001e37501fb40 JavaThread "Reference Handler" daemon [_thread_blocked, id=980, stack(0x0000009853700000,0x0000009853800000)]
  0x000001e3750213e0 JavaThread "Finalizer" daemon [_thread_blocked, id=5516, stack(0x0000009853800000,0x0000009853900000)]
  0x000001e375055680 JavaThread "Signal Dispatcher" daemon [_thread_blocked, id=5152, stack(0x0000009853900000,0x0000009853a00000)]
  0x000001e375056240 JavaThread "Attach Listener" daemon [_thread_blocked, id=9388, stack(0x0000009853a00000,0x0000009853b00000)]
  0x000001e375058c10 JavaThread "Service Thread" daemon [_thread_blocked, id=5428, stack(0x0000009853b00000,0x0000009853c00000)]
  0x000001e3750595d0 JavaThread "Monitor Deflation Thread" daemon [_thread_blocked, id=7648, stack(0x0000009853c00000,0x0000009853d00000)]
  0x000001e37505a040 JavaThread "C1 CompilerThread0" daemon [_thread_blocked, id=2376, stack(0x0000009853d00000,0x0000009853e00000)]
  0x000001e37505f140 JavaThread "Sweeper thread" daemon [_thread_blocked, id=1168, stack(0x0000009853e00000,0x0000009853f00000)]
  0x000001e3752e5570 JavaThread "Notification Thread" daemon [_thread_blocked, id=5324, stack(0x0000009853f00000,0x0000009854000000)]
  0x000001e3752eded0 JavaThread "Common-Cleaner" daemon [_thread_blocked, id=2848, stack(0x0000009854100000,0x0000009854200000)]
  0x000001e37a858810 JavaThread "boundedElastic-evictor-1" daemon [_thread_blocked, id=7940, stack(0x0000009854a00000,0x0000009854b00000)]
  0x000001e37a858300 JavaThread "pool-13-thread-1" [_thread_blocked, id=8912, stack(0x0000009854b00000,0x0000009854c00000)]
  0x000001e37a855a80 JavaThread "LanguageServerApp-lifecycle" [_thread_blocked, id=1684, stack(0x0000009854c00000,0x0000009854d00000)]
  0x000001e37a8564a0 JavaThread "DestroyJavaVM" [_thread_blocked, id=2152, stack(0x0000009853000000,0x0000009853100000)]
  0x000001e37a855060 JavaThread "pool-14-thread-1" [_thread_in_native, id=8080, stack(0x0000009854d00000,0x0000009854e00000)]
  0x000001e37a8569b0 JavaThread "Simple-Language-Server main thread" daemon [_thread_blocked, id=8308, stack(0x0000009854e00000,0x0000009854f00000)]
  0x000001e37a856ec0 JavaThread "pool-8-thread-1" [_thread_blocked, id=11128, stack(0x0000009854f00000,0x0000009855000000)]
  0x000001e37a8578e0 JavaThread "parallel-1" daemon [_thread_blocked, id=8552, stack(0x0000009855000000,0x0000009855100000)]
  0x000001e37a857df0 JavaThread "parallel-2" daemon [_thread_blocked, id=7512, stack(0x0000009855100000,0x0000009855200000)]
  0x000001e37ad4f840 JavaThread "parallel-3" daemon [_thread_blocked, id=8600, stack(0x0000009855200000,0x0000009855300000)]
  0x000001e37ad4d4d0 JavaThread "pool-6-thread-1" [_thread_blocked, id=4632, stack(0x0000009855300000,0x0000009855400000)]
  0x000001e37ad4cab0 JavaThread "parallel-4" daemon [_thread_blocked, id=10824, stack(0x0000009855400000,0x0000009855500000)]
  0x000001e37ad4c5a0 JavaThread "Reconciler-1" daemon [_thread_blocked, id=2056, stack(0x0000009855800000,0x0000009855900000)]

Other Threads:
=>0x000001e375008500 VMThread "VM Thread" [stack: 0x0000009853600000,0x0000009853700000] [id=9704]
  0x000001e3752e9a60 WatcherThread [stack: 0x0000009854000000,0x0000009854100000] [id=5848]
  0x000001e36aaf8190 GCTaskThread "GC Thread#0" [stack: 0x0000009853100000,0x0000009853200000] [id=10492]
  0x000001e375574120 GCTaskThread "GC Thread#1" [stack: 0x0000009854300000,0x0000009854400000] [id=9336]
  0x000001e375a0b7b0 GCTaskThread "GC Thread#2" [stack: 0x0000009854400000,0x0000009854500000] [id=9872]
  0x000001e375c8a370 GCTaskThread "GC Thread#3" [stack: 0x0000009854500000,0x0000009854600000] [id=1384]
  0x000001e36ab010e0 ConcurrentGCThread "G1 Main Marker" [stack: 0x0000009853200000,0x0000009853300000] [id=9076]
  0x000001e36ab01b00 ConcurrentGCThread "G1 Conc#0" [stack: 0x0000009853300000,0x0000009853400000] [id=1084]
  0x000001e36ab64100 ConcurrentGCThread "G1 Refine#0" [stack: 0x0000009853400000,0x0000009853500000] [id=10436]
  0x000001e36ab65b40 ConcurrentGCThread "G1 Service" [stack: 0x0000009853500000,0x0000009853600000] [id=7128]

Threads with active compile tasks:

VM state: at safepoint (normal execution)

VM Mutex/Monitor currently owned by a thread:  ([mutex/lock_event])
[0x000001e36aab8570] Threads_lock - owner thread: 0x000001e375008500
[0x000001e36aab9920] Heap_lock - owner thread: 0x000001e37a858300

Heap address: 0x00000000c0000000, size: 1024 MB, Compressed Oops mode: 32-bit

CDS archive(s) not mapped
Compressed class space mapped at: 0x0000000100000000-0x0000000140000000, reserved size: 1073741824
Narrow klass base: 0x0000000000000000, Narrow klass shift: 3, Narrow klass range: 0x140000000

GC Precious Log:
 CPUs: 4 total, 4 available
 Memory: 5941M
 Large Page Support: Disabled
 NUMA Support: Disabled
 Compressed Oops: Enabled (32-bit)
 Heap Region Size: 1M
 Heap Min Capacity: 8M
 Heap Initial Capacity: 94M
 Heap Max Capacity: 1G
 Pre-touch: Disabled
 Parallel Workers: 4
 Concurrent Workers: 1
 Concurrent Refinement Workers: 4
 Periodic GC: Disabled

Heap:
 garbage-first heap   total 78848K, used 25701K [0x00000000c0000000, 0x0000000100000000)
  region size 1024K, 1 young (1024K), 0 survivors (0K)
 Metaspace       used 41518K, committed 41856K, reserved 1114112K
  class space    used 5338K, committed 5504K, reserved 1048576K

Heap Regions: E=young(eden), S=young(survivor), O=old, HS=humongous(starts), HC=humongous(continues), CS=collection set, F=free, OA=open archive, CA=closed archive, TAMS=top-at-mark-start (previous, next)
|   0|0x00000000c0000000, 0x00000000c0100000, 0x00000000c0100000|100%|HS|  |TAMS 0x00000000c0100000, 0x00000000c0000000| Untracked 
|   1|0x00000000c0100000, 0x00000000c0200000, 0x00000000c0200000|100%|HC|  |TAMS 0x00000000c0200000, 0x00000000c0100000| Untracked 
|   2|0x00000000c0200000, 0x00000000c0300000, 0x00000000c0300000|100%|HC|  |TAMS 0x00000000c0300000, 0x00000000c0200000| Untracked 
|   3|0x00000000c0300000, 0x00000000c0400000, 0x00000000c0400000|100%|HC|  |TAMS 0x00000000c0400000, 0x00000000c0300000| Untracked 
|   4|0x00000000c0400000, 0x00000000c0500000, 0x00000000c0500000|100%|HS|  |TAMS 0x00000000c0500000, 0x00000000c0400000| Untracked 
|   5|0x00000000c0500000, 0x00000000c0600000, 0x00000000c0600000|100%|HC|  |TAMS 0x00000000c0600000, 0x00000000c0500000| Untracked 
|   6|0x00000000c0600000, 0x00000000c06ffff0, 0x00000000c0700000| 99%| O|  |TAMS 0x00000000c06ffff0, 0x00000000c0600000| Untracked 
|   7|0x00000000c0700000, 0x00000000c0800000, 0x00000000c0800000|100%| O|  |TAMS 0x00000000c0800000, 0x00000000c0700000| Untracked 
|   8|0x00000000c0800000, 0x00000000c08ffd38, 0x00000000c0900000| 99%| O|  |TAMS 0x00000000c08ffd38, 0x00000000c0800000| Untracked 
|   9|0x00000000c0900000, 0x00000000c09fffb0, 0x00000000c0a00000| 99%| O|  |TAMS 0x00000000c09fffb0, 0x00000000c0900000| Untracked 
|  10|0x00000000c0a00000, 0x00000000c0afffe0, 0x00000000c0b00000| 99%| O|  |TAMS 0x00000000c0afffe0, 0x00000000c0a00000| Untracked 
|  11|0x00000000c0b00000, 0x00000000c0bff148, 0x00000000c0c00000| 99%| O|  |TAMS 0x00000000c0bff148, 0x00000000c0b00000| Untracked 
|  12|0x00000000c0c00000, 0x00000000c0cffff8, 0x00000000c0d00000| 99%| O|  |TAMS 0x00000000c0cffff8, 0x00000000c0c00000| Untracked 
|  13|0x00000000c0d00000, 0x00000000c0e00000, 0x00000000c0e00000|100%| O|  |TAMS 0x00000000c0e00000, 0x00000000c0d00000| Untracked 
|  14|0x00000000c0e00000, 0x00000000c0effff8, 0x00000000c0f00000| 99%| O|  |TAMS 0x00000000c0effff8, 0x00000000c0e00000| Untracked 
|  15|0x00000000c0f00000, 0x00000000c0ffff98, 0x00000000c1000000| 99%| O|  |TAMS 0x00000000c0ffff98, 0x00000000c0f00000| Untracked 
|  16|0x00000000c1000000, 0x00000000c1100000, 0x00000000c1100000|100%| O|  |TAMS 0x00000000c1100000, 0x00000000c1000000| Untracked 
|  17|0x00000000c1100000, 0x00000000c11ffee8, 0x00000000c1200000| 99%| O|  |TAMS 0x00000000c11ffee8, 0x00000000c1100000| Untracked 
|  18|0x00000000c1200000, 0x00000000c12ffff0, 0x00000000c1300000| 99%| O|  |TAMS 0x00000000c12ffff0, 0x00000000c1200000| Untracked 
|  19|0x00000000c1300000, 0x00000000c13ffff8, 0x00000000c1400000| 99%| O|  |TAMS 0x00000000c13ffff8, 0x00000000c1300000| Untracked 
|  20|0x00000000c1400000, 0x00000000c1500000, 0x00000000c1500000|100%| O|  |TAMS 0x00000000c1500000, 0x00000000c1400000| Untracked 
|  21|0x00000000c1500000, 0x00000000c15ffff0, 0x00000000c1600000| 99%| O|  |TAMS 0x00000000c15ffff0, 0x00000000c1500000| Untracked 
|  22|0x00000000c1600000, 0x00000000c16fffc8, 0x00000000c1700000| 99%| O|  |TAMS 0x00000000c16fffc8, 0x00000000c1600000| Untracked 
|  23|0x00000000c1700000, 0x00000000c17ff4b0, 0x00000000c1800000| 99%| O|  |TAMS 0x00000000c17ff4b0, 0x00000000c1700000| Untracked 
|  24|0x00000000c1800000, 0x00000000c1855bf0, 0x00000000c1900000| 33%| O|  |TAMS 0x00000000c1800000, 0x00000000c1800000| Untracked 
|  25|0x00000000c1900000, 0x00000000c19c5770, 0x00000000c1a00000| 77%| O|  |TAMS 0x00000000c1900000, 0x00000000c1900000| Untracked 
|  26|0x00000000c1a00000, 0x00000000c1a00000, 0x00000000c1b00000|  0%| F|  |TAMS 0x00000000c1a00000, 0x00000000c1a00000| Untracked 
|  27|0x00000000c1b00000, 0x00000000c1b00000, 0x00000000c1c00000|  0%| F|  |TAMS 0x00000000c1b00000, 0x00000000c1b00000| Untracked 
|  28|0x00000000c1c00000, 0x00000000c1c00000, 0x00000000c1d00000|  0%| F|  |TAMS 0x00000000c1c00000, 0x00000000c1c00000| Untracked 
|  29|0x00000000c1d00000, 0x00000000c1d00000, 0x00000000c1e00000|  0%| F|  |TAMS 0x00000000c1d00000, 0x00000000c1d00000| Untracked 
|  30|0x00000000c1e00000, 0x00000000c1e00000, 0x00000000c1f00000|  0%| F|  |TAMS 0x00000000c1e00000, 0x00000000c1e00000| Untracked 
|  31|0x00000000c1f00000, 0x00000000c1f00000, 0x00000000c2000000|  0%| F|  |TAMS 0x00000000c1f00000, 0x00000000c1f00000| Untracked 
|  32|0x00000000c2000000, 0x00000000c2000000, 0x00000000c2100000|  0%| F|  |TAMS 0x00000000c2000000, 0x00000000c2000000| Untracked 
|  33|0x00000000c2100000, 0x00000000c2100000, 0x00000000c2200000|  0%| F|  |TAMS 0x00000000c2100000, 0x00000000c2100000| Untracked 
|  34|0x00000000c2200000, 0x00000000c2200000, 0x00000000c2300000|  0%| F|  |TAMS 0x00000000c2200000, 0x00000000c2200000| Untracked 
|  35|0x00000000c2300000, 0x00000000c2300000, 0x00000000c2400000|  0%| F|  |TAMS 0x00000000c2300000, 0x00000000c2300000| Untracked 
|  36|0x00000000c2400000, 0x00000000c2400000, 0x00000000c2500000|  0%| F|  |TAMS 0x00000000c2400000, 0x00000000c2400000| Untracked 
|  37|0x00000000c2500000, 0x00000000c2500000, 0x00000000c2600000|  0%| F|  |TAMS 0x00000000c2500000, 0x00000000c2500000| Untracked 
|  38|0x00000000c2600000, 0x00000000c2600000, 0x00000000c2700000|  0%| F|  |TAMS 0x00000000c2600000, 0x00000000c2600000| Untracked 
|  39|0x00000000c2700000, 0x00000000c2700000, 0x00000000c2800000|  0%| F|  |TAMS 0x00000000c2700000, 0x00000000c2700000| Untracked 
|  40|0x00000000c2800000, 0x00000000c2800000, 0x00000000c2900000|  0%| F|  |TAMS 0x00000000c2800000, 0x00000000c2800000| Untracked 
|  41|0x00000000c2900000, 0x00000000c2900000, 0x00000000c2a00000|  0%| F|  |TAMS 0x00000000c2900000, 0x00000000c2900000| Untracked 
|  42|0x00000000c2a00000, 0x00000000c2a00000, 0x00000000c2b00000|  0%| F|  |TAMS 0x00000000c2a00000, 0x00000000c2a00000| Untracked 
|  43|0x00000000c2b00000, 0x00000000c2b00000, 0x00000000c2c00000|  0%| F|  |TAMS 0x00000000c2b00000, 0x00000000c2b00000| Untracked 
|  44|0x00000000c2c00000, 0x00000000c2c00000, 0x00000000c2d00000|  0%| F|  |TAMS 0x00000000c2c00000, 0x00000000c2c00000| Untracked 
|  45|0x00000000c2d00000, 0x00000000c2d00000, 0x00000000c2e00000|  0%| F|  |TAMS 0x00000000c2d00000, 0x00000000c2d00000| Untracked 
|  46|0x00000000c2e00000, 0x00000000c2e00000, 0x00000000c2f00000|  0%| F|  |TAMS 0x00000000c2e00000, 0x00000000c2e00000| Untracked 
|  47|0x00000000c2f00000, 0x00000000c2f00000, 0x00000000c3000000|  0%| F|  |TAMS 0x00000000c2f00000, 0x00000000c2f00000| Untracked 
|  48|0x00000000c3000000, 0x00000000c3000000, 0x00000000c3100000|  0%| F|  |TAMS 0x00000000c3000000, 0x00000000c3000000| Untracked 
|  49|0x00000000c3100000, 0x00000000c3100000, 0x00000000c3200000|  0%| F|  |TAMS 0x00000000c3100000, 0x00000000c3100000| Untracked 
|  50|0x00000000c3200000, 0x00000000c3200000, 0x00000000c3300000|  0%| F|  |TAMS 0x00000000c3200000, 0x00000000c3200000| Untracked 
|  51|0x00000000c3300000, 0x00000000c3300000, 0x00000000c3400000|  0%| F|  |TAMS 0x00000000c3300000, 0x00000000c3300000| Untracked 
|  52|0x00000000c3400000, 0x00000000c3400000, 0x00000000c3500000|  0%| F|  |TAMS 0x00000000c3400000, 0x00000000c3400000| Untracked 
|  53|0x00000000c3500000, 0x00000000c3500000, 0x00000000c3600000|  0%| F|  |TAMS 0x00000000c3500000, 0x00000000c3500000| Untracked 
|  54|0x00000000c3600000, 0x00000000c3600000, 0x00000000c3700000|  0%| F|  |TAMS 0x00000000c3600000, 0x00000000c3600000| Untracked 
|  55|0x00000000c3700000, 0x00000000c3700000, 0x00000000c3800000|  0%| F|  |TAMS 0x00000000c3700000, 0x00000000c3700000| Untracked 
|  56|0x00000000c3800000, 0x00000000c3800000, 0x00000000c3900000|  0%| F|  |TAMS 0x00000000c3800000, 0x00000000c3800000| Untracked 
|  57|0x00000000c3900000, 0x00000000c3900000, 0x00000000c3a00000|  0%| F|  |TAMS 0x00000000c3900000, 0x00000000c3900000| Untracked 
|  58|0x00000000c3a00000, 0x00000000c3a00000, 0x00000000c3b00000|  0%| F|  |TAMS 0x00000000c3a00000, 0x00000000c3a00000| Untracked 
|  59|0x00000000c3b00000, 0x00000000c3b00000, 0x00000000c3c00000|  0%| F|  |TAMS 0x00000000c3b00000, 0x00000000c3b00000| Untracked 
|  60|0x00000000c3c00000, 0x00000000c3c00000, 0x00000000c3d00000|  0%| F|  |TAMS 0x00000000c3c00000, 0x00000000c3c00000| Untracked 
|  61|0x00000000c3d00000, 0x00000000c3d00000, 0x00000000c3e00000|  0%| F|  |TAMS 0x00000000c3d00000, 0x00000000c3d00000| Untracked 
|  62|0x00000000c3e00000, 0x00000000c3e00000, 0x00000000c3f00000|  0%| F|  |TAMS 0x00000000c3e00000, 0x00000000c3e00000| Untracked 
|  63|0x00000000c3f00000, 0x00000000c3f00000, 0x00000000c4000000|  0%| F|  |TAMS 0x00000000c3f00000, 0x00000000c3f00000| Untracked 
|  64|0x00000000c4000000, 0x00000000c4000000, 0x00000000c4100000|  0%| F|  |TAMS 0x00000000c4000000, 0x00000000c4000000| Untracked 
|  65|0x00000000c4100000, 0x00000000c4100000, 0x00000000c4200000|  0%| F|  |TAMS 0x00000000c4100000, 0x00000000c4100000| Untracked 
|  66|0x00000000c4200000, 0x00000000c4200000, 0x00000000c4300000|  0%| F|  |TAMS 0x00000000c4200000, 0x00000000c4200000| Untracked 
|  67|0x00000000c4300000, 0x00000000c4300000, 0x00000000c4400000|  0%| F|  |TAMS 0x00000000c4300000, 0x00000000c4300000| Untracked 
|  68|0x00000000c4400000, 0x00000000c4400000, 0x00000000c4500000|  0%| F|  |TAMS 0x00000000c4400000, 0x00000000c4400000| Untracked 
|  69|0x00000000c4500000, 0x00000000c4500000, 0x00000000c4600000|  0%| F|  |TAMS 0x00000000c4500000, 0x00000000c4500000| Untracked 
|  70|0x00000000c4600000, 0x00000000c4600000, 0x00000000c4700000|  0%| F|  |TAMS 0x00000000c4600000, 0x00000000c4600000| Untracked 
|  71|0x00000000c4700000, 0x00000000c4700000, 0x00000000c4800000|  0%| F|  |TAMS 0x00000000c4700000, 0x00000000c4700000| Untracked 
|  72|0x00000000c4800000, 0x00000000c4800000, 0x00000000c4900000|  0%| F|  |TAMS 0x00000000c4800000, 0x00000000c4800000| Untracked 
|  73|0x00000000c4900000, 0x00000000c4900000, 0x00000000c4a00000|  0%| F|  |TAMS 0x00000000c4900000, 0x00000000c4900000| Untracked 
|  74|0x00000000c4a00000, 0x00000000c4a00000, 0x00000000c4b00000|  0%| F|  |TAMS 0x00000000c4a00000, 0x00000000c4a00000| Untracked 
|  92|0x00000000c5c00000, 0x00000000c5c00000, 0x00000000c5d00000|  0%| F|  |TAMS 0x00000000c5c00000, 0x00000000c5c00000| Untracked 
|  93|0x00000000c5d00000, 0x00000000c5d19088, 0x00000000c5e00000|  9%| E|  |TAMS 0x00000000c5d00000, 0x00000000c5d00000| Complete 

Card table byte_map: [0x000001e370760000,0x000001e370960000] _byte_map_base: 0x000001e370160000

Marking Bits (Prev, Next): (CMBitMap*) 0x000001e36aaf87b0, (CMBitMap*) 0x000001e36aaf87f0
 Prev Bits: [0x000001e370b60000, 0x000001e371b60000)
 Next Bits: [0x000001e371b60000, 0x000001e372b60000)

Polling page: 0x000001e368a10000

Metaspace:

Usage:
  Non-class:     35.33 MB used.
      Class:      5.21 MB used.
       Both:     40.55 MB used.

Virtual space:
  Non-class space:       64.00 MB reserved,      35.50 MB ( 55%) committed,  1 nodes.
      Class space:        1.00 GB reserved,       5.38 MB ( <1%) committed,  1 nodes.
             Both:        1.06 GB reserved,      40.88 MB (  4%) committed. 

Chunk freelists:
   Non-Class:  11.65 MB
       Class:  10.68 MB
        Both:  22.33 MB

MaxMetaspaceSize: unlimited
CompressedClassSpaceSize: 1.00 GB
Initial GC threshold: 21.00 MB
Current GC threshold: 68.06 MB
CDS: off
MetaspaceReclaimPolicy: balanced
 - commit_granule_bytes: 65536.
 - commit_granule_words: 8192.
 - virtual_space_node_default_size: 8388608.
 - enlarge_chunks_in_place: 1.
 - new_chunks_are_fully_committed: 0.
 - uncommit_free_chunks: 1.
 - use_allocation_guard: 0.
 - handle_deallocations: 1.


Internal statistics:

num_allocs_failed_limit: 6.
num_arena_births: 596.
num_arena_deaths: 172.
num_vsnodes_births: 2.
num_vsnodes_deaths: 0.
num_space_committed: 653.
num_space_uncommitted: 0.
num_chunks_returned_to_freelist: 188.
num_chunks_taken_from_freelist: 1903.
num_chunk_merges: 52.
num_chunk_splits: 1240.
num_chunks_enlarged: 941.
num_inconsistent_stats: 0.

CodeCache: size=49152Kb used=8298Kb max_used=9037Kb free=40853Kb
 bounds [0x000001e36d760000, 0x000001e36e040000, 0x000001e370760000]
 total_blobs=5166 nmethods=4619 adapters=475
 compilation: enabled
              stopped_count=0, restarted_count=0
 full_count=0

Compilation events (20 events):
Event: 3429.321 Thread 0x000001e37505a040 4610       1       java.util.concurrent.CompletableFuture$UniRelay::tryFire (61 bytes)
Event: 3429.324 Thread 0x000001e37505a040 nmethod 4610 0x000001e36dfd9d10 code [0x000001e36dfd9f20, 0x000001e36dfda468]
Event: 3454.960 Thread 0x000001e37505a040 4611   !   1       jdk.internal.reflect.GeneratedConstructorAccessor19::newInstance (49 bytes)
Event: 3454.961 Thread 0x000001e37505a040 nmethod 4611 0x000001e36dfd9710 code [0x000001e36dfd98c0, 0x000001e36dfd9b48]
Event: 3454.961 Thread 0x000001e37505a040 4612   !   1       jdk.internal.reflect.GeneratedConstructorAccessor20::newInstance (49 bytes)
Event: 3454.962 Thread 0x000001e37505a040 nmethod 4612 0x000001e36dfd9110 code [0x000001e36dfd92c0, 0x000001e36dfd9548]
Event: 3454.962 Thread 0x000001e37505a040 4613   !   1       jdk.internal.reflect.GeneratedMethodAccessor5::invoke (67 bytes)
Event: 3454.964 Thread 0x000001e37505a040 nmethod 4613 0x000001e36dfd8790 code [0x000001e36dfd8980, 0x000001e36dfd8df8]
Event: 3455.172 Thread 0x000001e37505a040 4614       1       org.eclipse.lsp4j.jsonrpc.services.GenericEndpoint::notify (144 bytes)
Event: 3455.176 Thread 0x000001e37505a040 nmethod 4614 0x000001e36dfd7490 code [0x000001e36dfd7760, 0x000001e36dfd81c8]
Event: 3455.219 Thread 0x000001e37505a040 4615       1       java.net.URI$Parser::scanEscape (115 bytes)
Event: 3455.222 Thread 0x000001e37505a040 nmethod 4615 0x000001e36dfd6810 code [0x000001e36dfd6a40, 0x000001e36dfd7068]
Event: 3455.223 Thread 0x000001e37505a040 4617       1       java.net.URI::toUpper (19 bytes)
Event: 3455.223 Thread 0x000001e37505a040 nmethod 4617 0x000001e36dfd6510 code [0x000001e36dfd66a0, 0x000001e36dfd6798]
Event: 3455.223 Thread 0x000001e37505a040 4616       1       java.net.URI::decode (73 bytes)
Event: 3455.224 Thread 0x000001e37505a040 nmethod 4616 0x000001e36dfd6190 code [0x000001e36dfd6340, 0x000001e36dfd64b8]
Event: 3460.727 Thread 0x000001e37505a040 4618       1       reactor.core.publisher.MonoDelay$MonoDelayRunnable::wasCancelFutureSet (13 bytes)
Event: 3460.728 Thread 0x000001e37505a040 nmethod 4618 0x000001e36dfd5e90 code [0x000001e36dfd6020, 0x000001e36dfd60d8]
Event: 3504.831 Thread 0x000001e37505a040 4619       1       java.util.stream.FindOps$FindSink::accept (18 bytes)
Event: 3504.832 Thread 0x000001e37505a040 nmethod 4619 0x000001e36dfd5b90 code [0x000001e36dfd5d20, 0x000001e36dfd5e38]

GC Heap History (20 events):
Event: 3688.363 GC heap after
{Heap after GC invocations=176 (full 167):
 garbage-first heap   total 78848K, used 25701K [0x00000000c0000000, 0x0000000100000000)
  region size 1024K, 0 young (0K), 0 survivors (0K)
 Metaspace       used 41518K, committed 41856K, reserved 1114112K
  class space    used 5338K, committed 5504K, reserved 1048576K
}
Event: 3698.718 GC heap before
{Heap before GC invocations=176 (full 167):
 garbage-first heap   total 78848K, used 25701K [0x00000000c0000000, 0x0000000100000000)
  region size 1024K, 1 young (1024K), 0 survivors (0K)
 Metaspace       used 41518K, committed 41856K, reserved 1114112K
  class space    used 5338K, committed 5504K, reserved 1048576K
}
Event: 3698.818 GC heap after
{Heap after GC invocations=177 (full 168):
 garbage-first heap   total 78848K, used 25701K [0x00000000c0000000, 0x0000000100000000)
  region size 1024K, 0 young (0K), 0 survivors (0K)
 Metaspace       used 41518K, committed 41856K, reserved 1114112K
  class space    used 5338K, committed 5504K, reserved 1048576K
}
Event: 3709.180 GC heap before
{Heap before GC invocations=177 (full 168):
 garbage-first heap   total 78848K, used 25701K [0x00000000c0000000, 0x0000000100000000)
  region size 1024K, 1 young (1024K), 0 survivors (0K)
 Metaspace       used 41518K, committed 41856K, reserved 1114112K
  class space    used 5338K, committed 5504K, reserved 1048576K
}
Event: 3709.269 GC heap after
{Heap after GC invocations=178 (full 169):
 garbage-first heap   total 78848K, used 25701K [0x00000000c0000000, 0x0000000100000000)
  region size 1024K, 0 young (0K), 0 survivors (0K)
 Metaspace       used 41518K, committed 41856K, reserved 1114112K
  class space    used 5338K, committed 5504K, reserved 1048576K
}
Event: 3719.619 GC heap before
{Heap before GC invocations=178 (full 169):
 garbage-first heap   total 78848K, used 25701K [0x00000000c0000000, 0x0000000100000000)
  region size 1024K, 1 young (1024K), 0 survivors (0K)
 Metaspace       used 41518K, committed 41856K, reserved 1114112K
  class space    used 5338K, committed 5504K, reserved 1048576K
}
Event: 3719.712 GC heap after
{Heap after GC invocations=179 (full 170):
 garbage-first heap   total 78848K, used 25701K [0x00000000c0000000, 0x0000000100000000)
  region size 1024K, 0 young (0K), 0 survivors (0K)
 Metaspace       used 41518K, committed 41856K, reserved 1114112K
  class space    used 5338K, committed 5504K, reserved 1048576K
}
Event: 3730.071 GC heap before
{Heap before GC invocations=179 (full 170):
 garbage-first heap   total 78848K, used 25701K [0x00000000c0000000, 0x0000000100000000)
  region size 1024K, 1 young (1024K), 0 survivors (0K)
 Metaspace       used 41518K, committed 41856K, reserved 1114112K
  class space    used 5338K, committed 5504K, reserved 1048576K
}
Event: 3730.167 GC heap after
{Heap after GC invocations=180 (full 171):
 garbage-first heap   total 78848K, used 25701K [0x00000000c0000000, 0x0000000100000000)
  region size 1024K, 0 young (0K), 0 survivors (0K)
 Metaspace       used 41518K, committed 41856K, reserved 1114112K
  class space    used 5338K, committed 5504K, reserved 1048576K
}
Event: 3740.526 GC heap before
{Heap before GC invocations=180 (full 171):
 garbage-first heap   total 78848K, used 25701K [0x00000000c0000000, 0x0000000100000000)
  region size 1024K, 1 young (1024K), 0 survivors (0K)
 Metaspace       used 41518K, committed 41856K, reserved 1114112K
  class space    used 5338K, committed 5504K, reserved 1048576K
}
Event: 3740.626 GC heap after
{Heap after GC invocations=181 (full 172):
 garbage-first heap   total 78848K, used 25701K [0x00000000c0000000, 0x0000000100000000)
  region size 1024K, 0 young (0K), 0 survivors (0K)
 Metaspace       used 41518K, committed 41856K, reserved 1114112K
  class space    used 5338K, committed 5504K, reserved 1048576K
}
Event: 3750.983 GC heap before
{Heap before GC invocations=181 (full 172):
 garbage-first heap   total 78848K, used 25701K [0x00000000c0000000, 0x0000000100000000)
  region size 1024K, 1 young (1024K), 0 survivors (0K)
 Metaspace       used 41518K, committed 41856K, reserved 1114112K
  class space    used 5338K, committed 5504K, reserved 1048576K
}
Event: 3751.074 GC heap after
{Heap after GC invocations=182 (full 173):
 garbage-first heap   total 78848K, used 25701K [0x00000000c0000000, 0x0000000100000000)
  region size 1024K, 0 young (0K), 0 survivors (0K)
 Metaspace       used 41518K, committed 41856K, reserved 1114112K
  class space    used 5338K, committed 5504K, reserved 1048576K
}
Event: 3761.437 GC heap before
{Heap before GC invocations=182 (full 173):
 garbage-first heap   total 78848K, used 25701K [0x00000000c0000000, 0x0000000100000000)
  region size 1024K, 1 young (1024K), 0 survivors (0K)
 Metaspace       used 41518K, committed 41856K, reserved 1114112K
  class space    used 5338K, committed 5504K, reserved 1048576K
}
Event: 3761.521 GC heap after
{Heap after GC invocations=183 (full 174):
 garbage-first heap   total 78848K, used 25701K [0x00000000c0000000, 0x0000000100000000)
  region size 1024K, 0 young (0K), 0 survivors (0K)
 Metaspace       used 41518K, committed 41856K, reserved 1114112K
  class space    used 5338K, committed 5504K, reserved 1048576K
}
Event: 3771.878 GC heap before
{Heap before GC invocations=183 (full 174):
 garbage-first heap   total 78848K, used 25701K [0x00000000c0000000, 0x0000000100000000)
  region size 1024K, 1 young (1024K), 0 survivors (0K)
 Metaspace       used 41518K, committed 41856K, reserved 1114112K
  class space    used 5338K, committed 5504K, reserved 1048576K
}
Event: 3771.976 GC heap after
{Heap after GC invocations=184 (full 175):
 garbage-first heap   total 78848K, used 25701K [0x00000000c0000000, 0x0000000100000000)
  region size 1024K, 0 young (0K), 0 survivors (0K)
 Metaspace       used 41518K, committed 41856K, reserved 1114112K
  class space    used 5338K, committed 5504K, reserved 1048576K
}
Event: 3783.230 GC heap before
{Heap before GC invocations=184 (full 175):
 garbage-first heap   total 78848K, used 25701K [0x00000000c0000000, 0x0000000100000000)
  region size 1024K, 1 young (1024K), 0 survivors (0K)
 Metaspace       used 41518K, committed 41856K, reserved 1114112K
  class space    used 5338K, committed 5504K, reserved 1048576K
}
Event: 3783.303 GC heap after
{Heap after GC invocations=185 (full 176):
 garbage-first heap   total 78848K, used 25701K [0x00000000c0000000, 0x0000000100000000)
  region size 1024K, 0 young (0K), 0 survivors (0K)
 Metaspace       used 41518K, committed 41856K, reserved 1114112K
  class space    used 5338K, committed 5504K, reserved 1048576K
}
Event: 3793.544 GC heap before
{Heap before GC invocations=185 (full 176):
 garbage-first heap   total 78848K, used 25701K [0x00000000c0000000, 0x0000000100000000)
  region size 1024K, 1 young (1024K), 0 survivors (0K)
 Metaspace       used 41518K, committed 41856K, reserved 1114112K
  class space    used 5338K, committed 5504K, reserved 1048576K
}

Dll operation events (8 events):
Event: 0.027 Loaded shared library c:\Users\user\.vscode\extensions\redhat.java-1.35.0-win32-x64\jre\17.0.12-win32-x86_64\bin\java.dll
Event: 0.524 Loaded shared library C:\Users\user\.vscode\extensions\redhat.java-1.35.0-win32-x64\jre\17.0.12-win32-x86_64\bin\net.dll
Event: 0.536 Loaded shared library C:\Users\user\.vscode\extensions\redhat.java-1.35.0-win32-x64\jre\17.0.12-win32-x86_64\bin\nio.dll
Event: 0.638 Loaded shared library C:\Users\user\.vscode\extensions\redhat.java-1.35.0-win32-x64\jre\17.0.12-win32-x86_64\bin\zip.dll
Event: 1.625 Loaded shared library C:\Users\user\.vscode\extensions\redhat.java-1.35.0-win32-x64\jre\17.0.12-win32-x86_64\bin\jimage.dll
Event: 5.408 Loaded shared library c:\Users\user\.vscode\extensions\redhat.java-1.35.0-win32-x64\jre\17.0.12-win32-x86_64\bin\verify.dll
Event: 11.364 Loaded shared library C:\Users\user\.vscode\extensions\redhat.java-1.35.0-win32-x64\jre\17.0.12-win32-x86_64\bin\management.dll
Event: 11.372 Loaded shared library C:\Users\user\.vscode\extensions\redhat.java-1.35.0-win32-x64\jre\17.0.12-win32-x86_64\bin\management_ext.dll

Deoptimization events (4 events):
Event: 12.174 Thread 0x000001e37a855060 DEOPT PACKING pc=0x000001e36dca4c81 sp=0x0000009854dfde00
Event: 12.174 Thread 0x000001e37a855060 DEOPT UNPACKING pc=0x000001e36d7b7124 sp=0x0000009854dfd290 mode 3
Event: 12.183 Thread 0x000001e37a856ec0 DEOPT PACKING pc=0x000001e36dc86d17 sp=0x0000009854ffeca0
Event: 12.183 Thread 0x000001e37a856ec0 DEOPT UNPACKING pc=0x000001e36d7b7124 sp=0x0000009854ffe0f8 mode 3

Classes loaded (20 events):
Event: 12.946 Loading class java/util/concurrent/atomic/AtomicLongFieldUpdater
Event: 12.946 Loading class java/util/concurrent/atomic/AtomicLongFieldUpdater done
Event: 12.947 Loading class java/util/concurrent/atomic/AtomicLongFieldUpdater$CASUpdater
Event: 12.947 Loading class java/util/concurrent/atomic/AtomicLongFieldUpdater$CASUpdater done
Event: 12.947 Loading class java/util/concurrent/atomic/AtomicLongFieldUpdater$CASUpdater$1
Event: 12.947 Loading class java/util/concurrent/atomic/AtomicLongFieldUpdater$CASUpdater$1 done
Event: 51.299 Loading class java/lang/ProcessBuilder
Event: 51.300 Loading class java/lang/ProcessBuilder done
Event: 51.300 Loading class java/lang/ProcessImpl
Event: 51.301 Loading class java/lang/ProcessImpl done
Event: 51.343 Loading class java/lang/ProcessImpl$2
Event: 51.344 Loading class java/lang/ProcessImpl$2 done
Event: 51.344 Loading class java/lang/Process$PipeInputStream
Event: 51.344 Loading class java/lang/Process$PipeInputStream done
Event: 51.345 Loading class jdk/internal/event/ProcessStartEvent
Event: 51.345 Loading class jdk/internal/event/ProcessStartEvent done
Event: 51.988 Loading class java/io/FileOutputStream$1
Event: 51.989 Loading class java/io/FileOutputStream$1 done
Event: 755.937 Loading class java/util/logging/LogRecord
Event: 755.938 Loading class java/util/logging/LogRecord done

Classes unloaded (20 events):
Event: 73.078 Thread 0x000001e375008500 Unloading class 0x00000001000ce800 'java/lang/invoke/LambdaForm$MH+0x00000001000ce800'
Event: 73.078 Thread 0x000001e375008500 Unloading class 0x00000001000ce400 'java/lang/invoke/LambdaForm$MH+0x00000001000ce400'
Event: 73.078 Thread 0x000001e375008500 Unloading class 0x00000001000ce000 'java/lang/invoke/LambdaForm$MH+0x00000001000ce000'
Event: 73.078 Thread 0x000001e375008500 Unloading class 0x00000001000cdc00 'java/lang/invoke/LambdaForm$MH+0x00000001000cdc00'
Event: 73.078 Thread 0x000001e375008500 Unloading class 0x00000001000cd800 'java/lang/invoke/LambdaForm$MH+0x00000001000cd800'
Event: 73.078 Thread 0x000001e375008500 Unloading class 0x00000001000cd400 'java/lang/invoke/LambdaForm$MH+0x00000001000cd400'
Event: 73.078 Thread 0x000001e375008500 Unloading class 0x00000001000ccc00 'java/lang/invoke/LambdaForm$MH+0x00000001000ccc00'
Event: 73.078 Thread 0x000001e375008500 Unloading class 0x00000001000cc800 'java/lang/invoke/LambdaForm$MH+0x00000001000cc800'
Event: 73.078 Thread 0x000001e375008500 Unloading class 0x00000001000cc000 'java/lang/invoke/LambdaForm$MH+0x00000001000cc000'
Event: 73.078 Thread 0x000001e375008500 Unloading class 0x00000001000cbc00 'java/lang/invoke/LambdaForm$MH+0x00000001000cbc00'
Event: 587.346 Thread 0x000001e375008500 Unloading class 0x0000000100519c00 'java/lang/invoke/LambdaForm$MH+0x0000000100519c00'
Event: 587.346 Thread 0x000001e375008500 Unloading class 0x0000000100521000 'java/lang/invoke/LambdaForm$MH+0x0000000100521000'
Event: 587.346 Thread 0x000001e375008500 Unloading class 0x0000000100550000 'java/lang/invoke/LambdaForm$MH+0x0000000100550000'
Event: 1635.808 Thread 0x000001e375008500 Unloading class 0x00000001000cc000 'java/lang/invoke/LambdaForm$MH+0x00000001000cc000'
Event: 1635.808 Thread 0x000001e375008500 Unloading class 0x00000001000cd400 'java/lang/invoke/LambdaForm$MH+0x00000001000cd400'
Event: 1635.808 Thread 0x000001e375008500 Unloading class 0x00000001000ce800 'java/lang/invoke/LambdaForm$MH+0x00000001000ce800'
Event: 1635.808 Thread 0x000001e375008500 Unloading class 0x00000001000d6000 'java/lang/invoke/LambdaForm$MH+0x00000001000d6000'
Event: 1635.808 Thread 0x000001e375008500 Unloading class 0x0000000100215800 'java/lang/invoke/LambdaForm$MH+0x0000000100215800'
Event: 1635.808 Thread 0x000001e375008500 Unloading class 0x0000000100216400 'java/lang/invoke/LambdaForm$MH+0x0000000100216400'
Event: 1635.808 Thread 0x000001e375008500 Unloading class 0x000000010034c400 'java/lang/invoke/LambdaForm$MH+0x000000010034c400'

Classes redefined (0 events):
No events

Internal exceptions (20 events):
Event: 8.155 Thread 0x000001e36aabd460 Exception <a 'java/lang/NoSuchMethodError'{0x00000000c47c2ca8}: 'java.lang.Object java.lang.invoke.DelegatingMethodHandle$Holder.delegate(java.lang.Object, int, java.lang.Object, java.lang.Object)'> (0x00000000c47c2ca8) 
thrown [s\src\hotspot\share\interpreter\linkResolver.cpp, line 759]
Event: 8.160 Thread 0x000001e36aabd460 Exception <a 'java/lang/NoSuchMethodError'{0x00000000c47d3b10}: 'int java.lang.invoke.Invokers$Holder.linkToTargetMethod(java.lang.Object, java.lang.Object, java.lang.Object)'> (0x00000000c47d3b10) 
thrown [s\src\hotspot\share\interpreter\linkResolver.cpp, line 759]
Event: 8.536 Thread 0x000001e36aabd460 Exception <a 'java/lang/NoSuchMethodError'{0x00000000c4396648}: 'java.lang.Object java.lang.invoke.DirectMethodHandle$Holder.invokeStaticInit(java.lang.Object, int, int, int, int)'> (0x00000000c4396648) 
thrown [s\src\hotspot\share\interpreter\linkResolver.cpp, line 759]
Event: 8.721 Thread 0x000001e36aabd460 Exception <a 'java/lang/NoSuchMethodError'{0x00000000c4273128}: 'java.lang.Object java.lang.invoke.DirectMethodHandle$Holder.invokeStaticInit(java.lang.Object, java.lang.Object, int, int, int, int)'> (0x00000000c4273128) 
thrown [s\src\hotspot\share\interpreter\linkResolver.cpp, line 759]
Event: 9.363 Thread 0x000001e36aabd460 Exception <a 'java/lang/NoSuchMethodError'{0x00000000c3a26330}: 'void java.lang.invoke.DirectMethodHandle$Holder.invokeSpecialIFC(java.lang.Object, java.lang.Object, java.lang.Object)'> (0x00000000c3a26330) 
thrown [s\src\hotspot\share\interpreter\linkResolver.cpp, line 759]
Event: 10.154 Thread 0x000001e36aabd460 Exception <a 'java/lang/NoSuchMethodError'{0x00000000c443bb88}: 'int java.lang.invoke.DirectMethodHandle$Holder.invokeSpecial(java.lang.Object, java.lang.Object, java.lang.Object, java.lang.Object, java.lang.Object)'> (0x00000000c443bb88) 
thrown [s\src\hotspot\share\interpreter\linkResolver.cpp, line 759]
Event: 10.303 Thread 0x000001e36aabd460 Exception <a 'java/lang/NoSuchMethodError'{0x00000000c41ca450}: 'void java.lang.invoke.DirectMethodHandle$Holder.invokeVirtual(java.lang.Object, java.lang.Object)'> (0x00000000c41ca450) 
thrown [s\src\hotspot\share\interpreter\linkResolver.cpp, line 759]
Event: 10.381 Thread 0x000001e36aabd460 Exception <a 'java/lang/NoSuchMethodError'{0x00000000c5d53898}: 'int java.lang.invoke.DirectMethodHandle$Holder.invokeStaticInit(java.lang.Object, java.lang.Object, int, java.lang.Object)'> (0x00000000c5d53898) 
thrown [s\src\hotspot\share\interpreter\linkResolver.cpp, line 759]
Event: 10.516 Thread 0x000001e36aabd460 Exception <a 'java/lang/NoSuchMethodError'{0x00000000c5cb0c50}: 'void java.lang.invoke.DirectMethodHandle$Holder.invokeSpecial(java.lang.Object, java.lang.Object, java.lang.Object, java.lang.Object, java.lang.Object, java.lang.Object, java.lang.Object)'> (0x00000000c5cb0c50) 
thrown [s\src\hotspot\share\interpreter\linkResolver.cpp, line 759]
Event: 10.918 Thread 0x000001e36aabd460 Exception <a 'java/lang/NoSuchMethodError'{0x00000000c441bca8}: 'java.lang.Object java.lang.invoke.DirectMethodHandle$Holder.invokeInterface(java.lang.Object, java.lang.Object, int)'> (0x00000000c441bca8) 
thrown [s\src\hotspot\share\interpreter\linkResolver.cpp, line 759]
Event: 10.923 Thread 0x000001e36aabd460 Exception <a 'java/lang/IncompatibleClassChangeError'{0x00000000c442ff40}: Found class java.lang.Object, but interface was expected> (0x00000000c442ff40) 
thrown [s\src\hotspot\share\interpreter\linkResolver.cpp, line 826]
Event: 11.318 Thread 0x000001e36aabd460 Exception <a 'java/lang/NoSuchMethodError'{0x00000000c3d10828}: 'java.lang.Object java.lang.invoke.DirectMethodHandle$Holder.newInvokeSpecial(java.lang.Object, java.lang.Object, int, java.lang.Object, java.lang.Object)'> (0x00000000c3d10828) 
thrown [s\src\hotspot\share\interpreter\linkResolver.cpp, line 759]
Event: 11.323 Thread 0x000001e36aabd460 Exception <a 'java/lang/NoSuchMethodError'{0x00000000c3d24668}: 'java.lang.Object java.lang.invoke.DirectMethodHandle$Holder.newInvokeSpecial(java.lang.Object, java.lang.Object, java.lang.Object, int)'> (0x00000000c3d24668) 
thrown [s\src\hotspot\share\interpreter\linkResolver.cpp, line 759]
Event: 11.324 Thread 0x000001e36aabd460 Exception <a 'java/lang/NoSuchMethodError'{0x00000000c3d28950}: 'java.lang.Object java.lang.invoke.DirectMethodHandle$Holder.invokeSpecial(java.lang.Object, java.lang.Object, java.lang.Object, java.lang.Object, int)'> (0x00000000c3d28950) 
thrown [s\src\hotspot\share\interpreter\linkResolver.cpp, line 759]
Event: 11.325 Thread 0x000001e36aabd460 Exception <a 'java/lang/NoSuchMethodError'{0x00000000c3d2c518}: 'java.lang.Object java.lang.invoke.Invokers$Holder.linkToTargetMethod(java.lang.Object, java.lang.Object, int, java.lang.Object)'> (0x00000000c3d2c518) 
thrown [s\src\hotspot\share\interpreter\linkResolver.cpp, line 759]
Event: 12.059 Thread 0x000001e37a855060 Exception <a 'java/lang/NoSuchMethodError'{0x00000000c352e278}: 'java.lang.Object java.lang.invoke.DirectMethodHandle$Holder.invokeStatic(java.lang.Object, java.lang.Object, java.lang.Object, int, java.lang.Object, java.lang.Object)'> (0x00000000c352e278) 
thrown [s\src\hotspot\share\interpreter\linkResolver.cpp, line 759]
Event: 12.940 Thread 0x000001e37ad4c5a0 Exception <a 'java/lang/NoSuchMethodError'{0x00000000c30ce0b0}: 'int java.lang.invoke.DirectMethodHandle$Holder.invokeStatic(java.lang.Object)'> (0x00000000c30ce0b0) 
thrown [s\src\hotspot\share\interpreter\linkResolver.cpp, line 759]
Event: 12.941 Thread 0x000001e37ad4c5a0 Exception <a 'java/lang/NoSuchMethodError'{0x00000000c30d14b0}: 'int java.lang.invoke.DirectMethodHandle$Holder.invokeStaticInit(java.lang.Object)'> (0x00000000c30d14b0) 
thrown [s\src\hotspot\share\interpreter\linkResolver.cpp, line 759]
Event: 51.340 Thread 0x000001e37a858300 Exception <a 'java/lang/NoSuchMethodError'{0x00000000c3e7b6a8}: 'void java.lang.invoke.DirectMethodHandle$Holder.invokeStatic(java.lang.Object, long)'> (0x00000000c3e7b6a8) 
thrown [s\src\hotspot\share\interpreter\linkResolver.cpp, line 759]
Event: 51.342 Thread 0x000001e37a858300 Exception <a 'java/lang/NoSuchMethodError'{0x00000000c3e80a50}: 'java.lang.Object java.lang.invoke.DirectMethodHandle$Holder.newInvokeSpecial(java.lang.Object, long)'> (0x00000000c3e80a50) 
thrown [s\src\hotspot\share\interpreter\linkResolver.cpp, line 759]

VM Operations (20 events):
Event: 3688.363 Executing VM operation: G1CollectFull done
Event: 3698.717 Executing VM operation: G1CollectFull
Event: 3698.818 Executing VM operation: G1CollectFull done
Event: 3709.180 Executing VM operation: G1CollectFull
Event: 3709.269 Executing VM operation: G1CollectFull done
Event: 3719.619 Executing VM operation: G1CollectFull
Event: 3719.712 Executing VM operation: G1CollectFull done
Event: 3730.070 Executing VM operation: G1CollectFull
Event: 3730.167 Executing VM operation: G1CollectFull done
Event: 3740.526 Executing VM operation: G1CollectFull
Event: 3740.626 Executing VM operation: G1CollectFull done
Event: 3750.983 Executing VM operation: G1CollectFull
Event: 3751.074 Executing VM operation: G1CollectFull done
Event: 3761.436 Executing VM operation: G1CollectFull
Event: 3761.521 Executing VM operation: G1CollectFull done
Event: 3771.878 Executing VM operation: G1CollectFull
Event: 3771.976 Executing VM operation: G1CollectFull done
Event: 3783.230 Executing VM operation: G1CollectFull
Event: 3783.303 Executing VM operation: G1CollectFull done
Event: 3793.544 Executing VM operation: G1CollectFull

Events (20 events):
Event: 2890.852 Thread 0x000001e37ad4e910 Thread exited: 0x000001e37ad4e910
Event: 2891.825 Thread 0x000001e37ad4def0 Thread exited: 0x000001e37ad4def0
Event: 2895.260 Thread 0x000001e37ad4ee20 Thread added: 0x000001e37ad4ee20
Event: 2904.594 Thread 0x000001e37ad4def0 Thread added: 0x000001e37ad4def0
Event: 2971.515 Thread 0x000001e37ad4def0 Thread exited: 0x000001e37ad4def0
Event: 2978.239 Thread 0x000001e37ad4cfc0 Thread added: 0x000001e37ad4cfc0
Event: 2992.826 Thread 0x000001e37ad4def0 Thread added: 0x000001e37ad4def0
Event: 3064.990 Thread 0x000001e37ad4def0 Thread exited: 0x000001e37ad4def0
Event: 3065.734 Thread 0x000001e37ad4d9e0 Thread added: 0x000001e37ad4d9e0
Event: 3126.486 Thread 0x000001e37ad4d9e0 Thread exited: 0x000001e37ad4d9e0
Event: 3219.321 Thread 0x000001e37ad4cfc0 Thread exited: 0x000001e37ad4cfc0
Event: 3227.930 Thread 0x000001e37ad4e400 Thread added: 0x000001e37ad4e400
Event: 3229.080 Thread 0x000001e37ad4cfc0 Thread added: 0x000001e37ad4cfc0
Event: 3289.082 Thread 0x000001e37ad4ee20 Thread exited: 0x000001e37ad4ee20
Event: 3290.950 Thread 0x000001e37ad4e400 Thread exited: 0x000001e37ad4e400
Event: 3307.286 Thread 0x000001e37ad4e910 Thread added: 0x000001e37ad4e910
Event: 3314.911 Thread 0x000001e37ad4c090 Thread added: 0x000001e37ad4c090
Event: 3557.989 Thread 0x000001e37ad4cfc0 Thread exited: 0x000001e37ad4cfc0
Event: 3572.987 Thread 0x000001e37ad4e910 Thread exited: 0x000001e37ad4e910
Event: 3583.531 Thread 0x000001e37ad4c090 Thread exited: 0x000001e37ad4c090


Dynamic libraries:
0x00007ff6897c0000 - 0x00007ff6897ce000 	c:\Users\user\.vscode\extensions\redhat.java-1.35.0-win32-x64\jre\17.0.12-win32-x86_64\bin\java.exe
0x00007ffd07050000 - 0x00007ffd07248000 	C:\WINDOWS\SYSTEM32\ntdll.dll
0x00007ffd066a0000 - 0x00007ffd06761000 	C:\WINDOWS\System32\KERNEL32.DLL
0x00007ffd049b0000 - 0x00007ffd04cad000 	C:\WINDOWS\System32\KERNELBASE.dll
0x00007ffd04db0000 - 0x00007ffd04eb0000 	C:\WINDOWS\System32\ucrtbase.dll
0x00007ffcfe9e0000 - 0x00007ffcfe9f7000 	c:\Users\user\.vscode\extensions\redhat.java-1.35.0-win32-x64\jre\17.0.12-win32-x86_64\bin\jli.dll
0x00007ffd061b0000 - 0x00007ffd0634d000 	C:\WINDOWS\System32\USER32.dll
0x00007ffd04700000 - 0x00007ffd04722000 	C:\WINDOWS\System32\win32u.dll
0x00007ffd06430000 - 0x00007ffd0645b000 	C:\WINDOWS\System32\GDI32.dll
0x00007ffd04890000 - 0x00007ffd049a7000 	C:\WINDOWS\System32\gdi32full.dll
0x00007ffd04f40000 - 0x00007ffd04fdd000 	C:\WINDOWS\System32\msvcp_win.dll
0x00007ffcfc6a0000 - 0x00007ffcfc6bb000 	c:\Users\user\.vscode\extensions\redhat.java-1.35.0-win32-x64\jre\17.0.12-win32-x86_64\bin\VCRUNTIME140.dll
0x00007ffcf5640000 - 0x00007ffcf58da000 	C:\WINDOWS\WinSxS\amd64_microsoft.windows.common-controls_6595b64144ccf1df_6.0.19041.4355_none_60b8b9eb71f62e16\COMCTL32.dll
0x00007ffd06b00000 - 0x00007ffd06b9e000 	C:\WINDOWS\System32\msvcrt.dll
0x00007ffd06770000 - 0x00007ffd0679f000 	C:\WINDOWS\System32\IMM32.DLL
0x00007ffcfe750000 - 0x00007ffcfe75c000 	c:\Users\user\.vscode\extensions\redhat.java-1.35.0-win32-x64\jre\17.0.12-win32-x86_64\bin\vcruntime140_1.dll
0x00007ffce2d80000 - 0x00007ffce2e0d000 	c:\Users\user\.vscode\extensions\redhat.java-1.35.0-win32-x64\jre\17.0.12-win32-x86_64\bin\msvcp140.dll
0x00007ffcbdfc0000 - 0x00007ffcbec2a000 	c:\Users\user\.vscode\extensions\redhat.java-1.35.0-win32-x64\jre\17.0.12-win32-x86_64\bin\server\jvm.dll
0x00007ffd05a80000 - 0x00007ffd05b30000 	C:\WINDOWS\System32\ADVAPI32.dll
0x00007ffd05f40000 - 0x00007ffd05fe0000 	C:\WINDOWS\System32\sechost.dll
0x00007ffd064e0000 - 0x00007ffd06603000 	C:\WINDOWS\System32\RPCRT4.dll
0x00007ffd05050000 - 0x00007ffd05077000 	C:\WINDOWS\System32\bcrypt.dll
0x00007ffd05a10000 - 0x00007ffd05a7b000 	C:\WINDOWS\System32\WS2_32.dll
0x00007ffd03c00000 - 0x00007ffd03c4b000 	C:\WINDOWS\SYSTEM32\POWRPROF.dll
0x00007ffcf7120000 - 0x00007ffcf7147000 	C:\WINDOWS\SYSTEM32\WINMM.dll
0x00007ffcf4920000 - 0x00007ffcf492a000 	C:\WINDOWS\SYSTEM32\VERSION.dll
0x00007ffd03ac0000 - 0x00007ffd03ad2000 	C:\WINDOWS\SYSTEM32\UMPDC.dll
0x00007ffd02540000 - 0x00007ffd02552000 	C:\WINDOWS\SYSTEM32\kernel.appcore.dll
0x00007ffcfe5d0000 - 0x00007ffcfe5da000 	c:\Users\user\.vscode\extensions\redhat.java-1.35.0-win32-x64\jre\17.0.12-win32-x86_64\bin\jimage.dll
0x00007ffcec670000 - 0x00007ffcec854000 	C:\WINDOWS\SYSTEM32\DBGHELP.DLL
0x00007ffcec630000 - 0x00007ffcec664000 	C:\WINDOWS\SYSTEM32\dbgcore.DLL
0x00007ffd04eb0000 - 0x00007ffd04f32000 	C:\WINDOWS\System32\bcryptPrimitives.dll
0x00007ffcf9180000 - 0x00007ffcf91a5000 	c:\Users\user\.vscode\extensions\redhat.java-1.35.0-win32-x64\jre\17.0.12-win32-x86_64\bin\java.dll
0x00007ffcfb200000 - 0x00007ffcfb218000 	c:\Users\user\.vscode\extensions\redhat.java-1.35.0-win32-x64\jre\17.0.12-win32-x86_64\bin\zip.dll
0x00007ffd050f0000 - 0x00007ffd0585f000 	C:\WINDOWS\System32\SHELL32.dll
0x00007ffd02740000 - 0x00007ffd02ee3000 	C:\WINDOWS\SYSTEM32\windows.storage.dll
0x00007ffd05b30000 - 0x00007ffd05e83000 	C:\WINDOWS\System32\combase.dll
0x00007ffd04050000 - 0x00007ffd0407e000 	C:\WINDOWS\SYSTEM32\Wldp.dll
0x00007ffd060e0000 - 0x00007ffd061ad000 	C:\WINDOWS\System32\OLEAUT32.dll
0x00007ffd05e90000 - 0x00007ffd05f3d000 	C:\WINDOWS\System32\SHCORE.dll
0x00007ffd05090000 - 0x00007ffd050e5000 	C:\WINDOWS\System32\shlwapi.dll
0x00007ffd04630000 - 0x00007ffd04654000 	C:\WINDOWS\SYSTEM32\profapi.dll
0x00007ffcefa90000 - 0x00007ffcefaa9000 	C:\Users\user\.vscode\extensions\redhat.java-1.35.0-win32-x64\jre\17.0.12-win32-x86_64\bin\net.dll
0x00007ffcfb5c0000 - 0x00007ffcfb6cd000 	C:\WINDOWS\SYSTEM32\WINHTTP.dll
0x00007ffd03e30000 - 0x00007ffd03e9a000 	C:\WINDOWS\system32\mswsock.dll
0x00007ffcef400000 - 0x00007ffcef416000 	C:\Users\user\.vscode\extensions\redhat.java-1.35.0-win32-x64\jre\17.0.12-win32-x86_64\bin\nio.dll
0x00007ffcfb700000 - 0x00007ffcfb710000 	c:\Users\user\.vscode\extensions\redhat.java-1.35.0-win32-x64\jre\17.0.12-win32-x86_64\bin\verify.dll
0x00007ffd04390000 - 0x00007ffd043a8000 	C:\WINDOWS\SYSTEM32\CRYPTSP.dll
0x00007ffd036a0000 - 0x00007ffd036d4000 	C:\WINDOWS\system32\rsaenh.dll
0x00007ffd045f0000 - 0x00007ffd0461e000 	C:\WINDOWS\SYSTEM32\USERENV.dll
0x00007ffd03fc0000 - 0x00007ffd03fcc000 	C:\WINDOWS\SYSTEM32\CRYPTBASE.dll
0x00007ffd03ae0000 - 0x00007ffd03b1b000 	C:\WINDOWS\SYSTEM32\IPHLPAPI.DLL
0x00007ffd05080000 - 0x00007ffd05088000 	C:\WINDOWS\System32\NSI.dll
0x00007ffcfc980000 - 0x00007ffcfc997000 	C:\WINDOWS\SYSTEM32\dhcpcsvc6.DLL
0x00007ffcfc960000 - 0x00007ffcfc97d000 	C:\WINDOWS\SYSTEM32\dhcpcsvc.DLL
0x00007ffd03b30000 - 0x00007ffd03bfa000 	C:\WINDOWS\SYSTEM32\DNSAPI.dll
0x00007ffcff5d0000 - 0x00007ffcff5d9000 	C:\Users\user\.vscode\extensions\redhat.java-1.35.0-win32-x64\jre\17.0.12-win32-x86_64\bin\management.dll
0x00007ffcfb1f0000 - 0x00007ffcfb1fb000 	C:\Users\user\.vscode\extensions\redhat.java-1.35.0-win32-x64\jre\17.0.12-win32-x86_64\bin\management_ext.dll
0x00007ffd06070000 - 0x00007ffd06078000 	C:\WINDOWS\System32\PSAPI.DLL

dbghelp: loaded successfully - version: 4.0.5 - missing functions: none
symbol engine: initialized successfully - sym options: 0x614 - pdb path: .;c:\Users\user\.vscode\extensions\redhat.java-1.35.0-win32-x64\jre\17.0.12-win32-x86_64\bin;C:\WINDOWS\SYSTEM32;C:\WINDOWS\WinSxS\amd64_microsoft.windows.common-controls_6595b64144ccf1df_6.0.19041.4355_none_60b8b9eb71f62e16;c:\Users\user\.vscode\extensions\redhat.java-1.35.0-win32-x64\jre\17.0.12-win32-x86_64\bin\server

VM Arguments:
jvm_args: -Xmx1024m -Dsts.lsp.client=vscode -Dsts.log.file=/dev/null -XX:TieredStopAtLevel=1 -Xlog:jni+resolve=off 
java_command: c:\Users\user\.vscode\extensions\vmware.vscode-spring-boot-1.57.0\language-server\spring-boot-language-server-1.57.0-SNAPSHOT-exec.jar
java_class_path (initial): c:\Users\user\.vscode\extensions\vmware.vscode-spring-boot-1.57.0\language-server\spring-boot-language-server-1.57.0-SNAPSHOT-exec.jar
Launcher Type: SUN_STANDARD

[Global flags]
     intx CICompilerCount                          = 3                                         {product} {ergonomic}
     uint ConcGCThreads                            = 1                                         {product} {ergonomic}
     uint G1ConcRefinementThreads                  = 4                                         {product} {ergonomic}
   size_t G1HeapRegionSize                         = 1048576                                   {product} {ergonomic}
    uintx GCDrainStackTargetSize                   = 64                                        {product} {ergonomic}
   size_t InitialHeapSize                          = 98566144                                  {product} {ergonomic}
   size_t MarkStackSize                            = 4194304                                   {product} {ergonomic}
   size_t MaxHeapSize                              = 1073741824                                {product} {command line}
   size_t MaxNewSize                               = 643825664                                 {product} {ergonomic}
   size_t MinHeapDeltaBytes                        = 1048576                                   {product} {ergonomic}
   size_t MinHeapSize                              = 8388608                                   {product} {ergonomic}
    uintx NonProfiledCodeHeapSize                  = 0                                      {pd product} {ergonomic}
     bool ProfileInterpreter                       = false                                  {pd product} {command line}
    uintx ProfiledCodeHeapSize                     = 0                                      {pd product} {ergonomic}
   size_t SoftMaxHeapSize                          = 1073741824                             {manageable} {ergonomic}
     intx TieredStopAtLevel                        = 1                                         {product} {command line}
     bool UseCompressedClassPointers               = true                           {product lp64_product} {ergonomic}
     bool UseCompressedOops                        = true                           {product lp64_product} {ergonomic}
     bool UseG1GC                                  = true                                      {product} {ergonomic}
     bool UseLargePagesIndividualAllocation        = false                                  {pd product} {ergonomic}

Logging:
Log output configuration:
 #0: stdout all=warning,jni+resolve=off uptime,level,tags
 #1: stderr all=off uptime,level,tags

Environment Variables:
JAVA_HOME=C:\Program Files\Java\jdk-21
PATH=C:\Program Files\Common Files\Oracle\Java\javapath;C:\WINDOWS\system32;C:\WINDOWS;C:\WINDOWS\System32\Wbem;C:\WINDOWS\System32\WindowsPowerShell\v1.0\;C:\WINDOWS\System32\OpenSSH\;C:\ProgramData\chocolatey\bin;C:\Program Files\Git\cmd;C:\Program Files\OpenSSL-Win64\bin;C:\Program Files\Docker\Docker\resources\bin;C:\Users\user\AppData\Roaming\nvm;C:\Program Files\nodejs;C:\Program Files\nodejs;C:\Program Files\nodejs;C:\Program Files\apache-maven-3.9.6\bin;C:\Program Files\Common Files\Oracle\Java\javapath;C:\WINDOWS\system32;C:\WINDOWS;C:\WINDOWS\System32\Wbem;C:\WINDOWS\System32\WindowsPowerShell\v1.0\;C:\WINDOWS\System32\OpenSSH\;C:\ProgramData\chocolatey\bin;C:\Program Files\Git\cmd;C:\Program Files\OpenSSL-Win64\bin;C:\Program Files\Docker\Docker\resources\bin;C:\Users\user\AppData\Roaming\nvm;C:\Program Files\nodejs;C:\Program Files\nodejs;C:\Program Files\nodejs;;C:\Users\user\AppData\Local\Programs\Microsoft VS Code\bin;C:\Users\user\AppData\Roaming\nvm;C:\Program Files\nodejs
USERNAME=user
OS=Windows_NT
PROCESSOR_IDENTIFIER=Intel64 Family 6 Model 37 Stepping 5, GenuineIntel
TMP=C:\Users\user\AppData\Local\Temp
TEMP=C:\Users\user\AppData\Local\Temp



Periodic native trim disabled


---------------  S Y S T E M  ---------------

OS:
 Windows 10 , 64 bit Build 19041 (10.0.19041.4842)
OS uptime: 0 days 7:25 hours
Hyper-V role detected

CPU: total 4 (initial active 4) (2 cores per cpu, 2 threads per core) family 6 model 37 stepping 5 microcode 0x7, cx8, cmov, fxsr, ht, mmx, sse, sse2, sse3, ssse3, sse4.1, sse4.2, popcnt, tsc, tscinvbit, clflush, hv
Processor Information for all 4 processors :
  Max Mhz: 2399, Current Mhz: 2399, Mhz Limit: 2399

Memory: 4k page, system-wide physical 5941M (713M free)
TotalPageFile size 8941M (AvailPageFile size 10M)
current process WorkingSet (physical memory assigned to process): 92M, peak: 175M
current process commit charge ("private bytes"): 211M, peak: 213M

vm_info: OpenJDK 64-Bit Server VM (17.0.12+7) for windows-amd64 JRE (17.0.12+7), built on Jul 16 2024 22:08:24 by "admin" with MS VC++ 16.10 / 16.11 (VS2019)

END.
