#
# There is insufficient memory for the Java Runtime Environment to continue.
# Native memory allocation (malloc) failed to allocate 1048576 bytes. Error detail: AllocateHeap
# Possible reasons:
#   The system is out of physical RAM or swap space
#   This process is running with CompressedOops enabled, and the Java Heap may be blocking the growth of the native heap
# Possible solutions:
#   Reduce memory load on the system
#   Increase physical memory or swap space
#   Check if swap backing store is full
#   Decrease Java heap size (-Xmx/-Xms)
#   Decrease number of Java threads
#   Decrease Java thread stack sizes (-Xss)
#   Set larger code cache with -XX:ReservedCodeCacheSize=
#   JVM is running with Unscaled Compressed Oops mode in which the Java heap is
#     placed in the first 4GB address space. The Java Heap base address is the
#     maximum limit for the native heap growth. Please use -XX:HeapBaseMinAddress
#     to set the Java Heap base and to place the Java Heap above 4GB virtual address.
# This output file may be truncated or incomplete.
#
#  Out of Memory Error (allocation.cpp:44), pid=10048, tid=8396
#
# JRE version: OpenJDK Runtime Environment Temurin-17.0.12+7 (17.0.12+7) (build 17.0.12+7)
# Java VM: OpenJDK 64-Bit Server VM Temurin-17.0.12+7 (17.0.12+7, mixed mode, emulated-client, tiered, compressed oops, compressed class ptrs, g1 gc, windows-amd64)
# No core dump will be written. Minidumps are not enabled by default on client versions of Windows
#

---------------  S U M M A R Y ------------

Command Line: -Xmx1024m -Dsts.lsp.client=vscode -Dsts.log.file=/dev/null -XX:TieredStopAtLevel=1 -Xlog:jni+resolve=off c:\Users\user\.vscode\extensions\vmware.vscode-spring-boot-1.57.0\language-server\spring-boot-language-server-1.57.0-SNAPSHOT-exec.jar

Host: Intel(R) Core(TM) i3 CPU       M 370  @ 2.40GHz, 4 cores, 5G,  Windows 10 , 64 bit Build 19041 (10.0.19041.4842)
Time: Fri Sep 27 11:27:57 2024 Paris, Madrid (heure duild 19041 (10.0.19041.4842) elapsed time: 6920.819639 seconds (0d 1h 55m 20s)

---------------  T H R E A D  ---------------

Current thread (0x000002a9a99c5170):  VMThread "VM Thread" [stack: 0x000000b9cfc00000,0x000000b9cfd00000] [id=8396]

Stack: [0x000000b9cfc00000,0x000000b9cfd00000]
Native frames: (J=compiled Java code, j=interpreted, Vv=VM code, C=native code)
V  [jvm.dll+0x67f929]
V  [jvm.dll+0x8371ba]
V  [jvm.dll+0x838c7e]
V  [jvm.dll+0x8392e3]
V  [jvm.dll+0x24834f]
V  [jvm.dll+0xa70d3]
V  [jvm.dll+0x2f9073]
V  [jvm.dll+0x2f4d00]
V  [jvm.dll+0x2dd82f]
V  [jvm.dll+0x3201f7]
V  [jvm.dll+0x83d7dd]
V  [jvm.dll+0x83e522]
V  [jvm.dll+0x83ea4f]
V  [jvm.dll+0x83ee34]
V  [jvm.dll+0x83ef00]
V  [jvm.dll+0x7e65dc]
V  [jvm.dll+0x67e7f7]
C  [ucrtbase.dll+0x21bb2]
C  [KERNEL32.DLL+0x17374]
C  [ntdll.dll+0x4cc91]

VM_Operation (0x000000b9d11fed60): G1CollectFull, mode: safepoint, requested by thread 0x000002a9aea6b450


---------------  P R O C E S S  ---------------

Threads class SMR info:
_java_thread_list=0x000002a9ae547890, length=24, elements={
0x000002a9a99dd740, 0x000002a9a99de5c0, 0x000002a9a9a1d130, 0x000002a9a9a1dcf0,
0x000002a9a9a206c0, 0x000002a9a9a21080, 0x000002a9a9a21af0, 0x000002a9a9b88070,
0x000002a9a9c97d80, 0x000002a9a9ca2e80, 0x000002a9aeb53ed0, 0x000002a9aea6b450,
0x000002a9af5fb8f0, 0x000002a9af5fbe00, 0x000002a9af5fa9c0, 0x000002a9af5faed0,
0x000002a9af5fa4b0, 0x000002a9af5fc310, 0x000002a9af5f9fa0, 0x000002a9af5fc820,
0x000002a9af5f9070, 0x000002a9af5fb3e0, 0x000002a9af5f9580, 0x000002a9b081d2c0
}

Java Threads: ( => current thread )
  0x000002a9a99dd740 JavaThread "Reference Handler" daemon [_thread_blocked, id=4132, stack(0x000000b9cfd00000,0x000000b9cfe00000)]
  0x000002a9a99de5c0 JavaThread "Finalizer" daemon [_thread_blocked, id=9368, stack(0x000000b9cfe00000,0x000000b9cff00000)]
  0x000002a9a9a1d130 JavaThread "Signal Dispatcher" daemon [_thread_blocked, id=9172, stack(0x000000b9cff00000,0x000000b9d0000000)]
  0x000002a9a9a1dcf0 JavaThread "Attach Listener" daemon [_thread_blocked, id=9816, stack(0x000000b9d0000000,0x000000b9d0100000)]
  0x000002a9a9a206c0 JavaThread "Service Thread" daemon [_thread_blocked, id=7180, stack(0x000000b9d0100000,0x000000b9d0200000)]
  0x000002a9a9a21080 JavaThread "Monitor Deflation Thread" daemon [_thread_blocked, id=2516, stack(0x000000b9d0200000,0x000000b9d0300000)]
  0x000002a9a9a21af0 JavaThread "C1 CompilerThread0" daemon [_thread_blocked, id=6148, stack(0x000000b9d0300000,0x000000b9d0400000)]
  0x000002a9a9b88070 JavaThread "Sweeper thread" daemon [_thread_blocked, id=9200, stack(0x000000b9d0400000,0x000000b9d0500000)]
  0x000002a9a9c97d80 JavaThread "Notification Thread" daemon [_thread_blocked, id=5664, stack(0x000000b9d0500000,0x000000b9d0600000)]
  0x000002a9a9ca2e80 JavaThread "Common-Cleaner" daemon [_thread_blocked, id=8172, stack(0x000000b9d0700000,0x000000b9d0800000)]
  0x000002a9aeb53ed0 JavaThread "boundedElastic-evictor-1" daemon [_thread_blocked, id=8240, stack(0x000000b9d1000000,0x000000b9d1100000)]
  0x000002a9aea6b450 JavaThread "pool-13-thread-1" [_thread_blocked, id=8364, stack(0x000000b9d1100000,0x000000b9d1200000)]
  0x000002a9af5fb8f0 JavaThread "LanguageServerApp-lifecycle" [_thread_blocked, id=2872, stack(0x000000b9d1200000,0x000000b9d1300000)]
  0x000002a9af5fbe00 JavaThread "DestroyJavaVM" [_thread_blocked, id=8028, stack(0x000000b9cf600000,0x000000b9cf700000)]
  0x000002a9af5fa9c0 JavaThread "pool-14-thread-1" [_thread_in_native, id=4568, stack(0x000000b9d1300000,0x000000b9d1400000)]
  0x000002a9af5faed0 JavaThread "Simple-Language-Server main thread" daemon [_thread_blocked, id=10008, stack(0x000000b9d1400000,0x000000b9d1500000)]
  0x000002a9af5fa4b0 JavaThread "pool-8-thread-1" [_thread_blocked, id=2452, stack(0x000000b9d1500000,0x000000b9d1600000)]
  0x000002a9af5fc310 JavaThread "parallel-1" daemon [_thread_blocked, id=4692, stack(0x000000b9d1600000,0x000000b9d1700000)]
  0x000002a9af5f9fa0 JavaThread "parallel-2" daemon [_thread_blocked, id=9560, stack(0x000000b9d1700000,0x000000b9d1800000)]
  0x000002a9af5fc820 JavaThread "pool-6-thread-1" [_thread_blocked, id=6652, stack(0x000000b9d1800000,0x000000b9d1900000)]
  0x000002a9af5f9070 JavaThread "parallel-3" daemon [_thread_blocked, id=7944, stack(0x000000b9d0c00000,0x000000b9d0d00000)]
  0x000002a9af5fb3e0 JavaThread "parallel-4" daemon [_thread_blocked, id=1968, stack(0x000000b9d1900000,0x000000b9d1a00000)]
  0x000002a9af5f9580 JavaThread "Reconciler-1" daemon [_thread_blocked, id=4988, stack(0x000000b9d1a00000,0x000000b9d1b00000)]
  0x000002a9b081d2c0 JavaThread "CompletableFutureDelayScheduler" daemon [_thread_blocked, id=2924, stack(0x000000b9d0f00000,0x000000b9d1000000)]

Other Threads:
=>0x000002a9a99c5170 VMThread "VM Thread" [stack: 0x000000b9cfc00000,0x000000b9cfd00000] [id=8396]
  0x000002a9a9c9c270 WatcherThread [stack: 0x000000b9d0600000,0x000000b9d0700000] [id=8904]
  0x000002a99f4b73f0 GCTaskThread "GC Thread#0" [stack: 0x000000b9cf700000,0x000000b9cf800000] [id=5724]
  0x000002a9a9f7dcc0 GCTaskThread "GC Thread#1" [stack: 0x000000b9d0900000,0x000000b9d0a00000] [id=7240]
  0x000002a9ae441c10 GCTaskThread "GC Thread#2" [stack: 0x000000b9d0a00000,0x000000b9d0b00000] [id=2488]
  0x000002a9ae6fdaa0 GCTaskThread "GC Thread#3" [stack: 0x000000b9d0b00000,0x000000b9d0c00000] [id=5880]
  0x000002a99f4c0340 ConcurrentGCThread "G1 Main Marker" [stack: 0x000000b9cf800000,0x000000b9cf900000] [id=5784]
  0x000002a99f4c0d60 ConcurrentGCThread "G1 Conc#0" [stack: 0x000000b9cf900000,0x000000b9cfa00000] [id=892]
  0x000002a99f522ad0 ConcurrentGCThread "G1 Refine#0" [stack: 0x000000b9cfa00000,0x000000b9cfb00000] [id=7152]
  0x000002a99f524510 ConcurrentGCThread "G1 Service" [stack: 0x000000b9cfb00000,0x000000b9cfc00000] [id=7644]

Threads with active compile tasks:

VM state: at safepoint (normal execution)

VM Mutex/Monitor currently owned by a thread:  ([mutex/lock_event])
[0x000002a99d3cb200] Threads_lock - owner thread: 0x000002a9a99c5170
[0x000002a99d3ca360] Heap_lock - owner thread: 0x000002a9aea6b450

Heap address: 0x00000000c0000000, size: 1024 MB, Compressed Oops mode: 32-bit

CDS archive(s) not mapped
Compressed class space mapped at: 0x0000000100000000-0x0000000140000000, reserved size: 1073741824
Narrow klass base: 0x0000000000000000, Narrow klass shift: 3, Narrow klass range: 0x140000000

GC Precious Log:
 CPUs: 4 total, 4 available
 Memory: 5941M
 Large Page Support: Disabled
 NUMA Support: Disabled
 Compressed Oops: Enabled (32-bit)
 Heap Region Size: 1M
 Heap Min Capacity: 8M
 Heap Initial Capacity: 94M
 Heap Max Capacity: 1G
 Pre-touch: Disabled
 Parallel Workers: 4
 Concurrent Workers: 1
 Concurrent Refinement Workers: 4
 Periodic GC: Disabled

Heap:
 garbage-first heap   total 129024K, used 40405K [0x00000000c0000000, 0x0000000100000000)
  region size 1024K, 1 young (1024K), 0 survivors (0K)
 Metaspace       used 62448K, committed 62976K, reserved 1114112K
  class space    used 7891K, committed 8128K, reserved 1048576K

Heap Regions: E=young(eden), S=young(survivor), O=old, HS=humongous(starts), HC=humongous(continues), CS=collection set, F=free, OA=open archive, CA=closed archive, TAMS=top-at-mark-start (previous, next)
|   0|0x00000000c0000000, 0x00000000c0100000, 0x00000000c0100000|100%|HS|  |TAMS 0x00000000c0100000, 0x00000000c0000000| Untracked 
|   1|0x00000000c0100000, 0x00000000c0200000, 0x00000000c0200000|100%|HC|  |TAMS 0x00000000c0200000, 0x00000000c0100000| Untracked 
|   2|0x00000000c0200000, 0x00000000c0300000, 0x00000000c0300000|100%|HC|  |TAMS 0x00000000c0300000, 0x00000000c0200000| Untracked 
|   3|0x00000000c0300000, 0x00000000c0400000, 0x00000000c0400000|100%|HC|  |TAMS 0x00000000c0400000, 0x00000000c0300000| Untracked 
|   4|0x00000000c0400000, 0x00000000c0500000, 0x00000000c0500000|100%|HS|  |TAMS 0x00000000c0500000, 0x00000000c0400000| Untracked 
|   5|0x00000000c0500000, 0x00000000c0600000, 0x00000000c0600000|100%|HC|  |TAMS 0x00000000c0600000, 0x00000000c0500000| Untracked 
|   6|0x00000000c0600000, 0x00000000c0700000, 0x00000000c0700000|100%| O|  |TAMS 0x00000000c0700000, 0x00000000c0600000| Untracked 
|   7|0x00000000c0700000, 0x00000000c07fe108, 0x00000000c0800000| 99%| O|  |TAMS 0x00000000c07fe108, 0x00000000c0700000| Untracked 
|   8|0x00000000c0800000, 0x00000000c0900000, 0x00000000c0900000|100%| O|  |TAMS 0x00000000c0900000, 0x00000000c0800000| Untracked 
|   9|0x00000000c0900000, 0x00000000c09fffb8, 0x00000000c0a00000| 99%| O|  |TAMS 0x00000000c09fffb8, 0x00000000c0900000| Untracked 
|  10|0x00000000c0a00000, 0x00000000c0b00000, 0x00000000c0b00000|100%| O|  |TAMS 0x00000000c0b00000, 0x00000000c0a00000| Untracked 
|  11|0x00000000c0b00000, 0x00000000c0c00000, 0x00000000c0c00000|100%| O|  |TAMS 0x00000000c0c00000, 0x00000000c0b00000| Untracked 
|  12|0x00000000c0c00000, 0x00000000c0cfffb8, 0x00000000c0d00000| 99%| O|  |TAMS 0x00000000c0cfffb8, 0x00000000c0c00000| Untracked 
|  13|0x00000000c0d00000, 0x00000000c0e00000, 0x00000000c0e00000|100%| O|  |TAMS 0x00000000c0e00000, 0x00000000c0d00000| Untracked 
|  14|0x00000000c0e00000, 0x00000000c0efffb8, 0x00000000c0f00000| 99%| O|  |TAMS 0x00000000c0efffb8, 0x00000000c0e00000| Untracked 
|  15|0x00000000c0f00000, 0x00000000c0fffd78, 0x00000000c1000000| 99%| O|  |TAMS 0x00000000c0fffd78, 0x00000000c0f00000| Untracked 
|  16|0x00000000c1000000, 0x00000000c10ffff8, 0x00000000c1100000| 99%| O|  |TAMS 0x00000000c10ffff8, 0x00000000c1000000| Untracked 
|  17|0x00000000c1100000, 0x00000000c11ffff8, 0x00000000c1200000| 99%| O|  |TAMS 0x00000000c11ffff8, 0x00000000c1100000| Untracked 
|  18|0x00000000c1200000, 0x00000000c1300000, 0x00000000c1300000|100%| O|  |TAMS 0x00000000c1300000, 0x00000000c1200000| Untracked 
|  19|0x00000000c1300000, 0x00000000c1400000, 0x00000000c1400000|100%| O|  |TAMS 0x00000000c1400000, 0x00000000c1300000| Untracked 
|  20|0x00000000c1400000, 0x00000000c1500000, 0x00000000c1500000|100%| O|  |TAMS 0x00000000c1500000, 0x00000000c1400000| Untracked 
|  21|0x00000000c1500000, 0x00000000c15ffff0, 0x00000000c1600000| 99%| O|  |TAMS 0x00000000c15ffff0, 0x00000000c1500000| Untracked 
|  22|0x00000000c1600000, 0x00000000c1700000, 0x00000000c1700000|100%| O|  |TAMS 0x00000000c1700000, 0x00000000c1600000| Untracked 
|  23|0x00000000c1700000, 0x00000000c17fffe8, 0x00000000c1800000| 99%| O|  |TAMS 0x00000000c17fffe8, 0x00000000c1700000| Untracked 
|  24|0x00000000c1800000, 0x00000000c1900000, 0x00000000c1900000|100%| O|  |TAMS 0x00000000c1900000, 0x00000000c1800000| Untracked 
|  25|0x00000000c1900000, 0x00000000c19fffc0, 0x00000000c1a00000| 99%| O|  |TAMS 0x00000000c19fffc0, 0x00000000c1900000| Untracked 
|  26|0x00000000c1a00000, 0x00000000c1affff0, 0x00000000c1b00000| 99%| O|  |TAMS 0x00000000c1affff0, 0x00000000c1a00000| Untracked 
|  27|0x00000000c1b00000, 0x00000000c1bffff8, 0x00000000c1c00000| 99%| O|  |TAMS 0x00000000c1bffff8, 0x00000000c1b00000| Untracked 
|  28|0x00000000c1c00000, 0x00000000c1cffff8, 0x00000000c1d00000| 99%| O|  |TAMS 0x00000000c1cffff8, 0x00000000c1c00000| Untracked 
|  29|0x00000000c1d00000, 0x00000000c1dff7c8, 0x00000000c1e00000| 99%| O|  |TAMS 0x00000000c1dff7c8, 0x00000000c1d00000| Untracked 
|  30|0x00000000c1e00000, 0x00000000c1ef3bd0, 0x00000000c1f00000| 95%| O|  |TAMS 0x00000000c1ef3bd0, 0x00000000c1e00000| Untracked 
|  31|0x00000000c1f00000, 0x00000000c1f978f8, 0x00000000c2000000| 59%| O|  |TAMS 0x00000000c1f00000, 0x00000000c1f00000| Untracked 
|  32|0x00000000c2000000, 0x00000000c20ffff0, 0x00000000c2100000| 99%| O|  |TAMS 0x00000000c20ffff0, 0x00000000c2000000| Untracked 
|  33|0x00000000c2100000, 0x00000000c21f9d90, 0x00000000c2200000| 97%| O|  |TAMS 0x00000000c21f9d90, 0x00000000c2100000| Untracked 
|  34|0x00000000c2200000, 0x00000000c22fffe0, 0x00000000c2300000| 99%| O|  |TAMS 0x00000000c22fffe0, 0x00000000c2200000| Untracked 
|  35|0x00000000c2300000, 0x00000000c23fffe8, 0x00000000c2400000| 99%| O|  |TAMS 0x00000000c23fffe8, 0x00000000c2300000| Untracked 
|  36|0x00000000c2400000, 0x00000000c24f2f80, 0x00000000c2500000| 94%| O|  |TAMS 0x00000000c2400000, 0x00000000c2400000| Untracked 
|  37|0x00000000c2500000, 0x00000000c2500068, 0x00000000c2600000|  0%| O|  |TAMS 0x00000000c2500000, 0x00000000c2500000| Untracked 
|  38|0x00000000c2600000, 0x00000000c2700000, 0x00000000c2700000|100%| O|  |TAMS 0x00000000c2700000, 0x00000000c2600000| Untracked 
|  39|0x00000000c2700000, 0x00000000c2700000, 0x00000000c2800000|  0%| F|  |TAMS 0x00000000c2700000, 0x00000000c2700000| Untracked 
|  40|0x00000000c2800000, 0x00000000c2900000, 0x00000000c2900000|100%| O|  |TAMS 0x00000000c2900000, 0x00000000c2800000| Untracked 
|  41|0x00000000c2900000, 0x00000000c2900000, 0x00000000c2a00000|  0%| F|  |TAMS 0x00000000c2900000, 0x00000000c2900000| Untracked 
|  42|0x00000000c2a00000, 0x00000000c2b00000, 0x00000000c2b00000|100%| O|  |TAMS 0x00000000c2b00000, 0x00000000c2a00000| Untracked 
|  43|0x00000000c2b00000, 0x00000000c2b00000, 0x00000000c2c00000|  0%| F|  |TAMS 0x00000000c2b00000, 0x00000000c2b00000| Untracked 
|  44|0x00000000c2c00000, 0x00000000c2c00000, 0x00000000c2d00000|  0%| F|  |TAMS 0x00000000c2c00000, 0x00000000c2c00000| Untracked 
|  45|0x00000000c2d00000, 0x00000000c2d00000, 0x00000000c2e00000|  0%| F|  |TAMS 0x00000000c2d00000, 0x00000000c2d00000| Untracked 
|  46|0x00000000c2e00000, 0x00000000c2e00000, 0x00000000c2f00000|  0%| F|  |TAMS 0x00000000c2e00000, 0x00000000c2e00000| Untracked 
|  47|0x00000000c2f00000, 0x00000000c2f00000, 0x00000000c3000000|  0%| F|  |TAMS 0x00000000c2f00000, 0x00000000c2f00000| Untracked 
|  48|0x00000000c3000000, 0x00000000c3000000, 0x00000000c3100000|  0%| F|  |TAMS 0x00000000c3000000, 0x00000000c3000000| Untracked 
|  49|0x00000000c3100000, 0x00000000c3100000, 0x00000000c3200000|  0%| F|  |TAMS 0x00000000c3100000, 0x00000000c3100000| Untracked 
|  50|0x00000000c3200000, 0x00000000c3200000, 0x00000000c3300000|  0%| F|  |TAMS 0x00000000c3200000, 0x00000000c3200000| Untracked 
|  51|0x00000000c3300000, 0x00000000c3300000, 0x00000000c3400000|  0%| F|  |TAMS 0x00000000c3300000, 0x00000000c3300000| Untracked 
|  52|0x00000000c3400000, 0x00000000c3400000, 0x00000000c3500000|  0%| F|  |TAMS 0x00000000c3400000, 0x00000000c3400000| Untracked 
|  53|0x00000000c3500000, 0x00000000c3500000, 0x00000000c3600000|  0%| F|  |TAMS 0x00000000c3500000, 0x00000000c3500000| Untracked 
|  54|0x00000000c3600000, 0x00000000c3600000, 0x00000000c3700000|  0%| F|  |TAMS 0x00000000c3600000, 0x00000000c3600000| Untracked 
|  55|0x00000000c3700000, 0x00000000c3700000, 0x00000000c3800000|  0%| F|  |TAMS 0x00000000c3700000, 0x00000000c3700000| Untracked 
|  56|0x00000000c3800000, 0x00000000c3800000, 0x00000000c3900000|  0%| F|  |TAMS 0x00000000c3800000, 0x00000000c3800000| Untracked 
|  57|0x00000000c3900000, 0x00000000c3900000, 0x00000000c3a00000|  0%| F|  |TAMS 0x00000000c3900000, 0x00000000c3900000| Untracked 
|  58|0x00000000c3a00000, 0x00000000c3a00000, 0x00000000c3b00000|  0%| F|  |TAMS 0x00000000c3a00000, 0x00000000c3a00000| Untracked 
|  59|0x00000000c3b00000, 0x00000000c3b00000, 0x00000000c3c00000|  0%| F|  |TAMS 0x00000000c3b00000, 0x00000000c3b00000| Untracked 
|  60|0x00000000c3c00000, 0x00000000c3c00000, 0x00000000c3d00000|  0%| F|  |TAMS 0x00000000c3c00000, 0x00000000c3c00000| Untracked 
|  61|0x00000000c3d00000, 0x00000000c3d00000, 0x00000000c3e00000|  0%| F|  |TAMS 0x00000000c3d00000, 0x00000000c3d00000| Untracked 
|  62|0x00000000c3e00000, 0x00000000c3e00000, 0x00000000c3f00000|  0%| F|  |TAMS 0x00000000c3e00000, 0x00000000c3e00000| Untracked 
|  63|0x00000000c3f00000, 0x00000000c3f00000, 0x00000000c4000000|  0%| F|  |TAMS 0x00000000c3f00000, 0x00000000c3f00000| Untracked 
|  64|0x00000000c4000000, 0x00000000c4000000, 0x00000000c4100000|  0%| F|  |TAMS 0x00000000c4000000, 0x00000000c4000000| Untracked 
|  65|0x00000000c4100000, 0x00000000c4100000, 0x00000000c4200000|  0%| F|  |TAMS 0x00000000c4100000, 0x00000000c4100000| Untracked 
|  66|0x00000000c4200000, 0x00000000c4200000, 0x00000000c4300000|  0%| F|  |TAMS 0x00000000c4200000, 0x00000000c4200000| Untracked 
|  67|0x00000000c4300000, 0x00000000c4300000, 0x00000000c4400000|  0%| F|  |TAMS 0x00000000c4300000, 0x00000000c4300000| Untracked 
|  68|0x00000000c4400000, 0x00000000c4400000, 0x00000000c4500000|  0%| F|  |TAMS 0x00000000c4400000, 0x00000000c4400000| Untracked 
|  69|0x00000000c4500000, 0x00000000c4500000, 0x00000000c4600000|  0%| F|  |TAMS 0x00000000c4500000, 0x00000000c4500000| Untracked 
|  70|0x00000000c4600000, 0x00000000c4600000, 0x00000000c4700000|  0%| F|  |TAMS 0x00000000c4600000, 0x00000000c4600000| Untracked 
|  71|0x00000000c4700000, 0x00000000c4700000, 0x00000000c4800000|  0%| F|  |TAMS 0x00000000c4700000, 0x00000000c4700000| Untracked 
|  72|0x00000000c4800000, 0x00000000c4800000, 0x00000000c4900000|  0%| F|  |TAMS 0x00000000c4800000, 0x00000000c4800000| Untracked 
|  73|0x00000000c4900000, 0x00000000c4900000, 0x00000000c4a00000|  0%| F|  |TAMS 0x00000000c4900000, 0x00000000c4900000| Untracked 
|  74|0x00000000c4a00000, 0x00000000c4a00000, 0x00000000c4b00000|  0%| F|  |TAMS 0x00000000c4a00000, 0x00000000c4a00000| Untracked 
|  75|0x00000000c4b00000, 0x00000000c4b00000, 0x00000000c4c00000|  0%| F|  |TAMS 0x00000000c4b00000, 0x00000000c4b00000| Untracked 
|  76|0x00000000c4c00000, 0x00000000c4c00000, 0x00000000c4d00000|  0%| F|  |TAMS 0x00000000c4c00000, 0x00000000c4c00000| Untracked 
|  77|0x00000000c4d00000, 0x00000000c4d00000, 0x00000000c4e00000|  0%| F|  |TAMS 0x00000000c4d00000, 0x00000000c4d00000| Untracked 
|  78|0x00000000c4e00000, 0x00000000c4e00000, 0x00000000c4f00000|  0%| F|  |TAMS 0x00000000c4e00000, 0x00000000c4e00000| Untracked 
|  79|0x00000000c4f00000, 0x00000000c4f00000, 0x00000000c5000000|  0%| F|  |TAMS 0x00000000c4f00000, 0x00000000c4f00000| Untracked 
|  80|0x00000000c5000000, 0x00000000c5000000, 0x00000000c5100000|  0%| F|  |TAMS 0x00000000c5000000, 0x00000000c5000000| Untracked 
|  81|0x00000000c5100000, 0x00000000c5100000, 0x00000000c5200000|  0%| F|  |TAMS 0x00000000c5100000, 0x00000000c5100000| Untracked 
|  82|0x00000000c5200000, 0x00000000c5200000, 0x00000000c5300000|  0%| F|  |TAMS 0x00000000c5200000, 0x00000000c5200000| Untracked 
|  83|0x00000000c5300000, 0x00000000c5300000, 0x00000000c5400000|  0%| F|  |TAMS 0x00000000c5300000, 0x00000000c5300000| Untracked 
|  84|0x00000000c5400000, 0x00000000c5400000, 0x00000000c5500000|  0%| F|  |TAMS 0x00000000c5400000, 0x00000000c5400000| Untracked 
|  85|0x00000000c5500000, 0x00000000c5500000, 0x00000000c5600000|  0%| F|  |TAMS 0x00000000c5500000, 0x00000000c5500000| Untracked 
|  86|0x00000000c5600000, 0x00000000c5600000, 0x00000000c5700000|  0%| F|  |TAMS 0x00000000c5600000, 0x00000000c5600000| Untracked 
|  87|0x00000000c5700000, 0x00000000c5700000, 0x00000000c5800000|  0%| F|  |TAMS 0x00000000c5700000, 0x00000000c5700000| Untracked 
|  88|0x00000000c5800000, 0x00000000c5800000, 0x00000000c5900000|  0%| F|  |TAMS 0x00000000c5800000, 0x00000000c5800000| Untracked 
|  89|0x00000000c5900000, 0x00000000c5900000, 0x00000000c5a00000|  0%| F|  |TAMS 0x00000000c5900000, 0x00000000c5900000| Untracked 
|  90|0x00000000c5a00000, 0x00000000c5a00000, 0x00000000c5b00000|  0%| F|  |TAMS 0x00000000c5a00000, 0x00000000c5a00000| Untracked 
|  91|0x00000000c5b00000, 0x00000000c5b00000, 0x00000000c5c00000|  0%| F|  |TAMS 0x00000000c5b00000, 0x00000000c5b00000| Untracked 
|  92|0x00000000c5c00000, 0x00000000c5c00000, 0x00000000c5d00000|  0%| F|  |TAMS 0x00000000c5c00000, 0x00000000c5c00000| Untracked 
|  93|0x00000000c5d00000, 0x00000000c5d00000, 0x00000000c5e00000|  0%| F|  |TAMS 0x00000000c5d00000, 0x00000000c5d00000| Untracked 
|  94|0x00000000c5e00000, 0x00000000c5e00000, 0x00000000c5f00000|  0%| F|  |TAMS 0x00000000c5e00000, 0x00000000c5e00000| Untracked 
|  95|0x00000000c5f00000, 0x00000000c5f00000, 0x00000000c6000000|  0%| F|  |TAMS 0x00000000c5f00000, 0x00000000c5f00000| Untracked 
|  96|0x00000000c6000000, 0x00000000c6000000, 0x00000000c6100000|  0%| F|  |TAMS 0x00000000c6000000, 0x00000000c6000000| Untracked 
|  97|0x00000000c6100000, 0x00000000c6100000, 0x00000000c6200000|  0%| F|  |TAMS 0x00000000c6100000, 0x00000000c6100000| Untracked 
|  98|0x00000000c6200000, 0x00000000c6200000, 0x00000000c6300000|  0%| F|  |TAMS 0x00000000c6200000, 0x00000000c6200000| Untracked 
|  99|0x00000000c6300000, 0x00000000c6300000, 0x00000000c6400000|  0%| F|  |TAMS 0x00000000c6300000, 0x00000000c6300000| Untracked 
| 100|0x00000000c6400000, 0x00000000c6400000, 0x00000000c6500000|  0%| F|  |TAMS 0x00000000c6400000, 0x00000000c6400000| Untracked 
| 101|0x00000000c6500000, 0x00000000c6500000, 0x00000000c6600000|  0%| F|  |TAMS 0x00000000c6500000, 0x00000000c6500000| Untracked 
| 102|0x00000000c6600000, 0x00000000c6600000, 0x00000000c6700000|  0%| F|  |TAMS 0x00000000c6600000, 0x00000000c6600000| Untracked 
| 103|0x00000000c6700000, 0x00000000c6700000, 0x00000000c6800000|  0%| F|  |TAMS 0x00000000c6700000, 0x00000000c6700000| Untracked 
| 104|0x00000000c6800000, 0x00000000c6800000, 0x00000000c6900000|  0%| F|  |TAMS 0x00000000c6800000, 0x00000000c6800000| Untracked 
| 105|0x00000000c6900000, 0x00000000c6900000, 0x00000000c6a00000|  0%| F|  |TAMS 0x00000000c6900000, 0x00000000c6900000| Untracked 
| 106|0x00000000c6a00000, 0x00000000c6a00000, 0x00000000c6b00000|  0%| F|  |TAMS 0x00000000c6a00000, 0x00000000c6a00000| Untracked 
| 107|0x00000000c6b00000, 0x00000000c6b00000, 0x00000000c6c00000|  0%| F|  |TAMS 0x00000000c6b00000, 0x00000000c6b00000| Untracked 
| 108|0x00000000c6c00000, 0x00000000c6c00000, 0x00000000c6d00000|  0%| F|  |TAMS 0x00000000c6c00000, 0x00000000c6c00000| Untracked 
| 109|0x00000000c6d00000, 0x00000000c6d00000, 0x00000000c6e00000|  0%| F|  |TAMS 0x00000000c6d00000, 0x00000000c6d00000| Untracked 
| 110|0x00000000c6e00000, 0x00000000c6e00000, 0x00000000c6f00000|  0%| F|  |TAMS 0x00000000c6e00000, 0x00000000c6e00000| Untracked 
| 111|0x00000000c6f00000, 0x00000000c6f00000, 0x00000000c7000000|  0%| F|  |TAMS 0x00000000c6f00000, 0x00000000c6f00000| Untracked 
| 112|0x00000000c7000000, 0x00000000c7000000, 0x00000000c7100000|  0%| F|  |TAMS 0x00000000c7000000, 0x00000000c7000000| Untracked 
| 113|0x00000000c7100000, 0x00000000c7100000, 0x00000000c7200000|  0%| F|  |TAMS 0x00000000c7100000, 0x00000000c7100000| Untracked 
| 114|0x00000000c7200000, 0x00000000c7200000, 0x00000000c7300000|  0%| F|  |TAMS 0x00000000c7200000, 0x00000000c7200000| Untracked 
| 115|0x00000000c7300000, 0x00000000c7300000, 0x00000000c7400000|  0%| F|  |TAMS 0x00000000c7300000, 0x00000000c7300000| Untracked 
| 116|0x00000000c7400000, 0x00000000c7400000, 0x00000000c7500000|  0%| F|  |TAMS 0x00000000c7400000, 0x00000000c7400000| Untracked 
| 117|0x00000000c7500000, 0x00000000c7500000, 0x00000000c7600000|  0%| F|  |TAMS 0x00000000c7500000, 0x00000000c7500000| Untracked 
| 118|0x00000000c7600000, 0x00000000c7600000, 0x00000000c7700000|  0%| F|  |TAMS 0x00000000c7600000, 0x00000000c7600000| Untracked 
| 119|0x00000000c7700000, 0x00000000c7700000, 0x00000000c7800000|  0%| F|  |TAMS 0x00000000c7700000, 0x00000000c7700000| Untracked 
| 120|0x00000000c7800000, 0x00000000c7800000, 0x00000000c7900000|  0%| F|  |TAMS 0x00000000c7800000, 0x00000000c7800000| Untracked 
| 121|0x00000000c7900000, 0x00000000c7900000, 0x00000000c7a00000|  0%| F|  |TAMS 0x00000000c7900000, 0x00000000c7900000| Untracked 
| 122|0x00000000c7a00000, 0x00000000c7a00000, 0x00000000c7b00000|  0%| F|  |TAMS 0x00000000c7a00000, 0x00000000c7a00000| Untracked 
| 123|0x00000000c7b00000, 0x00000000c7b00000, 0x00000000c7c00000|  0%| F|  |TAMS 0x00000000c7b00000, 0x00000000c7b00000| Untracked 
| 124|0x00000000c7c00000, 0x00000000c7c00000, 0x00000000c7d00000|  0%| F|  |TAMS 0x00000000c7c00000, 0x00000000c7c00000| Untracked 
| 125|0x00000000c7d00000, 0x00000000c7d058a8, 0x00000000c7e00000|  2%| E|  |TAMS 0x00000000c7d00000, 0x00000000c7d00000| Complete 

Card table byte_map: [0x000002a9a5120000,0x000002a9a5320000] _byte_map_base: 0x000002a9a4b20000

Marking Bits (Prev, Next): (CMBitMap*) 0x000002a99f4b7a50, (CMBitMap*) 0x000002a99f4b7a10
 Prev Bits: [0x000002a9a6520000, 0x000002a9a7520000)
 Next Bits: [0x000002a9a5520000, 0x000002a9a6520000)

Polling page: 0x000002a99d2a0000

Metaspace:

Usage:
  Non-class:     53.28 MB used.
      Class:      7.71 MB used.
       Both:     60.99 MB used.

Virtual space:
  Non-class space:       64.00 MB reserved,      53.56 MB ( 84%) committed,  1 nodes.
      Class space:        1.00 GB reserved,       7.94 MB ( <1%) committed,  1 nodes.
             Both:        1.06 GB reserved,      61.50 MB (  6%) committed. 

Chunk freelists:
   Non-Class:  10.37 MB
       Class:  8.01 MB
        Both:  18.38 MB

MaxMetaspaceSize: unlimited
CompressedClassSpaceSize: 1.00 GB
Initial GC threshold: 21.00 MB
Current GC threshold: 102.31 MB
CDS: off
MetaspaceReclaimPolicy: balanced
 - commit_granule_bytes: 65536.
 - commit_granule_words: 8192.
 - virtual_space_node_default_size: 8388608.
 - enlarge_chunks_in_place: 1.
 - new_chunks_are_fully_committed: 0.
 - uncommit_free_chunks: 1.
 - use_allocation_guard: 0.
 - handle_deallocations: 1.


Internal statistics:

num_allocs_failed_limit: 8.
num_arena_births: 950.
num_arena_deaths: 428.
num_vsnodes_births: 2.
num_vsnodes_deaths: 0.
num_space_committed: 983.
num_space_uncommitted: 0.
num_chunks_returned_to_freelist: 523.
num_chunks_taken_from_freelist: 3154.
num_chunk_merges: 165.
num_chunk_splits: 1968.
num_chunks_enlarged: 1405.
num_inconsistent_stats: 0.

CodeCache: size=49152Kb used=21461Kb max_used=22063Kb free=27690Kb
 bounds [0x000002a9a2120000, 0x000002a9a36d0000, 0x000002a9a5120000]
 total_blobs=11620 nmethods=10956 adapters=589
 compilation: enabled
              stopped_count=0, restarted_count=0
 full_count=0

Compilation events (20 events):
Event: 6647.666 Thread 0x000002a9a9a21af0 11147       1       org.springframework.ide.vscode.boot.java.JdtInlayHintsHandler$$Lambda$1361/0x0000000100630448::accept (28 bytes)
Event: 6647.667 Thread 0x000002a9a9a21af0 nmethod 11147 0x000002a9a35e4f10 code [0x000002a9a35e50c0, 0x000002a9a35e5428]
Event: 6647.678 Thread 0x000002a9a9a21af0 11148       1       org.springframework.ide.vscode.boot.java.JdtInlayHintsHandler::lambda$computeInlayHints$2 (17 bytes)
Event: 6647.679 Thread 0x000002a9a9a21af0 nmethod 11148 0x000002a9a35e4910 code [0x000002a9a35e4ac0, 0x000002a9a35e4da8]
Event: 6647.680 Thread 0x000002a9a9a21af0 11149       1       org.springframework.ide.vscode.boot.java.data.jpa.queries.JdtDataQueriesInlayHintsProvider::getInlayHintsComputer (13 bytes)
Event: 6647.681 Thread 0x000002a9a9a21af0 nmethod 11149 0x000002a9a35e4410 code [0x000002a9a35e45a0, 0x000002a9a35e4838]
Event: 6647.682 Thread 0x000002a9a9a21af0 11150       1       org.springframework.ide.vscode.boot.java.data.jpa.queries.JdtDataQueriesInlayHintsProvider$1::<init> (26 bytes)
Event: 6647.683 Thread 0x000002a9a9a21af0 nmethod 11150 0x000002a9a35e3f90 code [0x000002a9a35e4120, 0x000002a9a35e4358]
Event: 6712.975 Thread 0x000002a9a9a21af0 11151       1       java.lang.ThreadLocal$SuppliedThreadLocal::initialValue (10 bytes)
Event: 6712.975 Thread 0x000002a9a9a21af0 nmethod 11151 0x000002a9a35e3c90 code [0x000002a9a35e3e20, 0x000002a9a35e3f08]
Event: 6712.975 Thread 0x000002a9a9a21af0 11152       1       org.eclipse.jdt.internal.compiler.util.CharDeduplication$$Lambda$1044/0x000000010062d398::get (4 bytes)
Event: 6712.976 Thread 0x000002a9a9a21af0 nmethod 11152 0x000002a9a35e3610 code [0x000002a9a35e37c0, 0x000002a9a35e3b68]
Event: 6712.978 Thread 0x000002a9a9a21af0 11153       1       org.eclipse.jdt.internal.compiler.util.CharDeduplication::lambda$0 (15 bytes)
Event: 6712.979 Thread 0x000002a9a9a21af0 nmethod 11153 0x000002a9a35e2f10 code [0x000002a9a35e30c0, 0x000002a9a35e34f8]
Event: 6712.980 Thread 0x000002a9a9a21af0 11154       1       org.eclipse.jdt.internal.compiler.util.CharDeduplication::<init> (24 bytes)
Event: 6712.980 Thread 0x000002a9a9a21af0 nmethod 11154 0x000002a9a35e2a10 code [0x000002a9a35e2ba0, 0x000002a9a35e2e58]
Event: 6757.431 Thread 0x000002a9a9a21af0 11155   !   1       jdk.internal.reflect.GeneratedConstructorAccessor44::newInstance (49 bytes)
Event: 6757.432 Thread 0x000002a9a9a21af0 nmethod 11155 0x000002a9a35e2410 code [0x000002a9a35e25c0, 0x000002a9a35e2848]
Event: 6757.432 Thread 0x000002a9a9a21af0 11156   !   1       jdk.internal.reflect.GeneratedMethodAccessor11::invoke (67 bytes)
Event: 6757.433 Thread 0x000002a9a9a21af0 nmethod 11156 0x000002a9a35e1a90 code [0x000002a9a35e1c80, 0x000002a9a35e20d8]

GC Heap History (20 events):
Event: 6578.713 GC heap after
{Heap after GC invocations=298 (full 187):
 garbage-first heap   total 129024K, used 48235K [0x00000000c0000000, 0x0000000100000000)
  region size 1024K, 2 young (2048K), 2 survivors (2048K)
 Metaspace       used 62477K, committed 62976K, reserved 1114112K
  class space    used 7897K, committed 8128K, reserved 1048576K
}
Event: 6704.528 GC heap before
{Heap before GC invocations=298 (full 187):
 garbage-first heap   total 129024K, used 92267K [0x00000000c0000000, 0x0000000100000000)
  region size 1024K, 47 young (48128K), 2 survivors (2048K)
 Metaspace       used 62477K, committed 62976K, reserved 1114112K
  class space    used 7897K, committed 8128K, reserved 1048576K
}
Event: 6704.710 GC heap after
{Heap after GC invocations=299 (full 188):
 garbage-first heap   total 129024K, used 40104K [0x00000000c0000000, 0x0000000100000000)
  region size 1024K, 0 young (0K), 0 survivors (0K)
 Metaspace       used 62477K, committed 62976K, reserved 1114112K
  class space    used 7897K, committed 8128K, reserved 1048576K
}
Event: 6835.830 GC heap before
{Heap before GC invocations=299 (full 188):
 garbage-first heap   total 129024K, used 48296K [0x00000000c0000000, 0x0000000100000000)
  region size 1024K, 9 young (9216K), 0 survivors (0K)
 Metaspace       used 62477K, committed 62976K, reserved 1114112K
  class space    used 7897K, committed 8128K, reserved 1048576K
}
Event: 6836.001 GC heap after
{Heap after GC invocations=300 (full 189):
 garbage-first heap   total 129024K, used 40823K [0x00000000c0000000, 0x0000000100000000)
  region size 1024K, 0 young (0K), 0 survivors (0K)
 Metaspace       used 62469K, committed 62976K, reserved 1114112K
  class space    used 7895K, committed 8128K, reserved 1048576K
}
Event: 6846.454 GC heap before
{Heap before GC invocations=300 (full 189):
 garbage-first heap   total 129024K, used 40823K [0x00000000c0000000, 0x0000000100000000)
  region size 1024K, 1 young (1024K), 0 survivors (0K)
 Metaspace       used 62469K, committed 62976K, reserved 1114112K
  class space    used 7895K, committed 8128K, reserved 1048576K
}
Event: 6846.610 GC heap after
{Heap after GC invocations=301 (full 190):
 garbage-first heap   total 129024K, used 40407K [0x00000000c0000000, 0x0000000100000000)
  region size 1024K, 0 young (0K), 0 survivors (0K)
 Metaspace       used 62448K, committed 62976K, reserved 1114112K
  class space    used 7891K, committed 8128K, reserved 1048576K
}
Event: 6857.034 GC heap before
{Heap before GC invocations=301 (full 190):
 garbage-first heap   total 129024K, used 40407K [0x00000000c0000000, 0x0000000100000000)
  region size 1024K, 1 young (1024K), 0 survivors (0K)
 Metaspace       used 62448K, committed 62976K, reserved 1114112K
  class space    used 7891K, committed 8128K, reserved 1048576K
}
Event: 6857.221 GC heap after
{Heap after GC invocations=302 (full 191):
 garbage-first heap   total 129024K, used 40407K [0x00000000c0000000, 0x0000000100000000)
  region size 1024K, 0 young (0K), 0 survivors (0K)
 Metaspace       used 62448K, committed 62976K, reserved 1114112K
  class space    used 7891K, committed 8128K, reserved 1048576K
}
Event: 6867.680 GC heap before
{Heap before GC invocations=302 (full 191):
 garbage-first heap   total 129024K, used 40407K [0x00000000c0000000, 0x0000000100000000)
  region size 1024K, 1 young (1024K), 0 survivors (0K)
 Metaspace       used 62448K, committed 62976K, reserved 1114112K
  class space    used 7891K, committed 8128K, reserved 1048576K
}
Event: 6867.860 GC heap after
{Heap after GC invocations=303 (full 192):
 garbage-first heap   total 129024K, used 40407K [0x00000000c0000000, 0x0000000100000000)
  region size 1024K, 0 young (0K), 0 survivors (0K)
 Metaspace       used 62448K, committed 62976K, reserved 1114112K
  class space    used 7891K, committed 8128K, reserved 1048576K
}
Event: 6878.413 GC heap before
{Heap before GC invocations=303 (full 192):
 garbage-first heap   total 129024K, used 40407K [0x00000000c0000000, 0x0000000100000000)
  region size 1024K, 1 young (1024K), 0 survivors (0K)
 Metaspace       used 62448K, committed 62976K, reserved 1114112K
  class space    used 7891K, committed 8128K, reserved 1048576K
}
Event: 6878.589 GC heap after
{Heap after GC invocations=304 (full 193):
 garbage-first heap   total 129024K, used 40407K [0x00000000c0000000, 0x0000000100000000)
  region size 1024K, 0 young (0K), 0 survivors (0K)
 Metaspace       used 62448K, committed 62976K, reserved 1114112K
  class space    used 7891K, committed 8128K, reserved 1048576K
}
Event: 6888.896 GC heap before
{Heap before GC invocations=304 (full 193):
 garbage-first heap   total 129024K, used 40407K [0x00000000c0000000, 0x0000000100000000)
  region size 1024K, 1 young (1024K), 0 survivors (0K)
 Metaspace       used 62448K, committed 62976K, reserved 1114112K
  class space    used 7891K, committed 8128K, reserved 1048576K
}
Event: 6889.014 GC heap after
{Heap after GC invocations=305 (full 194):
 garbage-first heap   total 129024K, used 40405K [0x00000000c0000000, 0x0000000100000000)
  region size 1024K, 0 young (0K), 0 survivors (0K)
 Metaspace       used 62448K, committed 62976K, reserved 1114112K
  class space    used 7891K, committed 8128K, reserved 1048576K
}
Event: 6899.516 GC heap before
{Heap before GC invocations=305 (full 194):
 garbage-first heap   total 129024K, used 40405K [0x00000000c0000000, 0x0000000100000000)
  region size 1024K, 1 young (1024K), 0 survivors (0K)
 Metaspace       used 62448K, committed 62976K, reserved 1114112K
  class space    used 7891K, committed 8128K, reserved 1048576K
}
Event: 6899.669 GC heap after
{Heap after GC invocations=306 (full 195):
 garbage-first heap   total 129024K, used 40405K [0x00000000c0000000, 0x0000000100000000)
  region size 1024K, 0 young (0K), 0 survivors (0K)
 Metaspace       used 62448K, committed 62976K, reserved 1114112K
  class space    used 7891K, committed 8128K, reserved 1048576K
}
Event: 6910.077 GC heap before
{Heap before GC invocations=306 (full 195):
 garbage-first heap   total 129024K, used 40405K [0x00000000c0000000, 0x0000000100000000)
  region size 1024K, 1 young (1024K), 0 survivors (0K)
 Metaspace       used 62448K, committed 62976K, reserved 1114112K
  class space    used 7891K, committed 8128K, reserved 1048576K
}
Event: 6910.231 GC heap after
{Heap after GC invocations=307 (full 196):
 garbage-first heap   total 129024K, used 40405K [0x00000000c0000000, 0x0000000100000000)
  region size 1024K, 0 young (0K), 0 survivors (0K)
 Metaspace       used 62448K, committed 62976K, reserved 1114112K
  class space    used 7891K, committed 8128K, reserved 1048576K
}
Event: 6920.811 GC heap before
{Heap before GC invocations=307 (full 196):
 garbage-first heap   total 129024K, used 40405K [0x00000000c0000000, 0x0000000100000000)
  region size 1024K, 1 young (1024K), 0 survivors (0K)
 Metaspace       used 62448K, committed 62976K, reserved 1114112K
  class space    used 7891K, committed 8128K, reserved 1048576K
}

Dll operation events (10 events):
Event: 0.033 Loaded shared library c:\Users\user\.vscode\extensions\redhat.java-1.35.0-win32-x64\jre\17.0.12-win32-x86_64\bin\java.dll
Event: 0.745 Loaded shared library C:\Users\user\.vscode\extensions\redhat.java-1.35.0-win32-x64\jre\17.0.12-win32-x86_64\bin\net.dll
Event: 0.750 Loaded shared library C:\Users\user\.vscode\extensions\redhat.java-1.35.0-win32-x64\jre\17.0.12-win32-x86_64\bin\nio.dll
Event: 0.817 Loaded shared library C:\Users\user\.vscode\extensions\redhat.java-1.35.0-win32-x64\jre\17.0.12-win32-x86_64\bin\zip.dll
Event: 3.213 Loaded shared library C:\Users\user\.vscode\extensions\redhat.java-1.35.0-win32-x64\jre\17.0.12-win32-x86_64\bin\jimage.dll
Event: 14.004 Loaded shared library c:\Users\user\.vscode\extensions\redhat.java-1.35.0-win32-x64\jre\17.0.12-win32-x86_64\bin\verify.dll
Event: 29.745 Loaded shared library C:\Users\user\.vscode\extensions\redhat.java-1.35.0-win32-x64\jre\17.0.12-win32-x86_64\bin\management.dll
Event: 29.759 Loaded shared library C:\Users\user\.vscode\extensions\redhat.java-1.35.0-win32-x64\jre\17.0.12-win32-x86_64\bin\management_ext.dll
Event: 71.290 Loaded shared library C:\Users\user\.vscode\extensions\redhat.java-1.35.0-win32-x64\jre\17.0.12-win32-x86_64\bin\sunmscapi.dll
Event: 73.209 Loaded shared library C:\Users\user\.vscode\extensions\redhat.java-1.35.0-win32-x64\jre\17.0.12-win32-x86_64\bin\extnet.dll

Deoptimization events (20 events):
Event: 174.326 Thread 0x000002a9af5fa9c0 DEOPT PACKING pc=0x000002a9a2a8cc54 sp=0x000000b9d13febc0
Event: 174.326 Thread 0x000002a9af5fa9c0 DEOPT UNPACKING pc=0x000002a9a2177124 sp=0x000000b9d13fe068 mode 0
Event: 1014.437 Thread 0x000002a9b081a530 DEOPT PACKING pc=0x000002a9a2d6f634 sp=0x000000b9cf5fe0f0
Event: 1014.437 Thread 0x000002a9b081a530 DEOPT UNPACKING pc=0x000002a9a2177124 sp=0x000000b9cf5fd640 mode 0
Event: 1729.554 Thread 0x000002a9b08186d0 DEOPT PACKING pc=0x000002a9a2ce7fcc sp=0x000000b9d08fdb70
Event: 1729.555 Thread 0x000002a9b08186d0 DEOPT UNPACKING pc=0x000002a9a2177124 sp=0x000000b9d08fd030 mode 0
Event: 1729.555 Thread 0x000002a9b081b460 DEOPT PACKING pc=0x000002a9a2d10cc4 sp=0x000000b9d1bfde70
Event: 1729.555 Thread 0x000002a9b081b460 DEOPT UNPACKING pc=0x000002a9a2177124 sp=0x000000b9d1bfd2f0 mode 0
Event: 1729.555 Thread 0x000002a9b081b460 DEOPT PACKING pc=0x000002a9a2dc7c1c sp=0x000000b9d1bfdf50
Event: 1729.555 Thread 0x000002a9b081b460 DEOPT UNPACKING pc=0x000002a9a2177124 sp=0x000000b9d1bfd408 mode 0
Event: 1729.558 Thread 0x000002a9b081c390 DEOPT PACKING pc=0x000002a9a2286ab4 sp=0x000000b9cf4fd680
Event: 1729.558 Thread 0x000002a9b081c390 DEOPT UNPACKING pc=0x000002a9a2177124 sp=0x000000b9cf4fca68 mode 0
Event: 1729.561 Thread 0x000002a9b0818be0 DEOPT PACKING pc=0x000002a9a2d11067 sp=0x000000b9d1cfdb00
Event: 1729.561 Thread 0x000002a9b0818be0 DEOPT UNPACKING pc=0x000002a9a2177124 sp=0x000000b9d1cfcfe8 mode 0
Event: 1729.561 Thread 0x000002a9b0818be0 DEOPT PACKING pc=0x000002a9a2dc7c1c sp=0x000000b9d1cfdbe0
Event: 1729.561 Thread 0x000002a9af5f9580 DEOPT PACKING pc=0x000002a9a293d3d4 sp=0x000000b9d1afdb70
Event: 1729.563 Thread 0x000002a9af5f9580 DEOPT UNPACKING pc=0x000002a9a2177124 sp=0x000000b9d1afd118 mode 0
Event: 1729.570 Thread 0x000002a9b0818be0 DEOPT UNPACKING pc=0x000002a9a2177124 sp=0x000000b9d1cfd098 mode 0
Event: 2370.111 Thread 0x000002a9b0815940 DEOPT PACKING pc=0x000002a9a319d74c sp=0x000000b9d08fe010
Event: 2370.111 Thread 0x000002a9b0815940 DEOPT UNPACKING pc=0x000002a9a2177124 sp=0x000000b9d08fd5a0 mode 0

Classes loaded (20 events):
Event: 654.864 Loading class java/util/concurrent/CompletableFuture$Delayer
Event: 654.864 Loading class java/util/concurrent/CompletableFuture$Delayer done
Event: 654.864 Loading class java/util/concurrent/CompletableFuture$Delayer$DaemonThreadFactory
Event: 654.864 Loading class java/util/concurrent/CompletableFuture$Delayer$DaemonThreadFactory done
Event: 1680.119 Loading class java/util/Spliterators$IntArraySpliterator
Event: 1680.120 Loading class java/util/Spliterators$IntArraySpliterator done
Event: 1680.121 Loading class java/util/stream/Nodes$IntSpinedNodeBuilder
Event: 1680.121 Loading class java/util/stream/SpinedBuffer$OfInt
Event: 1680.121 Loading class java/util/stream/SpinedBuffer$OfPrimitive
Event: 1680.122 Loading class java/util/stream/SpinedBuffer$OfPrimitive done
Event: 1680.122 Loading class java/util/stream/SpinedBuffer$OfInt done
Event: 1680.122 Loading class java/util/stream/Nodes$IntSpinedNodeBuilder done
Event: 2105.799 Loading class java/util/concurrent/locks/AbstractQueuedSynchronizer$SharedNode
Event: 2105.799 Loading class java/util/concurrent/locks/AbstractQueuedSynchronizer$SharedNode done
Event: 5748.260 Loading class java/lang/Throwable$WrappedPrintWriter
Event: 5748.260 Loading class java/lang/Throwable$PrintStreamOrWriter
Event: 5748.260 Loading class java/lang/Throwable$PrintStreamOrWriter done
Event: 5748.261 Loading class java/lang/Throwable$WrappedPrintWriter done
Event: 5869.391 Loading class java/text/MessageFormat$Field
Event: 5869.391 Loading class java/text/MessageFormat$Field done

Classes unloaded (20 events):
Event: 2807.005 Thread 0x000002a9a99c5170 Unloading class 0x00000001007f4c00 'jdk/internal/reflect/GeneratedMethodAccessor33'
Event: 6007.329 Thread 0x000002a9a99c5170 Unloading class 0x00000001007f5000 'jdk/internal/reflect/GeneratedConstructorAccessor76'
Event: 6007.329 Thread 0x000002a9a99c5170 Unloading class 0x0000000100800c00 'jdk/internal/reflect/GeneratedMethodAccessor45'
Event: 6007.329 Thread 0x000002a9a99c5170 Unloading class 0x0000000100800800 'jdk/internal/reflect/GeneratedMethodAccessor44'
Event: 6007.329 Thread 0x000002a9a99c5170 Unloading class 0x00000001007f4c00 'jdk/internal/reflect/GeneratedConstructorAccessor75'
Event: 6007.329 Thread 0x000002a9a99c5170 Unloading class 0x00000001007f4800 'jdk/internal/reflect/GeneratedMethodAccessor43'
Event: 6007.329 Thread 0x000002a9a99c5170 Unloading class 0x00000001007f5800 'jdk/internal/reflect/GeneratedConstructorAccessor74'
Event: 6007.329 Thread 0x000002a9a99c5170 Unloading class 0x00000001007f4000 'jdk/internal/reflect/GeneratedMethodAccessor42'
Event: 6007.329 Thread 0x000002a9a99c5170 Unloading class 0x00000001007ff400 'jdk/internal/reflect/GeneratedMethodAccessor41'
Event: 6007.329 Thread 0x000002a9a99c5170 Unloading class 0x00000001007ff800 'jdk/internal/reflect/GeneratedMethodAccessor40'
Event: 6835.893 Thread 0x000002a9a99c5170 Unloading class 0x00000001007f4c00 'jdk/internal/reflect/GeneratedConstructorAccessor80'
Event: 6835.893 Thread 0x000002a9a99c5170 Unloading class 0x00000001007f4800 'jdk/internal/reflect/GeneratedConstructorAccessor79'
Event: 6835.893 Thread 0x000002a9a99c5170 Unloading class 0x0000000100800c00 'jdk/internal/reflect/GeneratedMethodAccessor51'
Event: 6846.517 Thread 0x000002a9a99c5170 Unloading class 0x0000000100800800 'jdk/internal/reflect/GeneratedMethodAccessor50'
Event: 6846.517 Thread 0x000002a9a99c5170 Unloading class 0x00000001007f5400 'jdk/internal/reflect/GeneratedConstructorAccessor78'
Event: 6846.517 Thread 0x000002a9a99c5170 Unloading class 0x00000001007f5000 'jdk/internal/reflect/GeneratedMethodAccessor49'
Event: 6846.517 Thread 0x000002a9a99c5170 Unloading class 0x00000001007ff800 'jdk/internal/reflect/GeneratedConstructorAccessor77'
Event: 6846.517 Thread 0x000002a9a99c5170 Unloading class 0x00000001007ff400 'jdk/internal/reflect/GeneratedMethodAccessor48'
Event: 6846.517 Thread 0x000002a9a99c5170 Unloading class 0x00000001007f4000 'jdk/internal/reflect/GeneratedMethodAccessor47'
Event: 6846.517 Thread 0x000002a9a99c5170 Unloading class 0x00000001007f5800 'jdk/internal/reflect/GeneratedMethodAccessor46'

Classes redefined (0 events):
No events

Internal exceptions (20 events):
Event: 6393.128 Thread 0x000002a9b081af50 Implicit null exception at 0x000002a9a35271b7 to 0x000002a9a35272da
Event: 6393.128 Thread 0x000002a9b081af50 Exception <a 'java/lang/NullPointerException'{0x00000000c5d599e8}> (0x00000000c5d599e8) 
thrown [s\src\hotspot\share\runtime\sharedRuntime.cpp, line 631]
Event: 6393.128 Thread 0x000002a9b081c390 Implicit null exception at 0x000002a9a35271b7 to 0x000002a9a35272da
Event: 6393.128 Thread 0x000002a9b081c390 Exception <a 'java/lang/NullPointerException'{0x00000000c684f6f0}> (0x00000000c684f6f0) 
thrown [s\src\hotspot\share\runtime\sharedRuntime.cpp, line 631]
Event: 6393.613 Thread 0x000002a9b081c390 Implicit null exception at 0x000002a9a35271b7 to 0x000002a9a35272da
Event: 6393.613 Thread 0x000002a9b081c390 Exception <a 'java/lang/NullPointerException'{0x00000000c53a9a68}> (0x00000000c53a9a68) 
thrown [s\src\hotspot\share\runtime\sharedRuntime.cpp, line 631]
Event: 6404.779 Thread 0x000002a9b081c390 Implicit null exception at 0x000002a9a35271b7 to 0x000002a9a35272da
Event: 6404.779 Thread 0x000002a9b081c390 Exception <a 'java/lang/NullPointerException'{0x00000000c525f308}> (0x00000000c525f308) 
thrown [s\src\hotspot\share\runtime\sharedRuntime.cpp, line 631]
Event: 6524.811 Thread 0x000002a9b0819b10 Implicit null exception at 0x000002a9a35271b7 to 0x000002a9a35272da
Event: 6524.811 Thread 0x000002a9b0819b10 Exception <a 'java/lang/NullPointerException'{0x00000000c5aa51e8}> (0x00000000c5aa51e8) 
thrown [s\src\hotspot\share\runtime\sharedRuntime.cpp, line 631]
Event: 6524.812 Thread 0x000002a9b081af50 Implicit null exception at 0x000002a9a35271b7 to 0x000002a9a35272da
Event: 6524.812 Thread 0x000002a9b081c390 Implicit null exception at 0x000002a9a339b5d5 to 0x000002a9a339b699
Event: 6524.812 Thread 0x000002a9b081af50 Exception <a 'java/lang/NullPointerException'{0x00000000c5a87180}> (0x00000000c5a87180) 
thrown [s\src\hotspot\share\runtime\sharedRuntime.cpp, line 631]
Event: 6524.812 Thread 0x000002a9b081c390 Exception <a 'java/lang/NullPointerException'{0x00000000c6358490}> (0x00000000c6358490) 
thrown [s\src\hotspot\share\runtime\sharedRuntime.cpp, line 631]
Event: 6524.822 Thread 0x000002a9b081aa40 NullPointerException in IC check 0x000002a9a2e883c0
Event: 6524.823 Thread 0x000002a9b081aa40 Exception <a 'java/lang/NullPointerException'{0x00000000c59f03b0}> (0x00000000c59f03b0) 
thrown [s\src\hotspot\share\runtime\sharedRuntime.cpp, line 631]
Event: 6524.824 Thread 0x000002a9b081aa40 Implicit null exception at 0x000002a9a34dc26d to 0x000002a9a34dc774
Event: 6524.824 Thread 0x000002a9b081aa40 Exception <a 'java/lang/NullPointerException'{0x00000000c5834140}> (0x00000000c5834140) 
thrown [s\src\hotspot\share\runtime\sharedRuntime.cpp, line 631]
Event: 6546.436 Thread 0x000002a9b081af50 Implicit null exception at 0x000002a9a35271b7 to 0x000002a9a35272da
Event: 6546.436 Thread 0x000002a9b081af50 Exception <a 'java/lang/NullPointerException'{0x00000000c4d90f28}> (0x00000000c4d90f28) 
thrown [s\src\hotspot\share\runtime\sharedRuntime.cpp, line 631]

VM Operations (20 events):
Event: 6704.710 Executing VM operation: G1CollectFull done
Event: 6756.994 Executing VM operation: Cleanup
Event: 6756.994 Executing VM operation: Cleanup done
Event: 6835.829 Executing VM operation: G1CollectFull
Event: 6836.001 Executing VM operation: G1CollectFull done
Event: 6846.454 Executing VM operation: G1CollectFull
Event: 6846.610 Executing VM operation: G1CollectFull done
Event: 6857.034 Executing VM operation: G1CollectFull
Event: 6857.221 Executing VM operation: G1CollectFull done
Event: 6867.680 Executing VM operation: G1CollectFull
Event: 6867.860 Executing VM operation: G1CollectFull done
Event: 6878.413 Executing VM operation: G1CollectFull
Event: 6878.589 Executing VM operation: G1CollectFull done
Event: 6888.896 Executing VM operation: G1CollectFull
Event: 6889.014 Executing VM operation: G1CollectFull done
Event: 6899.516 Executing VM operation: G1CollectFull
Event: 6899.669 Executing VM operation: G1CollectFull done
Event: 6910.077 Executing VM operation: G1CollectFull
Event: 6910.231 Executing VM operation: G1CollectFull done
Event: 6920.811 Executing VM operation: G1CollectFull

Events (20 events):
Event: 6479.281 Thread 0x000002a9aed1a910 Thread added: 0x000002a9aed1a910
Event: 6483.714 Thread 0x000002a9aed1a910 Thread exited: 0x000002a9aed1a910
Event: 6525.590 Thread 0x000002a9b08190f0 Thread added: 0x000002a9b08190f0
Event: 6612.874 Thread 0x000002a9b08190f0 Thread exited: 0x000002a9b08190f0
Event: 6612.938 Thread 0x000002a9b081c390 Thread exited: 0x000002a9b081c390
Event: 6612.939 Thread 0x000002a9b0819b10 Thread exited: 0x000002a9b0819b10
Event: 6637.450 Thread 0x000002a9b081af50 Thread exited: 0x000002a9b081af50
Event: 6645.128 Thread 0x000002a9b081aa40 Thread exited: 0x000002a9b081aa40
Event: 6647.356 Thread 0x000002a9b0817cb0 Thread added: 0x000002a9b0817cb0
Event: 6647.807 Thread 0x000002a9b081be80 Thread added: 0x000002a9b081be80
Event: 6707.435 Thread 0x000002a9b0817cb0 Thread exited: 0x000002a9b0817cb0
Event: 6707.889 Thread 0x000002a9b081b460 Thread exited: 0x000002a9b081b460
Event: 6712.917 Thread 0x000002a9b081cdb0 Thread added: 0x000002a9b081cdb0
Event: 6724.146 Thread 0x000002a9b0817290 Thread exited: 0x000002a9b0817290
Event: 6757.467 Thread 0x000002a9b0816d80 Thread added: 0x000002a9b0816d80
Event: 6816.978 Thread 0x000002a9b081cdb0 Thread exited: 0x000002a9b081cdb0
Event: 6817.586 Thread 0x000002a9b081be80 Thread exited: 0x000002a9b081be80
Event: 6819.054 Thread 0x000002a9b08186d0 Thread exited: 0x000002a9b08186d0
Event: 6855.640 Thread 0x000002a9b0816d80 Thread exited: 0x000002a9b0816d80
Event: 6879.061 Thread 0x000002a9b0819600 Thread exited: 0x000002a9b0819600


Dynamic libraries:
0x00007ff6897c0000 - 0x00007ff6897ce000 	c:\Users\user\.vscode\extensions\redhat.java-1.35.0-win32-x64\jre\17.0.12-win32-x86_64\bin\java.exe
0x00007ffd07050000 - 0x00007ffd07248000 	C:\WINDOWS\SYSTEM32\ntdll.dll
0x00007ffd066a0000 - 0x00007ffd06761000 	C:\WINDOWS\System32\KERNEL32.DLL
0x00007ffd049b0000 - 0x00007ffd04cad000 	C:\WINDOWS\System32\KERNELBASE.dll
0x00007ffd04db0000 - 0x00007ffd04eb0000 	C:\WINDOWS\System32\ucrtbase.dll
0x00007ffcfe960000 - 0x00007ffcfe977000 	c:\Users\user\.vscode\extensions\redhat.java-1.35.0-win32-x64\jre\17.0.12-win32-x86_64\bin\jli.dll
0x00007ffd061b0000 - 0x00007ffd0634d000 	C:\WINDOWS\System32\USER32.dll
0x00007ffd04700000 - 0x00007ffd04722000 	C:\WINDOWS\System32\win32u.dll
0x00007ffd06430000 - 0x00007ffd0645b000 	C:\WINDOWS\System32\GDI32.dll
0x00007ffd04890000 - 0x00007ffd049a7000 	C:\WINDOWS\System32\gdi32full.dll
0x00007ffd04f40000 - 0x00007ffd04fdd000 	C:\WINDOWS\System32\msvcp_win.dll
0x00007ffcfe8a0000 - 0x00007ffcfe8bb000 	c:\Users\user\.vscode\extensions\redhat.java-1.35.0-win32-x64\jre\17.0.12-win32-x86_64\bin\VCRUNTIME140.dll
0x00007ffcf5640000 - 0x00007ffcf58da000 	C:\WINDOWS\WinSxS\amd64_microsoft.windows.common-controls_6595b64144ccf1df_6.0.19041.4355_none_60b8b9eb71f62e16\COMCTL32.dll
0x00007ffd06b00000 - 0x00007ffd06b9e000 	C:\WINDOWS\System32\msvcrt.dll
0x00007ffd06770000 - 0x00007ffd0679f000 	C:\WINDOWS\System32\IMM32.DLL
0x00007ffcff5d0000 - 0x00007ffcff5dc000 	c:\Users\user\.vscode\extensions\redhat.java-1.35.0-win32-x64\jre\17.0.12-win32-x86_64\bin\vcruntime140_1.dll
0x00007ffce2e10000 - 0x00007ffce2e9d000 	c:\Users\user\.vscode\extensions\redhat.java-1.35.0-win32-x64\jre\17.0.12-win32-x86_64\bin\msvcp140.dll
0x00007ffcc4210000 - 0x00007ffcc4e7a000 	c:\Users\user\.vscode\extensions\redhat.java-1.35.0-win32-x64\jre\17.0.12-win32-x86_64\bin\server\jvm.dll
0x00007ffd05a80000 - 0x00007ffd05b30000 	C:\WINDOWS\System32\ADVAPI32.dll
0x00007ffd05f40000 - 0x00007ffd05fe0000 	C:\WINDOWS\System32\sechost.dll
0x00007ffd064e0000 - 0x00007ffd06603000 	C:\WINDOWS\System32\RPCRT4.dll
0x00007ffd05050000 - 0x00007ffd05077000 	C:\WINDOWS\System32\bcrypt.dll
0x00007ffd05a10000 - 0x00007ffd05a7b000 	C:\WINDOWS\System32\WS2_32.dll
0x00007ffd03c00000 - 0x00007ffd03c4b000 	C:\WINDOWS\SYSTEM32\POWRPROF.dll
0x00007ffcf7120000 - 0x00007ffcf7147000 	C:\WINDOWS\SYSTEM32\WINMM.dll
0x00007ffcf4920000 - 0x00007ffcf492a000 	C:\WINDOWS\SYSTEM32\VERSION.dll
0x00007ffd03ac0000 - 0x00007ffd03ad2000 	C:\WINDOWS\SYSTEM32\UMPDC.dll
0x00007ffd02540000 - 0x00007ffd02552000 	C:\WINDOWS\SYSTEM32\kernel.appcore.dll
0x00007ffcff580000 - 0x00007ffcff58a000 	c:\Users\user\.vscode\extensions\redhat.java-1.35.0-win32-x64\jre\17.0.12-win32-x86_64\bin\jimage.dll
0x00007ffcec670000 - 0x00007ffcec854000 	C:\WINDOWS\SYSTEM32\DBGHELP.DLL
0x00007ffcec630000 - 0x00007ffcec664000 	C:\WINDOWS\SYSTEM32\dbgcore.DLL
0x00007ffd04eb0000 - 0x00007ffd04f32000 	C:\WINDOWS\System32\bcryptPrimitives.dll
0x00007ffcfc6b0000 - 0x00007ffcfc6d5000 	c:\Users\user\.vscode\extensions\redhat.java-1.35.0-win32-x64\jre\17.0.12-win32-x86_64\bin\java.dll
0x00007ffcfcc70000 - 0x00007ffcfcc88000 	c:\Users\user\.vscode\extensions\redhat.java-1.35.0-win32-x64\jre\17.0.12-win32-x86_64\bin\zip.dll
0x00007ffd050f0000 - 0x00007ffd0585f000 	C:\WINDOWS\System32\SHELL32.dll
0x00007ffd02740000 - 0x00007ffd02ee3000 	C:\WINDOWS\SYSTEM32\windows.storage.dll
0x00007ffd05b30000 - 0x00007ffd05e83000 	C:\WINDOWS\System32\combase.dll
0x00007ffd04050000 - 0x00007ffd0407e000 	C:\WINDOWS\SYSTEM32\Wldp.dll
0x00007ffd060e0000 - 0x00007ffd061ad000 	C:\WINDOWS\System32\OLEAUT32.dll
0x00007ffd05e90000 - 0x00007ffd05f3d000 	C:\WINDOWS\System32\SHCORE.dll
0x00007ffd05090000 - 0x00007ffd050e5000 	C:\WINDOWS\System32\shlwapi.dll
0x00007ffd04630000 - 0x00007ffd04654000 	C:\WINDOWS\SYSTEM32\profapi.dll
0x00007ffcfb700000 - 0x00007ffcfb719000 	C:\Users\user\.vscode\extensions\redhat.java-1.35.0-win32-x64\jre\17.0.12-win32-x86_64\bin\net.dll
0x00007ffcfb5c0000 - 0x00007ffcfb6cd000 	C:\WINDOWS\SYSTEM32\WINHTTP.dll
0x00007ffd03e30000 - 0x00007ffd03e9a000 	C:\WINDOWS\system32\mswsock.dll
0x00007ffcf91a0000 - 0x00007ffcf91b6000 	C:\Users\user\.vscode\extensions\redhat.java-1.35.0-win32-x64\jre\17.0.12-win32-x86_64\bin\nio.dll
0x00007ffcfe750000 - 0x00007ffcfe760000 	c:\Users\user\.vscode\extensions\redhat.java-1.35.0-win32-x64\jre\17.0.12-win32-x86_64\bin\verify.dll
0x00007ffd04390000 - 0x00007ffd043a8000 	C:\WINDOWS\SYSTEM32\CRYPTSP.dll
0x00007ffd036a0000 - 0x00007ffd036d4000 	C:\WINDOWS\system32\rsaenh.dll
0x00007ffd045f0000 - 0x00007ffd0461e000 	C:\WINDOWS\SYSTEM32\USERENV.dll
0x00007ffd03fc0000 - 0x00007ffd03fcc000 	C:\WINDOWS\SYSTEM32\CRYPTBASE.dll
0x00007ffd03ae0000 - 0x00007ffd03b1b000 	C:\WINDOWS\SYSTEM32\IPHLPAPI.DLL
0x00007ffd05080000 - 0x00007ffd05088000 	C:\WINDOWS\System32\NSI.dll
0x00007ffcfc980000 - 0x00007ffcfc997000 	C:\WINDOWS\SYSTEM32\dhcpcsvc6.DLL
0x00007ffcfc960000 - 0x00007ffcfc97d000 	C:\WINDOWS\SYSTEM32\dhcpcsvc.DLL
0x00007ffd03b30000 - 0x00007ffd03bfa000 	C:\WINDOWS\SYSTEM32\DNSAPI.dll
0x00007ffcff610000 - 0x00007ffcff619000 	C:\Users\user\.vscode\extensions\redhat.java-1.35.0-win32-x64\jre\17.0.12-win32-x86_64\bin\management.dll
0x00007ffcfe990000 - 0x00007ffcfe99b000 	C:\Users\user\.vscode\extensions\redhat.java-1.35.0-win32-x64\jre\17.0.12-win32-x86_64\bin\management_ext.dll
0x00007ffd06070000 - 0x00007ffd06078000 	C:\WINDOWS\System32\PSAPI.DLL
0x00007ffcfe5d0000 - 0x00007ffcfe5de000 	C:\Users\user\.vscode\extensions\redhat.java-1.35.0-win32-x64\jre\17.0.12-win32-x86_64\bin\sunmscapi.dll
0x00007ffd04730000 - 0x00007ffd0488c000 	C:\WINDOWS\System32\CRYPT32.dll
0x00007ffd040c0000 - 0x00007ffd040e9000 	C:\WINDOWS\SYSTEM32\ncrypt.dll
0x00007ffd04080000 - 0x00007ffd040bb000 	C:\WINDOWS\SYSTEM32\NTASN1.dll
0x00007ffcfe980000 - 0x00007ffcfe987000 	C:\WINDOWS\system32\wshunix.dll
0x00007ffcfd7c0000 - 0x00007ffcfd7c9000 	C:\Users\user\.vscode\extensions\redhat.java-1.35.0-win32-x64\jre\17.0.12-win32-x86_64\bin\extnet.dll
0x00007ffcf5a60000 - 0x00007ffcf5a6a000 	C:\Windows\System32\rasadhlp.dll
0x00007ffcfb110000 - 0x00007ffcfb190000 	C:\WINDOWS\System32\fwpuclnt.dll

dbghelp: loaded successfully - version: 4.0.5 - missing functions: none
symbol engine: initialized successfully - sym options: 0x614 - pdb path: .;c:\Users\user\.vscode\extensions\redhat.java-1.35.0-win32-x64\jre\17.0.12-win32-x86_64\bin;C:\WINDOWS\SYSTEM32;C:\WINDOWS\WinSxS\amd64_microsoft.windows.common-controls_6595b64144ccf1df_6.0.19041.4355_none_60b8b9eb71f62e16;c:\Users\user\.vscode\extensions\redhat.java-1.35.0-win32-x64\jre\17.0.12-win32-x86_64\bin\server

VM Arguments:
jvm_args: -Xmx1024m -Dsts.lsp.client=vscode -Dsts.log.file=/dev/null -XX:TieredStopAtLevel=1 -Xlog:jni+resolve=off 
java_command: c:\Users\user\.vscode\extensions\vmware.vscode-spring-boot-1.57.0\language-server\spring-boot-language-server-1.57.0-SNAPSHOT-exec.jar
java_class_path (initial): c:\Users\user\.vscode\extensions\vmware.vscode-spring-boot-1.57.0\language-server\spring-boot-language-server-1.57.0-SNAPSHOT-exec.jar
Launcher Type: SUN_STANDARD

[Global flags]
     intx CICompilerCount                          = 3                                         {product} {ergonomic}
     uint ConcGCThreads                            = 1                                         {product} {ergonomic}
     uint G1ConcRefinementThreads                  = 4                                         {product} {ergonomic}
   size_t G1HeapRegionSize                         = 1048576                                   {product} {ergonomic}
    uintx GCDrainStackTargetSize                   = 64                                        {product} {ergonomic}
   size_t InitialHeapSize                          = 98566144                                  {product} {ergonomic}
   size_t MarkStackSize                            = 4194304                                   {product} {ergonomic}
   size_t MaxHeapSize                              = 1073741824                                {product} {command line}
   size_t MaxNewSize                               = 643825664                                 {product} {ergonomic}
   size_t MinHeapDeltaBytes                        = 1048576                                   {product} {ergonomic}
   size_t MinHeapSize                              = 8388608                                   {product} {ergonomic}
    uintx NonProfiledCodeHeapSize                  = 0                                      {pd product} {ergonomic}
     bool ProfileInterpreter                       = false                                  {pd product} {command line}
    uintx ProfiledCodeHeapSize                     = 0                                      {pd product} {ergonomic}
   size_t SoftMaxHeapSize                          = 1073741824                             {manageable} {ergonomic}
     intx TieredStopAtLevel                        = 1                                         {product} {command line}
     bool UseCompressedClassPointers               = true                           {product lp64_product} {ergonomic}
     bool UseCompressedOops                        = true                           {product lp64_product} {ergonomic}
     bool UseG1GC                                  = true                                      {product} {ergonomic}
     bool UseLargePagesIndividualAllocation        = false                                  {pd product} {ergonomic}

Logging:
Log output configuration:
 #0: stdout all=warning,jni+resolve=off uptime,level,tags
 #1: stderr all=off uptime,level,tags

Environment Variables:
JAVA_HOME=C:\Program Files\Java\jdk-21
PATH=C:\Program Files\Common Files\Oracle\Java\javapath;C:\WINDOWS\system32;C:\WINDOWS;C:\WINDOWS\System32\Wbem;C:\WINDOWS\System32\WindowsPowerShell\v1.0\;C:\WINDOWS\System32\OpenSSH\;C:\ProgramData\chocolatey\bin;C:\Program Files\Git\cmd;C:\Program Files\OpenSSL-Win64\bin;C:\Program Files\Docker\Docker\resources\bin;C:\Users\user\AppData\Roaming\nvm;C:\Program Files\nodejs;C:\Program Files\nodejs;C:\Program Files\nodejs;C:\Program Files\apache-maven-3.9.6\bin;C:\Program Files\Common Files\Oracle\Java\javapath;C:\WINDOWS\system32;C:\WINDOWS;C:\WINDOWS\System32\Wbem;C:\WINDOWS\System32\WindowsPowerShell\v1.0\;C:\WINDOWS\System32\OpenSSH\;C:\ProgramData\chocolatey\bin;C:\Program Files\Git\cmd;C:\Program Files\OpenSSL-Win64\bin;C:\Program Files\Docker\Docker\resources\bin;C:\Users\user\AppData\Roaming\nvm;C:\Program Files\nodejs;C:\Program Files\nodejs;C:\Program Files\nodejs;;C:\Users\user\AppData\Local\Programs\Microsoft VS Code\bin;C:\Users\user\AppData\Roaming\nvm;C:\Program Files\nodejs
USERNAME=user
OS=Windows_NT
PROCESSOR_IDENTIFIER=Intel64 Family 6 Model 37 Stepping 5, GenuineIntel
TMP=C:\Users\user\AppData\Local\Temp
TEMP=C:\Users\user\AppData\Local\Temp



Periodic native trim disabled


---------------  S Y S T E M  ---------------

OS:
 Windows 10 , 64 bit Build 19041 (10.0.19041.4842)
OS uptime: 0 days 5:56 hours
Hyper-V role detected

CPU: total 4 (initial active 4) (2 cores per cpu, 2 threads per core) family 6 model 37 stepping 5 microcode 0x7, cx8, cmov, fxsr, ht, mmx, sse, sse2, sse3, ssse3, sse4.1, sse4.2, popcnt, tsc, tscinvbit, clflush, hv
Processor Information for all 4 processors :
  Max Mhz: 2399, Current Mhz: 1199, Mhz Limit: 2399

Memory: 4k page, system-wide physical 5941M (600M free)
TotalPageFile size 8941M (AvailPageFile size 10M)
current process WorkingSet (physical memory assigned to process): 247M, peak: 268M
current process commit charge ("private bytes"): 304M, peak: 311M

vm_info: OpenJDK 64-Bit Server VM (17.0.12+7) for windows-amd64 JRE (17.0.12+7), built on Jul 16 2024 22:08:24 by "admin" with MS VC++ 16.10 / 16.11 (VS2019)

END.
