#
# There is insufficient memory for the Java Runtime Environment to continue.
# Native memory allocation (malloc) failed to allocate 2097152 bytes. Error detail: AllocateHeap
# Possible reasons:
#   The system is out of physical RAM or swap space
#   This process is running with CompressedOops enabled, and the Java Heap may be blocking the growth of the native heap
# Possible solutions:
#   Reduce memory load on the system
#   Increase physical memory or swap space
#   Check if swap backing store is full
#   Decrease Java heap size (-Xmx/-Xms)
#   Decrease number of Java threads
#   Decrease Java thread stack sizes (-Xss)
#   Set larger code cache with -XX:ReservedCodeCacheSize=
#   JVM is running with Unscaled Compressed Oops mode in which the Java heap is
#     placed in the first 4GB address space. The Java Heap base address is the
#     maximum limit for the native heap growth. Please use -XX:HeapBaseMinAddress
#     to set the Java Heap base and to place the Java Heap above 4GB virtual address.
# This output file may be truncated or incomplete.
#
#  Out of Memory Error (allocation.cpp:44), pid=7240, tid=10588
#
# JRE version: OpenJDK Runtime Environment Temurin-17.0.12+7 (17.0.12+7) (build 17.0.12+7)
# Java VM: OpenJDK 64-Bit Server VM Temurin-17.0.12+7 (17.0.12+7, mixed mode, emulated-client, tiered, compressed oops, compressed class ptrs, g1 gc, windows-amd64)
# No core dump will be written. Minidumps are not enabled by default on client versions of Windows
#

---------------  S U M M A R Y ------------

Command Line: -Xmx1024m -Dsts.lsp.client=vscode -Dsts.log.file=/dev/null -XX:TieredStopAtLevel=1 -Xlog:jni+resolve=off c:\Users\user\.vscode\extensions\vmware.vscode-spring-boot-1.57.0\language-server\spring-boot-language-server-1.57.0-SNAPSHOT-exec.jar

Host: Intel(R) Core(TM) i3 CPU       M 370  @ 2.40GHz, 4 cores, 5G,  Windows 10 , 64 bit Build 19041 (10.0.19041.4842)
Time: Fri Sep 27 11:04:06 2024 Paris, Madrid (heure duild 19041 (10.0.19041.4842) elapsed time: 907.018431 seconds (0d 0h 15m 7s)

---------------  T H R E A D  ---------------

Current thread (0x000001879c107470):  VMThread "VM Thread" [stack: 0x0000002903d00000,0x0000002903e00000] [id=10588]

Stack: [0x0000002903d00000,0x0000002903e00000]
Native frames: (J=compiled Java code, j=interpreted, Vv=VM code, C=native code)
V  [jvm.dll+0x67f929]
V  [jvm.dll+0x8371ba]
V  [jvm.dll+0x838c7e]
V  [jvm.dll+0x8392e3]
V  [jvm.dll+0x24834f]
V  [jvm.dll+0xa70d3]
V  [jvm.dll+0x2f9101]
V  [jvm.dll+0x2f4d00]
V  [jvm.dll+0x2dd82f]
V  [jvm.dll+0x3201f7]
V  [jvm.dll+0x83d7dd]
V  [jvm.dll+0x83e522]
V  [jvm.dll+0x83ea4f]
V  [jvm.dll+0x83ee34]
V  [jvm.dll+0x83ef00]
V  [jvm.dll+0x7e65dc]
V  [jvm.dll+0x67e7f7]
C  [ucrtbase.dll+0x21bb2]
C  [KERNEL32.DLL+0x17374]
C  [ntdll.dll+0x4cc91]

VM_Operation (0x00000029050ff1a0): G1CollectFull, mode: safepoint, requested by thread 0x00000187a1cc0050


---------------  P R O C E S S  ---------------

Threads class SMR info:
_java_thread_list=0x00000187a2990460, length=24, elements={
0x000001879c11eb40, 0x000001879c11f9c0, 0x000001879c15e130, 0x000001879c15ecf0,
0x000001879c1616c0, 0x000001879c162080, 0x000001879c162a40, 0x000001879c165450,
0x000001879c3e16d0, 0x000001879c3f1300, 0x00000187a18a8030, 0x00000187a1cc0050,
0x00000187a14c1b70, 0x00000187a14c2080, 0x00000187a14c2590, 0x00000187a14c43f0,
0x00000187a14c2aa0, 0x00000187a14c0c40, 0x00000187a14c1660, 0x00000187a14c2fb0,
0x00000187a14c34c0, 0x000001879cceb5c0, 0x000001879ccf01b0, 0x000001879ccec4f0
}

Java Threads: ( => current thread )
  0x000001879c11eb40 JavaThread "Reference Handler" daemon [_thread_blocked, id=1600, stack(0x0000002903e00000,0x0000002903f00000)]
  0x000001879c11f9c0 JavaThread "Finalizer" daemon [_thread_blocked, id=1060, stack(0x0000002903f00000,0x0000002904000000)]
  0x000001879c15e130 JavaThread "Signal Dispatcher" daemon [_thread_blocked, id=3988, stack(0x0000002904000000,0x0000002904100000)]
  0x000001879c15ecf0 JavaThread "Attach Listener" daemon [_thread_blocked, id=7580, stack(0x0000002904100000,0x0000002904200000)]
  0x000001879c1616c0 JavaThread "Service Thread" daemon [_thread_blocked, id=8968, stack(0x0000002904200000,0x0000002904300000)]
  0x000001879c162080 JavaThread "Monitor Deflation Thread" daemon [_thread_blocked, id=10760, stack(0x0000002904300000,0x0000002904400000)]
  0x000001879c162a40 JavaThread "C1 CompilerThread0" daemon [_thread_blocked, id=10704, stack(0x0000002904400000,0x0000002904500000)]
  0x000001879c165450 JavaThread "Sweeper thread" daemon [_thread_blocked, id=8080, stack(0x0000002904500000,0x0000002904600000)]
  0x000001879c3e16d0 JavaThread "Notification Thread" daemon [_thread_blocked, id=5516, stack(0x0000002904700000,0x0000002904800000)]
  0x000001879c3f1300 JavaThread "Common-Cleaner" daemon [_thread_blocked, id=8976, stack(0x0000002904900000,0x0000002904a00000)]
  0x00000187a18a8030 JavaThread "boundedElastic-evictor-1" daemon [_thread_blocked, id=4028, stack(0x0000002904600000,0x0000002904700000)]
  0x00000187a1cc0050 JavaThread "pool-13-thread-1" [_thread_blocked, id=4560, stack(0x0000002905000000,0x0000002905100000)]
  0x00000187a14c1b70 JavaThread "LanguageServerApp-lifecycle" [_thread_blocked, id=10488, stack(0x0000002905100000,0x0000002905200000)]
  0x00000187a14c2080 JavaThread "DestroyJavaVM" [_thread_blocked, id=2196, stack(0x0000002903600000,0x0000002903700000)]
  0x00000187a14c2590 JavaThread "pool-14-thread-1" [_thread_in_native, id=10180, stack(0x0000002905200000,0x0000002905300000)]
  0x00000187a14c43f0 JavaThread "Simple-Language-Server main thread" daemon [_thread_blocked, id=6680, stack(0x0000002905300000,0x0000002905400000)]
  0x00000187a14c2aa0 JavaThread "pool-8-thread-1" [_thread_blocked, id=10148, stack(0x0000002905400000,0x0000002905500000)]
  0x00000187a14c0c40 JavaThread "parallel-1" daemon [_thread_blocked, id=10960, stack(0x0000002905500000,0x0000002905600000)]
  0x00000187a14c1660 JavaThread "parallel-2" daemon [_thread_blocked, id=3876, stack(0x0000002905600000,0x0000002905700000)]
  0x00000187a14c2fb0 JavaThread "Reconciler-1" daemon [_thread_blocked, id=2152, stack(0x0000002905700000,0x0000002905800000)]
  0x00000187a14c34c0 JavaThread "parallel-3" daemon [_thread_blocked, id=1036, stack(0x0000002905800000,0x0000002905900000)]
  0x000001879cceb5c0 JavaThread "parallel-4" daemon [_thread_blocked, id=7848, stack(0x0000002905900000,0x0000002905a00000)]
  0x000001879ccf01b0 JavaThread "pool-6-thread-1" [_thread_blocked, id=5956, stack(0x0000002905a00000,0x0000002905b00000)]
  0x000001879ccec4f0 JavaThread "CompletableFutureDelayScheduler" daemon [_thread_blocked, id=10676, stack(0x0000002905f00000,0x0000002906000000)]

Other Threads:
=>0x000001879c107470 VMThread "VM Thread" [stack: 0x0000002903d00000,0x0000002903e00000] [id=10588]
  0x000001879c3e7bd0 WatcherThread [stack: 0x0000002904800000,0x0000002904900000] [id=1920]
  0x0000018791bf8150 GCTaskThread "GC Thread#0" [stack: 0x0000002903800000,0x0000002903900000] [id=10992]
  0x000001879caf9410 GCTaskThread "GC Thread#1" [stack: 0x0000002904a00000,0x0000002904b00000] [id=3460]
  0x000001879cb03390 GCTaskThread "GC Thread#2" [stack: 0x0000002904b00000,0x0000002904c00000] [id=10900]
  0x000001879cd900a0 GCTaskThread "GC Thread#3" [stack: 0x0000002904c00000,0x0000002904d00000] [id=9588]
  0x0000018791c010a0 ConcurrentGCThread "G1 Main Marker" [stack: 0x0000002903900000,0x0000002903a00000] [id=9296]
  0x0000018791c01ac0 ConcurrentGCThread "G1 Conc#0" [stack: 0x0000002903a00000,0x0000002903b00000] [id=1644]
  0x0000018791c63750 ConcurrentGCThread "G1 Refine#0" [stack: 0x0000002903b00000,0x0000002903c00000] [id=11212]
  0x0000018791c65590 ConcurrentGCThread "G1 Service" [stack: 0x0000002903c00000,0x0000002903d00000] [id=11248]

Threads with active compile tasks:

VM state: at safepoint (normal execution)

VM Mutex/Monitor currently owned by a thread:  ([mutex/lock_event])
[0x000001878fb6a7b0] Threads_lock - owner thread: 0x000001879c107470
[0x000001878fb6aa80] Heap_lock - owner thread: 0x00000187a1cc0050

Heap address: 0x00000000c0000000, size: 1024 MB, Compressed Oops mode: 32-bit

CDS archive(s) not mapped
Compressed class space mapped at: 0x0000000100000000-0x0000000140000000, reserved size: 1073741824
Narrow klass base: 0x0000000000000000, Narrow klass shift: 3, Narrow klass range: 0x140000000

GC Precious Log:
 CPUs: 4 total, 4 available
 Memory: 5941M
 Large Page Support: Disabled
 NUMA Support: Disabled
 Compressed Oops: Enabled (32-bit)
 Heap Region Size: 1M
 Heap Min Capacity: 8M
 Heap Initial Capacity: 94M
 Heap Max Capacity: 1G
 Pre-touch: Disabled
 Parallel Workers: 4
 Concurrent Workers: 1
 Concurrent Refinement Workers: 4
 Periodic GC: Disabled

Heap:
 garbage-first heap   total 129024K, used 38566K [0x00000000c0000000, 0x0000000100000000)
  region size 1024K, 1 young (1024K), 0 survivors (0K)
 Metaspace       used 61633K, committed 62400K, reserved 1114112K
  class space    used 7751K, committed 8064K, reserved 1048576K

Heap Regions: E=young(eden), S=young(survivor), O=old, HS=humongous(starts), HC=humongous(continues), CS=collection set, F=free, OA=open archive, CA=closed archive, TAMS=top-at-mark-start (previous, next)
|   0|0x00000000c0000000, 0x00000000c0100000, 0x00000000c0100000|100%|HS|  |TAMS 0x00000000c0100000, 0x00000000c0000000| Untracked 
|   1|0x00000000c0100000, 0x00000000c0200000, 0x00000000c0200000|100%|HC|  |TAMS 0x00000000c0200000, 0x00000000c0100000| Untracked 
|   2|0x00000000c0200000, 0x00000000c0300000, 0x00000000c0300000|100%|HC|  |TAMS 0x00000000c0300000, 0x00000000c0200000| Untracked 
|   3|0x00000000c0300000, 0x00000000c0400000, 0x00000000c0400000|100%|HC|  |TAMS 0x00000000c0400000, 0x00000000c0300000| Untracked 
|   4|0x00000000c0400000, 0x00000000c0500000, 0x00000000c0500000|100%|HS|  |TAMS 0x00000000c0500000, 0x00000000c0400000| Untracked 
|   5|0x00000000c0500000, 0x00000000c0600000, 0x00000000c0600000|100%|HC|  |TAMS 0x00000000c0600000, 0x00000000c0500000| Untracked 
|   6|0x00000000c0600000, 0x00000000c0700000, 0x00000000c0700000|100%| O|  |TAMS 0x00000000c0700000, 0x00000000c0600000| Untracked 
|   7|0x00000000c0700000, 0x00000000c07fe290, 0x00000000c0800000| 99%| O|  |TAMS 0x00000000c07fe290, 0x00000000c0700000| Untracked 
|   8|0x00000000c0800000, 0x00000000c0900000, 0x00000000c0900000|100%| O|  |TAMS 0x00000000c0900000, 0x00000000c0800000| Untracked 
|   9|0x00000000c0900000, 0x00000000c09f4868, 0x00000000c0a00000| 95%| O|  |TAMS 0x00000000c09f4868, 0x00000000c0900000| Untracked 
|  10|0x00000000c0a00000, 0x00000000c0b00000, 0x00000000c0b00000|100%| O|  |TAMS 0x00000000c0b00000, 0x00000000c0a00000| Untracked 
|  11|0x00000000c0b00000, 0x00000000c0c00000, 0x00000000c0c00000|100%| O|  |TAMS 0x00000000c0c00000, 0x00000000c0b00000| Untracked 
|  12|0x00000000c0c00000, 0x00000000c0cfffd8, 0x00000000c0d00000| 99%| O|  |TAMS 0x00000000c0cfffd8, 0x00000000c0c00000| Untracked 
|  13|0x00000000c0d00000, 0x00000000c0e00000, 0x00000000c0e00000|100%| O|  |TAMS 0x00000000c0e00000, 0x00000000c0d00000| Untracked 
|  14|0x00000000c0e00000, 0x00000000c0efffd8, 0x00000000c0f00000| 99%| O|  |TAMS 0x00000000c0efffd8, 0x00000000c0e00000| Untracked 
|  15|0x00000000c0f00000, 0x00000000c0fffff0, 0x00000000c1000000| 99%| O|  |TAMS 0x00000000c0fffff0, 0x00000000c0f00000| Untracked 
|  16|0x00000000c1000000, 0x00000000c1100000, 0x00000000c1100000|100%| O|  |TAMS 0x00000000c1100000, 0x00000000c1000000| Untracked 
|  17|0x00000000c1100000, 0x00000000c11ffff8, 0x00000000c1200000| 99%| O|  |TAMS 0x00000000c11ffff8, 0x00000000c1100000| Untracked 
|  18|0x00000000c1200000, 0x00000000c12ffff8, 0x00000000c1300000| 99%| O|  |TAMS 0x00000000c12ffff8, 0x00000000c1200000| Untracked 
|  19|0x00000000c1300000, 0x00000000c1400000, 0x00000000c1400000|100%| O|  |TAMS 0x00000000c1400000, 0x00000000c1300000| Untracked 
|  20|0x00000000c1400000, 0x00000000c14ffff8, 0x00000000c1500000| 99%| O|  |TAMS 0x00000000c14ffff8, 0x00000000c1400000| Untracked 
|  21|0x00000000c1500000, 0x00000000c15ffff0, 0x00000000c1600000| 99%| O|  |TAMS 0x00000000c15ffff0, 0x00000000c1500000| Untracked 
|  22|0x00000000c1600000, 0x00000000c16ffff0, 0x00000000c1700000| 99%| O|  |TAMS 0x00000000c16ffff0, 0x00000000c1600000| Untracked 
|  23|0x00000000c1700000, 0x00000000c17fc870, 0x00000000c1800000| 98%| O|  |TAMS 0x00000000c17fc870, 0x00000000c1700000| Untracked 
|  24|0x00000000c1800000, 0x00000000c1900000, 0x00000000c1900000|100%| O|  |TAMS 0x00000000c1900000, 0x00000000c1800000| Untracked 
|  25|0x00000000c1900000, 0x00000000c19f6d08, 0x00000000c1a00000| 96%| O|  |TAMS 0x00000000c19f6d08, 0x00000000c1900000| Untracked 
|  26|0x00000000c1a00000, 0x00000000c1b00000, 0x00000000c1b00000|100%| O|  |TAMS 0x00000000c1b00000, 0x00000000c1a00000| Untracked 
|  27|0x00000000c1b00000, 0x00000000c1bffff8, 0x00000000c1c00000| 99%| O|  |TAMS 0x00000000c1bffff8, 0x00000000c1b00000| Untracked 
|  28|0x00000000c1c00000, 0x00000000c1cfffc0, 0x00000000c1d00000| 99%| O|  |TAMS 0x00000000c1cfffc0, 0x00000000c1c00000| Untracked 
|  29|0x00000000c1d00000, 0x00000000c1dffd98, 0x00000000c1e00000| 99%| O|  |TAMS 0x00000000c1dffd98, 0x00000000c1d00000| Untracked 
|  30|0x00000000c1e00000, 0x00000000c1efffb8, 0x00000000c1f00000| 99%| O|  |TAMS 0x00000000c1efffb8, 0x00000000c1e00000| Untracked 
|  31|0x00000000c1f00000, 0x00000000c1ffffd0, 0x00000000c2000000| 99%| O|  |TAMS 0x00000000c1ffffd0, 0x00000000c1f00000| Untracked 
|  32|0x00000000c2000000, 0x00000000c20c3768, 0x00000000c2100000| 76%| O|  |TAMS 0x00000000c2000000, 0x00000000c2000000| Untracked 
|  33|0x00000000c2100000, 0x00000000c21fe2a8, 0x00000000c2200000| 99%| O|  |TAMS 0x00000000c21fe2a8, 0x00000000c2100000| Untracked 
|  34|0x00000000c2200000, 0x00000000c2300000, 0x00000000c2300000|100%| O|  |TAMS 0x00000000c2300000, 0x00000000c2200000| Untracked 
|  35|0x00000000c2300000, 0x00000000c2400000, 0x00000000c2400000|100%| O|  |TAMS 0x00000000c2400000, 0x00000000c2300000| Untracked 
|  36|0x00000000c2400000, 0x00000000c2500000, 0x00000000c2500000|100%| O|  |TAMS 0x00000000c2500000, 0x00000000c2400000| Untracked 
|  37|0x00000000c2500000, 0x00000000c2502298, 0x00000000c2600000|  0%| O|  |TAMS 0x00000000c2500000, 0x00000000c2500000| Untracked 
|  38|0x00000000c2600000, 0x00000000c2600000, 0x00000000c2700000|  0%| F|  |TAMS 0x00000000c2600000, 0x00000000c2600000| Untracked 
|  39|0x00000000c2700000, 0x00000000c2700000, 0x00000000c2800000|  0%| F|  |TAMS 0x00000000c2700000, 0x00000000c2700000| Untracked 
|  40|0x00000000c2800000, 0x00000000c2900000, 0x00000000c2900000|100%| O|  |TAMS 0x00000000c2900000, 0x00000000c2800000| Untracked 
|  41|0x00000000c2900000, 0x00000000c2900000, 0x00000000c2a00000|  0%| F|  |TAMS 0x00000000c2900000, 0x00000000c2900000| Untracked 
|  42|0x00000000c2a00000, 0x00000000c2a00000, 0x00000000c2b00000|  0%| F|  |TAMS 0x00000000c2a00000, 0x00000000c2a00000| Untracked 
|  43|0x00000000c2b00000, 0x00000000c2b00000, 0x00000000c2c00000|  0%| F|  |TAMS 0x00000000c2b00000, 0x00000000c2b00000| Untracked 
|  44|0x00000000c2c00000, 0x00000000c2c00000, 0x00000000c2d00000|  0%| F|  |TAMS 0x00000000c2c00000, 0x00000000c2c00000| Untracked 
|  45|0x00000000c2d00000, 0x00000000c2d00000, 0x00000000c2e00000|  0%| F|  |TAMS 0x00000000c2d00000, 0x00000000c2d00000| Untracked 
|  46|0x00000000c2e00000, 0x00000000c2e00000, 0x00000000c2f00000|  0%| F|  |TAMS 0x00000000c2e00000, 0x00000000c2e00000| Untracked 
|  47|0x00000000c2f00000, 0x00000000c2f00000, 0x00000000c3000000|  0%| F|  |TAMS 0x00000000c2f00000, 0x00000000c2f00000| Untracked 
|  48|0x00000000c3000000, 0x00000000c3000000, 0x00000000c3100000|  0%| F|  |TAMS 0x00000000c3000000, 0x00000000c3000000| Untracked 
|  49|0x00000000c3100000, 0x00000000c3100000, 0x00000000c3200000|  0%| F|  |TAMS 0x00000000c3100000, 0x00000000c3100000| Untracked 
|  50|0x00000000c3200000, 0x00000000c3200000, 0x00000000c3300000|  0%| F|  |TAMS 0x00000000c3200000, 0x00000000c3200000| Untracked 
|  51|0x00000000c3300000, 0x00000000c3300000, 0x00000000c3400000|  0%| F|  |TAMS 0x00000000c3300000, 0x00000000c3300000| Untracked 
|  52|0x00000000c3400000, 0x00000000c3400000, 0x00000000c3500000|  0%| F|  |TAMS 0x00000000c3400000, 0x00000000c3400000| Untracked 
|  53|0x00000000c3500000, 0x00000000c3500000, 0x00000000c3600000|  0%| F|  |TAMS 0x00000000c3500000, 0x00000000c3500000| Untracked 
|  54|0x00000000c3600000, 0x00000000c3600000, 0x00000000c3700000|  0%| F|  |TAMS 0x00000000c3600000, 0x00000000c3600000| Untracked 
|  55|0x00000000c3700000, 0x00000000c3700000, 0x00000000c3800000|  0%| F|  |TAMS 0x00000000c3700000, 0x00000000c3700000| Untracked 
|  56|0x00000000c3800000, 0x00000000c3800000, 0x00000000c3900000|  0%| F|  |TAMS 0x00000000c3800000, 0x00000000c3800000| Untracked 
|  57|0x00000000c3900000, 0x00000000c3900000, 0x00000000c3a00000|  0%| F|  |TAMS 0x00000000c3900000, 0x00000000c3900000| Untracked 
|  58|0x00000000c3a00000, 0x00000000c3a00000, 0x00000000c3b00000|  0%| F|  |TAMS 0x00000000c3a00000, 0x00000000c3a00000| Untracked 
|  59|0x00000000c3b00000, 0x00000000c3b00000, 0x00000000c3c00000|  0%| F|  |TAMS 0x00000000c3b00000, 0x00000000c3b00000| Untracked 
|  60|0x00000000c3c00000, 0x00000000c3c00000, 0x00000000c3d00000|  0%| F|  |TAMS 0x00000000c3c00000, 0x00000000c3c00000| Untracked 
|  61|0x00000000c3d00000, 0x00000000c3d00000, 0x00000000c3e00000|  0%| F|  |TAMS 0x00000000c3d00000, 0x00000000c3d00000| Untracked 
|  62|0x00000000c3e00000, 0x00000000c3e00000, 0x00000000c3f00000|  0%| F|  |TAMS 0x00000000c3e00000, 0x00000000c3e00000| Untracked 
|  63|0x00000000c3f00000, 0x00000000c3f00000, 0x00000000c4000000|  0%| F|  |TAMS 0x00000000c3f00000, 0x00000000c3f00000| Untracked 
|  64|0x00000000c4000000, 0x00000000c4000000, 0x00000000c4100000|  0%| F|  |TAMS 0x00000000c4000000, 0x00000000c4000000| Untracked 
|  65|0x00000000c4100000, 0x00000000c4100000, 0x00000000c4200000|  0%| F|  |TAMS 0x00000000c4100000, 0x00000000c4100000| Untracked 
|  66|0x00000000c4200000, 0x00000000c4200000, 0x00000000c4300000|  0%| F|  |TAMS 0x00000000c4200000, 0x00000000c4200000| Untracked 
|  67|0x00000000c4300000, 0x00000000c4300000, 0x00000000c4400000|  0%| F|  |TAMS 0x00000000c4300000, 0x00000000c4300000| Untracked 
|  68|0x00000000c4400000, 0x00000000c4400000, 0x00000000c4500000|  0%| F|  |TAMS 0x00000000c4400000, 0x00000000c4400000| Untracked 
|  69|0x00000000c4500000, 0x00000000c4500000, 0x00000000c4600000|  0%| F|  |TAMS 0x00000000c4500000, 0x00000000c4500000| Untracked 
|  70|0x00000000c4600000, 0x00000000c4600000, 0x00000000c4700000|  0%| F|  |TAMS 0x00000000c4600000, 0x00000000c4600000| Untracked 
|  71|0x00000000c4700000, 0x00000000c4700000, 0x00000000c4800000|  0%| F|  |TAMS 0x00000000c4700000, 0x00000000c4700000| Untracked 
|  72|0x00000000c4800000, 0x00000000c4800000, 0x00000000c4900000|  0%| F|  |TAMS 0x00000000c4800000, 0x00000000c4800000| Untracked 
|  73|0x00000000c4900000, 0x00000000c4900000, 0x00000000c4a00000|  0%| F|  |TAMS 0x00000000c4900000, 0x00000000c4900000| Untracked 
|  74|0x00000000c4a00000, 0x00000000c4a00000, 0x00000000c4b00000|  0%| F|  |TAMS 0x00000000c4a00000, 0x00000000c4a00000| Untracked 
|  75|0x00000000c4b00000, 0x00000000c4b00000, 0x00000000c4c00000|  0%| F|  |TAMS 0x00000000c4b00000, 0x00000000c4b00000| Untracked 
|  76|0x00000000c4c00000, 0x00000000c4c00000, 0x00000000c4d00000|  0%| F|  |TAMS 0x00000000c4c00000, 0x00000000c4c00000| Untracked 
|  77|0x00000000c4d00000, 0x00000000c4d00000, 0x00000000c4e00000|  0%| F|  |TAMS 0x00000000c4d00000, 0x00000000c4d00000| Untracked 
|  78|0x00000000c4e00000, 0x00000000c4e00000, 0x00000000c4f00000|  0%| F|  |TAMS 0x00000000c4e00000, 0x00000000c4e00000| Untracked 
|  79|0x00000000c4f00000, 0x00000000c4f00000, 0x00000000c5000000|  0%| F|  |TAMS 0x00000000c4f00000, 0x00000000c4f00000| Untracked 
|  80|0x00000000c5000000, 0x00000000c5000000, 0x00000000c5100000|  0%| F|  |TAMS 0x00000000c5000000, 0x00000000c5000000| Untracked 
|  81|0x00000000c5100000, 0x00000000c5100000, 0x00000000c5200000|  0%| F|  |TAMS 0x00000000c5100000, 0x00000000c5100000| Untracked 
|  82|0x00000000c5200000, 0x00000000c5200000, 0x00000000c5300000|  0%| F|  |TAMS 0x00000000c5200000, 0x00000000c5200000| Untracked 
|  83|0x00000000c5300000, 0x00000000c5300000, 0x00000000c5400000|  0%| F|  |TAMS 0x00000000c5300000, 0x00000000c5300000| Untracked 
|  84|0x00000000c5400000, 0x00000000c5400000, 0x00000000c5500000|  0%| F|  |TAMS 0x00000000c5400000, 0x00000000c5400000| Untracked 
|  85|0x00000000c5500000, 0x00000000c5500000, 0x00000000c5600000|  0%| F|  |TAMS 0x00000000c5500000, 0x00000000c5500000| Untracked 
|  86|0x00000000c5600000, 0x00000000c5600000, 0x00000000c5700000|  0%| F|  |TAMS 0x00000000c5600000, 0x00000000c5600000| Untracked 
|  87|0x00000000c5700000, 0x00000000c5700000, 0x00000000c5800000|  0%| F|  |TAMS 0x00000000c5700000, 0x00000000c5700000| Untracked 
|  88|0x00000000c5800000, 0x00000000c5800000, 0x00000000c5900000|  0%| F|  |TAMS 0x00000000c5800000, 0x00000000c5800000| Untracked 
|  89|0x00000000c5900000, 0x00000000c5900000, 0x00000000c5a00000|  0%| F|  |TAMS 0x00000000c5900000, 0x00000000c5900000| Untracked 
|  90|0x00000000c5a00000, 0x00000000c5a00000, 0x00000000c5b00000|  0%| F|  |TAMS 0x00000000c5a00000, 0x00000000c5a00000| Untracked 
|  91|0x00000000c5b00000, 0x00000000c5b00000, 0x00000000c5c00000|  0%| F|  |TAMS 0x00000000c5b00000, 0x00000000c5b00000| Untracked 
|  92|0x00000000c5c00000, 0x00000000c5c00000, 0x00000000c5d00000|  0%| F|  |TAMS 0x00000000c5c00000, 0x00000000c5c00000| Untracked 
|  93|0x00000000c5d00000, 0x00000000c5d00000, 0x00000000c5e00000|  0%| F|  |TAMS 0x00000000c5d00000, 0x00000000c5d00000| Untracked 
|  94|0x00000000c5e00000, 0x00000000c5e00000, 0x00000000c5f00000|  0%| F|  |TAMS 0x00000000c5e00000, 0x00000000c5e00000| Untracked 
|  95|0x00000000c5f00000, 0x00000000c5f00000, 0x00000000c6000000|  0%| F|  |TAMS 0x00000000c5f00000, 0x00000000c5f00000| Untracked 
|  96|0x00000000c6000000, 0x00000000c6000000, 0x00000000c6100000|  0%| F|  |TAMS 0x00000000c6000000, 0x00000000c6000000| Untracked 
|  97|0x00000000c6100000, 0x00000000c6100000, 0x00000000c6200000|  0%| F|  |TAMS 0x00000000c6100000, 0x00000000c6100000| Untracked 
|  98|0x00000000c6200000, 0x00000000c6200000, 0x00000000c6300000|  0%| F|  |TAMS 0x00000000c6200000, 0x00000000c6200000| Untracked 
|  99|0x00000000c6300000, 0x00000000c6300000, 0x00000000c6400000|  0%| F|  |TAMS 0x00000000c6300000, 0x00000000c6300000| Untracked 
| 100|0x00000000c6400000, 0x00000000c6400000, 0x00000000c6500000|  0%| F|  |TAMS 0x00000000c6400000, 0x00000000c6400000| Untracked 
| 101|0x00000000c6500000, 0x00000000c6500000, 0x00000000c6600000|  0%| F|  |TAMS 0x00000000c6500000, 0x00000000c6500000| Untracked 
| 102|0x00000000c6600000, 0x00000000c6600000, 0x00000000c6700000|  0%| F|  |TAMS 0x00000000c6600000, 0x00000000c6600000| Untracked 
| 103|0x00000000c6700000, 0x00000000c6700000, 0x00000000c6800000|  0%| F|  |TAMS 0x00000000c6700000, 0x00000000c6700000| Untracked 
| 104|0x00000000c6800000, 0x00000000c6800000, 0x00000000c6900000|  0%| F|  |TAMS 0x00000000c6800000, 0x00000000c6800000| Untracked 
| 105|0x00000000c6900000, 0x00000000c6900000, 0x00000000c6a00000|  0%| F|  |TAMS 0x00000000c6900000, 0x00000000c6900000| Untracked 
| 106|0x00000000c6a00000, 0x00000000c6a00000, 0x00000000c6b00000|  0%| F|  |TAMS 0x00000000c6a00000, 0x00000000c6a00000| Untracked 
| 107|0x00000000c6b00000, 0x00000000c6b00000, 0x00000000c6c00000|  0%| F|  |TAMS 0x00000000c6b00000, 0x00000000c6b00000| Untracked 
| 108|0x00000000c6c00000, 0x00000000c6c00000, 0x00000000c6d00000|  0%| F|  |TAMS 0x00000000c6c00000, 0x00000000c6c00000| Untracked 
| 109|0x00000000c6d00000, 0x00000000c6d00000, 0x00000000c6e00000|  0%| F|  |TAMS 0x00000000c6d00000, 0x00000000c6d00000| Untracked 
| 110|0x00000000c6e00000, 0x00000000c6e00000, 0x00000000c6f00000|  0%| F|  |TAMS 0x00000000c6e00000, 0x00000000c6e00000| Untracked 
| 111|0x00000000c6f00000, 0x00000000c6f00000, 0x00000000c7000000|  0%| F|  |TAMS 0x00000000c6f00000, 0x00000000c6f00000| Untracked 
| 112|0x00000000c7000000, 0x00000000c7000000, 0x00000000c7100000|  0%| F|  |TAMS 0x00000000c7000000, 0x00000000c7000000| Untracked 
| 113|0x00000000c7100000, 0x00000000c7100000, 0x00000000c7200000|  0%| F|  |TAMS 0x00000000c7100000, 0x00000000c7100000| Untracked 
| 114|0x00000000c7200000, 0x00000000c7200000, 0x00000000c7300000|  0%| F|  |TAMS 0x00000000c7200000, 0x00000000c7200000| Untracked 
| 115|0x00000000c7300000, 0x00000000c7300000, 0x00000000c7400000|  0%| F|  |TAMS 0x00000000c7300000, 0x00000000c7300000| Untracked 
| 116|0x00000000c7400000, 0x00000000c7400000, 0x00000000c7500000|  0%| F|  |TAMS 0x00000000c7400000, 0x00000000c7400000| Untracked 
| 117|0x00000000c7500000, 0x00000000c7500000, 0x00000000c7600000|  0%| F|  |TAMS 0x00000000c7500000, 0x00000000c7500000| Untracked 
| 118|0x00000000c7600000, 0x00000000c7600000, 0x00000000c7700000|  0%| F|  |TAMS 0x00000000c7600000, 0x00000000c7600000| Untracked 
| 119|0x00000000c7700000, 0x00000000c7700000, 0x00000000c7800000|  0%| F|  |TAMS 0x00000000c7700000, 0x00000000c7700000| Untracked 
| 120|0x00000000c7800000, 0x00000000c7800000, 0x00000000c7900000|  0%| F|  |TAMS 0x00000000c7800000, 0x00000000c7800000| Untracked 
| 121|0x00000000c7900000, 0x00000000c7900000, 0x00000000c7a00000|  0%| F|  |TAMS 0x00000000c7900000, 0x00000000c7900000| Untracked 
| 122|0x00000000c7a00000, 0x00000000c7a00000, 0x00000000c7b00000|  0%| F|  |TAMS 0x00000000c7a00000, 0x00000000c7a00000| Untracked 
| 123|0x00000000c7b00000, 0x00000000c7b00000, 0x00000000c7c00000|  0%| F|  |TAMS 0x00000000c7b00000, 0x00000000c7b00000| Untracked 
| 124|0x00000000c7c00000, 0x00000000c7c00000, 0x00000000c7d00000|  0%| F|  |TAMS 0x00000000c7c00000, 0x00000000c7c00000| Untracked 
| 125|0x00000000c7d00000, 0x00000000c7d1a420, 0x00000000c7e00000| 10%| E|  |TAMS 0x00000000c7d00000, 0x00000000c7d00000| Complete 

Card table byte_map: [0x0000018797860000,0x0000018797a60000] _byte_map_base: 0x0000018797260000

Marking Bits (Prev, Next): (CMBitMap*) 0x0000018791bf8770, (CMBitMap*) 0x0000018791bf87b0
 Prev Bits: [0x0000018797c60000, 0x0000018798c60000)
 Next Bits: [0x0000018798c60000, 0x0000018799c60000)

Polling page: 0x000001878fa00000

Metaspace:

Usage:
  Non-class:     52.62 MB used.
      Class:      7.57 MB used.
       Both:     60.19 MB used.

Virtual space:
  Non-class space:       64.00 MB reserved,      53.06 MB ( 83%) committed,  1 nodes.
      Class space:        1.00 GB reserved,       7.88 MB ( <1%) committed,  1 nodes.
             Both:        1.06 GB reserved,      60.94 MB (  6%) committed. 

Chunk freelists:
   Non-Class:  10.25 MB
       Class:  8.23 MB
        Both:  18.48 MB

MaxMetaspaceSize: unlimited
CompressedClassSpaceSize: 1.00 GB
Initial GC threshold: 21.00 MB
Current GC threshold: 101.56 MB
CDS: off
MetaspaceReclaimPolicy: balanced
 - commit_granule_bytes: 65536.
 - commit_granule_words: 8192.
 - virtual_space_node_default_size: 8388608.
 - enlarge_chunks_in_place: 1.
 - new_chunks_are_fully_committed: 0.
 - uncommit_free_chunks: 1.
 - use_allocation_guard: 0.
 - handle_deallocations: 1.


Internal statistics:

num_allocs_failed_limit: 6.
num_arena_births: 674.
num_arena_deaths: 242.
num_vsnodes_births: 2.
num_vsnodes_deaths: 0.
num_space_committed: 974.
num_space_uncommitted: 0.
num_chunks_returned_to_freelist: 278.
num_chunks_taken_from_freelist: 2640.
num_chunk_merges: 93.
num_chunk_splits: 1832.
num_chunks_enlarged: 1369.
num_inconsistent_stats: 0.

CodeCache: size=49152Kb used=13174Kb max_used=13558Kb free=35978Kb
 bounds [0x0000018794860000, 0x00000187955e0000, 0x0000018797860000]
 total_blobs=7683 nmethods=7023 adapters=588
 compilation: enabled
              stopped_count=0, restarted_count=0
 full_count=0

Compilation events (20 events):
Event: 690.513 Thread 0x000001879c162a40 7033       1       java.lang.invoke.LambdaForm$MH/0x00000001000cec00::invoke (148 bytes)
Event: 690.514 Thread 0x000001879c162a40 nmethod 7033 0x0000018794fa1610 code [0x0000018794fa1840, 0x0000018794fa1c48]
Event: 743.151 Thread 0x000001879c162a40 7034       1       java.util.concurrent.locks.AbstractQueuedSynchronizer::acquire (20 bytes)
Event: 743.152 Thread 0x000001879c162a40 nmethod 7034 0x0000018794fa1210 code [0x0000018794fa13c0, 0x0000018794fa1518]
Event: 755.512 Thread 0x000001879c162a40 7035   !   1       java.util.concurrent.ThreadPoolExecutor::getTask (177 bytes)
Event: 755.515 Thread 0x000001879c162a40 nmethod 7035 0x0000018794fa0910 code [0x0000018794fa0b00, 0x0000018794fa0fb8]
Event: 773.213 Thread 0x000001879c162a40 7036       1       java.util.concurrent.ThreadPoolExecutor$Worker::tryAcquire (20 bytes)
Event: 773.214 Thread 0x000001879c162a40 nmethod 7036 0x0000018794fa0590 code [0x0000018794fa0720, 0x0000018794fa0898]
Event: 787.426 Thread 0x000001879c162a40 7037  s!   1       java.io.FileDescriptor::closeAll (163 bytes)
Event: 787.530 Thread 0x000001879c162a40 nmethod 7037 0x0000018794f9f890 code [0x0000018794f9fac0, 0x0000018794fa0108]
Event: 803.152 Thread 0x000001879c162a40 7038       1       java.util.concurrent.ThreadPoolExecutor$Worker::lock (6 bytes)
Event: 803.153 Thread 0x000001879c162a40 nmethod 7038 0x0000018794f9f490 code [0x0000018794f9f620, 0x0000018794f9f7e8]
Event: 803.153 Thread 0x000001879c162a40 7039       1       java.util.concurrent.ThreadPoolExecutor::beforeExecute (1 bytes)
Event: 803.153 Thread 0x000001879c162a40 nmethod 7039 0x0000018794f9f190 code [0x0000018794f9f320, 0x0000018794f9f3d8]
Event: 809.361 Thread 0x000001879c162a40 7040       1       java.util.concurrent.ThreadPoolExecutor::afterExecute (1 bytes)
Event: 809.361 Thread 0x000001879c162a40 nmethod 7040 0x0000018794f9ee90 code [0x0000018794f9f020, 0x0000018794f9f0d8]
Event: 851.825 Thread 0x000001879c162a40 7041       1       java.util.concurrent.locks.AbstractQueuedSynchronizer$ConditionObject::signal (34 bytes)
Event: 851.826 Thread 0x000001879c162a40 nmethod 7041 0x0000018794f9ea10 code [0x0000018794f9ebc0, 0x0000018794f9ed88]
Event: 884.210 Thread 0x000001879c162a40 7042       1       java.util.concurrent.locks.AbstractQueuedSynchronizer$Node::<init> (5 bytes)
Event: 884.211 Thread 0x000001879c162a40 nmethod 7042 0x0000018794f9e710 code [0x0000018794f9e8a0, 0x0000018794f9e958]

GC Heap History (20 events):
Event: 798.667 GC heap after
{Heap after GC invocations=80 (full 51):
 garbage-first heap   total 129024K, used 38566K [0x00000000c0000000, 0x0000000100000000)
  region size 1024K, 0 young (0K), 0 survivors (0K)
 Metaspace       used 61633K, committed 62400K, reserved 1114112K
  class space    used 7751K, committed 8064K, reserved 1048576K
}
Event: 809.218 GC heap before
{Heap before GC invocations=80 (full 51):
 garbage-first heap   total 129024K, used 38566K [0x00000000c0000000, 0x0000000100000000)
  region size 1024K, 1 young (1024K), 0 survivors (0K)
 Metaspace       used 61633K, committed 62400K, reserved 1114112K
  class space    used 7751K, committed 8064K, reserved 1048576K
}
Event: 809.360 GC heap after
{Heap after GC invocations=81 (full 52):
 garbage-first heap   total 129024K, used 38566K [0x00000000c0000000, 0x0000000100000000)
  region size 1024K, 0 young (0K), 0 survivors (0K)
 Metaspace       used 61633K, committed 62400K, reserved 1114112K
  class space    used 7751K, committed 8064K, reserved 1048576K
}
Event: 819.785 GC heap before
{Heap before GC invocations=81 (full 52):
 garbage-first heap   total 129024K, used 38566K [0x00000000c0000000, 0x0000000100000000)
  region size 1024K, 1 young (1024K), 0 survivors (0K)
 Metaspace       used 61633K, committed 62400K, reserved 1114112K
  class space    used 7751K, committed 8064K, reserved 1048576K
}
Event: 819.850 GC heap after
{Heap after GC invocations=82 (full 53):
 garbage-first heap   total 129024K, used 38566K [0x00000000c0000000, 0x0000000100000000)
  region size 1024K, 0 young (0K), 0 survivors (0K)
 Metaspace       used 61633K, committed 62400K, reserved 1114112K
  class space    used 7751K, committed 8064K, reserved 1048576K
}
Event: 830.454 GC heap before
{Heap before GC invocations=82 (full 53):
 garbage-first heap   total 129024K, used 38566K [0x00000000c0000000, 0x0000000100000000)
  region size 1024K, 1 young (1024K), 0 survivors (0K)
 Metaspace       used 61633K, committed 62400K, reserved 1114112K
  class space    used 7751K, committed 8064K, reserved 1048576K
}
Event: 830.579 GC heap after
{Heap after GC invocations=83 (full 54):
 garbage-first heap   total 129024K, used 38566K [0x00000000c0000000, 0x0000000100000000)
  region size 1024K, 0 young (0K), 0 survivors (0K)
 Metaspace       used 61633K, committed 62400K, reserved 1114112K
  class space    used 7751K, committed 8064K, reserved 1048576K
}
Event: 841.147 GC heap before
{Heap before GC invocations=83 (full 54):
 garbage-first heap   total 129024K, used 38566K [0x00000000c0000000, 0x0000000100000000)
  region size 1024K, 1 young (1024K), 0 survivors (0K)
 Metaspace       used 61633K, committed 62400K, reserved 1114112K
  class space    used 7751K, committed 8064K, reserved 1048576K
}
Event: 841.242 GC heap after
{Heap after GC invocations=84 (full 55):
 garbage-first heap   total 129024K, used 38566K [0x00000000c0000000, 0x0000000100000000)
  region size 1024K, 0 young (0K), 0 survivors (0K)
 Metaspace       used 61633K, committed 62400K, reserved 1114112K
  class space    used 7751K, committed 8064K, reserved 1048576K
}
Event: 851.700 GC heap before
{Heap before GC invocations=84 (full 55):
 garbage-first heap   total 129024K, used 38566K [0x00000000c0000000, 0x0000000100000000)
  region size 1024K, 1 young (1024K), 0 survivors (0K)
 Metaspace       used 61633K, committed 62400K, reserved 1114112K
  class space    used 7751K, committed 8064K, reserved 1048576K
}
Event: 851.824 GC heap after
{Heap after GC invocations=85 (full 56):
 garbage-first heap   total 129024K, used 38566K [0x00000000c0000000, 0x0000000100000000)
  region size 1024K, 0 young (0K), 0 survivors (0K)
 Metaspace       used 61633K, committed 62400K, reserved 1114112K
  class space    used 7751K, committed 8064K, reserved 1048576K
}
Event: 862.357 GC heap before
{Heap before GC invocations=85 (full 56):
 garbage-first heap   total 129024K, used 38566K [0x00000000c0000000, 0x0000000100000000)
  region size 1024K, 1 young (1024K), 0 survivors (0K)
 Metaspace       used 61633K, committed 62400K, reserved 1114112K
  class space    used 7751K, committed 8064K, reserved 1048576K
}
Event: 862.484 GC heap after
{Heap after GC invocations=86 (full 57):
 garbage-first heap   total 129024K, used 38566K [0x00000000c0000000, 0x0000000100000000)
  region size 1024K, 0 young (0K), 0 survivors (0K)
 Metaspace       used 61633K, committed 62400K, reserved 1114112K
  class space    used 7751K, committed 8064K, reserved 1048576K
}
Event: 873.545 GC heap before
{Heap before GC invocations=86 (full 57):
 garbage-first heap   total 129024K, used 38566K [0x00000000c0000000, 0x0000000100000000)
  region size 1024K, 1 young (1024K), 0 survivors (0K)
 Metaspace       used 61633K, committed 62400K, reserved 1114112K
  class space    used 7751K, committed 8064K, reserved 1048576K
}
Event: 873.621 GC heap after
{Heap after GC invocations=87 (full 58):
 garbage-first heap   total 129024K, used 38566K [0x00000000c0000000, 0x0000000100000000)
  region size 1024K, 0 young (0K), 0 survivors (0K)
 Metaspace       used 61633K, committed 62400K, reserved 1114112K
  class space    used 7751K, committed 8064K, reserved 1048576K
}
Event: 884.091 GC heap before
{Heap before GC invocations=87 (full 58):
 garbage-first heap   total 129024K, used 38566K [0x00000000c0000000, 0x0000000100000000)
  region size 1024K, 1 young (1024K), 0 survivors (0K)
 Metaspace       used 61633K, committed 62400K, reserved 1114112K
  class space    used 7751K, committed 8064K, reserved 1048576K
}
Event: 884.210 GC heap after
{Heap after GC invocations=88 (full 59):
 garbage-first heap   total 129024K, used 38566K [0x00000000c0000000, 0x0000000100000000)
  region size 1024K, 0 young (0K), 0 survivors (0K)
 Metaspace       used 61633K, committed 62400K, reserved 1114112K
  class space    used 7751K, committed 8064K, reserved 1048576K
}
Event: 896.394 GC heap before
{Heap before GC invocations=88 (full 59):
 garbage-first heap   total 129024K, used 38566K [0x00000000c0000000, 0x0000000100000000)
  region size 1024K, 1 young (1024K), 0 survivors (0K)
 Metaspace       used 61633K, committed 62400K, reserved 1114112K
  class space    used 7751K, committed 8064K, reserved 1048576K
}
Event: 896.486 GC heap after
{Heap after GC invocations=89 (full 60):
 garbage-first heap   total 129024K, used 38566K [0x00000000c0000000, 0x0000000100000000)
  region size 1024K, 0 young (0K), 0 survivors (0K)
 Metaspace       used 61633K, committed 62400K, reserved 1114112K
  class space    used 7751K, committed 8064K, reserved 1048576K
}
Event: 907.013 GC heap before
{Heap before GC invocations=89 (full 60):
 garbage-first heap   total 129024K, used 38566K [0x00000000c0000000, 0x0000000100000000)
  region size 1024K, 1 young (1024K), 0 survivors (0K)
 Metaspace       used 61633K, committed 62400K, reserved 1114112K
  class space    used 7751K, committed 8064K, reserved 1048576K
}

Dll operation events (10 events):
Event: 0.069 Loaded shared library c:\Users\user\.vscode\extensions\redhat.java-1.35.0-win32-x64\jre\17.0.12-win32-x86_64\bin\java.dll
Event: 0.794 Loaded shared library C:\Users\user\.vscode\extensions\redhat.java-1.35.0-win32-x64\jre\17.0.12-win32-x86_64\bin\net.dll
Event: 0.798 Loaded shared library C:\Users\user\.vscode\extensions\redhat.java-1.35.0-win32-x64\jre\17.0.12-win32-x86_64\bin\nio.dll
Event: 0.853 Loaded shared library C:\Users\user\.vscode\extensions\redhat.java-1.35.0-win32-x64\jre\17.0.12-win32-x86_64\bin\zip.dll
Event: 2.348 Loaded shared library C:\Users\user\.vscode\extensions\redhat.java-1.35.0-win32-x64\jre\17.0.12-win32-x86_64\bin\jimage.dll
Event: 13.122 Loaded shared library c:\Users\user\.vscode\extensions\redhat.java-1.35.0-win32-x64\jre\17.0.12-win32-x86_64\bin\verify.dll
Event: 33.530 Loaded shared library C:\Users\user\.vscode\extensions\redhat.java-1.35.0-win32-x64\jre\17.0.12-win32-x86_64\bin\management.dll
Event: 33.548 Loaded shared library C:\Users\user\.vscode\extensions\redhat.java-1.35.0-win32-x64\jre\17.0.12-win32-x86_64\bin\management_ext.dll
Event: 44.183 Loaded shared library C:\Users\user\.vscode\extensions\redhat.java-1.35.0-win32-x64\jre\17.0.12-win32-x86_64\bin\sunmscapi.dll
Event: 46.088 Loaded shared library C:\Users\user\.vscode\extensions\redhat.java-1.35.0-win32-x64\jre\17.0.12-win32-x86_64\bin\extnet.dll

Deoptimization events (20 events):
Event: 38.621 Thread 0x00000187a14c2aa0 DEOPT PACKING pc=0x0000018794d86197 sp=0x00000029054ff240
Event: 38.622 Thread 0x00000187a14c2aa0 DEOPT UNPACKING pc=0x00000187948b7124 sp=0x00000029054fe698 mode 3
Event: 44.534 Thread 0x000001879ccebfe0 DEOPT PACKING pc=0x0000018794be618c sp=0x00000029061facd0
Event: 44.535 Thread 0x000001879ccebfe0 DEOPT UNPACKING pc=0x00000187948b7124 sp=0x00000029061fa198 mode 0
Event: 50.660 Thread 0x000001879ccf01b0 DEOPT PACKING pc=0x000001879520966c sp=0x0000002905afec10
Event: 50.660 Thread 0x000001879ccf01b0 DEOPT UNPACKING pc=0x00000187948b7124 sp=0x0000002905afe0e8 mode 0
Event: 51.119 Thread 0x000001879ccf01b0 DEOPT PACKING pc=0x0000018795218f74 sp=0x0000002905afec00
Event: 51.119 Thread 0x000001879ccf01b0 DEOPT UNPACKING pc=0x00000187948b7124 sp=0x0000002905afe138 mode 0
Event: 56.915 Thread 0x000001879ccf01b0 DEOPT PACKING pc=0x0000018794d60752 sp=0x0000002905afe260
Event: 56.915 Thread 0x000001879ccf01b0 DEOPT UNPACKING pc=0x00000187948b7124 sp=0x0000002905afd768 mode 3
Event: 56.919 Thread 0x000001879ccf01b0 DEOPT PACKING pc=0x0000018794d4e645 sp=0x0000002905afe220
Event: 56.919 Thread 0x000001879ccf01b0 DEOPT UNPACKING pc=0x00000187948b7124 sp=0x0000002905afd768 mode 3
Event: 63.184 Thread 0x000001879ccf01b0 DEOPT PACKING pc=0x000001879539c10c sp=0x0000002905afe7d0
Event: 63.184 Thread 0x000001879ccf01b0 DEOPT UNPACKING pc=0x00000187948b7124 sp=0x0000002905afdd50 mode 0
Event: 63.184 Thread 0x000001879ccf01b0 DEOPT PACKING pc=0x000001879539c10c sp=0x0000002905afea30
Event: 63.184 Thread 0x000001879ccf01b0 DEOPT UNPACKING pc=0x00000187948b7124 sp=0x0000002905afdfb0 mode 0
Event: 63.313 Thread 0x000001879ccf01b0 DEOPT PACKING pc=0x000001879539c10c sp=0x0000002905afeeb0
Event: 63.313 Thread 0x000001879ccf01b0 DEOPT UNPACKING pc=0x00000187948b7124 sp=0x0000002905afe430 mode 0
Event: 265.007 Thread 0x00000187a14c2590 DEOPT PACKING pc=0x000001879519f654 sp=0x00000029052feff0
Event: 265.007 Thread 0x00000187a14c2590 DEOPT UNPACKING pc=0x00000187948b7124 sp=0x00000029052fe498 mode 0

Classes loaded (20 events):
Event: 63.318 Loading class java/io/FileOutputStream$1
Event: 63.318 Loading class java/io/FileOutputStream$1 done
Event: 73.148 Loading class java/util/concurrent/CompletableFuture$DelayedExecutor
Event: 73.148 Loading class java/util/concurrent/CompletableFuture$DelayedExecutor done
Event: 73.148 Loading class java/util/concurrent/CompletableFuture$TaskSubmitter
Event: 73.148 Loading class java/util/concurrent/CompletableFuture$TaskSubmitter done
Event: 73.148 Loading class java/util/concurrent/CompletableFuture$Delayer
Event: 73.148 Loading class java/util/concurrent/CompletableFuture$Delayer done
Event: 73.148 Loading class java/util/concurrent/CompletableFuture$Delayer$DaemonThreadFactory
Event: 73.149 Loading class java/util/concurrent/CompletableFuture$Delayer$DaemonThreadFactory done
Event: 164.309 Loading class java/lang/ProcessBuilder
Event: 164.312 Loading class java/lang/ProcessBuilder done
Event: 164.312 Loading class java/lang/ProcessImpl
Event: 164.314 Loading class java/lang/ProcessImpl done
Event: 164.359 Loading class java/lang/ProcessImpl$2
Event: 164.360 Loading class java/lang/ProcessImpl$2 done
Event: 164.360 Loading class java/lang/Process$PipeInputStream
Event: 164.360 Loading class java/lang/Process$PipeInputStream done
Event: 164.364 Loading class jdk/internal/event/ProcessStartEvent
Event: 164.364 Loading class jdk/internal/event/ProcessStartEvent done

Classes unloaded (20 events):
Event: 176.200 Thread 0x000001879c107470 Unloading class 0x0000000100210000 'java/lang/invoke/LambdaForm$MH+0x0000000100210000'
Event: 176.200 Thread 0x000001879c107470 Unloading class 0x00000001000d6000 'java/lang/invoke/LambdaForm$MH+0x00000001000d6000'
Event: 176.200 Thread 0x000001879c107470 Unloading class 0x00000001000d5c00 'java/lang/invoke/LambdaForm$MH+0x00000001000d5c00'
Event: 176.200 Thread 0x000001879c107470 Unloading class 0x00000001000d5800 'java/lang/invoke/LambdaForm$MH+0x00000001000d5800'
Event: 176.200 Thread 0x000001879c107470 Unloading class 0x00000001000d5400 'java/lang/invoke/LambdaForm$MH+0x00000001000d5400'
Event: 176.200 Thread 0x000001879c107470 Unloading class 0x00000001000d5000 'java/lang/invoke/LambdaForm$MH+0x00000001000d5000'
Event: 176.200 Thread 0x000001879c107470 Unloading class 0x00000001000d4c00 'java/lang/invoke/LambdaForm$MH+0x00000001000d4c00'
Event: 176.200 Thread 0x000001879c107470 Unloading class 0x00000001000d4800 'java/lang/invoke/LambdaForm$MH+0x00000001000d4800'
Event: 176.200 Thread 0x000001879c107470 Unloading class 0x00000001000d4400 'java/lang/invoke/LambdaForm$MH+0x00000001000d4400'
Event: 176.200 Thread 0x000001879c107470 Unloading class 0x00000001000ce800 'java/lang/invoke/LambdaForm$MH+0x00000001000ce800'
Event: 176.200 Thread 0x000001879c107470 Unloading class 0x00000001000ce400 'java/lang/invoke/LambdaForm$MH+0x00000001000ce400'
Event: 176.200 Thread 0x000001879c107470 Unloading class 0x00000001000ce000 'java/lang/invoke/LambdaForm$MH+0x00000001000ce000'
Event: 176.200 Thread 0x000001879c107470 Unloading class 0x00000001000cdc00 'java/lang/invoke/LambdaForm$MH+0x00000001000cdc00'
Event: 176.200 Thread 0x000001879c107470 Unloading class 0x00000001000cd800 'java/lang/invoke/LambdaForm$MH+0x00000001000cd800'
Event: 176.200 Thread 0x000001879c107470 Unloading class 0x00000001000cd400 'java/lang/invoke/LambdaForm$MH+0x00000001000cd400'
Event: 176.200 Thread 0x000001879c107470 Unloading class 0x00000001000ccc00 'java/lang/invoke/LambdaForm$MH+0x00000001000ccc00'
Event: 176.200 Thread 0x000001879c107470 Unloading class 0x00000001000cc800 'java/lang/invoke/LambdaForm$MH+0x00000001000cc800'
Event: 176.201 Thread 0x000001879c107470 Unloading class 0x00000001000cc000 'java/lang/invoke/LambdaForm$MH+0x00000001000cc000'
Event: 176.201 Thread 0x000001879c107470 Unloading class 0x00000001000cbc00 'java/lang/invoke/LambdaForm$MH+0x00000001000cbc00'
Event: 176.201 Thread 0x000001879c107470 Unloading class 0x00000001000c8400 'java/lang/invoke/LambdaForm$MH+0x00000001000c8400'

Classes redefined (0 events):
No events

Internal exceptions (20 events):
Event: 47.638 Thread 0x000001879ccea690 Exception <a 'java/lang/NoSuchMethodError'{0x00000000c3985328}: 'int java.lang.invoke.DirectMethodHandle$Holder.invokeStatic(java.lang.Object, int, java.lang.Object)'> (0x00000000c3985328) 
thrown [s\src\hotspot\share\interpreter\linkResolver.cpp, line 759]
Event: 48.168 Thread 0x000001879ccef790 Exception <a 'java/lang/NoSuchMethodError'{0x00000000c474bb28}: 'void java.lang.invoke.DirectMethodHandle$Holder.invokeInterface(java.lang.Object, java.lang.Object)'> (0x00000000c474bb28) 
thrown [s\src\hotspot\share\interpreter\linkResolver.cpp, line 759]
Event: 49.626 Thread 0x000001879ccf01b0 Exception <a 'java/lang/IncompatibleClassChangeError'{0x00000000c46e3db0}: Found class java.lang.Object, but interface was expected> (0x00000000c46e3db0) 
thrown [s\src\hotspot\share\interpreter\linkResolver.cpp, line 826]
Event: 54.343 Thread 0x000001879ccebad0 Exception <a 'java/lang/NoSuchMethodError'{0x00000000c5422ba8}: 'java.lang.Object java.lang.invoke.DirectMethodHandle$Holder.newInvokeSpecial(java.lang.Object, java.lang.Object, int, java.lang.Object)'> (0x00000000c5422ba8) 
thrown [s\src\hotspot\share\interpreter\linkResolver.cpp, line 759]
Event: 54.344 Thread 0x000001879ccebad0 Exception <a 'java/lang/NoSuchMethodError'{0x00000000c5426770}: 'java.lang.Object java.lang.invoke.Invokers$Holder.linkToTargetMethod(java.lang.Object, int, java.lang.Object, java.lang.Object)'> (0x00000000c5426770) 
thrown [s\src\hotspot\share\interpreter\linkResolver.cpp, line 759]
Event: 54.393 Thread 0x000001879ccebad0 Exception <a 'java/lang/NoSuchMethodError'{0x00000000c542a140}: 'void java.lang.invoke.DirectMethodHandle$Holder.invokeStatic(java.lang.Object, int, java.lang.Object)'> (0x00000000c542a140) 
thrown [s\src\hotspot\share\interpreter\linkResolver.cpp, line 759]
Event: 63.882 Thread 0x000001879ccf01b0 Exception <a 'sun/nio/fs/WindowsException'{0x00000000c4d74bf0}> (0x00000000c4d74bf0) 
thrown [s\src\hotspot\share\prims\jni.cpp, line 516]
Event: 63.883 Thread 0x000001879ccf01b0 Exception <a 'sun/nio/fs/WindowsException'{0x00000000c4d75618}> (0x00000000c4d75618) 
thrown [s\src\hotspot\share\prims\jni.cpp, line 516]
Event: 63.883 Thread 0x000001879ccf01b0 Exception <a 'sun/nio/fs/WindowsException'{0x00000000c4d75ff8}> (0x00000000c4d75ff8) 
thrown [s\src\hotspot\share\prims\jni.cpp, line 516]
Event: 63.883 Thread 0x000001879ccf01b0 Exception <a 'sun/nio/fs/WindowsException'{0x00000000c4d76a20}> (0x00000000c4d76a20) 
thrown [s\src\hotspot\share\prims\jni.cpp, line 516]
Event: 63.883 Thread 0x000001879ccf01b0 Exception <a 'sun/nio/fs/WindowsException'{0x00000000c4d77518}> (0x00000000c4d77518) 
thrown [s\src\hotspot\share\prims\jni.cpp, line 516]
Event: 63.884 Thread 0x000001879ccf01b0 Exception <a 'sun/nio/fs/WindowsException'{0x00000000c4d78078}> (0x00000000c4d78078) 
thrown [s\src\hotspot\share\prims\jni.cpp, line 516]
Event: 63.886 Thread 0x000001879ccf01b0 Exception <a 'sun/nio/fs/WindowsException'{0x00000000c4d7f420}> (0x00000000c4d7f420) 
thrown [s\src\hotspot\share\prims\jni.cpp, line 516]
Event: 63.887 Thread 0x000001879ccf01b0 Exception <a 'sun/nio/fs/WindowsException'{0x00000000c4d7fe48}> (0x00000000c4d7fe48) 
thrown [s\src\hotspot\share\prims\jni.cpp, line 516]
Event: 63.887 Thread 0x000001879ccf01b0 Exception <a 'sun/nio/fs/WindowsException'{0x00000000c4d80828}> (0x00000000c4d80828) 
thrown [s\src\hotspot\share\prims\jni.cpp, line 516]
Event: 63.887 Thread 0x000001879ccf01b0 Exception <a 'sun/nio/fs/WindowsException'{0x00000000c4d81250}> (0x00000000c4d81250) 
thrown [s\src\hotspot\share\prims\jni.cpp, line 516]
Event: 63.887 Thread 0x000001879ccf01b0 Exception <a 'sun/nio/fs/WindowsException'{0x00000000c4d81d48}> (0x00000000c4d81d48) 
thrown [s\src\hotspot\share\prims\jni.cpp, line 516]
Event: 63.887 Thread 0x000001879ccf01b0 Exception <a 'sun/nio/fs/WindowsException'{0x00000000c4d828a8}> (0x00000000c4d828a8) 
thrown [s\src\hotspot\share\prims\jni.cpp, line 516]
Event: 164.357 Thread 0x00000187a1cc0050 Exception <a 'java/lang/NoSuchMethodError'{0x00000000c7d74460}: 'void java.lang.invoke.DirectMethodHandle$Holder.invokeStatic(java.lang.Object, long)'> (0x00000000c7d74460) 
thrown [s\src\hotspot\share\interpreter\linkResolver.cpp, line 759]
Event: 164.358 Thread 0x00000187a1cc0050 Exception <a 'java/lang/NoSuchMethodError'{0x00000000c7d79810}: 'java.lang.Object java.lang.invoke.DirectMethodHandle$Holder.newInvokeSpecial(java.lang.Object, long)'> (0x00000000c7d79810) 
thrown [s\src\hotspot\share\interpreter\linkResolver.cpp, line 759]

VM Operations (20 events):
Event: 798.667 Executing VM operation: G1CollectFull done
Event: 809.218 Executing VM operation: G1CollectFull
Event: 809.360 Executing VM operation: G1CollectFull done
Event: 819.784 Executing VM operation: G1CollectFull
Event: 819.850 Executing VM operation: G1CollectFull done
Event: 830.454 Executing VM operation: G1CollectFull
Event: 830.579 Executing VM operation: G1CollectFull done
Event: 841.147 Executing VM operation: G1CollectFull
Event: 841.243 Executing VM operation: G1CollectFull done
Event: 851.700 Executing VM operation: G1CollectFull
Event: 851.824 Executing VM operation: G1CollectFull done
Event: 862.357 Executing VM operation: G1CollectFull
Event: 862.484 Executing VM operation: G1CollectFull done
Event: 873.545 Executing VM operation: G1CollectFull
Event: 873.621 Executing VM operation: G1CollectFull done
Event: 884.091 Executing VM operation: G1CollectFull
Event: 884.210 Executing VM operation: G1CollectFull done
Event: 896.394 Executing VM operation: G1CollectFull
Event: 896.487 Executing VM operation: G1CollectFull done
Event: 907.012 Executing VM operation: G1CollectFull

Events (20 events):
Event: 56.835 Thread 0x000001879cced930 Thread exited: 0x000001879cced930
Event: 56.835 Thread 0x000001879ccec4f0 Thread exited: 0x000001879ccec4f0
Event: 57.944 Thread 0x00000187a266b020 Thread exited: 0x00000187a266b020
Event: 62.688 Thread 0x00000187a14975f0 Thread exited: 0x00000187a14975f0
Event: 63.054 Thread 0x00000187a2f67d60 Thread added: 0x00000187a2f67d60
Event: 65.233 Thread 0x00000187a2f67d60 Thread exited: 0x00000187a2f67d60
Event: 73.152 Thread 0x000001879ccec4f0 Thread added: 0x000001879ccec4f0
Event: 73.863 Thread 0x000001879ccebfe0 Thread exited: 0x000001879ccebfe0
Event: 101.719 Thread 0x000001879ccf06c0 Thread exited: 0x000001879ccf06c0
Event: 112.929 Thread 0x000001879ccefca0 Thread exited: 0x000001879ccefca0
Event: 112.972 Thread 0x000001879ccf1b00 Thread exited: 0x000001879ccf1b00
Event: 112.972 Thread 0x000001879cceb0b0 Thread exited: 0x000001879cceb0b0
Event: 115.176 Thread 0x000001879ccebad0 Thread exited: 0x000001879ccebad0
Event: 119.857 Thread 0x000001879cced420 Thread added: 0x000001879cced420
Event: 120.148 Thread 0x000001879ccef280 Thread added: 0x000001879ccef280
Event: 145.173 Thread 0x00000187a160fee0 Thread exited: 0x00000187a160fee0
Event: 180.929 Thread 0x000001879ccef280 Thread exited: 0x000001879ccef280
Event: 180.929 Thread 0x000001879cced420 Thread exited: 0x000001879cced420
Event: 205.178 Thread 0x00000187a1813040 Thread exited: 0x00000187a1813040
Event: 265.206 Thread 0x00000187a186e4a0 Thread exited: 0x00000187a186e4a0


Dynamic libraries:
0x00007ff6897c0000 - 0x00007ff6897ce000 	c:\Users\user\.vscode\extensions\redhat.java-1.35.0-win32-x64\jre\17.0.12-win32-x86_64\bin\java.exe
0x00007ffd07050000 - 0x00007ffd07248000 	C:\WINDOWS\SYSTEM32\ntdll.dll
0x00007ffd066a0000 - 0x00007ffd06761000 	C:\WINDOWS\System32\KERNEL32.DLL
0x00007ffd049b0000 - 0x00007ffd04cad000 	C:\WINDOWS\System32\KERNELBASE.dll
0x00007ffd04db0000 - 0x00007ffd04eb0000 	C:\WINDOWS\System32\ucrtbase.dll
0x00007ffcff610000 - 0x00007ffcff627000 	c:\Users\user\.vscode\extensions\redhat.java-1.35.0-win32-x64\jre\17.0.12-win32-x86_64\bin\jli.dll
0x00007ffd061b0000 - 0x00007ffd0634d000 	C:\WINDOWS\System32\USER32.dll
0x00007ffd04700000 - 0x00007ffd04722000 	C:\WINDOWS\System32\win32u.dll
0x00007ffd06430000 - 0x00007ffd0645b000 	C:\WINDOWS\System32\GDI32.dll
0x00007ffd04890000 - 0x00007ffd049a7000 	C:\WINDOWS\System32\gdi32full.dll
0x00007ffd04f40000 - 0x00007ffd04fdd000 	C:\WINDOWS\System32\msvcp_win.dll
0x00007ffcff4c0000 - 0x00007ffcff4db000 	c:\Users\user\.vscode\extensions\redhat.java-1.35.0-win32-x64\jre\17.0.12-win32-x86_64\bin\VCRUNTIME140.dll
0x00007ffcf5640000 - 0x00007ffcf58da000 	C:\WINDOWS\WinSxS\amd64_microsoft.windows.common-controls_6595b64144ccf1df_6.0.19041.4355_none_60b8b9eb71f62e16\COMCTL32.dll
0x00007ffd06b00000 - 0x00007ffd06b9e000 	C:\WINDOWS\System32\msvcrt.dll
0x00007ffd06770000 - 0x00007ffd0679f000 	C:\WINDOWS\System32\IMM32.DLL
0x00007ffcff050000 - 0x00007ffcff05c000 	c:\Users\user\.vscode\extensions\redhat.java-1.35.0-win32-x64\jre\17.0.12-win32-x86_64\bin\vcruntime140_1.dll
0x00007ffcef410000 - 0x00007ffcef49d000 	c:\Users\user\.vscode\extensions\redhat.java-1.35.0-win32-x64\jre\17.0.12-win32-x86_64\bin\msvcp140.dll
0x00007ffcc4210000 - 0x00007ffcc4e7a000 	c:\Users\user\.vscode\extensions\redhat.java-1.35.0-win32-x64\jre\17.0.12-win32-x86_64\bin\server\jvm.dll
0x00007ffd05a80000 - 0x00007ffd05b30000 	C:\WINDOWS\System32\ADVAPI32.dll
0x00007ffd05f40000 - 0x00007ffd05fe0000 	C:\WINDOWS\System32\sechost.dll
0x00007ffd064e0000 - 0x00007ffd06603000 	C:\WINDOWS\System32\RPCRT4.dll
0x00007ffd05050000 - 0x00007ffd05077000 	C:\WINDOWS\System32\bcrypt.dll
0x00007ffd05a10000 - 0x00007ffd05a7b000 	C:\WINDOWS\System32\WS2_32.dll
0x00007ffd03c00000 - 0x00007ffd03c4b000 	C:\WINDOWS\SYSTEM32\POWRPROF.dll
0x00007ffcf7120000 - 0x00007ffcf7147000 	C:\WINDOWS\SYSTEM32\WINMM.dll
0x00007ffcf4920000 - 0x00007ffcf492a000 	C:\WINDOWS\SYSTEM32\VERSION.dll
0x00007ffd03ac0000 - 0x00007ffd03ad2000 	C:\WINDOWS\SYSTEM32\UMPDC.dll
0x00007ffd02540000 - 0x00007ffd02552000 	C:\WINDOWS\SYSTEM32\kernel.appcore.dll
0x00007ffcfeaa0000 - 0x00007ffcfeaaa000 	c:\Users\user\.vscode\extensions\redhat.java-1.35.0-win32-x64\jre\17.0.12-win32-x86_64\bin\jimage.dll
0x00007ffcec670000 - 0x00007ffcec854000 	C:\WINDOWS\SYSTEM32\DBGHELP.DLL
0x00007ffcec630000 - 0x00007ffcec664000 	C:\WINDOWS\SYSTEM32\dbgcore.DLL
0x00007ffd04eb0000 - 0x00007ffd04f32000 	C:\WINDOWS\System32\bcryptPrimitives.dll
0x00007ffcfea60000 - 0x00007ffcfea85000 	c:\Users\user\.vscode\extensions\redhat.java-1.35.0-win32-x64\jre\17.0.12-win32-x86_64\bin\java.dll
0x00007ffcfea40000 - 0x00007ffcfea58000 	c:\Users\user\.vscode\extensions\redhat.java-1.35.0-win32-x64\jre\17.0.12-win32-x86_64\bin\zip.dll
0x00007ffd050f0000 - 0x00007ffd0585f000 	C:\WINDOWS\System32\SHELL32.dll
0x00007ffd02740000 - 0x00007ffd02ee3000 	C:\WINDOWS\SYSTEM32\windows.storage.dll
0x00007ffd05b30000 - 0x00007ffd05e83000 	C:\WINDOWS\System32\combase.dll
0x00007ffd04050000 - 0x00007ffd0407e000 	C:\WINDOWS\SYSTEM32\Wldp.dll
0x00007ffd060e0000 - 0x00007ffd061ad000 	C:\WINDOWS\System32\OLEAUT32.dll
0x00007ffd05e90000 - 0x00007ffd05f3d000 	C:\WINDOWS\System32\SHCORE.dll
0x00007ffd05090000 - 0x00007ffd050e5000 	C:\WINDOWS\System32\shlwapi.dll
0x00007ffd04630000 - 0x00007ffd04654000 	C:\WINDOWS\SYSTEM32\profapi.dll
0x00007ffcfe8a0000 - 0x00007ffcfe8b9000 	C:\Users\user\.vscode\extensions\redhat.java-1.35.0-win32-x64\jre\17.0.12-win32-x86_64\bin\net.dll
0x00007ffcfb5c0000 - 0x00007ffcfb6cd000 	C:\WINDOWS\SYSTEM32\WINHTTP.dll
0x00007ffd03e30000 - 0x00007ffd03e9a000 	C:\WINDOWS\system32\mswsock.dll
0x00007ffcf9050000 - 0x00007ffcf9066000 	C:\Users\user\.vscode\extensions\redhat.java-1.35.0-win32-x64\jre\17.0.12-win32-x86_64\bin\nio.dll
0x00007ffcfe9c0000 - 0x00007ffcfe9d0000 	c:\Users\user\.vscode\extensions\redhat.java-1.35.0-win32-x64\jre\17.0.12-win32-x86_64\bin\verify.dll
0x00007ffd04390000 - 0x00007ffd043a8000 	C:\WINDOWS\SYSTEM32\CRYPTSP.dll
0x00007ffd036a0000 - 0x00007ffd036d4000 	C:\WINDOWS\system32\rsaenh.dll
0x00007ffd045f0000 - 0x00007ffd0461e000 	C:\WINDOWS\SYSTEM32\USERENV.dll
0x00007ffd03fc0000 - 0x00007ffd03fcc000 	C:\WINDOWS\SYSTEM32\CRYPTBASE.dll
0x00007ffd03ae0000 - 0x00007ffd03b1b000 	C:\WINDOWS\SYSTEM32\IPHLPAPI.DLL
0x00007ffd05080000 - 0x00007ffd05088000 	C:\WINDOWS\System32\NSI.dll
0x00007ffcfc980000 - 0x00007ffcfc997000 	C:\WINDOWS\SYSTEM32\dhcpcsvc6.DLL
0x00007ffcfc960000 - 0x00007ffcfc97d000 	C:\WINDOWS\SYSTEM32\dhcpcsvc.DLL
0x00007ffd03b30000 - 0x00007ffd03bfa000 	C:\WINDOWS\SYSTEM32\DNSAPI.dll
0x00007ffcff080000 - 0x00007ffcff089000 	C:\Users\user\.vscode\extensions\redhat.java-1.35.0-win32-x64\jre\17.0.12-win32-x86_64\bin\management.dll
0x00007ffcff070000 - 0x00007ffcff07b000 	C:\Users\user\.vscode\extensions\redhat.java-1.35.0-win32-x64\jre\17.0.12-win32-x86_64\bin\management_ext.dll
0x00007ffd06070000 - 0x00007ffd06078000 	C:\WINDOWS\System32\PSAPI.DLL
0x00007ffcff090000 - 0x00007ffcff09e000 	C:\Users\user\.vscode\extensions\redhat.java-1.35.0-win32-x64\jre\17.0.12-win32-x86_64\bin\sunmscapi.dll
0x00007ffd04730000 - 0x00007ffd0488c000 	C:\WINDOWS\System32\CRYPT32.dll
0x00007ffd040c0000 - 0x00007ffd040e9000 	C:\WINDOWS\SYSTEM32\ncrypt.dll
0x00007ffd04080000 - 0x00007ffd040bb000 	C:\WINDOWS\SYSTEM32\NTASN1.dll
0x00007ffcfee00000 - 0x00007ffcfee07000 	C:\WINDOWS\system32\wshunix.dll
0x00007ffcfe750000 - 0x00007ffcfe759000 	C:\Users\user\.vscode\extensions\redhat.java-1.35.0-win32-x64\jre\17.0.12-win32-x86_64\bin\extnet.dll
0x00007ffcf5a60000 - 0x00007ffcf5a6a000 	C:\Windows\System32\rasadhlp.dll
0x00007ffcfb110000 - 0x00007ffcfb190000 	C:\WINDOWS\System32\fwpuclnt.dll

dbghelp: loaded successfully - version: 4.0.5 - missing functions: none
symbol engine: initialized successfully - sym options: 0x614 - pdb path: .;c:\Users\user\.vscode\extensions\redhat.java-1.35.0-win32-x64\jre\17.0.12-win32-x86_64\bin;C:\WINDOWS\SYSTEM32;C:\WINDOWS\WinSxS\amd64_microsoft.windows.common-controls_6595b64144ccf1df_6.0.19041.4355_none_60b8b9eb71f62e16;c:\Users\user\.vscode\extensions\redhat.java-1.35.0-win32-x64\jre\17.0.12-win32-x86_64\bin\server

VM Arguments:
jvm_args: -Xmx1024m -Dsts.lsp.client=vscode -Dsts.log.file=/dev/null -XX:TieredStopAtLevel=1 -Xlog:jni+resolve=off 
java_command: c:\Users\user\.vscode\extensions\vmware.vscode-spring-boot-1.57.0\language-server\spring-boot-language-server-1.57.0-SNAPSHOT-exec.jar
java_class_path (initial): c:\Users\user\.vscode\extensions\vmware.vscode-spring-boot-1.57.0\language-server\spring-boot-language-server-1.57.0-SNAPSHOT-exec.jar
Launcher Type: SUN_STANDARD

[Global flags]
     intx CICompilerCount                          = 3                                         {product} {ergonomic}
     uint ConcGCThreads                            = 1                                         {product} {ergonomic}
     uint G1ConcRefinementThreads                  = 4                                         {product} {ergonomic}
   size_t G1HeapRegionSize                         = 1048576                                   {product} {ergonomic}
    uintx GCDrainStackTargetSize                   = 64                                        {product} {ergonomic}
   size_t InitialHeapSize                          = 98566144                                  {product} {ergonomic}
   size_t MarkStackSize                            = 4194304                                   {product} {ergonomic}
   size_t MaxHeapSize                              = 1073741824                                {product} {command line}
   size_t MaxNewSize                               = 643825664                                 {product} {ergonomic}
   size_t MinHeapDeltaBytes                        = 1048576                                   {product} {ergonomic}
   size_t MinHeapSize                              = 8388608                                   {product} {ergonomic}
    uintx NonProfiledCodeHeapSize                  = 0                                      {pd product} {ergonomic}
     bool ProfileInterpreter                       = false                                  {pd product} {command line}
    uintx ProfiledCodeHeapSize                     = 0                                      {pd product} {ergonomic}
   size_t SoftMaxHeapSize                          = 1073741824                             {manageable} {ergonomic}
     intx TieredStopAtLevel                        = 1                                         {product} {command line}
     bool UseCompressedClassPointers               = true                           {product lp64_product} {ergonomic}
     bool UseCompressedOops                        = true                           {product lp64_product} {ergonomic}
     bool UseG1GC                                  = true                                      {product} {ergonomic}
     bool UseLargePagesIndividualAllocation        = false                                  {pd product} {ergonomic}

Logging:
Log output configuration:
 #0: stdout all=warning,jni+resolve=off uptime,level,tags
 #1: stderr all=off uptime,level,tags

Environment Variables:
JAVA_HOME=C:\Program Files\Java\jdk-21
PATH=C:\Program Files\Common Files\Oracle\Java\javapath;C:\WINDOWS\system32;C:\WINDOWS;C:\WINDOWS\System32\Wbem;C:\WINDOWS\System32\WindowsPowerShell\v1.0\;C:\WINDOWS\System32\OpenSSH\;C:\ProgramData\chocolatey\bin;C:\Program Files\Git\cmd;C:\Program Files\OpenSSL-Win64\bin;C:\Program Files\Docker\Docker\resources\bin;C:\Users\user\AppData\Roaming\nvm;C:\Program Files\nodejs;C:\Program Files\nodejs;C:\Program Files\nodejs;C:\Program Files\apache-maven-3.9.6\bin;C:\Program Files\Common Files\Oracle\Java\javapath;C:\WINDOWS\system32;C:\WINDOWS;C:\WINDOWS\System32\Wbem;C:\WINDOWS\System32\WindowsPowerShell\v1.0\;C:\WINDOWS\System32\OpenSSH\;C:\ProgramData\chocolatey\bin;C:\Program Files\Git\cmd;C:\Program Files\OpenSSL-Win64\bin;C:\Program Files\Docker\Docker\resources\bin;C:\Users\user\AppData\Roaming\nvm;C:\Program Files\nodejs;C:\Program Files\nodejs;C:\Program Files\nodejs;;C:\Users\user\AppData\Local\Programs\Microsoft VS Code\bin;C:\Users\user\AppData\Roaming\nvm;C:\Program Files\nodejs
USERNAME=user
OS=Windows_NT
PROCESSOR_IDENTIFIER=Intel64 Family 6 Model 37 Stepping 5, GenuineIntel
TMP=C:\Users\user\AppData\Local\Temp
TEMP=C:\Users\user\AppData\Local\Temp



Periodic native trim disabled


---------------  S Y S T E M  ---------------

OS:
 Windows 10 , 64 bit Build 19041 (10.0.19041.4842)
OS uptime: 0 days 1:32 hours
Hyper-V role detected

CPU: total 4 (initial active 4) (2 cores per cpu, 2 threads per core) family 6 model 37 stepping 5 microcode 0x7, cx8, cmov, fxsr, ht, mmx, sse, sse2, sse3, ssse3, sse4.1, sse4.2, popcnt, tsc, tscinvbit, clflush, hv
Processor Information for all 4 processors :
  Max Mhz: 2399, Current Mhz: 2399, Mhz Limit: 2399

Memory: 4k page, system-wide physical 5941M (592M free)
TotalPageFile size 8941M (AvailPageFile size 233M)
current process WorkingSet (physical memory assigned to process): 205M, peak: 245M
current process commit charge ("private bytes"): 298M, peak: 300M

vm_info: OpenJDK 64-Bit Server VM (17.0.12+7) for windows-amd64 JRE (17.0.12+7), built on Jul 16 2024 22:08:24 by "admin" with MS VC++ 16.10 / 16.11 (VS2019)

END.
