#
# There is insufficient memory for the Java Runtime Environment to continue.
# Native memory allocation (malloc) failed to allocate 2097152 bytes. Error detail: AllocateHeap
# Possible reasons:
#   The system is out of physical RAM or swap space
#   This process is running with CompressedOops enabled, and the Java Heap may be blocking the growth of the native heap
# Possible solutions:
#   Reduce memory load on the system
#   Increase physical memory or swap space
#   Check if swap backing store is full
#   Decrease Java heap size (-Xmx/-Xms)
#   Decrease number of Java threads
#   Decrease Java thread stack sizes (-Xss)
#   Set larger code cache with -XX:ReservedCodeCacheSize=
#   JVM is running with Unscaled Compressed Oops mode in which the Java heap is
#     placed in the first 4GB address space. The Java Heap base address is the
#     maximum limit for the native heap growth. Please use -XX:HeapBaseMinAddress
#     to set the Java Heap base and to place the Java Heap above 4GB virtual address.
# This output file may be truncated or incomplete.
#
#  Out of Memory Error (allocation.cpp:44), pid=11372, tid=3536
#
# JRE version: OpenJDK Runtime Environment Temurin-17.0.12+7 (17.0.12+7) (build 17.0.12+7)
# Java VM: OpenJDK 64-Bit Server VM Temurin-17.0.12+7 (17.0.12+7, mixed mode, emulated-client, tiered, compressed oops, compressed class ptrs, g1 gc, windows-amd64)
# No core dump will be written. Minidumps are not enabled by default on client versions of Windows
#

---------------  S U M M A R Y ------------

Command Line: -Xmx1024m -Dsts.lsp.client=vscode -Dsts.log.file=/dev/null -XX:TieredStopAtLevel=1 -Xlog:jni+resolve=off c:\Users\user\.vscode\extensions\vmware.vscode-spring-boot-1.57.0\language-server\spring-boot-language-server-1.57.0-SNAPSHOT-exec.jar

Host: Intel(R) Core(TM) i3 CPU       M 370  @ 2.40GHz, 4 cores, 5G,  Windows 10 , 64 bit Build 19041 (10.0.19041.4842)
Time: Fri Sep 27 20:51:15 2024 Paris, Madrid (heure duild 19041 (10.0.19041.4842) elapsed time: 247.405689 seconds (0d 0h 4m 7s)

---------------  T H R E A D  ---------------

Current thread (0x000001a6409e65d0):  VMThread "VM Thread" [stack: 0x0000002737b00000,0x0000002737c00000] [id=3536]

Stack: [0x0000002737b00000,0x0000002737c00000]
Native frames: (J=compiled Java code, j=interpreted, Vv=VM code, C=native code)
V  [jvm.dll+0x67f929]
V  [jvm.dll+0x8371ba]
V  [jvm.dll+0x838c7e]
V  [jvm.dll+0x8392e3]
V  [jvm.dll+0x24834f]
V  [jvm.dll+0xa70d3]
V  [jvm.dll+0x2f9101]
V  [jvm.dll+0x2f4d00]
V  [jvm.dll+0x2dd82f]
V  [jvm.dll+0x3201f7]
V  [jvm.dll+0x83d7dd]
V  [jvm.dll+0x83e522]
V  [jvm.dll+0x83ea4f]
V  [jvm.dll+0x83ee34]
V  [jvm.dll+0x83ef00]
V  [jvm.dll+0x7e65dc]
V  [jvm.dll+0x67e7f7]
C  [ucrtbase.dll+0x21bb2]
C  [KERNEL32.DLL+0x17374]
C  [ntdll.dll+0x4cc91]

VM_Operation (0x00000027390fed90): G1CollectFull, mode: safepoint, requested by thread 0x000001a646154d10


---------------  P R O C E S S  ---------------

Threads class SMR info:
_java_thread_list=0x000001a646f22020, length=23, elements={
0x000001a6409fcb30, 0x000001a6409fe8d0, 0x000001a640a3d130, 0x000001a640a3dc00,
0x000001a640a404e0, 0x000001a640a40db0, 0x000001a640a43740, 0x000001a640a46060,
0x000001a640cb1220, 0x000001a640cbe570, 0x000001a646154800, 0x000001a646154d10,
0x000001a646157fb0, 0x000001a646156660, 0x000001a646155220, 0x000001a646157080,
0x000001a646157aa0, 0x000001a6466dee40, 0x000001a6466e0790, 0x000001a6466df860,
0x000001a6466df350, 0x000001a6466dda00, 0x000001a6466e11b0
}

Java Threads: ( => current thread )
  0x000001a6409fcb30 JavaThread "Reference Handler" daemon [_thread_blocked, id=11152, stack(0x0000002737c00000,0x0000002737d00000)]
  0x000001a6409fe8d0 JavaThread "Finalizer" daemon [_thread_blocked, id=10840, stack(0x0000002737d00000,0x0000002737e00000)]
  0x000001a640a3d130 JavaThread "Signal Dispatcher" daemon [_thread_blocked, id=6532, stack(0x0000002737e00000,0x0000002737f00000)]
  0x000001a640a3dc00 JavaThread "Attach Listener" daemon [_thread_blocked, id=8916, stack(0x0000002737f00000,0x0000002738000000)]
  0x000001a640a404e0 JavaThread "Service Thread" daemon [_thread_blocked, id=10184, stack(0x0000002738000000,0x0000002738100000)]
  0x000001a640a40db0 JavaThread "Monitor Deflation Thread" daemon [_thread_blocked, id=580, stack(0x0000002738100000,0x0000002738200000)]
  0x000001a640a43740 JavaThread "C1 CompilerThread0" daemon [_thread_blocked, id=808, stack(0x0000002738200000,0x0000002738300000)]
  0x000001a640a46060 JavaThread "Sweeper thread" daemon [_thread_blocked, id=12256, stack(0x0000002738300000,0x0000002738400000)]
  0x000001a640cb1220 JavaThread "Notification Thread" daemon [_thread_blocked, id=6820, stack(0x0000002738400000,0x0000002738500000)]
  0x000001a640cbe570 JavaThread "Common-Cleaner" daemon [_thread_blocked, id=7032, stack(0x0000002738600000,0x0000002738700000)]
  0x000001a646154800 JavaThread "boundedElastic-evictor-1" daemon [_thread_blocked, id=3120, stack(0x0000002738f00000,0x0000002739000000)]
  0x000001a646154d10 JavaThread "pool-13-thread-1" [_thread_blocked, id=9808, stack(0x0000002739000000,0x0000002739100000)]
  0x000001a646157fb0 JavaThread "LanguageServerApp-lifecycle" [_thread_blocked, id=11736, stack(0x0000002739100000,0x0000002739200000)]
  0x000001a646156660 JavaThread "DestroyJavaVM" [_thread_blocked, id=1312, stack(0x0000002737500000,0x0000002737600000)]
  0x000001a646155220 JavaThread "pool-14-thread-1" [_thread_in_native, id=8244, stack(0x0000002739200000,0x0000002739300000)]
  0x000001a646157080 JavaThread "Simple-Language-Server main thread" daemon [_thread_blocked, id=9208, stack(0x0000002739300000,0x0000002739400000)]
  0x000001a646157aa0 JavaThread "parallel-1" daemon [_thread_blocked, id=3068, stack(0x0000002739400000,0x0000002739500000)]
  0x000001a6466dee40 JavaThread "parallel-2" daemon [_thread_blocked, id=8604, stack(0x0000002739900000,0x0000002739a00000)]
  0x000001a6466e0790 JavaThread "pool-6-thread-1" [_thread_blocked, id=3880, stack(0x0000002739a00000,0x0000002739b00000)]
  0x000001a6466df860 JavaThread "parallel-3" daemon [_thread_blocked, id=7076, stack(0x0000002739b00000,0x0000002739c00000)]
  0x000001a6466df350 JavaThread "Reconciler-1" daemon [_thread_blocked, id=11640, stack(0x0000002739c00000,0x0000002739d00000)]
  0x000001a6466dda00 JavaThread "parallel-4" daemon [_thread_blocked, id=7752, stack(0x0000002738c00000,0x0000002738d00000)]
  0x000001a6466e11b0 JavaThread "CompletableFutureDelayScheduler" daemon [_thread_blocked, id=6500, stack(0x0000002739d00000,0x0000002739e00000)]

Other Threads:
=>0x000001a6409e65d0 VMThread "VM Thread" [stack: 0x0000002737b00000,0x0000002737c00000] [id=3536]
  0x000001a640cb1700 WatcherThread [stack: 0x0000002738500000,0x0000002738600000] [id=12184]
  0x000001a6364d7ba0 GCTaskThread "GC Thread#0" [stack: 0x0000002737600000,0x0000002737700000] [id=10776]
  0x000001a64542e320 GCTaskThread "GC Thread#1" [stack: 0x0000002738800000,0x0000002738900000] [id=12156]
  0x000001a640f9e600 GCTaskThread "GC Thread#2" [stack: 0x0000002738900000,0x0000002738a00000] [id=9084]
  0x000001a6456e1090 GCTaskThread "GC Thread#3" [stack: 0x0000002738a00000,0x0000002738b00000] [id=2016]
  0x000001a6364e0a00 ConcurrentGCThread "G1 Main Marker" [stack: 0x0000002737700000,0x0000002737800000] [id=7020]
  0x000001a6364e1330 ConcurrentGCThread "G1 Conc#0" [stack: 0x0000002737800000,0x0000002737900000] [id=3664]
  0x000001a636541320 ConcurrentGCThread "G1 Refine#0" [stack: 0x0000002737900000,0x0000002737a00000] [id=3660]
  0x000001a636543550 ConcurrentGCThread "G1 Service" [stack: 0x0000002737a00000,0x0000002737b00000] [id=10232]

Threads with active compile tasks:

VM state: at safepoint (normal execution)

VM Mutex/Monitor currently owned by a thread:  ([mutex/lock_event])
[0x000001a6364977f0] Threads_lock - owner thread: 0x000001a6409e65d0
[0x000001a636497ac0] Heap_lock - owner thread: 0x000001a646154d10

Heap address: 0x00000000c0000000, size: 1024 MB, Compressed Oops mode: 32-bit

CDS archive(s) not mapped
Compressed class space mapped at: 0x0000000100000000-0x0000000140000000, reserved size: 1073741824
Narrow klass base: 0x0000000000000000, Narrow klass shift: 3, Narrow klass range: 0x140000000

GC Precious Log:
 CPUs: 4 total, 4 available
 Memory: 5941M
 Large Page Support: Disabled
 NUMA Support: Disabled
 Compressed Oops: Enabled (32-bit)
 Heap Region Size: 1M
 Heap Min Capacity: 8M
 Heap Initial Capacity: 94M
 Heap Max Capacity: 1G
 Pre-touch: Disabled
 Parallel Workers: 4
 Concurrent Workers: 1
 Concurrent Refinement Workers: 4
 Periodic GC: Disabled

Heap:
 garbage-first heap   total 78848K, used 30518K [0x00000000c0000000, 0x0000000100000000)
  region size 1024K, 1 young (1024K), 0 survivors (0K)
 Metaspace       used 51087K, committed 51840K, reserved 1114112K
  class space    used 6710K, committed 6976K, reserved 1048576K

Heap Regions: E=young(eden), S=young(survivor), O=old, HS=humongous(starts), HC=humongous(continues), CS=collection set, F=free, OA=open archive, CA=closed archive, TAMS=top-at-mark-start (previous, next)
|   0|0x00000000c0000000, 0x00000000c0100000, 0x00000000c0100000|100%|HS|  |TAMS 0x00000000c0100000, 0x00000000c0000000| Untracked 
|   1|0x00000000c0100000, 0x00000000c0200000, 0x00000000c0200000|100%|HC|  |TAMS 0x00000000c0200000, 0x00000000c0100000| Untracked 
|   2|0x00000000c0200000, 0x00000000c0300000, 0x00000000c0300000|100%|HC|  |TAMS 0x00000000c0300000, 0x00000000c0200000| Untracked 
|   3|0x00000000c0300000, 0x00000000c0400000, 0x00000000c0400000|100%|HC|  |TAMS 0x00000000c0400000, 0x00000000c0300000| Untracked 
|   4|0x00000000c0400000, 0x00000000c0500000, 0x00000000c0500000|100%|HS|  |TAMS 0x00000000c0500000, 0x00000000c0400000| Untracked 
|   5|0x00000000c0500000, 0x00000000c0600000, 0x00000000c0600000|100%|HC|  |TAMS 0x00000000c0600000, 0x00000000c0500000| Untracked 
|   6|0x00000000c0600000, 0x00000000c0700000, 0x00000000c0700000|100%| O|  |TAMS 0x00000000c0700000, 0x00000000c0600000| Untracked 
|   7|0x00000000c0700000, 0x00000000c07ffff8, 0x00000000c0800000| 99%| O|  |TAMS 0x00000000c07ffff8, 0x00000000c0700000| Untracked 
|   8|0x00000000c0800000, 0x00000000c0900000, 0x00000000c0900000|100%| O|  |TAMS 0x00000000c0900000, 0x00000000c0800000| Untracked 
|   9|0x00000000c0900000, 0x00000000c09ff4b8, 0x00000000c0a00000| 99%| O|  |TAMS 0x00000000c09ff4b8, 0x00000000c0900000| Untracked 
|  10|0x00000000c0a00000, 0x00000000c0b00000, 0x00000000c0b00000|100%| O|  |TAMS 0x00000000c0b00000, 0x00000000c0a00000| Untracked 
|  11|0x00000000c0b00000, 0x00000000c0c00000, 0x00000000c0c00000|100%| O|  |TAMS 0x00000000c0c00000, 0x00000000c0b00000| Untracked 
|  12|0x00000000c0c00000, 0x00000000c0cffff8, 0x00000000c0d00000| 99%| O|  |TAMS 0x00000000c0cffff8, 0x00000000c0c00000| Untracked 
|  13|0x00000000c0d00000, 0x00000000c0e00000, 0x00000000c0e00000|100%| O|  |TAMS 0x00000000c0e00000, 0x00000000c0d00000| Untracked 
|  14|0x00000000c0e00000, 0x00000000c0effff8, 0x00000000c0f00000| 99%| O|  |TAMS 0x00000000c0effff8, 0x00000000c0e00000| Untracked 
|  15|0x00000000c0f00000, 0x00000000c0fffff8, 0x00000000c1000000| 99%| O|  |TAMS 0x00000000c0fffff8, 0x00000000c0f00000| Untracked 
|  16|0x00000000c1000000, 0x00000000c10fffd0, 0x00000000c1100000| 99%| O|  |TAMS 0x00000000c10fffd0, 0x00000000c1000000| Untracked 
|  17|0x00000000c1100000, 0x00000000c1200000, 0x00000000c1200000|100%| O|  |TAMS 0x00000000c1200000, 0x00000000c1100000| Untracked 
|  18|0x00000000c1200000, 0x00000000c12ffff8, 0x00000000c1300000| 99%| O|  |TAMS 0x00000000c12ffff8, 0x00000000c1200000| Untracked 
|  19|0x00000000c1300000, 0x00000000c13fffe8, 0x00000000c1400000| 99%| O|  |TAMS 0x00000000c13fffe8, 0x00000000c1300000| Untracked 
|  20|0x00000000c1400000, 0x00000000c14ffff8, 0x00000000c1500000| 99%| O|  |TAMS 0x00000000c14ffff8, 0x00000000c1400000| Untracked 
|  21|0x00000000c1500000, 0x00000000c15ffff8, 0x00000000c1600000| 99%| O|  |TAMS 0x00000000c15ffff8, 0x00000000c1500000| Untracked 
|  22|0x00000000c1600000, 0x00000000c16ffff0, 0x00000000c1700000| 99%| O|  |TAMS 0x00000000c16ffff0, 0x00000000c1600000| Untracked 
|  23|0x00000000c1700000, 0x00000000c17fa2f0, 0x00000000c1800000| 97%| O|  |TAMS 0x00000000c17fa2f0, 0x00000000c1700000| Untracked 
|  24|0x00000000c1800000, 0x00000000c18fffe8, 0x00000000c1900000| 99%| O|  |TAMS 0x00000000c18fffe8, 0x00000000c1800000| Untracked 
|  25|0x00000000c1900000, 0x00000000c19ffff0, 0x00000000c1a00000| 99%| O|  |TAMS 0x00000000c19ffff0, 0x00000000c1900000| Untracked 
|  26|0x00000000c1a00000, 0x00000000c1af7928, 0x00000000c1b00000| 96%| O|  |TAMS 0x00000000c1af7928, 0x00000000c1a00000| Untracked 
|  27|0x00000000c1b00000, 0x00000000c1bfff00, 0x00000000c1c00000| 99%| O|  |TAMS 0x00000000c1bfff00, 0x00000000c1b00000| Untracked 
|  28|0x00000000c1c00000, 0x00000000c1cffff8, 0x00000000c1d00000| 99%| O|  |TAMS 0x00000000c1cffff8, 0x00000000c1c00000| Untracked 
|  29|0x00000000c1d00000, 0x00000000c1d8d9e8, 0x00000000c1e00000| 55%| O|  |TAMS 0x00000000c1d00000, 0x00000000c1d00000| Untracked 
|  30|0x00000000c1e00000, 0x00000000c1e4ef28, 0x00000000c1f00000| 30%| O|  |TAMS 0x00000000c1e00000, 0x00000000c1e00000| Untracked 
|  31|0x00000000c1f00000, 0x00000000c1f00000, 0x00000000c2000000|  0%| F|  |TAMS 0x00000000c1f00000, 0x00000000c1f00000| Untracked 
|  32|0x00000000c2000000, 0x00000000c2000000, 0x00000000c2100000|  0%| F|  |TAMS 0x00000000c2000000, 0x00000000c2000000| Untracked 
|  33|0x00000000c2100000, 0x00000000c2100000, 0x00000000c2200000|  0%| F|  |TAMS 0x00000000c2100000, 0x00000000c2100000| Untracked 
|  34|0x00000000c2200000, 0x00000000c2200000, 0x00000000c2300000|  0%| F|  |TAMS 0x00000000c2200000, 0x00000000c2200000| Untracked 
|  35|0x00000000c2300000, 0x00000000c2300000, 0x00000000c2400000|  0%| F|  |TAMS 0x00000000c2300000, 0x00000000c2300000| Untracked 
|  36|0x00000000c2400000, 0x00000000c2400000, 0x00000000c2500000|  0%| F|  |TAMS 0x00000000c2400000, 0x00000000c2400000| Untracked 
|  37|0x00000000c2500000, 0x00000000c2500000, 0x00000000c2600000|  0%| F|  |TAMS 0x00000000c2500000, 0x00000000c2500000| Untracked 
|  38|0x00000000c2600000, 0x00000000c2600000, 0x00000000c2700000|  0%| F|  |TAMS 0x00000000c2600000, 0x00000000c2600000| Untracked 
|  39|0x00000000c2700000, 0x00000000c2700000, 0x00000000c2800000|  0%| F|  |TAMS 0x00000000c2700000, 0x00000000c2700000| Untracked 
|  40|0x00000000c2800000, 0x00000000c2800000, 0x00000000c2900000|  0%| F|  |TAMS 0x00000000c2800000, 0x00000000c2800000| Untracked 
|  41|0x00000000c2900000, 0x00000000c2900000, 0x00000000c2a00000|  0%| F|  |TAMS 0x00000000c2900000, 0x00000000c2900000| Untracked 
|  42|0x00000000c2a00000, 0x00000000c2a00000, 0x00000000c2b00000|  0%| F|  |TAMS 0x00000000c2a00000, 0x00000000c2a00000| Untracked 
|  43|0x00000000c2b00000, 0x00000000c2b00000, 0x00000000c2c00000|  0%| F|  |TAMS 0x00000000c2b00000, 0x00000000c2b00000| Untracked 
|  44|0x00000000c2c00000, 0x00000000c2c00000, 0x00000000c2d00000|  0%| F|  |TAMS 0x00000000c2c00000, 0x00000000c2c00000| Untracked 
|  45|0x00000000c2d00000, 0x00000000c2d00000, 0x00000000c2e00000|  0%| F|  |TAMS 0x00000000c2d00000, 0x00000000c2d00000| Untracked 
|  46|0x00000000c2e00000, 0x00000000c2e00000, 0x00000000c2f00000|  0%| F|  |TAMS 0x00000000c2e00000, 0x00000000c2e00000| Untracked 
|  47|0x00000000c2f00000, 0x00000000c2f00000, 0x00000000c3000000|  0%| F|  |TAMS 0x00000000c2f00000, 0x00000000c2f00000| Untracked 
|  48|0x00000000c3000000, 0x00000000c3000000, 0x00000000c3100000|  0%| F|  |TAMS 0x00000000c3000000, 0x00000000c3000000| Untracked 
|  49|0x00000000c3100000, 0x00000000c3100000, 0x00000000c3200000|  0%| F|  |TAMS 0x00000000c3100000, 0x00000000c3100000| Untracked 
|  50|0x00000000c3200000, 0x00000000c3200000, 0x00000000c3300000|  0%| F|  |TAMS 0x00000000c3200000, 0x00000000c3200000| Untracked 
|  51|0x00000000c3300000, 0x00000000c3300000, 0x00000000c3400000|  0%| F|  |TAMS 0x00000000c3300000, 0x00000000c3300000| Untracked 
|  52|0x00000000c3400000, 0x00000000c3400000, 0x00000000c3500000|  0%| F|  |TAMS 0x00000000c3400000, 0x00000000c3400000| Untracked 
|  53|0x00000000c3500000, 0x00000000c3500000, 0x00000000c3600000|  0%| F|  |TAMS 0x00000000c3500000, 0x00000000c3500000| Untracked 
|  54|0x00000000c3600000, 0x00000000c3600000, 0x00000000c3700000|  0%| F|  |TAMS 0x00000000c3600000, 0x00000000c3600000| Untracked 
|  55|0x00000000c3700000, 0x00000000c3700000, 0x00000000c3800000|  0%| F|  |TAMS 0x00000000c3700000, 0x00000000c3700000| Untracked 
|  56|0x00000000c3800000, 0x00000000c3800000, 0x00000000c3900000|  0%| F|  |TAMS 0x00000000c3800000, 0x00000000c3800000| Untracked 
|  57|0x00000000c3900000, 0x00000000c3900000, 0x00000000c3a00000|  0%| F|  |TAMS 0x00000000c3900000, 0x00000000c3900000| Untracked 
|  58|0x00000000c3a00000, 0x00000000c3a00000, 0x00000000c3b00000|  0%| F|  |TAMS 0x00000000c3a00000, 0x00000000c3a00000| Untracked 
|  59|0x00000000c3b00000, 0x00000000c3b00000, 0x00000000c3c00000|  0%| F|  |TAMS 0x00000000c3b00000, 0x00000000c3b00000| Untracked 
|  60|0x00000000c3c00000, 0x00000000c3c00000, 0x00000000c3d00000|  0%| F|  |TAMS 0x00000000c3c00000, 0x00000000c3c00000| Untracked 
|  61|0x00000000c3d00000, 0x00000000c3d00000, 0x00000000c3e00000|  0%| F|  |TAMS 0x00000000c3d00000, 0x00000000c3d00000| Untracked 
|  62|0x00000000c3e00000, 0x00000000c3e00000, 0x00000000c3f00000|  0%| F|  |TAMS 0x00000000c3e00000, 0x00000000c3e00000| Untracked 
|  63|0x00000000c3f00000, 0x00000000c3f00000, 0x00000000c4000000|  0%| F|  |TAMS 0x00000000c3f00000, 0x00000000c3f00000| Untracked 
|  64|0x00000000c4000000, 0x00000000c4000000, 0x00000000c4100000|  0%| F|  |TAMS 0x00000000c4000000, 0x00000000c4000000| Untracked 
|  65|0x00000000c4100000, 0x00000000c4100000, 0x00000000c4200000|  0%| F|  |TAMS 0x00000000c4100000, 0x00000000c4100000| Untracked 
|  66|0x00000000c4200000, 0x00000000c4200000, 0x00000000c4300000|  0%| F|  |TAMS 0x00000000c4200000, 0x00000000c4200000| Untracked 
|  67|0x00000000c4300000, 0x00000000c4300000, 0x00000000c4400000|  0%| F|  |TAMS 0x00000000c4300000, 0x00000000c4300000| Untracked 
|  68|0x00000000c4400000, 0x00000000c4400000, 0x00000000c4500000|  0%| F|  |TAMS 0x00000000c4400000, 0x00000000c4400000| Untracked 
|  69|0x00000000c4500000, 0x00000000c4500000, 0x00000000c4600000|  0%| F|  |TAMS 0x00000000c4500000, 0x00000000c4500000| Untracked 
|  70|0x00000000c4600000, 0x00000000c4600000, 0x00000000c4700000|  0%| F|  |TAMS 0x00000000c4600000, 0x00000000c4600000| Untracked 
|  71|0x00000000c4700000, 0x00000000c4700000, 0x00000000c4800000|  0%| F|  |TAMS 0x00000000c4700000, 0x00000000c4700000| Untracked 
|  72|0x00000000c4800000, 0x00000000c4800000, 0x00000000c4900000|  0%| F|  |TAMS 0x00000000c4800000, 0x00000000c4800000| Untracked 
|  73|0x00000000c4900000, 0x00000000c4900000, 0x00000000c4a00000|  0%| F|  |TAMS 0x00000000c4900000, 0x00000000c4900000| Untracked 
|  74|0x00000000c4a00000, 0x00000000c4a00000, 0x00000000c4b00000|  0%| F|  |TAMS 0x00000000c4a00000, 0x00000000c4a00000| Untracked 
|  92|0x00000000c5c00000, 0x00000000c5c00000, 0x00000000c5d00000|  0%| F|  |TAMS 0x00000000c5c00000, 0x00000000c5c00000| Untracked 
|  93|0x00000000c5d00000, 0x00000000c5d16bc8, 0x00000000c5e00000|  8%| E|  |TAMS 0x00000000c5d00000, 0x00000000c5d00000| Complete 

Card table byte_map: [0x000001a63c140000,0x000001a63c340000] _byte_map_base: 0x000001a63bb40000

Marking Bits (Prev, Next): (CMBitMap*) 0x000001a6364d8110, (CMBitMap*) 0x000001a6364d80d0
 Prev Bits: [0x000001a63d540000, 0x000001a63e540000)
 Next Bits: [0x000001a63c540000, 0x000001a63d540000)

Polling page: 0x000001a6342d0000

Metaspace:

Usage:
  Non-class:     43.34 MB used.
      Class:      6.55 MB used.
       Both:     49.89 MB used.

Virtual space:
  Non-class space:       64.00 MB reserved,      43.81 MB ( 68%) committed,  1 nodes.
      Class space:        1.00 GB reserved,       6.81 MB ( <1%) committed,  1 nodes.
             Both:        1.06 GB reserved,      50.62 MB (  5%) committed. 

Chunk freelists:
   Non-Class:  4.29 MB
       Class:  9.34 MB
        Both:  13.63 MB

MaxMetaspaceSize: unlimited
CompressedClassSpaceSize: 1.00 GB
Initial GC threshold: 21.00 MB
Current GC threshold: 84.38 MB
CDS: off
MetaspaceReclaimPolicy: balanced
 - commit_granule_bytes: 65536.
 - commit_granule_words: 8192.
 - virtual_space_node_default_size: 8388608.
 - enlarge_chunks_in_place: 1.
 - new_chunks_are_fully_committed: 0.
 - uncommit_free_chunks: 1.
 - use_allocation_guard: 0.
 - handle_deallocations: 1.


Internal statistics:

num_allocs_failed_limit: 6.
num_arena_births: 660.
num_arena_deaths: 242.
num_vsnodes_births: 2.
num_vsnodes_deaths: 0.
num_space_committed: 809.
num_space_uncommitted: 0.
num_chunks_returned_to_freelist: 274.
num_chunks_taken_from_freelist: 2181.
num_chunk_merges: 94.
num_chunk_splits: 1503.
num_chunks_enlarged: 1133.
num_inconsistent_stats: 0.

CodeCache: size=49152Kb used=9231Kb max_used=10088Kb free=39920Kb
 bounds [0x000001a639140000, 0x000001a639b20000, 0x000001a63c140000]
 total_blobs=5812 nmethods=5210 adapters=530
 compilation: enabled
              stopped_count=0, restarted_count=0
 full_count=0

Compilation events (20 events):
Event: 103.449 Thread 0x000001a640a43740 5199       1       jdk.internal.net.http.HttpClientImpl::facade (11 bytes)
Event: 103.450 Thread 0x000001a640a43740 nmethod 5199 0x000001a6392a9790 code [0x000001a6392a9920, 0x000001a6392a9a38]
Event: 105.843 Thread 0x000001a640a43740 5200       1       jdk.internal.net.http.HttpClientImpl::isReferenced (24 bytes)
Event: 105.844 Thread 0x000001a640a43740 nmethod 5200 0x000001a6392a9390 code [0x000001a6392a9520, 0x000001a6392a9698]
Event: 105.844 Thread 0x000001a640a43740 5201   !   1       jdk.internal.net.http.HttpClientImpl::purgeTimeoutsAndReturnNextDeadline (326 bytes)
Event: 105.852 Thread 0x000001a640a43740 nmethod 5201 0x000001a6392a7310 code [0x000001a6392a7680, 0x000001a6392a8878]
Event: 108.413 Thread 0x000001a640a43740 5204       1       sun.security.ssl.TransportContext::getHandshakeStatus (119 bytes)
Event: 108.415 Thread 0x000001a640a43740 nmethod 5204 0x000001a6392a6590 code [0x000001a6392a67c0, 0x000001a6392a6b88]
Event: 109.469 Thread 0x000001a640a43740 5205       1       java.util.ArrayList::forEach (74 bytes)
Event: 109.471 Thread 0x000001a640a43740 nmethod 5205 0x000001a6392a5f10 code [0x000001a6392a60e0, 0x000001a6392a63a8]
Event: 109.471 Thread 0x000001a640a43740 5206       1       java.util.AbstractList$RandomAccessSpliterator::characteristics (4 bytes)
Event: 109.471 Thread 0x000001a640a43740 nmethod 5206 0x000001a6392a5c10 code [0x000001a6392a5da0, 0x000001a6392a5e78]
Event: 109.472 Thread 0x000001a640a43740 5207       1       sun.security.util.ArrayUtil::nullAndBoundsCheck (12 bytes)
Event: 109.473 Thread 0x000001a640a43740 nmethod 5207 0x000001a6392a5890 code [0x000001a6392a5a20, 0x000001a6392a5b28]
Event: 146.383 Thread 0x000001a640a43740 5208       1       java.util.concurrent.TimeUnit::toNanos (45 bytes)
Event: 146.384 Thread 0x000001a640a43740 nmethod 5208 0x000001a6392a5490 code [0x000001a6392a5640, 0x000001a6392a57d8]
Event: 161.841 Thread 0x000001a640a43740 5209       1       java.util.concurrent.locks.ReentrantLock$Sync::isHeldExclusively (16 bytes)
Event: 161.841 Thread 0x000001a640a43740 nmethod 5209 0x000001a6392a5190 code [0x000001a6392a5320, 0x000001a6392a5418]
Event: 226.629 Thread 0x000001a640a43740 5210       1       java.util.concurrent.ThreadPoolExecutor::isShutdown (12 bytes)
Event: 226.630 Thread 0x000001a640a43740 nmethod 5210 0x000001a6392a4e90 code [0x000001a6392a5020, 0x000001a6392a5118]

GC Heap History (20 events):
Event: 140.651 GC heap after
{Heap after GC invocations=16 (full 4):
 garbage-first heap   total 78848K, used 30518K [0x00000000c0000000, 0x0000000100000000)
  region size 1024K, 0 young (0K), 0 survivors (0K)
 Metaspace       used 51087K, committed 51840K, reserved 1114112K
  class space    used 6710K, committed 6976K, reserved 1048576K
}
Event: 151.158 GC heap before
{Heap before GC invocations=16 (full 4):
 garbage-first heap   total 78848K, used 30518K [0x00000000c0000000, 0x0000000100000000)
  region size 1024K, 1 young (1024K), 0 survivors (0K)
 Metaspace       used 51087K, committed 51840K, reserved 1114112K
  class space    used 6710K, committed 6976K, reserved 1048576K
}
Event: 151.269 GC heap after
{Heap after GC invocations=17 (full 5):
 garbage-first heap   total 78848K, used 30518K [0x00000000c0000000, 0x0000000100000000)
  region size 1024K, 0 young (0K), 0 survivors (0K)
 Metaspace       used 51087K, committed 51840K, reserved 1114112K
  class space    used 6710K, committed 6976K, reserved 1048576K
}
Event: 161.712 GC heap before
{Heap before GC invocations=17 (full 5):
 garbage-first heap   total 78848K, used 30518K [0x00000000c0000000, 0x0000000100000000)
  region size 1024K, 1 young (1024K), 0 survivors (0K)
 Metaspace       used 51087K, committed 51840K, reserved 1114112K
  class space    used 6710K, committed 6976K, reserved 1048576K
}
Event: 161.840 GC heap after
{Heap after GC invocations=18 (full 6):
 garbage-first heap   total 78848K, used 30518K [0x00000000c0000000, 0x0000000100000000)
  region size 1024K, 0 young (0K), 0 survivors (0K)
 Metaspace       used 51087K, committed 51840K, reserved 1114112K
  class space    used 6710K, committed 6976K, reserved 1048576K
}
Event: 172.437 GC heap before
{Heap before GC invocations=18 (full 6):
 garbage-first heap   total 78848K, used 30518K [0x00000000c0000000, 0x0000000100000000)
  region size 1024K, 1 young (1024K), 0 survivors (0K)
 Metaspace       used 51087K, committed 51840K, reserved 1114112K
  class space    used 6710K, committed 6976K, reserved 1048576K
}
Event: 172.557 GC heap after
{Heap after GC invocations=19 (full 7):
 garbage-first heap   total 78848K, used 30518K [0x00000000c0000000, 0x0000000100000000)
  region size 1024K, 0 young (0K), 0 survivors (0K)
 Metaspace       used 51087K, committed 51840K, reserved 1114112K
  class space    used 6710K, committed 6976K, reserved 1048576K
}
Event: 182.950 GC heap before
{Heap before GC invocations=19 (full 7):
 garbage-first heap   total 78848K, used 30518K [0x00000000c0000000, 0x0000000100000000)
  region size 1024K, 1 young (1024K), 0 survivors (0K)
 Metaspace       used 51087K, committed 51840K, reserved 1114112K
  class space    used 6710K, committed 6976K, reserved 1048576K
}
Event: 183.080 GC heap after
{Heap after GC invocations=20 (full 8):
 garbage-first heap   total 78848K, used 30518K [0x00000000c0000000, 0x0000000100000000)
  region size 1024K, 0 young (0K), 0 survivors (0K)
 Metaspace       used 51087K, committed 51840K, reserved 1114112K
  class space    used 6710K, committed 6976K, reserved 1048576K
}
Event: 193.797 GC heap before
{Heap before GC invocations=20 (full 8):
 garbage-first heap   total 78848K, used 30518K [0x00000000c0000000, 0x0000000100000000)
  region size 1024K, 1 young (1024K), 0 survivors (0K)
 Metaspace       used 51087K, committed 51840K, reserved 1114112K
  class space    used 6710K, committed 6976K, reserved 1048576K
}
Event: 193.896 GC heap after
{Heap after GC invocations=21 (full 9):
 garbage-first heap   total 78848K, used 30518K [0x00000000c0000000, 0x0000000100000000)
  region size 1024K, 0 young (0K), 0 survivors (0K)
 Metaspace       used 51087K, committed 51840K, reserved 1114112K
  class space    used 6710K, committed 6976K, reserved 1048576K
}
Event: 205.263 GC heap before
{Heap before GC invocations=21 (full 9):
 garbage-first heap   total 78848K, used 30518K [0x00000000c0000000, 0x0000000100000000)
  region size 1024K, 1 young (1024K), 0 survivors (0K)
 Metaspace       used 51087K, committed 51840K, reserved 1114112K
  class space    used 6710K, committed 6976K, reserved 1048576K
}
Event: 205.364 GC heap after
{Heap after GC invocations=22 (full 10):
 garbage-first heap   total 78848K, used 30518K [0x00000000c0000000, 0x0000000100000000)
  region size 1024K, 0 young (0K), 0 survivors (0K)
 Metaspace       used 51087K, committed 51840K, reserved 1114112K
  class space    used 6710K, committed 6976K, reserved 1048576K
}
Event: 215.904 GC heap before
{Heap before GC invocations=22 (full 10):
 garbage-first heap   total 78848K, used 30518K [0x00000000c0000000, 0x0000000100000000)
  region size 1024K, 1 young (1024K), 0 survivors (0K)
 Metaspace       used 51087K, committed 51840K, reserved 1114112K
  class space    used 6710K, committed 6976K, reserved 1048576K
}
Event: 216.036 GC heap after
{Heap after GC invocations=23 (full 11):
 garbage-first heap   total 78848K, used 30518K [0x00000000c0000000, 0x0000000100000000)
  region size 1024K, 0 young (0K), 0 survivors (0K)
 Metaspace       used 51087K, committed 51840K, reserved 1114112K
  class space    used 6710K, committed 6976K, reserved 1048576K
}
Event: 226.523 GC heap before
{Heap before GC invocations=23 (full 11):
 garbage-first heap   total 78848K, used 30518K [0x00000000c0000000, 0x0000000100000000)
  region size 1024K, 1 young (1024K), 0 survivors (0K)
 Metaspace       used 51087K, committed 51840K, reserved 1114112K
  class space    used 6710K, committed 6976K, reserved 1048576K
}
Event: 226.629 GC heap after
{Heap after GC invocations=24 (full 12):
 garbage-first heap   total 78848K, used 30518K [0x00000000c0000000, 0x0000000100000000)
  region size 1024K, 0 young (0K), 0 survivors (0K)
 Metaspace       used 51087K, committed 51840K, reserved 1114112K
  class space    used 6710K, committed 6976K, reserved 1048576K
}
Event: 237.064 GC heap before
{Heap before GC invocations=24 (full 12):
 garbage-first heap   total 78848K, used 30518K [0x00000000c0000000, 0x0000000100000000)
  region size 1024K, 1 young (1024K), 0 survivors (0K)
 Metaspace       used 51087K, committed 51840K, reserved 1114112K
  class space    used 6710K, committed 6976K, reserved 1048576K
}
Event: 237.164 GC heap after
{Heap after GC invocations=25 (full 13):
 garbage-first heap   total 78848K, used 30518K [0x00000000c0000000, 0x0000000100000000)
  region size 1024K, 0 young (0K), 0 survivors (0K)
 Metaspace       used 51087K, committed 51840K, reserved 1114112K
  class space    used 6710K, committed 6976K, reserved 1048576K
}
Event: 247.397 GC heap before
{Heap before GC invocations=25 (full 13):
 garbage-first heap   total 78848K, used 30518K [0x00000000c0000000, 0x0000000100000000)
  region size 1024K, 1 young (1024K), 0 survivors (0K)
 Metaspace       used 51087K, committed 51840K, reserved 1114112K
  class space    used 6710K, committed 6976K, reserved 1048576K
}

Dll operation events (10 events):
Event: 0.016 Loaded shared library c:\Users\user\.vscode\extensions\redhat.java-1.35.0-win32-x64\jre\17.0.12-win32-x86_64\bin\java.dll
Event: 1.402 Loaded shared library C:\Users\user\.vscode\extensions\redhat.java-1.35.0-win32-x64\jre\17.0.12-win32-x86_64\bin\net.dll
Event: 1.437 Loaded shared library C:\Users\user\.vscode\extensions\redhat.java-1.35.0-win32-x64\jre\17.0.12-win32-x86_64\bin\nio.dll
Event: 1.465 Loaded shared library C:\Users\user\.vscode\extensions\redhat.java-1.35.0-win32-x64\jre\17.0.12-win32-x86_64\bin\zip.dll
Event: 2.799 Loaded shared library C:\Users\user\.vscode\extensions\redhat.java-1.35.0-win32-x64\jre\17.0.12-win32-x86_64\bin\jimage.dll
Event: 6.980 Loaded shared library c:\Users\user\.vscode\extensions\redhat.java-1.35.0-win32-x64\jre\17.0.12-win32-x86_64\bin\verify.dll
Event: 16.708 Loaded shared library C:\Users\user\.vscode\extensions\redhat.java-1.35.0-win32-x64\jre\17.0.12-win32-x86_64\bin\management.dll
Event: 16.727 Loaded shared library C:\Users\user\.vscode\extensions\redhat.java-1.35.0-win32-x64\jre\17.0.12-win32-x86_64\bin\management_ext.dll
Event: 20.251 Loaded shared library C:\Users\user\.vscode\extensions\redhat.java-1.35.0-win32-x64\jre\17.0.12-win32-x86_64\bin\sunmscapi.dll
Event: 20.972 Loaded shared library C:\Users\user\.vscode\extensions\redhat.java-1.35.0-win32-x64\jre\17.0.12-win32-x86_64\bin\extnet.dll

Deoptimization events (6 events):
Event: 18.860 Thread 0x000001a646155220 DEOPT PACKING pc=0x000001a63969a281 sp=0x00000027392fdcc0
Event: 18.860 Thread 0x000001a646155220 DEOPT UNPACKING pc=0x000001a639197124 sp=0x00000027392fd150 mode 3
Event: 19.016 Thread 0x000001a6466e0790 DEOPT PACKING pc=0x000001a63967c697 sp=0x0000002739afef90
Event: 19.016 Thread 0x000001a6466e0790 DEOPT UNPACKING pc=0x000001a639197124 sp=0x0000002739afe3e8 mode 3
Event: 20.375 Thread 0x000001a6466e16c0 DEOPT PACKING pc=0x000001a6394cbf0c sp=0x0000002739dfad70
Event: 20.375 Thread 0x000001a6466e16c0 DEOPT UNPACKING pc=0x000001a639197124 sp=0x0000002739dfa238 mode 0

Classes loaded (20 events):
Event: 49.004 Loading class java/util/concurrent/CompletableFuture$TaskSubmitter
Event: 49.004 Loading class java/util/concurrent/CompletableFuture$TaskSubmitter done
Event: 49.004 Loading class java/util/concurrent/CompletableFuture$Delayer
Event: 49.004 Loading class java/util/concurrent/CompletableFuture$Delayer done
Event: 49.005 Loading class java/util/concurrent/CompletableFuture$Delayer$DaemonThreadFactory
Event: 49.005 Loading class java/util/concurrent/CompletableFuture$Delayer$DaemonThreadFactory done
Event: 106.745 Loading class java/lang/ProcessBuilder
Event: 106.747 Loading class java/lang/ProcessBuilder done
Event: 106.747 Loading class java/lang/ProcessImpl
Event: 106.749 Loading class java/lang/ProcessImpl done
Event: 106.789 Loading class java/lang/ProcessImpl$2
Event: 106.789 Loading class java/lang/ProcessImpl$2 done
Event: 106.790 Loading class java/lang/Process$PipeInputStream
Event: 106.790 Loading class java/lang/Process$PipeInputStream done
Event: 106.794 Loading class jdk/internal/event/ProcessStartEvent
Event: 106.794 Loading class jdk/internal/event/ProcessStartEvent done
Event: 107.397 Loading class java/io/FileOutputStream$1
Event: 107.397 Loading class java/io/FileOutputStream$1 done
Event: 108.407 Loading class java/util/LinkedList$LLSpliterator
Event: 108.408 Loading class java/util/LinkedList$LLSpliterator done

Classes unloaded (20 events):
Event: 118.130 Thread 0x000001a6409e65d0 Unloading class 0x00000001000d4800 'java/lang/invoke/LambdaForm$MH+0x00000001000d4800'
Event: 118.130 Thread 0x000001a6409e65d0 Unloading class 0x00000001000d4400 'java/lang/invoke/LambdaForm$MH+0x00000001000d4400'
Event: 118.130 Thread 0x000001a6409e65d0 Unloading class 0x00000001000ce800 'java/lang/invoke/LambdaForm$MH+0x00000001000ce800'
Event: 118.130 Thread 0x000001a6409e65d0 Unloading class 0x00000001000ce400 'java/lang/invoke/LambdaForm$MH+0x00000001000ce400'
Event: 118.130 Thread 0x000001a6409e65d0 Unloading class 0x00000001000ce000 'java/lang/invoke/LambdaForm$MH+0x00000001000ce000'
Event: 118.130 Thread 0x000001a6409e65d0 Unloading class 0x00000001000cdc00 'java/lang/invoke/LambdaForm$MH+0x00000001000cdc00'
Event: 118.130 Thread 0x000001a6409e65d0 Unloading class 0x00000001000cd800 'java/lang/invoke/LambdaForm$MH+0x00000001000cd800'
Event: 118.130 Thread 0x000001a6409e65d0 Unloading class 0x00000001000cd400 'java/lang/invoke/LambdaForm$MH+0x00000001000cd400'
Event: 118.130 Thread 0x000001a6409e65d0 Unloading class 0x00000001000ccc00 'java/lang/invoke/LambdaForm$MH+0x00000001000ccc00'
Event: 118.130 Thread 0x000001a6409e65d0 Unloading class 0x00000001000cc800 'java/lang/invoke/LambdaForm$MH+0x00000001000cc800'
Event: 118.131 Thread 0x000001a6409e65d0 Unloading class 0x00000001000cc000 'java/lang/invoke/LambdaForm$MH+0x00000001000cc000'
Event: 118.131 Thread 0x000001a6409e65d0 Unloading class 0x00000001000cbc00 'java/lang/invoke/LambdaForm$MH+0x00000001000cbc00'
Event: 118.131 Thread 0x000001a6409e65d0 Unloading class 0x00000001000cac00 'java/lang/invoke/LambdaForm$MH+0x00000001000cac00'
Event: 118.131 Thread 0x000001a6409e65d0 Unloading class 0x00000001000ca400 'java/lang/invoke/LambdaForm$MH+0x00000001000ca400'
Event: 118.131 Thread 0x000001a6409e65d0 Unloading class 0x00000001000ca000 'java/lang/invoke/LambdaForm$MH+0x00000001000ca000'
Event: 118.131 Thread 0x000001a6409e65d0 Unloading class 0x00000001000c9c00 'java/lang/invoke/LambdaForm$MH+0x00000001000c9c00'
Event: 118.131 Thread 0x000001a6409e65d0 Unloading class 0x00000001000c9800 'java/lang/invoke/LambdaForm$MH+0x00000001000c9800'
Event: 118.131 Thread 0x000001a6409e65d0 Unloading class 0x00000001000c9400 'java/lang/invoke/LambdaForm$MH+0x00000001000c9400'
Event: 118.131 Thread 0x000001a6409e65d0 Unloading class 0x00000001000c8c00 'java/lang/invoke/LambdaForm$MH+0x00000001000c8c00'
Event: 118.131 Thread 0x000001a6409e65d0 Unloading class 0x00000001000c8400 'java/lang/invoke/LambdaForm$MH+0x00000001000c8400'

Classes redefined (0 events):
No events

Internal exceptions (20 events):
Event: 20.343 Thread 0x000001a6466e16c0 Exception <a 'sun/nio/fs/WindowsException'{0x00000000c3976cf8}> (0x00000000c3976cf8) 
thrown [s\src\hotspot\share\prims\jni.cpp, line 516]
Event: 20.739 Thread 0x000001a6466df350 Exception <a 'sun/nio/fs/WindowsException'{0x00000000c44be5c8}> (0x00000000c44be5c8) 
thrown [s\src\hotspot\share\prims\jni.cpp, line 516]
Event: 20.740 Thread 0x000001a6466df350 Exception <a 'sun/nio/fs/WindowsException'{0x00000000c44bedd8}> (0x00000000c44bedd8) 
thrown [s\src\hotspot\share\prims\jni.cpp, line 516]
Event: 20.740 Thread 0x000001a6466df350 Exception <a 'sun/nio/fs/WindowsException'{0x00000000c44bf1f0}> (0x00000000c44bf1f0) 
thrown [s\src\hotspot\share\prims\jni.cpp, line 516]
Event: 20.740 Thread 0x000001a6466df350 Exception <a 'sun/nio/fs/WindowsException'{0x00000000c44c01b0}> (0x00000000c44c01b0) 
thrown [s\src\hotspot\share\prims\jni.cpp, line 516]
Event: 20.740 Thread 0x000001a6466df350 Exception <a 'sun/nio/fs/WindowsException'{0x00000000c44c0600}> (0x00000000c44c0600) 
thrown [s\src\hotspot\share\prims\jni.cpp, line 516]
Event: 20.741 Thread 0x000001a6466df350 Exception <a 'sun/nio/fs/WindowsException'{0x00000000c44c13a8}> (0x00000000c44c13a8) 
thrown [s\src\hotspot\share\prims\jni.cpp, line 516]
Event: 20.742 Thread 0x000001a6466df350 Exception <a 'sun/nio/fs/WindowsException'{0x00000000c44c1bf8}> (0x00000000c44c1bf8) 
thrown [s\src\hotspot\share\prims\jni.cpp, line 516]
Event: 20.742 Thread 0x000001a6466df350 Exception <a 'sun/nio/fs/WindowsException'{0x00000000c44c2030}> (0x00000000c44c2030) 
thrown [s\src\hotspot\share\prims\jni.cpp, line 516]
Event: 20.742 Thread 0x000001a6466df350 Exception <a 'sun/nio/fs/WindowsException'{0x00000000c44c3018}> (0x00000000c44c3018) 
thrown [s\src\hotspot\share\prims\jni.cpp, line 516]
Event: 20.742 Thread 0x000001a6466df350 Exception <a 'sun/nio/fs/WindowsException'{0x00000000c44c3490}> (0x00000000c44c3490) 
thrown [s\src\hotspot\share\prims\jni.cpp, line 516]
Event: 21.238 Thread 0x000001a6466e16c0 Exception <a 'java/lang/NoSuchMethodError'{0x00000000c3e989a0}: 'void java.lang.invoke.DirectMethodHandle$Holder.invokeStatic(java.lang.Object, java.lang.Object, java.lang.Object, java.lang.Object, java.lang.Object, java.lang.Object, java.lang.Object)'> (0x00000000c3e989a0) 
thrown [s\src\hotspot\share\interpreter\linkResolver.cpp, line 759]
Event: 21.593 Thread 0x000001a6466e1bd0 Exception <a 'java/lang/NoSuchMethodError'{0x00000000c3b94310}: 'int java.lang.invoke.DirectMethodHandle$Holder.invokeStatic(java.lang.Object, int, java.lang.Object)'> (0x00000000c3b94310) 
thrown [s\src\hotspot\share\interpreter\linkResolver.cpp, line 759]
Event: 21.869 Thread 0x000001a646157080 Exception <a 'sun/nio/fs/WindowsException'{0x00000000c3ae1350}> (0x00000000c3ae1350) 
thrown [s\src\hotspot\share\prims\jni.cpp, line 516]
Event: 21.869 Thread 0x000001a646157080 Exception <a 'sun/nio/fs/WindowsException'{0x00000000c3ae19e8}> (0x00000000c3ae19e8) 
thrown [s\src\hotspot\share\prims\jni.cpp, line 516]
Event: 22.338 Thread 0x000001a6466de930 Exception <a 'java/lang/NoSuchMethodError'{0x00000000c396ed40}: 'void java.lang.invoke.DirectMethodHandle$Holder.invokeInterface(java.lang.Object, java.lang.Object)'> (0x00000000c396ed40) 
thrown [s\src\hotspot\share\interpreter\linkResolver.cpp, line 759]
Event: 46.586 Thread 0x000001a6466df350 Exception <a 'java/lang/NoSuchMethodError'{0x00000000c436f5a0}: 'java.lang.Object java.lang.invoke.DirectMethodHandle$Holder.newInvokeSpecial(java.lang.Object, java.lang.Object, int, java.lang.Object, int)'> (0x00000000c436f5a0) 
thrown [s\src\hotspot\share\interpreter\linkResolver.cpp, line 759]
Event: 46.587 Thread 0x000001a6466df350 Exception <a 'java/lang/NoSuchMethodError'{0x00000000c43736a0}: 'java.lang.Object java.lang.invoke.DirectMethodHandle$Holder.invokeSpecial(java.lang.Object, java.lang.Object, java.lang.Object, int, java.lang.Object, int)'> (0x00000000c43736a0) 
thrown [s\src\hotspot\share\interpreter\linkResolver.cpp, line 759]
Event: 106.784 Thread 0x000001a646154d10 Exception <a 'java/lang/NoSuchMethodError'{0x00000000c46cb300}: 'void java.lang.invoke.DirectMethodHandle$Holder.invokeStatic(java.lang.Object, long)'> (0x00000000c46cb300) 
thrown [s\src\hotspot\share\interpreter\linkResolver.cpp, line 759]
Event: 106.787 Thread 0x000001a646154d10 Exception <a 'java/lang/NoSuchMethodError'{0x00000000c46d06b0}: 'java.lang.Object java.lang.invoke.DirectMethodHandle$Holder.newInvokeSpecial(java.lang.Object, long)'> (0x00000000c46d06b0) 
thrown [s\src\hotspot\share\interpreter\linkResolver.cpp, line 759]

VM Operations (20 events):
Event: 140.651 Executing VM operation: G1CollectFull done
Event: 151.158 Executing VM operation: G1CollectFull
Event: 151.269 Executing VM operation: G1CollectFull done
Event: 161.712 Executing VM operation: G1CollectFull
Event: 161.840 Executing VM operation: G1CollectFull done
Event: 172.437 Executing VM operation: G1CollectFull
Event: 172.557 Executing VM operation: G1CollectFull done
Event: 182.950 Executing VM operation: G1CollectFull
Event: 183.080 Executing VM operation: G1CollectFull done
Event: 193.797 Executing VM operation: G1CollectFull
Event: 193.896 Executing VM operation: G1CollectFull done
Event: 205.263 Executing VM operation: G1CollectFull
Event: 205.364 Executing VM operation: G1CollectFull done
Event: 215.904 Executing VM operation: G1CollectFull
Event: 216.036 Executing VM operation: G1CollectFull done
Event: 226.523 Executing VM operation: G1CollectFull
Event: 226.629 Executing VM operation: G1CollectFull done
Event: 237.064 Executing VM operation: G1CollectFull
Event: 237.164 Executing VM operation: G1CollectFull done
Event: 247.397 Executing VM operation: G1CollectFull

Events (20 events):
Event: 84.946 Thread 0x000001a6466e3520 Thread exited: 0x000001a6466e3520
Event: 107.079 Thread 0x000001a646157590 Thread exited: 0x000001a646157590
Event: 108.415 Thread 0x000001a6466dfd70 Thread added: 0x000001a6466dfd70
Event: 108.420 Thread 0x000001a6466dc0b0 Thread added: 0x000001a6466dc0b0
Event: 108.422 Thread 0x000001a6466e1bd0 Thread exited: 0x000001a6466e1bd0
Event: 108.423 Thread 0x000001a6466dfd70 Thread exited: 0x000001a6466dfd70
Event: 108.424 Thread 0x000001a6466dc0b0 Thread exited: 0x000001a6466dc0b0
Event: 108.856 Thread 0x000001a6466dc0b0 Thread added: 0x000001a6466dc0b0
Event: 108.857 Thread 0x000001a6466dfd70 Thread added: 0x000001a6466dfd70
Event: 108.858 Thread 0x000001a6466e0280 Thread exited: 0x000001a6466e0280
Event: 108.859 Thread 0x000001a6466dc0b0 Thread exited: 0x000001a6466dc0b0
Event: 108.859 Thread 0x000001a6466dfd70 Thread exited: 0x000001a6466dfd70
Event: 109.473 Thread 0x000001a6466dfd70 Thread added: 0x000001a6466dfd70
Event: 109.474 Thread 0x000001a6466e0280 Thread added: 0x000001a6466e0280
Event: 109.474 Thread 0x000001a6466dcfe0 Thread exited: 0x000001a6466dcfe0
Event: 109.474 Thread 0x000001a6466dfd70 Thread exited: 0x000001a6466dfd70
Event: 109.476 Thread 0x000001a6466e0280 Thread exited: 0x000001a6466e0280
Event: 115.674 Thread 0x000001a645e4f440 Thread exited: 0x000001a645e4f440
Event: 175.684 Thread 0x000001a645db6d20 Thread exited: 0x000001a645db6d20
Event: 235.686 Thread 0x000001a646007470 Thread exited: 0x000001a646007470


Dynamic libraries:
0x00007ff6b6910000 - 0x00007ff6b691e000 	c:\Users\user\.vscode\extensions\redhat.java-1.35.0-win32-x64\jre\17.0.12-win32-x86_64\bin\java.exe
0x00007ffe04b30000 - 0x00007ffe04d28000 	C:\WINDOWS\SYSTEM32\ntdll.dll
0x00007ffe02ee0000 - 0x00007ffe02fa1000 	C:\WINDOWS\System32\KERNEL32.DLL
0x00007ffe02280000 - 0x00007ffe0257d000 	C:\WINDOWS\System32\KERNELBASE.dll
0x00007ffe028c0000 - 0x00007ffe029c0000 	C:\WINDOWS\System32\ucrtbase.dll
0x00007ffdfce80000 - 0x00007ffdfce97000 	c:\Users\user\.vscode\extensions\redhat.java-1.35.0-win32-x64\jre\17.0.12-win32-x86_64\bin\jli.dll
0x00007ffdfcd70000 - 0x00007ffdfcd8b000 	c:\Users\user\.vscode\extensions\redhat.java-1.35.0-win32-x64\jre\17.0.12-win32-x86_64\bin\VCRUNTIME140.dll
0x00007ffe02ca0000 - 0x00007ffe02e3d000 	C:\WINDOWS\System32\USER32.dll
0x00007ffe02610000 - 0x00007ffe02632000 	C:\WINDOWS\System32\win32u.dll
0x00007ffdf2d60000 - 0x00007ffdf2ffa000 	C:\WINDOWS\WinSxS\amd64_microsoft.windows.common-controls_6595b64144ccf1df_6.0.19041.4355_none_60b8b9eb71f62e16\COMCTL32.dll
0x00007ffe03f80000 - 0x00007ffe03fab000 	C:\WINDOWS\System32\GDI32.dll
0x00007ffe02e40000 - 0x00007ffe02ede000 	C:\WINDOWS\System32\msvcrt.dll
0x00007ffe02640000 - 0x00007ffe02757000 	C:\WINDOWS\System32\gdi32full.dll
0x00007ffe021e0000 - 0x00007ffe0227d000 	C:\WINDOWS\System32\msvcp_win.dll
0x00007ffe02c00000 - 0x00007ffe02c2f000 	C:\WINDOWS\System32\IMM32.DLL
0x00007ffdfcd60000 - 0x00007ffdfcd6c000 	c:\Users\user\.vscode\extensions\redhat.java-1.35.0-win32-x64\jre\17.0.12-win32-x86_64\bin\vcruntime140_1.dll
0x00007ffdeb630000 - 0x00007ffdeb6bd000 	c:\Users\user\.vscode\extensions\redhat.java-1.35.0-win32-x64\jre\17.0.12-win32-x86_64\bin\msvcp140.dll
0x00007ffdbfff0000 - 0x00007ffdc0c5a000 	c:\Users\user\.vscode\extensions\redhat.java-1.35.0-win32-x64\jre\17.0.12-win32-x86_64\bin\server\jvm.dll
0x00007ffe03030000 - 0x00007ffe030e0000 	C:\WINDOWS\System32\ADVAPI32.dll
0x00007ffe02b60000 - 0x00007ffe02c00000 	C:\WINDOWS\System32\sechost.dll
0x00007ffe036b0000 - 0x00007ffe037d3000 	C:\WINDOWS\System32\RPCRT4.dll
0x00007ffe02a30000 - 0x00007ffe02a57000 	C:\WINDOWS\System32\bcrypt.dll
0x00007ffe02fb0000 - 0x00007ffe0301b000 	C:\WINDOWS\System32\WS2_32.dll
0x00007ffe016e0000 - 0x00007ffe0172b000 	C:\WINDOWS\SYSTEM32\POWRPROF.dll
0x00007ffdf2d30000 - 0x00007ffdf2d57000 	C:\WINDOWS\SYSTEM32\WINMM.dll
0x00007ffdf4f50000 - 0x00007ffdf4f5a000 	C:\WINDOWS\SYSTEM32\VERSION.dll
0x00007ffe015a0000 - 0x00007ffe015b2000 	C:\WINDOWS\SYSTEM32\UMPDC.dll
0x00007ffe00020000 - 0x00007ffe00032000 	C:\WINDOWS\SYSTEM32\kernel.appcore.dll
0x00007ffdfc740000 - 0x00007ffdfc74a000 	c:\Users\user\.vscode\extensions\redhat.java-1.35.0-win32-x64\jre\17.0.12-win32-x86_64\bin\jimage.dll
0x00007ffde9ef0000 - 0x00007ffdea0d4000 	C:\WINDOWS\SYSTEM32\DBGHELP.DLL
0x00007ffde9eb0000 - 0x00007ffde9ee4000 	C:\WINDOWS\SYSTEM32\dbgcore.DLL
0x00007ffe02580000 - 0x00007ffe02602000 	C:\WINDOWS\System32\bcryptPrimitives.dll
0x00007ffdf6c40000 - 0x00007ffdf6c65000 	c:\Users\user\.vscode\extensions\redhat.java-1.35.0-win32-x64\jre\17.0.12-win32-x86_64\bin\java.dll
0x00007ffdfc300000 - 0x00007ffdfc318000 	c:\Users\user\.vscode\extensions\redhat.java-1.35.0-win32-x64\jre\17.0.12-win32-x86_64\bin\zip.dll
0x00007ffe04380000 - 0x00007ffe04aef000 	C:\WINDOWS\System32\SHELL32.dll
0x00007ffe00220000 - 0x00007ffe009c3000 	C:\WINDOWS\SYSTEM32\windows.storage.dll
0x00007ffe030e0000 - 0x00007ffe03433000 	C:\WINDOWS\System32\combase.dll
0x00007ffe01b30000 - 0x00007ffe01b5e000 	C:\WINDOWS\SYSTEM32\Wldp.dll
0x00007ffe03530000 - 0x00007ffe035fd000 	C:\WINDOWS\System32\OLEAUT32.dll
0x00007ffe03600000 - 0x00007ffe036ad000 	C:\WINDOWS\System32\SHCORE.dll
0x00007ffe04260000 - 0x00007ffe042b5000 	C:\WINDOWS\System32\shlwapi.dll
0x00007ffe02110000 - 0x00007ffe02134000 	C:\WINDOWS\SYSTEM32\profapi.dll
0x00007ffdfa430000 - 0x00007ffdfa449000 	C:\Users\user\.vscode\extensions\redhat.java-1.35.0-win32-x64\jre\17.0.12-win32-x86_64\bin\net.dll
0x00007ffdf9a10000 - 0x00007ffdf9b1d000 	C:\WINDOWS\SYSTEM32\WINHTTP.dll
0x00007ffe01910000 - 0x00007ffe0197a000 	C:\WINDOWS\system32\mswsock.dll
0x00007ffdf1be0000 - 0x00007ffdf1bf6000 	C:\Users\user\.vscode\extensions\redhat.java-1.35.0-win32-x64\jre\17.0.12-win32-x86_64\bin\nio.dll
0x00007ffdfbed0000 - 0x00007ffdfbee0000 	c:\Users\user\.vscode\extensions\redhat.java-1.35.0-win32-x64\jre\17.0.12-win32-x86_64\bin\verify.dll
0x00007ffe01e70000 - 0x00007ffe01e88000 	C:\WINDOWS\SYSTEM32\CRYPTSP.dll
0x00007ffe01180000 - 0x00007ffe011b4000 	C:\WINDOWS\system32\rsaenh.dll
0x00007ffe02090000 - 0x00007ffe020be000 	C:\WINDOWS\SYSTEM32\USERENV.dll
0x00007ffe01aa0000 - 0x00007ffe01aac000 	C:\WINDOWS\SYSTEM32\CRYPTBASE.dll
0x00007ffe015c0000 - 0x00007ffe015fb000 	C:\WINDOWS\SYSTEM32\IPHLPAPI.DLL
0x00007ffe02c30000 - 0x00007ffe02c38000 	C:\WINDOWS\System32\NSI.dll
0x00007ffdfb240000 - 0x00007ffdfb257000 	C:\WINDOWS\SYSTEM32\dhcpcsvc6.DLL
0x00007ffdfb220000 - 0x00007ffdfb23d000 	C:\WINDOWS\SYSTEM32\dhcpcsvc.DLL
0x00007ffe01610000 - 0x00007ffe016da000 	C:\WINDOWS\SYSTEM32\DNSAPI.dll
0x00007ffdfa330000 - 0x00007ffdfa339000 	C:\Users\user\.vscode\extensions\redhat.java-1.35.0-win32-x64\jre\17.0.12-win32-x86_64\bin\management.dll
0x00007ffdf6c30000 - 0x00007ffdf6c3b000 	C:\Users\user\.vscode\extensions\redhat.java-1.35.0-win32-x64\jre\17.0.12-win32-x86_64\bin\management_ext.dll
0x00007ffe042c0000 - 0x00007ffe042c8000 	C:\WINDOWS\System32\PSAPI.DLL
0x00007ffdfcde0000 - 0x00007ffdfcdee000 	C:\Users\user\.vscode\extensions\redhat.java-1.35.0-win32-x64\jre\17.0.12-win32-x86_64\bin\sunmscapi.dll
0x00007ffe02760000 - 0x00007ffe028bc000 	C:\WINDOWS\System32\CRYPT32.dll
0x00007ffe01ba0000 - 0x00007ffe01bc9000 	C:\WINDOWS\SYSTEM32\ncrypt.dll
0x00007ffe01b60000 - 0x00007ffe01b9b000 	C:\WINDOWS\SYSTEM32\NTASN1.dll
0x00007ffdfce10000 - 0x00007ffdfce17000 	C:\WINDOWS\system32\wshunix.dll
0x00007ffdfc750000 - 0x00007ffdfc759000 	C:\Users\user\.vscode\extensions\redhat.java-1.35.0-win32-x64\jre\17.0.12-win32-x86_64\bin\extnet.dll
0x00007ffdf4c40000 - 0x00007ffdf4c4a000 	C:\Windows\System32\rasadhlp.dll
0x00007ffdf9b90000 - 0x00007ffdf9c10000 	C:\WINDOWS\System32\fwpuclnt.dll

dbghelp: loaded successfully - version: 4.0.5 - missing functions: none
symbol engine: initialized successfully - sym options: 0x614 - pdb path: .;c:\Users\user\.vscode\extensions\redhat.java-1.35.0-win32-x64\jre\17.0.12-win32-x86_64\bin;C:\WINDOWS\SYSTEM32;C:\WINDOWS\WinSxS\amd64_microsoft.windows.common-controls_6595b64144ccf1df_6.0.19041.4355_none_60b8b9eb71f62e16;c:\Users\user\.vscode\extensions\redhat.java-1.35.0-win32-x64\jre\17.0.12-win32-x86_64\bin\server

VM Arguments:
jvm_args: -Xmx1024m -Dsts.lsp.client=vscode -Dsts.log.file=/dev/null -XX:TieredStopAtLevel=1 -Xlog:jni+resolve=off 
java_command: c:\Users\user\.vscode\extensions\vmware.vscode-spring-boot-1.57.0\language-server\spring-boot-language-server-1.57.0-SNAPSHOT-exec.jar
java_class_path (initial): c:\Users\user\.vscode\extensions\vmware.vscode-spring-boot-1.57.0\language-server\spring-boot-language-server-1.57.0-SNAPSHOT-exec.jar
Launcher Type: SUN_STANDARD

[Global flags]
     intx CICompilerCount                          = 3                                         {product} {ergonomic}
     uint ConcGCThreads                            = 1                                         {product} {ergonomic}
     uint G1ConcRefinementThreads                  = 4                                         {product} {ergonomic}
   size_t G1HeapRegionSize                         = 1048576                                   {product} {ergonomic}
    uintx GCDrainStackTargetSize                   = 64                                        {product} {ergonomic}
   size_t InitialHeapSize                          = 98566144                                  {product} {ergonomic}
   size_t MarkStackSize                            = 4194304                                   {product} {ergonomic}
   size_t MaxHeapSize                              = 1073741824                                {product} {command line}
   size_t MaxNewSize                               = 643825664                                 {product} {ergonomic}
   size_t MinHeapDeltaBytes                        = 1048576                                   {product} {ergonomic}
   size_t MinHeapSize                              = 8388608                                   {product} {ergonomic}
    uintx NonProfiledCodeHeapSize                  = 0                                      {pd product} {ergonomic}
     bool ProfileInterpreter                       = false                                  {pd product} {command line}
    uintx ProfiledCodeHeapSize                     = 0                                      {pd product} {ergonomic}
   size_t SoftMaxHeapSize                          = 1073741824                             {manageable} {ergonomic}
     intx TieredStopAtLevel                        = 1                                         {product} {command line}
     bool UseCompressedClassPointers               = true                           {product lp64_product} {ergonomic}
     bool UseCompressedOops                        = true                           {product lp64_product} {ergonomic}
     bool UseG1GC                                  = true                                      {product} {ergonomic}
     bool UseLargePagesIndividualAllocation        = false                                  {pd product} {ergonomic}

Logging:
Log output configuration:
 #0: stdout all=warning,jni+resolve=off uptime,level,tags
 #1: stderr all=off uptime,level,tags

Environment Variables:
JAVA_HOME=C:\Program Files\Java\jdk-21
PATH=C:\Program Files\Common Files\Oracle\Java\javapath;C:\WINDOWS\system32;C:\WINDOWS;C:\WINDOWS\System32\Wbem;C:\WINDOWS\System32\WindowsPowerShell\v1.0\;C:\WINDOWS\System32\OpenSSH\;C:\ProgramData\chocolatey\bin;C:\Program Files\Git\cmd;C:\Program Files\OpenSSL-Win64\bin;C:\Program Files\Docker\Docker\resources\bin;C:\Users\user\AppData\Roaming\nvm;C:\Program Files\nodejs;C:\Program Files\nodejs;C:\Program Files\nodejs;C:\Program Files\apache-maven-3.9.6\bin;C:\Program Files\Common Files\Oracle\Java\javapath;C:\WINDOWS\system32;C:\WINDOWS;C:\WINDOWS\System32\Wbem;C:\WINDOWS\System32\WindowsPowerShell\v1.0\;C:\WINDOWS\System32\OpenSSH\;C:\ProgramData\chocolatey\bin;C:\Program Files\Git\cmd;C:\Program Files\OpenSSL-Win64\bin;C:\Program Files\Docker\Docker\resources\bin;C:\Users\user\AppData\Roaming\nvm;C:\Program Files\nodejs;C:\Program Files\nodejs;C:\Program Files\nodejs;;C:\Users\user\AppData\Local\Programs\Microsoft VS Code\bin;C:\Users\user\AppData\Roaming\nvm;C:\Program Files\nodejs
USERNAME=user
OS=Windows_NT
PROCESSOR_IDENTIFIER=Intel64 Family 6 Model 37 Stepping 5, GenuineIntel
TMP=C:\Users\user\AppData\Local\Temp
TEMP=C:\Users\user\AppData\Local\Temp



Periodic native trim disabled


---------------  S Y S T E M  ---------------

OS:
 Windows 10 , 64 bit Build 19041 (10.0.19041.4842)
OS uptime: 0 days 1:27 hours
Hyper-V role detected

CPU: total 4 (initial active 4) (2 cores per cpu, 2 threads per core) family 6 model 37 stepping 5 microcode 0x7, cx8, cmov, fxsr, ht, mmx, sse, sse2, sse3, ssse3, sse4.1, sse4.2, popcnt, tsc, tscinvbit, clflush, hv
Processor Information for all 4 processors :
  Max Mhz: 2399, Current Mhz: 1066, Mhz Limit: 2399

Memory: 4k page, system-wide physical 5941M (389M free)
TotalPageFile size 8941M (AvailPageFile size 11M)
current process WorkingSet (physical memory assigned to process): 193M, peak: 193M
current process commit charge ("private bytes"): 221M, peak: 229M

vm_info: OpenJDK 64-Bit Server VM (17.0.12+7) for windows-amd64 JRE (17.0.12+7), built on Jul 16 2024 22:08:24 by "admin" with MS VC++ 16.10 / 16.11 (VS2019)

END.
