#
# There is insufficient memory for the Java Runtime Environment to continue.
# Native memory allocation (malloc) failed to allocate 422944 bytes. Error detail: Chunk::new
# Possible reasons:
#   The system is out of physical RAM or swap space
#   This process is running with CompressedOops enabled, and the Java Heap may be blocking the growth of the native heap
# Possible solutions:
#   Reduce memory load on the system
#   Increase physical memory or swap space
#   Check if swap backing store is full
#   Decrease Java heap size (-Xmx/-Xms)
#   Decrease number of Java threads
#   Decrease Java thread stack sizes (-Xss)
#   Set larger code cache with -XX:ReservedCodeCacheSize=
#   JVM is running with Unscaled Compressed Oops mode in which the Java heap is
#     placed in the first 4GB address space. The Java Heap base address is the
#     maximum limit for the native heap growth. Please use -XX:HeapBaseMinAddress
#     to set the Java Heap base and to place the Java Heap above 4GB virtual address.
# This output file may be truncated or incomplete.
#
#  Out of Memory Error (arena.cpp:191), pid=11808, tid=13004
#
# JRE version: OpenJDK Runtime Environment Temurin-17.0.12+7 (17.0.12+7) (build 17.0.12+7)
# Java VM: OpenJDK 64-Bit Server VM Temurin-17.0.12+7 (17.0.12+7, mixed mode, tiered, compressed oops, compressed class ptrs, parallel gc, windows-amd64)
# No core dump will be written. Minidumps are not enabled by default on client versions of Windows
#

---------------  S U M M A R Y ------------

Command Line: --add-modules=ALL-SYSTEM --add-opens=java.base/java.util=ALL-UNNAMED --add-opens=java.base/java.lang=ALL-UNNAMED --add-opens=java.base/sun.nio.fs=ALL-UNNAMED -Declipse.application=org.eclipse.jdt.ls.core.id1 -Dosgi.bundles.defaultStartLevel=4 -Declipse.product=org.eclipse.jdt.ls.core.product -Djava.import.generatesMetadataFilesAtProjectRoot=false -DDetectVMInstallationsJob.disabled=true -Dfile.encoding=utf8 -XX:+UseParallelGC -XX:GCTimeRatio=4 -XX:AdaptiveSizePolicyWeight=90 -Dsun.zip.disableMemoryMapping=true -Xmx1G -Xms100m -Xlog:disable -javaagent:c:\Users\user\.vscode\extensions\redhat.java-1.35.0-win32-x64\lombok\lombok-1.18.33.jar c:\Users\user\.vscode\extensions\redhat.java-1.35.0-win32-x64\server\plugins\org.eclipse.equinox.launcher_1.6.900.v20240613-2009.jar -configuration c:\Users\user\AppData\Roaming\Code\User\globalStorage\redhat.java\1.35.0\config_ss_win -data c:\Users\user\AppData\Roaming\Code\User\workspaceStorage\b9e5c6bf76a5906f90f2701a3e33a214\redhat.java\ss_ws --pipe=\\.\pipe\lsp-fb3b627a907fbc004fbdb87795b28885-sock

Host: Intel(R) Core(TM) i3 CPU       M 370  @ 2.40GHz, 4 cores, 5G,  Windows 10 , 64 bit Build 19041 (10.0.19041.4842)
Time: Fri Sep 27 20:55:36 2024 Paris, Madrid (heure duild 19041 (10.0.19041.4842) elapsed time: 5.479891 seconds (0d 0h 0m 5s)

---------------  T H R E A D  ---------------

Current thread (0x0000019df89144f0):  JavaThread "C2 CompilerThread0" daemon [_thread_in_native, id=13004, stack(0x0000009978700000,0x0000009978800000)]


Current CompileTask:
C2:   5480 1094       4       jdk.internal.jimage.ImageLocation::verify (218 bytes)

Stack: [0x0000009978700000,0x0000009978800000]
Native frames: (J=compiled Java code, j=interpreted, Vv=VM code, C=native code)
V  [jvm.dll+0x67f929]
V  [jvm.dll+0x8371ba]
V  [jvm.dll+0x838c7e]
V  [jvm.dll+0x8392e3]
V  [jvm.dll+0x24834f]
V  [jvm.dll+0xac9d4]
V  [jvm.dll+0xad01c]
V  [jvm.dll+0x3674a7]
V  [jvm.dll+0x33197a]
V  [jvm.dll+0x330e1a]
V  [jvm.dll+0x21a8b1]
V  [jvm.dll+0x219cf1]
V  [jvm.dll+0x1a58bd]
V  [jvm.dll+0x229a2d]
V  [jvm.dll+0x227bdc]
V  [jvm.dll+0x7ec1f7]
V  [jvm.dll+0x7e65dc]
V  [jvm.dll+0x67e7f7]
C  [ucrtbase.dll+0x21bb2]
C  [KERNEL32.DLL+0x17374]
C  [ntdll.dll+0x4cc91]


---------------  P R O C E S S  ---------------

Threads class SMR info:
_java_thread_list=0x0000019dfe44b710, length=12, elements={
0x0000019df1b4fba0, 0x0000019df1c08260, 0x0000019df88e8130, 0x0000019df1c0c4d0,
0x0000019df1c0d260, 0x0000019df1c0def0, 0x0000019df1c0e7c0, 0x0000019df89144f0,
0x0000019df893ddd0, 0x0000019df893ea90, 0x0000019df1bb37c0, 0x0000019dfdd37040
}

Java Threads: ( => current thread )
  0x0000019df1b4fba0 JavaThread "main" [_thread_in_native, id=5972, stack(0x0000009977e00000,0x0000009977f00000)]
  0x0000019df1c08260 JavaThread "Reference Handler" daemon [_thread_blocked, id=7336, stack(0x0000009978100000,0x0000009978200000)]
  0x0000019df88e8130 JavaThread "Finalizer" daemon [_thread_blocked, id=9536, stack(0x0000009978200000,0x0000009978300000)]
  0x0000019df1c0c4d0 JavaThread "Signal Dispatcher" daemon [_thread_blocked, id=5000, stack(0x0000009978300000,0x0000009978400000)]
  0x0000019df1c0d260 JavaThread "Attach Listener" daemon [_thread_blocked, id=5644, stack(0x0000009978400000,0x0000009978500000)]
  0x0000019df1c0def0 JavaThread "Service Thread" daemon [_thread_blocked, id=5772, stack(0x0000009978500000,0x0000009978600000)]
  0x0000019df1c0e7c0 JavaThread "Monitor Deflation Thread" daemon [_thread_blocked, id=8228, stack(0x0000009978600000,0x0000009978700000)]
=>0x0000019df89144f0 JavaThread "C2 CompilerThread0" daemon [_thread_in_native, id=13004, stack(0x0000009978700000,0x0000009978800000)]
  0x0000019df893ddd0 JavaThread "C1 CompilerThread0" daemon [_thread_blocked, id=11892, stack(0x0000009978800000,0x0000009978900000)]
  0x0000019df893ea90 JavaThread "Sweeper thread" daemon [_thread_blocked, id=13040, stack(0x0000009978900000,0x0000009978a00000)]
  0x0000019df1bb37c0 JavaThread "Common-Cleaner" daemon [_thread_blocked, id=1396, stack(0x0000009978a00000,0x0000009978b00000)]
  0x0000019dfdd37040 JavaThread "Notification Thread" daemon [_thread_blocked, id=4372, stack(0x0000009978b00000,0x0000009978c00000)]

Other Threads:
  0x0000019df88d68b0 VMThread "VM Thread" [stack: 0x0000009978000000,0x0000009978100000] [id=9264]
  0x0000019dfdd37520 WatcherThread [stack: 0x0000009978c00000,0x0000009978d00000] [id=7368]
  0x0000019df1b656a0 GCTaskThread "GC Thread#0" [stack: 0x0000009977f00000,0x0000009978000000] [id=11576]
  0x0000019dfe381400 GCTaskThread "GC Thread#1" [stack: 0x0000009978d00000,0x0000009978e00000] [id=11300]
  0x0000019dfe389b60 GCTaskThread "GC Thread#2" [stack: 0x0000009978e00000,0x0000009978f00000] [id=4580]
  0x0000019dfe389e20 GCTaskThread "GC Thread#3" [stack: 0x0000009978f00000,0x0000009979000000] [id=9764]

Threads with active compile tasks:
C2 CompilerThread0     5539 1094       4       jdk.internal.jimage.ImageLocation::verify (218 bytes)

VM state: not at safepoint (normal execution)

VM Mutex/Monitor currently owned by a thread: None

Heap address: 0x00000000c0000000, size: 1024 MB, Compressed Oops mode: 32-bit

CDS archive(s) not mapped
Compressed class space mapped at: 0x0000000100000000-0x0000000140000000, reserved size: 1073741824
Narrow klass base: 0x0000000000000000, Narrow klass shift: 3, Narrow klass range: 0x140000000

GC Precious Log:
 CPUs: 4 total, 4 available
 Memory: 5941M
 Large Page Support: Disabled
 NUMA Support: Disabled
 Compressed Oops: Enabled (32-bit)
 Alignments: Space 512K, Generation 512K, Heap 2M
 Heap Min Capacity: 100M
 Heap Initial Capacity: 100M
 Heap Max Capacity: 1G
 Pre-touch: Disabled
 Parallel Workers: 4

Heap:
 PSYoungGen      total 29696K, used 10853K [0x00000000eab00000, 0x00000000ecc00000, 0x0000000100000000)
  eden space 25600K, 30% used [0x00000000eab00000,0x00000000eb281f30,0x00000000ec400000)
  from space 4096K, 77% used [0x00000000ec400000,0x00000000ec7177c8,0x00000000ec800000)
  to   space 4096K, 0% used [0x00000000ec800000,0x00000000ec800000,0x00000000ecc00000)
 ParOldGen       total 68608K, used 0K [0x00000000c0000000, 0x00000000c4300000, 0x00000000eab00000)
  object space 68608K, 0% used [0x00000000c0000000,0x00000000c0000000,0x00000000c4300000)
 Metaspace       used 12191K, committed 12352K, reserved 1114112K
  class space    used 1192K, committed 1216K, reserved 1048576K

Card table byte_map: [0x0000019df61b0000,0x0000019df63c0000] _byte_map_base: 0x0000019df5bb0000

Marking Bits: (ParMarkBitMap*) 0x00007ffcceb758b0
 Begin Bits: [0x0000019df6520000, 0x0000019df7520000)
 End Bits:   [0x0000019df7520000, 0x0000019df8520000)

Polling page: 0x0000019df5fa0000

Metaspace:

Usage:
  Non-class:     10.74 MB used.
      Class:      1.16 MB used.
       Both:     11.91 MB used.

Virtual space:
  Non-class space:       64.00 MB reserved,      10.88 MB ( 17%) committed,  1 nodes.
      Class space:        1.00 GB reserved,       1.19 MB ( <1%) committed,  1 nodes.
             Both:        1.06 GB reserved,      12.06 MB (  1%) committed. 

Chunk freelists:
   Non-Class:  4.36 MB
       Class:  14.62 MB
        Both:  18.98 MB

MaxMetaspaceSize: unlimited
CompressedClassSpaceSize: 1.00 GB
Initial GC threshold: 21.00 MB
Current GC threshold: 21.00 MB
CDS: off
MetaspaceReclaimPolicy: balanced
 - commit_granule_bytes: 65536.
 - commit_granule_words: 8192.
 - virtual_space_node_default_size: 8388608.
 - enlarge_chunks_in_place: 1.
 - new_chunks_are_fully_committed: 0.
 - uncommit_free_chunks: 1.
 - use_allocation_guard: 0.
 - handle_deallocations: 1.


Internal statistics:

num_allocs_failed_limit: 0.
num_arena_births: 30.
num_arena_deaths: 0.
num_vsnodes_births: 2.
num_vsnodes_deaths: 0.
num_space_committed: 193.
num_space_uncommitted: 0.
num_chunks_returned_to_freelist: 0.
num_chunks_taken_from_freelist: 137.
num_chunk_merges: 0.
num_chunk_splits: 94.
num_chunks_enlarged: 78.
num_inconsistent_stats: 0.

CodeHeap 'non-profiled nmethods': size=120000Kb used=431Kb max_used=431Kb free=119568Kb
 bounds [0x0000019d87ad0000, 0x0000019d87d40000, 0x0000019d8f000000]
CodeHeap 'profiled nmethods': size=120000Kb used=1965Kb max_used=1965Kb free=118034Kb
 bounds [0x0000019d80000000, 0x0000019d80270000, 0x0000019d87530000]
CodeHeap 'non-nmethods': size=5760Kb used=1143Kb max_used=1163Kb free=4616Kb
 bounds [0x0000019d87530000, 0x0000019d877a0000, 0x0000019d87ad0000]
 total_blobs=1533 nmethods=1096 adapters=353
 compilation: enabled
              stopped_count=0, restarted_count=0
 full_count=0

Compilation events (20 events):
Event: 5.233 Thread 0x0000019df893ddd0 nmethod 1087 0x0000019d801e4b90 code [0x0000019d801e4d20, 0x0000019d801e4e58]
Event: 5.233 Thread 0x0000019df893ddd0 1088       3       org.lombokweb.asm.Symbol::<init> (38 bytes)
Event: 5.234 Thread 0x0000019df893ddd0 nmethod 1088 0x0000019d801e4f10 code [0x0000019d801e50a0, 0x0000019d801e5258]
Event: 5.234 Thread 0x0000019df893ddd0 1089       3       org.lombokweb.asm.SymbolTable::add (39 bytes)
Event: 5.234 Thread 0x0000019df893ddd0 nmethod 1089 0x0000019d801e5390 code [0x0000019d801e5540, 0x0000019d801e57f8]
Event: 5.234 Thread 0x0000019df893ddd0 1090       3       org.lombokweb.asm.ClassReader::readUTF8 (23 bytes)
Event: 5.235 Thread 0x0000019df893ddd0 nmethod 1090 0x0000019d801e5910 code [0x0000019d801e5ac0, 0x0000019d801e5d18]
Event: 5.235 Thread 0x0000019df893ddd0 1091       3       org.lombokweb.asm.SymbolTable::addConstantUtf8 (20 bytes)
Event: 5.235 Thread 0x0000019df893ddd0 nmethod 1091 0x0000019d801e5e10 code [0x0000019d801e5fe0, 0x0000019d801e6288]
Event: 5.236 Thread 0x0000019df893ddd0 1092       3       java.io.File::getAbsolutePath (8 bytes)
Event: 5.237 Thread 0x0000019df893ddd0 nmethod 1092 0x0000019d801e6410 code [0x0000019d801e65c0, 0x0000019d801e6728]
Event: 5.347 Thread 0x0000019df893ddd0 1093       3       java.net.URI::toString (16 bytes)
Event: 5.348 Thread 0x0000019df893ddd0 nmethod 1093 0x0000019d801e6810 code [0x0000019d801e69c0, 0x0000019d801e6b48]
Event: 5.413 Thread 0x0000019df89144f0 1094       4       jdk.internal.jimage.ImageLocation::verify (218 bytes)
Event: 5.445 Thread 0x0000019df893ddd0 1096   !   3       sun.net.www.ParseUtil::decode (317 bytes)
Event: 5.452 Thread 0x0000019df893ddd0 nmethod 1096 0x0000019d801e6c10 code [0x0000019d801e71a0, 0x0000019d801e9dd8]
Event: 5.453 Thread 0x0000019df893ddd0 1097       3       java.io.File::<init> (20 bytes)
Event: 5.453 Thread 0x0000019df893ddd0 nmethod 1097 0x0000019d801eb010 code [0x0000019d801eb1a0, 0x0000019d801eb338]
Event: 5.455 Thread 0x0000019df893ddd0 1099       3       org.lombokweb.asm.SymbolTable::hash (10 bytes)
Event: 5.455 Thread 0x0000019df893ddd0 nmethod 1099 0x0000019d801eb410 code [0x0000019d801eb5a0, 0x0000019d801eb6c8]

GC Heap History (2 events):
Event: 4.285 GC heap before
{Heap before GC invocations=1 (full 0):
 PSYoungGen      total 29696K, used 25600K [0x00000000eab00000, 0x00000000ecc00000, 0x0000000100000000)
  eden space 25600K, 100% used [0x00000000eab00000,0x00000000ec400000,0x00000000ec400000)
  from space 4096K, 0% used [0x00000000ec800000,0x00000000ec800000,0x00000000ecc00000)
  to   space 4096K, 0% used [0x00000000ec400000,0x00000000ec400000,0x00000000ec800000)
 ParOldGen       total 68608K, used 0K [0x00000000c0000000, 0x00000000c4300000, 0x00000000eab00000)
  object space 68608K, 0% used [0x00000000c0000000,0x00000000c0000000,0x00000000c4300000)
 Metaspace       used 10964K, committed 11200K, reserved 1114112K
  class space    used 1089K, committed 1216K, reserved 1048576K
}
Event: 4.306 GC heap after
{Heap after GC invocations=1 (full 0):
 PSYoungGen      total 29696K, used 3165K [0x00000000eab00000, 0x00000000ecc00000, 0x0000000100000000)
  eden space 25600K, 0% used [0x00000000eab00000,0x00000000eab00000,0x00000000ec400000)
  from space 4096K, 77% used [0x00000000ec400000,0x00000000ec7177c8,0x00000000ec800000)
  to   space 4096K, 0% used [0x00000000ec800000,0x00000000ec800000,0x00000000ecc00000)
 ParOldGen       total 68608K, used 0K [0x00000000c0000000, 0x00000000c4300000, 0x00000000eab00000)
  object space 68608K, 0% used [0x00000000c0000000,0x00000000c0000000,0x00000000c4300000)
 Metaspace       used 10964K, committed 11200K, reserved 1114112K
  class space    used 1089K, committed 1216K, reserved 1048576K
}

Dll operation events (8 events):
Event: 0.022 Loaded shared library c:\Users\user\.vscode\extensions\redhat.java-1.35.0-win32-x64\jre\17.0.12-win32-x86_64\bin\java.dll
Event: 0.612 Loaded shared library c:\Users\user\.vscode\extensions\redhat.java-1.35.0-win32-x64\jre\17.0.12-win32-x86_64\bin\zip.dll
Event: 0.626 Loaded shared library C:\Users\user\.vscode\extensions\redhat.java-1.35.0-win32-x64\jre\17.0.12-win32-x86_64\bin\instrument.dll
Event: 0.724 Loaded shared library C:\Users\user\.vscode\extensions\redhat.java-1.35.0-win32-x64\jre\17.0.12-win32-x86_64\bin\net.dll
Event: 0.730 Loaded shared library C:\Users\user\.vscode\extensions\redhat.java-1.35.0-win32-x64\jre\17.0.12-win32-x86_64\bin\nio.dll
Event: 0.802 Loaded shared library C:\Users\user\.vscode\extensions\redhat.java-1.35.0-win32-x64\jre\17.0.12-win32-x86_64\bin\zip.dll
Event: 0.935 Loaded shared library C:\Users\user\.vscode\extensions\redhat.java-1.35.0-win32-x64\jre\17.0.12-win32-x86_64\bin\jimage.dll
Event: 1.351 Loaded shared library c:\Users\user\.vscode\extensions\redhat.java-1.35.0-win32-x64\jre\17.0.12-win32-x86_64\bin\verify.dll

Deoptimization events (20 events):
Event: 4.993 Thread 0x0000019df1b4fba0 Uncommon trap: trap_request=0xffffff45 fr.pc=0x0000019d87b0ad28 relative=0x0000000000000e88
Event: 4.993 Thread 0x0000019df1b4fba0 Uncommon trap: reason=unstable_if action=reinterpret pc=0x0000019d87b0ad28 method=lombok.patcher.PatchScript.classMatches(Ljava/lang/String;Ljava/util/Collection;)Z @ 25 c2
Event: 4.993 Thread 0x0000019df1b4fba0 DEOPT PACKING pc=0x0000019d87b0ad28 sp=0x0000009977ef80b0
Event: 4.993 Thread 0x0000019df1b4fba0 DEOPT UNPACKING pc=0x0000019d8758669d sp=0x0000009977ef8070 mode 2
Event: 4.993 Thread 0x0000019df1b4fba0 Uncommon trap: trap_request=0xffffff45 fr.pc=0x0000019d87b01614 relative=0x0000000000000074
Event: 4.993 Thread 0x0000019df1b4fba0 Uncommon trap: reason=unstable_if action=reinterpret pc=0x0000019d87b01614 method=lombok.patcher.scripts.MethodLevelPatchScript.patch(Ljava/lang/String;[BLlombok/patcher/TransplantMapper;)[B @ 8 c2
Event: 4.993 Thread 0x0000019df1b4fba0 DEOPT PACKING pc=0x0000019d87b01614 sp=0x0000009977ef8120
Event: 4.993 Thread 0x0000019df1b4fba0 DEOPT UNPACKING pc=0x0000019d8758669d sp=0x0000009977ef80b0 mode 2
Event: 5.054 Thread 0x0000019df1b4fba0 DEOPT PACKING pc=0x0000019d80078045 sp=0x0000009977ef7570
Event: 5.054 Thread 0x0000019df1b4fba0 DEOPT UNPACKING pc=0x0000019d87586e24 sp=0x0000009977ef6a20 mode 0
Event: 5.145 Thread 0x0000019df1b4fba0 DEOPT PACKING pc=0x0000019d80078045 sp=0x0000009977ef3950
Event: 5.145 Thread 0x0000019df1b4fba0 DEOPT UNPACKING pc=0x0000019d87586e24 sp=0x0000009977ef2e00 mode 0
Event: 5.425 Thread 0x0000019df1b4fba0 Uncommon trap: trap_request=0xffffffc6 fr.pc=0x0000019d87afaf1c relative=0x000000000000027c
Event: 5.425 Thread 0x0000019df1b4fba0 Uncommon trap: reason=bimorphic_or_optimized_type_check action=maybe_recompile pc=0x0000019d87afaf1c method=java.util.Collections$UnmodifiableCollection$1.next()Ljava/lang/Object; @ 4 c2
Event: 5.425 Thread 0x0000019df1b4fba0 DEOPT PACKING pc=0x0000019d87afaf1c sp=0x0000009977ef7b70
Event: 5.425 Thread 0x0000019df1b4fba0 DEOPT UNPACKING pc=0x0000019d8758669d sp=0x0000009977ef7b20 mode 2
Event: 5.425 Thread 0x0000019df1b4fba0 Uncommon trap: trap_request=0xffffffc6 fr.pc=0x0000019d87afaf1c relative=0x000000000000027c
Event: 5.425 Thread 0x0000019df1b4fba0 Uncommon trap: reason=bimorphic_or_optimized_type_check action=maybe_recompile pc=0x0000019d87afaf1c method=java.util.Collections$UnmodifiableCollection$1.next()Ljava/lang/Object; @ 4 c2
Event: 5.425 Thread 0x0000019df1b4fba0 DEOPT PACKING pc=0x0000019d87afaf1c sp=0x0000009977ef7b70
Event: 5.425 Thread 0x0000019df1b4fba0 DEOPT UNPACKING pc=0x0000019d8758669d sp=0x0000009977ef7b20 mode 2

Classes loaded (20 events):
Event: 4.737 Loading class java/util/concurrent/SynchronousQueue$TransferStack
Event: 4.737 Loading class java/util/concurrent/SynchronousQueue$Transferer
Event: 4.737 Loading class java/util/concurrent/SynchronousQueue$Transferer done
Event: 4.737 Loading class java/util/concurrent/SynchronousQueue$TransferStack done
Event: 4.737 Loading class java/util/concurrent/SynchronousQueue$TransferStack$SNode
Event: 4.737 Loading class java/util/concurrent/ForkJoinPool$ManagedBlocker
Event: 4.738 Loading class java/util/concurrent/ForkJoinPool$ManagedBlocker done
Event: 4.738 Loading class java/util/concurrent/SynchronousQueue$TransferStack$SNode done
Event: 4.768 Loading class java/util/concurrent/RejectedExecutionHandler
Event: 4.768 Loading class java/util/concurrent/RejectedExecutionHandler done
Event: 4.768 Loading class java/util/concurrent/LinkedBlockingQueue
Event: 4.769 Loading class java/util/concurrent/LinkedBlockingQueue done
Event: 4.772 Loading class java/util/concurrent/LinkedBlockingQueue$Node
Event: 4.772 Loading class java/util/concurrent/LinkedBlockingQueue$Node done
Event: 4.845 Loading class java/util/concurrent/Semaphore$NonfairSync
Event: 4.845 Loading class java/util/concurrent/Semaphore$Sync
Event: 4.846 Loading class java/util/concurrent/Semaphore$Sync done
Event: 4.846 Loading class java/util/concurrent/Semaphore$NonfairSync done
Event: 5.100 Loading class java/lang/TypeNotPresentException
Event: 5.100 Loading class java/lang/TypeNotPresentException done

Classes unloaded (0 events):
No events

Classes redefined (0 events):
No events

Internal exceptions (20 events):
Event: 2.570 Thread 0x0000019df1b4fba0 Exception <a 'java/io/FileNotFoundException'{0x00000000eb88b8e8}> (0x00000000eb88b8e8) 
thrown [s\src\hotspot\share\prims\jni.cpp, line 516]
Event: 2.571 Thread 0x0000019df1b4fba0 Exception <a 'java/io/FileNotFoundException'{0x00000000eb88ca08}> (0x00000000eb88ca08) 
thrown [s\src\hotspot\share\prims\jni.cpp, line 516]
Event: 2.571 Thread 0x0000019df1b4fba0 Exception <a 'java/io/FileNotFoundException'{0x00000000eb88db20}> (0x00000000eb88db20) 
thrown [s\src\hotspot\share\prims\jni.cpp, line 516]
Event: 2.572 Thread 0x0000019df1b4fba0 Exception <a 'java/io/FileNotFoundException'{0x00000000eb88ec08}> (0x00000000eb88ec08) 
thrown [s\src\hotspot\share\prims\jni.cpp, line 516]
Event: 2.588 Thread 0x0000019df1b4fba0 Exception <a 'java/io/FileNotFoundException'{0x00000000eb8c7df0}> (0x00000000eb8c7df0) 
thrown [s\src\hotspot\share\prims\jni.cpp, line 516]
Event: 3.376 Thread 0x0000019df1b4fba0 Exception <a 'java/lang/ClassNotFoundException'{0x00000000ec0f2ac0}: sun/net/www/protocol/c/Handler> (0x00000000ec0f2ac0) 
thrown [s\src\hotspot\share\classfile\systemDictionary.cpp, line 256]
Event: 3.378 Thread 0x0000019df1b4fba0 Exception <a 'java/lang/ClassNotFoundException'{0x00000000ec0f3e30}: sun/net/www/protocol/c/Handler> (0x00000000ec0f3e30) 
thrown [s\src\hotspot\share\classfile\systemDictionary.cpp, line 256]
Event: 3.380 Thread 0x0000019df1b4fba0 Exception <a 'java/lang/ClassNotFoundException'{0x00000000ec0f4ff8}: sun/net/www/protocol/c/Handler> (0x00000000ec0f4ff8) 
thrown [s\src\hotspot\share\classfile\systemDictionary.cpp, line 256]
Event: 3.499 Thread 0x0000019df1b4fba0 Exception <a 'java/io/FileNotFoundException'{0x00000000ec11a2b0}> (0x00000000ec11a2b0) 
thrown [s\src\hotspot\share\prims\jni.cpp, line 516]
Event: 3.789 Thread 0x0000019df1b4fba0 Implicit null exception at 0x0000019d87b11c5b to 0x0000019d87b12624
Event: 3.791 Thread 0x0000019df1b4fba0 Implicit null exception at 0x0000019d87b1e68c to 0x0000019d87b1e8c4
Event: 3.791 Thread 0x0000019df1b4fba0 Implicit null exception at 0x0000019d87b15a0c to 0x0000019d87b15c18
Event: 3.798 Thread 0x0000019df1b4fba0 Implicit null exception at 0x0000019d87b21d0f to 0x0000019d87b21d85
Event: 4.281 Thread 0x0000019df1b4fba0 Exception <a 'java/lang/NoSuchMethodError'{0x00000000ec3f8c70}: 'int java.lang.invoke.DirectMethodHandle$Holder.invokeStaticInit(java.lang.Object, java.lang.Object, java.lang.Object, java.lang.Object)'> (0x00000000ec3f8c70) 
thrown [s\src\hotspot\share\interpreter\linkResolver.cpp, line 759]
Event: 4.309 Thread 0x0000019df1b4fba0 Exception <a 'java/lang/NoSuchMethodError'{0x00000000eab03620}: 'java.lang.Object java.lang.invoke.DirectMethodHandle$Holder.invokeInterface(java.lang.Object, java.lang.Object)'> (0x00000000eab03620) 
thrown [s\src\hotspot\share\interpreter\linkResolver.cpp, line 759]
Event: 4.311 Thread 0x0000019df1b4fba0 Exception <a 'java/lang/IncompatibleClassChangeError'{0x00000000eab06e18}: Found class java.lang.Object, but interface was expected> (0x00000000eab06e18) 
thrown [s\src\hotspot\share\interpreter\linkResolver.cpp, line 826]
Event: 4.316 Thread 0x0000019df1b4fba0 Exception <a 'java/lang/NoSuchMethodError'{0x00000000eab0b2f8}: 'void java.lang.invoke.DirectMethodHandle$Holder.invokeStatic(java.lang.Object, java.lang.Object)'> (0x00000000eab0b2f8) 
thrown [s\src\hotspot\share\interpreter\linkResolver.cpp, line 759]
Event: 4.318 Thread 0x0000019df1b4fba0 Exception <a 'java/lang/NoSuchMethodError'{0x00000000eab0eaf8}: 'void java.lang.invoke.DirectMethodHandle$Holder.invokeStaticInit(java.lang.Object, java.lang.Object)'> (0x00000000eab0eaf8) 
thrown [s\src\hotspot\share\interpreter\linkResolver.cpp, line 759]
Event: 4.321 Thread 0x0000019df1b4fba0 Exception <a 'java/lang/NoSuchMethodError'{0x00000000eab15fd8}: 'int java.lang.invoke.DirectMethodHandle$Holder.invokeStaticInit(java.lang.Object, java.lang.Object)'> (0x00000000eab15fd8) 
thrown [s\src\hotspot\share\interpreter\linkResolver.cpp, line 759]
Event: 4.584 Thread 0x0000019df1b4fba0 Exception <a 'java/lang/NoSuchMethodError'{0x00000000eac80a70}: 'void java.lang.invoke.DirectMethodHandle$Holder.invokeSpecial(java.lang.Object, java.lang.Object, java.lang.Object)'> (0x00000000eac80a70) 
thrown [s\src\hotspot\share\interpreter\linkResolver.cpp, line 759]

VM Operations (18 events):
Event: 0.499 Executing VM operation: HandshakeAllThreads
Event: 0.499 Executing VM operation: HandshakeAllThreads done
Event: 1.065 Executing VM operation: HandshakeAllThreads
Event: 1.065 Executing VM operation: HandshakeAllThreads done
Event: 2.071 Executing VM operation: Cleanup
Event: 2.071 Executing VM operation: Cleanup done
Event: 2.420 Executing VM operation: HandshakeAllThreads
Event: 2.420 Executing VM operation: HandshakeAllThreads done
Event: 2.498 Executing VM operation: HandshakeAllThreads
Event: 2.498 Executing VM operation: HandshakeAllThreads done
Event: 3.318 Executing VM operation: HandshakeAllThreads
Event: 3.318 Executing VM operation: HandshakeAllThreads done
Event: 3.318 Executing VM operation: Cleanup
Event: 3.318 Executing VM operation: Cleanup done
Event: 4.284 Executing VM operation: ParallelGCFailedAllocation
Event: 4.306 Executing VM operation: ParallelGCFailedAllocation done
Event: 5.320 Executing VM operation: Cleanup
Event: 5.321 Executing VM operation: Cleanup done

Events (16 events):
Event: 0.090 Thread 0x0000019df1b4fba0 Thread added: 0x0000019df1b4fba0
Event: 0.122 Thread 0x0000019df1c08260 Thread added: 0x0000019df1c08260
Event: 0.124 Thread 0x0000019df88e8130 Thread added: 0x0000019df88e8130
Event: 0.170 Thread 0x0000019df1c0c4d0 Thread added: 0x0000019df1c0c4d0
Event: 0.171 Thread 0x0000019df1c0d260 Thread added: 0x0000019df1c0d260
Event: 0.171 Thread 0x0000019df1c0def0 Thread added: 0x0000019df1c0def0
Event: 0.171 Thread 0x0000019df1c0e7c0 Thread added: 0x0000019df1c0e7c0
Event: 0.172 Thread 0x0000019df89144f0 Thread added: 0x0000019df89144f0
Event: 0.178 Thread 0x0000019df893ddd0 Thread added: 0x0000019df893ddd0
Event: 0.184 Thread 0x0000019df893ea90 Thread added: 0x0000019df893ea90
Event: 0.414 Thread 0x0000019df1bb37c0 Thread added: 0x0000019df1bb37c0
Event: 1.750 Thread 0x0000019dfdd37040 Thread added: 0x0000019dfdd37040
Event: 2.454 Thread 0x0000019dfe24fa60 Thread added: 0x0000019dfe24fa60
Event: 3.504 Thread 0x0000019dfe24fa60 Thread exited: 0x0000019dfe24fa60
Event: 4.914 Thread 0x0000019dfe3b2f30 Thread added: 0x0000019dfe3b2f30
Event: 5.347 Thread 0x0000019dfe3b2f30 Thread exited: 0x0000019dfe3b2f30


Dynamic libraries:
0x00007ff777c00000 - 0x00007ff777c0e000 	c:\Users\user\.vscode\extensions\redhat.java-1.35.0-win32-x64\jre\17.0.12-win32-x86_64\bin\java.exe
0x00007ffd07050000 - 0x00007ffd07248000 	C:\WINDOWS\SYSTEM32\ntdll.dll
0x00007ffd066a0000 - 0x00007ffd06761000 	C:\WINDOWS\System32\KERNEL32.DLL
0x00007ffd049b0000 - 0x00007ffd04cad000 	C:\WINDOWS\System32\KERNELBASE.dll
0x00007ffd04db0000 - 0x00007ffd04eb0000 	C:\WINDOWS\System32\ucrtbase.dll
0x00007ffcff600000 - 0x00007ffcff617000 	c:\Users\user\.vscode\extensions\redhat.java-1.35.0-win32-x64\jre\17.0.12-win32-x86_64\bin\jli.dll
0x00007ffd061b0000 - 0x00007ffd0634d000 	C:\WINDOWS\System32\USER32.dll
0x00007ffd04700000 - 0x00007ffd04722000 	C:\WINDOWS\System32\win32u.dll
0x00007ffd06430000 - 0x00007ffd0645b000 	C:\WINDOWS\System32\GDI32.dll
0x00007ffd04890000 - 0x00007ffd049a7000 	C:\WINDOWS\System32\gdi32full.dll
0x00007ffd04f40000 - 0x00007ffd04fdd000 	C:\WINDOWS\System32\msvcp_win.dll
0x00007ffcfcc70000 - 0x00007ffcfcc8b000 	c:\Users\user\.vscode\extensions\redhat.java-1.35.0-win32-x64\jre\17.0.12-win32-x86_64\bin\VCRUNTIME140.dll
0x00007ffcf5640000 - 0x00007ffcf58da000 	C:\WINDOWS\WinSxS\amd64_microsoft.windows.common-controls_6595b64144ccf1df_6.0.19041.4355_none_60b8b9eb71f62e16\COMCTL32.dll
0x00007ffd06b00000 - 0x00007ffd06b9e000 	C:\WINDOWS\System32\msvcrt.dll
0x00007ffd06770000 - 0x00007ffd0679f000 	C:\WINDOWS\System32\IMM32.DLL
0x00007ffcff5f0000 - 0x00007ffcff5fc000 	c:\Users\user\.vscode\extensions\redhat.java-1.35.0-win32-x64\jre\17.0.12-win32-x86_64\bin\vcruntime140_1.dll
0x00007ffcef1c0000 - 0x00007ffcef24d000 	c:\Users\user\.vscode\extensions\redhat.java-1.35.0-win32-x64\jre\17.0.12-win32-x86_64\bin\msvcp140.dll
0x00007ffccdfd0000 - 0x00007ffccec3a000 	c:\Users\user\.vscode\extensions\redhat.java-1.35.0-win32-x64\jre\17.0.12-win32-x86_64\bin\server\jvm.dll
0x00007ffd05a80000 - 0x00007ffd05b30000 	C:\WINDOWS\System32\ADVAPI32.dll
0x00007ffd05f40000 - 0x00007ffd05fe0000 	C:\WINDOWS\System32\sechost.dll
0x00007ffd064e0000 - 0x00007ffd06603000 	C:\WINDOWS\System32\RPCRT4.dll
0x00007ffd05050000 - 0x00007ffd05077000 	C:\WINDOWS\System32\bcrypt.dll
0x00007ffd05a10000 - 0x00007ffd05a7b000 	C:\WINDOWS\System32\WS2_32.dll
0x00007ffd03c00000 - 0x00007ffd03c4b000 	C:\WINDOWS\SYSTEM32\POWRPROF.dll
0x00007ffcf7120000 - 0x00007ffcf7147000 	C:\WINDOWS\SYSTEM32\WINMM.dll
0x00007ffcf4920000 - 0x00007ffcf492a000 	C:\WINDOWS\SYSTEM32\VERSION.dll
0x00007ffd03ac0000 - 0x00007ffd03ad2000 	C:\WINDOWS\SYSTEM32\UMPDC.dll
0x00007ffd02540000 - 0x00007ffd02552000 	C:\WINDOWS\SYSTEM32\kernel.appcore.dll
0x00007ffcfee20000 - 0x00007ffcfee2a000 	c:\Users\user\.vscode\extensions\redhat.java-1.35.0-win32-x64\jre\17.0.12-win32-x86_64\bin\jimage.dll
0x00007ffcec670000 - 0x00007ffcec854000 	C:\WINDOWS\SYSTEM32\DBGHELP.DLL
0x00007ffcec630000 - 0x00007ffcec664000 	C:\WINDOWS\SYSTEM32\dbgcore.DLL
0x00007ffd04eb0000 - 0x00007ffd04f32000 	C:\WINDOWS\System32\bcryptPrimitives.dll
0x00007ffcfee00000 - 0x00007ffcfee0e000 	c:\Users\user\.vscode\extensions\redhat.java-1.35.0-win32-x64\jre\17.0.12-win32-x86_64\bin\instrument.dll
0x00007ffcfc6b0000 - 0x00007ffcfc6d5000 	c:\Users\user\.vscode\extensions\redhat.java-1.35.0-win32-x64\jre\17.0.12-win32-x86_64\bin\java.dll
0x00007ffcfc560000 - 0x00007ffcfc578000 	c:\Users\user\.vscode\extensions\redhat.java-1.35.0-win32-x64\jre\17.0.12-win32-x86_64\bin\zip.dll
0x00007ffd050f0000 - 0x00007ffd0585f000 	C:\WINDOWS\System32\SHELL32.dll
0x00007ffd02740000 - 0x00007ffd02ee3000 	C:\WINDOWS\SYSTEM32\windows.storage.dll
0x00007ffd05b30000 - 0x00007ffd05e83000 	C:\WINDOWS\System32\combase.dll
0x00007ffd04050000 - 0x00007ffd0407e000 	C:\WINDOWS\SYSTEM32\Wldp.dll
0x00007ffd060e0000 - 0x00007ffd061ad000 	C:\WINDOWS\System32\OLEAUT32.dll
0x00007ffd05e90000 - 0x00007ffd05f3d000 	C:\WINDOWS\System32\SHCORE.dll
0x00007ffd05090000 - 0x00007ffd050e5000 	C:\WINDOWS\System32\shlwapi.dll
0x00007ffd04630000 - 0x00007ffd04654000 	C:\WINDOWS\SYSTEM32\profapi.dll
0x00007ffcfc4c0000 - 0x00007ffcfc4d9000 	C:\Users\user\.vscode\extensions\redhat.java-1.35.0-win32-x64\jre\17.0.12-win32-x86_64\bin\net.dll
0x00007ffcfb5c0000 - 0x00007ffcfb6cd000 	C:\WINDOWS\SYSTEM32\WINHTTP.dll
0x00007ffd03e30000 - 0x00007ffd03e9a000 	C:\WINDOWS\system32\mswsock.dll
0x00007ffcfb3c0000 - 0x00007ffcfb3d6000 	C:\Users\user\.vscode\extensions\redhat.java-1.35.0-win32-x64\jre\17.0.12-win32-x86_64\bin\nio.dll
0x00007ffcfe750000 - 0x00007ffcfe760000 	c:\Users\user\.vscode\extensions\redhat.java-1.35.0-win32-x64\jre\17.0.12-win32-x86_64\bin\verify.dll

dbghelp: loaded successfully - version: 4.0.5 - missing functions: none
symbol engine: initialized successfully - sym options: 0x614 - pdb path: .;c:\Users\user\.vscode\extensions\redhat.java-1.35.0-win32-x64\jre\17.0.12-win32-x86_64\bin;C:\WINDOWS\SYSTEM32;C:\WINDOWS\WinSxS\amd64_microsoft.windows.common-controls_6595b64144ccf1df_6.0.19041.4355_none_60b8b9eb71f62e16;c:\Users\user\.vscode\extensions\redhat.java-1.35.0-win32-x64\jre\17.0.12-win32-x86_64\bin\server

VM Arguments:
jvm_args: --add-modules=ALL-SYSTEM --add-opens=java.base/java.util=ALL-UNNAMED --add-opens=java.base/java.lang=ALL-UNNAMED --add-opens=java.base/sun.nio.fs=ALL-UNNAMED -Declipse.application=org.eclipse.jdt.ls.core.id1 -Dosgi.bundles.defaultStartLevel=4 -Declipse.product=org.eclipse.jdt.ls.core.product -Djava.import.generatesMetadataFilesAtProjectRoot=false -DDetectVMInstallationsJob.disabled=true -Dfile.encoding=utf8 -XX:+UseParallelGC -XX:GCTimeRatio=4 -XX:AdaptiveSizePolicyWeight=90 -Dsun.zip.disableMemoryMapping=true -Xmx1G -Xms100m -Xlog:disable -javaagent:c:\Users\user\.vscode\extensions\redhat.java-1.35.0-win32-x64\lombok\lombok-1.18.33.jar 
java_command: c:\Users\user\.vscode\extensions\redhat.java-1.35.0-win32-x64\server\plugins\org.eclipse.equinox.launcher_1.6.900.v20240613-2009.jar -configuration c:\Users\user\AppData\Roaming\Code\User\globalStorage\redhat.java\1.35.0\config_ss_win -data c:\Users\user\AppData\Roaming\Code\User\workspaceStorage\b9e5c6bf76a5906f90f2701a3e33a214\redhat.java\ss_ws --pipe=\\.\pipe\lsp-fb3b627a907fbc004fbdb87795b28885-sock
java_class_path (initial): c:\Users\user\.vscode\extensions\redhat.java-1.35.0-win32-x64\server\plugins\org.eclipse.equinox.launcher_1.6.900.v20240613-2009.jar
Launcher Type: SUN_STANDARD

[Global flags]
    uintx AdaptiveSizePolicyWeight                 = 90                                        {product} {command line}
     intx CICompilerCount                          = 3                                         {product} {ergonomic}
    uintx GCTimeRatio                              = 4                                         {product} {command line}
   size_t InitialHeapSize                          = 104857600                                 {product} {command line}
   size_t MaxHeapSize                              = 1073741824                                {product} {command line}
   size_t MaxNewSize                               = 357564416                                 {product} {ergonomic}
   size_t MinHeapDeltaBytes                        = 524288                                    {product} {ergonomic}
   size_t MinHeapSize                              = 104857600                                 {product} {command line}
   size_t NewSize                                  = 34603008                                  {product} {ergonomic}
    uintx NonNMethodCodeHeapSize                   = 5832780                                {pd product} {ergonomic}
    uintx NonProfiledCodeHeapSize                  = 122912730                              {pd product} {ergonomic}
   size_t OldSize                                  = 70254592                                  {product} {ergonomic}
    uintx ProfiledCodeHeapSize                     = 122912730                              {pd product} {ergonomic}
    uintx ReservedCodeCacheSize                    = 251658240                              {pd product} {ergonomic}
     bool SegmentedCodeCache                       = true                                      {product} {ergonomic}
   size_t SoftMaxHeapSize                          = 1073741824                             {manageable} {ergonomic}
     bool UseCompressedClassPointers               = true                           {product lp64_product} {ergonomic}
     bool UseCompressedOops                        = true                           {product lp64_product} {ergonomic}
     bool UseLargePagesIndividualAllocation        = false                                  {pd product} {ergonomic}
     bool UseParallelGC                            = true                                      {product} {command line}

Logging:
Log output configuration:
 #0: stdout all=off uptime,level,tags
 #1: stderr all=off uptime,level,tags

Environment Variables:
JAVA_HOME=C:\Program Files\Java\jdk-21
PATH=C:\Program Files\Common Files\Oracle\Java\javapath;C:\WINDOWS\system32;C:\WINDOWS;C:\WINDOWS\System32\Wbem;C:\WINDOWS\System32\WindowsPowerShell\v1.0\;C:\WINDOWS\System32\OpenSSH\;C:\ProgramData\chocolatey\bin;C:\Program Files\Git\cmd;C:\Program Files\OpenSSL-Win64\bin;C:\Program Files\Docker\Docker\resources\bin;C:\Users\user\AppData\Roaming\nvm;C:\Program Files\nodejs;C:\Program Files\nodejs;C:\Program Files\nodejs;C:\Program Files\apache-maven-3.9.6\bin;C:\Program Files\Common Files\Oracle\Java\javapath;C:\WINDOWS\system32;C:\WINDOWS;C:\WINDOWS\System32\Wbem;C:\WINDOWS\System32\WindowsPowerShell\v1.0\;C:\WINDOWS\System32\OpenSSH\;C:\ProgramData\chocolatey\bin;C:\Program Files\Git\cmd;C:\Program Files\OpenSSL-Win64\bin;C:\Program Files\Docker\Docker\resources\bin;C:\Users\user\AppData\Roaming\nvm;C:\Program Files\nodejs;C:\Program Files\nodejs;C:\Program Files\nodejs;;C:\Users\user\AppData\Local\Programs\Microsoft VS Code\bin;C:\Users\user\AppData\Roaming\nvm;C:\Program Files\nodejs
USERNAME=user
OS=Windows_NT
PROCESSOR_IDENTIFIER=Intel64 Family 6 Model 37 Stepping 5, GenuineIntel
TMP=C:\Users\user\AppData\Local\Temp
TEMP=C:\Users\user\AppData\Local\Temp



Periodic native trim disabled


---------------  S Y S T E M  ---------------

OS:
 Windows 10 , 64 bit Build 19041 (10.0.19041.4842)
OS uptime: 0 days 9:38 hours
Hyper-V role detected

CPU: total 4 (initial active 4) (2 cores per cpu, 2 threads per core) family 6 model 37 stepping 5 microcode 0x7, cx8, cmov, fxsr, ht, mmx, sse, sse2, sse3, ssse3, sse4.1, sse4.2, popcnt, tsc, tscinvbit, clflush, hv
Processor Information for all 4 processors :
  Max Mhz: 2399, Current Mhz: 2399, Mhz Limit: 2399

Memory: 4k page, system-wide physical 5941M (382M free)
TotalPageFile size 8941M (AvailPageFile size 2M)
current process WorkingSet (physical memory assigned to process): 76M, peak: 76M
current process commit charge ("private bytes"): 186M, peak: 187M

vm_info: OpenJDK 64-Bit Server VM (17.0.12+7) for windows-amd64 JRE (17.0.12+7), built on Jul 16 2024 22:08:24 by "admin" with MS VC++ 16.10 / 16.11 (VS2019)

END.
