#
# There is insufficient memory for the Java Runtime Environment to continue.
# Native memory allocation (mmap) failed to map 65536 bytes for Failed to commit metaspace.
# Possible reasons:
#   The system is out of physical RAM or swap space
#   The process is running with CompressedOops enabled, and the Java Heap may be blocking the growth of the native heap
# Possible solutions:
#   Reduce memory load on the system
#   Increase physical memory or swap space
#   Check if swap backing store is full
#   Decrease Java heap size (-Xmx/-Xms)
#   Decrease number of Java threads
#   Decrease Java thread stack sizes (-Xss)
#   Set larger code cache with -XX:ReservedCodeCacheSize=
#   JVM is running with Unscaled Compressed Oops mode in which the Java heap is
#     placed in the first 4GB address space. The Java Heap base address is the
#     maximum limit for the native heap growth. Please use -XX:HeapBaseMinAddress
#     to set the Java Heap base and to place the Java Heap above 4GB virtual address.
# This output file may be truncated or incomplete.
#
#  Out of Memory Error (virtualSpaceNode.cpp:110), pid=16416, tid=20152
#
# JRE version: OpenJDK Runtime Environment Temurin-17.0.10+7 (17.0.10+7) (build 17.0.10+7)
# Java VM: OpenJDK 64-Bit Server VM Temurin-17.0.10+7 (17.0.10+7, mixed mode, emulated-client, tiered, compressed oops, compressed class ptrs, g1 gc, windows-amd64)
# No core dump will be written. Minidumps are not enabled by default on client versions of Windows
#

---------------  S U M M A R Y ------------

Command Line: -XX:+HeapDumpOnOutOfMemoryError -Xmx1024m -Dsts.lsp.client=vscode -Dsts.log.file=/dev/null -XX:TieredStopAtLevel=1 -Xlog:jni+resolve=off -Dspring.config.location=file:c:\Users\user\.vscode\extensions\vmware.vscode-spring-boot-1.53.0\language-server\BOOT-INF\classes\application.properties org.springframework.ide.vscode.boot.app.BootLanguageServerBootApp

Host: Intel(R) Core(TM) i3 CPU       M 370  @ 2.40GHz, 4 cores, 5G,  Windows 10 , 64 bit Build 19041 (10.0.19041.3636)
Time: Sat Mar 30 21:50:25 2024 Paris, Madrid elapsed time: 46.297954 seconds (0d 0h 0m 46s)

---------------  T H R E A D  ---------------

Current thread (0x000002043185c890):  JavaThread "main" [_thread_in_vm, id=20152, stack(0x0000007647b00000,0x0000007647c00000)]

Stack: [0x0000007647b00000,0x0000007647c00000]
Native frames: (J=compiled Java code, j=interpreted, Vv=VM code, C=native code)
V  [jvm.dll+0x67d2c9]
V  [jvm.dll+0x834afa]
V  [jvm.dll+0x8365be]
V  [jvm.dll+0x836c23]
V  [jvm.dll+0x2477ff]
V  [jvm.dll+0x8307bb]
V  [jvm.dll+0x621d16]
V  [jvm.dll+0x621d7a]
V  [jvm.dll+0x6245aa]
V  [jvm.dll+0x6226b6]
V  [jvm.dll+0x36eaa2]
V  [jvm.dll+0x1e34bb]
V  [jvm.dll+0x5427f7]
V  [jvm.dll+0x1f2647]
V  [jvm.dll+0x7adf9b]
V  [jvm.dll+0x7af36c]
V  [jvm.dll+0x7af6b8]
V  [jvm.dll+0x23face]
V  [jvm.dll+0x23fd1f]
V  [jvm.dll+0x560aa8]
V  [jvm.dll+0x5639a7]
V  [jvm.dll+0x386672]
V  [jvm.dll+0x385cdf]
C  0x0000020434508a56

The last pc belongs to invokestatic (printed below).
Java frames: (J=compiled Java code, j=interpreted, Vv=VM code)
j  com.sun.beans.introspect.ClassInfo.getProperties()Ljava/util/Map;+26 java.desktop@17.0.10
j  java.beans.Introspector.getTargetPropertyInfo()[Ljava/beans/PropertyDescriptor;+92 java.desktop@17.0.10
j  java.beans.Introspector.getBeanInfo()Ljava/beans/BeanInfo;+16 java.desktop@17.0.10
j  java.beans.Introspector.getBeanInfo(Ljava/lang/Class;)Ljava/beans/BeanInfo;+45 java.desktop@17.0.10
j  java.beans.Introspector.getBeanInfo(Ljava/lang/Class;Ljava/lang/Class;I)Ljava/beans/BeanInfo;+10 java.desktop@17.0.10
j  java.beans.Introspector.<init>(Ljava/lang/Class;Ljava/lang/Class;I)V+141 java.desktop@17.0.10
j  java.beans.Introspector.getBeanInfo(Ljava/lang/Class;)Ljava/beans/BeanInfo;+42 java.desktop@17.0.10
j  java.beans.Introspector.getBeanInfo(Ljava/lang/Class;Ljava/lang/Class;I)Ljava/beans/BeanInfo;+10 java.desktop@17.0.10
j  java.beans.Introspector.<init>(Ljava/lang/Class;Ljava/lang/Class;I)V+141 java.desktop@17.0.10
j  java.beans.Introspector.getBeanInfo(Ljava/lang/Class;)Ljava/beans/BeanInfo;+42 java.desktop@17.0.10
j  groovy.lang.MetaClassImpl.lambda$addProperties$8()Ljava/lang/Object;+4
j  groovy.lang.MetaClassImpl$$Lambda$382+0x0000000100320aa8.run()Ljava/lang/Object;+4
j  java.security.AccessController.executePrivileged(Ljava/security/PrivilegedExceptionAction;Ljava/security/AccessControlContext;Ljava/lang/Class;)Ljava/lang/Object;+29 java.base@17.0.10
j  java.security.AccessController.doPrivileged(Ljava/security/PrivilegedExceptionAction;)Ljava/lang/Object;+9 java.base@17.0.10
j  groovy.lang.MetaClassImpl.addProperties()V+32
j  groovy.lang.MetaClassImpl.reinitialize()V+5
j  groovy.lang.MetaClassImpl.initialize()V+8
j  org.codehaus.groovy.runtime.metaclass.MetaClassRegistryImpl.<init>(IZ)V+302
j  org.codehaus.groovy.runtime.metaclass.MetaClassRegistryImpl.<init>()V+3
j  groovy.lang.GroovySystem.<clinit>()V+8
v  ~StubRoutines::call_stub
j  org.springframework.beans.factory.groovy.GroovyBeanDefinitionReader.<init>(Lorg/springframework/beans/factory/support/BeanDefinitionRegistry;)V+28
j  org.springframework.boot.BeanDefinitionLoader.<init>(Lorg/springframework/beans/factory/support/BeanDefinitionRegistry;[Ljava/lang/Object;)V+58
j  org.springframework.boot.SpringApplication.createBeanDefinitionLoader(Lorg/springframework/beans/factory/support/BeanDefinitionRegistry;[Ljava/lang/Object;)Lorg/springframework/boot/BeanDefinitionLoader;+6
j  org.springframework.boot.SpringApplication.load(Lorg/springframework/context/ApplicationContext;[Ljava/lang/Object;)V+35
j  org.springframework.boot.SpringApplication.prepareContext(Lorg/springframework/boot/DefaultBootstrapContext;Lorg/springframework/context/ConfigurableApplicationContext;Lorg/springframework/core/env/ConfigurableEnvironment;Lorg/springframework/boot/SpringApplicationRunListeners;Lorg/springframework/boot/ApplicationArguments;Lorg/springframework/boot/Banner;)V+238
j  org.springframework.boot.SpringApplication.run([Ljava/lang/String;)Lorg/springframework/context/ConfigurableApplicationContext;+104
j  org.springframework.boot.SpringApplication.run([Ljava/lang/Class;[Ljava/lang/String;)Lorg/springframework/context/ConfigurableApplicationContext;+9
j  org.springframework.boot.SpringApplication.run(Ljava/lang/Class;[Ljava/lang/String;)Lorg/springframework/context/ConfigurableApplicationContext;+9
j  org.springframework.ide.vscode.boot.app.BootLanguageServerBootApp.main([Ljava/lang/String;)V+19
v  ~StubRoutines::call_stub
invokestatic  184 invokestatic  [0x00000204345089a0, 0x0000020434508b00]  352 bytes
[MachCode]
  0x00000204345089a0: 4883 ec08 | f30f 1104 | 24eb 1f48 | 83ec 10f2 | 0f11 0424 | eb14 4883 | ec10 4889 | 0424 48c7 
  0x00000204345089c0: 4424 0800 | 0000 00eb | 0150 4c89 | 6dc0 410f | b755 0148 | 8b4d d0c1 | e202 8b5c | d120 c1eb 
  0x00000204345089e0: 1081 e3ff | 0000 0081 | fbb8 0000 | 000f 84b0 | 0000 00bb | b800 0000 | e805 0000 | 00e9 9500 
  0x0000020434508a00: 0000 488b | d348 8d44 | 2408 4c89 | 6dc0 498b | cf49 89af | a802 0000 | 4989 8798 | 0200 0048 
  0x0000020434508a20: 83ec 20f7 | c40f 0000 | 000f 841a | 0000 0048 | 83ec 0849 | ba70 5ce2 | 3aff 7f00 | 0041 ffd2 
  0x0000020434508a40: 4883 c408 | e90d 0000 | 0049 ba70 | 5ce2 3aff | 7f00 0041 | ffd2 4883 | c420 49c7 | 8798 0200 
  0x0000020434508a60: 0000 0000 | 0049 c787 | a802 0000 | 0000 0000 | 49c7 87a0 | 0200 0000 | 0000 0049 | 817f 0800 
  0x0000020434508a80: 0000 000f | 8405 0000 | 00e9 7284 | feff 4c8b | 6dc0 4c8b | 75c8 c341 | 0fb7 5501 | 488b 4dd0 
  0x0000020434508aa0: c1e2 0248 | 8b5c d128 | 488b 5b08 | 488b 5b08 | 488b 5b18 | 80bb 3301 | 0000 040f | 840d 0000 
  0x0000020434508ac0: 004c 3bbb | 3801 0000 | 0f85 25ff | ffff 488b | 5cd1 288b | 54d1 38c1 | ea1c 49ba | a060 643b 
  0x0000020434508ae0: ff7f 0000 | 498b 14d2 | 524c 8d6c | 2408 4c89 | 6df0 ff63 | 5066 6690 | 0000 0000 | 0000 0000 
[/MachCode]

---------------  P R O C E S S  ---------------

Threads class SMR info:
_java_thread_list=0x0000020440e943b0, length=14, elements={
0x000002043185c890, 0x000002043bdba740, 0x000002043bdbbef0, 0x000002043bdf9130,
0x000002043bdf9c00, 0x000002043bdfc5e0, 0x000002043bdfceb0, 0x000002043bdff840,
0x000002043be010d0, 0x00000204401dcc20, 0x00000204401eaa30, 0x0000020440fbde10,
0x0000020441110360, 0x0000020441124830
}

Java Threads: ( => current thread )
=>0x000002043185c890 JavaThread "main" [_thread_in_vm, id=20152, stack(0x0000007647b00000,0x0000007647c00000)]
  0x000002043bdba740 JavaThread "Reference Handler" daemon [_thread_blocked, id=13316, stack(0x0000007648200000,0x0000007648300000)]
  0x000002043bdbbef0 JavaThread "Finalizer" daemon [_thread_blocked, id=15272, stack(0x0000007648300000,0x0000007648400000)]
  0x000002043bdf9130 JavaThread "Signal Dispatcher" daemon [_thread_blocked, id=11024, stack(0x0000007648400000,0x0000007648500000)]
  0x000002043bdf9c00 JavaThread "Attach Listener" daemon [_thread_blocked, id=20060, stack(0x0000007648500000,0x0000007648600000)]
  0x000002043bdfc5e0 JavaThread "Service Thread" daemon [_thread_blocked, id=14716, stack(0x0000007648600000,0x0000007648700000)]
  0x000002043bdfceb0 JavaThread "Monitor Deflation Thread" daemon [_thread_blocked, id=5188, stack(0x0000007648700000,0x0000007648800000)]
  0x000002043bdff840 JavaThread "C1 CompilerThread0" daemon [_thread_blocked, id=6624, stack(0x0000007648800000,0x0000007648900000)]
  0x000002043be010d0 JavaThread "Sweeper thread" daemon [_thread_blocked, id=20056, stack(0x0000007648900000,0x0000007648a00000)]
  0x00000204401dcc20 JavaThread "Notification Thread" daemon [_thread_blocked, id=7788, stack(0x0000007648a00000,0x0000007648b00000)]
  0x00000204401eaa30 JavaThread "Common-Cleaner" daemon [_thread_blocked, id=14604, stack(0x0000007648c00000,0x0000007648d00000)]
  0x0000020440fbde10 JavaThread "background-preinit" [_thread_in_vm, id=15396, stack(0x0000007649000000,0x0000007649100000)]
  0x0000020441110360 JavaThread "C1 CompilerThread1" daemon [_thread_blocked, id=3080, stack(0x0000007649100000,0x0000007649200000)]
  0x0000020441124830 JavaThread "C1 CompilerThread2" daemon [_thread_blocked, id=14940, stack(0x0000007649200000,0x0000007649300000)]

Other Threads:
  0x000002043bda2350 VMThread "VM Thread" [stack: 0x0000007648100000,0x0000007648200000] [id=18160] _threads_hazard_ptr=0x0000020440e943b0
  0x00000204401dd100 WatcherThread [stack: 0x0000007648b00000,0x0000007648c00000] [id=16664]
  0x0000020431896be0 GCTaskThread "GC Thread#0" [stack: 0x0000007647c00000,0x0000007647d00000] [id=13596]
  0x0000020440876cc0 GCTaskThread "GC Thread#1" [stack: 0x0000007648d00000,0x0000007648e00000] [id=19940]
  0x0000020440880c90 GCTaskThread "GC Thread#2" [stack: 0x0000007648e00000,0x0000007648f00000] [id=19248]
  0x0000020440da38c0 GCTaskThread "GC Thread#3" [stack: 0x0000007648f00000,0x0000007649000000] [id=19712]
  0x000002043189fa40 ConcurrentGCThread "G1 Main Marker" [stack: 0x0000007647d00000,0x0000007647e00000] [id=4808]
  0x00000204318a0370 ConcurrentGCThread "G1 Conc#0" [stack: 0x0000007647e00000,0x0000007647f00000] [id=6404]
  0x0000020431901300 ConcurrentGCThread "G1 Refine#0" [stack: 0x0000007647f00000,0x0000007648000000] [id=16900]
  0x0000020431901c40 ConcurrentGCThread "G1 Service" [stack: 0x0000007648000000,0x0000007648100000] [id=14720]

Threads with active compile tasks:

VM state: synchronizing (normal execution)

VM Mutex/Monitor currently owned by a thread:  ([mutex/lock_event])
[0x000002042f60ed10] Metaspace_lock - owner thread: 0x000002043185c890
[0x000002042f60f6a0] Threads_lock - owner thread: 0x000002043bda2350

Heap address: 0x00000000c0000000, size: 1024 MB, Compressed Oops mode: 32-bit

CDS archive(s) not mapped
Compressed class space mapped at: 0x0000000100000000-0x0000000140000000, reserved size: 1073741824
Narrow klass base: 0x0000000000000000, Narrow klass shift: 3, Narrow klass range: 0x140000000

GC Precious Log:
 CPUs: 4 total, 4 available
 Memory: 5941M
 Large Page Support: Disabled
 NUMA Support: Disabled
 Compressed Oops: Enabled (32-bit)
 Heap Region Size: 1M
 Heap Min Capacity: 8M
 Heap Initial Capacity: 94M
 Heap Max Capacity: 1G
 Pre-touch: Disabled
 Parallel Workers: 4
 Concurrent Workers: 1
 Concurrent Refinement Workers: 4
 Periodic GC: Disabled

Heap:
 garbage-first heap   total 71680K, used 35651K [0x00000000c0000000, 0x0000000100000000)
  region size 1024K, 23 young (23552K), 6 survivors (6144K)
 Metaspace       used 24964K, committed 25216K, reserved 1114112K
  class space    used 3088K, committed 3200K, reserved 1048576K

Heap Regions: E=young(eden), S=young(survivor), O=old, HS=humongous(starts), HC=humongous(continues), CS=collection set, F=free, OA=open archive, CA=closed archive, TAMS=top-at-mark-start (previous, next)
|   0|0x00000000c0000000, 0x00000000c0100000, 0x00000000c0100000|100%|HS|  |TAMS 0x00000000c0100000, 0x00000000c0000000| Complete 
|   1|0x00000000c0100000, 0x00000000c0200000, 0x00000000c0200000|100%|HC|  |TAMS 0x00000000c0200000, 0x00000000c0100000| Complete 
|   2|0x00000000c0200000, 0x00000000c0300000, 0x00000000c0300000|100%|HC|  |TAMS 0x00000000c0300000, 0x00000000c0200000| Complete 
|   3|0x00000000c0300000, 0x00000000c0400000, 0x00000000c0400000|100%|HC|  |TAMS 0x00000000c0400000, 0x00000000c0300000| Complete 
|   4|0x00000000c0400000, 0x00000000c0500000, 0x00000000c0500000|100%| O|  |TAMS 0x00000000c0500000, 0x00000000c0400000| Untracked 
|   5|0x00000000c0500000, 0x00000000c0600000, 0x00000000c0600000|100%| O|  |TAMS 0x00000000c0600000, 0x00000000c0500000| Untracked 
|   6|0x00000000c0600000, 0x00000000c0700000, 0x00000000c0700000|100%| O|  |TAMS 0x00000000c0700000, 0x00000000c0600000| Untracked 
|   7|0x00000000c0700000, 0x00000000c0800000, 0x00000000c0800000|100%| O|  |TAMS 0x00000000c0800000, 0x00000000c0700000| Untracked 
|   8|0x00000000c0800000, 0x00000000c0900000, 0x00000000c0900000|100%| O|  |TAMS 0x00000000c0900000, 0x00000000c0800000| Untracked 
|   9|0x00000000c0900000, 0x00000000c0a00000, 0x00000000c0a00000|100%| O|  |TAMS 0x00000000c0a00000, 0x00000000c0900000| Untracked 
|  10|0x00000000c0a00000, 0x00000000c0b00000, 0x00000000c0b00000|100%|HS|  |TAMS 0x00000000c0b00000, 0x00000000c0a00000| Complete 
|  11|0x00000000c0b00000, 0x00000000c0c00000, 0x00000000c0c00000|100%|HC|  |TAMS 0x00000000c0c00000, 0x00000000c0b00000| Complete 
|  12|0x00000000c0c00000, 0x00000000c0d00000, 0x00000000c0d00000|100%| O|  |TAMS 0x00000000c0d00000, 0x00000000c0c00000| Untracked 
|  13|0x00000000c0d00000, 0x00000000c0dd1600, 0x00000000c0e00000| 81%| O|  |TAMS 0x00000000c0dd1600, 0x00000000c0d00000| Complete 
|  14|0x00000000c0e00000, 0x00000000c0e00000, 0x00000000c0f00000|  0%| F|  |TAMS 0x00000000c0e00000, 0x00000000c0e00000| Untracked 
|  15|0x00000000c0f00000, 0x00000000c0f00000, 0x00000000c1000000|  0%| F|  |TAMS 0x00000000c0f00000, 0x00000000c0f00000| Untracked 
|  16|0x00000000c1000000, 0x00000000c1000000, 0x00000000c1100000|  0%| F|  |TAMS 0x00000000c1000000, 0x00000000c1000000| Untracked 
|  17|0x00000000c1100000, 0x00000000c1100000, 0x00000000c1200000|  0%| F|  |TAMS 0x00000000c1100000, 0x00000000c1100000| Untracked 
|  18|0x00000000c1200000, 0x00000000c1200000, 0x00000000c1300000|  0%| F|  |TAMS 0x00000000c1200000, 0x00000000c1200000| Untracked 
|  19|0x00000000c1300000, 0x00000000c1300000, 0x00000000c1400000|  0%| F|  |TAMS 0x00000000c1300000, 0x00000000c1300000| Untracked 
|  20|0x00000000c1400000, 0x00000000c1400000, 0x00000000c1500000|  0%| F|  |TAMS 0x00000000c1400000, 0x00000000c1400000| Untracked 
|  21|0x00000000c1500000, 0x00000000c1500000, 0x00000000c1600000|  0%| F|  |TAMS 0x00000000c1500000, 0x00000000c1500000| Untracked 
|  22|0x00000000c1600000, 0x00000000c1600000, 0x00000000c1700000|  0%| F|  |TAMS 0x00000000c1600000, 0x00000000c1600000| Untracked 
|  23|0x00000000c1700000, 0x00000000c1700000, 0x00000000c1800000|  0%| F|  |TAMS 0x00000000c1700000, 0x00000000c1700000| Untracked 
|  24|0x00000000c1800000, 0x00000000c1800000, 0x00000000c1900000|  0%| F|  |TAMS 0x00000000c1800000, 0x00000000c1800000| Untracked 
|  25|0x00000000c1900000, 0x00000000c1900000, 0x00000000c1a00000|  0%| F|  |TAMS 0x00000000c1900000, 0x00000000c1900000| Untracked 
|  26|0x00000000c1a00000, 0x00000000c1a00000, 0x00000000c1b00000|  0%| F|  |TAMS 0x00000000c1a00000, 0x00000000c1a00000| Untracked 
|  27|0x00000000c1b00000, 0x00000000c1b00000, 0x00000000c1c00000|  0%| F|  |TAMS 0x00000000c1b00000, 0x00000000c1b00000| Untracked 
|  28|0x00000000c1c00000, 0x00000000c1c00000, 0x00000000c1d00000|  0%| F|  |TAMS 0x00000000c1c00000, 0x00000000c1c00000| Untracked 
|  29|0x00000000c1d00000, 0x00000000c1d00000, 0x00000000c1e00000|  0%| F|  |TAMS 0x00000000c1d00000, 0x00000000c1d00000| Untracked 
|  30|0x00000000c1e00000, 0x00000000c1e00000, 0x00000000c1f00000|  0%| F|  |TAMS 0x00000000c1e00000, 0x00000000c1e00000| Untracked 
|  31|0x00000000c1f00000, 0x00000000c1f00000, 0x00000000c2000000|  0%| F|  |TAMS 0x00000000c1f00000, 0x00000000c1f00000| Untracked 
|  32|0x00000000c2000000, 0x00000000c2000000, 0x00000000c2100000|  0%| F|  |TAMS 0x00000000c2000000, 0x00000000c2000000| Untracked 
|  33|0x00000000c2100000, 0x00000000c2100000, 0x00000000c2200000|  0%| F|  |TAMS 0x00000000c2100000, 0x00000000c2100000| Untracked 
|  34|0x00000000c2200000, 0x00000000c2200000, 0x00000000c2300000|  0%| F|  |TAMS 0x00000000c2200000, 0x00000000c2200000| Untracked 
|  35|0x00000000c2300000, 0x00000000c2300000, 0x00000000c2400000|  0%| F|  |TAMS 0x00000000c2300000, 0x00000000c2300000| Untracked 
|  36|0x00000000c2400000, 0x00000000c2400000, 0x00000000c2500000|  0%| F|  |TAMS 0x00000000c2400000, 0x00000000c2400000| Untracked 
|  37|0x00000000c2500000, 0x00000000c2500000, 0x00000000c2600000|  0%| F|  |TAMS 0x00000000c2500000, 0x00000000c2500000| Untracked 
|  38|0x00000000c2600000, 0x00000000c2600000, 0x00000000c2700000|  0%| F|  |TAMS 0x00000000c2600000, 0x00000000c2600000| Untracked 
|  39|0x00000000c2700000, 0x00000000c2700000, 0x00000000c2800000|  0%| F|  |TAMS 0x00000000c2700000, 0x00000000c2700000| Untracked 
|  40|0x00000000c2800000, 0x00000000c2800000, 0x00000000c2900000|  0%| F|  |TAMS 0x00000000c2800000, 0x00000000c2800000| Untracked 
|  41|0x00000000c2900000, 0x00000000c2900000, 0x00000000c2a00000|  0%| F|  |TAMS 0x00000000c2900000, 0x00000000c2900000| Untracked 
|  42|0x00000000c2a00000, 0x00000000c2a00000, 0x00000000c2b00000|  0%| F|  |TAMS 0x00000000c2a00000, 0x00000000c2a00000| Untracked 
|  43|0x00000000c2b00000, 0x00000000c2b00000, 0x00000000c2c00000|  0%| F|  |TAMS 0x00000000c2b00000, 0x00000000c2b00000| Untracked 
|  44|0x00000000c2c00000, 0x00000000c2c00000, 0x00000000c2d00000|  0%| F|  |TAMS 0x00000000c2c00000, 0x00000000c2c00000| Untracked 
|  45|0x00000000c2d00000, 0x00000000c2dff9d8, 0x00000000c2e00000| 99%| S|CS|TAMS 0x00000000c2d00000, 0x00000000c2d00000| Complete 
|  46|0x00000000c2e00000, 0x00000000c2f00000, 0x00000000c2f00000|100%| S|CS|TAMS 0x00000000c2e00000, 0x00000000c2e00000| Complete 
|  47|0x00000000c2f00000, 0x00000000c3000000, 0x00000000c3000000|100%| S|CS|TAMS 0x00000000c2f00000, 0x00000000c2f00000| Complete 
|  48|0x00000000c3000000, 0x00000000c3100000, 0x00000000c3100000|100%| S|CS|TAMS 0x00000000c3000000, 0x00000000c3000000| Complete 
|  49|0x00000000c3100000, 0x00000000c3200000, 0x00000000c3200000|100%| S|CS|TAMS 0x00000000c3100000, 0x00000000c3100000| Complete 
|  50|0x00000000c3200000, 0x00000000c3300000, 0x00000000c3300000|100%| S|CS|TAMS 0x00000000c3200000, 0x00000000c3200000| Complete 
|  51|0x00000000c3300000, 0x00000000c3300000, 0x00000000c3400000|  0%| F|  |TAMS 0x00000000c3300000, 0x00000000c3300000| Untracked 
|  52|0x00000000c3400000, 0x00000000c3400000, 0x00000000c3500000|  0%| F|  |TAMS 0x00000000c3400000, 0x00000000c3400000| Untracked 
|  53|0x00000000c3500000, 0x00000000c3600000, 0x00000000c3600000|100%| E|  |TAMS 0x00000000c3500000, 0x00000000c3500000| Complete 
|  54|0x00000000c3600000, 0x00000000c3700000, 0x00000000c3700000|100%| E|CS|TAMS 0x00000000c3600000, 0x00000000c3600000| Complete 
|  55|0x00000000c3700000, 0x00000000c3800000, 0x00000000c3800000|100%| E|CS|TAMS 0x00000000c3700000, 0x00000000c3700000| Complete 
|  56|0x00000000c3800000, 0x00000000c3900000, 0x00000000c3900000|100%| E|CS|TAMS 0x00000000c3800000, 0x00000000c3800000| Complete 
|  57|0x00000000c3900000, 0x00000000c3a00000, 0x00000000c3a00000|100%| E|CS|TAMS 0x00000000c3900000, 0x00000000c3900000| Complete 
|  58|0x00000000c3a00000, 0x00000000c3b00000, 0x00000000c3b00000|100%| E|CS|TAMS 0x00000000c3a00000, 0x00000000c3a00000| Complete 
|  59|0x00000000c3b00000, 0x00000000c3c00000, 0x00000000c3c00000|100%| E|CS|TAMS 0x00000000c3b00000, 0x00000000c3b00000| Complete 
|  60|0x00000000c3c00000, 0x00000000c3d00000, 0x00000000c3d00000|100%| E|CS|TAMS 0x00000000c3c00000, 0x00000000c3c00000| Complete 
|  61|0x00000000c3d00000, 0x00000000c3e00000, 0x00000000c3e00000|100%| E|CS|TAMS 0x00000000c3d00000, 0x00000000c3d00000| Complete 
|  62|0x00000000c3e00000, 0x00000000c3f00000, 0x00000000c3f00000|100%| E|  |TAMS 0x00000000c3e00000, 0x00000000c3e00000| Complete 
|  63|0x00000000c3f00000, 0x00000000c4000000, 0x00000000c4000000|100%| E|CS|TAMS 0x00000000c3f00000, 0x00000000c3f00000| Complete 
|  64|0x00000000c4000000, 0x00000000c4100000, 0x00000000c4100000|100%| E|CS|TAMS 0x00000000c4000000, 0x00000000c4000000| Complete 
|  65|0x00000000c4100000, 0x00000000c4200000, 0x00000000c4200000|100%| E|CS|TAMS 0x00000000c4100000, 0x00000000c4100000| Complete 
|  66|0x00000000c4200000, 0x00000000c4300000, 0x00000000c4300000|100%| E|CS|TAMS 0x00000000c4200000, 0x00000000c4200000| Complete 
|  67|0x00000000c4300000, 0x00000000c4400000, 0x00000000c4400000|100%| E|CS|TAMS 0x00000000c4300000, 0x00000000c4300000| Complete 
|  68|0x00000000c4400000, 0x00000000c4500000, 0x00000000c4500000|100%| E|CS|TAMS 0x00000000c4400000, 0x00000000c4400000| Complete 
|  93|0x00000000c5d00000, 0x00000000c5e00000, 0x00000000c5e00000|100%| E|CS|TAMS 0x00000000c5d00000, 0x00000000c5d00000| Complete 

Card table byte_map: [0x00000204374f0000,0x00000204376f0000] _byte_map_base: 0x0000020436ef0000

Marking Bits (Prev, Next): (CMBitMap*) 0x0000020431897150, (CMBitMap*) 0x0000020431897110
 Prev Bits: [0x00000204388f0000, 0x00000204398f0000)
 Next Bits: [0x00000204378f0000, 0x00000204388f0000)

Polling page: 0x000002042f7d0000

Metaspace:

Usage:
  Non-class:     21.36 MB used.
      Class:      3.02 MB used.
       Both:     24.38 MB used.

Virtual space:
  Non-class space:       64.00 MB reserved,      21.50 MB ( 34%) committed,  1 nodes.
      Class space:        1.00 GB reserved,       3.12 MB ( <1%) committed,  1 nodes.
             Both:        1.06 GB reserved,      24.62 MB (  2%) committed. 

Chunk freelists:
   Non-Class:  9.82 MB
       Class:  12.86 MB
        Both:  22.68 MB

MaxMetaspaceSize: unlimited
CompressedClassSpaceSize: 1.00 GB
Initial GC threshold: 21.00 MB
Current GC threshold: 35.25 MB
CDS: off
MetaspaceReclaimPolicy: balanced
 - commit_granule_bytes: 65536.
 - commit_granule_words: 8192.
 - virtual_space_node_default_size: 8388608.
 - enlarge_chunks_in_place: 1.
 - new_chunks_are_fully_committed: 0.
 - uncommit_free_chunks: 1.
 - use_allocation_guard: 0.
 - handle_deallocations: 1.


Internal statistics:

num_allocs_failed_limit: 5.
num_arena_births: 228.
num_arena_deaths: 0.
num_vsnodes_births: 2.
num_vsnodes_deaths: 0.
num_space_committed: 394.
num_space_uncommitted: 0.
num_chunks_returned_to_freelist: 5.
num_chunks_taken_from_freelist: 784.
num_chunk_merges: 5.
num_chunk_splits: 550.
num_chunks_enlarged: 448.
num_inconsistent_stats: 0.

CodeCache: size=49152Kb used=5459Kb max_used=5459Kb free=43692Kb
 bounds [0x00000204344f0000, 0x0000020434a50000, 0x00000204374f0000]
 total_blobs=2604 nmethods=2118 adapters=411
 compilation: enabled
              stopped_count=0, restarted_count=0
 full_count=0

Compilation events (20 events):
Event: 46.130 Thread 0x000002043bdff840 nmethod 2107 0x00000204349b2a90 code [0x00000204349b2ca0, 0x00000204349b3158]
Event: 46.131 Thread 0x0000020441110360 nmethod 2097 0x00000204349b3390 code [0x00000204349b36c0, 0x00000204349b44b8]
Event: 46.150 Thread 0x0000020441124830 2109       1       java.util.jar.JarFile$JarFileEntry::getName (5 bytes)
Event: 46.150 Thread 0x0000020441110360 2110       1       java.util.zip.ZipFile$ZipEntryIterator::hasNext (17 bytes)
Event: 46.151 Thread 0x0000020441110360 nmethod 2110 0x0000020434a41f90 code [0x0000020434a42120, 0x0000020434a421f8]
Event: 46.151 Thread 0x0000020441124830 nmethod 2109 0x0000020434a42290 code [0x0000020434a42420, 0x0000020434a424f8]
Event: 46.152 Thread 0x0000020441124830 2111       1       java.util.zip.ZipFile$Source::getEntryPos (9 bytes)
Event: 46.153 Thread 0x0000020441124830 nmethod 2111 0x0000020434a42590 code [0x0000020434a42720, 0x0000020434a42818]
Event: 46.155 Thread 0x0000020441124830 2112       1       java.util.zip.ZipFile$ZipEntryIterator::hasMoreElements (5 bytes)
Event: 46.155 Thread 0x000002043bdff840 2114       1       java.util.zip.ZipFile$ZipEntryIterator::nextElement (5 bytes)
Event: 46.155 Thread 0x0000020441110360 2113       1       java.util.zip.ZipFile$ZipEntryIterator::nextElement (5 bytes)
Event: 46.155 Thread 0x0000020441124830 nmethod 2112 0x0000020434a42910 code [0x0000020434a42aa0, 0x0000020434a42b78]
Event: 46.155 Thread 0x0000020441110360 nmethod 2113 0x0000020434a42c10 code [0x0000020434a42da0, 0x0000020434a42e88]
Event: 46.155 Thread 0x0000020441124830 2115   !   1       java.util.zip.ZipFile$ZipEntryIterator::next (71 bytes)
Event: 46.156 Thread 0x000002043bdff840 nmethod 2114 0x0000020434a42f10 code [0x0000020434a430a0, 0x0000020434a43188]
Event: 46.157 Thread 0x0000020441124830 nmethod 2115 0x0000020434a43210 code [0x0000020434a433e0, 0x0000020434a43708]
Event: 46.159 Thread 0x0000020441124830 2116  s    1       java.lang.Throwable::fillInStackTrace (29 bytes)
Event: 46.160 Thread 0x0000020441124830 nmethod 2116 0x0000020434a43f10 code [0x0000020434a440c0, 0x0000020434a442e8]
Event: 46.160 Thread 0x0000020441124830 2118       1       sun.invoke.util.VerifyAccess::isModuleAccessible (97 bytes)
Event: 46.163 Thread 0x0000020441124830 nmethod 2118 0x0000020434a44390 code [0x0000020434a445c0, 0x0000020434a44b08]

GC Heap History (8 events):
Event: 16.043 GC heap before
{Heap before GC invocations=0 (full 0):
 garbage-first heap   total 96256K, used 16384K [0x00000000c0000000, 0x0000000100000000)
  region size 1024K, 13 young (13312K), 0 survivors (0K)
 Metaspace       used 5762K, committed 5888K, reserved 1114112K
  class space    used 552K, committed 640K, reserved 1048576K
}
Event: 16.170 GC heap after
{Heap after GC invocations=1 (full 0):
 garbage-first heap   total 96256K, used 11949K [0x00000000c0000000, 0x0000000100000000)
  region size 1024K, 2 young (2048K), 2 survivors (2048K)
 Metaspace       used 5762K, committed 5888K, reserved 1114112K
  class space    used 552K, committed 640K, reserved 1048576K
}
Event: 22.286 GC heap before
{Heap before GC invocations=1 (full 0):
 garbage-first heap   total 96256K, used 22189K [0x00000000c0000000, 0x0000000100000000)
  region size 1024K, 10 young (10240K), 2 survivors (2048K)
 Metaspace       used 7859K, committed 8000K, reserved 1114112K
  class space    used 840K, committed 896K, reserved 1048576K
}
Event: 22.381 GC heap after
{Heap after GC invocations=2 (full 0):
 garbage-first heap   total 96256K, used 15541K [0x00000000c0000000, 0x0000000100000000)
  region size 1024K, 2 young (2048K), 2 survivors (2048K)
 Metaspace       used 7859K, committed 8000K, reserved 1114112K
  class space    used 840K, committed 896K, reserved 1048576K
}
Event: 26.869 GC heap before
{Heap before GC invocations=2 (full 0):
 garbage-first heap   total 96256K, used 30901K [0x00000000c0000000, 0x0000000100000000)
  region size 1024K, 17 young (17408K), 2 survivors (2048K)
 Metaspace       used 11977K, committed 12224K, reserved 1114112K
  class space    used 1464K, committed 1600K, reserved 1048576K
}
Event: 26.878 GC heap after
{Heap after GC invocations=3 (full 0):
 garbage-first heap   total 96256K, used 16763K [0x00000000c0000000, 0x0000000100000000)
  region size 1024K, 3 young (3072K), 3 survivors (3072K)
 Metaspace       used 11977K, committed 12224K, reserved 1114112K
  class space    used 1464K, committed 1600K, reserved 1048576K
}
Event: 43.369 GC heap before
{Heap before GC invocations=3 (full 0):
 garbage-first heap   total 96256K, used 55675K [0x00000000c0000000, 0x0000000100000000)
  region size 1024K, 43 young (44032K), 3 survivors (3072K)
 Metaspace       used 21248K, committed 21504K, reserved 1114112K
  class space    used 2602K, committed 2752K, reserved 1048576K
}
Event: 43.384 GC heap after
{Heap after GC invocations=4 (full 0):
 garbage-first heap   total 96256K, used 20291K [0x00000000c0000000, 0x0000000100000000)
  region size 1024K, 6 young (6144K), 6 survivors (6144K)
 Metaspace       used 21248K, committed 21504K, reserved 1114112K
  class space    used 2602K, committed 2752K, reserved 1048576K
}

Dll operation events (6 events):
Event: 0.940 Loaded shared library c:\Users\user\.vscode\extensions\redhat.java-1.28.1-win32-x64\jre\17.0.10-win32-x86_64\bin\java.dll
Event: 9.110 Loaded shared library C:\Users\user\.vscode\extensions\redhat.java-1.28.1-win32-x64\jre\17.0.10-win32-x86_64\bin\net.dll
Event: 9.140 Loaded shared library C:\Users\user\.vscode\extensions\redhat.java-1.28.1-win32-x64\jre\17.0.10-win32-x86_64\bin\nio.dll
Event: 9.233 Loaded shared library C:\Users\user\.vscode\extensions\redhat.java-1.28.1-win32-x64\jre\17.0.10-win32-x86_64\bin\zip.dll
Event: 15.802 Loaded shared library C:\Users\user\.vscode\extensions\redhat.java-1.28.1-win32-x64\jre\17.0.10-win32-x86_64\bin\jimage.dll
Event: 42.508 Loaded shared library c:\Users\user\.vscode\extensions\redhat.java-1.28.1-win32-x64\jre\17.0.10-win32-x86_64\bin\verify.dll

Deoptimization events (0 events):
No events

Classes unloaded (0 events):
No events

Classes redefined (0 events):
No events

Internal exceptions (20 events):
Event: 40.839 Thread 0x000002043185c890 Exception <a 'java/lang/NoSuchMethodError'{0x00000000c4528670}: 'void java.lang.invoke.DirectMethodHandle$Holder.invokeSpecial(java.lang.Object, java.lang.Object, java.lang.Object, java.lang.Object, java.lang.Object)'> (0x00000000c4528670) 
thrown [s\src\hotspot\share\interpreter\linkResolver.cpp, line 759]
Event: 40.925 Thread 0x000002043185c890 Exception <a 'java/lang/NoSuchMethodError'{0x00000000c454d5b8}: 'void java.lang.invoke.DirectMethodHandle$Holder.invokeSpecial(java.lang.Object, java.lang.Object, java.lang.Object)'> (0x00000000c454d5b8) 
thrown [s\src\hotspot\share\interpreter\linkResolver.cpp, line 759]
Event: 40.946 Thread 0x000002043185c890 Exception <a 'java/lang/NoSuchMethodError'{0x00000000c457dea8}: 'void java.lang.invoke.DirectMethodHandle$Holder.invokeStatic(java.lang.Object, java.lang.Object, int)'> (0x00000000c457dea8) 
thrown [s\src\hotspot\share\interpreter\linkResolver.cpp, line 759]
Event: 41.167 Thread 0x000002043185c890 Exception <a 'java/lang/NoSuchMethodError'{0x00000000c442d628}: 'java.lang.Object java.lang.invoke.DirectMethodHandle$Holder.invokeStatic(java.lang.Object, java.lang.Object, int)'> (0x00000000c442d628) 
thrown [s\src\hotspot\share\interpreter\linkResolver.cpp, line 759]
Event: 41.171 Thread 0x000002043185c890 Exception <a 'java/lang/NoSuchMethodError'{0x00000000c4438d98}: 'void java.lang.invoke.DelegatingMethodHandle$Holder.delegate(java.lang.Object, java.lang.Object, int, java.lang.Object)'> (0x00000000c4438d98) 
thrown [s\src\hotspot\share\interpreter\linkResolver.cpp, line 759]
Event: 41.177 Thread 0x0000020440fbde10 Exception <a 'java/lang/NoClassDefFoundError'{0x00000000c449f160}: jakarta/validation/Validation> (0x00000000c449f160) 
thrown [s\src\hotspot\share\classfile\systemDictionary.cpp, line 245]
Event: 41.436 Thread 0x000002043185c890 Exception <a 'java/lang/IncompatibleClassChangeError'{0x00000000c417d1c0}: Found class java.lang.Object, but interface was expected> (0x00000000c417d1c0) 
thrown [s\src\hotspot\share\interpreter\linkResolver.cpp, line 826]
Event: 43.101 Thread 0x000002043185c890 Exception <a 'java/lang/NoSuchMethodError'{0x00000000c360c6f0}: 'java.lang.Object java.lang.invoke.DirectMethodHandle$Holder.invokeStatic(java.lang.Object, int, java.lang.Object)'> (0x00000000c360c6f0) 
thrown [s\src\hotspot\share\interpreter\linkResolver.cpp, line 759]
Event: 44.312 Thread 0x000002043185c890 Exception <a 'java/lang/NoSuchMethodError'{0x00000000c41889c0}: 'void java.lang.invoke.DirectMethodHandle$Holder.invokeStaticInit(java.lang.Object, java.lang.Object, java.lang.Object, java.lang.Object)'> (0x00000000c41889c0) 
thrown [s\src\hotspot\share\interpreter\linkResolver.cpp, line 759]
Event: 44.320 Thread 0x000002043185c890 Exception <a 'java/lang/NoSuchMethodError'{0x00000000c407fbe8}: 'void java.lang.invoke.DirectMethodHandle$Holder.invokeStaticInit(java.lang.Object, java.lang.Object, java.lang.Object, java.lang.Object, java.lang.Object)'> (0x00000000c407fbe8) 
thrown [s\src\hotspot\share\interpreter\linkResolver.cpp, line 759]
Event: 44.350 Thread 0x000002043185c890 Exception <a 'java/lang/NoSuchMethodError'{0x00000000c40d8ad0}: 'int java.lang.invoke.DirectMethodHandle$Holder.invokeStaticInit(java.lang.Object, java.lang.Object, java.lang.Object, java.lang.Object)'> (0x00000000c40d8ad0) 
thrown [s\src\hotspot\share\interpreter\linkResolver.cpp, line 759]
Event: 44.351 Thread 0x000002043185c890 Exception <a 'java/lang/IncompatibleClassChangeError'{0x00000000c40e1cd0}: Found class java.lang.Object, but interface was expected> (0x00000000c40e1cd0) 
thrown [s\src\hotspot\share\interpreter\linkResolver.cpp, line 826]
Event: 46.092 Thread 0x0000020440fbde10 Exception <a 'java/lang/NoSuchMethodError'{0x00000000c36c8178}: 'long java.lang.invoke.DirectMethodHandle$Holder.invokeSpecial(java.lang.Object, java.lang.Object)'> (0x00000000c36c8178) 
thrown [s\src\hotspot\share\interpreter\linkResolver.cpp, line 759]
Event: 46.139 Thread 0x0000020440fbde10 Exception <a 'java/lang/NoSuchMethodError'{0x00000000c3506a18}: 'long java.lang.invoke.DirectMethodHandle$Holder.invokeStatic(java.lang.Object, java.lang.Object)'> (0x00000000c3506a18) 
thrown [s\src\hotspot\share\interpreter\linkResolver.cpp, line 759]
Event: 46.141 Thread 0x0000020440fbde10 Exception <a 'java/lang/NoSuchMethodError'{0x00000000c350a018}: 'long java.lang.invoke.DirectMethodHandle$Holder.invokeStaticInit(java.lang.Object, java.lang.Object)'> (0x00000000c350a018) 
thrown [s\src\hotspot\share\interpreter\linkResolver.cpp, line 759]
Event: 46.154 Thread 0x000002043185c890 Exception <a 'java/lang/ClassNotFoundException'{0x00000000c36f35c0}: groovy/lang/ExpandoMetaClassBeanInfo> (0x00000000c36f35c0) 
thrown [s\src\hotspot\share\classfile\systemDictionary.cpp, line 256]
Event: 46.159 Thread 0x000002043185c890 Exception <a 'java/lang/ClassNotFoundException'{0x00000000c35ae540}: groovy/lang/MetaClassImplBeanInfo> (0x00000000c35ae540) 
thrown [s\src\hotspot\share\classfile\systemDictionary.cpp, line 256]
Event: 46.160 Thread 0x000002043185c890 Exception <a 'java/lang/ClassNotFoundException'{0x00000000c35aefa0}: java/lang/ObjectBeanInfo> (0x00000000c35aefa0) 
thrown [s\src\hotspot\share\classfile\systemDictionary.cpp, line 256]
Event: 46.163 Thread 0x000002043185c890 Exception <a 'java/lang/ClassNotFoundException'{0x00000000c35b0350}: java/lang/ObjectCustomizer> (0x00000000c35b0350) 
thrown [s\src\hotspot\share\classfile\systemDictionary.cpp, line 256]
Event: 46.195 Thread 0x000002043185c890 Exception <a 'java/lang/IncompatibleClassChangeError'{0x00000000c35b4078}: Found class java.lang.Object, but interface was expected> (0x00000000c35b4078) 
thrown [s\src\hotspot\share\interpreter\linkResolver.cpp, line 826]

VM Operations (20 events):
Event: 39.873 Executing VM operation: HandshakeAllThreads
Event: 39.873 Executing VM operation: HandshakeAllThreads done
Event: 40.878 Executing VM operation: Cleanup
Event: 40.911 Executing VM operation: Cleanup done
Event: 41.159 Executing VM operation: HandshakeAllThreads
Event: 41.164 Executing VM operation: HandshakeAllThreads done
Event: 42.171 Executing VM operation: Cleanup
Event: 42.189 Executing VM operation: Cleanup done
Event: 43.201 Executing VM operation: Cleanup
Event: 43.203 Executing VM operation: Cleanup done
Event: 43.369 Executing VM operation: CollectForMetadataAllocation
Event: 43.384 Executing VM operation: CollectForMetadataAllocation done
Event: 43.389 Executing VM operation: CollectForMetadataAllocation
Event: 43.389 Executing VM operation: CollectForMetadataAllocation done
Event: 43.404 Executing VM operation: G1PauseRemark
Event: 43.408 Executing VM operation: G1PauseRemark done
Event: 43.411 Executing VM operation: G1PauseCleanup
Event: 43.413 Executing VM operation: G1PauseCleanup done
Event: 45.418 Executing VM operation: Cleanup
Event: 45.419 Executing VM operation: Cleanup done

Events (20 events):
Event: 46.185 loading class com/sun/beans/util/Cache$Kind$Soft done
Event: 46.186 loading class com/sun/beans/introspect/MethodInfo
Event: 46.186 loading class com/sun/beans/introspect/MethodInfo done
Event: 46.187 loading class com/sun/beans/introspect/MethodInfo$MethodOrder
Event: 46.187 loading class com/sun/beans/introspect/MethodInfo$MethodOrder done
Event: 46.187 loading class java/beans/MethodDescriptor
Event: 46.189 loading class java/beans/MethodDescriptor done
Event: 46.189 loading class java/beans/MethodRef
Event: 46.190 loading class java/beans/MethodRef done
Event: 46.190 loading class com/sun/beans/TypeResolver
Event: 46.192 loading class com/sun/beans/TypeResolver done
Event: 46.192 loading class com/sun/beans/WeakCache
Event: 46.192 loading class com/sun/beans/WeakCache done
Event: 46.197 loading class com/sun/beans/introspect/EventSetInfo
Event: 46.198 loading class com/sun/beans/introspect/EventSetInfo done
Event: 46.198 loading class java/util/TreeMap$Values
Event: 46.199 loading class java/util/TreeMap$Values done
Event: 46.199 loading class java/util/TreeMap$ValueIterator
Event: 46.199 loading class java/util/TreeMap$ValueIterator done
Event: 46.199 loading class com/sun/beans/introspect/PropertyInfo


Dynamic libraries:
0x00007ff6a2610000 - 0x00007ff6a261e000 	c:\Users\user\.vscode\extensions\redhat.java-1.28.1-win32-x64\jre\17.0.10-win32-x86_64\bin\java.exe
0x00007fffaf5f0000 - 0x00007fffaf7e8000 	C:\WINDOWS\SYSTEM32\ntdll.dll
0x00007fffadf50000 - 0x00007fffae00d000 	C:\WINDOWS\System32\KERNEL32.DLL
0x00007fffacee0000 - 0x00007fffad1d6000 	C:\WINDOWS\System32\KERNELBASE.dll
0x00007fffad3e0000 - 0x00007fffad4e0000 	C:\WINDOWS\System32\ucrtbase.dll
0x00007fff3ed60000 - 0x00007fff3ed77000 	c:\Users\user\.vscode\extensions\redhat.java-1.28.1-win32-x64\jre\17.0.10-win32-x86_64\bin\jli.dll
0x00007fffadd00000 - 0x00007fffade9e000 	C:\WINDOWS\System32\USER32.dll
0x00007fffad1e0000 - 0x00007fffad202000 	C:\WINDOWS\System32\win32u.dll
0x00007fffaf130000 - 0x00007fffaf15b000 	C:\WINDOWS\System32\GDI32.dll
0x00007fffad210000 - 0x00007fffad327000 	C:\WINDOWS\System32\gdi32full.dll
0x00007fffad4e0000 - 0x00007fffad57d000 	C:\WINDOWS\System32\msvcp_win.dll
0x00007fff3e1b0000 - 0x00007fff3e1cb000 	c:\Users\user\.vscode\extensions\redhat.java-1.28.1-win32-x64\jre\17.0.10-win32-x86_64\bin\VCRUNTIME140.dll
0x00007fffa11c0000 - 0x00007fffa145a000 	C:\WINDOWS\WinSxS\amd64_microsoft.windows.common-controls_6595b64144ccf1df_6.0.19041.3636_none_60b6a03d71f818d5\COMCTL32.dll
0x00007fffaf090000 - 0x00007fffaf12e000 	C:\WINDOWS\System32\msvcrt.dll
0x00007fffae9c0000 - 0x00007fffae9f2000 	C:\WINDOWS\System32\IMM32.DLL
0x00007fffa2720000 - 0x00007fffa272c000 	c:\Users\user\.vscode\extensions\redhat.java-1.28.1-win32-x64\jre\17.0.10-win32-x86_64\bin\vcruntime140_1.dll
0x00007fff3b710000 - 0x00007fff3b79d000 	c:\Users\user\.vscode\extensions\redhat.java-1.28.1-win32-x64\jre\17.0.10-win32-x86_64\bin\msvcp140.dll
0x00007fff3aaa0000 - 0x00007fff3b702000 	c:\Users\user\.vscode\extensions\redhat.java-1.28.1-win32-x64\jre\17.0.10-win32-x86_64\bin\server\jvm.dll
0x00007fffadb20000 - 0x00007fffadbd0000 	C:\WINDOWS\System32\ADVAPI32.dll
0x00007fffadc60000 - 0x00007fffadd00000 	C:\WINDOWS\System32\sechost.dll
0x00007fffae010000 - 0x00007fffae135000 	C:\WINDOWS\System32\RPCRT4.dll
0x00007fffad5f0000 - 0x00007fffad617000 	C:\WINDOWS\System32\bcrypt.dll
0x00007fffac200000 - 0x00007fffac24b000 	C:\WINDOWS\SYSTEM32\POWRPROF.dll
0x00007fffa1d70000 - 0x00007fffa1d97000 	C:\WINDOWS\SYSTEM32\WINMM.dll
0x00007fffa2660000 - 0x00007fffa266a000 	C:\WINDOWS\SYSTEM32\VERSION.dll
0x00007fff97da0000 - 0x00007fff97da9000 	C:\WINDOWS\SYSTEM32\WSOCK32.dll
0x00007fffadbf0000 - 0x00007fffadc5b000 	C:\WINDOWS\System32\WS2_32.dll
0x00007fffac070000 - 0x00007fffac082000 	C:\WINDOWS\SYSTEM32\UMPDC.dll
0x00007fffaab10000 - 0x00007fffaab22000 	C:\WINDOWS\SYSTEM32\kernel.appcore.dll
0x00007fff97c00000 - 0x00007fff97c0a000 	c:\Users\user\.vscode\extensions\redhat.java-1.28.1-win32-x64\jre\17.0.10-win32-x86_64\bin\jimage.dll
0x00007fffa3d80000 - 0x00007fffa3f64000 	C:\WINDOWS\SYSTEM32\DBGHELP.DLL
0x00007fffa4040000 - 0x00007fffa4074000 	C:\WINDOWS\SYSTEM32\dbgcore.DLL
0x00007ffface50000 - 0x00007fffaced2000 	C:\WINDOWS\System32\bcryptPrimitives.dll
0x00007fff3aa70000 - 0x00007fff3aa95000 	c:\Users\user\.vscode\extensions\redhat.java-1.28.1-win32-x64\jre\17.0.10-win32-x86_64\bin\java.dll
0x00007fff3df20000 - 0x00007fff3df38000 	c:\Users\user\.vscode\extensions\redhat.java-1.28.1-win32-x64\jre\17.0.10-win32-x86_64\bin\zip.dll
0x00007fffae140000 - 0x00007fffae8ab000 	C:\WINDOWS\System32\SHELL32.dll
0x00007fffaad10000 - 0x00007fffab4ae000 	C:\WINDOWS\SYSTEM32\windows.storage.dll
0x00007fffaf1f0000 - 0x00007fffaf543000 	C:\WINDOWS\System32\combase.dll
0x00007fffac5f0000 - 0x00007fffac61e000 	C:\WINDOWS\SYSTEM32\Wldp.dll
0x00007fffaeae0000 - 0x00007fffaebad000 	C:\WINDOWS\System32\OLEAUT32.dll
0x00007fffae910000 - 0x00007fffae9bd000 	C:\WINDOWS\System32\SHCORE.dll
0x00007fffae8b0000 - 0x00007fffae905000 	C:\WINDOWS\System32\shlwapi.dll
0x00007fffacbd0000 - 0x00007fffacbf5000 	C:\WINDOWS\SYSTEM32\profapi.dll
0x00007fff3e190000 - 0x00007fff3e1a9000 	C:\Users\user\.vscode\extensions\redhat.java-1.28.1-win32-x64\jre\17.0.10-win32-x86_64\bin\net.dll
0x00007fffa61d0000 - 0x00007fffa62da000 	C:\WINDOWS\SYSTEM32\WINHTTP.dll
0x00007fffac3d0000 - 0x00007fffac43a000 	C:\WINDOWS\system32\mswsock.dll
0x00007fff3e170000 - 0x00007fff3e186000 	C:\Users\user\.vscode\extensions\redhat.java-1.28.1-win32-x64\jre\17.0.10-win32-x86_64\bin\nio.dll
0x00007fff8f7b0000 - 0x00007fff8f7c0000 	c:\Users\user\.vscode\extensions\redhat.java-1.28.1-win32-x64\jre\17.0.10-win32-x86_64\bin\verify.dll

dbghelp: loaded successfully - version: 4.0.5 - missing functions: none
symbol engine: initialized successfully - sym options: 0x614 - pdb path: .;c:\Users\user\.vscode\extensions\redhat.java-1.28.1-win32-x64\jre\17.0.10-win32-x86_64\bin;C:\WINDOWS\SYSTEM32;C:\WINDOWS\WinSxS\amd64_microsoft.windows.common-controls_6595b64144ccf1df_6.0.19041.3636_none_60b6a03d71f818d5;c:\Users\user\.vscode\extensions\redhat.java-1.28.1-win32-x64\jre\17.0.10-win32-x86_64\bin\server

VM Arguments:
jvm_args: -XX:+HeapDumpOnOutOfMemoryError -Xmx1024m -Dsts.lsp.client=vscode -Dsts.log.file=/dev/null -XX:TieredStopAtLevel=1 -Xlog:jni+resolve=off -Dspring.config.location=file:c:\Users\user\.vscode\extensions\vmware.vscode-spring-boot-1.53.0\language-server\BOOT-INF\classes\application.properties 
java_command: org.springframework.ide.vscode.boot.app.BootLanguageServerBootApp
java_class_path (initial): c:\Users\user\.vscode\extensions\vmware.vscode-spring-boot-1.53.0\language-server\BOOT-INF\classes;c:\Users\user\.vscode\extensions\vmware.vscode-spring-boot-1.53.0\language-server\BOOT-INF\lib\annotations-24.1.0.jar;c:\Users\user\.vscode\extensions\vmware.vscode-spring-boot-1.53.0\language-server\BOOT-INF\lib\antlr4-runtime-4.11.1.jar;c:\Users\user\.vscode\extensions\vmware.vscode-spring-boot-1.53.0\language-server\BOOT-INF\lib\asm-9.6.jar;c:\Users\user\.vscode\extensions\vmware.vscode-spring-boot-1.53.0\language-server\BOOT-INF\lib\asm-analysis-9.6.jar;c:\Users\user\.vscode\extensions\vmware.vscode-spring-boot-1.53.0\language-server\BOOT-INF\lib\asm-tree-9.6.jar;c:\Users\user\.vscode\extensions\vmware.vscode-spring-boot-1.53.0\language-server\BOOT-INF\lib\asm-util-9.6.jar;c:\Users\user\.vscode\extensions\vmware.vscode-spring-boot-1.53.0\language-server\BOOT-INF\lib\caffeine-3.1.8.jar;c:\Users\user\.vscode\extensions\vmware.vscode-spring-boot-1.53.0\language-server\BOOT-INF\lib\checker-qual-3.12.0.jar;c:\Users\user\.vscode\extensions\vmware.vscode-spring-boot-1.53.0\language-server\BOOT-INF\lib\classgraph-4.8.149.jar;c:\Users\user\.vscode\extensions\vmware.vscode-spring-boot-1.53.0\language-server\BOOT-INF\lib\commons-codec-1.16.1.jar;c:\Users\user\.vscode\extensions\vmware.vscode-spring-boot-1.53.0\language-server\BOOT-INF\lib\commons-compress-1.26.0.jar;c:\Users\user\.vscode\extensions\vmware.vscode-spring-boot-1.53.0\language-server\BOOT-INF\lib\commons-io-2.4.jar;c:\Users\user\.vscode\extensions\vmware.vscode-spring-boot-1.53.0\language-server\BOOT-INF\lib\commons-java-1.53.0-SNAPSHOT.jar;c:\Users\user\.vscode\extensions\vmware.vscode-spring-boot-1.53.0\language-server\BOOT-INF\lib\commons-lang3-3.13.0.jar;c:\Users\user\.vscode\extensions\vmware.vscode-spring-boot-1.53.0\language-server\BOOT-INF\lib\commons-language-server-1.53.0-SNAPSHOT.jar;c:\Users\user\.vscode\extensions\vmware.vscode-spring-boot-1.53.0\language-server\BOOT-INF\
Launcher Type: SUN_STANDARD

[Global flags]
     intx CICompilerCount                          = 3                                         {product} {ergonomic}
     uint ConcGCThreads                            = 1                                         {product} {ergonomic}
     uint G1ConcRefinementThreads                  = 4                                         {product} {ergonomic}
   size_t G1HeapRegionSize                         = 1048576                                   {product} {ergonomic}
    uintx GCDrainStackTargetSize                   = 64                                        {product} {ergonomic}
     bool HeapDumpOnOutOfMemoryError               = true                                   {manageable} {command line}
   size_t InitialHeapSize                          = 98566144                                  {product} {ergonomic}
   size_t MarkStackSize                            = 4194304                                   {product} {ergonomic}
   size_t MaxHeapSize                              = 1073741824                                {product} {command line}
   size_t MaxNewSize                               = 643825664                                 {product} {ergonomic}
   size_t MinHeapDeltaBytes                        = 1048576                                   {product} {ergonomic}
   size_t MinHeapSize                              = 8388608                                   {product} {ergonomic}
    uintx NonProfiledCodeHeapSize                  = 0                                      {pd product} {ergonomic}
     bool ProfileInterpreter                       = false                                  {pd product} {command line}
    uintx ProfiledCodeHeapSize                     = 0                                      {pd product} {ergonomic}
   size_t SoftMaxHeapSize                          = 1073741824                             {manageable} {ergonomic}
     intx TieredStopAtLevel                        = 1                                         {product} {command line}
     bool UseCompressedClassPointers               = true                           {product lp64_product} {ergonomic}
     bool UseCompressedOops                        = true                           {product lp64_product} {ergonomic}
     bool UseG1GC                                  = true                                      {product} {ergonomic}
     bool UseLargePagesIndividualAllocation        = false                                  {pd product} {ergonomic}

Logging:
Log output configuration:
 #0: stdout all=warning,jni+resolve=off uptime,level,tags
 #1: stderr all=off uptime,level,tags

Environment Variables:
JAVA_HOME=C:\Program Files\Java\jdk-21
PATH=C:\Program Files\Common Files\Oracle\Java\javapath;C:\WINDOWS\system32;C:\WINDOWS;C:\WINDOWS\System32\Wbem;C:\WINDOWS\System32\WindowsPowerShell\v1.0\;C:\WINDOWS\System32\OpenSSH\;C:\ProgramData\chocolatey\bin;C:\Program Files\Git\cmd;C:\Program Files\OpenSSL-Win64\bin;C:\Program Files\Docker\Docker\resources\bin;C:\Users\user\AppData\Roaming\nvm;C:\Program Files\nodejs;C:\Program Files\apache-maven-3.9.6\bin;C:\Program Files\Common Files\Oracle\Java\javapath;C:\WINDOWS\system32;C:\WINDOWS;C:\WINDOWS\System32\Wbem;C:\WINDOWS\System32\WindowsPowerShell\v1.0\;C:\WINDOWS\System32\OpenSSH\;C:\ProgramData\chocolatey\bin;C:\Program Files\Git\cmd;C:\Program Files\OpenSSL-Win64\bin;C:\Program Files\Docker\Docker\resources\bin;C:\Users\user\AppData\Roaming\nvm;C:\Program Files\nodejs;C:\Users\user\AppData\Local\Programs\Microsoft VS Code\bin;C:\Users\user\AppData\Roaming\nvm;C:\Program Files\nodejs
USERNAME=user
OS=Windows_NT
PROCESSOR_IDENTIFIER=Intel64 Family 6 Model 37 Stepping 5, GenuineIntel
TMP=C:\Users\user\AppData\Local\Temp
TEMP=C:\Users\user\AppData\Local\Temp



Periodic native trim disabled


---------------  S Y S T E M  ---------------

OS:
 Windows 10 , 64 bit Build 19041 (10.0.19041.3636)
OS uptime: 5 days 23:23 hours
Hyper-V role detected

CPU: total 4 (initial active 4) (2 cores per cpu, 2 threads per core) family 6 model 37 stepping 5 microcode 0x7, cx8, cmov, fxsr, ht, mmx, sse, sse2, sse3, ssse3, sse4.1, sse4.2, popcnt, tsc, tscinvbit, clflush, hv
Processor Information for all 4 processors :
  Max Mhz: 2399, Current Mhz: 933, Mhz Limit: 1847

Memory: 4k page, system-wide physical 5941M (363M free)
TotalPageFile size 24373M (AvailPageFile size 103M)
current process WorkingSet (physical memory assigned to process): 104M, peak: 119M
current process commit charge ("private bytes"): 169M, peak: 186M

vm_info: OpenJDK 64-Bit Server VM (17.0.10+7) for windows-amd64 JRE (17.0.10+7), built on Jan 16 2024 23:25:11 by "admin" with MS VC++ 16.10 / 16.11 (VS2019)

END.
