#
# There is insufficient memory for the Java Runtime Environment to continue.
# Native memory allocation (mmap) failed to map 65536 bytes. Error detail: Failed to commit metaspace.
# Possible reasons:
#   The system is out of physical RAM or swap space
#   This process is running with CompressedOops enabled, and the Java Heap may be blocking the growth of the native heap
# Possible solutions:
#   Reduce memory load on the system
#   Increase physical memory or swap space
#   Check if swap backing store is full
#   Decrease Java heap size (-Xmx/-Xms)
#   Decrease number of Java threads
#   Decrease Java thread stack sizes (-Xss)
#   Set larger code cache with -XX:ReservedCodeCacheSize=
#   JVM is running with Unscaled Compressed Oops mode in which the Java heap is
#     placed in the first 4GB address space. The Java Heap base address is the
#     maximum limit for the native heap growth. Please use -XX:HeapBaseMinAddress
#     to set the Java Heap base and to place the Java Heap above 4GB virtual address.
# This output file may be truncated or incomplete.
#
#  Out of Memory Error (virtualSpaceNode.cpp:110), pid=2156, tid=2824
#
# JRE version: OpenJDK Runtime Environment Temurin-17.0.12+7 (17.0.12+7) (build 17.0.12+7)
# Java VM: OpenJDK 64-Bit Server VM Temurin-17.0.12+7 (17.0.12+7, mixed mode, tiered, compressed oops, compressed class ptrs, parallel gc, windows-amd64)
# No core dump will be written. Minidumps are not enabled by default on client versions of Windows
#

---------------  S U M M A R Y ------------

Command Line: --add-modules=ALL-SYSTEM --add-opens=java.base/java.util=ALL-UNNAMED --add-opens=java.base/java.lang=ALL-UNNAMED --add-opens=java.base/sun.nio.fs=ALL-UNNAMED -Declipse.application=org.eclipse.jdt.ls.core.id1 -Dosgi.bundles.defaultStartLevel=4 -Declipse.product=org.eclipse.jdt.ls.core.product -Djava.import.generatesMetadataFilesAtProjectRoot=false -DDetectVMInstallationsJob.disabled=true -Dfile.encoding=utf8 -XX:+UseParallelGC -XX:GCTimeRatio=4 -XX:AdaptiveSizePolicyWeight=90 -Dsun.zip.disableMemoryMapping=true -Xmx1G -Xms100m -Xlog:disable -javaagent:c:\Users\user\.vscode\extensions\redhat.java-1.35.0-win32-x64\lombok\lombok-1.18.33.jar c:\Users\user\.vscode\extensions\redhat.java-1.35.0-win32-x64\server\plugins\org.eclipse.equinox.launcher_1.6.900.v20240613-2009.jar -configuration c:\Users\user\AppData\Roaming\Code\User\globalStorage\redhat.java\1.35.0\config_ss_win -data c:\Users\user\AppData\Roaming\Code\User\workspaceStorage\079f6f517649c5123b03c41ab70807b5\redhat.java\ss_ws --pipe=\\.\pipe\lsp-2cbd5a9349a27ec539dc374b8447d835-sock

Host: Intel(R) Core(TM) i3 CPU       M 370  @ 2.40GHz, 4 cores, 5G,  Windows 10 , 64 bit Build 19041 (10.0.19041.4842)
Time: Fri Sep 27 11:04:21 2024 Paris, Madrid (heure duild 19041 (10.0.19041.4842) elapsed time: 2.700572 seconds (0d 0h 0m 2s)

---------------  T H R E A D  ---------------

Current thread (0x00000260eeb4f020):  JavaThread "main" [_thread_in_vm, id=2824, stack(0x00000078cfa00000,0x00000078cfb00000)]

Stack: [0x00000078cfa00000,0x00000078cfb00000]
Native frames: (J=compiled Java code, j=interpreted, Vv=VM code, C=native code)
V  [jvm.dll+0x67f929]
V  [jvm.dll+0x8371ba]
V  [jvm.dll+0x838c7e]
V  [jvm.dll+0x8392e3]
V  [jvm.dll+0x24834f]
V  [jvm.dll+0x832e6d]
V  [jvm.dll+0x623e9e]
V  [jvm.dll+0x1c1e3b]
V  [jvm.dll+0x6267ed]
V  [jvm.dll+0x624846]
V  [jvm.dll+0x23db70]
V  [jvm.dll+0x1ec8cb]
V  [jvm.dll+0x1e2261]
V  [jvm.dll+0x54468e]
V  [jvm.dll+0x7b1158]
V  [jvm.dll+0x7b1244]
V  [jvm.dll+0x4117c5]
V  [jvm.dll+0x417949]
C  [java.dll+0x17ec]

Java frames: (J=compiled Java code, j=interpreted, Vv=VM code)
j  java.lang.ClassLoader.defineClass1(Ljava/lang/ClassLoader;Ljava/lang/String;[BIILjava/security/ProtectionDomain;Ljava/lang/String;)Ljava/lang/Class;+0 java.base@17.0.12
j  java.lang.ClassLoader.defineClass(Ljava/lang/String;[BIILjava/security/ProtectionDomain;)Ljava/lang/Class;+27 java.base@17.0.12
j  java.security.SecureClassLoader.defineClass(Ljava/lang/String;[BIILjava/security/CodeSource;)Ljava/lang/Class;+12 java.base@17.0.12
j  java.net.URLClassLoader.defineClass(Ljava/lang/String;Ljdk/internal/loader/Resource;)Ljava/lang/Class;+221 java.base@17.0.12
j  java.net.URLClassLoader$1.run()Ljava/lang/Class;+43 java.base@17.0.12
j  java.net.URLClassLoader$1.run()Ljava/lang/Object;+1 java.base@17.0.12
j  java.security.AccessController.executePrivileged(Ljava/security/PrivilegedExceptionAction;Ljava/security/AccessControlContext;Ljava/lang/Class;)Ljava/lang/Object;+29 java.base@17.0.12
j  java.security.AccessController.doPrivileged(Ljava/security/PrivilegedExceptionAction;Ljava/security/AccessControlContext;)Ljava/lang/Object;+13 java.base@17.0.12
j  java.net.URLClassLoader.findClass(Ljava/lang/String;)Ljava/lang/Class;+13 java.base@17.0.12
j  java.lang.ClassLoader.loadClass(Ljava/lang/String;Z)Ljava/lang/Class;+69 java.base@17.0.12
J 770 c1 java.lang.ClassLoader.loadClass(Ljava/lang/String;)Ljava/lang/Class; java.base@17.0.12 (7 bytes) @ 0x000002608013c7bc [0x000002608013c6c0+0x00000000000000fc]
v  ~StubRoutines::call_stub
j  org.eclipse.osgi.internal.location.EquinoxLocations.canWrite(Ljava/net/URL;Ljava/lang/String;)Z+50
j  org.eclipse.osgi.internal.location.EquinoxLocations.buildLocation(Ljava/lang/String;Ljava/net/URL;Ljava/lang/String;ZZLjava/lang/String;)Lorg/eclipse/osgi/internal/location/BasicLocation;+384
j  org.eclipse.osgi.internal.location.EquinoxLocations.<init>(Lorg/eclipse/osgi/internal/framework/EquinoxConfiguration$ConfigValues;Lorg/eclipse/osgi/internal/framework/EquinoxContainer;Ljava/util/concurrent/atomic/AtomicBoolean;Ljava/util/Map;)V+483
j  org.eclipse.osgi.internal.framework.EquinoxConfiguration.<init>(Ljava/util/Map;Lorg/eclipse/osgi/internal/hookregistry/HookRegistry;)V+102
j  org.eclipse.osgi.internal.framework.EquinoxContainer.<init>(Ljava/util/Map;Lorg/osgi/framework/connect/ModuleConnector;)V+82
j  org.eclipse.osgi.launch.Equinox.<init>(Ljava/util/Map;Lorg/osgi/framework/connect/ModuleConnector;)V+10
j  org.eclipse.osgi.launch.Equinox.<init>(Ljava/util/Map;)V+3
j  org.eclipse.core.runtime.adaptor.EclipseStarter.startup([Ljava/lang/String;Ljava/lang/Runnable;)Lorg/osgi/framework/BundleContext;+28
j  org.eclipse.core.runtime.adaptor.EclipseStarter.run([Ljava/lang/String;Ljava/lang/Runnable;)Ljava/lang/Object;+21
v  ~StubRoutines::call_stub
j  jdk.internal.reflect.NativeMethodAccessorImpl.invoke0(Ljava/lang/reflect/Method;Ljava/lang/Object;[Ljava/lang/Object;)Ljava/lang/Object;+0 java.base@17.0.12
j  jdk.internal.reflect.NativeMethodAccessorImpl.invoke(Ljava/lang/Object;[Ljava/lang/Object;)Ljava/lang/Object;+133 java.base@17.0.12
j  jdk.internal.reflect.DelegatingMethodAccessorImpl.invoke(Ljava/lang/Object;[Ljava/lang/Object;)Ljava/lang/Object;+6 java.base@17.0.12
j  java.lang.reflect.Method.invoke(Ljava/lang/Object;[Ljava/lang/Object;)Ljava/lang/Object;+59 java.base@17.0.12
j  org.eclipse.equinox.launcher.Main.invokeFramework([Ljava/lang/String;[Ljava/net/URL;)V+202
j  org.eclipse.equinox.launcher.Main.basicRun([Ljava/lang/String;)V+159
j  org.eclipse.equinox.launcher.Main.run([Ljava/lang/String;)I+4
j  org.eclipse.equinox.launcher.Main.main([Ljava/lang/String;)V+10
v  ~StubRoutines::call_stub

Compiled method (c1)    2745  770       3       java.lang.ClassLoader::loadClass (7 bytes)
 total in heap  [0x000002608013c510,0x000002608013c8f0] = 992
 relocation     [0x000002608013c668,0x000002608013c6a8] = 64
 main code      [0x000002608013c6c0,0x000002608013c840] = 384
 stub code      [0x000002608013c840,0x000002608013c888] = 72
 metadata       [0x000002608013c888,0x000002608013c890] = 8
 scopes data    [0x000002608013c890,0x000002608013c8a8] = 24
 scopes pcs     [0x000002608013c8a8,0x000002608013c8e8] = 64
 dependencies   [0x000002608013c8e8,0x000002608013c8f0] = 8

[Constant Pool (empty)]

[MachCode]
[Entry Point]
  # {method} {0x00000260f401d378} 'loadClass' '(Ljava/lang/String;)Ljava/lang/Class;' in 'java/lang/ClassLoader'
  # this:     rdx:rdx   = 'java/lang/ClassLoader'
  # parm0:    r8:r8     = 'java/lang/String'
  #           [sp+0x40]  (sp of caller)
  0x000002608013c6c0: 448b 5208 | 49c1 e203 

  0x000002608013c6c8: ;   {runtime_call ic_miss_stub}
  0x000002608013c6c8: 4c3b d00f | 85af 4644 | 0766 6666 | 0f1f 8400 | 0000 0000 | 6666 6690 
[Verified Entry Point]
  0x000002608013c6e0: 8984 2400 | 90ff ff55 | 4883 ec30 

  0x000002608013c6ec: ;   {metadata(method data for {method} {0x00000260f401d378} 'loadClass' '(Ljava/lang/String;)Ljava/lang/Class;' in 'java/lang/ClassLoader')}
  0x000002608013c6ec: 49b9 184c | 96f4 6002 | 0000 418b | b1cc 0000 | 0083 c602 | 4189 b1cc | 0000 0081 | e6fe 0700 
  0x000002608013c70c: 0083 fe00 | 0f84 b900 | 0000 4c8b 

  0x000002608013c718: ;   {metadata(method data for {method} {0x00000260f401d378} 'loadClass' '(Ljava/lang/String;)Ljava/lang/Class;' in 'java/lang/ClassLoader')}
  0x000002608013c718: ca48 be18 | 4c96 f460 | 0200 0045 | 8b49 0849 | c1e1 034c | 3b8e 2001 | 0000 750d | 4883 8628 
  0x000002608013c738: 0100 0001 | e966 0000 | 004c 3b8e | 3001 0000 | 750d 4883 | 8638 0100 | 0001 e950 | 0000 0048 
  0x000002608013c758: 81be 2001 | 0000 0000 | 0000 7517 | 4c89 8e20 | 0100 0048 | c786 2801 | 0000 0100 | 0000 e92c 
  0x000002608013c778: 0000 0048 | 81be 3001 | 0000 0000 | 0000 7517 | 4c89 8e30 | 0100 0048 | c786 3801 | 0000 0100 
  0x000002608013c798: 0000 e908 | 0000 0048 | 8386 1001 | 0000 0141 | b900 0000 | 0048 b8ff | ffff ffff 

  0x000002608013c7b4: ;   {virtual_call}
  0x000002608013c7b4: ffff ffe8 

  0x000002608013c7b8: ; ImmutableOopMap {}
                      ;*invokevirtual loadClass {reexecute=0 rethrow=0 return_oop=0}
                      ; - java.lang.ClassLoader::loadClass@3
  0x000002608013c7b8: e41f 4407 | 4883 c430 

  0x000002608013c7c0: ;   {poll_return}
  0x000002608013c7c0: 5d49 3ba7 | 5003 0000 | 0f87 2200 

  0x000002608013c7cc: ;   {metadata({method} {0x00000260f401d378} 'loadClass' '(Ljava/lang/String;)Ljava/lang/Class;' in 'java/lang/ClassLoader')}
  0x000002608013c7cc: 0000 c349 | ba70 d301 | f460 0200 | 004c 8954 | 2408 48c7 | 0424 ffff 

  0x000002608013c7e4: ;   {runtime_call counter_overflow Runtime1 stub}
  0x000002608013c7e4: ffff e895 

  0x000002608013c7e8: ; ImmutableOopMap {rdx=Oop r8=Oop }
                      ;*synchronization entry
                      ; - java.lang.ClassLoader::loadClass@-1
  0x000002608013c7e8: d14e 07e9 | 26ff ffff 

  0x000002608013c7f0: ;   {internal_word}
  0x000002608013c7f0: 49ba c1c7 | 1380 6002 | 0000 4d89 | 9768 0300 

  0x000002608013c800: ;   {runtime_call SafepointBlob}
  0x000002608013c800: 00e9 7aaa | 4407 9090 | 498b 87e0 | 0300 0049 | c787 e003 | 0000 0000 | 0000 49c7 | 87e8 0300 
  0x000002608013c820: 0000 0000 | 0048 83c4 

  0x000002608013c828: ;   {runtime_call unwind_exception Runtime1 stub}
  0x000002608013c828: 305d e9d1 | af45 07f4 | f4f4 f4f4 | f4f4 f4f4 | f4f4 f4f4 | f4f4 f4f4 
[Stub Code]
  0x000002608013c840: ;   {no_reloc}
  0x000002608013c840: 0f1f 4400 

  0x000002608013c844: ;   {static_stub}
  0x000002608013c844: 0048 bb00 | 0000 0000 

  0x000002608013c84c: ;   {runtime_call}
  0x000002608013c84c: 0000 00e9 | fbff ffff 
[Exception Handler]
  0x000002608013c854: ;   {runtime_call handle_exception_from_callee Runtime1 stub}
  0x000002608013c854: e8a7 8245 

  0x000002608013c858: ;   {external_word}
  0x000002608013c858: 0748 b930 | cab3 c4fc | 7f00 0048 

  0x000002608013c864: ;   {runtime_call}
  0x000002608013c864: 83e4 f049 | ba70 4c7c | c4fc 7f00 | 0041 ffd2 

  0x000002608013c874: ;   {section_word}
  0x000002608013c874: f449 ba75 | c813 8060 | 0200 0041 

  0x000002608013c880: ;   {runtime_call DeoptimizationBlob}
  0x000002608013c880: 52e9 1aa3 | 4407 f4f4 
[/MachCode]


---------------  P R O C E S S  ---------------

Threads class SMR info:
_java_thread_list=0x00000260f9064e30, length=12, elements={
0x00000260eeb4f020, 0x00000260eec08260, 0x00000260eec09a10, 0x00000260f39bc670,
0x00000260f39bd400, 0x00000260f39c00a0, 0x00000260f39c1980, 0x00000260f39c2580,
0x00000260f39ede70, 0x00000260f8c08f50, 0x00000260eebb2330, 0x00000260f8ee1820
}

Java Threads: ( => current thread )
=>0x00000260eeb4f020 JavaThread "main" [_thread_in_vm, id=2824, stack(0x00000078cfa00000,0x00000078cfb00000)]
  0x00000260eec08260 JavaThread "Reference Handler" daemon [_thread_blocked, id=5972, stack(0x00000078cfd00000,0x00000078cfe00000)]
  0x00000260eec09a10 JavaThread "Finalizer" daemon [_thread_blocked, id=836, stack(0x00000078cfe00000,0x00000078cff00000)]
  0x00000260f39bc670 JavaThread "Signal Dispatcher" daemon [_thread_blocked, id=10608, stack(0x00000078cff00000,0x00000078d0000000)]
  0x00000260f39bd400 JavaThread "Attach Listener" daemon [_thread_blocked, id=10152, stack(0x00000078d0000000,0x00000078d0100000)]
  0x00000260f39c00a0 JavaThread "Service Thread" daemon [_thread_blocked, id=5980, stack(0x00000078d0100000,0x00000078d0200000)]
  0x00000260f39c1980 JavaThread "Monitor Deflation Thread" daemon [_thread_blocked, id=10396, stack(0x00000078d0200000,0x00000078d0300000)]
  0x00000260f39c2580 JavaThread "C2 CompilerThread0" daemon [_thread_blocked, id=5272, stack(0x00000078d0300000,0x00000078d0400000)]
  0x00000260f39ede70 JavaThread "C1 CompilerThread0" daemon [_thread_blocked, id=548, stack(0x00000078d0400000,0x00000078d0500000)]
  0x00000260f8c08f50 JavaThread "Sweeper thread" daemon [_thread_blocked, id=5988, stack(0x00000078d0500000,0x00000078d0600000)]
  0x00000260eebb2330 JavaThread "Common-Cleaner" daemon [_thread_blocked, id=8976, stack(0x00000078d0600000,0x00000078d0700000)]
  0x00000260f8ee1820 JavaThread "Notification Thread" daemon [_thread_blocked, id=6680, stack(0x00000078d0700000,0x00000078d0800000)]

Other Threads:
  0x00000260eebdacd0 VMThread "VM Thread" [stack: 0x00000078cfc00000,0x00000078cfd00000] [id=11196]
  0x00000260f8d25dc0 WatcherThread [stack: 0x00000078d0800000,0x00000078d0900000] [id=10148]
  0x00000260eeb64a20 GCTaskThread "GC Thread#0" [stack: 0x00000078cfb00000,0x00000078cfc00000] [id=7400]

Threads with active compile tasks:

VM state: not at safepoint (normal execution)

VM Mutex/Monitor currently owned by a thread:  ([mutex/lock_event])
[0x00000260eeb4c410] Metaspace_lock - owner thread: 0x00000260eeb4f020

Heap address: 0x00000000c0000000, size: 1024 MB, Compressed Oops mode: 32-bit

CDS archive(s) not mapped
Compressed class space mapped at: 0x0000000100000000-0x0000000140000000, reserved size: 1073741824
Narrow klass base: 0x0000000000000000, Narrow klass shift: 3, Narrow klass range: 0x140000000

GC Precious Log:
 CPUs: 4 total, 4 available
 Memory: 5941M
 Large Page Support: Disabled
 NUMA Support: Disabled
 Compressed Oops: Enabled (32-bit)
 Alignments: Space 512K, Generation 512K, Heap 2M
 Heap Min Capacity: 100M
 Heap Initial Capacity: 100M
 Heap Max Capacity: 1G
 Pre-touch: Disabled
 Parallel Workers: 4

Heap:
 PSYoungGen      total 29696K, used 22677K [0x00000000eab00000, 0x00000000ecc00000, 0x0000000100000000)
  eden space 25600K, 88% used [0x00000000eab00000,0x00000000ec1254f0,0x00000000ec400000)
  from space 4096K, 0% used [0x00000000ec800000,0x00000000ec800000,0x00000000ecc00000)
  to   space 4096K, 0% used [0x00000000ec400000,0x00000000ec400000,0x00000000ec800000)
 ParOldGen       total 68608K, used 0K [0x00000000c0000000, 0x00000000c4300000, 0x00000000eab00000)
  object space 68608K, 0% used [0x00000000c0000000,0x00000000c0000000,0x00000000c4300000)
 Metaspace       used 10192K, committed 10304K, reserved 1114112K
  class space    used 1013K, committed 1088K, reserved 1048576K

Card table byte_map: [0x00000260ee520000,0x00000260ee730000] _byte_map_base: 0x00000260edf20000

Marking Bits: (ParMarkBitMap*) 0x00007ffcc4db58b0
 Begin Bits: [0x00000260f17f0000, 0x00000260f27f0000)
 End Bits:   [0x00000260f27f0000, 0x00000260f37f0000)

Polling page: 0x00000260ee310000

Metaspace:

Usage:
  Non-class:      8.96 MB used.
      Class:   1013.78 KB used.
       Both:      9.95 MB used.

Virtual space:
  Non-class space:       64.00 MB reserved,       9.00 MB ( 14%) committed,  1 nodes.
      Class space:        1.00 GB reserved,       1.06 MB ( <1%) committed,  1 nodes.
             Both:        1.06 GB reserved,      10.06 MB ( <1%) committed. 

Chunk freelists:
   Non-Class:  6.61 MB
       Class:  14.98 MB
        Both:  21.59 MB

MaxMetaspaceSize: unlimited
CompressedClassSpaceSize: 1.00 GB
Initial GC threshold: 21.00 MB
Current GC threshold: 21.00 MB
CDS: off
MetaspaceReclaimPolicy: balanced
 - commit_granule_bytes: 65536.
 - commit_granule_words: 8192.
 - virtual_space_node_default_size: 8388608.
 - enlarge_chunks_in_place: 1.
 - new_chunks_are_fully_committed: 0.
 - uncommit_free_chunks: 1.
 - use_allocation_guard: 0.
 - handle_deallocations: 1.


Internal statistics:

num_allocs_failed_limit: 0.
num_arena_births: 14.
num_arena_deaths: 0.
num_vsnodes_births: 2.
num_vsnodes_deaths: 0.
num_space_committed: 161.
num_space_uncommitted: 0.
num_chunks_returned_to_freelist: 0.
num_chunks_taken_from_freelist: 68.
num_chunk_merges: 0.
num_chunk_splits: 42.
num_chunks_enlarged: 31.
num_inconsistent_stats: 0.

CodeHeap 'non-profiled nmethods': size=120000Kb used=362Kb max_used=362Kb free=119637Kb
 bounds [0x0000026087ad0000, 0x0000026087d40000, 0x000002608f000000]
CodeHeap 'profiled nmethods': size=120000Kb used=1316Kb max_used=1316Kb free=118683Kb
 bounds [0x0000026080000000, 0x0000026080270000, 0x0000026087530000]
CodeHeap 'non-nmethods': size=5760Kb used=1135Kb max_used=1161Kb free=4624Kb
 bounds [0x0000026087530000, 0x00000260877a0000, 0x0000026087ad0000]
 total_blobs=1248 nmethods=820 adapters=344
 compilation: enabled
              stopped_count=0, restarted_count=0
 full_count=0

Compilation events (20 events):
Event: 2.656 Thread 0x00000260f39ede70 nmethod 811 0x0000026080146c90 code [0x0000026080146e40, 0x0000026080147138]
Event: 2.656 Thread 0x00000260f39ede70  812       3       java.util.AbstractCollection::addAll (42 bytes)
Event: 2.656 Thread 0x00000260f39ede70 nmethod 812 0x0000026080147290 code [0x0000026080147480, 0x0000026080147998]
Event: 2.657 Thread 0x00000260f39ede70  813       1       java.nio.Buffer::position (5 bytes)
Event: 2.657 Thread 0x00000260f39ede70 nmethod 813 0x0000026087b28810 code [0x0000026087b289a0, 0x0000026087b28a78]
Event: 2.657 Thread 0x00000260f39ede70  814       3       java.lang.StringLatin1::inflate (34 bytes)
Event: 2.658 Thread 0x00000260f39ede70 nmethod 814 0x0000026080147b10 code [0x0000026080147cc0, 0x0000026080147ed8]
Event: 2.660 Thread 0x00000260f39ede70  815       1       java.security.CodeSource::getLocationNoFragString (5 bytes)
Event: 2.660 Thread 0x00000260f39ede70 nmethod 815 0x0000026087b28b10 code [0x0000026087b28ca0, 0x0000026087b28d78]
Event: 2.662 Thread 0x00000260f39ede70  816       3       java.lang.StringConcatHelper::newArray (40 bytes)
Event: 2.662 Thread 0x00000260f39ede70 nmethod 816 0x0000026080148090 code [0x0000026080148260, 0x0000026080148598]
Event: 2.682 Thread 0x00000260f39ede70  817       3       java.util.ArrayDeque::elementAt (4 bytes)
Event: 2.682 Thread 0x00000260f39ede70 nmethod 817 0x0000026080148690 code [0x0000026080148820, 0x0000026080148938]
Event: 2.686 Thread 0x00000260f39c2580 nmethod 810 0x0000026087b28e10 code [0x0000026087b29040, 0x0000026087b29b70]
Event: 2.688 Thread 0x00000260f39c2580  818       4       java.lang.String::getBytes (46 bytes)
Event: 2.688 Thread 0x00000260f39ede70  819       3       java.util.ArrayDeque::pollFirst (36 bytes)
Event: 2.689 Thread 0x00000260f39ede70 nmethod 819 0x0000026080148a10 code [0x0000026080148bc0, 0x0000026080148f78]
Event: 2.692 Thread 0x00000260f39c2580 nmethod 818 0x0000026087b2a310 code [0x0000026087b2a4a0, 0x0000026087b2a6f8]
Event: 2.693 Thread 0x00000260f39ede70  820       1       java.lang.String::value (5 bytes)
Event: 2.693 Thread 0x00000260f39ede70 nmethod 820 0x0000026087b2a810 code [0x0000026087b2a9a0, 0x0000026087b2aa78]

GC Heap History (0 events):
No events

Dll operation events (8 events):
Event: 0.038 Loaded shared library c:\Users\user\.vscode\extensions\redhat.java-1.35.0-win32-x64\jre\17.0.12-win32-x86_64\bin\java.dll
Event: 0.924 Loaded shared library c:\Users\user\.vscode\extensions\redhat.java-1.35.0-win32-x64\jre\17.0.12-win32-x86_64\bin\zip.dll
Event: 0.932 Loaded shared library C:\Users\user\.vscode\extensions\redhat.java-1.35.0-win32-x64\jre\17.0.12-win32-x86_64\bin\instrument.dll
Event: 0.988 Loaded shared library C:\Users\user\.vscode\extensions\redhat.java-1.35.0-win32-x64\jre\17.0.12-win32-x86_64\bin\net.dll
Event: 0.996 Loaded shared library C:\Users\user\.vscode\extensions\redhat.java-1.35.0-win32-x64\jre\17.0.12-win32-x86_64\bin\nio.dll
Event: 1.019 Loaded shared library C:\Users\user\.vscode\extensions\redhat.java-1.35.0-win32-x64\jre\17.0.12-win32-x86_64\bin\zip.dll
Event: 1.066 Loaded shared library C:\Users\user\.vscode\extensions\redhat.java-1.35.0-win32-x64\jre\17.0.12-win32-x86_64\bin\jimage.dll
Event: 1.225 Loaded shared library c:\Users\user\.vscode\extensions\redhat.java-1.35.0-win32-x64\jre\17.0.12-win32-x86_64\bin\verify.dll

Deoptimization events (20 events):
Event: 2.591 Thread 0x00000260eeb4f020 Uncommon trap: trap_request=0xffffffc6 fr.pc=0x0000026087b17118 relative=0x0000000000000258
Event: 2.591 Thread 0x00000260eeb4f020 Uncommon trap: reason=bimorphic_or_optimized_type_check action=maybe_recompile pc=0x0000026087b17118 method=java.util.HashMap.getNode(Ljava/lang/Object;)Ljava/util/HashMap$Node; @ 128 c2
Event: 2.591 Thread 0x00000260eeb4f020 DEOPT PACKING pc=0x0000026087b17118 sp=0x00000078cfafd280
Event: 2.591 Thread 0x00000260eeb4f020 DEOPT UNPACKING pc=0x000002608758669d sp=0x00000078cfafd208 mode 2
Event: 2.653 Thread 0x00000260eeb4f020 Uncommon trap: trap_request=0xffffffde fr.pc=0x0000026087b14c70 relative=0x0000000000000a30
Event: 2.653 Thread 0x00000260eeb4f020 Uncommon trap: reason=class_check action=maybe_recompile pc=0x0000026087b14c70 method=java.util.HashMap.putVal(ILjava/lang/Object;Ljava/lang/Object;ZZ)Ljava/lang/Object; @ 203 c2
Event: 2.653 Thread 0x00000260eeb4f020 DEOPT PACKING pc=0x0000026087b14c70 sp=0x00000078cfafdad0
Event: 2.653 Thread 0x00000260eeb4f020 DEOPT UNPACKING pc=0x000002608758669d sp=0x00000078cfafd9f8 mode 2
Event: 2.654 Thread 0x00000260eeb4f020 Uncommon trap: trap_request=0xffffffde fr.pc=0x0000026087b14c70 relative=0x0000000000000a30
Event: 2.654 Thread 0x00000260eeb4f020 Uncommon trap: reason=class_check action=maybe_recompile pc=0x0000026087b14c70 method=java.util.HashMap.putVal(ILjava/lang/Object;Ljava/lang/Object;ZZ)Ljava/lang/Object; @ 203 c2
Event: 2.654 Thread 0x00000260eeb4f020 DEOPT PACKING pc=0x0000026087b14c70 sp=0x00000078cfafdad0
Event: 2.654 Thread 0x00000260eeb4f020 DEOPT UNPACKING pc=0x000002608758669d sp=0x00000078cfafd9f8 mode 2
Event: 2.654 Thread 0x00000260eeb4f020 Uncommon trap: trap_request=0xffffffde fr.pc=0x0000026087b14c70 relative=0x0000000000000a30
Event: 2.654 Thread 0x00000260eeb4f020 Uncommon trap: reason=class_check action=maybe_recompile pc=0x0000026087b14c70 method=java.util.HashMap.putVal(ILjava/lang/Object;Ljava/lang/Object;ZZ)Ljava/lang/Object; @ 203 c2
Event: 2.654 Thread 0x00000260eeb4f020 DEOPT PACKING pc=0x0000026087b14c70 sp=0x00000078cfafdad0
Event: 2.654 Thread 0x00000260eeb4f020 DEOPT UNPACKING pc=0x000002608758669d sp=0x00000078cfafd9f8 mode 2
Event: 2.654 Thread 0x00000260eeb4f020 Uncommon trap: trap_request=0xffffffde fr.pc=0x0000026087b14c70 relative=0x0000000000000a30
Event: 2.654 Thread 0x00000260eeb4f020 Uncommon trap: reason=class_check action=maybe_recompile pc=0x0000026087b14c70 method=java.util.HashMap.putVal(ILjava/lang/Object;Ljava/lang/Object;ZZ)Ljava/lang/Object; @ 203 c2
Event: 2.654 Thread 0x00000260eeb4f020 DEOPT PACKING pc=0x0000026087b14c70 sp=0x00000078cfafdad0
Event: 2.654 Thread 0x00000260eeb4f020 DEOPT UNPACKING pc=0x000002608758669d sp=0x00000078cfafd9f8 mode 2

Classes loaded (20 events):
Event: 2.646 Loading class java/io/BufferedReader
Event: 2.646 Loading class java/io/BufferedReader done
Event: 2.647 Loading class sun/nio/cs/StreamDecoder
Event: 2.648 Loading class sun/nio/cs/StreamDecoder done
Event: 2.648 Loading class sun/nio/cs/UTF_8$Decoder
Event: 2.649 Loading class sun/nio/cs/UTF_8$Decoder done
Event: 2.650 Loading class java/nio/charset/CoderResult
Event: 2.650 Loading class java/nio/charset/CoderResult done
Event: 2.674 Loading class java/util/Random
Event: 2.675 Loading class java/util/random/RandomGenerator
Event: 2.675 Loading class java/util/random/RandomGenerator done
Event: 2.675 Loading class java/util/Random done
Event: 2.676 Loading class java/util/UUID
Event: 2.676 Loading class java/util/UUID done
Event: 2.677 Loading class java/util/concurrent/atomic/AtomicBoolean
Event: 2.677 Loading class java/util/concurrent/atomic/AtomicBoolean done
Event: 2.677 Loading class java/lang/invoke/VarHandleInts$FieldInstanceReadWrite
Event: 2.677 Loading class java/lang/invoke/VarHandleInts$FieldInstanceReadOnly
Event: 2.678 Loading class java/lang/invoke/VarHandleInts$FieldInstanceReadOnly done
Event: 2.678 Loading class java/lang/invoke/VarHandleInts$FieldInstanceReadWrite done

Classes unloaded (0 events):
No events

Classes redefined (0 events):
No events

Internal exceptions (11 events):
Event: 0.800 Thread 0x00000260eeb4f020 Exception <a 'java/lang/NoSuchMethodError'{0x00000000eacb5138}: 'void java.lang.invoke.DirectMethodHandle$Holder.invokeStatic(java.lang.Object, java.lang.Object, java.lang.Object)'> (0x00000000eacb5138) 
thrown [s\src\hotspot\share\interpreter\linkResolver.cpp, line 759]
Event: 1.276 Thread 0x00000260eeb4f020 Exception <a 'java/lang/reflect/InvocationTargetException'{0x00000000eafe7900}> (0x00000000eafe7900) 
thrown [s\src\hotspot\share\runtime\reflection.cpp, line 1128]
Event: 2.066 Thread 0x00000260eeb4f020 Exception <a 'java/lang/ClassNotFoundException'{0x00000000eb87d0d8}: sun/net/www/protocol/c/Handler> (0x00000000eb87d0d8) 
thrown [s\src\hotspot\share\classfile\systemDictionary.cpp, line 256]
Event: 2.085 Thread 0x00000260eeb4f020 Exception <a 'java/io/FileNotFoundException'{0x00000000eb894d08}> (0x00000000eb894d08) 
thrown [s\src\hotspot\share\prims\jni.cpp, line 516]
Event: 2.086 Thread 0x00000260eeb4f020 Exception <a 'java/io/FileNotFoundException'{0x00000000eb895e28}> (0x00000000eb895e28) 
thrown [s\src\hotspot\share\prims\jni.cpp, line 516]
Event: 2.086 Thread 0x00000260eeb4f020 Exception <a 'java/io/FileNotFoundException'{0x00000000eb896f40}> (0x00000000eb896f40) 
thrown [s\src\hotspot\share\prims\jni.cpp, line 516]
Event: 2.087 Thread 0x00000260eeb4f020 Exception <a 'java/io/FileNotFoundException'{0x00000000eb898028}> (0x00000000eb898028) 
thrown [s\src\hotspot\share\prims\jni.cpp, line 516]
Event: 2.121 Thread 0x00000260eeb4f020 Exception <a 'java/io/FileNotFoundException'{0x00000000eb8d22f8}> (0x00000000eb8d22f8) 
thrown [s\src\hotspot\share\prims\jni.cpp, line 516]
Event: 2.688 Thread 0x00000260eeb4f020 Exception <a 'java/lang/ClassNotFoundException'{0x00000000ec0fde38}: sun/net/www/protocol/c/Handler> (0x00000000ec0fde38) 
thrown [s\src\hotspot\share\classfile\systemDictionary.cpp, line 256]
Event: 2.689 Thread 0x00000260eeb4f020 Exception <a 'java/lang/ClassNotFoundException'{0x00000000ec0ff190}: sun/net/www/protocol/c/Handler> (0x00000000ec0ff190) 
thrown [s\src\hotspot\share\classfile\systemDictionary.cpp, line 256]
Event: 2.690 Thread 0x00000260eeb4f020 Exception <a 'java/lang/ClassNotFoundException'{0x00000000ec100330}: sun/net/www/protocol/c/Handler> (0x00000000ec100330) 
thrown [s\src\hotspot\share\classfile\systemDictionary.cpp, line 256]

VM Operations (12 events):
Event: 0.817 Executing VM operation: HandshakeAllThreads
Event: 0.817 Executing VM operation: HandshakeAllThreads done
Event: 1.114 Executing VM operation: HandshakeAllThreads
Event: 1.114 Executing VM operation: HandshakeAllThreads done
Event: 1.965 Executing VM operation: HandshakeAllThreads
Event: 1.965 Executing VM operation: HandshakeAllThreads done
Event: 1.965 Executing VM operation: Cleanup
Event: 1.965 Executing VM operation: Cleanup done
Event: 2.033 Executing VM operation: HandshakeAllThreads
Event: 2.033 Executing VM operation: HandshakeAllThreads done
Event: 2.649 Executing VM operation: HandshakeAllThreads
Event: 2.649 Executing VM operation: HandshakeAllThreads done

Events (14 events):
Event: 0.126 Thread 0x00000260eeb4f020 Thread added: 0x00000260eeb4f020
Event: 0.171 Thread 0x00000260eec08260 Thread added: 0x00000260eec08260
Event: 0.174 Thread 0x00000260eec09a10 Thread added: 0x00000260eec09a10
Event: 0.270 Thread 0x00000260f39bc670 Thread added: 0x00000260f39bc670
Event: 0.271 Thread 0x00000260f39bd400 Thread added: 0x00000260f39bd400
Event: 0.271 Thread 0x00000260f39c00a0 Thread added: 0x00000260f39c00a0
Event: 0.271 Thread 0x00000260f39c1980 Thread added: 0x00000260f39c1980
Event: 0.273 Thread 0x00000260f39c2580 Thread added: 0x00000260f39c2580
Event: 0.300 Thread 0x00000260f39ede70 Thread added: 0x00000260f39ede70
Event: 0.318 Thread 0x00000260f8c08f50 Thread added: 0x00000260f8c08f50
Event: 0.704 Thread 0x00000260eebb2330 Thread added: 0x00000260eebb2330
Event: 1.468 Thread 0x00000260f8ee1820 Thread added: 0x00000260f8ee1820
Event: 1.739 Thread 0x00000260f8f1d7b0 Thread added: 0x00000260f8f1d7b0
Event: 2.540 Thread 0x00000260f8f1d7b0 Thread exited: 0x00000260f8f1d7b0


Dynamic libraries:
0x00007ff6897c0000 - 0x00007ff6897ce000 	c:\Users\user\.vscode\extensions\redhat.java-1.35.0-win32-x64\jre\17.0.12-win32-x86_64\bin\java.exe
0x00007ffd07050000 - 0x00007ffd07248000 	C:\WINDOWS\SYSTEM32\ntdll.dll
0x00007ffd066a0000 - 0x00007ffd06761000 	C:\WINDOWS\System32\KERNEL32.DLL
0x00007ffd049b0000 - 0x00007ffd04cad000 	C:\WINDOWS\System32\KERNELBASE.dll
0x00007ffd04db0000 - 0x00007ffd04eb0000 	C:\WINDOWS\System32\ucrtbase.dll
0x00007ffcff610000 - 0x00007ffcff627000 	c:\Users\user\.vscode\extensions\redhat.java-1.35.0-win32-x64\jre\17.0.12-win32-x86_64\bin\jli.dll
0x00007ffd061b0000 - 0x00007ffd0634d000 	C:\WINDOWS\System32\USER32.dll
0x00007ffd04700000 - 0x00007ffd04722000 	C:\WINDOWS\System32\win32u.dll
0x00007ffd06430000 - 0x00007ffd0645b000 	C:\WINDOWS\System32\GDI32.dll
0x00007ffd04890000 - 0x00007ffd049a7000 	C:\WINDOWS\System32\gdi32full.dll
0x00007ffd04f40000 - 0x00007ffd04fdd000 	C:\WINDOWS\System32\msvcp_win.dll
0x00007ffcff4c0000 - 0x00007ffcff4db000 	c:\Users\user\.vscode\extensions\redhat.java-1.35.0-win32-x64\jre\17.0.12-win32-x86_64\bin\VCRUNTIME140.dll
0x00007ffcf5640000 - 0x00007ffcf58da000 	C:\WINDOWS\WinSxS\amd64_microsoft.windows.common-controls_6595b64144ccf1df_6.0.19041.4355_none_60b8b9eb71f62e16\COMCTL32.dll
0x00007ffd06b00000 - 0x00007ffd06b9e000 	C:\WINDOWS\System32\msvcrt.dll
0x00007ffd06770000 - 0x00007ffd0679f000 	C:\WINDOWS\System32\IMM32.DLL
0x00007ffcff050000 - 0x00007ffcff05c000 	c:\Users\user\.vscode\extensions\redhat.java-1.35.0-win32-x64\jre\17.0.12-win32-x86_64\bin\vcruntime140_1.dll
0x00007ffcef410000 - 0x00007ffcef49d000 	c:\Users\user\.vscode\extensions\redhat.java-1.35.0-win32-x64\jre\17.0.12-win32-x86_64\bin\msvcp140.dll
0x00007ffcc4210000 - 0x00007ffcc4e7a000 	c:\Users\user\.vscode\extensions\redhat.java-1.35.0-win32-x64\jre\17.0.12-win32-x86_64\bin\server\jvm.dll
0x00007ffd05a80000 - 0x00007ffd05b30000 	C:\WINDOWS\System32\ADVAPI32.dll
0x00007ffd05f40000 - 0x00007ffd05fe0000 	C:\WINDOWS\System32\sechost.dll
0x00007ffd064e0000 - 0x00007ffd06603000 	C:\WINDOWS\System32\RPCRT4.dll
0x00007ffd05050000 - 0x00007ffd05077000 	C:\WINDOWS\System32\bcrypt.dll
0x00007ffd05a10000 - 0x00007ffd05a7b000 	C:\WINDOWS\System32\WS2_32.dll
0x00007ffd03c00000 - 0x00007ffd03c4b000 	C:\WINDOWS\SYSTEM32\POWRPROF.dll
0x00007ffcf7120000 - 0x00007ffcf7147000 	C:\WINDOWS\SYSTEM32\WINMM.dll
0x00007ffcf4920000 - 0x00007ffcf492a000 	C:\WINDOWS\SYSTEM32\VERSION.dll
0x00007ffd03ac0000 - 0x00007ffd03ad2000 	C:\WINDOWS\SYSTEM32\UMPDC.dll
0x00007ffd02540000 - 0x00007ffd02552000 	C:\WINDOWS\SYSTEM32\kernel.appcore.dll
0x00007ffcfeaa0000 - 0x00007ffcfeaaa000 	c:\Users\user\.vscode\extensions\redhat.java-1.35.0-win32-x64\jre\17.0.12-win32-x86_64\bin\jimage.dll
0x00007ffcec670000 - 0x00007ffcec854000 	C:\WINDOWS\SYSTEM32\DBGHELP.DLL
0x00007ffcec630000 - 0x00007ffcec664000 	C:\WINDOWS\SYSTEM32\dbgcore.DLL
0x00007ffd04eb0000 - 0x00007ffd04f32000 	C:\WINDOWS\System32\bcryptPrimitives.dll
0x00007ffcfea90000 - 0x00007ffcfea9e000 	c:\Users\user\.vscode\extensions\redhat.java-1.35.0-win32-x64\jre\17.0.12-win32-x86_64\bin\instrument.dll
0x00007ffcfea60000 - 0x00007ffcfea85000 	c:\Users\user\.vscode\extensions\redhat.java-1.35.0-win32-x64\jre\17.0.12-win32-x86_64\bin\java.dll
0x00007ffcfea40000 - 0x00007ffcfea58000 	c:\Users\user\.vscode\extensions\redhat.java-1.35.0-win32-x64\jre\17.0.12-win32-x86_64\bin\zip.dll
0x00007ffd050f0000 - 0x00007ffd0585f000 	C:\WINDOWS\System32\SHELL32.dll
0x00007ffd02740000 - 0x00007ffd02ee3000 	C:\WINDOWS\SYSTEM32\windows.storage.dll
0x00007ffd05b30000 - 0x00007ffd05e83000 	C:\WINDOWS\System32\combase.dll
0x00007ffd04050000 - 0x00007ffd0407e000 	C:\WINDOWS\SYSTEM32\Wldp.dll
0x00007ffd060e0000 - 0x00007ffd061ad000 	C:\WINDOWS\System32\OLEAUT32.dll
0x00007ffd05e90000 - 0x00007ffd05f3d000 	C:\WINDOWS\System32\SHCORE.dll
0x00007ffd05090000 - 0x00007ffd050e5000 	C:\WINDOWS\System32\shlwapi.dll
0x00007ffd04630000 - 0x00007ffd04654000 	C:\WINDOWS\SYSTEM32\profapi.dll
0x00007ffcfe8a0000 - 0x00007ffcfe8b9000 	C:\Users\user\.vscode\extensions\redhat.java-1.35.0-win32-x64\jre\17.0.12-win32-x86_64\bin\net.dll
0x00007ffcfb5c0000 - 0x00007ffcfb6cd000 	C:\WINDOWS\SYSTEM32\WINHTTP.dll
0x00007ffd03e30000 - 0x00007ffd03e9a000 	C:\WINDOWS\system32\mswsock.dll
0x00007ffcf9050000 - 0x00007ffcf9066000 	C:\Users\user\.vscode\extensions\redhat.java-1.35.0-win32-x64\jre\17.0.12-win32-x86_64\bin\nio.dll
0x00007ffcfe9c0000 - 0x00007ffcfe9d0000 	c:\Users\user\.vscode\extensions\redhat.java-1.35.0-win32-x64\jre\17.0.12-win32-x86_64\bin\verify.dll

dbghelp: loaded successfully - version: 4.0.5 - missing functions: none
symbol engine: initialized successfully - sym options: 0x614 - pdb path: .;c:\Users\user\.vscode\extensions\redhat.java-1.35.0-win32-x64\jre\17.0.12-win32-x86_64\bin;C:\WINDOWS\SYSTEM32;C:\WINDOWS\WinSxS\amd64_microsoft.windows.common-controls_6595b64144ccf1df_6.0.19041.4355_none_60b8b9eb71f62e16;c:\Users\user\.vscode\extensions\redhat.java-1.35.0-win32-x64\jre\17.0.12-win32-x86_64\bin\server

VM Arguments:
jvm_args: --add-modules=ALL-SYSTEM --add-opens=java.base/java.util=ALL-UNNAMED --add-opens=java.base/java.lang=ALL-UNNAMED --add-opens=java.base/sun.nio.fs=ALL-UNNAMED -Declipse.application=org.eclipse.jdt.ls.core.id1 -Dosgi.bundles.defaultStartLevel=4 -Declipse.product=org.eclipse.jdt.ls.core.product -Djava.import.generatesMetadataFilesAtProjectRoot=false -DDetectVMInstallationsJob.disabled=true -Dfile.encoding=utf8 -XX:+UseParallelGC -XX:GCTimeRatio=4 -XX:AdaptiveSizePolicyWeight=90 -Dsun.zip.disableMemoryMapping=true -Xmx1G -Xms100m -Xlog:disable -javaagent:c:\Users\user\.vscode\extensions\redhat.java-1.35.0-win32-x64\lombok\lombok-1.18.33.jar 
java_command: c:\Users\user\.vscode\extensions\redhat.java-1.35.0-win32-x64\server\plugins\org.eclipse.equinox.launcher_1.6.900.v20240613-2009.jar -configuration c:\Users\user\AppData\Roaming\Code\User\globalStorage\redhat.java\1.35.0\config_ss_win -data c:\Users\user\AppData\Roaming\Code\User\workspaceStorage\079f6f517649c5123b03c41ab70807b5\redhat.java\ss_ws --pipe=\\.\pipe\lsp-2cbd5a9349a27ec539dc374b8447d835-sock
java_class_path (initial): c:\Users\user\.vscode\extensions\redhat.java-1.35.0-win32-x64\server\plugins\org.eclipse.equinox.launcher_1.6.900.v20240613-2009.jar
Launcher Type: SUN_STANDARD

[Global flags]
    uintx AdaptiveSizePolicyWeight                 = 90                                        {product} {command line}
     intx CICompilerCount                          = 3                                         {product} {ergonomic}
    uintx GCTimeRatio                              = 4                                         {product} {command line}
   size_t InitialHeapSize                          = 104857600                                 {product} {command line}
   size_t MaxHeapSize                              = 1073741824                                {product} {command line}
   size_t MaxNewSize                               = 357564416                                 {product} {ergonomic}
   size_t MinHeapDeltaBytes                        = 524288                                    {product} {ergonomic}
   size_t MinHeapSize                              = 104857600                                 {product} {command line}
   size_t NewSize                                  = 34603008                                  {product} {ergonomic}
    uintx NonNMethodCodeHeapSize                   = 5832780                                {pd product} {ergonomic}
    uintx NonProfiledCodeHeapSize                  = 122912730                              {pd product} {ergonomic}
   size_t OldSize                                  = 70254592                                  {product} {ergonomic}
    uintx ProfiledCodeHeapSize                     = 122912730                              {pd product} {ergonomic}
    uintx ReservedCodeCacheSize                    = 251658240                              {pd product} {ergonomic}
     bool SegmentedCodeCache                       = true                                      {product} {ergonomic}
   size_t SoftMaxHeapSize                          = 1073741824                             {manageable} {ergonomic}
     bool UseCompressedClassPointers               = true                           {product lp64_product} {ergonomic}
     bool UseCompressedOops                        = true                           {product lp64_product} {ergonomic}
     bool UseLargePagesIndividualAllocation        = false                                  {pd product} {ergonomic}
     bool UseParallelGC                            = true                                      {product} {command line}

Logging:
Log output configuration:
 #0: stdout all=off uptime,level,tags
 #1: stderr all=off uptime,level,tags

Environment Variables:
JAVA_HOME=C:\Program Files\Java\jdk-21
PATH=C:\Program Files\Common Files\Oracle\Java\javapath;C:\WINDOWS\system32;C:\WINDOWS;C:\WINDOWS\System32\Wbem;C:\WINDOWS\System32\WindowsPowerShell\v1.0\;C:\WINDOWS\System32\OpenSSH\;C:\ProgramData\chocolatey\bin;C:\Program Files\Git\cmd;C:\Program Files\OpenSSL-Win64\bin;C:\Program Files\Docker\Docker\resources\bin;C:\Users\user\AppData\Roaming\nvm;C:\Program Files\nodejs;C:\Program Files\nodejs;C:\Program Files\nodejs;C:\Program Files\apache-maven-3.9.6\bin;C:\Program Files\Common Files\Oracle\Java\javapath;C:\WINDOWS\system32;C:\WINDOWS;C:\WINDOWS\System32\Wbem;C:\WINDOWS\System32\WindowsPowerShell\v1.0\;C:\WINDOWS\System32\OpenSSH\;C:\ProgramData\chocolatey\bin;C:\Program Files\Git\cmd;C:\Program Files\OpenSSL-Win64\bin;C:\Program Files\Docker\Docker\resources\bin;C:\Users\user\AppData\Roaming\nvm;C:\Program Files\nodejs;C:\Program Files\nodejs;C:\Program Files\nodejs;;C:\Users\user\AppData\Local\Programs\Microsoft VS Code\bin;C:\Users\user\AppData\Roaming\nvm;C:\Program Files\nodejs
USERNAME=user
OS=Windows_NT
PROCESSOR_IDENTIFIER=Intel64 Family 6 Model 37 Stepping 5, GenuineIntel
TMP=C:\Users\user\AppData\Local\Temp
TEMP=C:\Users\user\AppData\Local\Temp



Periodic native trim disabled


---------------  S Y S T E M  ---------------

OS:
 Windows 10 , 64 bit Build 19041 (10.0.19041.4842)
OS uptime: 0 days 1:32 hours
Hyper-V role detected

CPU: total 4 (initial active 4) (2 cores per cpu, 2 threads per core) family 6 model 37 stepping 5 microcode 0x7, cx8, cmov, fxsr, ht, mmx, sse, sse2, sse3, ssse3, sse4.1, sse4.2, popcnt, tsc, tscinvbit, clflush, hv
Processor Information for all 4 processors :
  Max Mhz: 2399, Current Mhz: 2266, Mhz Limit: 2399

Memory: 4k page, system-wide physical 5941M (496M free)
TotalPageFile size 8941M (AvailPageFile size 0M)
current process WorkingSet (physical memory assigned to process): 66M, peak: 66M
current process commit charge ("private bytes"): 185M, peak: 185M

vm_info: OpenJDK 64-Bit Server VM (17.0.12+7) for windows-amd64 JRE (17.0.12+7), built on Jul 16 2024 22:08:24 by "admin" with MS VC++ 16.10 / 16.11 (VS2019)

END.
