#
# There is insufficient memory for the Java Runtime Environment to continue.
# Native memory allocation (malloc) failed to allocate 1456240 bytes. Error detail: Chunk::new
# Possible reasons:
#   The system is out of physical RAM or swap space
#   This process is running with CompressedOops enabled, and the Java Heap may be blocking the growth of the native heap
# Possible solutions:
#   Reduce memory load on the system
#   Increase physical memory or swap space
#   Check if swap backing store is full
#   Decrease Java heap size (-Xmx/-Xms)
#   Decrease number of Java threads
#   Decrease Java thread stack sizes (-Xss)
#   Set larger code cache with -XX:ReservedCodeCacheSize=
#   JVM is running with Unscaled Compressed Oops mode in which the Java heap is
#     placed in the first 4GB address space. The Java Heap base address is the
#     maximum limit for the native heap growth. Please use -XX:HeapBaseMinAddress
#     to set the Java Heap base and to place the Java Heap above 4GB virtual address.
# This output file may be truncated or incomplete.
#
#  Out of Memory Error (arena.cpp:191), pid=6280, tid=7552
#
# JRE version: OpenJDK Runtime Environment Temurin-17.0.12+7 (17.0.12+7) (build 17.0.12+7)
# Java VM: OpenJDK 64-Bit Server VM Temurin-17.0.12+7 (17.0.12+7, mixed mode, tiered, compressed oops, compressed class ptrs, parallel gc, windows-amd64)
# No core dump will be written. Minidumps are not enabled by default on client versions of Windows
#

---------------  S U M M A R Y ------------

Command Line: --add-modules=ALL-SYSTEM --add-opens=java.base/java.util=ALL-UNNAMED --add-opens=java.base/java.lang=ALL-UNNAMED --add-opens=java.base/sun.nio.fs=ALL-UNNAMED -Declipse.application=org.eclipse.jdt.ls.core.id1 -Dosgi.bundles.defaultStartLevel=4 -Declipse.product=org.eclipse.jdt.ls.core.product -Djava.import.generatesMetadataFilesAtProjectRoot=false -DDetectVMInstallationsJob.disabled=true -Dfile.encoding=utf8 -XX:+UseParallelGC -XX:GCTimeRatio=4 -XX:AdaptiveSizePolicyWeight=90 -Dsun.zip.disableMemoryMapping=true -Xmx1G -Xms100m -Xlog:disable -javaagent:c:\Users\user\.vscode\extensions\redhat.java-1.35.0-win32-x64\lombok\lombok-1.18.33.jar -XX:+HeapDumpOnOutOfMemoryError -XX:HeapDumpPath=c:\Users\user\AppData\Roaming\Code\User\workspaceStorage\079f6f517649c5123b03c41ab70807b5\redhat.java -Daether.dependencyCollector.impl=bf c:\Users\user\.vscode\extensions\redhat.java-1.35.0-win32-x64\server\plugins\org.eclipse.equinox.launcher_1.6.900.v20240613-2009.jar -configuration c:\Users\user\AppData\Roaming\Code\User\globalStorage\redhat.java\1.35.0\config_win -data c:\Users\user\AppData\Roaming\Code\User\workspaceStorage\079f6f517649c5123b03c41ab70807b5\redhat.java\jdt_ws --pipe=\\.\pipe\lsp-7cd6c448de4d956811aec7a928bce291-sock

Host: Intel(R) Core(TM) i3 CPU       M 370  @ 2.40GHz, 4 cores, 5G,  Windows 10 , 64 bit Build 19041 (10.0.19041.4842)
Time: Thu Sep 26 10:58:15 2024 Paris, Madrid (heure duild 19041 (10.0.19041.4842) elapsed time: 3240.860730 seconds (0d 0h 54m 0s)

---------------  T H R E A D  ---------------

Current thread (0x0000027451cbeb60):  JavaThread "C2 CompilerThread1" daemon [_thread_in_native, id=7552, stack(0x000000d4c5500000,0x000000d4c5600000)]


Current CompileTask:
C2:3240860 28771   !   4       org.eclipse.jdt.internal.core.util.Util::getUnresolvedJavaElement (574 bytes)

Stack: [0x000000d4c5500000,0x000000d4c5600000]
Native frames: (J=compiled Java code, j=interpreted, Vv=VM code, C=native code)
V  [jvm.dll+0x67f929]
V  [jvm.dll+0x8371ba]
V  [jvm.dll+0x838c7e]
V  [jvm.dll+0x8392e3]
V  [jvm.dll+0x24834f]
V  [jvm.dll+0xac9d4]
V  [jvm.dll+0xad01c]
V  [jvm.dll+0x3674a7]
V  [jvm.dll+0x33197a]
V  [jvm.dll+0x330e1a]
V  [jvm.dll+0x21a8b1]
V  [jvm.dll+0x219cf1]
V  [jvm.dll+0x1a58bd]
V  [jvm.dll+0x229a2d]
V  [jvm.dll+0x227bdc]
V  [jvm.dll+0x7ec1f7]
V  [jvm.dll+0x7e65dc]
V  [jvm.dll+0x67e7f7]
C  [ucrtbase.dll+0x21bb2]
C  [KERNEL32.DLL+0x17374]
C  [ntdll.dll+0x4cc91]


---------------  P R O C E S S  ---------------

Threads class SMR info:
_java_thread_list=0x00000274504c5a10, length=52, elements={
0x0000027433b0ebc0, 0x0000027433bc81e0, 0x0000027447958130, 0x0000027433bcc0a0,
0x0000027433bcce30, 0x000002744797e020, 0x0000027447982910, 0x00000274479835c0,
0x000002744cc20410, 0x000002744cc40930, 0x000002744cca4c20, 0x000002744cef8a80,
0x000002744d99a250, 0x000002744d9b4a10, 0x000002744d9c7010, 0x000002744d1a9b20,
0x000002744ce2bec0, 0x000002744ce2c3d0, 0x000002744ce2b4a0, 0x000002744ce2b9b0,
0x000002744ce2d810, 0x000002744ce2a570, 0x000002744ce2aa80, 0x000002744cfb01c0,
0x000002744cfb3460, 0x000002744cfad430, 0x000002744cfb3e80, 0x000002744cfade50,
0x000002744cfb2a40, 0x000002744cfb06d0, 0x000002744cfb1600, 0x000002744cfb2020,
0x000002744f38fe80, 0x000002744f38cbe0, 0x000002744f3912c0, 0x000002744f38f460,
0x000002744f112690, 0x000002744f112ba0, 0x000002744f38db10, 0x000002744f390390,
0x000002744f392700, 0x000002744f38f970, 0x000002744f392c10, 0x000002744f38e020,
0x000002744cfafcb0, 0x000002744cfb1b10, 0x000002744cfb2530, 0x000002744cfb4390,
0x000002744cfacf20, 0x000002744ce2d300, 0x000002744f10f900, 0x0000027451cbeb60
}

Java Threads: ( => current thread )
  0x0000027433b0ebc0 JavaThread "main" [_thread_blocked, id=8512, stack(0x000000d4c1f00000,0x000000d4c2000000)]
  0x0000027433bc81e0 JavaThread "Reference Handler" daemon [_thread_blocked, id=5240, stack(0x000000d4c2200000,0x000000d4c2300000)]
  0x0000027447958130 JavaThread "Finalizer" daemon [_thread_blocked, id=4408, stack(0x000000d4c2300000,0x000000d4c2400000)]
  0x0000027433bcc0a0 JavaThread "Signal Dispatcher" daemon [_thread_blocked, id=7940, stack(0x000000d4c2400000,0x000000d4c2500000)]
  0x0000027433bcce30 JavaThread "Attach Listener" daemon [_thread_blocked, id=4500, stack(0x000000d4c2500000,0x000000d4c2600000)]
  0x000002744797e020 JavaThread "Service Thread" daemon [_thread_blocked, id=9920, stack(0x000000d4c2600000,0x000000d4c2700000)]
  0x0000027447982910 JavaThread "Monitor Deflation Thread" daemon [_thread_blocked, id=10520, stack(0x000000d4c2700000,0x000000d4c2800000)]
  0x00000274479835c0 JavaThread "C2 CompilerThread0" daemon [_thread_blocked, id=10248, stack(0x000000d4c2800000,0x000000d4c2900000)]
  0x000002744cc20410 JavaThread "C1 CompilerThread0" daemon [_thread_blocked, id=9800, stack(0x000000d4c2900000,0x000000d4c2a00000)]
  0x000002744cc40930 JavaThread "Sweeper thread" daemon [_thread_blocked, id=7688, stack(0x000000d4c2a00000,0x000000d4c2b00000)]
  0x000002744cca4c20 JavaThread "Common-Cleaner" daemon [_thread_blocked, id=836, stack(0x000000d4c2b00000,0x000000d4c2c00000)]
  0x000002744cef8a80 JavaThread "Notification Thread" daemon [_thread_blocked, id=6680, stack(0x000000d4c2c00000,0x000000d4c2d00000)]
  0x000002744d99a250 JavaThread "Active Thread: Equinox Container: d14747db-8892-4991-886f-3e816c0ab72e" [_thread_blocked, id=2428, stack(0x000000d4c3500000,0x000000d4c3600000)]
  0x000002744d9b4a10 JavaThread "Framework Event Dispatcher: Equinox Container: d14747db-8892-4991-886f-3e816c0ab72e" daemon [_thread_blocked, id=3700, stack(0x000000d4c3100000,0x000000d4c3200000)]
  0x000002744d9c7010 JavaThread "Start Level: Equinox Container: d14747db-8892-4991-886f-3e816c0ab72e" daemon [_thread_blocked, id=9384, stack(0x000000d4c3200000,0x000000d4c3300000)]
  0x000002744d1a9b20 JavaThread "Refresh Thread: Equinox Container: d14747db-8892-4991-886f-3e816c0ab72e" daemon [_thread_blocked, id=8376, stack(0x000000d4c3300000,0x000000d4c3400000)]
  0x000002744ce2bec0 JavaThread "Bundle File Closer" daemon [_thread_blocked, id=11352, stack(0x000000d4c3400000,0x000000d4c3500000)]
  0x000002744ce2c3d0 JavaThread "SCR Component Actor" daemon [_thread_blocked, id=11440, stack(0x000000d4c3600000,0x000000d4c3700000)]
  0x000002744ce2b4a0 JavaThread "Worker-JM" [_thread_blocked, id=11232, stack(0x000000d4c1d00000,0x000000d4c1e00000)]
  0x000002744ce2b9b0 JavaThread "JNA Cleaner" daemon [_thread_blocked, id=9084, stack(0x000000d4c3900000,0x000000d4c3a00000)]
  0x000002744ce2d810 JavaThread "Java indexing" daemon [_thread_in_vm, id=4720, stack(0x000000d4c3e00000,0x000000d4c3f00000)]
  0x000002744ce2a570 JavaThread "Thread-2" daemon [_thread_in_native, id=12144, stack(0x000000d4c4100000,0x000000d4c4200000)]
  0x000002744ce2aa80 JavaThread "Thread-3" daemon [_thread_in_native, id=12164, stack(0x000000d4c4200000,0x000000d4c4300000)]
  0x000002744cfb01c0 JavaThread "Thread-4" daemon [_thread_in_native, id=7084, stack(0x000000d4c4300000,0x000000d4c4400000)]
  0x000002744cfb3460 JavaThread "Thread-5" daemon [_thread_in_native, id=5584, stack(0x000000d4c4400000,0x000000d4c4500000)]
  0x000002744cfad430 JavaThread "Thread-6" daemon [_thread_in_native, id=3620, stack(0x000000d4c4500000,0x000000d4c4600000)]
  0x000002744cfb3e80 JavaThread "pool-2-thread-1" [_thread_blocked, id=11224, stack(0x000000d4c4600000,0x000000d4c4700000)]
  0x000002744cfade50 JavaThread "WorkspaceEventsHandler" [_thread_blocked, id=10724, stack(0x000000d4c3700000,0x000000d4c3800000)]
  0x000002744cfb2a40 JavaThread "pool-1-thread-1" [_thread_blocked, id=5156, stack(0x000000d4c4700000,0x000000d4c4800000)]
  0x000002744cfb06d0 JavaThread "Cleaner-0" daemon [_thread_blocked, id=1116, stack(0x000000d4c3800000,0x000000d4c3900000)]
  0x000002744cfb1600 JavaThread "Compiler Source File Reader" daemon [_thread_blocked, id=592, stack(0x000000d4c4a00000,0x000000d4c4b00000)]
  0x000002744cfb2020 JavaThread "Compiler Source File Reader" daemon [_thread_blocked, id=12168, stack(0x000000d4c4b00000,0x000000d4c4c00000)]
  0x000002744f38fe80 JavaThread "Java Debug Server" daemon [_thread_in_native, id=8648, stack(0x000000d4c1e00000,0x000000d4c1f00000)]
  0x000002744f38cbe0 JavaThread "RxSchedulerPurge-1" daemon [_thread_blocked, id=11684, stack(0x000000d4c3f00000,0x000000d4c4000000)]
  0x000002744f3912c0 JavaThread "RxCachedWorkerPoolEvictor-1" daemon [_thread_blocked, id=11676, stack(0x000000d4c4000000,0x000000d4c4100000)]
  0x000002744f38f460 JavaThread "ForkJoinPool.commonPool-worker-8" daemon [_thread_blocked, id=3868, stack(0x000000d4c3d00000,0x000000d4c3e00000)]
  0x000002744f112690 JavaThread "Worker-17" [_thread_blocked, id=11404, stack(0x000000d4c3c00000,0x000000d4c3d00000)]
  0x000002744f112ba0 JavaThread "ForkJoinPool.commonPool-worker-18" daemon [_thread_blocked, id=11836, stack(0x000000d4c4800000,0x000000d4c4900000)]
  0x000002744f38db10 JavaThread "Worker-21" [_thread_blocked, id=6128, stack(0x000000d4c4e00000,0x000000d4c4f00000)]
  0x000002744f390390 JavaThread "Worker-22" [_thread_blocked, id=5880, stack(0x000000d4c3a00000,0x000000d4c3b00000)]
  0x000002744f392700 JavaThread "ForkJoinPool.commonPool-worker-19" daemon [_thread_blocked, id=11452, stack(0x000000d4c3b00000,0x000000d4c3c00000)]
  0x000002744f38f970 JavaThread "ForkJoinPool.commonPool-worker-20" daemon [_thread_blocked, id=5544, stack(0x000000d4c4900000,0x000000d4c4a00000)]
  0x000002744f392c10 JavaThread "ForkJoinPool.commonPool-worker-21" daemon [_thread_blocked, id=2664, stack(0x000000d4c4c00000,0x000000d4c4d00000)]
  0x000002744f38e020 JavaThread "Compiler Processing Task" daemon [_thread_blocked, id=12312, stack(0x000000d4c4f00000,0x000000d4c5000000)]
  0x000002744cfafcb0 JavaThread "Worker-23" [_thread_blocked, id=11496, stack(0x000000d4c5100000,0x000000d4c5200000)]
  0x000002744cfb1b10 JavaThread "Worker-24" [_thread_blocked, id=4784, stack(0x000000d4c5000000,0x000000d4c5100000)]
  0x000002744cfb2530 JavaThread "ForkJoinPool.commonPool-worker-22" daemon [_thread_blocked, id=11592, stack(0x000000d4c5200000,0x000000d4c5300000)]
  0x000002744cfb4390 JavaThread "ForkJoinPool.commonPool-worker-23" daemon [_thread_blocked, id=8220, stack(0x000000d4c5300000,0x000000d4c5400000)]
  0x000002744cfacf20 JavaThread "ForkJoinPool.commonPool-worker-24" daemon [_thread_blocked, id=11116, stack(0x000000d4c5400000,0x000000d4c5500000)]
  0x000002744ce2d300 JavaThread "Worker-26" [_thread_blocked, id=1128, stack(0x000000d4c4d00000,0x000000d4c4e00000)]
  0x000002744f10f900 JavaThread "pool-1-thread-4" [_thread_blocked, id=6668, stack(0x000000d4c5600000,0x000000d4c5700000)]
=>0x0000027451cbeb60 JavaThread "C2 CompilerThread1" daemon [_thread_in_native, id=7552, stack(0x000000d4c5500000,0x000000d4c5600000)]

Other Threads:
  0x0000027433b99910 VMThread "VM Thread" [stack: 0x000000d4c2100000,0x000000d4c2200000] [id=1708] _threads_hazard_ptr=0x00000274504c5a10
  0x000002744cfc5020 WatcherThread [stack: 0x000000d4c2d00000,0x000000d4c2e00000] [id=8500]
  0x0000027433b245c0 GCTaskThread "GC Thread#0" [stack: 0x000000d4c2000000,0x000000d4c2100000] [id=6068]
  0x000002744d098610 GCTaskThread "GC Thread#1" [stack: 0x000000d4c2e00000,0x000000d4c2f00000] [id=2432]
  0x000002744d0988d0 GCTaskThread "GC Thread#2" [stack: 0x000000d4c2f00000,0x000000d4c3000000] [id=2264]
  0x000002744d43fd30 GCTaskThread "GC Thread#3" [stack: 0x000000d4c3000000,0x000000d4c3100000] [id=6884]

Threads with active compile tasks:
C2 CompilerThread1  3240957 28771   !   4       org.eclipse.jdt.internal.core.util.Util::getUnresolvedJavaElement (574 bytes)

VM state: synchronizing (normal execution)

VM Mutex/Monitor currently owned by a thread:  ([mutex/lock_event])
[0x0000027433affad0] Threads_lock - owner thread: 0x0000027433b99910
[0x0000027433aff920] Heap_lock - owner thread: 0x000002744f38f460

Heap address: 0x00000000c0000000, size: 1024 MB, Compressed Oops mode: 32-bit

CDS archive(s) not mapped
Compressed class space mapped at: 0x0000000100000000-0x0000000140000000, reserved size: 1073741824
Narrow klass base: 0x0000000000000000, Narrow klass shift: 3, Narrow klass range: 0x140000000

GC Precious Log:
 CPUs: 4 total, 4 available
 Memory: 5941M
 Large Page Support: Disabled
 NUMA Support: Disabled
 Compressed Oops: Enabled (32-bit)
 Alignments: Space 512K, Generation 512K, Heap 2M
 Heap Min Capacity: 100M
 Heap Initial Capacity: 100M
 Heap Max Capacity: 1G
 Pre-touch: Disabled
 Parallel Workers: 4

Heap:
 PSYoungGen      total 16384K, used 16381K [0x00000000eab00000, 0x00000000ec000000, 0x0000000100000000)
  eden space 11264K, 100% used [0x00000000eab00000,0x00000000eb600000,0x00000000eb600000)
  from space 5120K, 99% used [0x00000000eb600000,0x00000000ebaff660,0x00000000ebb00000)
  to   space 5120K, 0% used [0x00000000ebb00000,0x00000000ebb00000,0x00000000ec000000)
 ParOldGen       total 205312K, used 176001K [0x00000000c0000000, 0x00000000cc880000, 0x00000000eab00000)
  object space 205312K, 85% used [0x00000000c0000000,0x00000000cabe0650,0x00000000cc880000)
 Metaspace       used 106058K, committed 107520K, reserved 1179648K
  class space    used 10603K, committed 11264K, reserved 1048576K

Card table byte_map: [0x00000274334c0000,0x00000274336d0000] _byte_map_base: 0x0000027432ec0000

Marking Bits: (ParMarkBitMap*) 0x00007ffe5fbd58b0
 Begin Bits: [0x00000274457b0000, 0x00000274467b0000)
 End Bits:   [0x00000274467b0000, 0x00000274477b0000)

Polling page: 0x0000027431b00000

Metaspace:

Usage:
  Non-class:     93.22 MB used.
      Class:     10.36 MB used.
       Both:    103.57 MB used.

Virtual space:
  Non-class space:      128.00 MB reserved,      94.00 MB ( 73%) committed,  2 nodes.
      Class space:        1.00 GB reserved,      11.00 MB (  1%) committed,  1 nodes.
             Both:        1.12 GB reserved,     105.00 MB (  9%) committed. 

Chunk freelists:
   Non-Class:  1.77 MB
       Class:  5.04 MB
        Both:  6.81 MB

MaxMetaspaceSize: unlimited
CompressedClassSpaceSize: 1.00 GB
Initial GC threshold: 21.00 MB
Current GC threshold: 174.81 MB
CDS: off
MetaspaceReclaimPolicy: balanced
 - commit_granule_bytes: 65536.
 - commit_granule_words: 8192.
 - virtual_space_node_default_size: 8388608.
 - enlarge_chunks_in_place: 1.
 - new_chunks_are_fully_committed: 0.
 - uncommit_free_chunks: 1.
 - use_allocation_guard: 0.
 - handle_deallocations: 1.


Internal statistics:

num_allocs_failed_limit: 9.
num_arena_births: 1680.
num_arena_deaths: 626.
num_vsnodes_births: 3.
num_vsnodes_deaths: 0.
num_space_committed: 1680.
num_space_uncommitted: 0.
num_chunks_returned_to_freelist: 783.
num_chunks_taken_from_freelist: 6705.
num_chunk_merges: 296.
num_chunk_splits: 3823.
num_chunks_enlarged: 2002.
num_inconsistent_stats: 0.

CodeHeap 'non-profiled nmethods': size=120000Kb used=25184Kb max_used=25184Kb free=94815Kb
 bounds [0x000002743e280000, 0x000002743fb20000, 0x00000274457b0000]
CodeHeap 'profiled nmethods': size=120000Kb used=46602Kb max_used=46602Kb free=73397Kb
 bounds [0x00000274367b0000, 0x0000027439540000, 0x000002743dce0000]
CodeHeap 'non-nmethods': size=5760Kb used=1477Kb max_used=1582Kb free=4282Kb
 bounds [0x000002743dce0000, 0x000002743df50000, 0x000002743e280000]
 total_blobs=21950 nmethods=21106 adapters=753
 compilation: enabled
              stopped_count=0, restarted_count=0
 full_count=0

Compilation events (20 events):
Event: 3239.884 Thread 0x000002744cc20410 28765       3       org.eclipse.jface.text.AbstractDocument::containsPositionCategory (17 bytes)
Event: 3239.884 Thread 0x000002744cc20410 nmethod 28765 0x0000027439535d10 code [0x0000027439535ec0, 0x00000274395360e8]
Event: 3239.889 Thread 0x0000027451cbeb60 28766       4       java.util.TimSort::gallopRight (335 bytes)
Event: 3239.910 Thread 0x000002744cc20410 28767       3       org.eclipse.m2e.core.internal.project.registry.MavenProjectCache$CacheKey::equals (8 bytes)
Event: 3239.915 Thread 0x000002744cc20410 nmethod 28767 0x0000027439536190 code [0x0000027439536560, 0x0000027439538038]
Event: 3239.920 Thread 0x000002744cc20410 28768       3       org.eclipse.m2e.core.internal.embedder.MavenExecutionContext::getRepositorySession (26 bytes)
Event: 3239.921 Thread 0x000002744cc20410 nmethod 28768 0x0000027439538a10 code [0x0000027439538be0, 0x0000027439538ff8]
Event: 3239.928 Thread 0x00000274479835c0 nmethod 28764 0x000002743fb09a90 code [0x000002743fb09c40, 0x000002743fb0ab48]
Event: 3239.949 Thread 0x0000027451cbeb60 nmethod 28766 0x000002743fb0b210 code [0x000002743fb0b3e0, 0x000002743fb0bef8]
Event: 3239.993 Thread 0x0000027451cbeb60 28769       4       org.eclipse.jdt.internal.core.JavaModelManager::knownToNotExistOnFileSystem (44 bytes)
Event: 3240.008 Thread 0x0000027451cbeb60 nmethod 28769 0x000002743fb0c810 code [0x000002743fb0c9c0, 0x000002743fb0cd68]
Event: 3240.163 Thread 0x0000027451cbeb60 28770       4       org.eclipse.core.internal.events.ResourceDelta::getAffectedChildren (8 bytes)
Event: 3240.164 Thread 0x0000027451cbeb60 nmethod 28770 0x000002743fb0d090 code [0x000002743fb0d220, 0x000002743fb0d2c8]
Event: 3240.297 Thread 0x0000027451cbeb60 28771   !   4       org.eclipse.jdt.internal.core.util.Util::getUnresolvedJavaElement (574 bytes)
Event: 3240.310 Thread 0x00000274479835c0 28772       4       org.eclipse.jdt.internal.core.JavaProject::getHandleFromMemento (281 bytes)
Event: 3240.624 Thread 0x00000274479835c0 nmethod 28772 0x000002743fb0d390 code [0x000002743fb0d760, 0x000002743fb10738]
Event: 3240.624 Thread 0x00000274479835c0 28773       4       org.eclipse.jdt.internal.core.util.Util::getPackageFragment (229 bytes)
Event: 3240.825 Thread 0x00000274479835c0 nmethod 28773 0x000002743fb13210 code [0x000002743fb13660, 0x000002743fb15bd0]
Event: 3240.830 Thread 0x000002744cc20410 28774       1       org.eclipse.lsp4j.DidChangeTextDocumentParams::getContentChanges (5 bytes)
Event: 3240.830 Thread 0x000002744cc20410 nmethod 28774 0x000002743fb17e10 code [0x000002743fb17fa0, 0x000002743fb18078]

GC Heap History (20 events):
Event: 3238.009 GC heap before
{Heap before GC invocations=4128 (full 76):
 PSYoungGen      total 18432K, used 18425K [0x00000000eab00000, 0x00000000ec400000, 0x0000000100000000)
  eden space 15360K, 100% used [0x00000000eab00000,0x00000000eba00000,0x00000000eba00000)
  from space 3072K, 99% used [0x00000000eba00000,0x00000000ebcfe410,0x00000000ebd00000)
  to   space 5120K, 0% used [0x00000000ebf00000,0x00000000ebf00000,0x00000000ec400000)
 ParOldGen       total 198656K, used 192626K [0x00000000c0000000, 0x00000000cc200000, 0x00000000eab00000)
  object space 198656K, 96% used [0x00000000c0000000,0x00000000cbc1c840,0x00000000cc200000)
 Metaspace       used 106035K, committed 107520K, reserved 1179648K
  class space    used 10603K, committed 11264K, reserved 1048576K
}
Event: 3238.036 GC heap after
{Heap after GC invocations=4128 (full 76):
 PSYoungGen      total 18944K, used 3149K [0x00000000eab00000, 0x00000000ec280000, 0x0000000100000000)
  eden space 15360K, 0% used [0x00000000eab00000,0x00000000eab00000,0x00000000eba00000)
  from space 3584K, 87% used [0x00000000ebf00000,0x00000000ec213650,0x00000000ec280000)
  to   space 4096K, 0% used [0x00000000eba80000,0x00000000eba80000,0x00000000ebe80000)
 ParOldGen       total 198656K, used 193426K [0x00000000c0000000, 0x00000000cc200000, 0x00000000eab00000)
  object space 198656K, 97% used [0x00000000c0000000,0x00000000cbce4840,0x00000000cc200000)
 Metaspace       used 106035K, committed 107520K, reserved 1179648K
  class space    used 10603K, committed 11264K, reserved 1048576K
}
Event: 3238.412 GC heap before
{Heap before GC invocations=4129 (full 76):
 PSYoungGen      total 18944K, used 18509K [0x00000000eab00000, 0x00000000ec280000, 0x0000000100000000)
  eden space 15360K, 100% used [0x00000000eab00000,0x00000000eba00000,0x00000000eba00000)
  from space 3584K, 87% used [0x00000000ebf00000,0x00000000ec213650,0x00000000ec280000)
  to   space 4096K, 0% used [0x00000000eba80000,0x00000000eba80000,0x00000000ebe80000)
 ParOldGen       total 198656K, used 193426K [0x00000000c0000000, 0x00000000cc200000, 0x00000000eab00000)
  object space 198656K, 97% used [0x00000000c0000000,0x00000000cbce4840,0x00000000cc200000)
 Metaspace       used 106047K, committed 107520K, reserved 1179648K
  class space    used 10603K, committed 11264K, reserved 1048576K
}
Event: 3238.428 GC heap after
{Heap after GC invocations=4129 (full 76):
 PSYoungGen      total 18432K, used 2985K [0x00000000eab00000, 0x00000000ec100000, 0x0000000100000000)
  eden space 15360K, 0% used [0x00000000eab00000,0x00000000eab00000,0x00000000eba00000)
  from space 3072K, 97% used [0x00000000eba80000,0x00000000ebd6a440,0x00000000ebd80000)
  to   space 3584K, 0% used [0x00000000ebd80000,0x00000000ebd80000,0x00000000ec100000)
 ParOldGen       total 198656K, used 193426K [0x00000000c0000000, 0x00000000cc200000, 0x00000000eab00000)
  object space 198656K, 97% used [0x00000000c0000000,0x00000000cbce4840,0x00000000cc200000)
 Metaspace       used 106047K, committed 107520K, reserved 1179648K
  class space    used 10603K, committed 11264K, reserved 1048576K
}
Event: 3238.623 GC heap before
{Heap before GC invocations=4130 (full 76):
 PSYoungGen      total 18432K, used 18253K [0x00000000eab00000, 0x00000000ec100000, 0x0000000100000000)
  eden space 15360K, 99% used [0x00000000eab00000,0x00000000eb9e9148,0x00000000eba00000)
  from space 3072K, 97% used [0x00000000eba80000,0x00000000ebd6a440,0x00000000ebd80000)
  to   space 3584K, 0% used [0x00000000ebd80000,0x00000000ebd80000,0x00000000ec100000)
 ParOldGen       total 198656K, used 193426K [0x00000000c0000000, 0x00000000cc200000, 0x00000000eab00000)
  object space 198656K, 97% used [0x00000000c0000000,0x00000000cbce4840,0x00000000cc200000)
 Metaspace       used 106047K, committed 107520K, reserved 1179648K
  class space    used 10603K, committed 11264K, reserved 1048576K
}
Event: 3238.636 GC heap after
{Heap after GC invocations=4130 (full 76):
 PSYoungGen      total 14848K, used 3554K [0x00000000eab00000, 0x00000000ec900000, 0x0000000100000000)
  eden space 11264K, 0% used [0x00000000eab00000,0x00000000eab00000,0x00000000eb600000)
  from space 3584K, 99% used [0x00000000ebd80000,0x00000000ec0f8ac0,0x00000000ec100000)
  to   space 7680K, 0% used [0x00000000eb600000,0x00000000eb600000,0x00000000ebd80000)
 ParOldGen       total 198656K, used 196659K [0x00000000c0000000, 0x00000000cc200000, 0x00000000eab00000)
  object space 198656K, 98% used [0x00000000c0000000,0x00000000cc00ce70,0x00000000cc200000)
 Metaspace       used 106047K, committed 107520K, reserved 1179648K
  class space    used 10603K, committed 11264K, reserved 1048576K
}
Event: 3238.636 GC heap before
{Heap before GC invocations=4131 (full 77):
 PSYoungGen      total 14848K, used 3554K [0x00000000eab00000, 0x00000000ec900000, 0x0000000100000000)
  eden space 11264K, 0% used [0x00000000eab00000,0x00000000eab00000,0x00000000eb600000)
  from space 3584K, 99% used [0x00000000ebd80000,0x00000000ec0f8ac0,0x00000000ec100000)
  to   space 7680K, 0% used [0x00000000eb600000,0x00000000eb600000,0x00000000ebd80000)
 ParOldGen       total 198656K, used 196659K [0x00000000c0000000, 0x00000000cc200000, 0x00000000eab00000)
  object space 198656K, 98% used [0x00000000c0000000,0x00000000cc00ce70,0x00000000cc200000)
 Metaspace       used 106047K, committed 107520K, reserved 1179648K
  class space    used 10603K, committed 11264K, reserved 1048576K
}
Event: 3239.309 GC heap after
{Heap after GC invocations=4131 (full 77):
 PSYoungGen      total 18944K, used 0K [0x00000000eab00000, 0x00000000ec500000, 0x0000000100000000)
  eden space 11264K, 0% used [0x00000000eab00000,0x00000000eab00000,0x00000000eb600000)
  from space 7680K, 0% used [0x00000000eb600000,0x00000000eb600000,0x00000000ebd80000)
  to   space 7680K, 0% used [0x00000000ebd80000,0x00000000ebd80000,0x00000000ec500000)
 ParOldGen       total 205312K, used 142218K [0x00000000c0000000, 0x00000000cc880000, 0x00000000eab00000)
  object space 205312K, 69% used [0x00000000c0000000,0x00000000c8ae2a00,0x00000000cc880000)
 Metaspace       used 106047K, committed 107520K, reserved 1179648K
  class space    used 10603K, committed 11264K, reserved 1048576K
}
Event: 3239.408 GC heap before
{Heap before GC invocations=4132 (full 77):
 PSYoungGen      total 18944K, used 11264K [0x00000000eab00000, 0x00000000ec500000, 0x0000000100000000)
  eden space 11264K, 100% used [0x00000000eab00000,0x00000000eb600000,0x00000000eb600000)
  from space 7680K, 0% used [0x00000000eb600000,0x00000000eb600000,0x00000000ebd80000)
  to   space 7680K, 0% used [0x00000000ebd80000,0x00000000ebd80000,0x00000000ec500000)
 ParOldGen       total 205312K, used 142218K [0x00000000c0000000, 0x00000000cc880000, 0x00000000eab00000)
  object space 205312K, 69% used [0x00000000c0000000,0x00000000c8ae2a00,0x00000000cc880000)
 Metaspace       used 106047K, committed 107520K, reserved 1179648K
  class space    used 10603K, committed 11264K, reserved 1048576K
}
Event: 3239.414 GC heap after
{Heap after GC invocations=4132 (full 77):
 PSYoungGen      total 13824K, used 2223K [0x00000000eab00000, 0x00000000ec000000, 0x0000000100000000)
  eden space 11264K, 0% used [0x00000000eab00000,0x00000000eab00000,0x00000000eb600000)
  from space 2560K, 86% used [0x00000000ebd80000,0x00000000ebfabc70,0x00000000ec000000)
  to   space 4096K, 0% used [0x00000000eb800000,0x00000000eb800000,0x00000000ebc00000)
 ParOldGen       total 205312K, used 142218K [0x00000000c0000000, 0x00000000cc880000, 0x00000000eab00000)
  object space 205312K, 69% used [0x00000000c0000000,0x00000000c8ae2a00,0x00000000cc880000)
 Metaspace       used 106047K, committed 107520K, reserved 1179648K
  class space    used 10603K, committed 11264K, reserved 1048576K
}
Event: 3239.491 GC heap before
{Heap before GC invocations=4133 (full 77):
 PSYoungGen      total 13824K, used 13487K [0x00000000eab00000, 0x00000000ec000000, 0x0000000100000000)
  eden space 11264K, 100% used [0x00000000eab00000,0x00000000eb600000,0x00000000eb600000)
  from space 2560K, 86% used [0x00000000ebd80000,0x00000000ebfabc70,0x00000000ec000000)
  to   space 4096K, 0% used [0x00000000eb800000,0x00000000eb800000,0x00000000ebc00000)
 ParOldGen       total 205312K, used 142218K [0x00000000c0000000, 0x00000000cc880000, 0x00000000eab00000)
  object space 205312K, 69% used [0x00000000c0000000,0x00000000c8ae2a00,0x00000000cc880000)
 Metaspace       used 106049K, committed 107520K, reserved 1179648K
  class space    used 10603K, committed 11264K, reserved 1048576K
}
Event: 3239.500 GC heap after
{Heap after GC invocations=4133 (full 77):
 PSYoungGen      total 15360K, used 3801K [0x00000000eab00000, 0x00000000ebf00000, 0x0000000100000000)
  eden space 11264K, 0% used [0x00000000eab00000,0x00000000eab00000,0x00000000eb600000)
  from space 4096K, 92% used [0x00000000eb800000,0x00000000ebbb65c0,0x00000000ebc00000)
  to   space 3072K, 0% used [0x00000000ebc00000,0x00000000ebc00000,0x00000000ebf00000)
 ParOldGen       total 205312K, used 142218K [0x00000000c0000000, 0x00000000cc880000, 0x00000000eab00000)
  object space 205312K, 69% used [0x00000000c0000000,0x00000000c8ae2a00,0x00000000cc880000)
 Metaspace       used 106049K, committed 107520K, reserved 1179648K
  class space    used 10603K, committed 11264K, reserved 1048576K
}
Event: 3239.569 GC heap before
{Heap before GC invocations=4134 (full 77):
 PSYoungGen      total 15360K, used 15065K [0x00000000eab00000, 0x00000000ebf00000, 0x0000000100000000)
  eden space 11264K, 100% used [0x00000000eab00000,0x00000000eb600000,0x00000000eb600000)
  from space 4096K, 92% used [0x00000000eb800000,0x00000000ebbb65c0,0x00000000ebc00000)
  to   space 3072K, 0% used [0x00000000ebc00000,0x00000000ebc00000,0x00000000ebf00000)
 ParOldGen       total 205312K, used 142221K [0x00000000c0000000, 0x00000000cc880000, 0x00000000eab00000)
  object space 205312K, 69% used [0x00000000c0000000,0x00000000c8ae3440,0x00000000cc880000)
 Metaspace       used 106049K, committed 107520K, reserved 1179648K
  class space    used 10603K, committed 11264K, reserved 1048576K
}
Event: 3239.579 GC heap after
{Heap after GC invocations=4134 (full 77):
 PSYoungGen      total 14336K, used 3047K [0x00000000eab00000, 0x00000000ec100000, 0x0000000100000000)
  eden space 11264K, 0% used [0x00000000eab00000,0x00000000eab00000,0x00000000eb600000)
  from space 3072K, 99% used [0x00000000ebc00000,0x00000000ebef9ee8,0x00000000ebf00000)
  to   space 5632K, 0% used [0x00000000eb600000,0x00000000eb600000,0x00000000ebb80000)
 ParOldGen       total 205312K, used 144252K [0x00000000c0000000, 0x00000000cc880000, 0x00000000eab00000)
  object space 205312K, 70% used [0x00000000c0000000,0x00000000c8cdf038,0x00000000cc880000)
 Metaspace       used 106049K, committed 107520K, reserved 1179648K
  class space    used 10603K, committed 11264K, reserved 1048576K
}
Event: 3239.648 GC heap before
{Heap before GC invocations=4135 (full 77):
 PSYoungGen      total 14336K, used 14311K [0x00000000eab00000, 0x00000000ec100000, 0x0000000100000000)
  eden space 11264K, 100% used [0x00000000eab00000,0x00000000eb600000,0x00000000eb600000)
  from space 3072K, 99% used [0x00000000ebc00000,0x00000000ebef9ee8,0x00000000ebf00000)
  to   space 5632K, 0% used [0x00000000eb600000,0x00000000eb600000,0x00000000ebb80000)
 ParOldGen       total 205312K, used 144252K [0x00000000c0000000, 0x00000000cc880000, 0x00000000eab00000)
  object space 205312K, 70% used [0x00000000c0000000,0x00000000c8cdf038,0x00000000cc880000)
 Metaspace       used 106049K, committed 107520K, reserved 1179648K
  class space    used 10603K, committed 11264K, reserved 1048576K
}
Event: 3239.659 GC heap after
{Heap after GC invocations=4135 (full 77):
 PSYoungGen      total 16384K, used 4688K [0x00000000eab00000, 0x00000000ec000000, 0x0000000100000000)
  eden space 11264K, 0% used [0x00000000eab00000,0x00000000eab00000,0x00000000eb600000)
  from space 5120K, 91% used [0x00000000eb600000,0x00000000eba941c8,0x00000000ebb00000)
  to   space 5120K, 0% used [0x00000000ebb00000,0x00000000ebb00000,0x00000000ec000000)
 ParOldGen       total 205312K, used 144252K [0x00000000c0000000, 0x00000000cc880000, 0x00000000eab00000)
  object space 205312K, 70% used [0x00000000c0000000,0x00000000c8cdf038,0x00000000cc880000)
 Metaspace       used 106049K, committed 107520K, reserved 1179648K
  class space    used 10603K, committed 11264K, reserved 1048576K
}
Event: 3239.935 GC heap before
{Heap before GC invocations=4136 (full 77):
 PSYoungGen      total 16384K, used 15952K [0x00000000eab00000, 0x00000000ec000000, 0x0000000100000000)
  eden space 11264K, 100% used [0x00000000eab00000,0x00000000eb600000,0x00000000eb600000)
  from space 5120K, 91% used [0x00000000eb600000,0x00000000eba941c8,0x00000000ebb00000)
  to   space 5120K, 0% used [0x00000000ebb00000,0x00000000ebb00000,0x00000000ec000000)
 ParOldGen       total 205312K, used 174972K [0x00000000c0000000, 0x00000000cc880000, 0x00000000eab00000)
  object space 205312K, 85% used [0x00000000c0000000,0x00000000caadf068,0x00000000cc880000)
 Metaspace       used 106058K, committed 107520K, reserved 1179648K
  class space    used 10603K, committed 11264K, reserved 1048576K
}
Event: 3239.947 GC heap after
{Heap after GC invocations=4136 (full 77):
 PSYoungGen      total 16384K, used 5117K [0x00000000eab00000, 0x00000000ec000000, 0x0000000100000000)
  eden space 11264K, 0% used [0x00000000eab00000,0x00000000eab00000,0x00000000eb600000)
  from space 5120K, 99% used [0x00000000ebb00000,0x00000000ebfff660,0x00000000ec000000)
  to   space 5120K, 0% used [0x00000000eb600000,0x00000000eb600000,0x00000000ebb00000)
 ParOldGen       total 205312K, used 175100K [0x00000000c0000000, 0x00000000cc880000, 0x00000000eab00000)
  object space 205312K, 85% used [0x00000000c0000000,0x00000000caaff088,0x00000000cc880000)
 Metaspace       used 106058K, committed 107520K, reserved 1179648K
  class space    used 10603K, committed 11264K, reserved 1048576K
}
Event: 3240.431 GC heap before
{Heap before GC invocations=4137 (full 77):
 PSYoungGen      total 16384K, used 16381K [0x00000000eab00000, 0x00000000ec000000, 0x0000000100000000)
  eden space 11264K, 100% used [0x00000000eab00000,0x00000000eb600000,0x00000000eb600000)
  from space 5120K, 99% used [0x00000000ebb00000,0x00000000ebfff660,0x00000000ec000000)
  to   space 5120K, 0% used [0x00000000eb600000,0x00000000eb600000,0x00000000ebb00000)
 ParOldGen       total 205312K, used 175100K [0x00000000c0000000, 0x00000000cc880000, 0x00000000eab00000)
  object space 205312K, 85% used [0x00000000c0000000,0x00000000caaff088,0x00000000cc880000)
 Metaspace       used 106058K, committed 107520K, reserved 1179648K
  class space    used 10603K, committed 11264K, reserved 1048576K
}
Event: 3240.445 GC heap after
{Heap after GC invocations=4137 (full 77):
 PSYoungGen      total 16384K, used 5117K [0x00000000eab00000, 0x00000000ec000000, 0x0000000100000000)
  eden space 11264K, 0% used [0x00000000eab00000,0x00000000eab00000,0x00000000eb600000)
  from space 5120K, 99% used [0x00000000eb600000,0x00000000ebaff660,0x00000000ebb00000)
  to   space 5120K, 0% used [0x00000000ebb00000,0x00000000ebb00000,0x00000000ec000000)
 ParOldGen       total 205312K, used 176001K [0x00000000c0000000, 0x00000000cc880000, 0x00000000eab00000)
  object space 205312K, 85% used [0x00000000c0000000,0x00000000cabe0650,0x00000000cc880000)
 Metaspace       used 106058K, committed 107520K, reserved 1179648K
  class space    used 10603K, committed 11264K, reserved 1048576K
}

Dll operation events (12 events):
Event: 0.297 Loaded shared library c:\Users\user\.vscode\extensions\redhat.java-1.35.0-win32-x64\jre\17.0.12-win32-x86_64\bin\java.dll
Event: 1.007 Loaded shared library c:\Users\user\.vscode\extensions\redhat.java-1.35.0-win32-x64\jre\17.0.12-win32-x86_64\bin\zip.dll
Event: 1.017 Loaded shared library C:\Users\user\.vscode\extensions\redhat.java-1.35.0-win32-x64\jre\17.0.12-win32-x86_64\bin\instrument.dll
Event: 1.069 Loaded shared library C:\Users\user\.vscode\extensions\redhat.java-1.35.0-win32-x64\jre\17.0.12-win32-x86_64\bin\net.dll
Event: 1.101 Loaded shared library C:\Users\user\.vscode\extensions\redhat.java-1.35.0-win32-x64\jre\17.0.12-win32-x86_64\bin\nio.dll
Event: 1.119 Loaded shared library C:\Users\user\.vscode\extensions\redhat.java-1.35.0-win32-x64\jre\17.0.12-win32-x86_64\bin\zip.dll
Event: 1.169 Loaded shared library C:\Users\user\.vscode\extensions\redhat.java-1.35.0-win32-x64\jre\17.0.12-win32-x86_64\bin\jimage.dll
Event: 1.438 Loaded shared library c:\Users\user\.vscode\extensions\redhat.java-1.35.0-win32-x64\jre\17.0.12-win32-x86_64\bin\verify.dll
Event: 26.491 Loaded shared library C:\Users\user\AppData\Roaming\Code\User\globalStorage\redhat.java\1.35.0\config_win\org.eclipse.equinox.launcher\org.eclipse.equinox.launcher.win32.win32.x86_64_1.2.1100.v20240722-2106\eclipse_11904.dll
Event: 62.945 Loaded shared library C:\Users\user\AppData\Local\Temp\jna-3599307\jna15524449066169929949.dll
Event: 74.214 Loaded shared library C:\Users\user\.vscode\extensions\redhat.java-1.35.0-win32-x64\jre\17.0.12-win32-x86_64\bin\sunmscapi.dll
Event: 74.594 Loaded shared library C:\Users\user\.vscode\extensions\redhat.java-1.35.0-win32-x64\jre\17.0.12-win32-x86_64\bin\extnet.dll

Deoptimization events (20 events):
Event: 3237.374 Thread 0x000002744cfb2a40 Uncommon trap: trap_request=0xffffffbe fr.pc=0x000002743f9fbeb8 relative=0x0000000000000398
Event: 3237.374 Thread 0x000002744cfb2a40 Uncommon trap: reason=profile_predicate action=maybe_recompile pc=0x000002743f9fbeb8 method=org.eclipse.jdt.ls.core.internal.contentassist.CompletionProposalRequestor$ProposalComparator.compare(Lorg/eclipse/jdt/core/CompletionProposal;Lorg/eclipse/jdt/cor
Event: 3237.374 Thread 0x000002744cfb2a40 DEOPT PACKING pc=0x000002743f9fbeb8 sp=0x000000d4c47fdcb0
Event: 3237.374 Thread 0x000002744cfb2a40 DEOPT UNPACKING pc=0x000002743dd3669d sp=0x000000d4c47fdc20 mode 2
Event: 3237.375 Thread 0x000002744cfb2a40 Uncommon trap: trap_request=0xffffffbe fr.pc=0x000002743f9fbeb8 relative=0x0000000000000398
Event: 3237.375 Thread 0x000002744cfb2a40 Uncommon trap: reason=profile_predicate action=maybe_recompile pc=0x000002743f9fbeb8 method=org.eclipse.jdt.ls.core.internal.contentassist.CompletionProposalRequestor$ProposalComparator.compare(Lorg/eclipse/jdt/core/CompletionProposal;Lorg/eclipse/jdt/cor
Event: 3237.375 Thread 0x000002744cfb2a40 DEOPT PACKING pc=0x000002743f9fbeb8 sp=0x000000d4c47fdcb0
Event: 3237.375 Thread 0x000002744cfb2a40 DEOPT UNPACKING pc=0x000002743dd3669d sp=0x000000d4c47fdc20 mode 2
Event: 3237.375 Thread 0x000002744cfb2a40 Uncommon trap: trap_request=0xffffffbe fr.pc=0x000002743f9fbeb8 relative=0x0000000000000398
Event: 3237.375 Thread 0x000002744cfb2a40 Uncommon trap: reason=profile_predicate action=maybe_recompile pc=0x000002743f9fbeb8 method=org.eclipse.jdt.ls.core.internal.contentassist.CompletionProposalRequestor$ProposalComparator.compare(Lorg/eclipse/jdt/core/CompletionProposal;Lorg/eclipse/jdt/cor
Event: 3237.375 Thread 0x000002744cfb2a40 DEOPT PACKING pc=0x000002743f9fbeb8 sp=0x000000d4c47fdcb0
Event: 3237.375 Thread 0x000002744cfb2a40 DEOPT UNPACKING pc=0x000002743dd3669d sp=0x000000d4c47fdc20 mode 2
Event: 3237.375 Thread 0x000002744cfb2a40 Uncommon trap: trap_request=0xffffffbe fr.pc=0x000002743f9fbeb8 relative=0x0000000000000398
Event: 3237.375 Thread 0x000002744cfb2a40 Uncommon trap: reason=profile_predicate action=maybe_recompile pc=0x000002743f9fbeb8 method=org.eclipse.jdt.ls.core.internal.contentassist.CompletionProposalRequestor$ProposalComparator.compare(Lorg/eclipse/jdt/core/CompletionProposal;Lorg/eclipse/jdt/cor
Event: 3237.375 Thread 0x000002744cfb2a40 DEOPT PACKING pc=0x000002743f9fbeb8 sp=0x000000d4c47fdcb0
Event: 3237.375 Thread 0x000002744cfb2a40 DEOPT UNPACKING pc=0x000002743dd3669d sp=0x000000d4c47fdc20 mode 2
Event: 3240.465 Thread 0x000002744cfb4390 Uncommon trap: trap_request=0xffffff45 fr.pc=0x000002743edb9f48 relative=0x0000000000000d68
Event: 3240.465 Thread 0x000002744cfb4390 Uncommon trap: reason=unstable_if action=reinterpret pc=0x000002743edb9f48 method=org.eclipse.jdt.internal.compiler.ast.TypeReference.internalResolveType(Lorg/eclipse/jdt/internal/compiler/lookup/Scope;I)Lorg/eclipse/jdt/internal/compiler/lookup/TypeBindi
Event: 3240.465 Thread 0x000002744cfb4390 DEOPT PACKING pc=0x000002743edb9f48 sp=0x000000d4c53fdf40
Event: 3240.465 Thread 0x000002744cfb4390 DEOPT UNPACKING pc=0x000002743dd3669d sp=0x000000d4c53fdf28 mode 2

Classes loaded (20 events):
Event: 3084.892 Loading class jdk/internal/module/IllegalAccessLogger
Event: 3084.892 Loading class jdk/internal/module/IllegalAccessLogger done
Event: 3096.718 Loading class jdk/internal/module/IllegalAccessLogger
Event: 3096.718 Loading class jdk/internal/module/IllegalAccessLogger done
Event: 3144.002 Loading class jdk/internal/module/IllegalAccessLogger
Event: 3144.002 Loading class jdk/internal/module/IllegalAccessLogger done
Event: 3174.841 Loading class jdk/internal/module/IllegalAccessLogger
Event: 3174.841 Loading class jdk/internal/module/IllegalAccessLogger done
Event: 3178.047 Loading class jdk/internal/module/IllegalAccessLogger
Event: 3178.047 Loading class jdk/internal/module/IllegalAccessLogger done
Event: 3186.026 Loading class jdk/internal/module/IllegalAccessLogger
Event: 3186.027 Loading class jdk/internal/module/IllegalAccessLogger done
Event: 3200.936 Loading class java/nio/channels/CompletionHandler
Event: 3200.937 Loading class java/nio/channels/CompletionHandler done
Event: 3208.873 Loading class jdk/internal/module/IllegalAccessLogger
Event: 3208.873 Loading class jdk/internal/module/IllegalAccessLogger done
Event: 3214.706 Loading class jdk/internal/module/IllegalAccessLogger
Event: 3214.706 Loading class jdk/internal/module/IllegalAccessLogger done
Event: 3239.503 Loading class jdk/internal/module/IllegalAccessLogger
Event: 3239.503 Loading class jdk/internal/module/IllegalAccessLogger done

Classes unloaded (20 events):
Event: 3004.518 Thread 0x0000027433b99910 Unloading class 0x000000010023c400 'jdk/internal/reflect/GeneratedSerializationConstructorAccessor50'
Event: 3004.518 Thread 0x0000027433b99910 Unloading class 0x000000010023c000 'jdk/internal/reflect/GeneratedSerializationConstructorAccessor49'
Event: 3004.518 Thread 0x0000027433b99910 Unloading class 0x0000000100315400 'jdk/internal/reflect/GeneratedSerializationConstructorAccessor48'
Event: 3004.518 Thread 0x0000027433b99910 Unloading class 0x0000000100315000 'jdk/internal/reflect/GeneratedSerializationConstructorAccessor47'
Event: 3004.518 Thread 0x0000027433b99910 Unloading class 0x0000000100322400 'jdk/internal/reflect/GeneratedSerializationConstructorAccessor46'
Event: 3004.518 Thread 0x0000027433b99910 Unloading class 0x0000000100322000 'jdk/internal/reflect/GeneratedSerializationConstructorAccessor45'
Event: 3004.518 Thread 0x0000027433b99910 Unloading class 0x000000010022cc00 'jdk/internal/reflect/GeneratedMethodAccessor78'
Event: 3004.518 Thread 0x0000027433b99910 Unloading class 0x000000010022c800 'jdk/internal/reflect/GeneratedMethodAccessor77'
Event: 3004.518 Thread 0x0000027433b99910 Unloading class 0x000000010022dc00 'jdk/internal/reflect/GeneratedSerializationConstructorAccessor44'
Event: 3004.519 Thread 0x0000027433b99910 Unloading class 0x000000010022d800 'jdk/internal/reflect/GeneratedSerializationConstructorAccessor43'
Event: 3004.519 Thread 0x0000027433b99910 Unloading class 0x000000010022e400 'jdk/internal/reflect/GeneratedSerializationConstructorAccessor42'
Event: 3004.519 Thread 0x0000027433b99910 Unloading class 0x000000010022e000 'jdk/internal/reflect/GeneratedSerializationConstructorAccessor41'
Event: 3004.519 Thread 0x0000027433b99910 Unloading class 0x0000000100295c00 'jdk/internal/reflect/GeneratedSerializationConstructorAccessor40'
Event: 3004.519 Thread 0x0000027433b99910 Unloading class 0x0000000100295800 'jdk/internal/reflect/GeneratedSerializationConstructorAccessor39'
Event: 3004.519 Thread 0x0000027433b99910 Unloading class 0x0000000100310c00 'jdk/internal/reflect/GeneratedSerializationConstructorAccessor38'
Event: 3004.519 Thread 0x0000027433b99910 Unloading class 0x0000000100310800 'jdk/internal/reflect/GeneratedSerializationConstructorAccessor37'
Event: 3004.519 Thread 0x0000027433b99910 Unloading class 0x000000010031ec00 'jdk/internal/reflect/GeneratedSerializationConstructorAccessor36'
Event: 3004.519 Thread 0x0000027433b99910 Unloading class 0x000000010031e800 'jdk/internal/reflect/GeneratedSerializationConstructorAccessor35'
Event: 3004.519 Thread 0x0000027433b99910 Unloading class 0x0000000100323400 'jdk/internal/reflect/GeneratedSerializationConstructorAccessor34'
Event: 3004.519 Thread 0x0000027433b99910 Unloading class 0x0000000100323000 'jdk/internal/reflect/GeneratedSerializationConstructorAccessor33'

Classes redefined (0 events):
No events

Internal exceptions (20 events):
Event: 3099.581 Thread 0x000002744ce2d810 Exception <a 'sun/nio/fs/WindowsException'{0x00000000eacf64e8}> (0x00000000eacf64e8) 
thrown [s\src\hotspot\share\prims\jni.cpp, line 516]
Event: 3101.441 Thread 0x000002744ce2d810 Exception <a 'sun/nio/fs/WindowsException'{0x00000000ead34408}> (0x00000000ead34408) 
thrown [s\src\hotspot\share\prims\jni.cpp, line 516]
Event: 3103.383 Thread 0x000002744f392c10 Implicit null exception at 0x000002743f95d149 to 0x000002743f95d684
Event: 3104.531 Thread 0x000002744f392c10 Implicit null exception at 0x000002743f2a5e03 to 0x000002743f2a945c
Event: 3104.532 Thread 0x000002744f392c10 Implicit null exception at 0x000002743f1ff4b3 to 0x000002743f202b84
Event: 3140.222 Thread 0x000002744f38f460 Implicit null exception at 0x000002743f30ee8f to 0x000002743f30f6e8
Event: 3143.108 Thread 0x000002744ce2d810 Exception <a 'sun/nio/fs/WindowsException'{0x00000000ead46868}> (0x00000000ead46868) 
thrown [s\src\hotspot\share\prims\jni.cpp, line 516]
Event: 3145.344 Thread 0x000002744ce2d810 Exception <a 'sun/nio/fs/WindowsException'{0x00000000eabc0530}> (0x00000000eabc0530) 
thrown [s\src\hotspot\share\prims\jni.cpp, line 516]
Event: 3168.132 Thread 0x000002744cfacf20 Exception <a 'java/lang/ArrayIndexOutOfBoundsException'{0x00000000eb01e590}> (0x00000000eb01e590) 
thrown [s\src\hotspot\share\runtime\sharedRuntime.cpp, line 631]
Event: 3174.487 Thread 0x000002744ce2d810 Exception <a 'sun/nio/fs/WindowsException'{0x00000000eb0c0a40}> (0x00000000eb0c0a40) 
thrown [s\src\hotspot\share\prims\jni.cpp, line 516]
Event: 3176.629 Thread 0x000002744ce2d810 Exception <a 'sun/nio/fs/WindowsException'{0x00000000eae2ea50}> (0x00000000eae2ea50) 
thrown [s\src\hotspot\share\prims\jni.cpp, line 516]
Event: 3185.875 Thread 0x000002744ce2d810 Exception <a 'sun/nio/fs/WindowsException'{0x00000000eb0fc040}> (0x00000000eb0fc040) 
thrown [s\src\hotspot\share\prims\jni.cpp, line 516]
Event: 3189.994 Thread 0x000002744ce2d810 Exception <a 'sun/nio/fs/WindowsException'{0x00000000ead33e98}> (0x00000000ead33e98) 
thrown [s\src\hotspot\share\prims\jni.cpp, line 516]
Event: 3209.076 Thread 0x000002744ce2d810 Exception <a 'sun/nio/fs/WindowsException'{0x00000000eab79950}> (0x00000000eab79950) 
thrown [s\src\hotspot\share\prims\jni.cpp, line 516]
Event: 3210.123 Thread 0x000002744ce2d810 Exception <a 'sun/nio/fs/WindowsException'{0x00000000ead8aca0}> (0x00000000ead8aca0) 
thrown [s\src\hotspot\share\prims\jni.cpp, line 516]
Event: 3214.460 Thread 0x000002744ce2d810 Exception <a 'sun/nio/fs/WindowsException'{0x00000000eacfb398}> (0x00000000eacfb398) 
thrown [s\src\hotspot\share\prims\jni.cpp, line 516]
Event: 3218.380 Thread 0x000002744ce2d810 Exception <a 'sun/nio/fs/WindowsException'{0x00000000ead109b0}> (0x00000000ead109b0) 
thrown [s\src\hotspot\share\prims\jni.cpp, line 516]
Event: 3236.908 Thread 0x000002744cfb2a40 Exception <a 'java/lang/ArrayIndexOutOfBoundsException'{0x00000000eaefeeb0}> (0x00000000eaefeeb0) 
thrown [s\src\hotspot\share\runtime\sharedRuntime.cpp, line 631]
Event: 3236.916 Thread 0x000002744cfb2a40 Implicit null exception at 0x000002743f747082 to 0x000002743f747a58
Event: 3240.246 Thread 0x000002744ce2d810 Exception <a 'sun/nio/fs/WindowsException'{0x00000000eaeadfc8}> (0x00000000eaeadfc8) 
thrown [s\src\hotspot\share\prims\jni.cpp, line 516]

VM Operations (20 events):
Event: 3238.009 Executing VM operation: ParallelGCFailedAllocation
Event: 3238.036 Executing VM operation: ParallelGCFailedAllocation done
Event: 3238.409 Executing VM operation: ParallelGCFailedAllocation
Event: 3238.431 Executing VM operation: ParallelGCFailedAllocation done
Event: 3238.623 Executing VM operation: ParallelGCFailedAllocation
Event: 3239.376 Executing VM operation: ParallelGCFailedAllocation done
Event: 3239.388 Executing VM operation: ParallelGCFailedAllocation
Event: 3239.462 Executing VM operation: ParallelGCFailedAllocation done
Event: 3239.490 Executing VM operation: ParallelGCFailedAllocation
Event: 3239.504 Executing VM operation: ParallelGCFailedAllocation done
Event: 3239.556 Executing VM operation: ParallelGCFailedAllocation
Event: 3239.568 Executing VM operation: ParallelGCFailedAllocation done
Event: 3239.569 Executing VM operation: ParallelGCFailedAllocation
Event: 3239.579 Executing VM operation: ParallelGCFailedAllocation done
Event: 3239.636 Executing VM operation: ParallelGCFailedAllocation
Event: 3239.659 Executing VM operation: ParallelGCFailedAllocation done
Event: 3239.928 Executing VM operation: ParallelGCFailedAllocation
Event: 3239.948 Executing VM operation: ParallelGCFailedAllocation done
Event: 3240.431 Executing VM operation: ParallelGCFailedAllocation
Event: 3240.445 Executing VM operation: ParallelGCFailedAllocation done

Events (20 events):
Event: 3211.889 Thread 0x000002744cc40930 flushing nmethod 0x00000274367d9310
Event: 3211.891 Thread 0x000002744cc40930 flushing nmethod 0x000002743692e790
Event: 3211.909 Thread 0x000002744cc40930 flushing nmethod 0x0000027436fed890
Event: 3211.919 Thread 0x000002744cc40930 flushing nmethod 0x000002743763a490
Event: 3211.920 Thread 0x000002744cc40930 flushing nmethod 0x000002743775d490
Event: 3211.921 Thread 0x000002744cc40930 flushing nmethod 0x000002743779e610
Event: 3211.931 Thread 0x000002744cc40930 flushing nmethod 0x0000027437d64f90
Event: 3211.936 Thread 0x000002744cc40930 flushing nmethod 0x000002743806a890
Event: 3211.938 Thread 0x000002744cc40930 flushing nmethod 0x00000274381baa10
Event: 3211.951 Thread 0x000002744cc40930 flushing nmethod 0x0000027438a7e790
Event: 3211.955 Thread 0x000002744cc40930 flushing nmethod 0x0000027438d78210
Event: 3211.972 Thread 0x000002744cc40930 flushing nmethod 0x0000027439436110
Event: 3212.454 Thread 0x0000027451cc25d0 Thread added: 0x0000027451cc25d0
Event: 3212.965 Thread 0x0000027451cc25d0 Thread exited: 0x0000027451cc25d0
Event: 3213.636 Thread 0x000002744f112180 Thread exited: 0x000002744f112180
Event: 3218.066 Thread 0x0000027451cc35c0 Thread added: 0x0000027451cc35c0
Event: 3230.360 Thread 0x0000027451cc35c0 Thread exited: 0x0000027451cc35c0
Event: 3237.009 Thread 0x0000027451cc35c0 Thread added: 0x0000027451cc35c0
Event: 3238.143 Thread 0x0000027451cc35c0 Thread exited: 0x0000027451cc35c0
Event: 3239.672 Thread 0x0000027451cbeb60 Thread added: 0x0000027451cbeb60


Dynamic libraries:
0x00007ff6f9710000 - 0x00007ff6f971e000 	c:\Users\user\.vscode\extensions\redhat.java-1.35.0-win32-x64\jre\17.0.12-win32-x86_64\bin\java.exe
0x00007ffeb4190000 - 0x00007ffeb4388000 	C:\WINDOWS\SYSTEM32\ntdll.dll
0x00007ffeb2780000 - 0x00007ffeb2841000 	C:\WINDOWS\System32\KERNEL32.DLL
0x00007ffeb1a30000 - 0x00007ffeb1d2d000 	C:\WINDOWS\System32\KERNELBASE.dll
0x00007ffeb1d30000 - 0x00007ffeb1e30000 	C:\WINDOWS\System32\ucrtbase.dll
0x00007ffeabc20000 - 0x00007ffeabc37000 	c:\Users\user\.vscode\extensions\redhat.java-1.35.0-win32-x64\jre\17.0.12-win32-x86_64\bin\jli.dll
0x00007ffeb3fb0000 - 0x00007ffeb414d000 	C:\WINDOWS\System32\USER32.dll
0x00007ffeb1f50000 - 0x00007ffeb1f72000 	C:\WINDOWS\System32\win32u.dll
0x00007ffeb37d0000 - 0x00007ffeb37fb000 	C:\WINDOWS\System32\GDI32.dll
0x00007ffeb1e30000 - 0x00007ffeb1f47000 	C:\WINDOWS\System32\gdi32full.dll
0x00007ffeb2030000 - 0x00007ffeb20cd000 	C:\WINDOWS\System32\msvcp_win.dll
0x00007ffeabbd0000 - 0x00007ffeabbeb000 	c:\Users\user\.vscode\extensions\redhat.java-1.35.0-win32-x64\jre\17.0.12-win32-x86_64\bin\VCRUNTIME140.dll
0x00007ffea24e0000 - 0x00007ffea277a000 	C:\WINDOWS\WinSxS\amd64_microsoft.windows.common-controls_6595b64144ccf1df_6.0.19041.4355_none_60b8b9eb71f62e16\COMCTL32.dll
0x00007ffeb3160000 - 0x00007ffeb31fe000 	C:\WINDOWS\System32\msvcrt.dll
0x00007ffeb3870000 - 0x00007ffeb389f000 	C:\WINDOWS\System32\IMM32.DLL
0x00007ffeac250000 - 0x00007ffeac25c000 	c:\Users\user\.vscode\extensions\redhat.java-1.35.0-win32-x64\jre\17.0.12-win32-x86_64\bin\vcruntime140_1.dll
0x00007ffe90460000 - 0x00007ffe904ed000 	c:\Users\user\.vscode\extensions\redhat.java-1.35.0-win32-x64\jre\17.0.12-win32-x86_64\bin\msvcp140.dll
0x00007ffe5f030000 - 0x00007ffe5fc9a000 	c:\Users\user\.vscode\extensions\redhat.java-1.35.0-win32-x64\jre\17.0.12-win32-x86_64\bin\server\jvm.dll
0x00007ffeb30b0000 - 0x00007ffeb3160000 	C:\WINDOWS\System32\ADVAPI32.dll
0x00007ffeb2430000 - 0x00007ffeb24d0000 	C:\WINDOWS\System32\sechost.dll
0x00007ffeb24d0000 - 0x00007ffeb25f3000 	C:\WINDOWS\System32\RPCRT4.dll
0x00007ffeb2190000 - 0x00007ffeb21b7000 	C:\WINDOWS\System32\bcrypt.dll
0x00007ffeb3e90000 - 0x00007ffeb3efb000 	C:\WINDOWS\System32\WS2_32.dll
0x00007ffeb0d40000 - 0x00007ffeb0d8b000 	C:\WINDOWS\SYSTEM32\POWRPROF.dll
0x00007ffea2410000 - 0x00007ffea2437000 	C:\WINDOWS\SYSTEM32\WINMM.dll
0x00007ffea3c80000 - 0x00007ffea3c8a000 	C:\WINDOWS\SYSTEM32\VERSION.dll
0x00007ffeb0c00000 - 0x00007ffeb0c12000 	C:\WINDOWS\SYSTEM32\UMPDC.dll
0x00007ffeaf680000 - 0x00007ffeaf692000 	C:\WINDOWS\SYSTEM32\kernel.appcore.dll
0x00007ffeaadf0000 - 0x00007ffeaadfa000 	c:\Users\user\.vscode\extensions\redhat.java-1.35.0-win32-x64\jre\17.0.12-win32-x86_64\bin\jimage.dll
0x00007ffe99590000 - 0x00007ffe99774000 	C:\WINDOWS\SYSTEM32\DBGHELP.DLL
0x00007ffe99ce0000 - 0x00007ffe99d14000 	C:\WINDOWS\SYSTEM32\dbgcore.DLL
0x00007ffeb1840000 - 0x00007ffeb18c2000 	C:\WINDOWS\System32\bcryptPrimitives.dll
0x00007ffeaa030000 - 0x00007ffeaa03e000 	c:\Users\user\.vscode\extensions\redhat.java-1.35.0-win32-x64\jre\17.0.12-win32-x86_64\bin\instrument.dll
0x00007ffe98ad0000 - 0x00007ffe98af5000 	c:\Users\user\.vscode\extensions\redhat.java-1.35.0-win32-x64\jre\17.0.12-win32-x86_64\bin\java.dll
0x00007ffea99c0000 - 0x00007ffea99d8000 	c:\Users\user\.vscode\extensions\redhat.java-1.35.0-win32-x64\jre\17.0.12-win32-x86_64\bin\zip.dll
0x00007ffeb2940000 - 0x00007ffeb30af000 	C:\WINDOWS\System32\SHELL32.dll
0x00007ffeaf880000 - 0x00007ffeb0023000 	C:\WINDOWS\SYSTEM32\windows.storage.dll
0x00007ffeb3980000 - 0x00007ffeb3cd3000 	C:\WINDOWS\System32\combase.dll
0x00007ffeb1190000 - 0x00007ffeb11be000 	C:\WINDOWS\SYSTEM32\Wldp.dll
0x00007ffeb2600000 - 0x00007ffeb26cd000 	C:\WINDOWS\System32\OLEAUT32.dll
0x00007ffeb26d0000 - 0x00007ffeb277d000 	C:\WINDOWS\System32\SHCORE.dll
0x00007ffeb3200000 - 0x00007ffeb3255000 	C:\WINDOWS\System32\shlwapi.dll
0x00007ffeb1770000 - 0x00007ffeb1794000 	C:\WINDOWS\SYSTEM32\profapi.dll
0x00007ffea99a0000 - 0x00007ffea99b9000 	C:\Users\user\.vscode\extensions\redhat.java-1.35.0-win32-x64\jre\17.0.12-win32-x86_64\bin\net.dll
0x00007ffea9050000 - 0x00007ffea915d000 	C:\WINDOWS\SYSTEM32\WINHTTP.dll
0x00007ffeb0f70000 - 0x00007ffeb0fda000 	C:\WINDOWS\system32\mswsock.dll
0x00007ffea98a0000 - 0x00007ffea98b6000 	C:\Users\user\.vscode\extensions\redhat.java-1.35.0-win32-x64\jre\17.0.12-win32-x86_64\bin\nio.dll
0x00007ffeaa000000 - 0x00007ffeaa010000 	c:\Users\user\.vscode\extensions\redhat.java-1.35.0-win32-x64\jre\17.0.12-win32-x86_64\bin\verify.dll
0x00007ffeaa110000 - 0x00007ffeaa155000 	C:\Users\user\AppData\Roaming\Code\User\globalStorage\redhat.java\1.35.0\config_win\org.eclipse.equinox.launcher\org.eclipse.equinox.launcher.win32.win32.x86_64_1.2.1100.v20240722-2106\eclipse_11904.dll
0x00007ffeb2300000 - 0x00007ffeb242b000 	C:\WINDOWS\System32\ole32.dll
0x00007ffeb14e0000 - 0x00007ffeb14f8000 	C:\WINDOWS\SYSTEM32\CRYPTSP.dll
0x00007ffeb07e0000 - 0x00007ffeb0814000 	C:\WINDOWS\system32\rsaenh.dll
0x00007ffeb16f0000 - 0x00007ffeb171e000 	C:\WINDOWS\SYSTEM32\USERENV.dll
0x00007ffeb1100000 - 0x00007ffeb110c000 	C:\WINDOWS\SYSTEM32\CRYPTBASE.dll
0x00007ffeb0c20000 - 0x00007ffeb0c5b000 	C:\WINDOWS\SYSTEM32\IPHLPAPI.DLL
0x00007ffeb3800000 - 0x00007ffeb3808000 	C:\WINDOWS\System32\NSI.dll
0x00007ffeaa9e0000 - 0x00007ffeaa9f7000 	C:\WINDOWS\SYSTEM32\dhcpcsvc6.DLL
0x00007ffeaa940000 - 0x00007ffeaa95d000 	C:\WINDOWS\SYSTEM32\dhcpcsvc.DLL
0x00007ffeb0c70000 - 0x00007ffeb0d3a000 	C:\WINDOWS\SYSTEM32\DNSAPI.dll
0x00007ffeaa0c0000 - 0x00007ffeaa109000 	C:\Users\user\AppData\Local\Temp\jna-3599307\jna15524449066169929949.dll
0x00007ffeb3260000 - 0x00007ffeb3268000 	C:\WINDOWS\System32\PSAPI.DLL
0x00007ffeac240000 - 0x00007ffeac24e000 	C:\Users\user\.vscode\extensions\redhat.java-1.35.0-win32-x64\jre\17.0.12-win32-x86_64\bin\sunmscapi.dll
0x00007ffeb18d0000 - 0x00007ffeb1a2c000 	C:\WINDOWS\System32\CRYPT32.dll
0x00007ffeb1200000 - 0x00007ffeb1229000 	C:\WINDOWS\SYSTEM32\ncrypt.dll
0x00007ffeb11c0000 - 0x00007ffeb11fb000 	C:\WINDOWS\SYSTEM32\NTASN1.dll
0x00007ffea40f0000 - 0x00007ffea40fa000 	C:\Windows\System32\rasadhlp.dll
0x00007ffea8cd0000 - 0x00007ffea8d50000 	C:\WINDOWS\System32\fwpuclnt.dll
0x00007ffea9990000 - 0x00007ffea9999000 	C:\Users\user\.vscode\extensions\redhat.java-1.35.0-win32-x64\jre\17.0.12-win32-x86_64\bin\extnet.dll
0x00007ffea3ec0000 - 0x00007ffea3ec7000 	C:\WINDOWS\system32\wshunix.dll

dbghelp: loaded successfully - version: 4.0.5 - missing functions: none
symbol engine: initialized successfully - sym options: 0x614 - pdb path: .;c:\Users\user\.vscode\extensions\redhat.java-1.35.0-win32-x64\jre\17.0.12-win32-x86_64\bin;C:\WINDOWS\SYSTEM32;C:\WINDOWS\WinSxS\amd64_microsoft.windows.common-controls_6595b64144ccf1df_6.0.19041.4355_none_60b8b9eb71f62e16;c:\Users\user\.vscode\extensions\redhat.java-1.35.0-win32-x64\jre\17.0.12-win32-x86_64\bin\server;C:\Users\user\AppData\Roaming\Code\User\globalStorage\redhat.java\1.35.0\config_win\org.eclipse.equinox.launcher\org.eclipse.equinox.launcher.win32.win32.x86_64_1.2.1100.v20240722-2106;C:\Users\user\AppData\Local\Temp\jna-3599307

VM Arguments:
jvm_args: --add-modules=ALL-SYSTEM --add-opens=java.base/java.util=ALL-UNNAMED --add-opens=java.base/java.lang=ALL-UNNAMED --add-opens=java.base/sun.nio.fs=ALL-UNNAMED -Declipse.application=org.eclipse.jdt.ls.core.id1 -Dosgi.bundles.defaultStartLevel=4 -Declipse.product=org.eclipse.jdt.ls.core.product -Djava.import.generatesMetadataFilesAtProjectRoot=false -DDetectVMInstallationsJob.disabled=true -Dfile.encoding=utf8 -XX:+UseParallelGC -XX:GCTimeRatio=4 -XX:AdaptiveSizePolicyWeight=90 -Dsun.zip.disableMemoryMapping=true -Xmx1G -Xms100m -Xlog:disable -javaagent:c:\Users\user\.vscode\extensions\redhat.java-1.35.0-win32-x64\lombok\lombok-1.18.33.jar -XX:+HeapDumpOnOutOfMemoryError -XX:HeapDumpPath=c:\Users\user\AppData\Roaming\Code\User\workspaceStorage\079f6f517649c5123b03c41ab70807b5\redhat.java -Daether.dependencyCollector.impl=bf 
java_command: c:\Users\user\.vscode\extensions\redhat.java-1.35.0-win32-x64\server\plugins\org.eclipse.equinox.launcher_1.6.900.v20240613-2009.jar -configuration c:\Users\user\AppData\Roaming\Code\User\globalStorage\redhat.java\1.35.0\config_win -data c:\Users\user\AppData\Roaming\Code\User\workspaceStorage\079f6f517649c5123b03c41ab70807b5\redhat.java\jdt_ws --pipe=\\.\pipe\lsp-7cd6c448de4d956811aec7a928bce291-sock
java_class_path (initial): c:\Users\user\.vscode\extensions\redhat.java-1.35.0-win32-x64\server\plugins\org.eclipse.equinox.launcher_1.6.900.v20240613-2009.jar
Launcher Type: SUN_STANDARD

[Global flags]
    uintx AdaptiveSizePolicyWeight                 = 90                                        {product} {command line}
     intx CICompilerCount                          = 3                                         {product} {ergonomic}
    uintx GCTimeRatio                              = 4                                         {product} {command line}
     bool HeapDumpOnOutOfMemoryError               = true                                   {manageable} {command line}
    ccstr HeapDumpPath                             = c:\Users\user\AppData\Roaming\Code\User\workspaceStorage\079f6f517649c5123b03c41ab70807b5\redhat.java         {manageable} {command line}
   size_t InitialHeapSize                          = 104857600                                 {product} {command line}
   size_t MaxHeapSize                              = 1073741824                                {product} {command line}
   size_t MaxNewSize                               = 357564416                                 {product} {ergonomic}
   size_t MinHeapDeltaBytes                        = 524288                                    {product} {ergonomic}
   size_t MinHeapSize                              = 104857600                                 {product} {command line}
   size_t NewSize                                  = 34603008                                  {product} {ergonomic}
    uintx NonNMethodCodeHeapSize                   = 5832780                                {pd product} {ergonomic}
    uintx NonProfiledCodeHeapSize                  = 122912730                              {pd product} {ergonomic}
   size_t OldSize                                  = 70254592                                  {product} {ergonomic}
    uintx ProfiledCodeHeapSize                     = 122912730                              {pd product} {ergonomic}
    uintx ReservedCodeCacheSize                    = 251658240                              {pd product} {ergonomic}
     bool SegmentedCodeCache                       = true                                      {product} {ergonomic}
   size_t SoftMaxHeapSize                          = 1073741824                             {manageable} {ergonomic}
     bool UseCompressedClassPointers               = true                           {product lp64_product} {ergonomic}
     bool UseCompressedOops                        = true                           {product lp64_product} {ergonomic}
     bool UseLargePagesIndividualAllocation        = false                                  {pd product} {ergonomic}
     bool UseParallelGC                            = true                                      {product} {command line}

Logging:
Log output configuration:
 #0: stdout all=off uptime,level,tags
 #1: stderr all=off uptime,level,tags

Environment Variables:
JAVA_HOME=C:\Program Files\Java\jdk-21
PATH=C:\Program Files\Common Files\Oracle\Java\javapath;C:\WINDOWS\system32;C:\WINDOWS;C:\WINDOWS\System32\Wbem;C:\WINDOWS\System32\WindowsPowerShell\v1.0\;C:\WINDOWS\System32\OpenSSH\;C:\ProgramData\chocolatey\bin;C:\Program Files\Git\cmd;C:\Program Files\OpenSSL-Win64\bin;C:\Program Files\Docker\Docker\resources\bin;C:\Users\user\AppData\Roaming\nvm;C:\Program Files\nodejs;C:\Program Files\nodejs;C:\Program Files\nodejs;C:\Program Files\apache-maven-3.9.6\bin;C:\Program Files\Common Files\Oracle\Java\javapath;C:\WINDOWS\system32;C:\WINDOWS;C:\WINDOWS\System32\Wbem;C:\WINDOWS\System32\WindowsPowerShell\v1.0\;C:\WINDOWS\System32\OpenSSH\;C:\ProgramData\chocolatey\bin;C:\Program Files\Git\cmd;C:\Program Files\OpenSSL-Win64\bin;C:\Program Files\Docker\Docker\resources\bin;C:\Users\user\AppData\Roaming\nvm;C:\Program Files\nodejs;C:\Program Files\nodejs;C:\Program Files\nodejs;;C:\Users\user\AppData\Local\Programs\Microsoft VS Code\bin;C:\Users\user\AppData\Roaming\nvm;C:\Program Files\nodejs
USERNAME=user
OS=Windows_NT
PROCESSOR_IDENTIFIER=Intel64 Family 6 Model 37 Stepping 5, GenuineIntel
TMP=C:\Users\user\AppData\Local\Temp
TEMP=C:\Users\user\AppData\Local\Temp



Periodic native trim disabled


---------------  S Y S T E M  ---------------

OS:
 Windows 10 , 64 bit Build 19041 (10.0.19041.4842)
OS uptime: 0 days 1:35 hours
Hyper-V role detected

CPU: total 4 (initial active 4) (2 cores per cpu, 2 threads per core) family 6 model 37 stepping 5 microcode 0x7, cx8, cmov, fxsr, ht, mmx, sse, sse2, sse3, ssse3, sse4.1, sse4.2, popcnt, tsc, tscinvbit, clflush, hv
Processor Information for all 4 processors :
  Max Mhz: 2399, Current Mhz: 1866, Mhz Limit: 2399

Memory: 4k page, system-wide physical 5941M (418M free)
TotalPageFile size 8941M (AvailPageFile size 0M)
current process WorkingSet (physical memory assigned to process): 543M, peak: 654M
current process commit charge ("private bytes"): 564M, peak: 1020M

vm_info: OpenJDK 64-Bit Server VM (17.0.12+7) for windows-amd64 JRE (17.0.12+7), built on Jul 16 2024 22:08:24 by "admin" with MS VC++ 16.10 / 16.11 (VS2019)

END.
