#
# There is insufficient memory for the Java Runtime Environment to continue.
# Native memory allocation (mmap) failed to map 65536 bytes. Error detail: Failed to commit metaspace.
# Possible reasons:
#   The system is out of physical RAM or swap space
#   This process is running with CompressedOops enabled, and the Java Heap may be blocking the growth of the native heap
# Possible solutions:
#   Reduce memory load on the system
#   Increase physical memory or swap space
#   Check if swap backing store is full
#   Decrease Java heap size (-Xmx/-Xms)
#   Decrease number of Java threads
#   Decrease Java thread stack sizes (-Xss)
#   Set larger code cache with -XX:ReservedCodeCacheSize=
#   JVM is running with Unscaled Compressed Oops mode in which the Java heap is
#     placed in the first 4GB address space. The Java Heap base address is the
#     maximum limit for the native heap growth. Please use -XX:HeapBaseMinAddress
#     to set the Java Heap base and to place the Java Heap above 4GB virtual address.
# This output file may be truncated or incomplete.
#
#  Out of Memory Error (virtualSpaceNode.cpp:110), pid=5988, tid=5764
#
# JRE version: OpenJDK Runtime Environment Temurin-17.0.12+7 (17.0.12+7) (build 17.0.12+7)
# Java VM: OpenJDK 64-Bit Server VM Temurin-17.0.12+7 (17.0.12+7, mixed mode, tiered, compressed oops, compressed class ptrs, parallel gc, windows-amd64)
# No core dump will be written. Minidumps are not enabled by default on client versions of Windows
#

---------------  S U M M A R Y ------------

Command Line: --add-modules=ALL-SYSTEM --add-opens=java.base/java.util=ALL-UNNAMED --add-opens=java.base/java.lang=ALL-UNNAMED --add-opens=java.base/sun.nio.fs=ALL-UNNAMED -Declipse.application=org.eclipse.jdt.ls.core.id1 -Dosgi.bundles.defaultStartLevel=4 -Declipse.product=org.eclipse.jdt.ls.core.product -Djava.import.generatesMetadataFilesAtProjectRoot=false -DDetectVMInstallationsJob.disabled=true -Dfile.encoding=utf8 -XX:+UseParallelGC -XX:GCTimeRatio=4 -XX:AdaptiveSizePolicyWeight=90 -Dsun.zip.disableMemoryMapping=true -Xmx1G -Xms100m -Xlog:disable -javaagent:c:\Users\user\.vscode\extensions\redhat.java-1.35.0-win32-x64\lombok\lombok-1.18.33.jar c:\Users\user\.vscode\extensions\redhat.java-1.35.0-win32-x64\server\plugins\org.eclipse.equinox.launcher_1.6.900.v20240613-2009.jar -configuration c:\Users\user\AppData\Roaming\Code\User\globalStorage\redhat.java\1.35.0\config_ss_win -data c:\Users\user\AppData\Roaming\Code\User\workspaceStorage\079f6f517649c5123b03c41ab70807b5\redhat.java\ss_ws --pipe=\\.\pipe\lsp-0b71fbee8a7f2b3a3b4510bd5f452f58-sock

Host: Intel(R) Core(TM) i3 CPU       M 370  @ 2.40GHz, 4 cores, 5G,  Windows 10 , 64 bit Build 19041 (10.0.19041.4842)
Time: Fri Sep 27 11:08:56 2024 Paris, Madrid (heure duild 19041 (10.0.19041.4842) elapsed time: 0.328229 seconds (0d 0h 0m 0s)

---------------  T H R E A D  ---------------

Current thread (0x0000020a66a3caf0):  JavaThread "main" [_thread_in_vm, id=5764, stack(0x000000ddffb00000,0x000000ddffc00000)]

Stack: [0x000000ddffb00000,0x000000ddffc00000]
Native frames: (J=compiled Java code, j=interpreted, Vv=VM code, C=native code)
V  [jvm.dll+0x67f929]
V  [jvm.dll+0x8371ba]
V  [jvm.dll+0x838c7e]
V  [jvm.dll+0x8392e3]
V  [jvm.dll+0x24834f]
V  [jvm.dll+0x832e6d]
V  [jvm.dll+0x623e9e]
V  [jvm.dll+0x623f0a]
V  [jvm.dll+0x626724]
V  [jvm.dll+0x624846]
V  [jvm.dll+0x23db70]
V  [jvm.dll+0x1ec8cb]
V  [jvm.dll+0x1e2261]
V  [jvm.dll+0x54468e]
V  [jvm.dll+0x1f2ce7]
V  [jvm.dll+0x7b056b]
V  [jvm.dll+0x7b1939]
V  [jvm.dll+0x7b1c88]
V  [jvm.dll+0x2404de]
V  [jvm.dll+0x24073f]
V  [jvm.dll+0x5626f3]
V  [jvm.dll+0x564bb4]
V  [jvm.dll+0x38700b]
V  [jvm.dll+0x386ac2]
C  0x0000020a70c380b2

The last pc belongs to getstatic (printed below).
Java frames: (J=compiled Java code, j=interpreted, Vv=VM code)
j  jdk.internal.module.ModuleBootstrap.initModulePatcher()Ljdk/internal/module/ModulePatcher;+3 java.base
j  jdk.internal.module.ModuleBootstrap.<clinit>()V+28 java.base
v  ~StubRoutines::call_stub
j  java.lang.System.initPhase2(ZZ)I+0 java.base
v  ~StubRoutines::call_stub
getstatic  178 getstatic  [0x0000020a70c38000, 0x0000020a70c38200]  512 bytes
[MachCode]
  0x0000020a70c38000: 4883 ec08 | f30f 1104 | 24eb 1f48 | 83ec 10f2 | 0f11 0424 | eb14 4883 | ec10 4889 | 0424 48c7 
  0x0000020a70c38020: 4424 0800 | 0000 00eb | 0150 410f | b755 0148 | 8b4d d0c1 | e202 8b5c | d120 c1eb | 1081 e3ff 
  0x0000020a70c38040: 0000 0081 | fbb2 0000 | 000f 84b0 | 0000 00bb | b200 0000 | e805 0000 | 00e9 9500 | 0000 488b 
  0x0000020a70c38060: d348 8d44 | 2408 4c89 | 6dc0 498b | cf49 89af | a802 0000 | 4989 8798 | 0200 0048 | 83ec 20f7 
  0x0000020a70c38080: c40f 0000 | 000f 841a | 0000 0048 | 83ec 0849 | ba60 6a59 | c4fc 7f00 | 0041 ffd2 | 4883 c408 
  0x0000020a70c380a0: e90d 0000 | 0049 ba60 | 6a59 c4fc | 7f00 0041 | ffd2 4883 | c420 49c7 | 8798 0200 | 0000 0000 
  0x0000020a70c380c0: 0049 c787 | a802 0000 | 0000 0000 | 49c7 87a0 | 0200 0000 | 0000 0049 | 817f 0800 | 0000 000f 
  0x0000020a70c380e0: 8405 0000 | 00e9 168e | feff 4c8b | 6dc0 4c8b | 75c8 c341 | 0fb7 5501 | 488b 4dd0 | c1e2 0248 
  0x0000020a70c38100: 8b5c d130 | 8b44 d138 | 4c8b 4cd1 | 284d 8b49 | 704d 8b09 | c1e8 1c83 | e00f 0f85 | 0b00 0000 
  0x0000020a70c38120: 410f be04 | 1950 e9b1 | 0000 0083 | f801 0f85 | 0b00 0000 | 410f b604 | 1950 e99d | 0000 0083 
  0x0000020a70c38140: f808 0f85 | 0a00 0000 | 418b 0419 | 50e9 8a00 | 0000 83f8 | 040f 850a | 0000 0041 | 8b04 1950 
  0x0000020a70c38160: e977 0000 | 0083 f802 | 0f85 0b00 | 0000 410f | b704 1950 | e963 0000 | 0083 f803 | 0f85 0b00 
  0x0000020a70c38180: 0000 410f | bf04 1950 | e94f 0000 | 0083 f805 | 0f85 1a00 | 0000 498b | 0419 4883 | ec10 4889 
  0x0000020a70c381a0: 0424 48c7 | 4424 0800 | 0000 00e9 | 2c00 0000 | 83f8 060f | 8514 0000 | 00f3 410f | 1004 1948 
  0x0000020a70c381c0: 83ec 08f3 | 0f11 0424 | e90f 0000 | 00f2 410f | 1004 1948 | 83ec 10f2 | 0f11 0424 | 410f b65d 
  0x0000020a70c381e0: 0349 83c5 | 0349 ba90 | 2adc c4fc | 7f00 0041 | ff24 da0f | 1f44 0000 | 0000 0000 | 0000 0000 
[/MachCode]

---------------  P R O C E S S  ---------------

Threads class SMR info:
_java_thread_list=0x0000020a7a8bb2e0, length=10, elements={
0x0000020a66a3caf0, 0x0000020a66b08590, 0x0000020a66b09820, 0x0000020a7a8bc550,
0x0000020a7a8bd2e0, 0x0000020a7a8bff80, 0x0000020a7a8c1860, 0x0000020a7a8c4470,
0x0000020a7a8edd50, 0x0000020a7a8eea10
}

Java Threads: ( => current thread )
=>0x0000020a66a3caf0 JavaThread "main" [_thread_in_vm, id=5764, stack(0x000000ddffb00000,0x000000ddffc00000)]
  0x0000020a66b08590 JavaThread "Reference Handler" daemon [_thread_blocked, id=1416, stack(0x000000ddffe00000,0x000000ddfff00000)]
  0x0000020a66b09820 JavaThread "Finalizer" daemon [_thread_blocked, id=9116, stack(0x000000ddfff00000,0x000000de00000000)]
  0x0000020a7a8bc550 JavaThread "Signal Dispatcher" daemon [_thread_blocked, id=6328, stack(0x000000dd80000000,0x000000dd80100000)]
  0x0000020a7a8bd2e0 JavaThread "Attach Listener" daemon [_thread_blocked, id=11196, stack(0x000000dd80100000,0x000000dd80200000)]
  0x0000020a7a8bff80 JavaThread "Service Thread" daemon [_thread_blocked, id=1148, stack(0x000000dd80200000,0x000000dd80300000)]
  0x0000020a7a8c1860 JavaThread "Monitor Deflation Thread" daemon [_thread_blocked, id=548, stack(0x000000dd80300000,0x000000dd80400000)]
  0x0000020a7a8c4470 JavaThread "C2 CompilerThread0" daemon [_thread_blocked, id=5688, stack(0x000000dd80400000,0x000000dd80500000)]
  0x0000020a7a8edd50 JavaThread "C1 CompilerThread0" daemon [_thread_blocked, id=1208, stack(0x000000dd80500000,0x000000dd80600000)]
  0x0000020a7a8eea10 JavaThread "Sweeper thread" daemon [_thread_blocked, id=3440, stack(0x000000dd80600000,0x000000dd80700000)]

Other Threads:
  0x0000020a7a8868b0 VMThread "VM Thread" [stack: 0x000000ddffd00000,0x000000ddffe00000] [id=9668]
  0x0000020a66a63a90 GCTaskThread "GC Thread#0" [stack: 0x000000ddffc00000,0x000000ddffd00000] [id=8228]

Threads with active compile tasks:

VM state: not at safepoint (normal execution)

VM Mutex/Monitor currently owned by a thread:  ([mutex/lock_event])
[0x0000020a66a4bbd0] Metaspace_lock - owner thread: 0x0000020a66a3caf0

Heap address: 0x00000000c0000000, size: 1024 MB, Compressed Oops mode: 32-bit

CDS archive(s) not mapped
Compressed class space mapped at: 0x0000000100000000-0x0000000140000000, reserved size: 1073741824
Narrow klass base: 0x0000000000000000, Narrow klass shift: 3, Narrow klass range: 0x140000000

GC Precious Log:
 CPUs: 4 total, 4 available
 Memory: 5941M
 Large Page Support: Disabled
 NUMA Support: Disabled
 Compressed Oops: Enabled (32-bit)
 Alignments: Space 512K, Generation 512K, Heap 2M
 Heap Min Capacity: 100M
 Heap Initial Capacity: 100M
 Heap Max Capacity: 1G
 Pre-touch: Disabled
 Parallel Workers: 4

Heap:
 PSYoungGen      total 29696K, used 1024K [0x00000000eab00000, 0x00000000ecc00000, 0x0000000100000000)
  eden space 25600K, 4% used [0x00000000eab00000,0x00000000eac00138,0x00000000ec400000)
  from space 4096K, 0% used [0x00000000ec800000,0x00000000ec800000,0x00000000ecc00000)
  to   space 4096K, 0% used [0x00000000ec400000,0x00000000ec400000,0x00000000ec800000)
 ParOldGen       total 68608K, used 0K [0x00000000c0000000, 0x00000000c4300000, 0x00000000eab00000)
  object space 68608K, 0% used [0x00000000c0000000,0x00000000c0000000,0x00000000c4300000)
 Metaspace       used 2306K, committed 2368K, reserved 1114112K
  class space    used 198K, committed 256K, reserved 1048576K

Card table byte_map: [0x0000020a663f0000,0x0000020a66600000] _byte_map_base: 0x0000020a65df0000

Marking Bits: (ParMarkBitMap*) 0x00007ffcc4db58b0
 Begin Bits: [0x0000020a786f0000, 0x0000020a796f0000)
 End Bits:   [0x0000020a796f0000, 0x0000020a7a6f0000)

Polling page: 0x0000020a64850000

Metaspace:

Usage:
  Non-class:      2.06 MB used.
      Class:    198.61 KB used.
       Both:      2.25 MB used.

Virtual space:
  Non-class space:       64.00 MB reserved,       2.06 MB (  3%) committed,  1 nodes.
      Class space:        1.00 GB reserved,     256.00 KB ( <1%) committed,  1 nodes.
             Both:        1.06 GB reserved,       2.31 MB ( <1%) committed. 

Chunk freelists:
   Non-Class:  12.00 MB
       Class:  15.75 MB
        Both:  27.75 MB

MaxMetaspaceSize: unlimited
CompressedClassSpaceSize: 1.00 GB
Initial GC threshold: 21.00 MB
Current GC threshold: 21.00 MB
CDS: off
MetaspaceReclaimPolicy: balanced
 - commit_granule_bytes: 65536.
 - commit_granule_words: 8192.
 - virtual_space_node_default_size: 8388608.
 - enlarge_chunks_in_place: 1.
 - new_chunks_are_fully_committed: 0.
 - uncommit_free_chunks: 1.
 - use_allocation_guard: 0.
 - handle_deallocations: 1.


Internal statistics:

num_allocs_failed_limit: 0.
num_arena_births: 2.
num_arena_deaths: 0.
num_vsnodes_births: 2.
num_vsnodes_deaths: 0.
num_space_committed: 37.
num_space_uncommitted: 0.
num_chunks_returned_to_freelist: 0.
num_chunks_taken_from_freelist: 3.
num_chunk_merges: 0.
num_chunk_splits: 2.
num_chunks_enlarged: 0.
num_inconsistent_stats: 0.

CodeHeap 'non-profiled nmethods': size=120000Kb used=0Kb max_used=0Kb free=120000Kb
 bounds [0x0000020a711c0000, 0x0000020a71430000, 0x0000020a786f0000]
CodeHeap 'profiled nmethods': size=120000Kb used=2Kb max_used=2Kb free=119998Kb
 bounds [0x0000020a696f0000, 0x0000020a69960000, 0x0000020a70c20000]
CodeHeap 'non-nmethods': size=5760Kb used=1005Kb max_used=1005Kb free=4755Kb
 bounds [0x0000020a70c20000, 0x0000020a70e90000, 0x0000020a711c0000]
 total_blobs=262 nmethods=2 adapters=177
 compilation: enabled
              stopped_count=0, restarted_count=0
 full_count=0

Compilation events (4 events):
Event: 0.318 Thread 0x0000020a7a8edd50    1       3       java.lang.String::isLatin1 (19 bytes)
Event: 0.319 Thread 0x0000020a7a8edd50 nmethod 1 0x0000020a696f0010 code [0x0000020a696f01a0, 0x0000020a696f0318]
Event: 0.319 Thread 0x0000020a7a8edd50    2       3       java.lang.StringLatin1::hashCode (42 bytes)
Event: 0.320 Thread 0x0000020a7a8edd50 nmethod 2 0x0000020a696f0390 code [0x0000020a696f0520, 0x0000020a696f06d8]

GC Heap History (0 events):
No events

Dll operation events (1 events):
Event: 0.034 Loaded shared library c:\Users\user\.vscode\extensions\redhat.java-1.35.0-win32-x64\jre\17.0.12-win32-x86_64\bin\java.dll

Deoptimization events (0 events):
No events

Classes loaded (20 events):
Event: 0.284 Loading class java/util/Collections$EmptyList done
Event: 0.284 Loading class java/util/Collections$EmptyMap
Event: 0.284 Loading class java/util/Collections$EmptyMap done
Event: 0.284 Loading class java/lang/IllegalArgumentException
Event: 0.284 Loading class java/lang/IllegalArgumentException done
Event: 0.317 Loading class java/lang/invoke/MethodHandleStatics
Event: 0.318 Loading class java/lang/invoke/MethodHandleStatics done
Event: 0.320 Loading class jdk/internal/module/ModuleBootstrap
Event: 0.321 Loading class jdk/internal/module/ModuleBootstrap done
Event: 0.321 Loading class java/lang/module/ModuleDescriptor
Event: 0.322 Loading class java/lang/module/ModuleDescriptor done
Event: 0.322 Loading class sun/invoke/util/VerifyAccess
Event: 0.322 Loading class sun/invoke/util/VerifyAccess done
Event: 0.322 Loading class java/lang/reflect/Modifier
Event: 0.322 Loading class java/lang/reflect/Modifier done
Event: 0.323 Loading class java/lang/module/ModuleDescriptor$1
Event: 0.323 Loading class jdk/internal/access/JavaLangModuleAccess
Event: 0.323 Loading class jdk/internal/access/JavaLangModuleAccess done
Event: 0.323 Loading class java/lang/module/ModuleDescriptor$1 done
Event: 0.324 Loading class java/io/File

Classes unloaded (0 events):
No events

Classes redefined (0 events):
No events

Internal exceptions (0 events):
No events

VM Operations (0 events):
No events

Events (10 events):
Event: 0.192 Thread 0x0000020a66a3caf0 Thread added: 0x0000020a66a3caf0
Event: 0.240 Thread 0x0000020a66b08590 Thread added: 0x0000020a66b08590
Event: 0.241 Thread 0x0000020a66b09820 Thread added: 0x0000020a66b09820
Event: 0.285 Thread 0x0000020a7a8bc550 Thread added: 0x0000020a7a8bc550
Event: 0.285 Thread 0x0000020a7a8bd2e0 Thread added: 0x0000020a7a8bd2e0
Event: 0.285 Thread 0x0000020a7a8bff80 Thread added: 0x0000020a7a8bff80
Event: 0.285 Thread 0x0000020a7a8c1860 Thread added: 0x0000020a7a8c1860
Event: 0.285 Thread 0x0000020a7a8c4470 Thread added: 0x0000020a7a8c4470
Event: 0.299 Thread 0x0000020a7a8edd50 Thread added: 0x0000020a7a8edd50
Event: 0.316 Thread 0x0000020a7a8eea10 Thread added: 0x0000020a7a8eea10


Dynamic libraries:
0x00007ff6897c0000 - 0x00007ff6897ce000 	c:\Users\user\.vscode\extensions\redhat.java-1.35.0-win32-x64\jre\17.0.12-win32-x86_64\bin\java.exe
0x00007ffd07050000 - 0x00007ffd07248000 	C:\WINDOWS\SYSTEM32\ntdll.dll
0x00007ffd066a0000 - 0x00007ffd06761000 	C:\WINDOWS\System32\KERNEL32.DLL
0x00007ffd049b0000 - 0x00007ffd04cad000 	C:\WINDOWS\System32\KERNELBASE.dll
0x00007ffd04db0000 - 0x00007ffd04eb0000 	C:\WINDOWS\System32\ucrtbase.dll
0x00007ffcff610000 - 0x00007ffcff627000 	c:\Users\user\.vscode\extensions\redhat.java-1.35.0-win32-x64\jre\17.0.12-win32-x86_64\bin\jli.dll
0x00007ffd061b0000 - 0x00007ffd0634d000 	C:\WINDOWS\System32\USER32.dll
0x00007ffd04700000 - 0x00007ffd04722000 	C:\WINDOWS\System32\win32u.dll
0x00007ffd06430000 - 0x00007ffd0645b000 	C:\WINDOWS\System32\GDI32.dll
0x00007ffd04890000 - 0x00007ffd049a7000 	C:\WINDOWS\System32\gdi32full.dll
0x00007ffd04f40000 - 0x00007ffd04fdd000 	C:\WINDOWS\System32\msvcp_win.dll
0x00007ffcff4c0000 - 0x00007ffcff4db000 	c:\Users\user\.vscode\extensions\redhat.java-1.35.0-win32-x64\jre\17.0.12-win32-x86_64\bin\VCRUNTIME140.dll
0x00007ffcf5640000 - 0x00007ffcf58da000 	C:\WINDOWS\WinSxS\amd64_microsoft.windows.common-controls_6595b64144ccf1df_6.0.19041.4355_none_60b8b9eb71f62e16\COMCTL32.dll
0x00007ffd06b00000 - 0x00007ffd06b9e000 	C:\WINDOWS\System32\msvcrt.dll
0x00007ffd06770000 - 0x00007ffd0679f000 	C:\WINDOWS\System32\IMM32.DLL
0x00007ffcff050000 - 0x00007ffcff05c000 	c:\Users\user\.vscode\extensions\redhat.java-1.35.0-win32-x64\jre\17.0.12-win32-x86_64\bin\vcruntime140_1.dll
0x00007ffcef410000 - 0x00007ffcef49d000 	c:\Users\user\.vscode\extensions\redhat.java-1.35.0-win32-x64\jre\17.0.12-win32-x86_64\bin\msvcp140.dll
0x00007ffcc4210000 - 0x00007ffcc4e7a000 	c:\Users\user\.vscode\extensions\redhat.java-1.35.0-win32-x64\jre\17.0.12-win32-x86_64\bin\server\jvm.dll
0x00007ffd05a80000 - 0x00007ffd05b30000 	C:\WINDOWS\System32\ADVAPI32.dll
0x00007ffd05f40000 - 0x00007ffd05fe0000 	C:\WINDOWS\System32\sechost.dll
0x00007ffd064e0000 - 0x00007ffd06603000 	C:\WINDOWS\System32\RPCRT4.dll
0x00007ffd05050000 - 0x00007ffd05077000 	C:\WINDOWS\System32\bcrypt.dll
0x00007ffd05a10000 - 0x00007ffd05a7b000 	C:\WINDOWS\System32\WS2_32.dll
0x00007ffd03c00000 - 0x00007ffd03c4b000 	C:\WINDOWS\SYSTEM32\POWRPROF.dll
0x00007ffcf7120000 - 0x00007ffcf7147000 	C:\WINDOWS\SYSTEM32\WINMM.dll
0x00007ffcf4920000 - 0x00007ffcf492a000 	C:\WINDOWS\SYSTEM32\VERSION.dll
0x00007ffd03ac0000 - 0x00007ffd03ad2000 	C:\WINDOWS\SYSTEM32\UMPDC.dll
0x00007ffd02540000 - 0x00007ffd02552000 	C:\WINDOWS\SYSTEM32\kernel.appcore.dll
0x00007ffcfeaa0000 - 0x00007ffcfeaaa000 	c:\Users\user\.vscode\extensions\redhat.java-1.35.0-win32-x64\jre\17.0.12-win32-x86_64\bin\jimage.dll
0x00007ffcec670000 - 0x00007ffcec854000 	C:\WINDOWS\SYSTEM32\DBGHELP.DLL
0x00007ffcec630000 - 0x00007ffcec664000 	C:\WINDOWS\SYSTEM32\dbgcore.DLL
0x00007ffd04eb0000 - 0x00007ffd04f32000 	C:\WINDOWS\System32\bcryptPrimitives.dll
0x00007ffcfea90000 - 0x00007ffcfea9e000 	c:\Users\user\.vscode\extensions\redhat.java-1.35.0-win32-x64\jre\17.0.12-win32-x86_64\bin\instrument.dll
0x00007ffcfea60000 - 0x00007ffcfea85000 	c:\Users\user\.vscode\extensions\redhat.java-1.35.0-win32-x64\jre\17.0.12-win32-x86_64\bin\java.dll
0x00007ffcfea40000 - 0x00007ffcfea58000 	c:\Users\user\.vscode\extensions\redhat.java-1.35.0-win32-x64\jre\17.0.12-win32-x86_64\bin\zip.dll
0x00007ffd050f0000 - 0x00007ffd0585f000 	C:\WINDOWS\System32\SHELL32.dll
0x00007ffd02740000 - 0x00007ffd02ee3000 	C:\WINDOWS\SYSTEM32\windows.storage.dll
0x00007ffd05b30000 - 0x00007ffd05e83000 	C:\WINDOWS\System32\combase.dll
0x00007ffd04050000 - 0x00007ffd0407e000 	C:\WINDOWS\SYSTEM32\Wldp.dll
0x00007ffd060e0000 - 0x00007ffd061ad000 	C:\WINDOWS\System32\OLEAUT32.dll
0x00007ffd05e90000 - 0x00007ffd05f3d000 	C:\WINDOWS\System32\SHCORE.dll
0x00007ffd05090000 - 0x00007ffd050e5000 	C:\WINDOWS\System32\shlwapi.dll
0x00007ffd04630000 - 0x00007ffd04654000 	C:\WINDOWS\SYSTEM32\profapi.dll

dbghelp: loaded successfully - version: 4.0.5 - missing functions: none
symbol engine: initialized successfully - sym options: 0x614 - pdb path: .;c:\Users\user\.vscode\extensions\redhat.java-1.35.0-win32-x64\jre\17.0.12-win32-x86_64\bin;C:\WINDOWS\SYSTEM32;C:\WINDOWS\WinSxS\amd64_microsoft.windows.common-controls_6595b64144ccf1df_6.0.19041.4355_none_60b8b9eb71f62e16;c:\Users\user\.vscode\extensions\redhat.java-1.35.0-win32-x64\jre\17.0.12-win32-x86_64\bin\server

VM Arguments:
jvm_args: --add-modules=ALL-SYSTEM --add-opens=java.base/java.util=ALL-UNNAMED --add-opens=java.base/java.lang=ALL-UNNAMED --add-opens=java.base/sun.nio.fs=ALL-UNNAMED -Declipse.application=org.eclipse.jdt.ls.core.id1 -Dosgi.bundles.defaultStartLevel=4 -Declipse.product=org.eclipse.jdt.ls.core.product -Djava.import.generatesMetadataFilesAtProjectRoot=false -DDetectVMInstallationsJob.disabled=true -Dfile.encoding=utf8 -XX:+UseParallelGC -XX:GCTimeRatio=4 -XX:AdaptiveSizePolicyWeight=90 -Dsun.zip.disableMemoryMapping=true -Xmx1G -Xms100m -Xlog:disable -javaagent:c:\Users\user\.vscode\extensions\redhat.java-1.35.0-win32-x64\lombok\lombok-1.18.33.jar 
java_command: c:\Users\user\.vscode\extensions\redhat.java-1.35.0-win32-x64\server\plugins\org.eclipse.equinox.launcher_1.6.900.v20240613-2009.jar -configuration c:\Users\user\AppData\Roaming\Code\User\globalStorage\redhat.java\1.35.0\config_ss_win -data c:\Users\user\AppData\Roaming\Code\User\workspaceStorage\079f6f517649c5123b03c41ab70807b5\redhat.java\ss_ws --pipe=\\.\pipe\lsp-0b71fbee8a7f2b3a3b4510bd5f452f58-sock
java_class_path (initial): c:\Users\user\.vscode\extensions\redhat.java-1.35.0-win32-x64\server\plugins\org.eclipse.equinox.launcher_1.6.900.v20240613-2009.jar
Launcher Type: SUN_STANDARD

[Global flags]
    uintx AdaptiveSizePolicyWeight                 = 90                                        {product} {command line}
     intx CICompilerCount                          = 3                                         {product} {ergonomic}
    uintx GCTimeRatio                              = 4                                         {product} {command line}
   size_t InitialHeapSize                          = 104857600                                 {product} {command line}
   size_t MaxHeapSize                              = 1073741824                                {product} {command line}
   size_t MaxNewSize                               = 357564416                                 {product} {ergonomic}
   size_t MinHeapDeltaBytes                        = 524288                                    {product} {ergonomic}
   size_t MinHeapSize                              = 104857600                                 {product} {command line}
   size_t NewSize                                  = 34603008                                  {product} {ergonomic}
    uintx NonNMethodCodeHeapSize                   = 5832780                                {pd product} {ergonomic}
    uintx NonProfiledCodeHeapSize                  = 122912730                              {pd product} {ergonomic}
   size_t OldSize                                  = 70254592                                  {product} {ergonomic}
    uintx ProfiledCodeHeapSize                     = 122912730                              {pd product} {ergonomic}
    uintx ReservedCodeCacheSize                    = 251658240                              {pd product} {ergonomic}
     bool SegmentedCodeCache                       = true                                      {product} {ergonomic}
   size_t SoftMaxHeapSize                          = 1073741824                             {manageable} {ergonomic}
     bool UseCompressedClassPointers               = true                           {product lp64_product} {ergonomic}
     bool UseCompressedOops                        = true                           {product lp64_product} {ergonomic}
     bool UseLargePagesIndividualAllocation        = false                                  {pd product} {ergonomic}
     bool UseParallelGC                            = true                                      {product} {command line}

Logging:
Log output configuration:
 #0: stdout all=off uptime,level,tags
 #1: stderr all=off uptime,level,tags

Environment Variables:
JAVA_HOME=C:\Program Files\Java\jdk-21
PATH=C:\Program Files\Common Files\Oracle\Java\javapath;C:\WINDOWS\system32;C:\WINDOWS;C:\WINDOWS\System32\Wbem;C:\WINDOWS\System32\WindowsPowerShell\v1.0\;C:\WINDOWS\System32\OpenSSH\;C:\ProgramData\chocolatey\bin;C:\Program Files\Git\cmd;C:\Program Files\OpenSSL-Win64\bin;C:\Program Files\Docker\Docker\resources\bin;C:\Users\user\AppData\Roaming\nvm;C:\Program Files\nodejs;C:\Program Files\nodejs;C:\Program Files\nodejs;C:\Program Files\apache-maven-3.9.6\bin;C:\Program Files\Common Files\Oracle\Java\javapath;C:\WINDOWS\system32;C:\WINDOWS;C:\WINDOWS\System32\Wbem;C:\WINDOWS\System32\WindowsPowerShell\v1.0\;C:\WINDOWS\System32\OpenSSH\;C:\ProgramData\chocolatey\bin;C:\Program Files\Git\cmd;C:\Program Files\OpenSSL-Win64\bin;C:\Program Files\Docker\Docker\resources\bin;C:\Users\user\AppData\Roaming\nvm;C:\Program Files\nodejs;C:\Program Files\nodejs;C:\Program Files\nodejs;;C:\Users\user\AppData\Local\Programs\Microsoft VS Code\bin;C:\Users\user\AppData\Roaming\nvm;C:\Program Files\nodejs
USERNAME=user
OS=Windows_NT
PROCESSOR_IDENTIFIER=Intel64 Family 6 Model 37 Stepping 5, GenuineIntel
TMP=C:\Users\user\AppData\Local\Temp
TEMP=C:\Users\user\AppData\Local\Temp



Periodic native trim disabled


---------------  S Y S T E M  ---------------

OS:
 Windows 10 , 64 bit Build 19041 (10.0.19041.4842)
OS uptime: 0 days 1:36 hours
Hyper-V role detected

CPU: total 4 (initial active 4) (2 cores per cpu, 2 threads per core) family 6 model 37 stepping 5 microcode 0x7, cx8, cmov, fxsr, ht, mmx, sse, sse2, sse3, ssse3, sse4.1, sse4.2, popcnt, tsc, tscinvbit, clflush, hv
Processor Information for all 4 processors :
  Max Mhz: 2399, Current Mhz: 2399, Mhz Limit: 2399

Memory: 4k page, system-wide physical 5941M (497M free)
TotalPageFile size 8941M (AvailPageFile size 3M)
current process WorkingSet (physical memory assigned to process): 22M, peak: 22M
current process commit charge ("private bytes"): 166M, peak: 166M

vm_info: OpenJDK 64-Bit Server VM (17.0.12+7) for windows-amd64 JRE (17.0.12+7), built on Jul 16 2024 22:08:24 by "admin" with MS VC++ 16.10 / 16.11 (VS2019)

END.
