#
# There is insufficient memory for the Java Runtime Environment to continue.
# Native memory allocation (malloc) failed to allocate 65552 bytes. Error detail: Chunk::new
# Possible reasons:
#   The system is out of physical RAM or swap space
#   This process is running with CompressedOops enabled, and the Java Heap may be blocking the growth of the native heap
# Possible solutions:
#   Reduce memory load on the system
#   Increase physical memory or swap space
#   Check if swap backing store is full
#   Decrease Java heap size (-Xmx/-Xms)
#   Decrease number of Java threads
#   Decrease Java thread stack sizes (-Xss)
#   Set larger code cache with -XX:ReservedCodeCacheSize=
#   JVM is running with Unscaled Compressed Oops mode in which the Java heap is
#     placed in the first 4GB address space. The Java Heap base address is the
#     maximum limit for the native heap growth. Please use -XX:HeapBaseMinAddress
#     to set the Java Heap base and to place the Java Heap above 4GB virtual address.
# This output file may be truncated or incomplete.
#
#  Out of Memory Error (arena.cpp:191), pid=10120, tid=11324
#
# JRE version: OpenJDK Runtime Environment Temurin-17.0.12+7 (17.0.12+7) (build 17.0.12+7)
# Java VM: OpenJDK 64-Bit Server VM Temurin-17.0.12+7 (17.0.12+7, mixed mode, tiered, compressed oops, compressed class ptrs, parallel gc, windows-amd64)
# No core dump will be written. Minidumps are not enabled by default on client versions of Windows
#

---------------  S U M M A R Y ------------

Command Line: --add-modules=ALL-SYSTEM --add-opens=java.base/java.util=ALL-UNNAMED --add-opens=java.base/java.lang=ALL-UNNAMED --add-opens=java.base/sun.nio.fs=ALL-UNNAMED -Declipse.application=org.eclipse.jdt.ls.core.id1 -Dosgi.bundles.defaultStartLevel=4 -Declipse.product=org.eclipse.jdt.ls.core.product -Djava.import.generatesMetadataFilesAtProjectRoot=false -DDetectVMInstallationsJob.disabled=true -Dfile.encoding=utf8 -XX:+UseParallelGC -XX:GCTimeRatio=4 -XX:AdaptiveSizePolicyWeight=90 -Dsun.zip.disableMemoryMapping=true -Xmx1G -Xms100m -Xlog:disable -javaagent:c:\Users\user\.vscode\extensions\redhat.java-1.35.0-win32-x64\lombok\lombok-1.18.33.jar c:\Users\user\.vscode\extensions\redhat.java-1.35.0-win32-x64\server\plugins\org.eclipse.equinox.launcher_1.6.900.v20240613-2009.jar -configuration c:\Users\user\AppData\Roaming\Code\User\globalStorage\redhat.java\1.35.0\config_ss_win -data c:\Users\user\AppData\Roaming\Code\User\workspaceStorage\b9e5c6bf76a5906f90f2701a3e33a214\redhat.java\ss_ws --pipe=\\.\pipe\lsp-7eae3c1c4fd9e56ef997a0f55b01af7c-sock

Host: Intel(R) Core(TM) i3 CPU       M 370  @ 2.40GHz, 4 cores, 5G,  Windows 10 , 64 bit Build 19041 (10.0.19041.4842)
Time: Fri Sep 27 21:22:48 2024 Paris, Madrid (heure duild 19041 (10.0.19041.4842) elapsed time: 32.904799 seconds (0d 0h 0m 32s)

---------------  T H R E A D  ---------------

Current thread (0x000001bbae1d8180):  JavaThread "C2 CompilerThread0" daemon [_thread_in_native, id=11324, stack(0x00000093cfb00000,0x00000093cfc00000)]


Current CompileTask:
C2:  32905 4259       4       java.io.WinNTFileSystem::normalize (143 bytes)

Stack: [0x00000093cfb00000,0x00000093cfc00000]
Native frames: (J=compiled Java code, j=interpreted, Vv=VM code, C=native code)
V  [jvm.dll+0x67f929]
V  [jvm.dll+0x8371ba]
V  [jvm.dll+0x838c7e]
V  [jvm.dll+0x8392e3]
V  [jvm.dll+0x24834f]
V  [jvm.dll+0xac9d4]
V  [jvm.dll+0xad01c]
V  [jvm.dll+0xacadb]
V  [jvm.dll+0x6a4d18]
V  [jvm.dll+0x34320f]
V  [jvm.dll+0x340cce]
V  [jvm.dll+0x694408]
V  [jvm.dll+0x697dae]
V  [jvm.dll+0x68fd8b]
V  [jvm.dll+0x68f3c7]
V  [jvm.dll+0x68d2b2]
V  [jvm.dll+0x1a8b1c]
V  [jvm.dll+0x2aeb84]
V  [jvm.dll+0x697dd5]
V  [jvm.dll+0x68fd8b]
V  [jvm.dll+0x68f3c7]
V  [jvm.dll+0x68d2b2]
V  [jvm.dll+0x1a8b1c]
V  [jvm.dll+0x1a96b6]
V  [jvm.dll+0x2aeb84]
V  [jvm.dll+0x697dd5]
V  [jvm.dll+0x68fd8b]
V  [jvm.dll+0x68f3c7]
V  [jvm.dll+0x68d2b2]
V  [jvm.dll+0x1a8b1c]
V  [jvm.dll+0x1a96b6]
V  [jvm.dll+0x2aeb84]
V  [jvm.dll+0x697dd5]
V  [jvm.dll+0x68fd8b]
V  [jvm.dll+0x68f3c7]
V  [jvm.dll+0x68d2b2]
V  [jvm.dll+0x1a8b1c]
V  [jvm.dll+0x1a96b6]
V  [jvm.dll+0x2aeb84]
V  [jvm.dll+0x697dd5]
V  [jvm.dll+0x68fd8b]
V  [jvm.dll+0x68f3c7]
V  [jvm.dll+0x68d2b2]
V  [jvm.dll+0x1a8b1c]
V  [jvm.dll+0x2198a8]
V  [jvm.dll+0x1a58bd]
V  [jvm.dll+0x229a2d]
V  [jvm.dll+0x227bdc]
V  [jvm.dll+0x7ec1f7]
V  [jvm.dll+0x7e65dc]
V  [jvm.dll+0x67e7f7]
C  [ucrtbase.dll+0x21bb2]
C  [KERNEL32.DLL+0x17374]
C  [ntdll.dll+0x4cc91]


---------------  P R O C E S S  ---------------

Threads class SMR info:
_java_thread_list=0x000001bbb3b15b70, length=29, elements={
0x000001bb9a35ee80, 0x000001bb9a41a270, 0x000001bb9a41bd70, 0x000001bbae1d2270,
0x000001bbae1d3000, 0x000001bbae1d3c90, 0x000001bbae1d5570, 0x000001bbae1d8180,
0x000001bbae1fdae0, 0x000001bbae1fe000, 0x000001bb9a3c2330, 0x000001bbb3689f90,
0x000001bbb392b770, 0x000001bbb392c6a0, 0x000001bbb392bc80, 0x000001bbb392ad50,
0x000001bbb392a330, 0x000001bbb392d0c0, 0x000001bbb392cbb0, 0x000001bbb392b260,
0x000001bbb392d5d0, 0x000001bbb392dae0, 0x000001bbb4e86270, 0x000001bbb4e8bd90,
0x000001bbb4e880d0, 0x000001bbb4e86c90, 0x000001bbb4e8a440, 0x000001bbb4e86780,
0x000001bbb4e89000
}

Java Threads: ( => current thread )
  0x000001bb9a35ee80 JavaThread "main" [_thread_blocked, id=9852, stack(0x00000093cf200000,0x00000093cf300000)]
  0x000001bb9a41a270 JavaThread "Reference Handler" daemon [_thread_blocked, id=10324, stack(0x00000093cf500000,0x00000093cf600000)]
  0x000001bb9a41bd70 JavaThread "Finalizer" daemon [_thread_blocked, id=13212, stack(0x00000093cf600000,0x00000093cf700000)]
  0x000001bbae1d2270 JavaThread "Signal Dispatcher" daemon [_thread_blocked, id=12128, stack(0x00000093cf700000,0x00000093cf800000)]
  0x000001bbae1d3000 JavaThread "Attach Listener" daemon [_thread_blocked, id=4228, stack(0x00000093cf800000,0x00000093cf900000)]
  0x000001bbae1d3c90 JavaThread "Service Thread" daemon [_thread_blocked, id=1460, stack(0x00000093cf900000,0x00000093cfa00000)]
  0x000001bbae1d5570 JavaThread "Monitor Deflation Thread" daemon [_thread_blocked, id=8384, stack(0x00000093cfa00000,0x00000093cfb00000)]
=>0x000001bbae1d8180 JavaThread "C2 CompilerThread0" daemon [_thread_in_native, id=11324, stack(0x00000093cfb00000,0x00000093cfc00000)]
  0x000001bbae1fdae0 JavaThread "C1 CompilerThread0" daemon [_thread_blocked, id=1436, stack(0x00000093cfc00000,0x00000093cfd00000)]
  0x000001bbae1fe000 JavaThread "Sweeper thread" daemon [_thread_blocked, id=3468, stack(0x00000093cfd00000,0x00000093cfe00000)]
  0x000001bb9a3c2330 JavaThread "Common-Cleaner" daemon [_thread_blocked, id=8204, stack(0x00000093cfe00000,0x00000093cff00000)]
  0x000001bbb3689f90 JavaThread "Notification Thread" daemon [_thread_blocked, id=7376, stack(0x00000093cff00000,0x00000093d0000000)]
  0x000001bbb392b770 JavaThread "Active Thread: Equinox Container: 87329f5c-b645-4ee3-b160-169fc8dd9a77" [_thread_blocked, id=4984, stack(0x00000093d0500000,0x00000093d0600000)]
  0x000001bbb392c6a0 JavaThread "Framework Event Dispatcher: Equinox Container: 87329f5c-b645-4ee3-b160-169fc8dd9a77" daemon [_thread_blocked, id=11148, stack(0x00000093d0400000,0x00000093d0500000)]
  0x000001bbb392bc80 JavaThread "Start Level: Equinox Container: 87329f5c-b645-4ee3-b160-169fc8dd9a77" daemon [_thread_blocked, id=11964, stack(0x00000093d0600000,0x00000093d0700000)]
  0x000001bbb392ad50 JavaThread "SCR Component Actor" daemon [_thread_blocked, id=11168, stack(0x00000093d0700000,0x00000093d0800000)]
  0x000001bbb392a330 JavaThread "Worker-JM" [_thread_blocked, id=7240, stack(0x00000093d0900000,0x00000093d0a00000)]
  0x000001bbb392d0c0 JavaThread "JNA Cleaner" daemon [_thread_blocked, id=5284, stack(0x00000093d0800000,0x00000093d0900000)]
  0x000001bbb392cbb0 JavaThread "Worker-0" [_thread_blocked, id=10640, stack(0x00000093d0a00000,0x00000093d0b00000)]
  0x000001bbb392b260 JavaThread "Worker-1" [_thread_blocked, id=1872, stack(0x00000093d0b00000,0x00000093d0c00000)]
  0x000001bbb392d5d0 JavaThread "Thread-3" daemon [_thread_in_native, id=5296, stack(0x00000093d0c00000,0x00000093d0d00000)]
  0x000001bbb392dae0 JavaThread "Thread-4" daemon [_thread_in_native, id=1424, stack(0x00000093d0f00000,0x00000093d1000000)]
  0x000001bbb4e86270 JavaThread "Thread-5" daemon [_thread_in_native, id=11276, stack(0x00000093d1000000,0x00000093d1100000)]
  0x000001bbb4e8bd90 JavaThread "Thread-6" daemon [_thread_in_native, id=11056, stack(0x00000093d1100000,0x00000093d1200000)]
  0x000001bbb4e880d0 JavaThread "Thread-7" daemon [_thread_in_native, id=9800, stack(0x00000093d1200000,0x00000093d1300000)]
  0x000001bbb4e86c90 JavaThread "pool-2-thread-1" [_thread_blocked, id=7436, stack(0x00000093d1300000,0x00000093d1400000)]
  0x000001bbb4e8a440 JavaThread "WorkspaceEventsHandler" [_thread_blocked, id=11848, stack(0x00000093d1400000,0x00000093d1500000)]
  0x000001bbb4e86780 JavaThread "pool-1-thread-1" [_thread_in_native, id=11648, stack(0x00000093d1500000,0x00000093d1600000)]
  0x000001bbb4e89000 JavaThread "Worker-2" [_thread_blocked, id=5324, stack(0x00000093d1600000,0x00000093d1700000)]

Other Threads:
  0x000001bb9a3eacd0 VMThread "VM Thread" [stack: 0x00000093cf400000,0x00000093cf500000] [id=3044]
  0x000001bbb36a18e0 WatcherThread [stack: 0x00000093d0000000,0x00000093d0100000] [id=9704]
  0x000001bb9a374980 GCTaskThread "GC Thread#0" [stack: 0x00000093cf300000,0x00000093cf400000] [id=5988]
  0x000001bbb3699d90 GCTaskThread "GC Thread#1" [stack: 0x00000093d0100000,0x00000093d0200000] [id=10200]
  0x000001bbb37c3fc0 GCTaskThread "GC Thread#2" [stack: 0x00000093d0200000,0x00000093d0300000] [id=3696]
  0x000001bbb3a22020 GCTaskThread "GC Thread#3" [stack: 0x00000093d0300000,0x00000093d0400000] [id=7724]

Threads with active compile tasks:
C2 CompilerThread0    33002 4259       4       java.io.WinNTFileSystem::normalize (143 bytes)

VM state: not at safepoint (normal execution)

VM Mutex/Monitor currently owned by a thread: None

Heap address: 0x00000000c0000000, size: 1024 MB, Compressed Oops mode: 32-bit

CDS archive(s) not mapped
Compressed class space mapped at: 0x0000000100000000-0x0000000140000000, reserved size: 1073741824
Narrow klass base: 0x0000000000000000, Narrow klass shift: 3, Narrow klass range: 0x140000000

GC Precious Log:
 CPUs: 4 total, 4 available
 Memory: 5941M
 Large Page Support: Disabled
 NUMA Support: Disabled
 Compressed Oops: Enabled (32-bit)
 Alignments: Space 512K, Generation 512K, Heap 2M
 Heap Min Capacity: 100M
 Heap Initial Capacity: 100M
 Heap Max Capacity: 1G
 Pre-touch: Disabled
 Parallel Workers: 4

Heap:
 PSYoungGen      total 23552K, used 5101K [0x00000000eab00000, 0x00000000ec380000, 0x0000000100000000)
  eden space 22016K, 22% used [0x00000000eab00000,0x00000000eafcb498,0x00000000ec080000)
  from space 1536K, 12% used [0x00000000ec100000,0x00000000ec130000,0x00000000ec280000)
  to   space 512K, 0% used [0x00000000ec300000,0x00000000ec300000,0x00000000ec380000)
 ParOldGen       total 68608K, used 20182K [0x00000000c0000000, 0x00000000c4300000, 0x00000000eab00000)
  object space 68608K, 29% used [0x00000000c0000000,0x00000000c13b5ab0,0x00000000c4300000)
 Metaspace       used 42266K, committed 43072K, reserved 1114112K
  class space    used 4308K, committed 4672K, reserved 1048576K

Card table byte_map: [0x000001bb99d00000,0x000001bb99f10000] _byte_map_base: 0x000001bb99700000

Marking Bits: (ParMarkBitMap*) 0x00007ffcc7d658b0
 Begin Bits: [0x000001bbac000000, 0x000001bbad000000)
 End Bits:   [0x000001bbad000000, 0x000001bbae000000)

Polling page: 0x000001bb982e0000

Metaspace:

Usage:
  Non-class:     37.07 MB used.
      Class:      4.21 MB used.
       Both:     41.28 MB used.

Virtual space:
  Non-class space:       64.00 MB reserved,      37.50 MB ( 59%) committed,  1 nodes.
      Class space:        1.00 GB reserved,       4.56 MB ( <1%) committed,  1 nodes.
             Both:        1.06 GB reserved,      42.06 MB (  4%) committed. 

Chunk freelists:
   Non-Class:  10.41 MB
       Class:  11.48 MB
        Both:  21.89 MB

MaxMetaspaceSize: unlimited
CompressedClassSpaceSize: 1.00 GB
Initial GC threshold: 21.00 MB
Current GC threshold: 58.38 MB
CDS: off
MetaspaceReclaimPolicy: balanced
 - commit_granule_bytes: 65536.
 - commit_granule_words: 8192.
 - virtual_space_node_default_size: 8388608.
 - enlarge_chunks_in_place: 1.
 - new_chunks_are_fully_committed: 0.
 - uncommit_free_chunks: 1.
 - use_allocation_guard: 0.
 - handle_deallocations: 1.


Internal statistics:

num_allocs_failed_limit: 6.
num_arena_births: 458.
num_arena_deaths: 14.
num_vsnodes_births: 2.
num_vsnodes_deaths: 0.
num_space_committed: 673.
num_space_uncommitted: 0.
num_chunks_returned_to_freelist: 20.
num_chunks_taken_from_freelist: 1820.
num_chunk_merges: 5.
num_chunk_splits: 1178.
num_chunks_enlarged: 787.
num_inconsistent_stats: 0.

CodeHeap 'non-profiled nmethods': size=120000Kb used=2489Kb max_used=2489Kb free=117510Kb
 bounds [0x000001bba4ad0000, 0x000001bba4d40000, 0x000001bbac000000]
CodeHeap 'profiled nmethods': size=120000Kb used=8968Kb max_used=8968Kb free=111031Kb
 bounds [0x000001bb9d000000, 0x000001bb9d8d0000, 0x000001bba4530000]
CodeHeap 'non-nmethods': size=5760Kb used=1305Kb max_used=1363Kb free=4454Kb
 bounds [0x000001bba4530000, 0x000001bba47a0000, 0x000001bba4ad0000]
 total_blobs=4895 nmethods=4257 adapters=552
 compilation: enabled
              stopped_count=0, restarted_count=0
 full_count=0

Compilation events (20 events):
Event: 32.587 Thread 0x000001bbae1fdae0 nmethod 4249 0x000001bb9d8a2c90 code [0x000001bb9d8a2e40, 0x000001bb9d8a2fa8]
Event: 32.606 Thread 0x000001bbae1fdae0 4250  s!   3       sun.net.www.protocol.file.Handler::openConnection (271 bytes)
Event: 32.612 Thread 0x000001bbae1fdae0 nmethod 4250 0x000001bb9d8a3090 code [0x000001bb9d8a3600, 0x000001bb9d8a5b78]
Event: 32.739 Thread 0x000001bbae1fdae0 4251       3       java.net.URLStreamHandler::parseURL (1201 bytes)
Event: 32.779 Thread 0x000001bbae1fdae0 nmethod 4251 0x000001bb9d8a6b10 code [0x000001bb9d8a7c60, 0x000001bb9d8b24e8]
Event: 32.779 Thread 0x000001bbae1fdae0 4253       3       java.net.URL::openStream (8 bytes)
Event: 32.779 Thread 0x000001bbae1fdae0 nmethod 4253 0x000001bb9d8b6590 code [0x000001bb9d8b6740, 0x000001bb9d8b6a38]
Event: 32.779 Thread 0x000001bbae1fdae0 4252       3       java.util.jar.JarEntry::<init> (6 bytes)
Event: 32.779 Thread 0x000001bbae1fdae0 nmethod 4252 0x000001bb9d8b6b90 code [0x000001bb9d8b6d20, 0x000001bb9d8b6e68]
Event: 32.833 Thread 0x000001bbae1fdae0 4254   !   3       lombok.launch.ShadowClassLoader::loadClass (242 bytes)
Event: 32.837 Thread 0x000001bbae1fdae0 nmethod 4254 0x000001bb9d8b6f10 code [0x000001bb9d8b7360, 0x000001bb9d8b8dd8]
Event: 32.837 Thread 0x000001bbae1fdae0 4255   !   3       lombok.launch.PackageShader::reverseResourceName (126 bytes)
Event: 32.840 Thread 0x000001bbae1fdae0 nmethod 4255 0x000001bb9d8b9790 code [0x000001bb9d8b9aa0, 0x000001bb9d8bac58]
Event: 32.840 Thread 0x000001bbae1fdae0 4256       3       lombok.launch.ShadowClassLoader::toSclResourceName (54 bytes)
Event: 32.842 Thread 0x000001bbae1fdae0 nmethod 4256 0x000001bb9d8bb610 code [0x000001bb9d8bb8a0, 0x000001bb9d8bc148]
Event: 32.846 Thread 0x000001bbae1fdae0 4257   !   3       lombok.launch.ShadowClassLoader::getOrMakeJarListing (193 bytes)
Event: 32.847 Thread 0x000001bbae1fdae0 nmethod 4257 0x000001bb9d8bc510 code [0x000001bb9d8bc800, 0x000001bb9d8bdb08]
Event: 32.878 Thread 0x000001bbae1fdae0 4258       3       java.util.Arrays::copyOf (19 bytes)
Event: 32.879 Thread 0x000001bbae1fdae0 nmethod 4258 0x000001bb9d8be290 code [0x000001bb9d8be440, 0x000001bb9d8be728]
Event: 32.888 Thread 0x000001bbae1d8180 4259       4       java.io.WinNTFileSystem::normalize (143 bytes)

GC Heap History (20 events):
Event: 14.352 GC heap before
{Heap before GC invocations=8 (full 1):
 PSYoungGen      total 27136K, used 27132K [0x00000000eab00000, 0x00000000ec900000, 0x0000000100000000)
  eden space 24576K, 100% used [0x00000000eab00000,0x00000000ec300000,0x00000000ec300000)
  from space 2560K, 99% used [0x00000000ec600000,0x00000000ec87f3b0,0x00000000ec880000)
  to   space 3072K, 0% used [0x00000000ec300000,0x00000000ec300000,0x00000000ec600000)
 ParOldGen       total 68608K, used 7469K [0x00000000c0000000, 0x00000000c4300000, 0x00000000eab00000)
  object space 68608K, 10% used [0x00000000c0000000,0x00000000c074b4d8,0x00000000c4300000)
 Metaspace       used 30322K, committed 30848K, reserved 1114112K
  class space    used 2929K, committed 3136K, reserved 1048576K
}
Event: 14.358 GC heap after
{Heap after GC invocations=8 (full 1):
 PSYoungGen      total 27136K, used 3059K [0x00000000eab00000, 0x00000000ecb80000, 0x0000000100000000)
  eden space 24064K, 0% used [0x00000000eab00000,0x00000000eab00000,0x00000000ec280000)
  from space 3072K, 99% used [0x00000000ec300000,0x00000000ec5fcc90,0x00000000ec600000)
  to   space 4608K, 0% used [0x00000000ec700000,0x00000000ec700000,0x00000000ecb80000)
 ParOldGen       total 68608K, used 8402K [0x00000000c0000000, 0x00000000c4300000, 0x00000000eab00000)
  object space 68608K, 12% used [0x00000000c0000000,0x00000000c08349e8,0x00000000c4300000)
 Metaspace       used 30322K, committed 30848K, reserved 1114112K
  class space    used 2929K, committed 3136K, reserved 1048576K
}
Event: 16.226 GC heap before
{Heap before GC invocations=9 (full 1):
 PSYoungGen      total 27136K, used 27123K [0x00000000eab00000, 0x00000000ecb80000, 0x0000000100000000)
  eden space 24064K, 100% used [0x00000000eab00000,0x00000000ec280000,0x00000000ec280000)
  from space 3072K, 99% used [0x00000000ec300000,0x00000000ec5fcc90,0x00000000ec600000)
  to   space 4608K, 0% used [0x00000000ec700000,0x00000000ec700000,0x00000000ecb80000)
 ParOldGen       total 68608K, used 8402K [0x00000000c0000000, 0x00000000c4300000, 0x00000000eab00000)
  object space 68608K, 12% used [0x00000000c0000000,0x00000000c08349e8,0x00000000c4300000)
 Metaspace       used 34170K, committed 34752K, reserved 1114112K
  class space    used 3405K, committed 3648K, reserved 1048576K
}
Event: 16.235 GC heap after
{Heap after GC invocations=9 (full 1):
 PSYoungGen      total 28160K, used 4184K [0x00000000eab00000, 0x00000000ecb80000, 0x0000000100000000)
  eden space 23552K, 0% used [0x00000000eab00000,0x00000000eab00000,0x00000000ec200000)
  from space 4608K, 90% used [0x00000000ec700000,0x00000000ecb16108,0x00000000ecb80000)
  to   space 4608K, 0% used [0x00000000ec280000,0x00000000ec280000,0x00000000ec700000)
 ParOldGen       total 68608K, used 8410K [0x00000000c0000000, 0x00000000c4300000, 0x00000000eab00000)
  object space 68608K, 12% used [0x00000000c0000000,0x00000000c08369e8,0x00000000c4300000)
 Metaspace       used 34170K, committed 34752K, reserved 1114112K
  class space    used 3405K, committed 3648K, reserved 1048576K
}
Event: 17.322 GC heap before
{Heap before GC invocations=10 (full 1):
 PSYoungGen      total 28160K, used 11457K [0x00000000eab00000, 0x00000000ecb80000, 0x0000000100000000)
  eden space 23552K, 30% used [0x00000000eab00000,0x00000000eb21a628,0x00000000ec200000)
  from space 4608K, 90% used [0x00000000ec700000,0x00000000ecb16108,0x00000000ecb80000)
  to   space 4608K, 0% used [0x00000000ec280000,0x00000000ec280000,0x00000000ec700000)
 ParOldGen       total 68608K, used 8410K [0x00000000c0000000, 0x00000000c4300000, 0x00000000eab00000)
  object space 68608K, 12% used [0x00000000c0000000,0x00000000c08369e8,0x00000000c4300000)
 Metaspace       used 35277K, committed 35840K, reserved 1114112K
  class space    used 3534K, committed 3776K, reserved 1048576K
}
Event: 17.330 GC heap after
{Heap after GC invocations=10 (full 1):
 PSYoungGen      total 27136K, used 3276K [0x00000000eab00000, 0x00000000eca00000, 0x0000000100000000)
  eden space 23552K, 0% used [0x00000000eab00000,0x00000000eab00000,0x00000000ec200000)
  from space 3584K, 91% used [0x00000000ec280000,0x00000000ec5b30f0,0x00000000ec600000)
  to   space 4096K, 0% used [0x00000000ec600000,0x00000000ec600000,0x00000000eca00000)
 ParOldGen       total 68608K, used 10034K [0x00000000c0000000, 0x00000000c4300000, 0x00000000eab00000)
  object space 68608K, 14% used [0x00000000c0000000,0x00000000c09cca58,0x00000000c4300000)
 Metaspace       used 35277K, committed 35840K, reserved 1114112K
  class space    used 3534K, committed 3776K, reserved 1048576K
}
Event: 17.330 GC heap before
{Heap before GC invocations=11 (full 2):
 PSYoungGen      total 27136K, used 3276K [0x00000000eab00000, 0x00000000eca00000, 0x0000000100000000)
  eden space 23552K, 0% used [0x00000000eab00000,0x00000000eab00000,0x00000000ec200000)
  from space 3584K, 91% used [0x00000000ec280000,0x00000000ec5b30f0,0x00000000ec600000)
  to   space 4096K, 0% used [0x00000000ec600000,0x00000000ec600000,0x00000000eca00000)
 ParOldGen       total 68608K, used 10034K [0x00000000c0000000, 0x00000000c4300000, 0x00000000eab00000)
  object space 68608K, 14% used [0x00000000c0000000,0x00000000c09cca58,0x00000000c4300000)
 Metaspace       used 35277K, committed 35840K, reserved 1114112K
  class space    used 3534K, committed 3776K, reserved 1048576K
}
Event: 17.396 GC heap after
{Heap after GC invocations=11 (full 2):
 PSYoungGen      total 27136K, used 0K [0x00000000eab00000, 0x00000000eca00000, 0x0000000100000000)
  eden space 23552K, 0% used [0x00000000eab00000,0x00000000eab00000,0x00000000ec200000)
  from space 3584K, 0% used [0x00000000ec280000,0x00000000ec280000,0x00000000ec600000)
  to   space 4096K, 0% used [0x00000000ec600000,0x00000000ec600000,0x00000000eca00000)
 ParOldGen       total 68608K, used 13116K [0x00000000c0000000, 0x00000000c4300000, 0x00000000eab00000)
  object space 68608K, 19% used [0x00000000c0000000,0x00000000c0ccf170,0x00000000c4300000)
 Metaspace       used 35277K, committed 35840K, reserved 1114112K
  class space    used 3534K, committed 3776K, reserved 1048576K
}
Event: 25.966 GC heap before
{Heap before GC invocations=12 (full 2):
 PSYoungGen      total 27136K, used 23552K [0x00000000eab00000, 0x00000000eca00000, 0x0000000100000000)
  eden space 23552K, 100% used [0x00000000eab00000,0x00000000ec200000,0x00000000ec200000)
  from space 3584K, 0% used [0x00000000ec280000,0x00000000ec280000,0x00000000ec600000)
  to   space 4096K, 0% used [0x00000000ec600000,0x00000000ec600000,0x00000000eca00000)
 ParOldGen       total 68608K, used 13116K [0x00000000c0000000, 0x00000000c4300000, 0x00000000eab00000)
  object space 68608K, 19% used [0x00000000c0000000,0x00000000c0ccf170,0x00000000c4300000)
 Metaspace       used 38265K, committed 39040K, reserved 1114112K
  class space    used 3864K, committed 4224K, reserved 1048576K
}
Event: 25.970 GC heap after
{Heap after GC invocations=12 (full 2):
 PSYoungGen      total 25088K, used 1902K [0x00000000eab00000, 0x00000000ec800000, 0x0000000100000000)
  eden space 23040K, 0% used [0x00000000eab00000,0x00000000eab00000,0x00000000ec180000)
  from space 2048K, 92% used [0x00000000ec600000,0x00000000ec7dbbe8,0x00000000ec800000)
  to   space 2560K, 0% used [0x00000000ec300000,0x00000000ec300000,0x00000000ec580000)
 ParOldGen       total 68608K, used 13124K [0x00000000c0000000, 0x00000000c4300000, 0x00000000eab00000)
  object space 68608K, 19% used [0x00000000c0000000,0x00000000c0cd1170,0x00000000c4300000)
 Metaspace       used 38265K, committed 39040K, reserved 1114112K
  class space    used 3864K, committed 4224K, reserved 1048576K
}
Event: 26.831 GC heap before
{Heap before GC invocations=13 (full 2):
 PSYoungGen      total 25088K, used 24942K [0x00000000eab00000, 0x00000000ec800000, 0x0000000100000000)
  eden space 23040K, 100% used [0x00000000eab00000,0x00000000ec180000,0x00000000ec180000)
  from space 2048K, 92% used [0x00000000ec600000,0x00000000ec7dbbe8,0x00000000ec800000)
  to   space 2560K, 0% used [0x00000000ec300000,0x00000000ec300000,0x00000000ec580000)
 ParOldGen       total 68608K, used 13124K [0x00000000c0000000, 0x00000000c4300000, 0x00000000eab00000)
  object space 68608K, 19% used [0x00000000c0000000,0x00000000c0cd1170,0x00000000c4300000)
 Metaspace       used 38335K, committed 39104K, reserved 1114112K
  class space    used 3869K, committed 4224K, reserved 1048576K
}
Event: 26.839 GC heap after
{Heap after GC invocations=13 (full 2):
 PSYoungGen      total 24576K, used 2033K [0x00000000eab00000, 0x00000000ec680000, 0x0000000100000000)
  eden space 22528K, 0% used [0x00000000eab00000,0x00000000eab00000,0x00000000ec100000)
  from space 2048K, 99% used [0x00000000ec300000,0x00000000ec4fc410,0x00000000ec500000)
  to   space 1536K, 0% used [0x00000000ec500000,0x00000000ec500000,0x00000000ec680000)
 ParOldGen       total 68608K, used 14925K [0x00000000c0000000, 0x00000000c4300000, 0x00000000eab00000)
  object space 68608K, 21% used [0x00000000c0000000,0x00000000c0e93658,0x00000000c4300000)
 Metaspace       used 38335K, committed 39104K, reserved 1114112K
  class space    used 3869K, committed 4224K, reserved 1048576K
}
Event: 27.739 GC heap before
{Heap before GC invocations=14 (full 2):
 PSYoungGen      total 24576K, used 24561K [0x00000000eab00000, 0x00000000ec680000, 0x0000000100000000)
  eden space 22528K, 100% used [0x00000000eab00000,0x00000000ec100000,0x00000000ec100000)
  from space 2048K, 99% used [0x00000000ec300000,0x00000000ec4fc410,0x00000000ec500000)
  to   space 1536K, 0% used [0x00000000ec500000,0x00000000ec500000,0x00000000ec680000)
 ParOldGen       total 68608K, used 14925K [0x00000000c0000000, 0x00000000c4300000, 0x00000000eab00000)
  object space 68608K, 21% used [0x00000000c0000000,0x00000000c0e93658,0x00000000c4300000)
 Metaspace       used 38402K, committed 39168K, reserved 1114112K
  class space    used 3872K, committed 4224K, reserved 1048576K
}
Event: 27.751 GC heap after
{Heap after GC invocations=14 (full 2):
 PSYoungGen      total 23552K, used 1506K [0x00000000eab00000, 0x00000000ec980000, 0x0000000100000000)
  eden space 22016K, 0% used [0x00000000eab00000,0x00000000eab00000,0x00000000ec080000)
  from space 1536K, 98% used [0x00000000ec500000,0x00000000ec678800,0x00000000ec680000)
  to   space 4608K, 0% used [0x00000000ec080000,0x00000000ec080000,0x00000000ec500000)
 ParOldGen       total 68608K, used 17285K [0x00000000c0000000, 0x00000000c4300000, 0x00000000eab00000)
  object space 68608K, 25% used [0x00000000c0000000,0x00000000c10e1668,0x00000000c4300000)
 Metaspace       used 38402K, committed 39168K, reserved 1114112K
  class space    used 3872K, committed 4224K, reserved 1048576K
}
Event: 29.431 GC heap before
{Heap before GC invocations=15 (full 2):
 PSYoungGen      total 23552K, used 23522K [0x00000000eab00000, 0x00000000ec980000, 0x0000000100000000)
  eden space 22016K, 100% used [0x00000000eab00000,0x00000000ec080000,0x00000000ec080000)
  from space 1536K, 98% used [0x00000000ec500000,0x00000000ec678800,0x00000000ec680000)
  to   space 4608K, 0% used [0x00000000ec080000,0x00000000ec080000,0x00000000ec500000)
 ParOldGen       total 68608K, used 17285K [0x00000000c0000000, 0x00000000c4300000, 0x00000000eab00000)
  object space 68608K, 25% used [0x00000000c0000000,0x00000000c10e1668,0x00000000c4300000)
 Metaspace       used 40444K, committed 41216K, reserved 1114112K
  class space    used 4133K, committed 4480K, reserved 1048576K
}
Event: 29.438 GC heap after
{Heap after GC invocations=15 (full 2):
 PSYoungGen      total 23552K, used 1415K [0x00000000eab00000, 0x00000000ec580000, 0x0000000100000000)
  eden space 22016K, 0% used [0x00000000eab00000,0x00000000eab00000,0x00000000ec080000)
  from space 1536K, 92% used [0x00000000ec080000,0x00000000ec1e1c20,0x00000000ec200000)
  to   space 2560K, 0% used [0x00000000ec300000,0x00000000ec300000,0x00000000ec580000)
 ParOldGen       total 68608K, used 18807K [0x00000000c0000000, 0x00000000c4300000, 0x00000000eab00000)
  object space 68608K, 27% used [0x00000000c0000000,0x00000000c125de68,0x00000000c4300000)
 Metaspace       used 40444K, committed 41216K, reserved 1114112K
  class space    used 4133K, committed 4480K, reserved 1048576K
}
Event: 30.470 GC heap before
{Heap before GC invocations=16 (full 2):
 PSYoungGen      total 23552K, used 23431K [0x00000000eab00000, 0x00000000ec580000, 0x0000000100000000)
  eden space 22016K, 100% used [0x00000000eab00000,0x00000000ec080000,0x00000000ec080000)
  from space 1536K, 92% used [0x00000000ec080000,0x00000000ec1e1c20,0x00000000ec200000)
  to   space 2560K, 0% used [0x00000000ec300000,0x00000000ec300000,0x00000000ec580000)
 ParOldGen       total 68608K, used 18807K [0x00000000c0000000, 0x00000000c4300000, 0x00000000eab00000)
  object space 68608K, 27% used [0x00000000c0000000,0x00000000c125de68,0x00000000c4300000)
 Metaspace       used 40639K, committed 41408K, reserved 1114112K
  class space    used 4145K, committed 4480K, reserved 1048576K
}
Event: 30.473 GC heap after
{Heap after GC invocations=16 (full 2):
 PSYoungGen      total 23040K, used 786K [0x00000000eab00000, 0x00000000ec400000, 0x0000000100000000)
  eden space 22016K, 0% used [0x00000000eab00000,0x00000000eab00000,0x00000000ec080000)
  from space 1024K, 76% used [0x00000000ec300000,0x00000000ec3c4938,0x00000000ec400000)
  to   space 1536K, 0% used [0x00000000ec100000,0x00000000ec100000,0x00000000ec280000)
 ParOldGen       total 68608K, used 20134K [0x00000000c0000000, 0x00000000c4300000, 0x00000000eab00000)
  object space 68608K, 29% used [0x00000000c0000000,0x00000000c13a9ab0,0x00000000c4300000)
 Metaspace       used 40639K, committed 41408K, reserved 1114112K
  class space    used 4145K, committed 4480K, reserved 1048576K
}
Event: 32.653 GC heap before
{Heap before GC invocations=17 (full 2):
 PSYoungGen      total 23040K, used 22802K [0x00000000eab00000, 0x00000000ec400000, 0x0000000100000000)
  eden space 22016K, 100% used [0x00000000eab00000,0x00000000ec080000,0x00000000ec080000)
  from space 1024K, 76% used [0x00000000ec300000,0x00000000ec3c4938,0x00000000ec400000)
  to   space 1536K, 0% used [0x00000000ec100000,0x00000000ec100000,0x00000000ec280000)
 ParOldGen       total 68608K, used 20134K [0x00000000c0000000, 0x00000000c4300000, 0x00000000eab00000)
  object space 68608K, 29% used [0x00000000c0000000,0x00000000c13a9ab0,0x00000000c4300000)
 Metaspace       used 42169K, committed 42944K, reserved 1114112K
  class space    used 4281K, committed 4608K, reserved 1048576K
}
Event: 32.655 GC heap after
{Heap after GC invocations=17 (full 2):
 PSYoungGen      total 23552K, used 192K [0x00000000eab00000, 0x00000000ec380000, 0x0000000100000000)
  eden space 22016K, 0% used [0x00000000eab00000,0x00000000eab00000,0x00000000ec080000)
  from space 1536K, 12% used [0x00000000ec100000,0x00000000ec130000,0x00000000ec280000)
  to   space 512K, 0% used [0x00000000ec300000,0x00000000ec300000,0x00000000ec380000)
 ParOldGen       total 68608K, used 20182K [0x00000000c0000000, 0x00000000c4300000, 0x00000000eab00000)
  object space 68608K, 29% used [0x00000000c0000000,0x00000000c13b5ab0,0x00000000c4300000)
 Metaspace       used 42169K, committed 42944K, reserved 1114112K
  class space    used 4281K, committed 4608K, reserved 1048576K
}

Dll operation events (10 events):
Event: 0.093 Loaded shared library c:\Users\user\.vscode\extensions\redhat.java-1.35.0-win32-x64\jre\17.0.12-win32-x86_64\bin\java.dll
Event: 0.766 Loaded shared library c:\Users\user\.vscode\extensions\redhat.java-1.35.0-win32-x64\jre\17.0.12-win32-x86_64\bin\zip.dll
Event: 0.776 Loaded shared library C:\Users\user\.vscode\extensions\redhat.java-1.35.0-win32-x64\jre\17.0.12-win32-x86_64\bin\instrument.dll
Event: 0.803 Loaded shared library C:\Users\user\.vscode\extensions\redhat.java-1.35.0-win32-x64\jre\17.0.12-win32-x86_64\bin\net.dll
Event: 0.808 Loaded shared library C:\Users\user\.vscode\extensions\redhat.java-1.35.0-win32-x64\jre\17.0.12-win32-x86_64\bin\nio.dll
Event: 0.821 Loaded shared library C:\Users\user\.vscode\extensions\redhat.java-1.35.0-win32-x64\jre\17.0.12-win32-x86_64\bin\zip.dll
Event: 0.864 Loaded shared library C:\Users\user\.vscode\extensions\redhat.java-1.35.0-win32-x64\jre\17.0.12-win32-x86_64\bin\jimage.dll
Event: 0.995 Loaded shared library c:\Users\user\.vscode\extensions\redhat.java-1.35.0-win32-x64\jre\17.0.12-win32-x86_64\bin\verify.dll
Event: 3.703 Loaded shared library C:\Users\user\AppData\Roaming\Code\User\globalStorage\redhat.java\1.35.0\config_ss_win\org.eclipse.equinox.launcher\org.eclipse.equinox.launcher.win32.win32.x86_64_1.2.1100.v20240722-2106\eclipse_11904.dll
Event: 9.530 Loaded shared library C:\Users\user\AppData\Local\Temp\jna-3599307\jna14877896095180114772.dll

Deoptimization events (20 events):
Event: 29.729 Thread 0x000001bbb4e86780 Uncommon trap: trap_request=0xffffffde fr.pc=0x000001bba4beaff4 relative=0x0000000000009454
Event: 29.729 Thread 0x000001bbb4e86780 Uncommon trap: reason=class_check action=maybe_recompile pc=0x000001bba4beaff4 method=lombok.patcher.PatchScript$MethodPatcher.visitMethod(ILjava/lang/String;Ljava/lang/String;Ljava/lang/String;[Ljava/lang/String;)Lorg/lombokweb/asm/MethodVisitor; @ 101 c
Event: 29.729 Thread 0x000001bbb4e86780 DEOPT PACKING pc=0x000001bba4beaff4 sp=0x00000093d15f86e0
Event: 29.729 Thread 0x000001bbb4e86780 DEOPT UNPACKING pc=0x000001bba458669d sp=0x00000093d15f86a8 mode 2
Event: 29.729 Thread 0x000001bbb4e86780 Uncommon trap: trap_request=0xffffffde fr.pc=0x000001bba4beaff4 relative=0x0000000000009454
Event: 29.729 Thread 0x000001bbb4e86780 Uncommon trap: reason=class_check action=maybe_recompile pc=0x000001bba4beaff4 method=lombok.patcher.PatchScript$MethodPatcher.visitMethod(ILjava/lang/String;Ljava/lang/String;Ljava/lang/String;[Ljava/lang/String;)Lorg/lombokweb/asm/MethodVisitor; @ 101 c
Event: 29.729 Thread 0x000001bbb4e86780 DEOPT PACKING pc=0x000001bba4beaff4 sp=0x00000093d15f86e0
Event: 29.729 Thread 0x000001bbb4e86780 DEOPT UNPACKING pc=0x000001bba458669d sp=0x00000093d15f86a8 mode 2
Event: 31.814 Thread 0x000001bbb4e86780 DEOPT PACKING pc=0x000001bb9d4e9145 sp=0x00000093d15f90d0
Event: 31.814 Thread 0x000001bbb4e86780 DEOPT UNPACKING pc=0x000001bba4586e24 sp=0x00000093d15f8580 mode 0
Event: 31.961 Thread 0x000001bbb4e86780 DEOPT PACKING pc=0x000001bb9d077389 sp=0x00000093d15f8e20
Event: 31.961 Thread 0x000001bbb4e86780 DEOPT UNPACKING pc=0x000001bba4586e24 sp=0x00000093d15f8318 mode 0
Event: 32.295 Thread 0x000001bbb4e86780 DEOPT PACKING pc=0x000001bb9d4e9145 sp=0x00000093d15fc8b0
Event: 32.295 Thread 0x000001bbb4e86780 DEOPT UNPACKING pc=0x000001bba4586e24 sp=0x00000093d15fbd60 mode 0
Event: 32.306 Thread 0x000001bbb4e86780 DEOPT PACKING pc=0x000001bb9d4e9145 sp=0x00000093d15fbc80
Event: 32.306 Thread 0x000001bbb4e86780 DEOPT UNPACKING pc=0x000001bba4586e24 sp=0x00000093d15fb130 mode 0
Event: 32.315 Thread 0x000001bbb4e86780 DEOPT PACKING pc=0x000001bb9d4e9145 sp=0x00000093d15f8590
Event: 32.315 Thread 0x000001bbb4e86780 DEOPT UNPACKING pc=0x000001bba4586e24 sp=0x00000093d15f7a40 mode 0
Event: 32.522 Thread 0x000001bbb4e86780 DEOPT PACKING pc=0x000001bb9d077389 sp=0x00000093d15f83f0
Event: 32.522 Thread 0x000001bbb4e86780 DEOPT UNPACKING pc=0x000001bba4586e24 sp=0x00000093d15f78e8 mode 0

Classes loaded (20 events):
Event: 28.122 Loading class sun/nio/cs/ThreadLocalCoders$1
Event: 28.122 Loading class sun/nio/cs/ThreadLocalCoders$Cache
Event: 28.123 Loading class sun/nio/cs/ThreadLocalCoders$Cache done
Event: 28.123 Loading class sun/nio/cs/ThreadLocalCoders$1 done
Event: 28.123 Loading class sun/nio/cs/ThreadLocalCoders$2
Event: 28.123 Loading class sun/nio/cs/ThreadLocalCoders$2 done
Event: 28.389 Loading class java/lang/ExceptionInInitializerError
Event: 28.389 Loading class java/lang/ExceptionInInitializerError done
Event: 29.211 Loading class java/util/function/ToIntFunction
Event: 29.211 Loading class java/util/function/ToIntFunction done
Event: 29.213 Loading class java/util/stream/ReferencePipeline$4
Event: 29.213 Loading class java/util/stream/ReferencePipeline$4 done
Event: 29.214 Loading class java/util/stream/Nodes$IntFixedNodeBuilder
Event: 29.215 Loading class java/util/stream/Node$Builder$OfInt
Event: 29.215 Loading class java/util/stream/Node$Builder$OfInt done
Event: 29.215 Loading class java/util/stream/Nodes$IntArrayNode
Event: 29.216 Loading class java/util/stream/Nodes$IntArrayNode done
Event: 29.216 Loading class java/util/stream/Nodes$IntFixedNodeBuilder done
Event: 29.216 Loading class java/util/stream/ReferencePipeline$4$1
Event: 29.217 Loading class java/util/stream/ReferencePipeline$4$1 done

Classes unloaded (7 events):
Event: 8.510 Thread 0x000001bb9a3eacd0 Unloading class 0x000000010021a400 'java/lang/invoke/LambdaForm$MH+0x000000010021a400'
Event: 8.510 Thread 0x000001bb9a3eacd0 Unloading class 0x000000010021a000 'java/lang/invoke/LambdaForm$MH+0x000000010021a000'
Event: 8.510 Thread 0x000001bb9a3eacd0 Unloading class 0x0000000100219c00 'java/lang/invoke/LambdaForm$MH+0x0000000100219c00'
Event: 8.510 Thread 0x000001bb9a3eacd0 Unloading class 0x0000000100219800 'java/lang/invoke/LambdaForm$MH+0x0000000100219800'
Event: 8.510 Thread 0x000001bb9a3eacd0 Unloading class 0x0000000100219400 'java/lang/invoke/LambdaForm$BMH+0x0000000100219400'
Event: 8.510 Thread 0x000001bb9a3eacd0 Unloading class 0x0000000100219000 'java/lang/invoke/LambdaForm$DMH+0x0000000100219000'
Event: 8.510 Thread 0x000001bb9a3eacd0 Unloading class 0x0000000100214400 'java/lang/invoke/LambdaForm$DMH+0x0000000100214400'

Classes redefined (0 events):
No events

Internal exceptions (20 events):
Event: 18.373 Thread 0x000001bbb392cbb0 Exception <a 'java/lang/NoSuchMethodError'{0x00000000eb317e58}: 'java.lang.Object java.lang.invoke.DirectMethodHandle$Holder.newInvokeSpecial(java.lang.Object, java.lang.Object, java.lang.Object, java.lang.Object, java.lang.Object, java.lang.Object)'> (0x00000000eb317e58) 
thrown [s\src\hotspot\share\interpreter\linkResolver.cpp, line 759]
Event: 24.275 Thread 0x000001bbb4e86780 Exception <a 'java/lang/NoSuchMethodError'{0x00000000eb4bb938}: 'java.lang.Object java.lang.invoke.DirectMethodHandle$Holder.invokeInterface(java.lang.Object, java.lang.Object, java.lang.Object)'> (0x00000000eb4bb938) 
thrown [s\src\hotspot\share\interpreter\linkResolver.cpp, line 759]
Event: 24.332 Thread 0x000001bbb4e86780 Exception <a 'java/io/FileNotFoundException'{0x00000000eb534a50}> (0x00000000eb534a50) 
thrown [s\src\hotspot\share\prims\jni.cpp, line 516]
Event: 24.333 Thread 0x000001bbb4e86780 Exception <a 'java/io/FileNotFoundException'{0x00000000eb535f38}> (0x00000000eb535f38) 
thrown [s\src\hotspot\share\prims\jni.cpp, line 516]
Event: 24.337 Thread 0x000001bbb4e86780 Exception <a 'java/lang/NoSuchMethodError'{0x00000000eb544eb8}: 'java.lang.Object java.lang.invoke.DirectMethodHandle$Holder.newInvokeSpecial(java.lang.Object, java.lang.Object, java.lang.Object, int)'> (0x00000000eb544eb8) 
thrown [s\src\hotspot\share\interpreter\linkResolver.cpp, line 759]
Event: 24.339 Thread 0x000001bbb4e86780 Exception <a 'java/lang/NoSuchMethodError'{0x00000000eb548fc0}: 'java.lang.Object java.lang.invoke.DirectMethodHandle$Holder.invokeSpecial(java.lang.Object, java.lang.Object, java.lang.Object, java.lang.Object, int)'> (0x00000000eb548fc0) 
thrown [s\src\hotspot\share\interpreter\linkResolver.cpp, line 759]
Event: 24.340 Thread 0x000001bbb4e86780 Exception <a 'java/lang/NoSuchMethodError'{0x00000000eb54c6c8}: 'java.lang.Object java.lang.invoke.Invokers$Holder.linkToTargetMethod(java.lang.Object, java.lang.Object, int, java.lang.Object)'> (0x00000000eb54c6c8) 
thrown [s\src\hotspot\share\interpreter\linkResolver.cpp, line 759]
Event: 24.360 Thread 0x000001bbb4e86780 Exception <a 'java/lang/NoSuchMethodError'{0x00000000eb558548}: 'void java.lang.invoke.DirectMethodHandle$Holder.invokeStaticInit(java.lang.Object, java.lang.Object, java.lang.Object)'> (0x00000000eb558548) 
thrown [s\src\hotspot\share\interpreter\linkResolver.cpp, line 759]
Event: 24.661 Thread 0x000001bbb4e86780 Exception <a 'java/lang/NoSuchMethodError'{0x00000000eb824c58}: 'java.lang.Object java.lang.invoke.Invokers$Holder.invoke_MT(java.lang.Object, java.lang.Object, java.lang.Object)'> (0x00000000eb824c58) 
thrown [s\src\hotspot\share\interpreter\linkResolver.cpp, line 759]
Event: 25.292 Thread 0x000001bbb4e86780 Exception <a 'java/lang/NoSuchMethodError'{0x00000000ebdcfe18}: 'java.lang.Object java.lang.invoke.DirectMethodHandle$Holder.invokeStaticInit(java.lang.Object, java.lang.Object, java.lang.Object, java.lang.Object, java.lang.Object, java.lang.Object, java.lang.Object)'> (0x00000000ebdcfe18) 
thrown [s\src\hotspot\share\interpreter\linkResolver.cpp, line 759]
Event: 25.294 Thread 0x000001bbb4e86780 Exception <a 'java/lang/NoSuchMethodError'{0x00000000ebdd9368}: 'java.lang.Object java.lang.invoke.DirectMethodHandle$Holder.invokeSpecial(java.lang.Object, java.lang.Object, java.lang.Object, java.lang.Object, java.lang.Object, java.lang.Object, java.lang.Object, java.lang.Object, java.lang.Object, java.lang.Object)'> (0x00000000ebdd9368) 
thrown [s\src\hotspot\share\interpreter\linkResolver.cpp, line 759]
Event: 25.295 Thread 0x000001bbb4e86780 Exception <a 'java/lang/NoSuchMethodError'{0x00000000ebdddbf8}: 'java.lang.Object java.lang.invoke.Invokers$Holder.invoke_MT(java.lang.Object, java.lang.Object, java.lang.Object, java.lang.Object, java.lang.Object, java.lang.Object, java.lang.Object, java.lang.Object, java.lang.Object, java.lang.Object)'> (0x00000000ebdddbf8) 
thrown [s\src\hotspot\share\interpreter\linkResolver.cpp, line 759]
Event: 25.313 Thread 0x000001bbb4e86780 Exception <a 'java/lang/NoSuchMethodError'{0x00000000ebe25368}: 'int java.lang.invoke.DirectMethodHandle$Holder.invokeVirtual(java.lang.Object, java.lang.Object, java.lang.Object)'> (0x00000000ebe25368) 
thrown [s\src\hotspot\share\interpreter\linkResolver.cpp, line 759]
Event: 25.314 Thread 0x000001bbb4e86780 Exception <a 'java/lang/NoSuchMethodError'{0x00000000ebe28ec8}: 'int java.lang.invoke.DirectMethodHandle$Holder.invokeVirtual(java.lang.Object, java.lang.Object)'> (0x00000000ebe28ec8) 
thrown [s\src\hotspot\share\interpreter\linkResolver.cpp, line 759]
Event: 25.316 Thread 0x000001bbb4e86780 Exception <a 'java/lang/NoSuchMethodError'{0x00000000ebe2d438}: 'int java.lang.invoke.DirectMethodHandle$Holder.invokeStaticInit(java.lang.Object, int, int)'> (0x00000000ebe2d438) 
thrown [s\src\hotspot\share\interpreter\linkResolver.cpp, line 759]
Event: 25.318 Thread 0x000001bbb4e86780 Exception <a 'java/lang/NoSuchMethodError'{0x00000000ebe35178}: 'int java.lang.invoke.DirectMethodHandle$Holder.invokeStaticInit(java.lang.Object, long, long)'> (0x00000000ebe35178) 
thrown [s\src\hotspot\share\interpreter\linkResolver.cpp, line 759]
Event: 25.383 Thread 0x000001bbb4e86780 Exception <a 'java/lang/NoSuchMethodError'{0x00000000ebe3c4d8}: 'int java.lang.invoke.DirectMethodHandle$Holder.invokeStaticInit(java.lang.Object, float, float)'> (0x00000000ebe3c4d8) 
thrown [s\src\hotspot\share\interpreter\linkResolver.cpp, line 759]
Event: 25.398 Thread 0x000001bbb4e86780 Exception <a 'java/lang/NoSuchMethodError'{0x00000000ebe435d8}: 'int java.lang.invoke.DirectMethodHandle$Holder.invokeStaticInit(java.lang.Object, double, double)'> (0x00000000ebe435d8) 
thrown [s\src\hotspot\share\interpreter\linkResolver.cpp, line 759]
Event: 25.401 Thread 0x000001bbb4e86780 Exception <a 'java/lang/NoSuchMethodError'{0x00000000ebe48360}: 'int java.lang.invoke.DirectMethodHandle$Holder.invokeStatic(java.lang.Object, long)'> (0x00000000ebe48360) 
thrown [s\src\hotspot\share\interpreter\linkResolver.cpp, line 759]
Event: 25.430 Thread 0x000001bbb4e86780 Exception <a 'java/lang/NoSuchMethodError'{0x00000000ebe707e8}: 'int java.lang.invoke.Invokers$Holder.linkToTargetMethod(java.lang.Object, java.lang.Object)'> (0x00000000ebe707e8) 
thrown [s\src\hotspot\share\interpreter\linkResolver.cpp, line 759]

VM Operations (20 events):
Event: 26.831 Executing VM operation: ParallelGCFailedAllocation
Event: 26.839 Executing VM operation: ParallelGCFailedAllocation done
Event: 27.739 Executing VM operation: ParallelGCFailedAllocation
Event: 27.751 Executing VM operation: ParallelGCFailedAllocation done
Event: 28.761 Executing VM operation: Cleanup
Event: 28.761 Executing VM operation: Cleanup done
Event: 29.053 Executing VM operation: HandshakeAllThreads
Event: 29.053 Executing VM operation: HandshakeAllThreads done
Event: 29.430 Executing VM operation: ParallelGCFailedAllocation
Event: 29.438 Executing VM operation: ParallelGCFailedAllocation done
Event: 30.451 Executing VM operation: Cleanup
Event: 30.467 Executing VM operation: Cleanup done
Event: 30.470 Executing VM operation: ParallelGCFailedAllocation
Event: 30.473 Executing VM operation: ParallelGCFailedAllocation done
Event: 31.475 Executing VM operation: Cleanup
Event: 31.530 Executing VM operation: Cleanup done
Event: 32.543 Executing VM operation: Cleanup
Event: 32.543 Executing VM operation: Cleanup done
Event: 32.653 Executing VM operation: ParallelGCFailedAllocation
Event: 32.655 Executing VM operation: ParallelGCFailedAllocation done

Events (20 events):
Event: 14.718 Thread 0x000001bbb47fe630 Thread added: 0x000001bbb47fe630
Event: 14.866 Thread 0x000001bbb47fe630 Thread exited: 0x000001bbb47fe630
Event: 14.957 Thread 0x000001bbb392d5d0 Thread exited: 0x000001bbb392d5d0
Event: 15.129 Thread 0x000001bbb392d5d0 Thread added: 0x000001bbb392d5d0
Event: 15.133 Thread 0x000001bbb392dae0 Thread added: 0x000001bbb392dae0
Event: 15.133 Thread 0x000001bbb4e86270 Thread added: 0x000001bbb4e86270
Event: 15.134 Thread 0x000001bbb4e8bd90 Thread added: 0x000001bbb4e8bd90
Event: 15.134 Thread 0x000001bbb4e880d0 Thread added: 0x000001bbb4e880d0
Event: 15.169 Thread 0x000001bbb4e86c90 Thread added: 0x000001bbb4e86c90
Event: 15.744 Thread 0x000001bbb6a60ee0 Thread added: 0x000001bbb6a60ee0
Event: 15.987 Thread 0x000001bbb6a60ee0 Thread exited: 0x000001bbb6a60ee0
Event: 16.184 Thread 0x000001bbb4e8a440 Thread added: 0x000001bbb4e8a440
Event: 16.185 Thread 0x000001bbb4e86780 Thread added: 0x000001bbb4e86780
Event: 18.447 Thread 0x000001bbb4e89000 Thread added: 0x000001bbb4e89000
Event: 26.217 Thread 0x000001bbb3edafd0 Thread added: 0x000001bbb3edafd0
Event: 26.808 Thread 0x000001bbb3edafd0 Thread exited: 0x000001bbb3edafd0
Event: 26.865 Thread 0x000001bbb3edb4c0 Thread added: 0x000001bbb3edb4c0
Event: 28.812 Thread 0x000001bbb3edb4c0 Thread exited: 0x000001bbb3edb4c0
Event: 29.599 Thread 0x000001bbb4af93f0 Thread added: 0x000001bbb4af93f0
Event: 32.739 Thread 0x000001bbb4af93f0 Thread exited: 0x000001bbb4af93f0


Dynamic libraries:
0x00007ff753c00000 - 0x00007ff753c0e000 	c:\Users\user\.vscode\extensions\redhat.java-1.35.0-win32-x64\jre\17.0.12-win32-x86_64\bin\java.exe
0x00007ffd07050000 - 0x00007ffd07248000 	C:\WINDOWS\SYSTEM32\ntdll.dll
0x00007ffd066a0000 - 0x00007ffd06761000 	C:\WINDOWS\System32\KERNEL32.DLL
0x00007ffd049b0000 - 0x00007ffd04cad000 	C:\WINDOWS\System32\KERNELBASE.dll
0x00007ffd04db0000 - 0x00007ffd04eb0000 	C:\WINDOWS\System32\ucrtbase.dll
0x00007ffcfc560000 - 0x00007ffcfc577000 	c:\Users\user\.vscode\extensions\redhat.java-1.35.0-win32-x64\jre\17.0.12-win32-x86_64\bin\jli.dll
0x00007ffd061b0000 - 0x00007ffd0634d000 	C:\WINDOWS\System32\USER32.dll
0x00007ffd04700000 - 0x00007ffd04722000 	C:\WINDOWS\System32\win32u.dll
0x00007ffd06430000 - 0x00007ffd0645b000 	C:\WINDOWS\System32\GDI32.dll
0x00007ffd04890000 - 0x00007ffd049a7000 	C:\WINDOWS\System32\gdi32full.dll
0x00007ffd04f40000 - 0x00007ffd04fdd000 	C:\WINDOWS\System32\msvcp_win.dll
0x00007ffcfb3f0000 - 0x00007ffcfb40b000 	c:\Users\user\.vscode\extensions\redhat.java-1.35.0-win32-x64\jre\17.0.12-win32-x86_64\bin\VCRUNTIME140.dll
0x00007ffcf5640000 - 0x00007ffcf58da000 	C:\WINDOWS\WinSxS\amd64_microsoft.windows.common-controls_6595b64144ccf1df_6.0.19041.4355_none_60b8b9eb71f62e16\COMCTL32.dll
0x00007ffd06b00000 - 0x00007ffd06b9e000 	C:\WINDOWS\System32\msvcrt.dll
0x00007ffd06770000 - 0x00007ffd0679f000 	C:\WINDOWS\System32\IMM32.DLL
0x00007ffcfb3e0000 - 0x00007ffcfb3ec000 	c:\Users\user\.vscode\extensions\redhat.java-1.35.0-win32-x64\jre\17.0.12-win32-x86_64\bin\vcruntime140_1.dll
0x00007ffce4fa0000 - 0x00007ffce502d000 	c:\Users\user\.vscode\extensions\redhat.java-1.35.0-win32-x64\jre\17.0.12-win32-x86_64\bin\msvcp140.dll
0x00007ffcc71c0000 - 0x00007ffcc7e2a000 	c:\Users\user\.vscode\extensions\redhat.java-1.35.0-win32-x64\jre\17.0.12-win32-x86_64\bin\server\jvm.dll
0x00007ffd05a80000 - 0x00007ffd05b30000 	C:\WINDOWS\System32\ADVAPI32.dll
0x00007ffd05f40000 - 0x00007ffd05fe0000 	C:\WINDOWS\System32\sechost.dll
0x00007ffd064e0000 - 0x00007ffd06603000 	C:\WINDOWS\System32\RPCRT4.dll
0x00007ffd05050000 - 0x00007ffd05077000 	C:\WINDOWS\System32\bcrypt.dll
0x00007ffd05a10000 - 0x00007ffd05a7b000 	C:\WINDOWS\System32\WS2_32.dll
0x00007ffd03c00000 - 0x00007ffd03c4b000 	C:\WINDOWS\SYSTEM32\POWRPROF.dll
0x00007ffcf7120000 - 0x00007ffcf7147000 	C:\WINDOWS\SYSTEM32\WINMM.dll
0x00007ffcf4920000 - 0x00007ffcf492a000 	C:\WINDOWS\SYSTEM32\VERSION.dll
0x00007ffd03ac0000 - 0x00007ffd03ad2000 	C:\WINDOWS\SYSTEM32\UMPDC.dll
0x00007ffd02540000 - 0x00007ffd02552000 	C:\WINDOWS\SYSTEM32\kernel.appcore.dll
0x00007ffcfb3c0000 - 0x00007ffcfb3ca000 	c:\Users\user\.vscode\extensions\redhat.java-1.35.0-win32-x64\jre\17.0.12-win32-x86_64\bin\jimage.dll
0x00007ffcec670000 - 0x00007ffcec854000 	C:\WINDOWS\SYSTEM32\DBGHELP.DLL
0x00007ffcec630000 - 0x00007ffcec664000 	C:\WINDOWS\SYSTEM32\dbgcore.DLL
0x00007ffd04eb0000 - 0x00007ffd04f32000 	C:\WINDOWS\System32\bcryptPrimitives.dll
0x00007ffcfb3b0000 - 0x00007ffcfb3be000 	c:\Users\user\.vscode\extensions\redhat.java-1.35.0-win32-x64\jre\17.0.12-win32-x86_64\bin\instrument.dll
0x00007ffcef940000 - 0x00007ffcef965000 	c:\Users\user\.vscode\extensions\redhat.java-1.35.0-win32-x64\jre\17.0.12-win32-x86_64\bin\java.dll
0x00007ffcfb1a0000 - 0x00007ffcfb1b8000 	c:\Users\user\.vscode\extensions\redhat.java-1.35.0-win32-x64\jre\17.0.12-win32-x86_64\bin\zip.dll
0x00007ffd050f0000 - 0x00007ffd0585f000 	C:\WINDOWS\System32\SHELL32.dll
0x00007ffd02740000 - 0x00007ffd02ee3000 	C:\WINDOWS\SYSTEM32\windows.storage.dll
0x00007ffd05b30000 - 0x00007ffd05e83000 	C:\WINDOWS\System32\combase.dll
0x00007ffd04050000 - 0x00007ffd0407e000 	C:\WINDOWS\SYSTEM32\Wldp.dll
0x00007ffd060e0000 - 0x00007ffd061ad000 	C:\WINDOWS\System32\OLEAUT32.dll
0x00007ffd05e90000 - 0x00007ffd05f3d000 	C:\WINDOWS\System32\SHCORE.dll
0x00007ffd05090000 - 0x00007ffd050e5000 	C:\WINDOWS\System32\shlwapi.dll
0x00007ffd04630000 - 0x00007ffd04654000 	C:\WINDOWS\SYSTEM32\profapi.dll
0x00007ffcefa90000 - 0x00007ffcefaa9000 	C:\Users\user\.vscode\extensions\redhat.java-1.35.0-win32-x64\jre\17.0.12-win32-x86_64\bin\net.dll
0x00007ffcfb5c0000 - 0x00007ffcfb6cd000 	C:\WINDOWS\SYSTEM32\WINHTTP.dll
0x00007ffd03e30000 - 0x00007ffd03e9a000 	C:\WINDOWS\system32\mswsock.dll
0x00007ffcefa60000 - 0x00007ffcefa76000 	C:\Users\user\.vscode\extensions\redhat.java-1.35.0-win32-x64\jre\17.0.12-win32-x86_64\bin\nio.dll
0x00007ffcfb3a0000 - 0x00007ffcfb3b0000 	c:\Users\user\.vscode\extensions\redhat.java-1.35.0-win32-x64\jre\17.0.12-win32-x86_64\bin\verify.dll
0x00007ffcf8f40000 - 0x00007ffcf8f85000 	C:\Users\user\AppData\Roaming\Code\User\globalStorage\redhat.java\1.35.0\config_ss_win\org.eclipse.equinox.launcher\org.eclipse.equinox.launcher.win32.win32.x86_64_1.2.1100.v20240722-2106\eclipse_11904.dll
0x00007ffd067a0000 - 0x00007ffd068cb000 	C:\WINDOWS\System32\ole32.dll
0x00007ffd04390000 - 0x00007ffd043a8000 	C:\WINDOWS\SYSTEM32\CRYPTSP.dll
0x00007ffd036a0000 - 0x00007ffd036d4000 	C:\WINDOWS\system32\rsaenh.dll
0x00007ffd045f0000 - 0x00007ffd0461e000 	C:\WINDOWS\SYSTEM32\USERENV.dll
0x00007ffd03fc0000 - 0x00007ffd03fcc000 	C:\WINDOWS\SYSTEM32\CRYPTBASE.dll
0x00007ffd03ae0000 - 0x00007ffd03b1b000 	C:\WINDOWS\SYSTEM32\IPHLPAPI.DLL
0x00007ffd05080000 - 0x00007ffd05088000 	C:\WINDOWS\System32\NSI.dll
0x00007ffcfc980000 - 0x00007ffcfc997000 	C:\WINDOWS\SYSTEM32\dhcpcsvc6.DLL
0x00007ffcfc960000 - 0x00007ffcfc97d000 	C:\WINDOWS\SYSTEM32\dhcpcsvc.DLL
0x00007ffd03b30000 - 0x00007ffd03bfa000 	C:\WINDOWS\SYSTEM32\DNSAPI.dll
0x00007ffcee470000 - 0x00007ffcee4b9000 	C:\Users\user\AppData\Local\Temp\jna-3599307\jna14877896095180114772.dll
0x00007ffd06070000 - 0x00007ffd06078000 	C:\WINDOWS\System32\PSAPI.DLL

dbghelp: loaded successfully - version: 4.0.5 - missing functions: none
symbol engine: initialized successfully - sym options: 0x614 - pdb path: .;c:\Users\user\.vscode\extensions\redhat.java-1.35.0-win32-x64\jre\17.0.12-win32-x86_64\bin;C:\WINDOWS\SYSTEM32;C:\WINDOWS\WinSxS\amd64_microsoft.windows.common-controls_6595b64144ccf1df_6.0.19041.4355_none_60b8b9eb71f62e16;c:\Users\user\.vscode\extensions\redhat.java-1.35.0-win32-x64\jre\17.0.12-win32-x86_64\bin\server;C:\Users\user\AppData\Roaming\Code\User\globalStorage\redhat.java\1.35.0\config_ss_win\org.eclipse.equinox.launcher\org.eclipse.equinox.launcher.win32.win32.x86_64_1.2.1100.v20240722-2106;C:\Users\user\AppData\Local\Temp\jna-3599307

VM Arguments:
jvm_args: --add-modules=ALL-SYSTEM --add-opens=java.base/java.util=ALL-UNNAMED --add-opens=java.base/java.lang=ALL-UNNAMED --add-opens=java.base/sun.nio.fs=ALL-UNNAMED -Declipse.application=org.eclipse.jdt.ls.core.id1 -Dosgi.bundles.defaultStartLevel=4 -Declipse.product=org.eclipse.jdt.ls.core.product -Djava.import.generatesMetadataFilesAtProjectRoot=false -DDetectVMInstallationsJob.disabled=true -Dfile.encoding=utf8 -XX:+UseParallelGC -XX:GCTimeRatio=4 -XX:AdaptiveSizePolicyWeight=90 -Dsun.zip.disableMemoryMapping=true -Xmx1G -Xms100m -Xlog:disable -javaagent:c:\Users\user\.vscode\extensions\redhat.java-1.35.0-win32-x64\lombok\lombok-1.18.33.jar 
java_command: c:\Users\user\.vscode\extensions\redhat.java-1.35.0-win32-x64\server\plugins\org.eclipse.equinox.launcher_1.6.900.v20240613-2009.jar -configuration c:\Users\user\AppData\Roaming\Code\User\globalStorage\redhat.java\1.35.0\config_ss_win -data c:\Users\user\AppData\Roaming\Code\User\workspaceStorage\b9e5c6bf76a5906f90f2701a3e33a214\redhat.java\ss_ws --pipe=\\.\pipe\lsp-7eae3c1c4fd9e56ef997a0f55b01af7c-sock
java_class_path (initial): c:\Users\user\.vscode\extensions\redhat.java-1.35.0-win32-x64\server\plugins\org.eclipse.equinox.launcher_1.6.900.v20240613-2009.jar
Launcher Type: SUN_STANDARD

[Global flags]
    uintx AdaptiveSizePolicyWeight                 = 90                                        {product} {command line}
     intx CICompilerCount                          = 3                                         {product} {ergonomic}
    uintx GCTimeRatio                              = 4                                         {product} {command line}
   size_t InitialHeapSize                          = 104857600                                 {product} {command line}
   size_t MaxHeapSize                              = 1073741824                                {product} {command line}
   size_t MaxNewSize                               = 357564416                                 {product} {ergonomic}
   size_t MinHeapDeltaBytes                        = 524288                                    {product} {ergonomic}
   size_t MinHeapSize                              = 104857600                                 {product} {command line}
   size_t NewSize                                  = 34603008                                  {product} {ergonomic}
    uintx NonNMethodCodeHeapSize                   = 5832780                                {pd product} {ergonomic}
    uintx NonProfiledCodeHeapSize                  = 122912730                              {pd product} {ergonomic}
   size_t OldSize                                  = 70254592                                  {product} {ergonomic}
    uintx ProfiledCodeHeapSize                     = 122912730                              {pd product} {ergonomic}
    uintx ReservedCodeCacheSize                    = 251658240                              {pd product} {ergonomic}
     bool SegmentedCodeCache                       = true                                      {product} {ergonomic}
   size_t SoftMaxHeapSize                          = 1073741824                             {manageable} {ergonomic}
     bool UseCompressedClassPointers               = true                           {product lp64_product} {ergonomic}
     bool UseCompressedOops                        = true                           {product lp64_product} {ergonomic}
     bool UseLargePagesIndividualAllocation        = false                                  {pd product} {ergonomic}
     bool UseParallelGC                            = true                                      {product} {command line}

Logging:
Log output configuration:
 #0: stdout all=off uptime,level,tags
 #1: stderr all=off uptime,level,tags

Environment Variables:
JAVA_HOME=C:\Program Files\Java\jdk-21
PATH=C:\Program Files\Common Files\Oracle\Java\javapath;C:\WINDOWS\system32;C:\WINDOWS;C:\WINDOWS\System32\Wbem;C:\WINDOWS\System32\WindowsPowerShell\v1.0\;C:\WINDOWS\System32\OpenSSH\;C:\ProgramData\chocolatey\bin;C:\Program Files\Git\cmd;C:\Program Files\OpenSSL-Win64\bin;C:\Program Files\Docker\Docker\resources\bin;C:\Users\user\AppData\Roaming\nvm;C:\Program Files\nodejs;C:\Program Files\nodejs;C:\Program Files\nodejs;C:\Program Files\apache-maven-3.9.6\bin;C:\Program Files\Common Files\Oracle\Java\javapath;C:\WINDOWS\system32;C:\WINDOWS;C:\WINDOWS\System32\Wbem;C:\WINDOWS\System32\WindowsPowerShell\v1.0\;C:\WINDOWS\System32\OpenSSH\;C:\ProgramData\chocolatey\bin;C:\Program Files\Git\cmd;C:\Program Files\OpenSSL-Win64\bin;C:\Program Files\Docker\Docker\resources\bin;C:\Users\user\AppData\Roaming\nvm;C:\Program Files\nodejs;C:\Program Files\nodejs;C:\Program Files\nodejs;;C:\Users\user\AppData\Local\Programs\Microsoft VS Code\bin;C:\Users\user\AppData\Roaming\nvm;C:\Program Files\nodejs
USERNAME=user
OS=Windows_NT
PROCESSOR_IDENTIFIER=Intel64 Family 6 Model 37 Stepping 5, GenuineIntel
TMP=C:\Users\user\AppData\Local\Temp
TEMP=C:\Users\user\AppData\Local\Temp



Periodic native trim disabled


---------------  S Y S T E M  ---------------

OS:
 Windows 10 , 64 bit Build 19041 (10.0.19041.4842)
OS uptime: 0 days 10:59 hours
Hyper-V role detected

CPU: total 4 (initial active 4) (2 cores per cpu, 2 threads per core) family 6 model 37 stepping 5 microcode 0x7, cx8, cmov, fxsr, ht, mmx, sse, sse2, sse3, ssse3, sse4.1, sse4.2, popcnt, tsc, tscinvbit, clflush, hv
Processor Information for all 4 processors :
  Max Mhz: 2399, Current Mhz: 2399, Mhz Limit: 2399

Memory: 4k page, system-wide physical 5941M (530M free)
TotalPageFile size 8941M (AvailPageFile size 10M)
current process WorkingSet (physical memory assigned to process): 181M, peak: 197M
current process commit charge ("private bytes"): 258M, peak: 277M

vm_info: OpenJDK 64-Bit Server VM (17.0.12+7) for windows-amd64 JRE (17.0.12+7), built on Jul 16 2024 22:08:24 by "admin" with MS VC++ 16.10 / 16.11 (VS2019)

END.
