#
# There is insufficient memory for the Java Runtime Environment to continue.
# Native memory allocation (malloc) failed to allocate 387568 bytes. Error detail: Chunk::new
# Possible reasons:
#   The system is out of physical RAM or swap space
#   This process is running with CompressedOops enabled, and the Java Heap may be blocking the growth of the native heap
# Possible solutions:
#   Reduce memory load on the system
#   Increase physical memory or swap space
#   Check if swap backing store is full
#   Decrease Java heap size (-Xmx/-Xms)
#   Decrease number of Java threads
#   Decrease Java thread stack sizes (-Xss)
#   Set larger code cache with -XX:ReservedCodeCacheSize=
#   JVM is running with Unscaled Compressed Oops mode in which the Java heap is
#     placed in the first 4GB address space. The Java Heap base address is the
#     maximum limit for the native heap growth. Please use -XX:HeapBaseMinAddress
#     to set the Java Heap base and to place the Java Heap above 4GB virtual address.
# This output file may be truncated or incomplete.
#
#  Out of Memory Error (arena.cpp:191), pid=4548, tid=11676
#
# JRE version: OpenJDK Runtime Environment Temurin-17.0.12+7 (17.0.12+7) (build 17.0.12+7)
# Java VM: OpenJDK 64-Bit Server VM Temurin-17.0.12+7 (17.0.12+7, mixed mode, tiered, compressed oops, compressed class ptrs, parallel gc, windows-amd64)
# No core dump will be written. Minidumps are not enabled by default on client versions of Windows
#

---------------  S U M M A R Y ------------

Command Line: --add-modules=ALL-SYSTEM --add-opens=java.base/java.util=ALL-UNNAMED --add-opens=java.base/java.lang=ALL-UNNAMED --add-opens=java.base/sun.nio.fs=ALL-UNNAMED -Declipse.application=org.eclipse.jdt.ls.core.id1 -Dosgi.bundles.defaultStartLevel=4 -Declipse.product=org.eclipse.jdt.ls.core.product -Djava.import.generatesMetadataFilesAtProjectRoot=false -DDetectVMInstallationsJob.disabled=true -Dfile.encoding=utf8 -XX:+UseParallelGC -XX:GCTimeRatio=4 -XX:AdaptiveSizePolicyWeight=90 -Dsun.zip.disableMemoryMapping=true -Xmx1G -Xms100m -Xlog:disable -javaagent:c:\Users\user\.vscode\extensions\redhat.java-1.35.0-win32-x64\lombok\lombok-1.18.33.jar -XX:+HeapDumpOnOutOfMemoryError -XX:HeapDumpPath=c:\Users\user\AppData\Roaming\Code\User\workspaceStorage\b9e5c6bf76a5906f90f2701a3e33a214\redhat.java -Daether.dependencyCollector.impl=bf c:\Users\user\.vscode\extensions\redhat.java-1.35.0-win32-x64\server\plugins\org.eclipse.equinox.launcher_1.6.900.v20240613-2009.jar -configuration c:\Users\user\AppData\Roaming\Code\User\globalStorage\redhat.java\1.35.0\config_win -data c:\Users\user\AppData\Roaming\Code\User\workspaceStorage\b9e5c6bf76a5906f90f2701a3e33a214\redhat.java\jdt_ws --pipe=\\.\pipe\lsp-a4003b2d1a368651dc3c84f831e343fb-sock

Host: Intel(R) Core(TM) i3 CPU       M 370  @ 2.40GHz, 4 cores, 5G,  Windows 10 , 64 bit Build 19041 (10.0.19041.4842)
Time: Fri Sep 27 20:29:32 2024 Paris, Madrid (heure duild 19041 (10.0.19041.4842) elapsed time: 22.663429 seconds (0d 0h 0m 22s)

---------------  T H R E A D  ---------------

Current thread (0x0000028828200010):  JavaThread "C2 CompilerThread1" daemon [_thread_in_native, id=11676, stack(0x000000ab73e00000,0x000000ab73f00000)]


Current CompileTask:
C2:  22663 4373       4       java.lang.Object::toString (36 bytes)

Stack: [0x000000ab73e00000,0x000000ab73f00000]
Native frames: (J=compiled Java code, j=interpreted, Vv=VM code, C=native code)
V  [jvm.dll+0x67f929]
V  [jvm.dll+0x8371ba]
V  [jvm.dll+0x838c7e]
V  [jvm.dll+0x8392e3]
V  [jvm.dll+0x24834f]
V  [jvm.dll+0xac9d4]
V  [jvm.dll+0xad01c]
V  [jvm.dll+0x3674a7]
V  [jvm.dll+0x33197a]
V  [jvm.dll+0x330e1a]
V  [jvm.dll+0x21a8b1]
V  [jvm.dll+0x219cf1]
V  [jvm.dll+0x1a58bd]
V  [jvm.dll+0x229a2d]
V  [jvm.dll+0x227bdc]
V  [jvm.dll+0x7ec1f7]
V  [jvm.dll+0x7e65dc]
V  [jvm.dll+0x67e7f7]
C  [ucrtbase.dll+0x21bb2]
C  [KERNEL32.DLL+0x17374]
C  [ntdll.dll+0x4cc91]


---------------  P R O C E S S  ---------------

Threads class SMR info:
_java_thread_list=0x00000288283277a0, length=24, elements={
0x000002880c81f660, 0x000002880c8deaf0, 0x0000028820662b60, 0x000002882068d550,
0x000002882068e2e0, 0x000002882068f070, 0x0000028820694a70, 0x0000028820695720,
0x00000288258d9000, 0x00000288258d9cc0, 0x000002880c882910, 0x0000028825b220d0,
0x0000028826664790, 0x0000028826471530, 0x00000288262527c0, 0x00000288260980a0,
0x00000288269f1fd0, 0x00000288260a1500, 0x00000288260a3870, 0x00000288260a05d0,
0x00000288260a3360, 0x00000288260a0ff0, 0x0000028828200010, 0x00000288260a2940
}

Java Threads: ( => current thread )
  0x000002880c81f660 JavaThread "main" [_thread_in_Java, id=5008, stack(0x000000ab72200000,0x000000ab72300000)]
  0x000002880c8deaf0 JavaThread "Reference Handler" daemon [_thread_blocked, id=12340, stack(0x000000ab72500000,0x000000ab72600000)]
  0x0000028820662b60 JavaThread "Finalizer" daemon [_thread_blocked, id=1428, stack(0x000000ab72600000,0x000000ab72700000)]
  0x000002882068d550 JavaThread "Signal Dispatcher" daemon [_thread_blocked, id=10784, stack(0x000000ab72700000,0x000000ab72800000)]
  0x000002882068e2e0 JavaThread "Attach Listener" daemon [_thread_blocked, id=11508, stack(0x000000ab72800000,0x000000ab72900000)]
  0x000002882068f070 JavaThread "Service Thread" daemon [_thread_blocked, id=11972, stack(0x000000ab72900000,0x000000ab72a00000)]
  0x0000028820694a70 JavaThread "Monitor Deflation Thread" daemon [_thread_blocked, id=10060, stack(0x000000ab72a00000,0x000000ab72b00000)]
  0x0000028820695720 JavaThread "C2 CompilerThread0" daemon [_thread_blocked, id=11360, stack(0x000000ab72b00000,0x000000ab72c00000)]
  0x00000288258d9000 JavaThread "C1 CompilerThread0" daemon [_thread_in_native, id=12932, stack(0x000000ab72c00000,0x000000ab72d00000)]
  0x00000288258d9cc0 JavaThread "Sweeper thread" daemon [_thread_blocked, id=3160, stack(0x000000ab72d00000,0x000000ab72e00000)]
  0x000002880c882910 JavaThread "Common-Cleaner" daemon [_thread_blocked, id=8196, stack(0x000000ab72e00000,0x000000ab72f00000)]
  0x0000028825b220d0 JavaThread "Notification Thread" daemon [_thread_blocked, id=9080, stack(0x000000ab72f00000,0x000000ab73000000)]
  0x0000028826664790 JavaThread "Active Thread: Equinox Container: 407a87ef-0cd8-415e-87f5-a4dc0fa4410b" [_thread_blocked, id=1332, stack(0x000000ab73500000,0x000000ab73600000)]
  0x0000028826471530 JavaThread "Framework Event Dispatcher: Equinox Container: 407a87ef-0cd8-415e-87f5-a4dc0fa4410b" daemon [_thread_blocked, id=3556, stack(0x000000ab73600000,0x000000ab73700000)]
  0x00000288262527c0 JavaThread "Start Level: Equinox Container: 407a87ef-0cd8-415e-87f5-a4dc0fa4410b" daemon [_thread_blocked, id=11324, stack(0x000000ab73700000,0x000000ab73800000)]
  0x00000288260980a0 JavaThread "Bundle File Closer" daemon [_thread_blocked, id=6372, stack(0x000000ab73400000,0x000000ab73500000)]
  0x00000288269f1fd0 JavaThread "SCR Component Actor" daemon [_thread_blocked, id=11540, stack(0x000000ab73800000,0x000000ab73900000)]
  0x00000288260a1500 JavaThread "Worker-JM" [_thread_blocked, id=8580, stack(0x000000ab73a00000,0x000000ab73b00000)]
  0x00000288260a3870 JavaThread "JNA Cleaner" daemon [_thread_blocked, id=10364, stack(0x000000ab73b00000,0x000000ab73c00000)]
  0x00000288260a05d0 JavaThread "Worker-0: Repository registry initialization" [_thread_in_native, id=5064, stack(0x000000ab73c00000,0x000000ab73d00000)]
  0x00000288260a3360 JavaThread "Worker-1" [_thread_blocked, id=3344, stack(0x000000ab73d00000,0x000000ab73e00000)]
  0x00000288260a0ff0 JavaThread "Worker-2" [_thread_blocked, id=2876, stack(0x000000ab73f00000,0x000000ab74000000)]
=>0x0000028828200010 JavaThread "C2 CompilerThread1" daemon [_thread_in_native, id=11676, stack(0x000000ab73e00000,0x000000ab73f00000)]
  0x00000288260a2940 JavaThread "Java indexing" daemon [_thread_blocked, id=6616, stack(0x000000ab74000000,0x000000ab74100000)]

Other Threads:
  0x000002882064c460 VMThread "VM Thread" [stack: 0x000000ab72400000,0x000000ab72500000] [id=8284]
  0x0000028825b225b0 WatcherThread [stack: 0x000000ab73000000,0x000000ab73100000] [id=12668]
  0x000002880c833df0 GCTaskThread "GC Thread#0" [stack: 0x000000ab72300000,0x000000ab72400000] [id=5976]
  0x000002882631af20 GCTaskThread "GC Thread#1" [stack: 0x000000ab73100000,0x000000ab73200000] [id=2712]
  0x0000028826352140 GCTaskThread "GC Thread#2" [stack: 0x000000ab73200000,0x000000ab73300000] [id=8176]
  0x0000028826352400 GCTaskThread "GC Thread#3" [stack: 0x000000ab73300000,0x000000ab73400000] [id=8384]

Threads with active compile tasks:
C2 CompilerThread1    22731 4373       4       java.lang.Object::toString (36 bytes)

VM state: not at safepoint (normal execution)

VM Mutex/Monitor currently owned by a thread: None

Heap address: 0x00000000c0000000, size: 1024 MB, Compressed Oops mode: 32-bit

CDS archive(s) not mapped
Compressed class space mapped at: 0x0000000100000000-0x0000000140000000, reserved size: 1073741824
Narrow klass base: 0x0000000000000000, Narrow klass shift: 3, Narrow klass range: 0x140000000

GC Precious Log:
 CPUs: 4 total, 4 available
 Memory: 5941M
 Large Page Support: Disabled
 NUMA Support: Disabled
 Compressed Oops: Enabled (32-bit)
 Alignments: Space 512K, Generation 512K, Heap 2M
 Heap Min Capacity: 100M
 Heap Initial Capacity: 100M
 Heap Max Capacity: 1G
 Pre-touch: Disabled
 Parallel Workers: 4

Heap:
 PSYoungGen      total 23552K, used 5813K [0x00000000eab00000, 0x00000000ec680000, 0x0000000100000000)
  eden space 22016K, 21% used [0x00000000eab00000,0x00000000eaf94150,0x00000000ec080000)
  from space 1536K, 73% used [0x00000000ec380000,0x00000000ec4995f8,0x00000000ec500000)
  to   space 1536K, 0% used [0x00000000ec500000,0x00000000ec500000,0x00000000ec680000)
 ParOldGen       total 68608K, used 16356K [0x00000000c0000000, 0x00000000c4300000, 0x00000000eab00000)
  object space 68608K, 23% used [0x00000000c0000000,0x00000000c0ff92a0,0x00000000c4300000)
 Metaspace       used 40979K, committed 41984K, reserved 1114112K
  class space    used 4197K, committed 4608K, reserved 1048576K

Card table byte_map: [0x000002880c1c0000,0x000002880c3d0000] _byte_map_base: 0x000002880bbc0000

Marking Bits: (ParMarkBitMap*) 0x00007ffcc8a258b0
 Begin Bits: [0x000002881e4c0000, 0x000002881f4c0000)
 End Bits:   [0x000002881f4c0000, 0x00000288204c0000)

Polling page: 0x000002880a7d0000

Metaspace:

Usage:
  Non-class:     35.92 MB used.
      Class:      4.10 MB used.
       Both:     40.02 MB used.

Virtual space:
  Non-class space:       64.00 MB reserved,      36.50 MB ( 57%) committed,  1 nodes.
      Class space:        1.00 GB reserved,       4.50 MB ( <1%) committed,  1 nodes.
             Both:        1.06 GB reserved,      41.00 MB (  4%) committed. 

Chunk freelists:
   Non-Class:  11.05 MB
       Class:  11.44 MB
        Both:  22.49 MB

MaxMetaspaceSize: unlimited
CompressedClassSpaceSize: 1.00 GB
Initial GC threshold: 21.00 MB
Current GC threshold: 58.38 MB
CDS: off
MetaspaceReclaimPolicy: balanced
 - commit_granule_bytes: 65536.
 - commit_granule_words: 8192.
 - virtual_space_node_default_size: 8388608.
 - enlarge_chunks_in_place: 1.
 - new_chunks_are_fully_committed: 0.
 - uncommit_free_chunks: 1.
 - use_allocation_guard: 0.
 - handle_deallocations: 1.


Internal statistics:

num_allocs_failed_limit: 6.
num_arena_births: 632.
num_arena_deaths: 14.
num_vsnodes_births: 2.
num_vsnodes_deaths: 0.
num_space_committed: 656.
num_space_uncommitted: 0.
num_chunks_returned_to_freelist: 20.
num_chunks_taken_from_freelist: 2036.
num_chunk_merges: 10.
num_chunk_splits: 1297.
num_chunks_enlarged: 775.
num_inconsistent_stats: 0.

CodeHeap 'non-profiled nmethods': size=120000Kb used=2209Kb max_used=2209Kb free=117790Kb
 bounds [0x0000028816f90000, 0x0000028817200000, 0x000002881e4c0000]
CodeHeap 'profiled nmethods': size=120000Kb used=9428Kb max_used=9428Kb free=110571Kb
 bounds [0x000002880f4c0000, 0x000002880fe00000, 0x00000288169f0000]
CodeHeap 'non-nmethods': size=5760Kb used=1272Kb max_used=1315Kb free=4487Kb
 bounds [0x00000288169f0000, 0x0000028816c60000, 0x0000028816f90000]
 total_blobs=5011 nmethods=4410 adapters=515
 compilation: enabled
              stopped_count=0, restarted_count=0
 full_count=0

Compilation events (20 events):
Event: 22.559 Thread 0x00000288258d9000 4375       3       jdk.internal.reflect.ConstantPool::getUTF8At (10 bytes)
Event: 22.559 Thread 0x00000288258d9000 nmethod 4375 0x000002880fde5e10 code [0x000002880fde5fa0, 0x000002880fde60e8]
Event: 22.559 Thread 0x00000288258d9000 4378       3       java.lang.Class::copyMethods (36 bytes)
Event: 22.561 Thread 0x00000288258d9000 nmethod 4378 0x000002880fde6190 code [0x000002880fde63e0, 0x000002880fde6da8]
Event: 22.561 Thread 0x00000288258d9000 4377       3       java.lang.Class::annotationData (44 bytes)
Event: 22.561 Thread 0x00000288258d9000 nmethod 4377 0x000002880fde7210 code [0x000002880fde73e0, 0x000002880fde76d8]
Event: 22.562 Thread 0x00000288258d9000 4379       3       java.lang.invoke.DirectMethodHandle$Holder::invokeStatic (20 bytes)
Event: 22.563 Thread 0x00000288258d9000 nmethod 4379 0x000002880fde7810 code [0x000002880fde79e0, 0x000002880fde7f38]
Event: 22.566 Thread 0x0000028828200010 nmethod 4368 0x00000288171aba10 code [0x00000288171abc20, 0x00000288171ac6e0]
Event: 22.566 Thread 0x0000028828200010 4380       4       org.eclipse.sisu.space.asm.ClassReader::readUtf (161 bytes)
Event: 22.567 Thread 0x00000288258d9000 4381       3       java.net.URLConnection::setUseCaches (10 bytes)
Event: 22.567 Thread 0x00000288258d9000 nmethod 4381 0x000002880fde8090 code [0x000002880fde8240, 0x000002880fde84c8]
Event: 22.568 Thread 0x00000288258d9000 4382       3       java.net.URLConnection::checkConnected (19 bytes)
Event: 22.568 Thread 0x00000288258d9000 nmethod 4382 0x000002880fde8610 code [0x000002880fde87c0, 0x000002880fde89e8]
Event: 22.580 Thread 0x00000288258d9000 4384       3       java.lang.invoke.MethodHandles$Lookup$ClassDefiner::defineClass (97 bytes)
Event: 22.582 Thread 0x00000288258d9000 nmethod 4384 0x000002880fde8b10 code [0x000002880fde8da0, 0x000002880fde9bd8]
Event: 22.585 Thread 0x0000028828200010 nmethod 4380 0x00000288171ad290 code [0x00000288171ad440, 0x00000288171adb38]
Event: 22.585 Thread 0x0000028828200010 4373       4       java.lang.Object::toString (36 bytes)
Event: 22.645 Thread 0x00000288258d9000 4386       3       java.lang.PublicMethods$MethodList::<init> (10 bytes)
Event: 22.645 Thread 0x00000288258d9000 nmethod 4386 0x000002880fdea210 code [0x000002880fdea3a0, 0x000002880fdea518]

GC Heap History (20 events):
Event: 11.804 GC heap before
{Heap before GC invocations=6 (full 1):
 PSYoungGen      total 29696K, used 4082K [0x00000000eab00000, 0x00000000ece00000, 0x0000000100000000)
  eden space 25600K, 0% used [0x00000000eab00000,0x00000000eab00000,0x00000000ec400000)
  from space 4096K, 99% used [0x00000000ec400000,0x00000000ec7fc9b0,0x00000000ec800000)
  to   space 5120K, 0% used [0x00000000ec900000,0x00000000ec900000,0x00000000ece00000)
 ParOldGen       total 68608K, used 6863K [0x00000000c0000000, 0x00000000c4300000, 0x00000000eab00000)
  object space 68608K, 10% used [0x00000000c0000000,0x00000000c06b3e50,0x00000000c4300000)
 Metaspace       used 21065K, committed 21504K, reserved 1114112K
  class space    used 2131K, committed 2368K, reserved 1048576K
}
Event: 11.879 GC heap after
{Heap after GC invocations=6 (full 1):
 PSYoungGen      total 29696K, used 0K [0x00000000eab00000, 0x00000000ece00000, 0x0000000100000000)
  eden space 25600K, 0% used [0x00000000eab00000,0x00000000eab00000,0x00000000ec400000)
  from space 4096K, 0% used [0x00000000ec400000,0x00000000ec400000,0x00000000ec800000)
  to   space 5120K, 0% used [0x00000000ec900000,0x00000000ec900000,0x00000000ece00000)
 ParOldGen       total 68608K, used 10662K [0x00000000c0000000, 0x00000000c4300000, 0x00000000eab00000)
  object space 68608K, 15% used [0x00000000c0000000,0x00000000c0a69a68,0x00000000c4300000)
 Metaspace       used 21052K, committed 21504K, reserved 1114112K
  class space    used 2128K, committed 2368K, reserved 1048576K
}
Event: 14.830 GC heap before
{Heap before GC invocations=7 (full 1):
 PSYoungGen      total 29696K, used 25600K [0x00000000eab00000, 0x00000000ece00000, 0x0000000100000000)
  eden space 25600K, 100% used [0x00000000eab00000,0x00000000ec400000,0x00000000ec400000)
  from space 4096K, 0% used [0x00000000ec400000,0x00000000ec400000,0x00000000ec800000)
  to   space 5120K, 0% used [0x00000000ec900000,0x00000000ec900000,0x00000000ece00000)
 ParOldGen       total 68608K, used 10662K [0x00000000c0000000, 0x00000000c4300000, 0x00000000eab00000)
  object space 68608K, 15% used [0x00000000c0000000,0x00000000c0a69a68,0x00000000c4300000)
 Metaspace       used 24738K, committed 25408K, reserved 1114112K
  class space    used 2518K, committed 2816K, reserved 1048576K
}
Event: 14.837 GC heap after
{Heap after GC invocations=7 (full 1):
 PSYoungGen      total 26624K, used 1173K [0x00000000eab00000, 0x00000000eca80000, 0x0000000100000000)
  eden space 25088K, 0% used [0x00000000eab00000,0x00000000eab00000,0x00000000ec380000)
  from space 1536K, 76% used [0x00000000ec900000,0x00000000eca25540,0x00000000eca80000)
  to   space 2560K, 0% used [0x00000000ec580000,0x00000000ec580000,0x00000000ec800000)
 ParOldGen       total 68608K, used 10670K [0x00000000c0000000, 0x00000000c4300000, 0x00000000eab00000)
  object space 68608K, 15% used [0x00000000c0000000,0x00000000c0a6ba68,0x00000000c4300000)
 Metaspace       used 24738K, committed 25408K, reserved 1114112K
  class space    used 2518K, committed 2816K, reserved 1048576K
}
Event: 16.536 GC heap before
{Heap before GC invocations=8 (full 1):
 PSYoungGen      total 26624K, used 26261K [0x00000000eab00000, 0x00000000eca80000, 0x0000000100000000)
  eden space 25088K, 100% used [0x00000000eab00000,0x00000000ec380000,0x00000000ec380000)
  from space 1536K, 76% used [0x00000000ec900000,0x00000000eca25540,0x00000000eca80000)
  to   space 2560K, 0% used [0x00000000ec580000,0x00000000ec580000,0x00000000ec800000)
 ParOldGen       total 68608K, used 10670K [0x00000000c0000000, 0x00000000c4300000, 0x00000000eab00000)
  object space 68608K, 15% used [0x00000000c0000000,0x00000000c0a6ba68,0x00000000c4300000)
 Metaspace       used 27642K, committed 28416K, reserved 1114112K
  class space    used 2872K, committed 3200K, reserved 1048576K
}
Event: 16.542 GC heap after
{Heap after GC invocations=8 (full 1):
 PSYoungGen      total 27136K, used 2558K [0x00000000eab00000, 0x00000000ecb00000, 0x0000000100000000)
  eden space 24576K, 0% used [0x00000000eab00000,0x00000000eab00000,0x00000000ec300000)
  from space 2560K, 99% used [0x00000000ec580000,0x00000000ec7ff850,0x00000000ec800000)
  to   space 3072K, 0% used [0x00000000ec800000,0x00000000ec800000,0x00000000ecb00000)
 ParOldGen       total 68608K, used 11500K [0x00000000c0000000, 0x00000000c4300000, 0x00000000eab00000)
  object space 68608K, 16% used [0x00000000c0000000,0x00000000c0b3b198,0x00000000c4300000)
 Metaspace       used 27642K, committed 28416K, reserved 1114112K
  class space    used 2872K, committed 3200K, reserved 1048576K
}
Event: 17.211 GC heap before
{Heap before GC invocations=9 (full 1):
 PSYoungGen      total 27136K, used 27134K [0x00000000eab00000, 0x00000000ecb00000, 0x0000000100000000)
  eden space 24576K, 100% used [0x00000000eab00000,0x00000000ec300000,0x00000000ec300000)
  from space 2560K, 99% used [0x00000000ec580000,0x00000000ec7ff850,0x00000000ec800000)
  to   space 3072K, 0% used [0x00000000ec800000,0x00000000ec800000,0x00000000ecb00000)
 ParOldGen       total 68608K, used 11500K [0x00000000c0000000, 0x00000000c4300000, 0x00000000eab00000)
  object space 68608K, 16% used [0x00000000c0000000,0x00000000c0b3b198,0x00000000c4300000)
 Metaspace       used 29968K, committed 30848K, reserved 1114112K
  class space    used 3040K, committed 3456K, reserved 1048576K
}
Event: 17.215 GC heap after
{Heap after GC invocations=9 (full 1):
 PSYoungGen      total 27136K, used 3051K [0x00000000eab00000, 0x00000000ecb00000, 0x0000000100000000)
  eden space 24064K, 0% used [0x00000000eab00000,0x00000000eab00000,0x00000000ec280000)
  from space 3072K, 99% used [0x00000000ec800000,0x00000000ecafaeb8,0x00000000ecb00000)
  to   space 3584K, 0% used [0x00000000ec400000,0x00000000ec400000,0x00000000ec780000)
 ParOldGen       total 68608K, used 11904K [0x00000000c0000000, 0x00000000c4300000, 0x00000000eab00000)
  object space 68608K, 17% used [0x00000000c0000000,0x00000000c0ba0260,0x00000000c4300000)
 Metaspace       used 29968K, committed 30848K, reserved 1114112K
  class space    used 3040K, committed 3456K, reserved 1048576K
}
Event: 17.757 GC heap before
{Heap before GC invocations=10 (full 1):
 PSYoungGen      total 27136K, used 26951K [0x00000000eab00000, 0x00000000ecb00000, 0x0000000100000000)
  eden space 24064K, 99% used [0x00000000eab00000,0x00000000ec2570b8,0x00000000ec280000)
  from space 3072K, 99% used [0x00000000ec800000,0x00000000ecafaeb8,0x00000000ecb00000)
  to   space 3584K, 0% used [0x00000000ec400000,0x00000000ec400000,0x00000000ec780000)
 ParOldGen       total 68608K, used 11904K [0x00000000c0000000, 0x00000000c4300000, 0x00000000eab00000)
  object space 68608K, 17% used [0x00000000c0000000,0x00000000c0ba0260,0x00000000c4300000)
 Metaspace       used 33336K, committed 34176K, reserved 1114112K
  class space    used 3314K, committed 3712K, reserved 1048576K
}
Event: 17.766 GC heap after
{Heap after GC invocations=10 (full 1):
 PSYoungGen      total 27136K, used 3316K [0x00000000eab00000, 0x00000000ec900000, 0x0000000100000000)
  eden space 23552K, 0% used [0x00000000eab00000,0x00000000eab00000,0x00000000ec200000)
  from space 3584K, 92% used [0x00000000ec400000,0x00000000ec73d3a0,0x00000000ec780000)
  to   space 1536K, 0% used [0x00000000ec780000,0x00000000ec780000,0x00000000ec900000)
 ParOldGen       total 68608K, used 12576K [0x00000000c0000000, 0x00000000c4300000, 0x00000000eab00000)
  object space 68608K, 18% used [0x00000000c0000000,0x00000000c0c48240,0x00000000c4300000)
 Metaspace       used 33336K, committed 34176K, reserved 1114112K
  class space    used 3314K, committed 3712K, reserved 1048576K
}
Event: 18.821 GC heap before
{Heap before GC invocations=11 (full 1):
 PSYoungGen      total 27136K, used 26868K [0x00000000eab00000, 0x00000000ec900000, 0x0000000100000000)
  eden space 23552K, 100% used [0x00000000eab00000,0x00000000ec200000,0x00000000ec200000)
  from space 3584K, 92% used [0x00000000ec400000,0x00000000ec73d3a0,0x00000000ec780000)
  to   space 1536K, 0% used [0x00000000ec780000,0x00000000ec780000,0x00000000ec900000)
 ParOldGen       total 68608K, used 12576K [0x00000000c0000000, 0x00000000c4300000, 0x00000000eab00000)
  object space 68608K, 18% used [0x00000000c0000000,0x00000000c0c48240,0x00000000c4300000)
 Metaspace       used 34807K, committed 35712K, reserved 1114112K
  class space    used 3462K, committed 3904K, reserved 1048576K
}
Event: 18.827 GC heap after
{Heap after GC invocations=11 (full 1):
 PSYoungGen      total 24576K, used 1525K [0x00000000eab00000, 0x00000000ecb80000, 0x0000000100000000)
  eden space 23040K, 0% used [0x00000000eab00000,0x00000000eab00000,0x00000000ec180000)
  from space 1536K, 99% used [0x00000000ec780000,0x00000000ec8fd7d8,0x00000000ec900000)
  to   space 5120K, 0% used [0x00000000ec180000,0x00000000ec180000,0x00000000ec680000)
 ParOldGen       total 68608K, used 15544K [0x00000000c0000000, 0x00000000c4300000, 0x00000000eab00000)
  object space 68608K, 22% used [0x00000000c0000000,0x00000000c0f2e220,0x00000000c4300000)
 Metaspace       used 34807K, committed 35712K, reserved 1114112K
  class space    used 3462K, committed 3904K, reserved 1048576K
}
Event: 18.887 GC heap before
{Heap before GC invocations=12 (full 1):
 PSYoungGen      total 24576K, used 3101K [0x00000000eab00000, 0x00000000ecb80000, 0x0000000100000000)
  eden space 23040K, 6% used [0x00000000eab00000,0x00000000eac89cd0,0x00000000ec180000)
  from space 1536K, 99% used [0x00000000ec780000,0x00000000ec8fd7d8,0x00000000ec900000)
  to   space 5120K, 0% used [0x00000000ec180000,0x00000000ec180000,0x00000000ec680000)
 ParOldGen       total 68608K, used 15544K [0x00000000c0000000, 0x00000000c4300000, 0x00000000eab00000)
  object space 68608K, 22% used [0x00000000c0000000,0x00000000c0f2e220,0x00000000c4300000)
 Metaspace       used 34971K, committed 35840K, reserved 1114112K
  class space    used 3482K, committed 3904K, reserved 1048576K
}
Event: 18.890 GC heap after
{Heap after GC invocations=12 (full 1):
 PSYoungGen      total 23552K, used 247K [0x00000000eab00000, 0x00000000ec800000, 0x0000000100000000)
  eden space 23040K, 0% used [0x00000000eab00000,0x00000000eab00000,0x00000000ec180000)
  from space 512K, 48% used [0x00000000ec180000,0x00000000ec1bde90,0x00000000ec200000)
  to   space 2048K, 0% used [0x00000000ec600000,0x00000000ec600000,0x00000000ec800000)
 ParOldGen       total 68608K, used 16894K [0x00000000c0000000, 0x00000000c4300000, 0x00000000eab00000)
  object space 68608K, 24% used [0x00000000c0000000,0x00000000c107fa30,0x00000000c4300000)
 Metaspace       used 34971K, committed 35840K, reserved 1114112K
  class space    used 3482K, committed 3904K, reserved 1048576K
}
Event: 18.890 GC heap before
{Heap before GC invocations=13 (full 2):
 PSYoungGen      total 23552K, used 247K [0x00000000eab00000, 0x00000000ec800000, 0x0000000100000000)
  eden space 23040K, 0% used [0x00000000eab00000,0x00000000eab00000,0x00000000ec180000)
  from space 512K, 48% used [0x00000000ec180000,0x00000000ec1bde90,0x00000000ec200000)
  to   space 2048K, 0% used [0x00000000ec600000,0x00000000ec600000,0x00000000ec800000)
 ParOldGen       total 68608K, used 16894K [0x00000000c0000000, 0x00000000c4300000, 0x00000000eab00000)
  object space 68608K, 24% used [0x00000000c0000000,0x00000000c107fa30,0x00000000c4300000)
 Metaspace       used 34971K, committed 35840K, reserved 1114112K
  class space    used 3482K, committed 3904K, reserved 1048576K
}
Event: 18.969 GC heap after
{Heap after GC invocations=13 (full 2):
 PSYoungGen      total 23552K, used 0K [0x00000000eab00000, 0x00000000ec800000, 0x0000000100000000)
  eden space 23040K, 0% used [0x00000000eab00000,0x00000000eab00000,0x00000000ec180000)
  from space 512K, 0% used [0x00000000ec180000,0x00000000ec180000,0x00000000ec200000)
  to   space 2048K, 0% used [0x00000000ec600000,0x00000000ec600000,0x00000000ec800000)
 ParOldGen       total 68608K, used 15079K [0x00000000c0000000, 0x00000000c4300000, 0x00000000eab00000)
  object space 68608K, 21% used [0x00000000c0000000,0x00000000c0eb9e40,0x00000000c4300000)
 Metaspace       used 34971K, committed 35840K, reserved 1114112K
  class space    used 3482K, committed 3904K, reserved 1048576K
}
Event: 21.597 GC heap before
{Heap before GC invocations=14 (full 2):
 PSYoungGen      total 23552K, used 23032K [0x00000000eab00000, 0x00000000ec800000, 0x0000000100000000)
  eden space 23040K, 99% used [0x00000000eab00000,0x00000000ec17e1a0,0x00000000ec180000)
  from space 512K, 0% used [0x00000000ec180000,0x00000000ec180000,0x00000000ec200000)
  to   space 2048K, 0% used [0x00000000ec600000,0x00000000ec600000,0x00000000ec800000)
 ParOldGen       total 68608K, used 15079K [0x00000000c0000000, 0x00000000c4300000, 0x00000000eab00000)
  object space 68608K, 21% used [0x00000000c0000000,0x00000000c0eb9e40,0x00000000c4300000)
 Metaspace       used 38557K, committed 39488K, reserved 1114112K
  class space    used 3914K, committed 4352K, reserved 1048576K
}
Event: 21.604 GC heap after
{Heap after GC invocations=14 (full 2):
 PSYoungGen      total 24064K, used 1416K [0x00000000eab00000, 0x00000000ec780000, 0x0000000100000000)
  eden space 22528K, 0% used [0x00000000eab00000,0x00000000eab00000,0x00000000ec100000)
  from space 1536K, 92% used [0x00000000ec600000,0x00000000ec762340,0x00000000ec780000)
  to   space 2048K, 0% used [0x00000000ec380000,0x00000000ec380000,0x00000000ec580000)
 ParOldGen       total 68608K, used 15087K [0x00000000c0000000, 0x00000000c4300000, 0x00000000eab00000)
  object space 68608K, 21% used [0x00000000c0000000,0x00000000c0ebbe40,0x00000000c4300000)
 Metaspace       used 38557K, committed 39488K, reserved 1114112K
  class space    used 3914K, committed 4352K, reserved 1048576K
}
Event: 22.523 GC heap before
{Heap before GC invocations=15 (full 2):
 PSYoungGen      total 24064K, used 23938K [0x00000000eab00000, 0x00000000ec780000, 0x0000000100000000)
  eden space 22528K, 99% used [0x00000000eab00000,0x00000000ec0fe678,0x00000000ec100000)
  from space 1536K, 92% used [0x00000000ec600000,0x00000000ec762340,0x00000000ec780000)
  to   space 2048K, 0% used [0x00000000ec380000,0x00000000ec380000,0x00000000ec580000)
 ParOldGen       total 68608K, used 15087K [0x00000000c0000000, 0x00000000c4300000, 0x00000000eab00000)
  object space 68608K, 21% used [0x00000000c0000000,0x00000000c0ebbe40,0x00000000c4300000)
 Metaspace       used 40441K, committed 41344K, reserved 1114112K
  class space    used 4141K, committed 4544K, reserved 1048576K
}
Event: 22.530 GC heap after
{Heap after GC invocations=15 (full 2):
 PSYoungGen      total 23552K, used 1125K [0x00000000eab00000, 0x00000000ec680000, 0x0000000100000000)
  eden space 22016K, 0% used [0x00000000eab00000,0x00000000eab00000,0x00000000ec080000)
  from space 1536K, 73% used [0x00000000ec380000,0x00000000ec4995f8,0x00000000ec500000)
  to   space 1536K, 0% used [0x00000000ec500000,0x00000000ec500000,0x00000000ec680000)
 ParOldGen       total 68608K, used 16356K [0x00000000c0000000, 0x00000000c4300000, 0x00000000eab00000)
  object space 68608K, 23% used [0x00000000c0000000,0x00000000c0ff92a0,0x00000000c4300000)
 Metaspace       used 40441K, committed 41344K, reserved 1114112K
  class space    used 4141K, committed 4544K, reserved 1048576K
}

Dll operation events (10 events):
Event: 0.038 Loaded shared library c:\Users\user\.vscode\extensions\redhat.java-1.35.0-win32-x64\jre\17.0.12-win32-x86_64\bin\java.dll
Event: 0.665 Loaded shared library c:\Users\user\.vscode\extensions\redhat.java-1.35.0-win32-x64\jre\17.0.12-win32-x86_64\bin\zip.dll
Event: 0.672 Loaded shared library C:\Users\user\.vscode\extensions\redhat.java-1.35.0-win32-x64\jre\17.0.12-win32-x86_64\bin\instrument.dll
Event: 0.707 Loaded shared library C:\Users\user\.vscode\extensions\redhat.java-1.35.0-win32-x64\jre\17.0.12-win32-x86_64\bin\net.dll
Event: 0.727 Loaded shared library C:\Users\user\.vscode\extensions\redhat.java-1.35.0-win32-x64\jre\17.0.12-win32-x86_64\bin\nio.dll
Event: 0.762 Loaded shared library C:\Users\user\.vscode\extensions\redhat.java-1.35.0-win32-x64\jre\17.0.12-win32-x86_64\bin\zip.dll
Event: 0.878 Loaded shared library C:\Users\user\.vscode\extensions\redhat.java-1.35.0-win32-x64\jre\17.0.12-win32-x86_64\bin\jimage.dll
Event: 1.178 Loaded shared library c:\Users\user\.vscode\extensions\redhat.java-1.35.0-win32-x64\jre\17.0.12-win32-x86_64\bin\verify.dll
Event: 6.492 Loaded shared library C:\Users\user\AppData\Roaming\Code\User\globalStorage\redhat.java\1.35.0\config_win\org.eclipse.equinox.launcher\org.eclipse.equinox.launcher.win32.win32.x86_64_1.2.1100.v20240722-2106\eclipse_11904.dll
Event: 13.540 Loaded shared library C:\Users\user\AppData\Local\Temp\jna-3599307\jna14500511701563618185.dll

Deoptimization events (20 events):
Event: 22.161 Thread 0x00000288260a05d0 DEOPT PACKING pc=0x0000028817192238 sp=0x000000ab73cfe170
Event: 22.161 Thread 0x00000288260a05d0 DEOPT UNPACKING pc=0x0000028816a4669d sp=0x000000ab73cfe0e0 mode 2
Event: 22.162 Thread 0x00000288260a05d0 Uncommon trap: trap_request=0xffffff45 fr.pc=0x00000288171941a8 relative=0x0000000000000e88
Event: 22.162 Thread 0x00000288260a05d0 Uncommon trap: reason=unstable_if action=reinterpret pc=0x00000288171941a8 method=sun.nio.cs.StreamDecoder.read0()I @ 39 c2
Event: 22.162 Thread 0x00000288260a05d0 DEOPT PACKING pc=0x00000288171941a8 sp=0x000000ab73cfdd30
Event: 22.162 Thread 0x00000288260a05d0 DEOPT UNPACKING pc=0x0000028816a4669d sp=0x000000ab73cfdcf0 mode 2
Event: 22.162 Thread 0x00000288260a05d0 Uncommon trap: trap_request=0xffffff45 fr.pc=0x000002881719c280 relative=0x0000000000000140
Event: 22.162 Thread 0x00000288260a05d0 Uncommon trap: reason=unstable_if action=reinterpret pc=0x000002881719c280 method=java.io.BufferedInputStream.read1([BII)I @ 60 c2
Event: 22.162 Thread 0x00000288260a05d0 DEOPT PACKING pc=0x000002881719c280 sp=0x000000ab73cfda20
Event: 22.162 Thread 0x00000288260a05d0 DEOPT UNPACKING pc=0x0000028816a4669d sp=0x000000ab73cfd9e0 mode 2
Event: 22.164 Thread 0x00000288260a05d0 Uncommon trap: trap_request=0xffffff45 fr.pc=0x0000028817198f30 relative=0x0000000000000390
Event: 22.164 Thread 0x00000288260a05d0 Uncommon trap: reason=unstable_if action=reinterpret pc=0x0000028817198f30 method=sun.nio.cs.StreamDecoder.read0()I @ 39 c2
Event: 22.164 Thread 0x00000288260a05d0 DEOPT PACKING pc=0x0000028817198f30 sp=0x000000ab73cfdd80
Event: 22.164 Thread 0x00000288260a05d0 DEOPT UNPACKING pc=0x0000028816a4669d sp=0x000000ab73cfdd30 mode 2
Event: 22.376 Thread 0x0000028826471530 DEOPT PACKING pc=0x000002880f6f8729 sp=0x000000ab736feea0
Event: 22.376 Thread 0x0000028826471530 DEOPT UNPACKING pc=0x0000028816a46e24 sp=0x000000ab736fe2f8 mode 3
Event: 22.501 Thread 0x000002880c81f660 Uncommon trap: trap_request=0xffffff45 fr.pc=0x0000028817149b9c relative=0x0000000000000f3c
Event: 22.501 Thread 0x000002880c81f660 Uncommon trap: reason=unstable_if action=reinterpret pc=0x0000028817149b9c method=java.util.Properties.loadConvert([CIILjava/lang/StringBuilder;)Ljava/lang/String; @ 477 c2
Event: 22.501 Thread 0x000002880c81f660 DEOPT PACKING pc=0x0000028817149b9c sp=0x000000ab722f94d0
Event: 22.501 Thread 0x000002880c81f660 DEOPT UNPACKING pc=0x0000028816a4669d sp=0x000000ab722f9498 mode 2

Classes loaded (20 events):
Event: 22.305 Loading class java/util/concurrent/ForkJoinPool$DefaultCommonPoolForkJoinWorkerThreadFactory
Event: 22.305 Loading class java/util/concurrent/ForkJoinPool$DefaultCommonPoolForkJoinWorkerThreadFactory done
Event: 22.305 Loading class java/util/concurrent/ForkJoinPool$WorkQueue
Event: 22.306 Loading class java/util/concurrent/ForkJoinPool$WorkQueue done
Event: 22.306 Loading class java/util/concurrent/CompletableFuture$Completion
Event: 22.306 Loading class java/util/concurrent/CompletableFuture$AsynchronousCompletionTask
Event: 22.306 Loading class java/util/concurrent/CompletableFuture$AsynchronousCompletionTask done
Event: 22.306 Loading class java/util/concurrent/ForkJoinTask
Event: 22.307 Loading class java/util/concurrent/ForkJoinTask done
Event: 22.307 Loading class java/util/concurrent/CompletableFuture$Completion done
Event: 22.310 Loading class java/util/concurrent/CompletableFuture$UniAccept
Event: 22.310 Loading class java/util/concurrent/CompletableFuture$UniCompletion
Event: 22.310 Loading class java/util/concurrent/CompletableFuture$UniCompletion done
Event: 22.310 Loading class java/util/concurrent/CompletableFuture$UniAccept done
Event: 22.311 Loading class java/util/concurrent/ForkJoinTask$Aux
Event: 22.311 Loading class java/util/concurrent/ForkJoinTask$Aux done
Event: 22.411 Loading class java/util/concurrent/Executors$DefaultThreadFactory
Event: 22.411 Loading class java/util/concurrent/Executors$DefaultThreadFactory done
Event: 22.441 Loading class javax/xml/parsers/FactoryConfigurationError
Event: 22.441 Loading class javax/xml/parsers/FactoryConfigurationError done

Classes unloaded (7 events):
Event: 11.815 Thread 0x000002882064c460 Unloading class 0x000000010024a800 'java/lang/invoke/LambdaForm$MH+0x000000010024a800'
Event: 11.815 Thread 0x000002882064c460 Unloading class 0x000000010024a400 'java/lang/invoke/LambdaForm$MH+0x000000010024a400'
Event: 11.816 Thread 0x000002882064c460 Unloading class 0x000000010024a000 'java/lang/invoke/LambdaForm$MH+0x000000010024a000'
Event: 11.816 Thread 0x000002882064c460 Unloading class 0x0000000100249c00 'java/lang/invoke/LambdaForm$MH+0x0000000100249c00'
Event: 11.816 Thread 0x000002882064c460 Unloading class 0x0000000100249800 'java/lang/invoke/LambdaForm$BMH+0x0000000100249800'
Event: 11.816 Thread 0x000002882064c460 Unloading class 0x0000000100249400 'java/lang/invoke/LambdaForm$DMH+0x0000000100249400'
Event: 11.816 Thread 0x000002882064c460 Unloading class 0x0000000100244800 'java/lang/invoke/LambdaForm$DMH+0x0000000100244800'

Classes redefined (0 events):
No events

Internal exceptions (20 events):
Event: 16.780 Thread 0x00000288262527c0 Exception <a 'java/lang/NoSuchMethodError'{0x00000000eafe2128}: 'double java.lang.invoke.DirectMethodHandle$Holder.invokeStatic(java.lang.Object, java.lang.Object)'> (0x00000000eafe2128) 
thrown [s\src\hotspot\share\interpreter\linkResolver.cpp, line 759]
Event: 16.781 Thread 0x00000288262527c0 Exception <a 'java/lang/NoSuchMethodError'{0x00000000eafe5a40}: 'double java.lang.invoke.DirectMethodHandle$Holder.invokeStaticInit(java.lang.Object, java.lang.Object)'> (0x00000000eafe5a40) 
thrown [s\src\hotspot\share\interpreter\linkResolver.cpp, line 759]
Event: 17.145 Thread 0x00000288262527c0 Exception <a 'java/io/FileNotFoundException'{0x00000000ec0b75f0}> (0x00000000ec0b75f0) 
thrown [s\src\hotspot\share\prims\jni.cpp, line 516]
Event: 17.145 Thread 0x00000288262527c0 Exception <a 'java/io/FileNotFoundException'{0x00000000ec0b83e0}> (0x00000000ec0b83e0) 
thrown [s\src\hotspot\share\prims\jni.cpp, line 516]
Event: 17.146 Thread 0x00000288262527c0 Exception <a 'java/io/FileNotFoundException'{0x00000000ec0b9318}> (0x00000000ec0b9318) 
thrown [s\src\hotspot\share\prims\jni.cpp, line 516]
Event: 17.602 Thread 0x00000288262527c0 Implicit null exception at 0x00000288171139c8 to 0x0000028817113a78
Event: 18.074 Thread 0x00000288260a05d0 Exception <a 'java/lang/NoSuchMethodError'{0x00000000eae5dd50}: 'java.lang.Object java.lang.invoke.DirectMethodHandle$Holder.invokeSpecialIFC(java.lang.Object, java.lang.Object, java.lang.Object, java.lang.Object)'> (0x00000000eae5dd50) 
thrown [s\src\hotspot\share\interpreter\linkResolver.cpp, line 759]
Event: 18.156 Thread 0x00000288262527c0 Exception <a 'java/lang/NoSuchMethodError'{0x00000000eb77b0c0}: 'java.lang.Object java.lang.invoke.DirectMethodHandle$Holder.newInvokeSpecial(java.lang.Object, int, java.lang.Object, java.lang.Object)'> (0x00000000eb77b0c0) 
thrown [s\src\hotspot\share\interpreter\linkResolver.cpp, line 759]
Event: 18.169 Thread 0x00000288262527c0 Exception <a 'java/io/FileNotFoundException'{0x00000000eb79e358}> (0x00000000eb79e358) 
thrown [s\src\hotspot\share\prims\jni.cpp, line 516]
Event: 19.245 Thread 0x00000288262527c0 Exception <a 'java/lang/ClassNotFoundException'{0x00000000eb00a128}: com/sun/org/apache/xerces/internal/impl/msg/spi/DOMMessagesProvider> (0x00000000eb00a128) 
thrown [s\src\hotspot\share\classfile\systemDictionary.cpp, line 256]
Event: 19.252 Thread 0x00000288262527c0 Exception <a 'java/lang/ClassNotFoundException'{0x00000000eb02e8a8}: com/sun/org/apache/xerces/internal/impl/msg/spi/XMLSerializerMessagesProvider> (0x00000000eb02e8a8) 
thrown [s\src\hotspot\share\classfile\systemDictionary.cpp, line 256]
Event: 19.254 Thread 0x00000288262527c0 Exception <a 'java/lang/ClassNotFoundException'{0x00000000eb046ef0}: com/sun/org/apache/xerces/internal/impl/msg/spi/XMLMessagesProvider> (0x00000000eb046ef0) 
thrown [s\src\hotspot\share\classfile\systemDictionary.cpp, line 256]
Event: 19.332 Thread 0x00000288260a05d0 Exception <a 'java/lang/NoSuchMethodError'{0x00000000eb20e490}: 'int java.lang.invoke.DirectMethodHandle$Holder.invokeStatic(java.lang.Object, java.lang.Object, java.lang.Object, java.lang.Object, java.lang.Object)'> (0x00000000eb20e490) 
thrown [s\src\hotspot\share\interpreter\linkResolver.cpp, line 759]
Event: 21.436 Thread 0x00000288262527c0 Exception <a 'java/lang/ClassNotFoundException'{0x00000000ebd491d8}: com/sun/org/apache/xml/internal/serializer/spi/XMLEntitiesProvider> (0x00000000ebd491d8) 
thrown [s\src\hotspot\share\classfile\systemDictionary.cpp, line 256]
Event: 21.581 Thread 0x00000288260a05d0 Exception <a 'java/lang/NoClassDefFoundError'{0x00000000ec0e8518}: javax/enterprise/inject/Typed> (0x00000000ec0e8518) 
thrown [s\src\hotspot\share\classfile\systemDictionary.cpp, line 245]
Event: 21.940 Thread 0x00000288262527c0 Exception <a 'java/io/FileNotFoundException'{0x00000000eb05ae98}> (0x00000000eb05ae98) 
thrown [s\src\hotspot\share\prims\jni.cpp, line 516]
Event: 22.076 Thread 0x00000288262527c0 Exception <a 'java/lang/UnsatisfiedLinkError'{0x00000000eb3c24d0}: La procédure spécifiée est introuvable.
> (0x00000000eb3c24d0) 
thrown [s\src\hotspot\share\prims\jni.cpp, line 535]
Event: 22.103 Thread 0x00000288262527c0 Exception <a 'java/io/FileNotFoundException'{0x00000000eb3da5e0}> (0x00000000eb3da5e0) 
thrown [s\src\hotspot\share\prims\jni.cpp, line 516]
Event: 22.126 Thread 0x00000288262527c0 Exception <a 'java/io/FileNotFoundException'{0x00000000eb49dbc8}> (0x00000000eb49dbc8) 
thrown [s\src\hotspot\share\prims\jni.cpp, line 516]
Event: 22.153 Thread 0x00000288262527c0 Exception <a 'java/lang/UnsatisfiedLinkError'{0x00000000eb729df0}: La procédure spécifiée est introuvable.
> (0x00000000eb729df0) 
thrown [s\src\hotspot\share\prims\jni.cpp, line 535]

VM Operations (20 events):
Event: 17.757 Executing VM operation: ParallelGCFailedAllocation
Event: 17.766 Executing VM operation: ParallelGCFailedAllocation done
Event: 18.821 Executing VM operation: ParallelGCFailedAllocation
Event: 18.828 Executing VM operation: ParallelGCFailedAllocation done
Event: 18.886 Executing VM operation: CollectForMetadataAllocation
Event: 18.970 Executing VM operation: CollectForMetadataAllocation done
Event: 19.008 Executing VM operation: HandshakeAllThreads
Event: 19.019 Executing VM operation: HandshakeAllThreads done
Event: 19.552 Executing VM operation: HandshakeAllThreads
Event: 20.996 Executing VM operation: HandshakeAllThreads done
Event: 20.996 Executing VM operation: Cleanup
Event: 21.055 Executing VM operation: Cleanup done
Event: 21.526 Executing VM operation: HandshakeAllThreads
Event: 21.526 Executing VM operation: HandshakeAllThreads done
Event: 21.537 Executing VM operation: HandshakeAllThreads
Event: 21.538 Executing VM operation: HandshakeAllThreads done
Event: 21.597 Executing VM operation: ParallelGCFailedAllocation
Event: 21.612 Executing VM operation: ParallelGCFailedAllocation done
Event: 22.505 Executing VM operation: ParallelGCFailedAllocation
Event: 22.539 Executing VM operation: ParallelGCFailedAllocation done

Events (20 events):
Event: 6.301 Thread 0x0000028825f69f90 Thread exited: 0x0000028825f69f90
Event: 6.412 Thread 0x0000028826471010 Thread added: 0x0000028826471010
Event: 6.449 Thread 0x0000028826471530 Thread added: 0x0000028826471530
Event: 6.476 Thread 0x00000288262527c0 Thread added: 0x00000288262527c0
Event: 6.548 Thread 0x0000028826471010 Thread exited: 0x0000028826471010
Event: 7.081 Thread 0x000002882615e410 Thread added: 0x000002882615e410
Event: 7.635 Thread 0x000002882615e410 Thread exited: 0x000002882615e410
Event: 7.924 Thread 0x00000288260980a0 Thread added: 0x00000288260980a0
Event: 9.098 Thread 0x00000288269f1fd0 Thread added: 0x00000288269f1fd0
Event: 9.605 Thread 0x0000028826bd6310 Thread added: 0x0000028826bd6310
Event: 11.212 Thread 0x00000288260a1500 Thread added: 0x00000288260a1500
Event: 13.614 Thread 0x00000288260a3870 Thread added: 0x00000288260a3870
Event: 13.786 Thread 0x00000288260a05d0 Thread added: 0x00000288260a05d0
Event: 13.927 Thread 0x00000288260a3360 Thread added: 0x00000288260a3360
Event: 17.070 Thread 0x0000028826ee3dd0 Thread added: 0x0000028826ee3dd0
Event: 17.957 Thread 0x00000288260a0ff0 Thread added: 0x00000288260a0ff0
Event: 18.570 Thread 0x0000028826ee3dd0 Thread exited: 0x0000028826ee3dd0
Event: 19.132 Thread 0x0000028828200010 Thread added: 0x0000028828200010
Event: 19.394 Thread 0x00000288260a2940 Thread added: 0x00000288260a2940
Event: 21.680 Thread 0x0000028826bd6310 Thread exited: 0x0000028826bd6310


Dynamic libraries:
0x00007ff753c00000 - 0x00007ff753c0e000 	c:\Users\user\.vscode\extensions\redhat.java-1.35.0-win32-x64\jre\17.0.12-win32-x86_64\bin\java.exe
0x00007ffd07050000 - 0x00007ffd07248000 	C:\WINDOWS\SYSTEM32\ntdll.dll
0x00007ffd066a0000 - 0x00007ffd06761000 	C:\WINDOWS\System32\KERNEL32.DLL
0x00007ffd049b0000 - 0x00007ffd04cad000 	C:\WINDOWS\System32\KERNELBASE.dll
0x00007ffd04db0000 - 0x00007ffd04eb0000 	C:\WINDOWS\System32\ucrtbase.dll
0x00007ffcff5a0000 - 0x00007ffcff5b7000 	c:\Users\user\.vscode\extensions\redhat.java-1.35.0-win32-x64\jre\17.0.12-win32-x86_64\bin\jli.dll
0x00007ffd061b0000 - 0x00007ffd0634d000 	C:\WINDOWS\System32\USER32.dll
0x00007ffd04700000 - 0x00007ffd04722000 	C:\WINDOWS\System32\win32u.dll
0x00007ffd06430000 - 0x00007ffd0645b000 	C:\WINDOWS\System32\GDI32.dll
0x00007ffd04890000 - 0x00007ffd049a7000 	C:\WINDOWS\System32\gdi32full.dll
0x00007ffd04f40000 - 0x00007ffd04fdd000 	C:\WINDOWS\System32\msvcp_win.dll
0x00007ffcfd680000 - 0x00007ffcfd69b000 	c:\Users\user\.vscode\extensions\redhat.java-1.35.0-win32-x64\jre\17.0.12-win32-x86_64\bin\VCRUNTIME140.dll
0x00007ffcf5640000 - 0x00007ffcf58da000 	C:\WINDOWS\WinSxS\amd64_microsoft.windows.common-controls_6595b64144ccf1df_6.0.19041.4355_none_60b8b9eb71f62e16\COMCTL32.dll
0x00007ffd06b00000 - 0x00007ffd06b9e000 	C:\WINDOWS\System32\msvcrt.dll
0x00007ffd06770000 - 0x00007ffd0679f000 	C:\WINDOWS\System32\IMM32.DLL
0x00007ffcfd200000 - 0x00007ffcfd20c000 	c:\Users\user\.vscode\extensions\redhat.java-1.35.0-win32-x64\jre\17.0.12-win32-x86_64\bin\vcruntime140_1.dll
0x00007ffce5d50000 - 0x00007ffce5ddd000 	c:\Users\user\.vscode\extensions\redhat.java-1.35.0-win32-x64\jre\17.0.12-win32-x86_64\bin\msvcp140.dll
0x00007ffcc7e80000 - 0x00007ffcc8aea000 	c:\Users\user\.vscode\extensions\redhat.java-1.35.0-win32-x64\jre\17.0.12-win32-x86_64\bin\server\jvm.dll
0x00007ffd05a80000 - 0x00007ffd05b30000 	C:\WINDOWS\System32\ADVAPI32.dll
0x00007ffd05f40000 - 0x00007ffd05fe0000 	C:\WINDOWS\System32\sechost.dll
0x00007ffd064e0000 - 0x00007ffd06603000 	C:\WINDOWS\System32\RPCRT4.dll
0x00007ffd05050000 - 0x00007ffd05077000 	C:\WINDOWS\System32\bcrypt.dll
0x00007ffd05a10000 - 0x00007ffd05a7b000 	C:\WINDOWS\System32\WS2_32.dll
0x00007ffd03c00000 - 0x00007ffd03c4b000 	C:\WINDOWS\SYSTEM32\POWRPROF.dll
0x00007ffcf7120000 - 0x00007ffcf7147000 	C:\WINDOWS\SYSTEM32\WINMM.dll
0x00007ffcf4920000 - 0x00007ffcf492a000 	C:\WINDOWS\SYSTEM32\VERSION.dll
0x00007ffd03ac0000 - 0x00007ffd03ad2000 	C:\WINDOWS\SYSTEM32\UMPDC.dll
0x00007ffd02540000 - 0x00007ffd02552000 	C:\WINDOWS\SYSTEM32\kernel.appcore.dll
0x00007ffcfcc80000 - 0x00007ffcfcc8a000 	c:\Users\user\.vscode\extensions\redhat.java-1.35.0-win32-x64\jre\17.0.12-win32-x86_64\bin\jimage.dll
0x00007ffcec670000 - 0x00007ffcec854000 	C:\WINDOWS\SYSTEM32\DBGHELP.DLL
0x00007ffcec630000 - 0x00007ffcec664000 	C:\WINDOWS\SYSTEM32\dbgcore.DLL
0x00007ffd04eb0000 - 0x00007ffd04f32000 	C:\WINDOWS\System32\bcryptPrimitives.dll
0x00007ffcfcc70000 - 0x00007ffcfcc7e000 	c:\Users\user\.vscode\extensions\redhat.java-1.35.0-win32-x64\jre\17.0.12-win32-x86_64\bin\instrument.dll
0x00007ffcfb3e0000 - 0x00007ffcfb405000 	c:\Users\user\.vscode\extensions\redhat.java-1.35.0-win32-x64\jre\17.0.12-win32-x86_64\bin\java.dll
0x00007ffcfc560000 - 0x00007ffcfc578000 	c:\Users\user\.vscode\extensions\redhat.java-1.35.0-win32-x64\jre\17.0.12-win32-x86_64\bin\zip.dll
0x00007ffd050f0000 - 0x00007ffd0585f000 	C:\WINDOWS\System32\SHELL32.dll
0x00007ffd02740000 - 0x00007ffd02ee3000 	C:\WINDOWS\SYSTEM32\windows.storage.dll
0x00007ffd05b30000 - 0x00007ffd05e83000 	C:\WINDOWS\System32\combase.dll
0x00007ffd04050000 - 0x00007ffd0407e000 	C:\WINDOWS\SYSTEM32\Wldp.dll
0x00007ffd060e0000 - 0x00007ffd061ad000 	C:\WINDOWS\System32\OLEAUT32.dll
0x00007ffd05e90000 - 0x00007ffd05f3d000 	C:\WINDOWS\System32\SHCORE.dll
0x00007ffd05090000 - 0x00007ffd050e5000 	C:\WINDOWS\System32\shlwapi.dll
0x00007ffd04630000 - 0x00007ffd04654000 	C:\WINDOWS\SYSTEM32\profapi.dll
0x00007ffcfb3c0000 - 0x00007ffcfb3d9000 	C:\Users\user\.vscode\extensions\redhat.java-1.35.0-win32-x64\jre\17.0.12-win32-x86_64\bin\net.dll
0x00007ffcfb5c0000 - 0x00007ffcfb6cd000 	C:\WINDOWS\SYSTEM32\WINHTTP.dll
0x00007ffd03e30000 - 0x00007ffd03e9a000 	C:\WINDOWS\system32\mswsock.dll
0x00007ffcfb3a0000 - 0x00007ffcfb3b6000 	C:\Users\user\.vscode\extensions\redhat.java-1.35.0-win32-x64\jre\17.0.12-win32-x86_64\bin\nio.dll
0x00007ffcfa270000 - 0x00007ffcfa280000 	c:\Users\user\.vscode\extensions\redhat.java-1.35.0-win32-x64\jre\17.0.12-win32-x86_64\bin\verify.dll
0x00007ffcef120000 - 0x00007ffcef165000 	C:\Users\user\AppData\Roaming\Code\User\globalStorage\redhat.java\1.35.0\config_win\org.eclipse.equinox.launcher\org.eclipse.equinox.launcher.win32.win32.x86_64_1.2.1100.v20240722-2106\eclipse_11904.dll
0x00007ffd067a0000 - 0x00007ffd068cb000 	C:\WINDOWS\System32\ole32.dll
0x00007ffd04390000 - 0x00007ffd043a8000 	C:\WINDOWS\SYSTEM32\CRYPTSP.dll
0x00007ffd036a0000 - 0x00007ffd036d4000 	C:\WINDOWS\system32\rsaenh.dll
0x00007ffd045f0000 - 0x00007ffd0461e000 	C:\WINDOWS\SYSTEM32\USERENV.dll
0x00007ffd03fc0000 - 0x00007ffd03fcc000 	C:\WINDOWS\SYSTEM32\CRYPTBASE.dll
0x00007ffd03ae0000 - 0x00007ffd03b1b000 	C:\WINDOWS\SYSTEM32\IPHLPAPI.DLL
0x00007ffd05080000 - 0x00007ffd05088000 	C:\WINDOWS\System32\NSI.dll
0x00007ffcfc980000 - 0x00007ffcfc997000 	C:\WINDOWS\SYSTEM32\dhcpcsvc6.DLL
0x00007ffcfc960000 - 0x00007ffcfc97d000 	C:\WINDOWS\SYSTEM32\dhcpcsvc.DLL
0x00007ffd03b30000 - 0x00007ffd03bfa000 	C:\WINDOWS\SYSTEM32\DNSAPI.dll
0x00007ffcee1e0000 - 0x00007ffcee229000 	C:\Users\user\AppData\Local\Temp\jna-3599307\jna14500511701563618185.dll
0x00007ffd06070000 - 0x00007ffd06078000 	C:\WINDOWS\System32\PSAPI.DLL

dbghelp: loaded successfully - version: 4.0.5 - missing functions: none
symbol engine: initialized successfully - sym options: 0x614 - pdb path: .;c:\Users\user\.vscode\extensions\redhat.java-1.35.0-win32-x64\jre\17.0.12-win32-x86_64\bin;C:\WINDOWS\SYSTEM32;C:\WINDOWS\WinSxS\amd64_microsoft.windows.common-controls_6595b64144ccf1df_6.0.19041.4355_none_60b8b9eb71f62e16;c:\Users\user\.vscode\extensions\redhat.java-1.35.0-win32-x64\jre\17.0.12-win32-x86_64\bin\server;C:\Users\user\AppData\Roaming\Code\User\globalStorage\redhat.java\1.35.0\config_win\org.eclipse.equinox.launcher\org.eclipse.equinox.launcher.win32.win32.x86_64_1.2.1100.v20240722-2106;C:\Users\user\AppData\Local\Temp\jna-3599307

VM Arguments:
jvm_args: --add-modules=ALL-SYSTEM --add-opens=java.base/java.util=ALL-UNNAMED --add-opens=java.base/java.lang=ALL-UNNAMED --add-opens=java.base/sun.nio.fs=ALL-UNNAMED -Declipse.application=org.eclipse.jdt.ls.core.id1 -Dosgi.bundles.defaultStartLevel=4 -Declipse.product=org.eclipse.jdt.ls.core.product -Djava.import.generatesMetadataFilesAtProjectRoot=false -DDetectVMInstallationsJob.disabled=true -Dfile.encoding=utf8 -XX:+UseParallelGC -XX:GCTimeRatio=4 -XX:AdaptiveSizePolicyWeight=90 -Dsun.zip.disableMemoryMapping=true -Xmx1G -Xms100m -Xlog:disable -javaagent:c:\Users\user\.vscode\extensions\redhat.java-1.35.0-win32-x64\lombok\lombok-1.18.33.jar -XX:+HeapDumpOnOutOfMemoryError -XX:HeapDumpPath=c:\Users\user\AppData\Roaming\Code\User\workspaceStorage\b9e5c6bf76a5906f90f2701a3e33a214\redhat.java -Daether.dependencyCollector.impl=bf 
java_command: c:\Users\user\.vscode\extensions\redhat.java-1.35.0-win32-x64\server\plugins\org.eclipse.equinox.launcher_1.6.900.v20240613-2009.jar -configuration c:\Users\user\AppData\Roaming\Code\User\globalStorage\redhat.java\1.35.0\config_win -data c:\Users\user\AppData\Roaming\Code\User\workspaceStorage\b9e5c6bf76a5906f90f2701a3e33a214\redhat.java\jdt_ws --pipe=\\.\pipe\lsp-a4003b2d1a368651dc3c84f831e343fb-sock
java_class_path (initial): c:\Users\user\.vscode\extensions\redhat.java-1.35.0-win32-x64\server\plugins\org.eclipse.equinox.launcher_1.6.900.v20240613-2009.jar
Launcher Type: SUN_STANDARD

[Global flags]
    uintx AdaptiveSizePolicyWeight                 = 90                                        {product} {command line}
     intx CICompilerCount                          = 3                                         {product} {ergonomic}
    uintx GCTimeRatio                              = 4                                         {product} {command line}
     bool HeapDumpOnOutOfMemoryError               = true                                   {manageable} {command line}
    ccstr HeapDumpPath                             = c:\Users\user\AppData\Roaming\Code\User\workspaceStorage\b9e5c6bf76a5906f90f2701a3e33a214\redhat.java         {manageable} {command line}
   size_t InitialHeapSize                          = 104857600                                 {product} {command line}
   size_t MaxHeapSize                              = 1073741824                                {product} {command line}
   size_t MaxNewSize                               = 357564416                                 {product} {ergonomic}
   size_t MinHeapDeltaBytes                        = 524288                                    {product} {ergonomic}
   size_t MinHeapSize                              = 104857600                                 {product} {command line}
   size_t NewSize                                  = 34603008                                  {product} {ergonomic}
    uintx NonNMethodCodeHeapSize                   = 5832780                                {pd product} {ergonomic}
    uintx NonProfiledCodeHeapSize                  = 122912730                              {pd product} {ergonomic}
   size_t OldSize                                  = 70254592                                  {product} {ergonomic}
    uintx ProfiledCodeHeapSize                     = 122912730                              {pd product} {ergonomic}
    uintx ReservedCodeCacheSize                    = 251658240                              {pd product} {ergonomic}
     bool SegmentedCodeCache                       = true                                      {product} {ergonomic}
   size_t SoftMaxHeapSize                          = 1073741824                             {manageable} {ergonomic}
     bool UseCompressedClassPointers               = true                           {product lp64_product} {ergonomic}
     bool UseCompressedOops                        = true                           {product lp64_product} {ergonomic}
     bool UseLargePagesIndividualAllocation        = false                                  {pd product} {ergonomic}
     bool UseParallelGC                            = true                                      {product} {command line}

Logging:
Log output configuration:
 #0: stdout all=off uptime,level,tags
 #1: stderr all=off uptime,level,tags

Environment Variables:
JAVA_HOME=C:\Program Files\Java\jdk-21
PATH=C:\Program Files\Common Files\Oracle\Java\javapath;C:\WINDOWS\system32;C:\WINDOWS;C:\WINDOWS\System32\Wbem;C:\WINDOWS\System32\WindowsPowerShell\v1.0\;C:\WINDOWS\System32\OpenSSH\;C:\ProgramData\chocolatey\bin;C:\Program Files\Git\cmd;C:\Program Files\OpenSSL-Win64\bin;C:\Program Files\Docker\Docker\resources\bin;C:\Users\user\AppData\Roaming\nvm;C:\Program Files\nodejs;C:\Program Files\nodejs;C:\Program Files\nodejs;C:\Program Files\apache-maven-3.9.6\bin;C:\Program Files\Common Files\Oracle\Java\javapath;C:\WINDOWS\system32;C:\WINDOWS;C:\WINDOWS\System32\Wbem;C:\WINDOWS\System32\WindowsPowerShell\v1.0\;C:\WINDOWS\System32\OpenSSH\;C:\ProgramData\chocolatey\bin;C:\Program Files\Git\cmd;C:\Program Files\OpenSSL-Win64\bin;C:\Program Files\Docker\Docker\resources\bin;C:\Users\user\AppData\Roaming\nvm;C:\Program Files\nodejs;C:\Program Files\nodejs;C:\Program Files\nodejs;;C:\Users\user\AppData\Local\Programs\Microsoft VS Code\bin;C:\Users\user\AppData\Roaming\nvm;C:\Program Files\nodejs
USERNAME=user
OS=Windows_NT
PROCESSOR_IDENTIFIER=Intel64 Family 6 Model 37 Stepping 5, GenuineIntel
TMP=C:\Users\user\AppData\Local\Temp
TEMP=C:\Users\user\AppData\Local\Temp



Periodic native trim disabled


---------------  S Y S T E M  ---------------

OS:
 Windows 10 , 64 bit Build 19041 (10.0.19041.4842)
OS uptime: 0 days 11:06 hours
Hyper-V role detected

CPU: total 4 (initial active 4) (2 cores per cpu, 2 threads per core) family 6 model 37 stepping 5 microcode 0x7, cx8, cmov, fxsr, ht, mmx, sse, sse2, sse3, ssse3, sse4.1, sse4.2, popcnt, tsc, tscinvbit, clflush, hv
Processor Information for all 4 processors :
  Max Mhz: 2399, Current Mhz: 2399, Mhz Limit: 2399

Memory: 4k page, system-wide physical 5941M (467M free)
TotalPageFile size 8941M (AvailPageFile size 11M)
current process WorkingSet (physical memory assigned to process): 159M, peak: 180M
current process commit charge ("private bytes"): 242M, peak: 264M

vm_info: OpenJDK 64-Bit Server VM (17.0.12+7) for windows-amd64 JRE (17.0.12+7), built on Jul 16 2024 22:08:24 by "admin" with MS VC++ 16.10 / 16.11 (VS2019)

END.
