#
# There is insufficient memory for the Java Runtime Environment to continue.
# Native memory allocation (malloc) failed to allocate 664240 bytes. Error detail: Chunk::new
# Possible reasons:
#   The system is out of physical RAM or swap space
#   This process is running with CompressedOops enabled, and the Java Heap may be blocking the growth of the native heap
# Possible solutions:
#   Reduce memory load on the system
#   Increase physical memory or swap space
#   Check if swap backing store is full
#   Decrease Java heap size (-Xmx/-Xms)
#   Decrease number of Java threads
#   Decrease Java thread stack sizes (-Xss)
#   Set larger code cache with -XX:ReservedCodeCacheSize=
#   JVM is running with Unscaled Compressed Oops mode in which the Java heap is
#     placed in the first 4GB address space. The Java Heap base address is the
#     maximum limit for the native heap growth. Please use -XX:HeapBaseMinAddress
#     to set the Java Heap base and to place the Java Heap above 4GB virtual address.
# This output file may be truncated or incomplete.
#
#  Out of Memory Error (arena.cpp:191), pid=6636, tid=10912
#
# JRE version: OpenJDK Runtime Environment Temurin-17.0.12+7 (17.0.12+7) (build 17.0.12+7)
# Java VM: OpenJDK 64-Bit Server VM Temurin-17.0.12+7 (17.0.12+7, mixed mode, tiered, compressed oops, compressed class ptrs, parallel gc, windows-amd64)
# No core dump will be written. Minidumps are not enabled by default on client versions of Windows
#

---------------  S U M M A R Y ------------

Command Line: --add-modules=ALL-SYSTEM --add-opens=java.base/java.util=ALL-UNNAMED --add-opens=java.base/java.lang=ALL-UNNAMED --add-opens=java.base/sun.nio.fs=ALL-UNNAMED -Declipse.application=org.eclipse.jdt.ls.core.id1 -Dosgi.bundles.defaultStartLevel=4 -Declipse.product=org.eclipse.jdt.ls.core.product -Djava.import.generatesMetadataFilesAtProjectRoot=false -DDetectVMInstallationsJob.disabled=true -Dfile.encoding=utf8 -XX:+UseParallelGC -XX:GCTimeRatio=4 -XX:AdaptiveSizePolicyWeight=90 -Dsun.zip.disableMemoryMapping=true -Xmx1G -Xms100m -Xlog:disable -javaagent:c:\Users\user\.vscode\extensions\redhat.java-1.35.0-win32-x64\lombok\lombok-1.18.33.jar -XX:+HeapDumpOnOutOfMemoryError -XX:HeapDumpPath=c:\Users\user\AppData\Roaming\Code\User\workspaceStorage\079f6f517649c5123b03c41ab70807b5\redhat.java -Daether.dependencyCollector.impl=bf c:\Users\user\.vscode\extensions\redhat.java-1.35.0-win32-x64\server\plugins\org.eclipse.equinox.launcher_1.6.900.v20240613-2009.jar -configuration c:\Users\user\AppData\Roaming\Code\User\globalStorage\redhat.java\1.35.0\config_win -data c:\Users\user\AppData\Roaming\Code\User\workspaceStorage\079f6f517649c5123b03c41ab70807b5\redhat.java\jdt_ws --pipe=\\.\pipe\lsp-6cd81bbd7581c34868f0dedfc66efb48-sock

Host: Intel(R) Core(TM) i3 CPU       M 370  @ 2.40GHz, 4 cores, 5G,  Windows 10 , 64 bit Build 19041 (10.0.19041.4842)
Time: Fri Sep 27 10:48:17 2024 Paris, Madrid (heure duild 19041 (10.0.19041.4842) elapsed time: 153.409750 seconds (0d 0h 2m 33s)

---------------  T H R E A D  ---------------

Current thread (0x000001d9f8694ad0):  JavaThread "C2 CompilerThread1" daemon [_thread_in_native, id=10912, stack(0x000000344bf00000,0x000000344c000000)]


Current CompileTask:
C2: 153409 14484       4       org.apache.maven.model.inheritance.DefaultInheritanceAssembler$InheritanceModelMerger::mergePlugin (71 bytes)

Stack: [0x000000344bf00000,0x000000344c000000]
Native frames: (J=compiled Java code, j=interpreted, Vv=VM code, C=native code)
V  [jvm.dll+0x67f929]
V  [jvm.dll+0x8371ba]
V  [jvm.dll+0x838c7e]
V  [jvm.dll+0x8392e3]
V  [jvm.dll+0x24834f]
V  [jvm.dll+0xac9d4]
V  [jvm.dll+0xad01c]
V  [jvm.dll+0x3674a7]
V  [jvm.dll+0x33197a]
V  [jvm.dll+0x330e1a]
V  [jvm.dll+0x21a8b1]
V  [jvm.dll+0x219cf1]
V  [jvm.dll+0x1a58bd]
V  [jvm.dll+0x229a2d]
V  [jvm.dll+0x227bdc]
V  [jvm.dll+0x7ec1f7]
V  [jvm.dll+0x7e65dc]
V  [jvm.dll+0x67e7f7]
C  [ucrtbase.dll+0x21bb2]
C  [KERNEL32.DLL+0x17374]
C  [ntdll.dll+0x4cc91]


---------------  P R O C E S S  ---------------

Threads class SMR info:
_java_thread_list=0x000001d9f698d000, length=42, elements={
0x000001d9d9cb00f0, 0x000001d9edaf2260, 0x000001d9edaf3b90, 0x000001d9edb1c550,
0x000001d9edb1d2e0, 0x000001d9edb1e070, 0x000001d9edb23970, 0x000001d9edb24620,
0x000001d9f2d28f50, 0x000001d9f2d2bc20, 0x000001d9f2e4b6f0, 0x000001d9f2f5ab10,
0x000001d9f37cb5b0, 0x000001d9f378a470, 0x000001d9f378a950, 0x000001d9f32eed60,
0x000001d9f3ddfa20, 0x000001d9f3de0440, 0x000001d9f3dddbc0, 0x000001d9f3ddcc90,
0x000001d9f3dde0d0, 0x000001d9f3ddf510, 0x000001d9f3ddf000, 0x000001d9f3dde5e0,
0x000001d9f3ddeaf0, 0x000001d9f3ddff30, 0x000001d9f5ed5150, 0x000001d9f5ed0a70,
0x000001d9f5ed4220, 0x000001d9f5ed4730, 0x000001d9f5ed5b70, 0x000001d9f5ed3800,
0x000001d9f5ed5660, 0x000001d9f5ed0f80, 0x000001d9f5ed23c0, 0x000001d9f5ed6aa0,
0x000001d9f5ed1eb0, 0x000001d9f5ed3d10, 0x000001d9f5ed19a0, 0x000001d9f3ddd6b0,
0x000001d9f7d37ad0, 0x000001d9f8694ad0
}

Java Threads: ( => current thread )
  0x000001d9d9cb00f0 JavaThread "main" [_thread_blocked, id=9176, stack(0x000000344c000000,0x000000344c100000)]
  0x000001d9edaf2260 JavaThread "Reference Handler" daemon [_thread_blocked, id=6540, stack(0x000000344c300000,0x000000344c400000)]
  0x000001d9edaf3b90 JavaThread "Finalizer" daemon [_thread_blocked, id=6948, stack(0x000000344c400000,0x000000344c500000)]
  0x000001d9edb1c550 JavaThread "Signal Dispatcher" daemon [_thread_blocked, id=1892, stack(0x000000344c500000,0x000000344c600000)]
  0x000001d9edb1d2e0 JavaThread "Attach Listener" daemon [_thread_blocked, id=5160, stack(0x000000344c600000,0x000000344c700000)]
  0x000001d9edb1e070 JavaThread "Service Thread" daemon [_thread_blocked, id=8936, stack(0x000000344c700000,0x000000344c800000)]
  0x000001d9edb23970 JavaThread "Monitor Deflation Thread" daemon [_thread_blocked, id=6828, stack(0x000000344c800000,0x000000344c900000)]
  0x000001d9edb24620 JavaThread "C2 CompilerThread0" daemon [_thread_in_native, id=5252, stack(0x000000344c900000,0x000000344ca00000)]
  0x000001d9f2d28f50 JavaThread "C1 CompilerThread0" daemon [_thread_blocked, id=6748, stack(0x000000344ca00000,0x000000344cb00000)]
  0x000001d9f2d2bc20 JavaThread "Sweeper thread" daemon [_thread_blocked, id=11080, stack(0x000000344cb00000,0x000000344cc00000)]
  0x000001d9f2e4b6f0 JavaThread "Common-Cleaner" daemon [_thread_blocked, id=2176, stack(0x000000344cc00000,0x000000344cd00000)]
  0x000001d9f2f5ab10 JavaThread "Notification Thread" daemon [_thread_blocked, id=5408, stack(0x000000344cd00000,0x000000344ce00000)]
  0x000001d9f37cb5b0 JavaThread "Active Thread: Equinox Container: da430516-5c0b-4c1a-8d94-1328e0b872bf" [_thread_blocked, id=6488, stack(0x000000344d300000,0x000000344d400000)]
  0x000001d9f378a470 JavaThread "Framework Event Dispatcher: Equinox Container: da430516-5c0b-4c1a-8d94-1328e0b872bf" daemon [_thread_blocked, id=7612, stack(0x000000344d200000,0x000000344d300000)]
  0x000001d9f378a950 JavaThread "Start Level: Equinox Container: da430516-5c0b-4c1a-8d94-1328e0b872bf" daemon [_thread_blocked, id=1780, stack(0x000000344d400000,0x000000344d500000)]
  0x000001d9f32eed60 JavaThread "Bundle File Closer" daemon [_thread_blocked, id=4560, stack(0x000000344d600000,0x000000344d700000)]
  0x000001d9f3ddfa20 JavaThread "SCR Component Actor" daemon [_thread_blocked, id=3832, stack(0x000000344d500000,0x000000344d600000)]
  0x000001d9f3de0440 JavaThread "Worker-JM" [_thread_blocked, id=10668, stack(0x000000344d800000,0x000000344d900000)]
  0x000001d9f3dddbc0 JavaThread "JNA Cleaner" daemon [_thread_blocked, id=1372, stack(0x000000344d900000,0x000000344da00000)]
  0x000001d9f3ddcc90 JavaThread "Worker-0" [_thread_blocked, id=5864, stack(0x000000344da00000,0x000000344db00000)]
  0x000001d9f3dde0d0 JavaThread "Worker-1" [_thread_blocked, id=6136, stack(0x000000344db00000,0x000000344dc00000)]
  0x000001d9f3ddf510 JavaThread "Worker-2: Initialize workspace" [_thread_blocked, id=4924, stack(0x000000344dc00000,0x000000344dd00000)]
  0x000001d9f3ddf000 JavaThread "Java indexing" daemon [_thread_in_Java, id=9620, stack(0x000000344de00000,0x000000344df00000)]
  0x000001d9f3dde5e0 JavaThread "Thread-2" daemon [_thread_in_native, id=3780, stack(0x000000344d700000,0x000000344d800000)]
  0x000001d9f3ddeaf0 JavaThread "Thread-3" daemon [_thread_in_native, id=9672, stack(0x000000344e100000,0x000000344e200000)]
  0x000001d9f3ddff30 JavaThread "Thread-4" daemon [_thread_in_native, id=6920, stack(0x000000344e200000,0x000000344e300000)]
  0x000001d9f5ed5150 JavaThread "Thread-5" daemon [_thread_in_native, id=9280, stack(0x000000344e300000,0x000000344e400000)]
  0x000001d9f5ed0a70 JavaThread "Thread-6" daemon [_thread_in_native, id=836, stack(0x000000344e400000,0x000000344e500000)]
  0x000001d9f5ed4220 JavaThread "pool-2-thread-1" [_thread_blocked, id=200, stack(0x000000344e500000,0x000000344e600000)]
  0x000001d9f5ed4730 JavaThread "WorkspaceEventsHandler" [_thread_blocked, id=9552, stack(0x000000344e600000,0x000000344e700000)]
  0x000001d9f5ed5b70 JavaThread "pool-1-thread-1" [_thread_blocked, id=7536, stack(0x000000344e700000,0x000000344e800000)]
  0x000001d9f5ed3800 JavaThread "Worker-3" [_thread_blocked, id=11112, stack(0x000000344e800000,0x000000344e900000)]
  0x000001d9f5ed5660 JavaThread "ForkJoinPool.commonPool-worker-1" daemon [_thread_blocked, id=11044, stack(0x000000344e900000,0x000000344ea00000)]
  0x000001d9f5ed0f80 JavaThread "ForkJoinPool.commonPool-worker-2" daemon [_thread_blocked, id=6640, stack(0x000000344ea00000,0x000000344eb00000)]
  0x000001d9f5ed23c0 JavaThread "Worker-4" [_thread_blocked, id=10612, stack(0x000000344dd00000,0x000000344de00000)]
  0x000001d9f5ed6aa0 JavaThread "Worker-5" [_thread_blocked, id=1748, stack(0x000000344ec00000,0x000000344ed00000)]
  0x000001d9f5ed1eb0 JavaThread "Worker-6: Building" [_thread_in_Java, id=10216, stack(0x000000344ed00000,0x000000344ee00000)]
  0x000001d9f5ed3d10 JavaThread "ForkJoinPool.commonPool-worker-3" daemon [_thread_blocked, id=3112, stack(0x000000344be00000,0x000000344bf00000)]
  0x000001d9f5ed19a0 JavaThread "Compiler Source File Reader" daemon [_thread_blocked, id=1320, stack(0x000000344df00000,0x000000344e000000)]
  0x000001d9f3ddd6b0 JavaThread "Compiler Source File Reader" daemon [_thread_blocked, id=3120, stack(0x000000344eb00000,0x000000344ec00000)]
  0x000001d9f7d37ad0 JavaThread "Compiler Processing Task" daemon [_thread_blocked, id=7668, stack(0x000000344ee00000,0x000000344ef00000)]
=>0x000001d9f8694ad0 JavaThread "C2 CompilerThread1" daemon [_thread_in_native, id=10912, stack(0x000000344bf00000,0x000000344c000000)]

Other Threads:
  0x000001d9edadc650 VMThread "VM Thread" [stack: 0x000000344c200000,0x000000344c300000] [id=4572]
  0x000001d9f2f99580 WatcherThread [stack: 0x000000344ce00000,0x000000344cf00000] [id=1424]
  0x000001d9d9cc4880 GCTaskThread "GC Thread#0" [stack: 0x000000344c100000,0x000000344c200000] [id=10060]
  0x000001d9f38ee690 GCTaskThread "GC Thread#1" [stack: 0x000000344cf00000,0x000000344d000000] [id=9696]
  0x000001d9f3428440 GCTaskThread "GC Thread#2" [stack: 0x000000344d000000,0x000000344d100000] [id=4252]
  0x000001d9f3428700 GCTaskThread "GC Thread#3" [stack: 0x000000344d100000,0x000000344d200000] [id=9872]

Threads with active compile tasks:
C2 CompilerThread0   153487 14533   !   4       com.google.inject.spi.InjectionPoint::getInjectionPoints (491 bytes)
C2 CompilerThread1   153488 14484       4       org.apache.maven.model.inheritance.DefaultInheritanceAssembler$InheritanceModelMerger::mergePlugin (71 bytes)

VM state: not at safepoint (normal execution)

VM Mutex/Monitor currently owned by a thread: None

Heap address: 0x00000000c0000000, size: 1024 MB, Compressed Oops mode: 32-bit

CDS archive(s) not mapped
Compressed class space mapped at: 0x0000000100000000-0x0000000140000000, reserved size: 1073741824
Narrow klass base: 0x0000000000000000, Narrow klass shift: 3, Narrow klass range: 0x140000000

GC Precious Log:
 CPUs: 4 total, 4 available
 Memory: 5941M
 Large Page Support: Disabled
 NUMA Support: Disabled
 Compressed Oops: Enabled (32-bit)
 Alignments: Space 512K, Generation 512K, Heap 2M
 Heap Min Capacity: 100M
 Heap Initial Capacity: 100M
 Heap Max Capacity: 1G
 Pre-touch: Disabled
 Parallel Workers: 4

Heap:
 PSYoungGen      total 12288K, used 4556K [0x00000000eab00000, 0x00000000ec580000, 0x0000000100000000)
  eden space 10752K, 28% used [0x00000000eab00000,0x00000000eadf83e0,0x00000000eb580000)
  from space 1536K, 98% used [0x00000000ec100000,0x00000000ec27ad80,0x00000000ec280000)
  to   space 8192K, 0% used [0x00000000eb580000,0x00000000eb580000,0x00000000ebd80000)
 ParOldGen       total 297984K, used 257286K [0x00000000c0000000, 0x00000000d2300000, 0x00000000eab00000)
  object space 297984K, 86% used [0x00000000c0000000,0x00000000cfb41bb0,0x00000000d2300000)
 Metaspace       used 78166K, committed 79552K, reserved 1179648K
  class space    used 7931K, committed 8512K, reserved 1048576K

Card table byte_map: [0x000001d9d9670000,0x000001d9d9880000] _byte_map_base: 0x000001d9d9070000

Marking Bits: (ParMarkBitMap*) 0x00007ffcc4db58b0
 Begin Bits: [0x000001d9eb950000, 0x000001d9ec950000)
 End Bits:   [0x000001d9ec950000, 0x000001d9ed950000)

Polling page: 0x000001d9d7e40000

Metaspace:

Usage:
  Non-class:     68.59 MB used.
      Class:      7.75 MB used.
       Both:     76.33 MB used.

Virtual space:
  Non-class space:      128.00 MB reserved,      69.38 MB ( 54%) committed,  2 nodes.
      Class space:        1.00 GB reserved,       8.31 MB ( <1%) committed,  1 nodes.
             Both:        1.12 GB reserved,      77.69 MB (  7%) committed. 

Chunk freelists:
   Non-Class:  10.65 MB
       Class:  7.64 MB
        Both:  18.29 MB

MaxMetaspaceSize: unlimited
CompressedClassSpaceSize: 1.00 GB
Initial GC threshold: 21.00 MB
Current GC threshold: 128.88 MB
CDS: off
MetaspaceReclaimPolicy: balanced
 - commit_granule_bytes: 65536.
 - commit_granule_words: 8192.
 - virtual_space_node_default_size: 8388608.
 - enlarge_chunks_in_place: 1.
 - new_chunks_are_fully_committed: 0.
 - uncommit_free_chunks: 1.
 - use_allocation_guard: 0.
 - handle_deallocations: 1.


Internal statistics:

num_allocs_failed_limit: 9.
num_arena_births: 1010.
num_arena_deaths: 30.
num_vsnodes_births: 3.
num_vsnodes_deaths: 0.
num_space_committed: 1243.
num_space_uncommitted: 0.
num_chunks_returned_to_freelist: 46.
num_chunks_taken_from_freelist: 4513.
num_chunk_merges: 17.
num_chunk_splits: 2669.
num_chunks_enlarged: 1395.
num_inconsistent_stats: 0.

CodeHeap 'non-profiled nmethods': size=120000Kb used=10204Kb max_used=10204Kb free=109796Kb
 bounds [0x000001d9e4420000, 0x000001d9e4e20000, 0x000001d9eb950000]
CodeHeap 'profiled nmethods': size=120000Kb used=27505Kb max_used=27505Kb free=92495Kb
 bounds [0x000001d9dc950000, 0x000001d9de430000, 0x000001d9e3e80000]
CodeHeap 'non-nmethods': size=5760Kb used=1387Kb max_used=1466Kb free=4372Kb
 bounds [0x000001d9e3e80000, 0x000001d9e40f0000, 0x000001d9e4420000]
 total_blobs=12893 nmethods=12147 adapters=659
 compilation: enabled
              stopped_count=0, restarted_count=0
 full_count=0

Compilation events (20 events):
Event: 153.331 Thread 0x000001d9f2d28f50 14513       3       org.eclipse.aether.repository.LocalArtifactResult::setFile (7 bytes)
Event: 153.331 Thread 0x000001d9f2d28f50 nmethod 14513 0x000001d9de415290 code [0x000001d9de415420, 0x000001d9de415558]
Event: 153.331 Thread 0x000001d9f2d28f50 14520       3       org.eclipse.aether.internal.impl.EnhancedLocalRepositoryManager::checkFind (149 bytes)
Event: 153.335 Thread 0x000001d9f2d28f50 nmethod 14520 0x000001d9de415610 code [0x000001d9de415a40, 0x000001d9de417598]
Event: 153.335 Thread 0x000001d9f2d28f50 14514       3       org.eclipse.aether.internal.impl.EnhancedLocalRepositoryManager::readRepos (33 bytes)
Event: 153.336 Thread 0x000001d9f2d28f50 nmethod 14514 0x000001d9de418010 code [0x000001d9de418200, 0x000001d9de418638]
Event: 153.336 Thread 0x000001d9f2d28f50 14515   !   3       org.eclipse.aether.internal.impl.DefaultTrackingFileManager::getMutex (29 bytes)
Event: 153.337 Thread 0x000001d9f2d28f50 nmethod 14515 0x000001d9de418890 code [0x000001d9de418ac0, 0x000001d9de418f98]
Event: 153.337 Thread 0x000001d9f2d28f50 14517       3       org.eclipse.aether.internal.impl.LocalPathPrefixComposerFactorySupport$LocalPathPrefixComposerSupport::getPathPrefixForLocalArtifact (66 bytes)
Event: 153.340 Thread 0x000001d9f2d28f50 nmethod 14517 0x000001d9de419310 code [0x000001d9de4195e0, 0x000001d9de41a2e8]
Event: 153.340 Thread 0x000001d9f2d28f50 14518       3       org.eclipse.aether.internal.impl.DefaultLocalPathComposer::getPathForArtifact (177 bytes)
Event: 153.344 Thread 0x000001d9f2d28f50 nmethod 14518 0x000001d9de41a810 code [0x000001d9de41ac00, 0x000001d9de41c228]
Event: 153.344 Thread 0x000001d9f2d28f50 14519       3       org.eclipse.aether.internal.impl.EnhancedLocalRepositoryManager::concatPaths (37 bytes)
Event: 153.345 Thread 0x000001d9f2d28f50 nmethod 14519 0x000001d9de41cb10 code [0x000001d9de41cd60, 0x000001d9de41d4b8]
Event: 153.345 Thread 0x000001d9f2d28f50 14521       3       org.eclipse.aether.internal.impl.EnhancedLocalRepositoryManager::getTrackingFile (16 bytes)
Event: 153.346 Thread 0x000001d9f2d28f50 nmethod 14521 0x000001d9de41d790 code [0x000001d9de41d940, 0x000001d9de41db38]
Event: 153.374 Thread 0x000001d9f2d28f50 14522       3       org.codehaus.plexus.util.StringUtils::isNotEmpty (17 bytes)
Event: 153.374 Thread 0x000001d9f2d28f50 nmethod 14522 0x000001d9de41dc90 code [0x000001d9de41de40, 0x000001d9de41e098]
Event: 153.375 Thread 0x000001d9f2d28f50 14523       3       org.apache.commons.lang3.StringUtils::isEmpty (19 bytes)
Event: 153.375 Thread 0x000001d9f2d28f50 nmethod 14523 0x000001d9de41e190 code [0x000001d9de41e340, 0x000001d9de41e588]

GC Heap History (20 events):
Event: 150.236 GC heap before
{Heap before GC invocations=135 (full 8):
 PSYoungGen      total 34304K, used 34260K [0x00000000eab00000, 0x00000000ee580000, 0x0000000100000000)
  eden space 11776K, 99% used [0x00000000eab00000,0x00000000eb6766b8,0x00000000eb680000)
  from space 22528K, 99% used [0x00000000eb700000,0x00000000eccfec28,0x00000000ecd00000)
  to   space 24064K, 0% used [0x00000000ece00000,0x00000000ece00000,0x00000000ee580000)
 ParOldGen       total 251392K, used 232131K [0x00000000c0000000, 0x00000000cf580000, 0x00000000eab00000)
  object space 251392K, 92% used [0x00000000c0000000,0x00000000ce2b0ce0,0x00000000cf580000)
 Metaspace       used 77672K, committed 79040K, reserved 1179648K
  class space    used 7860K, committed 8448K, reserved 1048576K
}
Event: 150.267 GC heap after
{Heap after GC invocations=135 (full 8):
 PSYoungGen      total 35840K, used 23480K [0x00000000eab00000, 0x00000000ee580000, 0x0000000100000000)
  eden space 11776K, 0% used [0x00000000eab00000,0x00000000eab00000,0x00000000eb680000)
  from space 24064K, 97% used [0x00000000ece00000,0x00000000ee4ee378,0x00000000ee580000)
  to   space 24064K, 0% used [0x00000000eb680000,0x00000000eb680000,0x00000000ece00000)
 ParOldGen       total 251392K, used 234767K [0x00000000c0000000, 0x00000000cf580000, 0x00000000eab00000)
  object space 251392K, 93% used [0x00000000c0000000,0x00000000ce543da8,0x00000000cf580000)
 Metaspace       used 77672K, committed 79040K, reserved 1179648K
  class space    used 7860K, committed 8448K, reserved 1048576K
}
Event: 150.441 GC heap before
{Heap before GC invocations=136 (full 8):
 PSYoungGen      total 35840K, used 35256K [0x00000000eab00000, 0x00000000ee580000, 0x0000000100000000)
  eden space 11776K, 99% used [0x00000000eab00000,0x00000000eb67fd20,0x00000000eb680000)
  from space 24064K, 97% used [0x00000000ece00000,0x00000000ee4ee378,0x00000000ee580000)
  to   space 24064K, 0% used [0x00000000eb680000,0x00000000eb680000,0x00000000ece00000)
 ParOldGen       total 251392K, used 234767K [0x00000000c0000000, 0x00000000cf580000, 0x00000000eab00000)
  object space 251392K, 93% used [0x00000000c0000000,0x00000000ce543da8,0x00000000cf580000)
 Metaspace       used 77674K, committed 79040K, reserved 1179648K
  class space    used 7860K, committed 8448K, reserved 1048576K
}
Event: 150.467 GC heap after
{Heap after GC invocations=136 (full 8):
 PSYoungGen      total 35840K, used 24033K [0x00000000eab00000, 0x00000000eed80000, 0x0000000100000000)
  eden space 11776K, 0% used [0x00000000eab00000,0x00000000eab00000,0x00000000eb680000)
  from space 24064K, 99% used [0x00000000eb680000,0x00000000ecdf8410,0x00000000ece00000)
  to   space 28160K, 0% used [0x00000000ed200000,0x00000000ed200000,0x00000000eed80000)
 ParOldGen       total 251392K, used 238201K [0x00000000c0000000, 0x00000000cf580000, 0x00000000eab00000)
  object space 251392K, 94% used [0x00000000c0000000,0x00000000ce89e780,0x00000000cf580000)
 Metaspace       used 77674K, committed 79040K, reserved 1179648K
  class space    used 7860K, committed 8448K, reserved 1048576K
}
Event: 150.745 GC heap before
{Heap before GC invocations=137 (full 8):
 PSYoungGen      total 35840K, used 35809K [0x00000000eab00000, 0x00000000eed80000, 0x0000000100000000)
  eden space 11776K, 100% used [0x00000000eab00000,0x00000000eb680000,0x00000000eb680000)
  from space 24064K, 99% used [0x00000000eb680000,0x00000000ecdf8410,0x00000000ece00000)
  to   space 28160K, 0% used [0x00000000ed200000,0x00000000ed200000,0x00000000eed80000)
 ParOldGen       total 251392K, used 238201K [0x00000000c0000000, 0x00000000cf580000, 0x00000000eab00000)
  object space 251392K, 94% used [0x00000000c0000000,0x00000000ce89e780,0x00000000cf580000)
 Metaspace       used 77676K, committed 79040K, reserved 1179648K
  class space    used 7860K, committed 8448K, reserved 1048576K
}
Event: 150.775 GC heap after
{Heap after GC invocations=137 (full 8):
 PSYoungGen      total 35328K, used 23427K [0x00000000eab00000, 0x00000000ee900000, 0x0000000100000000)
  eden space 11776K, 0% used [0x00000000eab00000,0x00000000eab00000,0x00000000eb680000)
  from space 23552K, 99% used [0x00000000ed200000,0x00000000ee8e0c70,0x00000000ee900000)
  to   space 25088K, 0% used [0x00000000eb800000,0x00000000eb800000,0x00000000ed080000)
 ParOldGen       total 251392K, used 241441K [0x00000000c0000000, 0x00000000cf580000, 0x00000000eab00000)
  object space 251392K, 96% used [0x00000000c0000000,0x00000000cebc8768,0x00000000cf580000)
 Metaspace       used 77676K, committed 79040K, reserved 1179648K
  class space    used 7860K, committed 8448K, reserved 1048576K
}
Event: 151.166 GC heap before
{Heap before GC invocations=138 (full 8):
 PSYoungGen      total 35328K, used 35203K [0x00000000eab00000, 0x00000000ee900000, 0x0000000100000000)
  eden space 11776K, 100% used [0x00000000eab00000,0x00000000eb680000,0x00000000eb680000)
  from space 23552K, 99% used [0x00000000ed200000,0x00000000ee8e0c70,0x00000000ee900000)
  to   space 25088K, 0% used [0x00000000eb800000,0x00000000eb800000,0x00000000ed080000)
 ParOldGen       total 251392K, used 241441K [0x00000000c0000000, 0x00000000cf580000, 0x00000000eab00000)
  object space 251392K, 96% used [0x00000000c0000000,0x00000000cebc8768,0x00000000cf580000)
 Metaspace       used 77758K, committed 79104K, reserved 1179648K
  class space    used 7872K, committed 8448K, reserved 1048576K
}
Event: 151.190 GC heap after
{Heap after GC invocations=138 (full 8):
 PSYoungGen      total 33280K, used 21162K [0x00000000eab00000, 0x00000000ee280000, 0x0000000100000000)
  eden space 11776K, 0% used [0x00000000eab00000,0x00000000eab00000,0x00000000eb680000)
  from space 21504K, 98% used [0x00000000eb800000,0x00000000eccaabb8,0x00000000ecd00000)
  to   space 22016K, 0% used [0x00000000ecd00000,0x00000000ecd00000,0x00000000ee280000)
 ParOldGen       total 251392K, used 241441K [0x00000000c0000000, 0x00000000cf580000, 0x00000000eab00000)
  object space 251392K, 96% used [0x00000000c0000000,0x00000000cebc8768,0x00000000cf580000)
 Metaspace       used 77758K, committed 79104K, reserved 1179648K
  class space    used 7872K, committed 8448K, reserved 1048576K
}
Event: 151.551 GC heap before
{Heap before GC invocations=139 (full 8):
 PSYoungGen      total 33280K, used 32938K [0x00000000eab00000, 0x00000000ee280000, 0x0000000100000000)
  eden space 11776K, 100% used [0x00000000eab00000,0x00000000eb680000,0x00000000eb680000)
  from space 21504K, 98% used [0x00000000eb800000,0x00000000eccaabb8,0x00000000ecd00000)
  to   space 22016K, 0% used [0x00000000ecd00000,0x00000000ecd00000,0x00000000ee280000)
 ParOldGen       total 251392K, used 241441K [0x00000000c0000000, 0x00000000cf580000, 0x00000000eab00000)
  object space 251392K, 96% used [0x00000000c0000000,0x00000000cebc8768,0x00000000cf580000)
 Metaspace       used 77839K, committed 79168K, reserved 1179648K
  class space    used 7890K, committed 8448K, reserved 1048576K
}
Event: 151.615 GC heap after
{Heap after GC invocations=139 (full 8):
 PSYoungGen      total 32768K, used 22013K [0x00000000eab00000, 0x00000000ee580000, 0x0000000100000000)
  eden space 10752K, 0% used [0x00000000eab00000,0x00000000eab00000,0x00000000eb580000)
  from space 22016K, 99% used [0x00000000ecd00000,0x00000000ee27f530,0x00000000ee280000)
  to   space 24064K, 0% used [0x00000000eb580000,0x00000000eb580000,0x00000000ecd00000)
 ParOldGen       total 251392K, used 242790K [0x00000000c0000000, 0x00000000cf580000, 0x00000000eab00000)
  object space 251392K, 96% used [0x00000000c0000000,0x00000000ced19940,0x00000000cf580000)
 Metaspace       used 77839K, committed 79168K, reserved 1179648K
  class space    used 7890K, committed 8448K, reserved 1048576K
}
Event: 151.852 GC heap before
{Heap before GC invocations=140 (full 8):
 PSYoungGen      total 32768K, used 32765K [0x00000000eab00000, 0x00000000ee580000, 0x0000000100000000)
  eden space 10752K, 100% used [0x00000000eab00000,0x00000000eb580000,0x00000000eb580000)
  from space 22016K, 99% used [0x00000000ecd00000,0x00000000ee27f530,0x00000000ee280000)
  to   space 24064K, 0% used [0x00000000eb580000,0x00000000eb580000,0x00000000ecd00000)
 ParOldGen       total 251392K, used 242790K [0x00000000c0000000, 0x00000000cf580000, 0x00000000eab00000)
  object space 251392K, 96% used [0x00000000c0000000,0x00000000ced19940,0x00000000cf580000)
 Metaspace       used 77867K, committed 79168K, reserved 1179648K
  class space    used 7894K, committed 8448K, reserved 1048576K
}
Event: 151.880 GC heap after
{Heap after GC invocations=140 (full 8):
 PSYoungGen      total 29184K, used 18319K [0x00000000eab00000, 0x00000000edd80000, 0x0000000100000000)
  eden space 10752K, 0% used [0x00000000eab00000,0x00000000eab00000,0x00000000eb580000)
  from space 18432K, 99% used [0x00000000eb580000,0x00000000ec763e90,0x00000000ec780000)
  to   space 20480K, 0% used [0x00000000ec980000,0x00000000ec980000,0x00000000edd80000)
 ParOldGen       total 251392K, used 248440K [0x00000000c0000000, 0x00000000cf580000, 0x00000000eab00000)
  object space 251392K, 98% used [0x00000000c0000000,0x00000000cf29e170,0x00000000cf580000)
 Metaspace       used 77867K, committed 79168K, reserved 1179648K
  class space    used 7894K, committed 8448K, reserved 1048576K
}
Event: 151.880 GC heap before
{Heap before GC invocations=141 (full 9):
 PSYoungGen      total 29184K, used 18319K [0x00000000eab00000, 0x00000000edd80000, 0x0000000100000000)
  eden space 10752K, 0% used [0x00000000eab00000,0x00000000eab00000,0x00000000eb580000)
  from space 18432K, 99% used [0x00000000eb580000,0x00000000ec763e90,0x00000000ec780000)
  to   space 20480K, 0% used [0x00000000ec980000,0x00000000ec980000,0x00000000edd80000)
 ParOldGen       total 251392K, used 248440K [0x00000000c0000000, 0x00000000cf580000, 0x00000000eab00000)
  object space 251392K, 98% used [0x00000000c0000000,0x00000000cf29e170,0x00000000cf580000)
 Metaspace       used 77867K, committed 79168K, reserved 1179648K
  class space    used 7894K, committed 8448K, reserved 1048576K
}
Event: 152.440 GC heap after
{Heap after GC invocations=141 (full 9):
 PSYoungGen      total 31232K, used 0K [0x00000000eab00000, 0x00000000edd80000, 0x0000000100000000)
  eden space 10752K, 0% used [0x00000000eab00000,0x00000000eab00000,0x00000000eb580000)
  from space 20480K, 0% used [0x00000000ec980000,0x00000000ec980000,0x00000000edd80000)
  to   space 20480K, 0% used [0x00000000eb580000,0x00000000eb580000,0x00000000ec980000)
 ParOldGen       total 297984K, used 250672K [0x00000000c0000000, 0x00000000d2300000, 0x00000000eab00000)
  object space 297984K, 84% used [0x00000000c0000000,0x00000000cf4cc068,0x00000000d2300000)
 Metaspace       used 77867K, committed 79168K, reserved 1179648K
  class space    used 7894K, committed 8448K, reserved 1048576K
}
Event: 152.624 GC heap before
{Heap before GC invocations=142 (full 9):
 PSYoungGen      total 31232K, used 10752K [0x00000000eab00000, 0x00000000edd80000, 0x0000000100000000)
  eden space 10752K, 100% used [0x00000000eab00000,0x00000000eb580000,0x00000000eb580000)
  from space 20480K, 0% used [0x00000000ec980000,0x00000000ec980000,0x00000000edd80000)
  to   space 20480K, 0% used [0x00000000eb580000,0x00000000eb580000,0x00000000ec980000)
 ParOldGen       total 297984K, used 250672K [0x00000000c0000000, 0x00000000d2300000, 0x00000000eab00000)
  object space 297984K, 84% used [0x00000000c0000000,0x00000000cf4cc068,0x00000000d2300000)
 Metaspace       used 77908K, committed 79168K, reserved 1179648K
  class space    used 7901K, committed 8448K, reserved 1048576K
}
Event: 152.631 GC heap after
{Heap after GC invocations=142 (full 9):
 PSYoungGen      total 13312K, used 2429K [0x00000000eab00000, 0x00000000eca00000, 0x0000000100000000)
  eden space 10752K, 0% used [0x00000000eab00000,0x00000000eab00000,0x00000000eb580000)
  from space 2560K, 94% used [0x00000000eb580000,0x00000000eb7df680,0x00000000eb800000)
  to   space 8704K, 0% used [0x00000000ec180000,0x00000000ec180000,0x00000000eca00000)
 ParOldGen       total 297984K, used 250680K [0x00000000c0000000, 0x00000000d2300000, 0x00000000eab00000)
  object space 297984K, 84% used [0x00000000c0000000,0x00000000cf4ce068,0x00000000d2300000)
 Metaspace       used 77908K, committed 79168K, reserved 1179648K
  class space    used 7901K, committed 8448K, reserved 1048576K
}
Event: 152.984 GC heap before
{Heap before GC invocations=143 (full 9):
 PSYoungGen      total 13312K, used 13181K [0x00000000eab00000, 0x00000000eca00000, 0x0000000100000000)
  eden space 10752K, 100% used [0x00000000eab00000,0x00000000eb580000,0x00000000eb580000)
  from space 2560K, 94% used [0x00000000eb580000,0x00000000eb7df680,0x00000000eb800000)
  to   space 8704K, 0% used [0x00000000ec180000,0x00000000ec180000,0x00000000eca00000)
 ParOldGen       total 297984K, used 250680K [0x00000000c0000000, 0x00000000d2300000, 0x00000000eab00000)
  object space 297984K, 84% used [0x00000000c0000000,0x00000000cf4ce068,0x00000000d2300000)
 Metaspace       used 78069K, committed 79424K, reserved 1179648K
  class space    used 7922K, committed 8512K, reserved 1048576K
}
Event: 152.991 GC heap after
{Heap after GC invocations=143 (full 9):
 PSYoungGen      total 15872K, used 4614K [0x00000000eab00000, 0x00000000ec680000, 0x0000000100000000)
  eden space 10752K, 0% used [0x00000000eab00000,0x00000000eab00000,0x00000000eb580000)
  from space 5120K, 90% used [0x00000000ec180000,0x00000000ec601b40,0x00000000ec680000)
  to   space 5632K, 0% used [0x00000000ebb80000,0x00000000ebb80000,0x00000000ec100000)
 ParOldGen       total 297984K, used 250688K [0x00000000c0000000, 0x00000000d2300000, 0x00000000eab00000)
  object space 297984K, 84% used [0x00000000c0000000,0x00000000cf4d0068,0x00000000d2300000)
 Metaspace       used 78069K, committed 79424K, reserved 1179648K
  class space    used 7922K, committed 8512K, reserved 1048576K
}
Event: 153.161 GC heap before
{Heap before GC invocations=144 (full 9):
 PSYoungGen      total 15872K, used 15366K [0x00000000eab00000, 0x00000000ec680000, 0x0000000100000000)
  eden space 10752K, 100% used [0x00000000eab00000,0x00000000eb580000,0x00000000eb580000)
  from space 5120K, 90% used [0x00000000ec180000,0x00000000ec601b40,0x00000000ec680000)
  to   space 5632K, 0% used [0x00000000ebb80000,0x00000000ebb80000,0x00000000ec100000)
 ParOldGen       total 297984K, used 250688K [0x00000000c0000000, 0x00000000d2300000, 0x00000000eab00000)
  object space 297984K, 84% used [0x00000000c0000000,0x00000000cf4d0068,0x00000000d2300000)
 Metaspace       used 78095K, committed 79488K, reserved 1179648K
  class space    used 7923K, committed 8512K, reserved 1048576K
}
Event: 153.172 GC heap after
{Heap after GC invocations=144 (full 9):
 PSYoungGen      total 16384K, used 5628K [0x00000000eab00000, 0x00000000ec280000, 0x0000000100000000)
  eden space 10752K, 0% used [0x00000000eab00000,0x00000000eab00000,0x00000000eb580000)
  from space 5632K, 99% used [0x00000000ebb80000,0x00000000ec0ff2d0,0x00000000ec100000)
  to   space 1536K, 0% used [0x00000000ec100000,0x00000000ec100000,0x00000000ec280000)
 ParOldGen       total 297984K, used 251318K [0x00000000c0000000, 0x00000000d2300000, 0x00000000eab00000)
  object space 297984K, 84% used [0x00000000c0000000,0x00000000cf56da48,0x00000000d2300000)
 Metaspace       used 78095K, committed 79488K, reserved 1179648K
  class space    used 7923K, committed 8512K, reserved 1048576K
}

Dll operation events (10 events):
Event: 0.020 Loaded shared library c:\Users\user\.vscode\extensions\redhat.java-1.35.0-win32-x64\jre\17.0.12-win32-x86_64\bin\java.dll
Event: 1.139 Loaded shared library c:\Users\user\.vscode\extensions\redhat.java-1.35.0-win32-x64\jre\17.0.12-win32-x86_64\bin\zip.dll
Event: 1.151 Loaded shared library C:\Users\user\.vscode\extensions\redhat.java-1.35.0-win32-x64\jre\17.0.12-win32-x86_64\bin\instrument.dll
Event: 1.211 Loaded shared library C:\Users\user\.vscode\extensions\redhat.java-1.35.0-win32-x64\jre\17.0.12-win32-x86_64\bin\net.dll
Event: 1.215 Loaded shared library C:\Users\user\.vscode\extensions\redhat.java-1.35.0-win32-x64\jre\17.0.12-win32-x86_64\bin\nio.dll
Event: 1.274 Loaded shared library C:\Users\user\.vscode\extensions\redhat.java-1.35.0-win32-x64\jre\17.0.12-win32-x86_64\bin\zip.dll
Event: 1.353 Loaded shared library C:\Users\user\.vscode\extensions\redhat.java-1.35.0-win32-x64\jre\17.0.12-win32-x86_64\bin\jimage.dll
Event: 1.688 Loaded shared library c:\Users\user\.vscode\extensions\redhat.java-1.35.0-win32-x64\jre\17.0.12-win32-x86_64\bin\verify.dll
Event: 7.396 Loaded shared library C:\Users\user\AppData\Roaming\Code\User\globalStorage\redhat.java\1.35.0\config_win\org.eclipse.equinox.launcher\org.eclipse.equinox.launcher.win32.win32.x86_64_1.2.1100.v20240722-2106\eclipse_11904.dll
Event: 14.578 Loaded shared library C:\Users\user\AppData\Local\Temp\jna-3599307\jna8857404320315137404.dll

Deoptimization events (20 events):
Event: 153.005 Thread 0x000001d9f7d3b280 Uncommon trap: trap_request=0xffffffbe fr.pc=0x000001d9e4d73b80 relative=0x0000000000000da0
Event: 153.005 Thread 0x000001d9f7d3b280 Uncommon trap: reason=profile_predicate action=maybe_recompile pc=0x000001d9e4d73b80 method=java.lang.StringLatin1.replace([BI[BI[BI)Ljava/lang/String; @ 180 c2
Event: 153.005 Thread 0x000001d9f7d3b280 DEOPT PACKING pc=0x000001d9e4d73b80 sp=0x000000344f0fe710
Event: 153.005 Thread 0x000001d9f7d3b280 DEOPT UNPACKING pc=0x000001d9e3ed669d sp=0x000000344f0fe660 mode 2
Event: 153.005 Thread 0x000001d9f7d3b280 Uncommon trap: trap_request=0xffffffbe fr.pc=0x000001d9e4d73b80 relative=0x0000000000000da0
Event: 153.005 Thread 0x000001d9f7d3b280 Uncommon trap: reason=profile_predicate action=maybe_recompile pc=0x000001d9e4d73b80 method=java.lang.StringLatin1.replace([BI[BI[BI)Ljava/lang/String; @ 180 c2
Event: 153.005 Thread 0x000001d9f7d3b280 DEOPT PACKING pc=0x000001d9e4d73b80 sp=0x000000344f0fe710
Event: 153.005 Thread 0x000001d9f7d3b280 DEOPT UNPACKING pc=0x000001d9e3ed669d sp=0x000000344f0fe660 mode 2
Event: 153.005 Thread 0x000001d9f7d3ad70 Uncommon trap: trap_request=0xffffffbe fr.pc=0x000001d9e4d73b80 relative=0x0000000000000da0
Event: 153.005 Thread 0x000001d9f7d3ad70 Uncommon trap: reason=profile_predicate action=maybe_recompile pc=0x000001d9e4d73b80 method=java.lang.StringLatin1.replace([BI[BI[BI)Ljava/lang/String; @ 180 c2
Event: 153.005 Thread 0x000001d9f7d3ad70 DEOPT PACKING pc=0x000001d9e4d73b80 sp=0x000000344f2fe6d0
Event: 153.005 Thread 0x000001d9f7d3ad70 DEOPT UNPACKING pc=0x000001d9e3ed669d sp=0x000000344f2fe620 mode 2
Event: 153.335 Thread 0x000001d9f5ed1eb0 Uncommon trap: trap_request=0xffffff6e fr.pc=0x000001d9e444d92c relative=0x000000000000012c
Event: 153.335 Thread 0x000001d9f5ed1eb0 Uncommon trap: reason=loop_limit_check action=maybe_recompile pc=0x000001d9e444d92c method=java.lang.StringLatin1.lastIndexOf([BII)I @ 19 c2
Event: 153.335 Thread 0x000001d9f5ed1eb0 DEOPT PACKING pc=0x000001d9e444d92c sp=0x000000344edfd300
Event: 153.335 Thread 0x000001d9f5ed1eb0 DEOPT UNPACKING pc=0x000001d9e3ed669d sp=0x000000344edfd280 mode 2
Event: 153.337 Thread 0x000001d9f5ed1eb0 Uncommon trap: trap_request=0xffffff45 fr.pc=0x000001d9e4e000c4 relative=0x0000000000000044
Event: 153.337 Thread 0x000001d9f5ed1eb0 Uncommon trap: reason=unstable_if action=reinterpret pc=0x000001d9e4e000c4 method=org.codehaus.plexus.util.StringUtils.isNotEmpty(Ljava/lang/String;)Z @ 8 c2
Event: 153.337 Thread 0x000001d9f5ed1eb0 DEOPT PACKING pc=0x000001d9e4e000c4 sp=0x000000344edfd690
Event: 153.337 Thread 0x000001d9f5ed1eb0 DEOPT UNPACKING pc=0x000001d9e3ed669d sp=0x000000344edfd620 mode 2

Classes loaded (20 events):
Event: 133.155 Loading class com/sun/org/apache/xerces/internal/xni/parser/XMLParseException
Event: 133.155 Loading class com/sun/org/apache/xerces/internal/xni/parser/XMLParseException done
Event: 137.492 Loading class java/nio/file/FileTreeIterator
Event: 137.492 Loading class java/nio/file/FileTreeIterator done
Event: 138.927 Loading class java/nio/file/Files$2
Event: 138.936 Loading class java/nio/file/Files$2 done
Event: 142.323 Loading class jdk/internal/module/IllegalAccessLogger
Event: 142.323 Loading class jdk/internal/module/IllegalAccessLogger done
Event: 143.011 Loading class java/nio/channels/Channels$1
Event: 143.012 Loading class java/nio/channels/Channels$1 done
Event: 150.555 Loading class jdk/internal/module/IllegalAccessLogger
Event: 150.555 Loading class jdk/internal/module/IllegalAccessLogger done
Event: 150.949 Loading class java/util/stream/DistinctOps
Event: 150.950 Loading class java/util/stream/DistinctOps done
Event: 150.950 Loading class java/util/stream/DistinctOps$1
Event: 150.950 Loading class java/util/stream/DistinctOps$1 done
Event: 150.951 Loading class java/util/stream/DistinctOps$1$2
Event: 150.951 Loading class java/util/stream/DistinctOps$1$2 done
Event: 152.449 Loading class java/util/LinkedList$LLSpliterator
Event: 152.450 Loading class java/util/LinkedList$LLSpliterator done

Classes unloaded (15 events):
Event: 13.514 Thread 0x000001d9edadc650 Unloading class 0x000000010024a800 'java/lang/invoke/LambdaForm$MH+0x000000010024a800'
Event: 13.514 Thread 0x000001d9edadc650 Unloading class 0x000000010024a400 'java/lang/invoke/LambdaForm$MH+0x000000010024a400'
Event: 13.514 Thread 0x000001d9edadc650 Unloading class 0x000000010024a000 'java/lang/invoke/LambdaForm$MH+0x000000010024a000'
Event: 13.514 Thread 0x000001d9edadc650 Unloading class 0x0000000100249c00 'java/lang/invoke/LambdaForm$MH+0x0000000100249c00'
Event: 13.514 Thread 0x000001d9edadc650 Unloading class 0x0000000100249800 'java/lang/invoke/LambdaForm$BMH+0x0000000100249800'
Event: 13.514 Thread 0x000001d9edadc650 Unloading class 0x0000000100249400 'java/lang/invoke/LambdaForm$DMH+0x0000000100249400'
Event: 13.514 Thread 0x000001d9edadc650 Unloading class 0x0000000100244800 'java/lang/invoke/LambdaForm$DMH+0x0000000100244800'
Event: 87.840 Thread 0x000001d9edadc650 Unloading class 0x0000000100718400 'java/lang/invoke/LambdaForm$MH+0x0000000100718400'
Event: 87.840 Thread 0x000001d9edadc650 Unloading class 0x0000000100717c00 'java/lang/invoke/LambdaForm$MH+0x0000000100717c00'
Event: 87.840 Thread 0x000001d9edadc650 Unloading class 0x0000000100718000 'java/lang/invoke/LambdaForm$MH+0x0000000100718000'
Event: 87.840 Thread 0x000001d9edadc650 Unloading class 0x0000000100717400 'java/lang/invoke/LambdaForm$DMH+0x0000000100717400'
Event: 87.840 Thread 0x000001d9edadc650 Unloading class 0x0000000100717000 'java/lang/invoke/LambdaForm$DMH+0x0000000100717000'
Event: 87.840 Thread 0x000001d9edadc650 Unloading class 0x0000000100716800 'java/lang/invoke/LambdaForm$DMH+0x0000000100716800'
Event: 122.384 Thread 0x000001d9edadc650 Unloading class 0x00000001007a0c00 'java/lang/invoke/LambdaForm$DMH+0x00000001007a0c00'
Event: 122.384 Thread 0x000001d9edadc650 Unloading class 0x0000000100784400 'java/lang/invoke/LambdaForm$DMH+0x0000000100784400'

Classes redefined (0 events):
No events

Internal exceptions (20 events):
Event: 146.465 Thread 0x000001d9f7d37ad0 Implicit null exception at 0x000001d9de218306 to 0x000001d9de21936b
Event: 146.465 Thread 0x000001d9f7d37ad0 Exception <a 'java/lang/NullPointerException'{0x00000000eb374858}> (0x00000000eb374858) 
thrown [s\src\hotspot\share\runtime\sharedRuntime.cpp, line 631]
Event: 146.465 Thread 0x000001d9f7d37ad0 Implicit null exception at 0x000001d9de218306 to 0x000001d9de21936b
Event: 146.465 Thread 0x000001d9f7d37ad0 Exception <a 'java/lang/NullPointerException'{0x00000000eb375560}> (0x00000000eb375560) 
thrown [s\src\hotspot\share\runtime\sharedRuntime.cpp, line 631]
Event: 150.039 Thread 0x000001d9f5ed1eb0 Exception <a 'sun/nio/fs/WindowsException'{0x00000000eb04d418}> (0x00000000eb04d418) 
thrown [s\src\hotspot\share\prims\jni.cpp, line 516]
Event: 150.041 Thread 0x000001d9f5ed1eb0 Exception <a 'sun/nio/fs/WindowsException'{0x00000000eb04dcc0}> (0x00000000eb04dcc0) 
thrown [s\src\hotspot\share\prims\jni.cpp, line 516]
Event: 150.042 Thread 0x000001d9f5ed1eb0 Exception <a 'sun/nio/fs/WindowsException'{0x00000000eb04e580}> (0x00000000eb04e580) 
thrown [s\src\hotspot\share\prims\jni.cpp, line 516]
Event: 150.103 Thread 0x000001d9f5ed1eb0 Implicit null exception at 0x000001d9e4931561 to 0x000001d9e4931bd4
Event: 150.806 Thread 0x000001d9f5ed1eb0 Exception <a 'sun/nio/fs/WindowsException'{0x00000000ead0fa88}> (0x00000000ead0fa88) 
thrown [s\src\hotspot\share\prims\jni.cpp, line 516]
Event: 150.806 Thread 0x000001d9f5ed1eb0 Exception <a 'sun/nio/fs/WindowsException'{0x00000000ead100c0}> (0x00000000ead100c0) 
thrown [s\src\hotspot\share\prims\jni.cpp, line 516]
Event: 150.808 Thread 0x000001d9f5ed1eb0 Exception <a 'sun/nio/fs/WindowsException'{0x00000000ead10a80}> (0x00000000ead10a80) 
thrown [s\src\hotspot\share\prims\jni.cpp, line 516]
Event: 150.808 Thread 0x000001d9f5ed1eb0 Exception <a 'sun/nio/fs/WindowsException'{0x00000000ead110b8}> (0x00000000ead110b8) 
thrown [s\src\hotspot\share\prims\jni.cpp, line 516]
Event: 150.957 Thread 0x000001d9f5ed1eb0 Exception <a 'java/lang/NoSuchMethodError'{0x00000000eb0a4808}: 'java.lang.Object java.lang.invoke.DirectMethodHandle$Holder.newInvokeSpecial(java.lang.Object, java.lang.Object, int, java.lang.Object, java.lang.Object)'> (0x00000000eb0a4808) 
thrown [s\src\hotspot\share\interpreter\linkResolver.cpp, line 759]
Event: 151.026 Thread 0x000001d9f5ed1eb0 Exception <a 'java/lang/NoSuchMethodError'{0x00000000eb0bfa80}: 'java.lang.Object java.lang.invoke.DirectMethodHandle$Holder.invokeSpecial(java.lang.Object, java.lang.Object, java.lang.Object, int, java.lang.Object, java.lang.Object, java.lang.Object)'> (0x00000000eb0bfa80) 
thrown [s\src\hotspot\share\interpreter\linkResolver.cpp, line 759]
Event: 151.035 Thread 0x000001d9f5ed1eb0 Exception <a 'java/lang/NoSuchMethodError'{0x00000000eb480788}: 'java.lang.Object java.lang.invoke.DirectMethodHandle$Holder.invokeStatic(java.lang.Object, java.lang.Object, int, java.lang.Object, java.lang.Object)'> (0x00000000eb480788) 
thrown [s\src\hotspot\share\interpreter\linkResolver.cpp, line 759]
Event: 151.199 Thread 0x000001d9f5ed1eb0 Exception <a 'java/lang/NoSuchMethodError'{0x00000000eab2ad40}: 'void java.lang.invoke.DirectMethodHandle$Holder.invokeStatic(java.lang.Object, int)'> (0x00000000eab2ad40) 
thrown [s\src\hotspot\share\interpreter\linkResolver.cpp, line 759]
Event: 152.653 Thread 0x000001d9f5ed1eb0 Exception <a 'java/io/FileNotFoundException'{0x00000000eac298f0}> (0x00000000eac298f0) 
thrown [s\src\hotspot\share\prims\jni.cpp, line 516]
Event: 152.653 Thread 0x000001d9f5ed1eb0 Exception <a 'java/io/FileNotFoundException'{0x00000000eac2b8d8}> (0x00000000eac2b8d8) 
thrown [s\src\hotspot\share\prims\jni.cpp, line 516]
Event: 152.654 Thread 0x000001d9f5ed1eb0 Exception <a 'java/io/FileNotFoundException'{0x00000000eac2cd70}> (0x00000000eac2cd70) 
thrown [s\src\hotspot\share\prims\jni.cpp, line 516]
Event: 152.769 Thread 0x000001d9f5ed1eb0 Exception <a 'java/lang/NoSuchMethodError'{0x00000000eae59d50}: 'int java.lang.invoke.DirectMethodHandle$Holder.invokeStatic(java.lang.Object, java.lang.Object, java.lang.Object, java.lang.Object, java.lang.Object, java.lang.Object)'> (0x00000000eae59d50) 
thrown [s\src\hotspot\share\interpreter\linkResolver.cpp, line 759]

VM Operations (20 events):
Event: 149.941 Executing VM operation: ParallelGCFailedAllocation done
Event: 150.216 Executing VM operation: ParallelGCFailedAllocation
Event: 150.269 Executing VM operation: ParallelGCFailedAllocation done
Event: 150.441 Executing VM operation: ParallelGCFailedAllocation
Event: 150.468 Executing VM operation: ParallelGCFailedAllocation done
Event: 150.745 Executing VM operation: ParallelGCFailedAllocation
Event: 150.775 Executing VM operation: ParallelGCFailedAllocation done
Event: 151.116 Executing VM operation: ParallelGCFailedAllocation
Event: 151.191 Executing VM operation: ParallelGCFailedAllocation done
Event: 151.531 Executing VM operation: ParallelGCFailedAllocation
Event: 151.632 Executing VM operation: ParallelGCFailedAllocation done
Event: 151.815 Executing VM operation: ParallelGCFailedAllocation
Event: 152.448 Executing VM operation: ParallelGCFailedAllocation done
Event: 152.624 Executing VM operation: ParallelGCFailedAllocation
Event: 152.632 Executing VM operation: ParallelGCFailedAllocation done
Event: 152.943 Executing VM operation: ParallelGCFailedAllocation
Event: 153.001 Executing VM operation: ParallelGCFailedAllocation done
Event: 153.161 Executing VM operation: ParallelGCFailedAllocation
Event: 153.176 Executing VM operation: ParallelGCFailedAllocation done
Event: 153.382 Executing VM operation: ParallelGCFailedAllocation

Events (20 events):
Event: 142.437 Thread 0x000001d9f7d37ad0 Thread added: 0x000001d9f7d37ad0
Event: 144.184 Thread 0x000001d9f2d2bc20 flushing nmethod 0x000001d9dc9dee10
Event: 144.193 Thread 0x000001d9f2d2bc20 flushing nmethod 0x000001d9dcfbcd90
Event: 144.207 Thread 0x000001d9f2d2bc20 flushing nmethod 0x000001d9dd87b590
Event: 150.472 Thread 0x000001d9f4967440 Thread exited: 0x000001d9f4967440
Event: 150.493 Thread 0x000001d9f8692050 Thread added: 0x000001d9f8692050
Event: 150.736 Thread 0x000001d9f8692050 Thread exited: 0x000001d9f8692050
Event: 151.308 Thread 0x000001d9f8697550 Thread added: 0x000001d9f8697550
Event: 152.441 Thread 0x000001d9f8697550 Thread exited: 0x000001d9f8697550
Event: 152.505 Thread 0x000001d9f8694ad0 Thread added: 0x000001d9f8694ad0
Event: 152.903 Thread 0x000001d9f7d370b0 Thread added: 0x000001d9f7d370b0
Event: 152.903 Thread 0x000001d9f7d3b280 Thread added: 0x000001d9f7d3b280
Event: 152.903 Thread 0x000001d9f7d38f10 Thread added: 0x000001d9f7d38f10
Event: 152.904 Thread 0x000001d9f7d3ad70 Thread added: 0x000001d9f7d3ad70
Event: 152.904 Thread 0x000001d9f7d35760 Thread added: 0x000001d9f7d35760
Event: 153.303 Thread 0x000001d9f7d3b280 Thread exited: 0x000001d9f7d3b280
Event: 153.303 Thread 0x000001d9f7d3ad70 Thread exited: 0x000001d9f7d3ad70
Event: 153.304 Thread 0x000001d9f7d38f10 Thread exited: 0x000001d9f7d38f10
Event: 153.304 Thread 0x000001d9f7d370b0 Thread exited: 0x000001d9f7d370b0
Event: 153.304 Thread 0x000001d9f7d35760 Thread exited: 0x000001d9f7d35760


Dynamic libraries:
0x00007ff6897c0000 - 0x00007ff6897ce000 	c:\Users\user\.vscode\extensions\redhat.java-1.35.0-win32-x64\jre\17.0.12-win32-x86_64\bin\java.exe
0x00007ffd07050000 - 0x00007ffd07248000 	C:\WINDOWS\SYSTEM32\ntdll.dll
0x00007ffd066a0000 - 0x00007ffd06761000 	C:\WINDOWS\System32\KERNEL32.DLL
0x00007ffd049b0000 - 0x00007ffd04cad000 	C:\WINDOWS\System32\KERNELBASE.dll
0x00007ffd04db0000 - 0x00007ffd04eb0000 	C:\WINDOWS\System32\ucrtbase.dll
0x00007ffcff610000 - 0x00007ffcff627000 	c:\Users\user\.vscode\extensions\redhat.java-1.35.0-win32-x64\jre\17.0.12-win32-x86_64\bin\jli.dll
0x00007ffd061b0000 - 0x00007ffd0634d000 	C:\WINDOWS\System32\USER32.dll
0x00007ffd04700000 - 0x00007ffd04722000 	C:\WINDOWS\System32\win32u.dll
0x00007ffd06430000 - 0x00007ffd0645b000 	C:\WINDOWS\System32\GDI32.dll
0x00007ffd04890000 - 0x00007ffd049a7000 	C:\WINDOWS\System32\gdi32full.dll
0x00007ffd04f40000 - 0x00007ffd04fdd000 	C:\WINDOWS\System32\msvcp_win.dll
0x00007ffcff4c0000 - 0x00007ffcff4db000 	c:\Users\user\.vscode\extensions\redhat.java-1.35.0-win32-x64\jre\17.0.12-win32-x86_64\bin\VCRUNTIME140.dll
0x00007ffcf5640000 - 0x00007ffcf58da000 	C:\WINDOWS\WinSxS\amd64_microsoft.windows.common-controls_6595b64144ccf1df_6.0.19041.4355_none_60b8b9eb71f62e16\COMCTL32.dll
0x00007ffd06b00000 - 0x00007ffd06b9e000 	C:\WINDOWS\System32\msvcrt.dll
0x00007ffd06770000 - 0x00007ffd0679f000 	C:\WINDOWS\System32\IMM32.DLL
0x00007ffcff050000 - 0x00007ffcff05c000 	c:\Users\user\.vscode\extensions\redhat.java-1.35.0-win32-x64\jre\17.0.12-win32-x86_64\bin\vcruntime140_1.dll
0x00007ffcef410000 - 0x00007ffcef49d000 	c:\Users\user\.vscode\extensions\redhat.java-1.35.0-win32-x64\jre\17.0.12-win32-x86_64\bin\msvcp140.dll
0x00007ffcc4210000 - 0x00007ffcc4e7a000 	c:\Users\user\.vscode\extensions\redhat.java-1.35.0-win32-x64\jre\17.0.12-win32-x86_64\bin\server\jvm.dll
0x00007ffd05a80000 - 0x00007ffd05b30000 	C:\WINDOWS\System32\ADVAPI32.dll
0x00007ffd05f40000 - 0x00007ffd05fe0000 	C:\WINDOWS\System32\sechost.dll
0x00007ffd064e0000 - 0x00007ffd06603000 	C:\WINDOWS\System32\RPCRT4.dll
0x00007ffd05050000 - 0x00007ffd05077000 	C:\WINDOWS\System32\bcrypt.dll
0x00007ffd05a10000 - 0x00007ffd05a7b000 	C:\WINDOWS\System32\WS2_32.dll
0x00007ffd03c00000 - 0x00007ffd03c4b000 	C:\WINDOWS\SYSTEM32\POWRPROF.dll
0x00007ffcf7120000 - 0x00007ffcf7147000 	C:\WINDOWS\SYSTEM32\WINMM.dll
0x00007ffcf4920000 - 0x00007ffcf492a000 	C:\WINDOWS\SYSTEM32\VERSION.dll
0x00007ffd03ac0000 - 0x00007ffd03ad2000 	C:\WINDOWS\SYSTEM32\UMPDC.dll
0x00007ffd02540000 - 0x00007ffd02552000 	C:\WINDOWS\SYSTEM32\kernel.appcore.dll
0x00007ffcfeaa0000 - 0x00007ffcfeaaa000 	c:\Users\user\.vscode\extensions\redhat.java-1.35.0-win32-x64\jre\17.0.12-win32-x86_64\bin\jimage.dll
0x00007ffcec670000 - 0x00007ffcec854000 	C:\WINDOWS\SYSTEM32\DBGHELP.DLL
0x00007ffcec630000 - 0x00007ffcec664000 	C:\WINDOWS\SYSTEM32\dbgcore.DLL
0x00007ffd04eb0000 - 0x00007ffd04f32000 	C:\WINDOWS\System32\bcryptPrimitives.dll
0x00007ffcfea90000 - 0x00007ffcfea9e000 	c:\Users\user\.vscode\extensions\redhat.java-1.35.0-win32-x64\jre\17.0.12-win32-x86_64\bin\instrument.dll
0x00007ffcfea60000 - 0x00007ffcfea85000 	c:\Users\user\.vscode\extensions\redhat.java-1.35.0-win32-x64\jre\17.0.12-win32-x86_64\bin\java.dll
0x00007ffcfea40000 - 0x00007ffcfea58000 	c:\Users\user\.vscode\extensions\redhat.java-1.35.0-win32-x64\jre\17.0.12-win32-x86_64\bin\zip.dll
0x00007ffd050f0000 - 0x00007ffd0585f000 	C:\WINDOWS\System32\SHELL32.dll
0x00007ffd02740000 - 0x00007ffd02ee3000 	C:\WINDOWS\SYSTEM32\windows.storage.dll
0x00007ffd05b30000 - 0x00007ffd05e83000 	C:\WINDOWS\System32\combase.dll
0x00007ffd04050000 - 0x00007ffd0407e000 	C:\WINDOWS\SYSTEM32\Wldp.dll
0x00007ffd060e0000 - 0x00007ffd061ad000 	C:\WINDOWS\System32\OLEAUT32.dll
0x00007ffd05e90000 - 0x00007ffd05f3d000 	C:\WINDOWS\System32\SHCORE.dll
0x00007ffd05090000 - 0x00007ffd050e5000 	C:\WINDOWS\System32\shlwapi.dll
0x00007ffd04630000 - 0x00007ffd04654000 	C:\WINDOWS\SYSTEM32\profapi.dll
0x00007ffcfe8a0000 - 0x00007ffcfe8b9000 	C:\Users\user\.vscode\extensions\redhat.java-1.35.0-win32-x64\jre\17.0.12-win32-x86_64\bin\net.dll
0x00007ffcfb5c0000 - 0x00007ffcfb6cd000 	C:\WINDOWS\SYSTEM32\WINHTTP.dll
0x00007ffd03e30000 - 0x00007ffd03e9a000 	C:\WINDOWS\system32\mswsock.dll
0x00007ffcf9050000 - 0x00007ffcf9066000 	C:\Users\user\.vscode\extensions\redhat.java-1.35.0-win32-x64\jre\17.0.12-win32-x86_64\bin\nio.dll
0x00007ffcfe9c0000 - 0x00007ffcfe9d0000 	c:\Users\user\.vscode\extensions\redhat.java-1.35.0-win32-x64\jre\17.0.12-win32-x86_64\bin\verify.dll
0x00007ffcecf80000 - 0x00007ffcecfc5000 	C:\Users\user\AppData\Roaming\Code\User\globalStorage\redhat.java\1.35.0\config_win\org.eclipse.equinox.launcher\org.eclipse.equinox.launcher.win32.win32.x86_64_1.2.1100.v20240722-2106\eclipse_11904.dll
0x00007ffd067a0000 - 0x00007ffd068cb000 	C:\WINDOWS\System32\ole32.dll
0x00007ffd04390000 - 0x00007ffd043a8000 	C:\WINDOWS\SYSTEM32\CRYPTSP.dll
0x00007ffd036a0000 - 0x00007ffd036d4000 	C:\WINDOWS\system32\rsaenh.dll
0x00007ffd045f0000 - 0x00007ffd0461e000 	C:\WINDOWS\SYSTEM32\USERENV.dll
0x00007ffd03fc0000 - 0x00007ffd03fcc000 	C:\WINDOWS\SYSTEM32\CRYPTBASE.dll
0x00007ffd03ae0000 - 0x00007ffd03b1b000 	C:\WINDOWS\SYSTEM32\IPHLPAPI.DLL
0x00007ffd05080000 - 0x00007ffd05088000 	C:\WINDOWS\System32\NSI.dll
0x00007ffcfc980000 - 0x00007ffcfc997000 	C:\WINDOWS\SYSTEM32\dhcpcsvc6.DLL
0x00007ffcfc960000 - 0x00007ffcfc97d000 	C:\WINDOWS\SYSTEM32\dhcpcsvc.DLL
0x00007ffd03b30000 - 0x00007ffd03bfa000 	C:\WINDOWS\SYSTEM32\DNSAPI.dll
0x00007ffcd66e0000 - 0x00007ffcd6729000 	C:\Users\user\AppData\Local\Temp\jna-3599307\jna8857404320315137404.dll
0x00007ffd06070000 - 0x00007ffd06078000 	C:\WINDOWS\System32\PSAPI.DLL

dbghelp: loaded successfully - version: 4.0.5 - missing functions: none
symbol engine: initialized successfully - sym options: 0x614 - pdb path: .;c:\Users\user\.vscode\extensions\redhat.java-1.35.0-win32-x64\jre\17.0.12-win32-x86_64\bin;C:\WINDOWS\SYSTEM32;C:\WINDOWS\WinSxS\amd64_microsoft.windows.common-controls_6595b64144ccf1df_6.0.19041.4355_none_60b8b9eb71f62e16;c:\Users\user\.vscode\extensions\redhat.java-1.35.0-win32-x64\jre\17.0.12-win32-x86_64\bin\server;C:\Users\user\AppData\Roaming\Code\User\globalStorage\redhat.java\1.35.0\config_win\org.eclipse.equinox.launcher\org.eclipse.equinox.launcher.win32.win32.x86_64_1.2.1100.v20240722-2106;C:\Users\user\AppData\Local\Temp\jna-3599307

VM Arguments:
jvm_args: --add-modules=ALL-SYSTEM --add-opens=java.base/java.util=ALL-UNNAMED --add-opens=java.base/java.lang=ALL-UNNAMED --add-opens=java.base/sun.nio.fs=ALL-UNNAMED -Declipse.application=org.eclipse.jdt.ls.core.id1 -Dosgi.bundles.defaultStartLevel=4 -Declipse.product=org.eclipse.jdt.ls.core.product -Djava.import.generatesMetadataFilesAtProjectRoot=false -DDetectVMInstallationsJob.disabled=true -Dfile.encoding=utf8 -XX:+UseParallelGC -XX:GCTimeRatio=4 -XX:AdaptiveSizePolicyWeight=90 -Dsun.zip.disableMemoryMapping=true -Xmx1G -Xms100m -Xlog:disable -javaagent:c:\Users\user\.vscode\extensions\redhat.java-1.35.0-win32-x64\lombok\lombok-1.18.33.jar -XX:+HeapDumpOnOutOfMemoryError -XX:HeapDumpPath=c:\Users\user\AppData\Roaming\Code\User\workspaceStorage\079f6f517649c5123b03c41ab70807b5\redhat.java -Daether.dependencyCollector.impl=bf 
java_command: c:\Users\user\.vscode\extensions\redhat.java-1.35.0-win32-x64\server\plugins\org.eclipse.equinox.launcher_1.6.900.v20240613-2009.jar -configuration c:\Users\user\AppData\Roaming\Code\User\globalStorage\redhat.java\1.35.0\config_win -data c:\Users\user\AppData\Roaming\Code\User\workspaceStorage\079f6f517649c5123b03c41ab70807b5\redhat.java\jdt_ws --pipe=\\.\pipe\lsp-6cd81bbd7581c34868f0dedfc66efb48-sock
java_class_path (initial): c:\Users\user\.vscode\extensions\redhat.java-1.35.0-win32-x64\server\plugins\org.eclipse.equinox.launcher_1.6.900.v20240613-2009.jar
Launcher Type: SUN_STANDARD

[Global flags]
    uintx AdaptiveSizePolicyWeight                 = 90                                        {product} {command line}
     intx CICompilerCount                          = 3                                         {product} {ergonomic}
    uintx GCTimeRatio                              = 4                                         {product} {command line}
     bool HeapDumpOnOutOfMemoryError               = true                                   {manageable} {command line}
    ccstr HeapDumpPath                             = c:\Users\user\AppData\Roaming\Code\User\workspaceStorage\079f6f517649c5123b03c41ab70807b5\redhat.java         {manageable} {command line}
   size_t InitialHeapSize                          = 104857600                                 {product} {command line}
   size_t MaxHeapSize                              = 1073741824                                {product} {command line}
   size_t MaxNewSize                               = 357564416                                 {product} {ergonomic}
   size_t MinHeapDeltaBytes                        = 524288                                    {product} {ergonomic}
   size_t MinHeapSize                              = 104857600                                 {product} {command line}
   size_t NewSize                                  = 34603008                                  {product} {ergonomic}
    uintx NonNMethodCodeHeapSize                   = 5832780                                {pd product} {ergonomic}
    uintx NonProfiledCodeHeapSize                  = 122912730                              {pd product} {ergonomic}
   size_t OldSize                                  = 70254592                                  {product} {ergonomic}
    uintx ProfiledCodeHeapSize                     = 122912730                              {pd product} {ergonomic}
    uintx ReservedCodeCacheSize                    = 251658240                              {pd product} {ergonomic}
     bool SegmentedCodeCache                       = true                                      {product} {ergonomic}
   size_t SoftMaxHeapSize                          = 1073741824                             {manageable} {ergonomic}
     bool UseCompressedClassPointers               = true                           {product lp64_product} {ergonomic}
     bool UseCompressedOops                        = true                           {product lp64_product} {ergonomic}
     bool UseLargePagesIndividualAllocation        = false                                  {pd product} {ergonomic}
     bool UseParallelGC                            = true                                      {product} {command line}

Logging:
Log output configuration:
 #0: stdout all=off uptime,level,tags
 #1: stderr all=off uptime,level,tags

Environment Variables:
JAVA_HOME=C:\Program Files\Java\jdk-21
PATH=C:\Program Files\Common Files\Oracle\Java\javapath;C:\WINDOWS\system32;C:\WINDOWS;C:\WINDOWS\System32\Wbem;C:\WINDOWS\System32\WindowsPowerShell\v1.0\;C:\WINDOWS\System32\OpenSSH\;C:\ProgramData\chocolatey\bin;C:\Program Files\Git\cmd;C:\Program Files\OpenSSL-Win64\bin;C:\Program Files\Docker\Docker\resources\bin;C:\Users\user\AppData\Roaming\nvm;C:\Program Files\nodejs;C:\Program Files\nodejs;C:\Program Files\nodejs;C:\Program Files\apache-maven-3.9.6\bin;C:\Program Files\Common Files\Oracle\Java\javapath;C:\WINDOWS\system32;C:\WINDOWS;C:\WINDOWS\System32\Wbem;C:\WINDOWS\System32\WindowsPowerShell\v1.0\;C:\WINDOWS\System32\OpenSSH\;C:\ProgramData\chocolatey\bin;C:\Program Files\Git\cmd;C:\Program Files\OpenSSL-Win64\bin;C:\Program Files\Docker\Docker\resources\bin;C:\Users\user\AppData\Roaming\nvm;C:\Program Files\nodejs;C:\Program Files\nodejs;C:\Program Files\nodejs;;C:\Users\user\AppData\Local\Programs\Microsoft VS Code\bin;C:\Users\user\AppData\Roaming\nvm;C:\Program Files\nodejs
USERNAME=user
OS=Windows_NT
PROCESSOR_IDENTIFIER=Intel64 Family 6 Model 37 Stepping 5, GenuineIntel
TMP=C:\Users\user\AppData\Local\Temp
TEMP=C:\Users\user\AppData\Local\Temp



Periodic native trim disabled


---------------  S Y S T E M  ---------------

OS:
 Windows 10 , 64 bit Build 19041 (10.0.19041.4842)
OS uptime: 0 days 2:16 hours
Hyper-V role detected

CPU: total 4 (initial active 4) (2 cores per cpu, 2 threads per core) family 6 model 37 stepping 5 microcode 0x7, cx8, cmov, fxsr, ht, mmx, sse, sse2, sse3, ssse3, sse4.1, sse4.2, popcnt, tsc, tscinvbit, clflush, hv
Processor Information for all 4 processors :
  Max Mhz: 2399, Current Mhz: 2133, Mhz Limit: 2111

Memory: 4k page, system-wide physical 5941M (441M free)
TotalPageFile size 8941M (AvailPageFile size 59M)
current process WorkingSet (physical memory assigned to process): 571M, peak: 620M
current process commit charge ("private bytes"): 564M, peak: 592M

vm_info: OpenJDK 64-Bit Server VM (17.0.12+7) for windows-amd64 JRE (17.0.12+7), built on Jul 16 2024 22:08:24 by "admin" with MS VC++ 16.10 / 16.11 (VS2019)

END.
