#
# There is insufficient memory for the Java Runtime Environment to continue.
# Native memory allocation (malloc) failed to allocate 1048576 bytes. Error detail: AllocateHeap
# Possible reasons:
#   The system is out of physical RAM or swap space
#   This process is running with CompressedOops enabled, and the Java Heap may be blocking the growth of the native heap
# Possible solutions:
#   Reduce memory load on the system
#   Increase physical memory or swap space
#   Check if swap backing store is full
#   Decrease Java heap size (-Xmx/-Xms)
#   Decrease number of Java threads
#   Decrease Java thread stack sizes (-Xss)
#   Set larger code cache with -XX:ReservedCodeCacheSize=
#   JVM is running with Unscaled Compressed Oops mode in which the Java heap is
#     placed in the first 4GB address space. The Java Heap base address is the
#     maximum limit for the native heap growth. Please use -XX:HeapBaseMinAddress
#     to set the Java Heap base and to place the Java Heap above 4GB virtual address.
# This output file may be truncated or incomplete.
#
#  Out of Memory Error (allocation.cpp:44), pid=4052, tid=5728
#
# JRE version: OpenJDK Runtime Environment Temurin-17.0.12+7 (17.0.12+7) (build 17.0.12+7)
# Java VM: OpenJDK 64-Bit Server VM Temurin-17.0.12+7 (17.0.12+7, mixed mode, emulated-client, tiered, compressed oops, compressed class ptrs, g1 gc, windows-amd64)
# No core dump will be written. Minidumps are not enabled by default on client versions of Windows
#

---------------  S U M M A R Y ------------

Command Line: -Xmx1024m -Dsts.lsp.client=vscode -Dsts.log.file=/dev/null -XX:TieredStopAtLevel=1 -Xlog:jni+resolve=off c:\Users\user\.vscode\extensions\vmware.vscode-spring-boot-1.57.0\language-server\spring-boot-language-server-1.57.0-SNAPSHOT-exec.jar

Host: Intel(R) Core(TM) i3 CPU       M 370  @ 2.40GHz, 4 cores, 5G,  Windows 10 , 64 bit Build 19041 (10.0.19041.4842)
Time: Fri Sep 27 10:53:57 2024 Paris, Madrid (heure duild 19041 (10.0.19041.4842) elapsed time: 513.664472 seconds (0d 0h 8m 33s)

---------------  T H R E A D  ---------------

Current thread (0x000002726a5465d0):  VMThread "VM Thread" [stack: 0x000000ca19a00000,0x000000ca19b00000] [id=5728]

Stack: [0x000000ca19a00000,0x000000ca19b00000]
Native frames: (J=compiled Java code, j=interpreted, Vv=VM code, C=native code)
V  [jvm.dll+0x67f929]
V  [jvm.dll+0x8371ba]
V  [jvm.dll+0x838c7e]
V  [jvm.dll+0x8392e3]
V  [jvm.dll+0x24834f]
V  [jvm.dll+0xa70d3]
V  [jvm.dll+0x2f9073]
V  [jvm.dll+0x2f4d00]
V  [jvm.dll+0x2dd82f]
V  [jvm.dll+0x3201f7]
V  [jvm.dll+0x83d7dd]
V  [jvm.dll+0x83e522]
V  [jvm.dll+0x83ea4f]
V  [jvm.dll+0x83ee34]
V  [jvm.dll+0x83ef00]
V  [jvm.dll+0x7e65dc]
V  [jvm.dll+0x67e7f7]
C  [ucrtbase.dll+0x21bb2]
C  [KERNEL32.DLL+0x17374]
C  [ntdll.dll+0x4cc91]

VM_Operation (0x000000ca1aefec40): G1CollectFull, mode: safepoint, requested by thread 0x000002726fa56290


---------------  P R O C E S S  ---------------

Threads class SMR info:
_java_thread_list=0x0000027270bf3e90, length=29, elements={
0x000002726a55bb40, 0x000002726a55c9c0, 0x000002726a59d130, 0x000002726a59dcf0,
0x000002726a5a06c0, 0x000002726a5a3090, 0x000002726a5a3a50, 0x000002726a5a7780,
0x000002726a814a30, 0x000002726a81b780, 0x00000272701eb040, 0x000002726fa56290,
0x00000272704ec9c0, 0x00000272704eced0, 0x00000272704ec4b0, 0x00000272704ed8f0,
0x00000272704ede00, 0x00000272704ed3e0, 0x000002727039da00, 0x000002727039e930,
0x000002727039ee40, 0x00000272703a0280, 0x00000272703a25f0, 0x000002727039df10,
0x00000272703a1bd0, 0x000002727039fd70, 0x00000272703a20e0, 0x00000272703a3f40,
0x00000272703a3010
}

Java Threads: ( => current thread )
  0x000002726a55bb40 JavaThread "Reference Handler" daemon [_thread_blocked, id=9084, stack(0x000000ca19b00000,0x000000ca19c00000)]
  0x000002726a55c9c0 JavaThread "Finalizer" daemon [_thread_blocked, id=2528, stack(0x000000ca19c00000,0x000000ca19d00000)]
  0x000002726a59d130 JavaThread "Signal Dispatcher" daemon [_thread_blocked, id=7272, stack(0x000000ca19d00000,0x000000ca19e00000)]
  0x000002726a59dcf0 JavaThread "Attach Listener" daemon [_thread_blocked, id=7808, stack(0x000000ca19e00000,0x000000ca19f00000)]
  0x000002726a5a06c0 JavaThread "Service Thread" daemon [_thread_blocked, id=4040, stack(0x000000ca19f00000,0x000000ca1a000000)]
  0x000002726a5a3090 JavaThread "Monitor Deflation Thread" daemon [_thread_blocked, id=4352, stack(0x000000ca1a000000,0x000000ca1a100000)]
  0x000002726a5a3a50 JavaThread "C1 CompilerThread0" daemon [_thread_blocked, id=10056, stack(0x000000ca1a100000,0x000000ca1a200000)]
  0x000002726a5a7780 JavaThread "Sweeper thread" daemon [_thread_blocked, id=3436, stack(0x000000ca1a200000,0x000000ca1a300000)]
  0x000002726a814a30 JavaThread "Notification Thread" daemon [_thread_blocked, id=8616, stack(0x000000ca1a400000,0x000000ca1a500000)]
  0x000002726a81b780 JavaThread "Common-Cleaner" daemon [_thread_blocked, id=1648, stack(0x000000ca1a600000,0x000000ca1a700000)]
  0x00000272701eb040 JavaThread "boundedElastic-evictor-1" daemon [_thread_blocked, id=4728, stack(0x000000ca1ab00000,0x000000ca1ac00000)]
  0x000002726fa56290 JavaThread "pool-13-thread-1" [_thread_blocked, id=7164, stack(0x000000ca1ae00000,0x000000ca1af00000)]
  0x00000272704ec9c0 JavaThread "LanguageServerApp-lifecycle" [_thread_blocked, id=900, stack(0x000000ca1af00000,0x000000ca1b000000)]
  0x00000272704eced0 JavaThread "DestroyJavaVM" [_thread_blocked, id=4556, stack(0x000000ca19400000,0x000000ca19500000)]
  0x00000272704ec4b0 JavaThread "pool-14-thread-1" [_thread_in_native, id=7904, stack(0x000000ca1b000000,0x000000ca1b100000)]
  0x00000272704ed8f0 JavaThread "Simple-Language-Server main thread" daemon [_thread_blocked, id=6252, stack(0x000000ca1b100000,0x000000ca1b200000)]
  0x00000272704ede00 JavaThread "pool-8-thread-1" [_thread_blocked, id=10656, stack(0x000000ca1b200000,0x000000ca1b300000)]
  0x00000272704ed3e0 JavaThread "parallel-1" daemon [_thread_blocked, id=8772, stack(0x000000ca1b300000,0x000000ca1b400000)]
  0x000002727039da00 JavaThread "Reconciler-1" daemon [_thread_blocked, id=9060, stack(0x000000ca1a300000,0x000000ca1a400000)]
  0x000002727039e930 JavaThread "parallel-2" daemon [_thread_blocked, id=11064, stack(0x000000ca1b800000,0x000000ca1b900000)]
  0x000002727039ee40 JavaThread "pool-6-thread-1" [_thread_blocked, id=9752, stack(0x000000ca1b900000,0x000000ca1ba00000)]
  0x00000272703a0280 JavaThread "parallel-3" daemon [_thread_blocked, id=11244, stack(0x000000ca1ba00000,0x000000ca1bb00000)]
  0x00000272703a25f0 JavaThread "parallel-4" daemon [_thread_blocked, id=2844, stack(0x000000ca19300000,0x000000ca19400000)]
  0x000002727039df10 JavaThread "pool-3-thread-8" [_thread_blocked, id=10524, stack(0x000000ca19200000,0x000000ca19300000)]
  0x00000272703a1bd0 JavaThread "ForkJoinPool.commonPool-worker-4" daemon [_thread_blocked, id=3104, stack(0x000000ca1aa00000,0x000000ca1ab00000)]
  0x000002727039fd70 JavaThread "pool-5-thread-3" [_thread_blocked, id=2412, stack(0x000000ca1ac00000,0x000000ca1ad00000)]
  0x00000272703a20e0 JavaThread "CompletableFutureDelayScheduler" daemon [_thread_blocked, id=5664, stack(0x000000ca1b500000,0x000000ca1b600000)]
  0x00000272703a3f40 JavaThread "ForkJoinPool.commonPool-worker-5" daemon [_thread_blocked, id=10696, stack(0x000000ca1b600000,0x000000ca1b700000)]
  0x00000272703a3010 JavaThread "ForkJoinPool.commonPool-worker-6" daemon [_thread_blocked, id=7204, stack(0x000000ca1bb00000,0x000000ca1bc00000)]

Other Threads:
=>0x000002726a5465d0 VMThread "VM Thread" [stack: 0x000000ca19a00000,0x000000ca19b00000] [id=5728]
  0x000002726a814f10 WatcherThread [stack: 0x000000ca1a500000,0x000000ca1a600000] [id=10496]
  0x000002725e078290 GCTaskThread "GC Thread#0" [stack: 0x000000ca19500000,0x000000ca19600000] [id=3440]
  0x000002726f414b70 GCTaskThread "GC Thread#1" [stack: 0x000000ca1a700000,0x000000ca1a800000] [id=6284]
  0x000002726f41e0a0 GCTaskThread "GC Thread#2" [stack: 0x000000ca1a800000,0x000000ca1a900000] [id=6200]
  0x000002726f670910 GCTaskThread "GC Thread#3" [stack: 0x000000ca1a900000,0x000000ca1aa00000] [id=456]
  0x000002725e0811e0 ConcurrentGCThread "G1 Main Marker" [stack: 0x000000ca19600000,0x000000ca19700000] [id=7572]
  0x000002725e081c00 ConcurrentGCThread "G1 Conc#0" [stack: 0x000000ca19700000,0x000000ca19800000] [id=2140]
  0x000002725e0e2240 ConcurrentGCThread "G1 Refine#0" [stack: 0x000000ca19800000,0x000000ca19900000] [id=3560]
  0x000002725e0e4080 ConcurrentGCThread "G1 Service" [stack: 0x000000ca19900000,0x000000ca19a00000] [id=10848]

Threads with active compile tasks:

VM state: at safepoint (normal execution)

VM Mutex/Monitor currently owned by a thread:  ([mutex/lock_event])
[0x000002725e0372c0] Threads_lock - owner thread: 0x000002726a5465d0
[0x000002725e0380d0] Heap_lock - owner thread: 0x000002726fa56290

Heap address: 0x00000000c0000000, size: 1024 MB, Compressed Oops mode: 32-bit

CDS archive(s) not mapped
Compressed class space mapped at: 0x0000000100000000-0x0000000140000000, reserved size: 1073741824
Narrow klass base: 0x0000000000000000, Narrow klass shift: 3, Narrow klass range: 0x140000000

GC Precious Log:
 CPUs: 4 total, 4 available
 Memory: 5941M
 Large Page Support: Disabled
 NUMA Support: Disabled
 Compressed Oops: Enabled (32-bit)
 Heap Region Size: 1M
 Heap Min Capacity: 8M
 Heap Initial Capacity: 94M
 Heap Max Capacity: 1G
 Pre-touch: Disabled
 Parallel Workers: 4
 Concurrent Workers: 1
 Concurrent Refinement Workers: 4
 Periodic GC: Disabled

Heap:
 garbage-first heap   total 191488K, used 129062K [0x00000000c0000000, 0x0000000100000000)
  region size 1024K, 80 young (81920K), 2 survivors (2048K)
 Metaspace       used 60684K, committed 61120K, reserved 1114112K
  class space    used 7628K, committed 7808K, reserved 1048576K

Heap Regions: E=young(eden), S=young(survivor), O=old, HS=humongous(starts), HC=humongous(continues), CS=collection set, F=free, OA=open archive, CA=closed archive, TAMS=top-at-mark-start (previous, next)
|   0|0x00000000c0000000, 0x00000000c0100000, 0x00000000c0100000|100%|HS|  |TAMS 0x00000000c0100000, 0x00000000c0000000| Complete 
|   1|0x00000000c0100000, 0x00000000c0200000, 0x00000000c0200000|100%|HC|  |TAMS 0x00000000c0200000, 0x00000000c0100000| Complete 
|   2|0x00000000c0200000, 0x00000000c0300000, 0x00000000c0300000|100%|HC|  |TAMS 0x00000000c0300000, 0x00000000c0200000| Complete 
|   3|0x00000000c0300000, 0x00000000c0400000, 0x00000000c0400000|100%|HC|  |TAMS 0x00000000c0400000, 0x00000000c0300000| Complete 
|   4|0x00000000c0400000, 0x00000000c0500000, 0x00000000c0500000|100%|HS|  |TAMS 0x00000000c0500000, 0x00000000c0400000| Complete 
|   5|0x00000000c0500000, 0x00000000c0600000, 0x00000000c0600000|100%|HC|  |TAMS 0x00000000c0600000, 0x00000000c0500000| Complete 
|   6|0x00000000c0600000, 0x00000000c0700000, 0x00000000c0700000|100%| O|  |TAMS 0x00000000c0700000, 0x00000000c0600000| Untracked 
|   7|0x00000000c0700000, 0x00000000c07fe2a0, 0x00000000c0800000| 99%| O|  |TAMS 0x00000000c07fe2a0, 0x00000000c0700000| Untracked 
|   8|0x00000000c0800000, 0x00000000c0900000, 0x00000000c0900000|100%| O|  |TAMS 0x00000000c0900000, 0x00000000c0800000| Untracked 
|   9|0x00000000c0900000, 0x00000000c0a00000, 0x00000000c0a00000|100%| O|  |TAMS 0x00000000c0a00000, 0x00000000c0900000| Untracked 
|  10|0x00000000c0a00000, 0x00000000c0b00000, 0x00000000c0b00000|100%| O|  |TAMS 0x00000000c0b00000, 0x00000000c0a00000| Untracked 
|  11|0x00000000c0b00000, 0x00000000c0c00000, 0x00000000c0c00000|100%| O|  |TAMS 0x00000000c0c00000, 0x00000000c0b00000| Untracked 
|  12|0x00000000c0c00000, 0x00000000c0cffff8, 0x00000000c0d00000| 99%| O|  |TAMS 0x00000000c0cffff8, 0x00000000c0c00000| Untracked 
|  13|0x00000000c0d00000, 0x00000000c0dffee8, 0x00000000c0e00000| 99%| O|  |TAMS 0x00000000c0dffee8, 0x00000000c0d00000| Untracked 
|  14|0x00000000c0e00000, 0x00000000c0effd70, 0x00000000c0f00000| 99%| O|  |TAMS 0x00000000c0effd70, 0x00000000c0e00000| Untracked 
|  15|0x00000000c0f00000, 0x00000000c1000000, 0x00000000c1000000|100%| O|  |TAMS 0x00000000c1000000, 0x00000000c0f00000| Untracked 
|  16|0x00000000c1000000, 0x00000000c10ffff8, 0x00000000c1100000| 99%| O|  |TAMS 0x00000000c10ffff8, 0x00000000c1000000| Untracked 
|  17|0x00000000c1100000, 0x00000000c1200000, 0x00000000c1200000|100%| O|  |TAMS 0x00000000c1200000, 0x00000000c1100000| Untracked 
|  18|0x00000000c1200000, 0x00000000c12fffa0, 0x00000000c1300000| 99%| O|  |TAMS 0x00000000c12fffa0, 0x00000000c1200000| Untracked 
|  19|0x00000000c1300000, 0x00000000c13fffe8, 0x00000000c1400000| 99%| O|  |TAMS 0x00000000c13fffe8, 0x00000000c1300000| Untracked 
|  20|0x00000000c1400000, 0x00000000c1500000, 0x00000000c1500000|100%| O|  |TAMS 0x00000000c1500000, 0x00000000c1400000| Untracked 
|  21|0x00000000c1500000, 0x00000000c15ffff8, 0x00000000c1600000| 99%| O|  |TAMS 0x00000000c15ffff8, 0x00000000c1500000| Untracked 
|  22|0x00000000c1600000, 0x00000000c16ffff8, 0x00000000c1700000| 99%| O|  |TAMS 0x00000000c16ffff8, 0x00000000c1600000| Untracked 
|  23|0x00000000c1700000, 0x00000000c17fffc0, 0x00000000c1800000| 99%| O|  |TAMS 0x00000000c17fffc0, 0x00000000c1700000| Untracked 
|  24|0x00000000c1800000, 0x00000000c18f6cd8, 0x00000000c1900000| 96%| O|  |TAMS 0x00000000c18f6cd8, 0x00000000c1800000| Untracked 
|  25|0x00000000c1900000, 0x00000000c19ffff8, 0x00000000c1a00000| 99%| O|  |TAMS 0x00000000c19ffff8, 0x00000000c1900000| Untracked 
|  26|0x00000000c1a00000, 0x00000000c1afcca0, 0x00000000c1b00000| 98%| O|  |TAMS 0x00000000c1afcca0, 0x00000000c1a00000| Untracked 
|  27|0x00000000c1b00000, 0x00000000c1bffcc0, 0x00000000c1c00000| 99%| O|  |TAMS 0x00000000c1bffcc0, 0x00000000c1b00000| Untracked 
|  28|0x00000000c1c00000, 0x00000000c1cffec8, 0x00000000c1d00000| 99%| O|  |TAMS 0x00000000c1cffec8, 0x00000000c1c00000| Untracked 
|  29|0x00000000c1d00000, 0x00000000c1e00000, 0x00000000c1e00000|100%| O|  |TAMS 0x00000000c1e00000, 0x00000000c1d00000| Untracked 
|  30|0x00000000c1e00000, 0x00000000c1efe3f8, 0x00000000c1f00000| 99%| O|  |TAMS 0x00000000c1efe3f8, 0x00000000c1e00000| Untracked 
|  31|0x00000000c1f00000, 0x00000000c1feb040, 0x00000000c2000000| 91%| O|  |TAMS 0x00000000c1feb040, 0x00000000c1f00000| Untracked 
|  32|0x00000000c2000000, 0x00000000c20fffb8, 0x00000000c2100000| 99%| O|  |TAMS 0x00000000c20fffb8, 0x00000000c2000000| Untracked 
|  33|0x00000000c2100000, 0x00000000c21fffe8, 0x00000000c2200000| 99%| O|  |TAMS 0x00000000c21fffe8, 0x00000000c2100000| Untracked 
|  34|0x00000000c2200000, 0x00000000c22fce90, 0x00000000c2300000| 98%| O|  |TAMS 0x00000000c22fce90, 0x00000000c2200000| Untracked 
|  35|0x00000000c2300000, 0x00000000c2400000, 0x00000000c2400000|100%| O|  |TAMS 0x00000000c2300000, 0x00000000c2300000| Untracked 
|  36|0x00000000c2400000, 0x00000000c2500000, 0x00000000c2500000|100%| O|  |TAMS 0x00000000c2400000, 0x00000000c2400000| Untracked 
|  37|0x00000000c2500000, 0x00000000c2600000, 0x00000000c2600000|100%| O|  |TAMS 0x00000000c2500000, 0x00000000c2500000| Untracked 
|  38|0x00000000c2600000, 0x00000000c2700000, 0x00000000c2700000|100%| O|  |TAMS 0x00000000c2700000, 0x00000000c2600000| Untracked 
|  39|0x00000000c2700000, 0x00000000c2800000, 0x00000000c2800000|100%| O|  |TAMS 0x00000000c2800000, 0x00000000c2700000| Untracked 
|  40|0x00000000c2800000, 0x00000000c2900000, 0x00000000c2900000|100%| O|  |TAMS 0x00000000c2900000, 0x00000000c2800000| Untracked 
|  41|0x00000000c2900000, 0x00000000c2a00000, 0x00000000c2a00000|100%| O|  |TAMS 0x00000000c2a00000, 0x00000000c2900000| Untracked 
|  42|0x00000000c2a00000, 0x00000000c2b00000, 0x00000000c2b00000|100%| O|  |TAMS 0x00000000c2b00000, 0x00000000c2a00000| Untracked 
|  43|0x00000000c2b00000, 0x00000000c2c00000, 0x00000000c2c00000|100%| O|  |TAMS 0x00000000c2c00000, 0x00000000c2b00000| Complete 
|  44|0x00000000c2c00000, 0x00000000c2d00000, 0x00000000c2d00000|100%| O|  |TAMS 0x00000000c2d00000, 0x00000000c2c00000| Untracked 
|  45|0x00000000c2d00000, 0x00000000c2e00000, 0x00000000c2e00000|100%| O|  |TAMS 0x00000000c2e00000, 0x00000000c2d00000| Untracked 
|  46|0x00000000c2e00000, 0x00000000c2f00000, 0x00000000c2f00000|100%| O|  |TAMS 0x00000000c2f00000, 0x00000000c2e00000| Complete 
|  47|0x00000000c2f00000, 0x00000000c3000000, 0x00000000c3000000|100%| O|  |TAMS 0x00000000c3000000, 0x00000000c2f00000| Complete 
|  48|0x00000000c3000000, 0x00000000c3032600, 0x00000000c3100000| 19%| O|  |TAMS 0x00000000c3000000, 0x00000000c3000000| Untracked 
|  49|0x00000000c3100000, 0x00000000c3100000, 0x00000000c3200000|  0%| F|  |TAMS 0x00000000c3100000, 0x00000000c3100000| Untracked 
|  50|0x00000000c3200000, 0x00000000c3200000, 0x00000000c3300000|  0%| F|  |TAMS 0x00000000c3200000, 0x00000000c3200000| Untracked 
|  51|0x00000000c3300000, 0x00000000c3300000, 0x00000000c3400000|  0%| F|  |TAMS 0x00000000c3300000, 0x00000000c3300000| Untracked 
|  52|0x00000000c3400000, 0x00000000c3400000, 0x00000000c3500000|  0%| F|  |TAMS 0x00000000c3400000, 0x00000000c3400000| Untracked 
|  53|0x00000000c3500000, 0x00000000c3500000, 0x00000000c3600000|  0%| F|  |TAMS 0x00000000c3500000, 0x00000000c3500000| Untracked 
|  54|0x00000000c3600000, 0x00000000c3600000, 0x00000000c3700000|  0%| F|  |TAMS 0x00000000c3600000, 0x00000000c3600000| Untracked 
|  55|0x00000000c3700000, 0x00000000c3700000, 0x00000000c3800000|  0%| F|  |TAMS 0x00000000c3700000, 0x00000000c3700000| Untracked 
|  56|0x00000000c3800000, 0x00000000c3800000, 0x00000000c3900000|  0%| F|  |TAMS 0x00000000c3800000, 0x00000000c3800000| Untracked 
|  57|0x00000000c3900000, 0x00000000c3900000, 0x00000000c3a00000|  0%| F|  |TAMS 0x00000000c3900000, 0x00000000c3900000| Untracked 
|  58|0x00000000c3a00000, 0x00000000c3a00000, 0x00000000c3b00000|  0%| F|  |TAMS 0x00000000c3a00000, 0x00000000c3a00000| Untracked 
|  59|0x00000000c3b00000, 0x00000000c3b00000, 0x00000000c3c00000|  0%| F|  |TAMS 0x00000000c3b00000, 0x00000000c3b00000| Untracked 
|  60|0x00000000c3c00000, 0x00000000c3c00000, 0x00000000c3d00000|  0%| F|  |TAMS 0x00000000c3c00000, 0x00000000c3c00000| Untracked 
|  61|0x00000000c3d00000, 0x00000000c3d00000, 0x00000000c3e00000|  0%| F|  |TAMS 0x00000000c3d00000, 0x00000000c3d00000| Untracked 
|  62|0x00000000c3e00000, 0x00000000c3e00000, 0x00000000c3f00000|  0%| F|  |TAMS 0x00000000c3e00000, 0x00000000c3e00000| Untracked 
|  63|0x00000000c3f00000, 0x00000000c3f00000, 0x00000000c4000000|  0%| F|  |TAMS 0x00000000c3f00000, 0x00000000c3f00000| Untracked 
|  64|0x00000000c4000000, 0x00000000c4100000, 0x00000000c4100000|100%| S|CS|TAMS 0x00000000c4000000, 0x00000000c4000000| Complete 
|  65|0x00000000c4100000, 0x00000000c4200000, 0x00000000c4200000|100%| S|CS|TAMS 0x00000000c4100000, 0x00000000c4100000| Complete 
|  66|0x00000000c4200000, 0x00000000c4200000, 0x00000000c4300000|  0%| F|  |TAMS 0x00000000c4200000, 0x00000000c4200000| Untracked 
|  67|0x00000000c4300000, 0x00000000c4300000, 0x00000000c4400000|  0%| F|  |TAMS 0x00000000c4300000, 0x00000000c4300000| Untracked 
|  68|0x00000000c4400000, 0x00000000c4400000, 0x00000000c4500000|  0%| F|  |TAMS 0x00000000c4400000, 0x00000000c4400000| Untracked 
|  69|0x00000000c4500000, 0x00000000c4500000, 0x00000000c4600000|  0%| F|  |TAMS 0x00000000c4500000, 0x00000000c4500000| Untracked 
|  70|0x00000000c4600000, 0x00000000c4600000, 0x00000000c4700000|  0%| F|  |TAMS 0x00000000c4600000, 0x00000000c4600000| Untracked 
|  71|0x00000000c4700000, 0x00000000c4700000, 0x00000000c4800000|  0%| F|  |TAMS 0x00000000c4700000, 0x00000000c4700000| Untracked 
|  72|0x00000000c4800000, 0x00000000c4800000, 0x00000000c4900000|  0%| F|  |TAMS 0x00000000c4800000, 0x00000000c4800000| Untracked 
|  73|0x00000000c4900000, 0x00000000c4900000, 0x00000000c4a00000|  0%| F|  |TAMS 0x00000000c4900000, 0x00000000c4900000| Untracked 
|  74|0x00000000c4a00000, 0x00000000c4a00000, 0x00000000c4b00000|  0%| F|  |TAMS 0x00000000c4a00000, 0x00000000c4a00000| Untracked 
|  75|0x00000000c4b00000, 0x00000000c4b00000, 0x00000000c4c00000|  0%| F|  |TAMS 0x00000000c4b00000, 0x00000000c4b00000| Untracked 
|  76|0x00000000c4c00000, 0x00000000c4c00000, 0x00000000c4d00000|  0%| F|  |TAMS 0x00000000c4c00000, 0x00000000c4c00000| Untracked 
|  77|0x00000000c4d00000, 0x00000000c4d00000, 0x00000000c4e00000|  0%| F|  |TAMS 0x00000000c4d00000, 0x00000000c4d00000| Untracked 
|  78|0x00000000c4e00000, 0x00000000c4e00000, 0x00000000c4f00000|  0%| F|  |TAMS 0x00000000c4e00000, 0x00000000c4e00000| Untracked 
|  79|0x00000000c4f00000, 0x00000000c4f00000, 0x00000000c5000000|  0%| F|  |TAMS 0x00000000c4f00000, 0x00000000c4f00000| Untracked 
|  80|0x00000000c5000000, 0x00000000c5000000, 0x00000000c5100000|  0%| F|  |TAMS 0x00000000c5000000, 0x00000000c5000000| Untracked 
|  81|0x00000000c5100000, 0x00000000c5100000, 0x00000000c5200000|  0%| F|  |TAMS 0x00000000c5100000, 0x00000000c5100000| Untracked 
|  82|0x00000000c5200000, 0x00000000c5200000, 0x00000000c5300000|  0%| F|  |TAMS 0x00000000c5200000, 0x00000000c5200000| Untracked 
|  83|0x00000000c5300000, 0x00000000c5300000, 0x00000000c5400000|  0%| F|  |TAMS 0x00000000c5300000, 0x00000000c5300000| Untracked 
|  84|0x00000000c5400000, 0x00000000c5400000, 0x00000000c5500000|  0%| F|  |TAMS 0x00000000c5400000, 0x00000000c5400000| Untracked 
|  85|0x00000000c5500000, 0x00000000c5500000, 0x00000000c5600000|  0%| F|  |TAMS 0x00000000c5500000, 0x00000000c5500000| Untracked 
|  86|0x00000000c5600000, 0x00000000c5600000, 0x00000000c5700000|  0%| F|  |TAMS 0x00000000c5600000, 0x00000000c5600000| Untracked 
|  87|0x00000000c5700000, 0x00000000c5700000, 0x00000000c5800000|  0%| F|  |TAMS 0x00000000c5700000, 0x00000000c5700000| Untracked 
|  88|0x00000000c5800000, 0x00000000c5800000, 0x00000000c5900000|  0%| F|  |TAMS 0x00000000c5800000, 0x00000000c5800000| Untracked 
|  89|0x00000000c5900000, 0x00000000c5900000, 0x00000000c5a00000|  0%| F|  |TAMS 0x00000000c5900000, 0x00000000c5900000| Untracked 
|  90|0x00000000c5a00000, 0x00000000c5a00000, 0x00000000c5b00000|  0%| F|  |TAMS 0x00000000c5a00000, 0x00000000c5a00000| Untracked 
|  91|0x00000000c5b00000, 0x00000000c5b00000, 0x00000000c5c00000|  0%| F|  |TAMS 0x00000000c5b00000, 0x00000000c5b00000| Untracked 
|  92|0x00000000c5c00000, 0x00000000c5c00000, 0x00000000c5d00000|  0%| F|  |TAMS 0x00000000c5c00000, 0x00000000c5c00000| Untracked 
|  93|0x00000000c5d00000, 0x00000000c5d00000, 0x00000000c5e00000|  0%| F|  |TAMS 0x00000000c5d00000, 0x00000000c5d00000| Untracked 
|  94|0x00000000c5e00000, 0x00000000c5e00000, 0x00000000c5f00000|  0%| F|  |TAMS 0x00000000c5e00000, 0x00000000c5e00000| Untracked 
|  95|0x00000000c5f00000, 0x00000000c5f00000, 0x00000000c6000000|  0%| F|  |TAMS 0x00000000c5f00000, 0x00000000c5f00000| Untracked 
|  96|0x00000000c6000000, 0x00000000c6000000, 0x00000000c6100000|  0%| F|  |TAMS 0x00000000c6000000, 0x00000000c6000000| Untracked 
|  97|0x00000000c6100000, 0x00000000c6100000, 0x00000000c6200000|  0%| F|  |TAMS 0x00000000c6100000, 0x00000000c6100000| Untracked 
|  98|0x00000000c6200000, 0x00000000c6200000, 0x00000000c6300000|  0%| F|  |TAMS 0x00000000c6200000, 0x00000000c6200000| Untracked 
|  99|0x00000000c6300000, 0x00000000c6300000, 0x00000000c6400000|  0%| F|  |TAMS 0x00000000c6300000, 0x00000000c6300000| Untracked 
| 100|0x00000000c6400000, 0x00000000c6400000, 0x00000000c6500000|  0%| F|  |TAMS 0x00000000c6400000, 0x00000000c6400000| Untracked 
| 101|0x00000000c6500000, 0x00000000c6500000, 0x00000000c6600000|  0%| F|  |TAMS 0x00000000c6500000, 0x00000000c6500000| Untracked 
| 102|0x00000000c6600000, 0x00000000c6600000, 0x00000000c6700000|  0%| F|  |TAMS 0x00000000c6600000, 0x00000000c6600000| Untracked 
| 103|0x00000000c6700000, 0x00000000c6700000, 0x00000000c6800000|  0%| F|  |TAMS 0x00000000c6700000, 0x00000000c6700000| Untracked 
| 104|0x00000000c6800000, 0x00000000c6800000, 0x00000000c6900000|  0%| F|  |TAMS 0x00000000c6800000, 0x00000000c6800000| Untracked 
| 105|0x00000000c6900000, 0x00000000c6900000, 0x00000000c6a00000|  0%| F|  |TAMS 0x00000000c6900000, 0x00000000c6900000| Untracked 
| 106|0x00000000c6a00000, 0x00000000c6a00000, 0x00000000c6b00000|  0%| F|  |TAMS 0x00000000c6a00000, 0x00000000c6a00000| Untracked 
| 107|0x00000000c6b00000, 0x00000000c6b00000, 0x00000000c6c00000|  0%| F|  |TAMS 0x00000000c6b00000, 0x00000000c6b00000| Untracked 
| 108|0x00000000c6c00000, 0x00000000c6c00000, 0x00000000c6d00000|  0%| F|  |TAMS 0x00000000c6c00000, 0x00000000c6c00000| Untracked 
| 109|0x00000000c6d00000, 0x00000000c6d2b8b8, 0x00000000c6e00000| 17%| E|  |TAMS 0x00000000c6d00000, 0x00000000c6d00000| Complete 
| 110|0x00000000c6e00000, 0x00000000c6f00000, 0x00000000c6f00000|100%| E|CS|TAMS 0x00000000c6e00000, 0x00000000c6e00000| Complete 
| 111|0x00000000c6f00000, 0x00000000c7000000, 0x00000000c7000000|100%| E|CS|TAMS 0x00000000c6f00000, 0x00000000c6f00000| Complete 
| 112|0x00000000c7000000, 0x00000000c7100000, 0x00000000c7100000|100%| E|CS|TAMS 0x00000000c7000000, 0x00000000c7000000| Complete 
| 113|0x00000000c7100000, 0x00000000c7200000, 0x00000000c7200000|100%| E|CS|TAMS 0x00000000c7100000, 0x00000000c7100000| Complete 
| 114|0x00000000c7200000, 0x00000000c7300000, 0x00000000c7300000|100%| E|CS|TAMS 0x00000000c7200000, 0x00000000c7200000| Complete 
| 115|0x00000000c7300000, 0x00000000c7400000, 0x00000000c7400000|100%| E|CS|TAMS 0x00000000c7300000, 0x00000000c7300000| Complete 
| 116|0x00000000c7400000, 0x00000000c7500000, 0x00000000c7500000|100%| E|CS|TAMS 0x00000000c7400000, 0x00000000c7400000| Complete 
| 117|0x00000000c7500000, 0x00000000c7600000, 0x00000000c7600000|100%| E|CS|TAMS 0x00000000c7500000, 0x00000000c7500000| Complete 
| 118|0x00000000c7600000, 0x00000000c7700000, 0x00000000c7700000|100%| E|CS|TAMS 0x00000000c7600000, 0x00000000c7600000| Complete 
| 119|0x00000000c7700000, 0x00000000c7800000, 0x00000000c7800000|100%| E|CS|TAMS 0x00000000c7700000, 0x00000000c7700000| Complete 
| 120|0x00000000c7800000, 0x00000000c7900000, 0x00000000c7900000|100%| E|CS|TAMS 0x00000000c7800000, 0x00000000c7800000| Complete 
| 121|0x00000000c7900000, 0x00000000c7a00000, 0x00000000c7a00000|100%| E|CS|TAMS 0x00000000c7900000, 0x00000000c7900000| Complete 
| 122|0x00000000c7a00000, 0x00000000c7b00000, 0x00000000c7b00000|100%| E|CS|TAMS 0x00000000c7a00000, 0x00000000c7a00000| Complete 
| 123|0x00000000c7b00000, 0x00000000c7c00000, 0x00000000c7c00000|100%| E|CS|TAMS 0x00000000c7b00000, 0x00000000c7b00000| Complete 
| 124|0x00000000c7c00000, 0x00000000c7d00000, 0x00000000c7d00000|100%| E|CS|TAMS 0x00000000c7c00000, 0x00000000c7c00000| Complete 
| 125|0x00000000c7d00000, 0x00000000c7e00000, 0x00000000c7e00000|100%| E|CS|TAMS 0x00000000c7d00000, 0x00000000c7d00000| Complete 
| 126|0x00000000c7e00000, 0x00000000c7f00000, 0x00000000c7f00000|100%| E|  |TAMS 0x00000000c7e00000, 0x00000000c7e00000| Complete 
| 127|0x00000000c7f00000, 0x00000000c8000000, 0x00000000c8000000|100%| E|CS|TAMS 0x00000000c7f00000, 0x00000000c7f00000| Complete 
| 128|0x00000000c8000000, 0x00000000c8100000, 0x00000000c8100000|100%| E|CS|TAMS 0x00000000c8000000, 0x00000000c8000000| Complete 
| 129|0x00000000c8100000, 0x00000000c8200000, 0x00000000c8200000|100%| E|CS|TAMS 0x00000000c8100000, 0x00000000c8100000| Complete 
| 130|0x00000000c8200000, 0x00000000c8300000, 0x00000000c8300000|100%| E|CS|TAMS 0x00000000c8200000, 0x00000000c8200000| Complete 
| 131|0x00000000c8300000, 0x00000000c8400000, 0x00000000c8400000|100%| E|CS|TAMS 0x00000000c8300000, 0x00000000c8300000| Complete 
| 132|0x00000000c8400000, 0x00000000c8500000, 0x00000000c8500000|100%| E|CS|TAMS 0x00000000c8400000, 0x00000000c8400000| Complete 
| 133|0x00000000c8500000, 0x00000000c8600000, 0x00000000c8600000|100%| E|CS|TAMS 0x00000000c8500000, 0x00000000c8500000| Complete 
| 134|0x00000000c8600000, 0x00000000c8700000, 0x00000000c8700000|100%| E|CS|TAMS 0x00000000c8600000, 0x00000000c8600000| Complete 
| 135|0x00000000c8700000, 0x00000000c8800000, 0x00000000c8800000|100%| E|CS|TAMS 0x00000000c8700000, 0x00000000c8700000| Complete 
| 136|0x00000000c8800000, 0x00000000c8900000, 0x00000000c8900000|100%| E|CS|TAMS 0x00000000c8800000, 0x00000000c8800000| Complete 
| 137|0x00000000c8900000, 0x00000000c8a00000, 0x00000000c8a00000|100%| E|CS|TAMS 0x00000000c8900000, 0x00000000c8900000| Complete 
| 138|0x00000000c8a00000, 0x00000000c8b00000, 0x00000000c8b00000|100%| E|CS|TAMS 0x00000000c8a00000, 0x00000000c8a00000| Complete 
| 139|0x00000000c8b00000, 0x00000000c8c00000, 0x00000000c8c00000|100%| E|CS|TAMS 0x00000000c8b00000, 0x00000000c8b00000| Complete 
| 140|0x00000000c8c00000, 0x00000000c8d00000, 0x00000000c8d00000|100%| E|CS|TAMS 0x00000000c8c00000, 0x00000000c8c00000| Complete 
| 141|0x00000000c8d00000, 0x00000000c8e00000, 0x00000000c8e00000|100%| E|CS|TAMS 0x00000000c8d00000, 0x00000000c8d00000| Complete 
| 142|0x00000000c8e00000, 0x00000000c8f00000, 0x00000000c8f00000|100%| E|CS|TAMS 0x00000000c8e00000, 0x00000000c8e00000| Complete 
| 143|0x00000000c8f00000, 0x00000000c9000000, 0x00000000c9000000|100%| E|CS|TAMS 0x00000000c8f00000, 0x00000000c8f00000| Complete 
| 144|0x00000000c9000000, 0x00000000c9100000, 0x00000000c9100000|100%| E|CS|TAMS 0x00000000c9000000, 0x00000000c9000000| Complete 
| 145|0x00000000c9100000, 0x00000000c9200000, 0x00000000c9200000|100%| E|CS|TAMS 0x00000000c9100000, 0x00000000c9100000| Complete 
| 146|0x00000000c9200000, 0x00000000c9300000, 0x00000000c9300000|100%| E|CS|TAMS 0x00000000c9200000, 0x00000000c9200000| Complete 
| 147|0x00000000c9300000, 0x00000000c9400000, 0x00000000c9400000|100%| E|CS|TAMS 0x00000000c9300000, 0x00000000c9300000| Complete 
| 148|0x00000000c9400000, 0x00000000c9500000, 0x00000000c9500000|100%| E|CS|TAMS 0x00000000c9400000, 0x00000000c9400000| Complete 
| 149|0x00000000c9500000, 0x00000000c9600000, 0x00000000c9600000|100%| E|CS|TAMS 0x00000000c9500000, 0x00000000c9500000| Complete 
| 150|0x00000000c9600000, 0x00000000c9700000, 0x00000000c9700000|100%| E|CS|TAMS 0x00000000c9600000, 0x00000000c9600000| Complete 
| 151|0x00000000c9700000, 0x00000000c9800000, 0x00000000c9800000|100%| E|CS|TAMS 0x00000000c9700000, 0x00000000c9700000| Complete 
| 152|0x00000000c9800000, 0x00000000c9900000, 0x00000000c9900000|100%| E|CS|TAMS 0x00000000c9800000, 0x00000000c9800000| Complete 
| 153|0x00000000c9900000, 0x00000000c9a00000, 0x00000000c9a00000|100%| E|CS|TAMS 0x00000000c9900000, 0x00000000c9900000| Complete 
| 154|0x00000000c9a00000, 0x00000000c9b00000, 0x00000000c9b00000|100%| E|CS|TAMS 0x00000000c9a00000, 0x00000000c9a00000| Complete 
| 155|0x00000000c9b00000, 0x00000000c9c00000, 0x00000000c9c00000|100%| E|CS|TAMS 0x00000000c9b00000, 0x00000000c9b00000| Complete 
| 156|0x00000000c9c00000, 0x00000000c9d00000, 0x00000000c9d00000|100%| E|CS|TAMS 0x00000000c9c00000, 0x00000000c9c00000| Complete 
| 157|0x00000000c9d00000, 0x00000000c9e00000, 0x00000000c9e00000|100%| E|CS|TAMS 0x00000000c9d00000, 0x00000000c9d00000| Complete 
| 158|0x00000000c9e00000, 0x00000000c9f00000, 0x00000000c9f00000|100%| E|CS|TAMS 0x00000000c9e00000, 0x00000000c9e00000| Complete 
| 159|0x00000000c9f00000, 0x00000000ca000000, 0x00000000ca000000|100%| E|CS|TAMS 0x00000000c9f00000, 0x00000000c9f00000| Complete 
| 160|0x00000000ca000000, 0x00000000ca100000, 0x00000000ca100000|100%| E|CS|TAMS 0x00000000ca000000, 0x00000000ca000000| Complete 
| 161|0x00000000ca100000, 0x00000000ca200000, 0x00000000ca200000|100%| E|CS|TAMS 0x00000000ca100000, 0x00000000ca100000| Complete 
| 162|0x00000000ca200000, 0x00000000ca300000, 0x00000000ca300000|100%| E|CS|TAMS 0x00000000ca200000, 0x00000000ca200000| Complete 
| 163|0x00000000ca300000, 0x00000000ca400000, 0x00000000ca400000|100%| E|CS|TAMS 0x00000000ca300000, 0x00000000ca300000| Complete 
| 164|0x00000000ca400000, 0x00000000ca500000, 0x00000000ca500000|100%| E|CS|TAMS 0x00000000ca400000, 0x00000000ca400000| Complete 
| 165|0x00000000ca500000, 0x00000000ca600000, 0x00000000ca600000|100%| E|CS|TAMS 0x00000000ca500000, 0x00000000ca500000| Complete 
| 166|0x00000000ca600000, 0x00000000ca700000, 0x00000000ca700000|100%| E|CS|TAMS 0x00000000ca600000, 0x00000000ca600000| Complete 
| 167|0x00000000ca700000, 0x00000000ca800000, 0x00000000ca800000|100%| E|CS|TAMS 0x00000000ca700000, 0x00000000ca700000| Complete 
| 168|0x00000000ca800000, 0x00000000ca900000, 0x00000000ca900000|100%| E|CS|TAMS 0x00000000ca800000, 0x00000000ca800000| Complete 
| 169|0x00000000ca900000, 0x00000000caa00000, 0x00000000caa00000|100%| E|CS|TAMS 0x00000000ca900000, 0x00000000ca900000| Complete 
| 170|0x00000000caa00000, 0x00000000cab00000, 0x00000000cab00000|100%| E|CS|TAMS 0x00000000caa00000, 0x00000000caa00000| Complete 
| 171|0x00000000cab00000, 0x00000000cac00000, 0x00000000cac00000|100%| E|CS|TAMS 0x00000000cab00000, 0x00000000cab00000| Complete 
| 172|0x00000000cac00000, 0x00000000cad00000, 0x00000000cad00000|100%| E|CS|TAMS 0x00000000cac00000, 0x00000000cac00000| Complete 
| 173|0x00000000cad00000, 0x00000000cae00000, 0x00000000cae00000|100%| E|CS|TAMS 0x00000000cad00000, 0x00000000cad00000| Complete 
| 174|0x00000000cae00000, 0x00000000caf00000, 0x00000000caf00000|100%| E|CS|TAMS 0x00000000cae00000, 0x00000000cae00000| Complete 
| 175|0x00000000caf00000, 0x00000000cb000000, 0x00000000cb000000|100%| E|CS|TAMS 0x00000000caf00000, 0x00000000caf00000| Complete 
| 176|0x00000000cb000000, 0x00000000cb100000, 0x00000000cb100000|100%| E|CS|TAMS 0x00000000cb000000, 0x00000000cb000000| Complete 
| 177|0x00000000cb100000, 0x00000000cb200000, 0x00000000cb200000|100%| E|CS|TAMS 0x00000000cb100000, 0x00000000cb100000| Complete 
| 178|0x00000000cb200000, 0x00000000cb300000, 0x00000000cb300000|100%| E|CS|TAMS 0x00000000cb200000, 0x00000000cb200000| Complete 
| 179|0x00000000cb300000, 0x00000000cb400000, 0x00000000cb400000|100%| E|CS|TAMS 0x00000000cb300000, 0x00000000cb300000| Complete 
| 180|0x00000000cb400000, 0x00000000cb500000, 0x00000000cb500000|100%| E|CS|TAMS 0x00000000cb400000, 0x00000000cb400000| Complete 
| 181|0x00000000cb500000, 0x00000000cb600000, 0x00000000cb600000|100%| E|CS|TAMS 0x00000000cb500000, 0x00000000cb500000| Complete 
| 209|0x00000000cd100000, 0x00000000cd200000, 0x00000000cd200000|100%| E|CS|TAMS 0x00000000cd100000, 0x00000000cd100000| Complete 
| 210|0x00000000cd200000, 0x00000000cd300000, 0x00000000cd300000|100%| E|CS|TAMS 0x00000000cd200000, 0x00000000cd200000| Complete 
| 211|0x00000000cd300000, 0x00000000cd400000, 0x00000000cd400000|100%| E|CS|TAMS 0x00000000cd300000, 0x00000000cd300000| Complete 
| 212|0x00000000cd400000, 0x00000000cd500000, 0x00000000cd500000|100%| E|CS|TAMS 0x00000000cd400000, 0x00000000cd400000| Complete 
| 213|0x00000000cd500000, 0x00000000cd600000, 0x00000000cd600000|100%| E|CS|TAMS 0x00000000cd500000, 0x00000000cd500000| Complete 

Card table byte_map: [0x0000027265b60000,0x0000027265d60000] _byte_map_base: 0x0000027265560000

Marking Bits (Prev, Next): (CMBitMap*) 0x000002725e0788b0, (CMBitMap*) 0x000002725e0788f0
 Prev Bits: [0x0000027265f60000, 0x0000027266f60000)
 Next Bits: [0x0000027266f60000, 0x0000027267f60000)

Polling page: 0x000002725e100000

Metaspace:

Usage:
  Non-class:     51.81 MB used.
      Class:      7.45 MB used.
       Both:     59.26 MB used.

Virtual space:
  Non-class space:       64.00 MB reserved,      52.06 MB ( 81%) committed,  1 nodes.
      Class space:        1.00 GB reserved,       7.62 MB ( <1%) committed,  1 nodes.
             Both:        1.06 GB reserved,      59.69 MB (  5%) committed. 

Chunk freelists:
   Non-Class:  11.91 MB
       Class:  8.20 MB
        Both:  20.11 MB

MaxMetaspaceSize: unlimited
CompressedClassSpaceSize: 1.00 GB
Initial GC threshold: 21.00 MB
Current GC threshold: 99.19 MB
CDS: off
MetaspaceReclaimPolicy: balanced
 - commit_granule_bytes: 65536.
 - commit_granule_words: 8192.
 - virtual_space_node_default_size: 8388608.
 - enlarge_chunks_in_place: 1.
 - new_chunks_are_fully_committed: 0.
 - uncommit_free_chunks: 1.
 - use_allocation_guard: 0.
 - handle_deallocations: 1.


Internal statistics:

num_allocs_failed_limit: 8.
num_arena_births: 762.
num_arena_deaths: 274.
num_vsnodes_births: 2.
num_vsnodes_deaths: 0.
num_space_committed: 954.
num_space_uncommitted: 0.
num_chunks_returned_to_freelist: 314.
num_chunks_taken_from_freelist: 2853.
num_chunk_merges: 105.
num_chunk_splits: 1839.
num_chunks_enlarged: 1347.
num_inconsistent_stats: 0.

CodeCache: size=49152Kb used=13120Kb max_used=14156Kb free=36031Kb
 bounds [0x00000272624c0000, 0x00000272632a0000, 0x00000272654c0000]
 total_blobs=7712 nmethods=7061 adapters=579
 compilation: enabled
              stopped_count=0, restarted_count=0
 full_count=0

Compilation events (20 events):
Event: 464.460 Thread 0x000002726a5a3a50 7063       1       org.springframework.ide.vscode.boot.java.reconcilers.AddConfigurationIfBeansPresentReconciler::isBeanMethod (65 bytes)
Event: 464.461 Thread 0x000002726a5a3a50 nmethod 7063 0x0000027263260b10 code [0x0000027263260d20, 0x0000027263261238]
Event: 464.462 Thread 0x000002726a5a3a50 7064       1       java.util.stream.ReferencePipeline::forEach (11 bytes)
Event: 464.462 Thread 0x000002726a5a3a50 nmethod 7064 0x0000027263260610 code [0x00000272632607c0, 0x0000027263260a18]
Event: 464.462 Thread 0x000002726a5a3a50 7065       1       java.util.stream.ForEachOps::makeRef (15 bytes)
Event: 464.462 Thread 0x000002726a5a3a50 nmethod 7065 0x0000027263260190 code [0x0000027263260340, 0x0000027263260548]
Event: 464.462 Thread 0x000002726a5a3a50 7066       1       java.util.stream.ForEachOps$ForEachOp$OfRef::evaluateSequential (7 bytes)
Event: 464.463 Thread 0x000002726a5a3a50 nmethod 7066 0x000002726325fd90 code [0x000002726325ff40, 0x0000027263260068]
Event: 474.565 Thread 0x000002726a5a3a50 7067       1       org.eclipse.lsp4j.jsonrpc.messages.RequestMessage::setMethod (6 bytes)
Event: 474.565 Thread 0x000002726a5a3a50 nmethod 7067 0x000002726325fa90 code [0x000002726325fc20, 0x000002726325fd38]
Event: 474.565 Thread 0x000002726a5a3a50 7070       1       java.util.concurrent.CompletableFuture::uniApplyStage (54 bytes)
Event: 474.566 Thread 0x000002726a5a3a50 nmethod 7070 0x000002726325f310 code [0x000002726325f4e0, 0x000002726325f918]
Event: 474.566 Thread 0x000002726a5a3a50 7068       1       org.eclipse.lsp4j.jsonrpc.messages.RequestMessage::setParams (6 bytes)
Event: 474.566 Thread 0x000002726a5a3a50 nmethod 7068 0x000002726325f010 code [0x000002726325f1a0, 0x000002726325f2b8]
Event: 474.566 Thread 0x000002726a5a3a50 7069       1       org.eclipse.lsp4j.jsonrpc.messages.RequestMessage::getParams (5 bytes)
Event: 474.567 Thread 0x000002726a5a3a50 nmethod 7069 0x000002726325ed10 code [0x000002726325eea0, 0x000002726325ef78]
Event: 474.568 Thread 0x000002726a5a3a50 7071       1       java.net.URI::hashIgnoringCase (45 bytes)
Event: 474.569 Thread 0x000002726a5a3a50 nmethod 7071 0x000002726325e610 code [0x000002726325e7c0, 0x000002726325ea98]
Event: 474.569 Thread 0x000002726a5a3a50 7072       1       org.eclipse.lsp4j.jsonrpc.messages.IdentifiableMessage::<init> (5 bytes)
Event: 474.569 Thread 0x000002726a5a3a50 nmethod 7072 0x000002726325e310 code [0x000002726325e4a0, 0x000002726325e5b8]

GC Heap History (20 events):
Event: 259.707 GC heap after
{Heap after GC invocations=25 (full 5):
 garbage-first heap   total 83968K, used 38697K [0x00000000c0000000, 0x0000000100000000)
  region size 1024K, 0 young (0K), 0 survivors (0K)
 Metaspace       used 60114K, committed 60736K, reserved 1114112K
  class space    used 7525K, committed 7808K, reserved 1048576K
}
Event: 270.126 GC heap before
{Heap before GC invocations=25 (full 5):
 garbage-first heap   total 83968K, used 38697K [0x00000000c0000000, 0x0000000100000000)
  region size 1024K, 1 young (1024K), 0 survivors (0K)
 Metaspace       used 60114K, committed 60736K, reserved 1114112K
  class space    used 7525K, committed 7808K, reserved 1048576K
}
Event: 270.286 GC heap after
{Heap after GC invocations=26 (full 6):
 garbage-first heap   total 83968K, used 38697K [0x00000000c0000000, 0x0000000100000000)
  region size 1024K, 0 young (0K), 0 survivors (0K)
 Metaspace       used 60114K, committed 60736K, reserved 1114112K
  class space    used 7525K, committed 7808K, reserved 1048576K
}
Event: 280.682 GC heap before
{Heap before GC invocations=26 (full 6):
 garbage-first heap   total 83968K, used 38697K [0x00000000c0000000, 0x0000000100000000)
  region size 1024K, 1 young (1024K), 0 survivors (0K)
 Metaspace       used 60114K, committed 60736K, reserved 1114112K
  class space    used 7525K, committed 7808K, reserved 1048576K
}
Event: 280.821 GC heap after
{Heap after GC invocations=27 (full 7):
 garbage-first heap   total 83968K, used 38697K [0x00000000c0000000, 0x0000000100000000)
  region size 1024K, 0 young (0K), 0 survivors (0K)
 Metaspace       used 60114K, committed 60736K, reserved 1114112K
  class space    used 7525K, committed 7808K, reserved 1048576K
}
Event: 291.306 GC heap before
{Heap before GC invocations=27 (full 7):
 garbage-first heap   total 83968K, used 38697K [0x00000000c0000000, 0x0000000100000000)
  region size 1024K, 1 young (1024K), 0 survivors (0K)
 Metaspace       used 60114K, committed 60736K, reserved 1114112K
  class space    used 7525K, committed 7808K, reserved 1048576K
}
Event: 291.475 GC heap after
{Heap after GC invocations=28 (full 8):
 garbage-first heap   total 83968K, used 38697K [0x00000000c0000000, 0x0000000100000000)
  region size 1024K, 0 young (0K), 0 survivors (0K)
 Metaspace       used 60114K, committed 60736K, reserved 1114112K
  class space    used 7525K, committed 7808K, reserved 1048576K
}
Event: 331.976 GC heap before
{Heap before GC invocations=28 (full 8):
 garbage-first heap   total 83968K, used 40745K [0x00000000c0000000, 0x0000000100000000)
  region size 1024K, 3 young (3072K), 0 survivors (0K)
 Metaspace       used 60114K, committed 60736K, reserved 1114112K
  class space    used 7525K, committed 7808K, reserved 1048576K
}
Event: 332.104 GC heap after
{Heap after GC invocations=29 (full 9):
 garbage-first heap   total 83968K, used 38737K [0x00000000c0000000, 0x0000000100000000)
  region size 1024K, 0 young (0K), 0 survivors (0K)
 Metaspace       used 60114K, committed 60736K, reserved 1114112K
  class space    used 7525K, committed 7808K, reserved 1048576K
}
Event: 342.554 GC heap before
{Heap before GC invocations=29 (full 9):
 garbage-first heap   total 83968K, used 38737K [0x00000000c0000000, 0x0000000100000000)
  region size 1024K, 1 young (1024K), 0 survivors (0K)
 Metaspace       used 60114K, committed 60736K, reserved 1114112K
  class space    used 7525K, committed 7808K, reserved 1048576K
}
Event: 342.724 GC heap after
{Heap after GC invocations=30 (full 10):
 garbage-first heap   total 83968K, used 38746K [0x00000000c0000000, 0x0000000100000000)
  region size 1024K, 0 young (0K), 0 survivors (0K)
 Metaspace       used 60114K, committed 60736K, reserved 1114112K
  class space    used 7525K, committed 7808K, reserved 1048576K
}
Event: 422.278 GC heap before
{Heap before GC invocations=30 (full 10):
 garbage-first heap   total 83968K, used 61274K [0x00000000c0000000, 0x0000000100000000)
  region size 1024K, 23 young (23552K), 0 survivors (0K)
 Metaspace       used 60450K, committed 60928K, reserved 1114112K
  class space    used 7587K, committed 7808K, reserved 1048576K
}
Event: 422.286 GC heap after
{Heap after GC invocations=31 (full 10):
 garbage-first heap   total 83968K, used 45534K [0x00000000c0000000, 0x0000000100000000)
  region size 1024K, 3 young (3072K), 3 survivors (3072K)
 Metaspace       used 60450K, committed 60928K, reserved 1114112K
  class space    used 7587K, committed 7808K, reserved 1048576K
}
Event: 424.582 GC heap before
{Heap before GC invocations=32 (full 10):
 garbage-first heap   total 83968K, used 60885K [0x00000000c0000000, 0x0000000100000000)
  region size 1024K, 19 young (19456K), 3 survivors (3072K)
 Metaspace       used 60456K, committed 60928K, reserved 1114112K
  class space    used 7590K, committed 7808K, reserved 1048576K
}
Event: 424.588 GC heap after
{Heap after GC invocations=33 (full 10):
 garbage-first heap   total 83968K, used 48358K [0x00000000c0000000, 0x0000000100000000)
  region size 1024K, 3 young (3072K), 3 survivors (3072K)
 Metaspace       used 60456K, committed 60928K, reserved 1114112K
  class space    used 7590K, committed 7808K, reserved 1048576K
}
Event: 424.593 GC heap before
{Heap before GC invocations=33 (full 10):
 garbage-first heap   total 83968K, used 49382K [0x00000000c0000000, 0x0000000100000000)
  region size 1024K, 4 young (4096K), 3 survivors (3072K)
 Metaspace       used 60456K, committed 60928K, reserved 1114112K
  class space    used 7590K, committed 7808K, reserved 1048576K
}
Event: 424.597 GC heap after
{Heap after GC invocations=34 (full 10):
 garbage-first heap   total 83968K, used 45993K [0x00000000c0000000, 0x0000000100000000)
  region size 1024K, 1 young (1024K), 1 survivors (1024K)
 Metaspace       used 60456K, committed 60928K, reserved 1114112K
  class space    used 7590K, committed 7808K, reserved 1048576K
}
Event: 428.308 GC heap before
{Heap before GC invocations=34 (full 10):
 garbage-first heap   total 83968K, used 60329K [0x00000000c0000000, 0x0000000100000000)
  region size 1024K, 16 young (16384K), 1 survivors (1024K)
 Metaspace       used 60457K, committed 60928K, reserved 1114112K
  class space    used 7590K, committed 7808K, reserved 1048576K
}
Event: 428.315 GC heap after
{Heap after GC invocations=35 (full 10):
 garbage-first heap   total 219136K, used 51238K [0x00000000c0000000, 0x0000000100000000)
  region size 1024K, 2 young (2048K), 2 survivors (2048K)
 Metaspace       used 60457K, committed 60928K, reserved 1114112K
  class space    used 7590K, committed 7808K, reserved 1048576K
}
Event: 513.657 GC heap before
{Heap before GC invocations=36 (full 10):
 garbage-first heap   total 191488K, used 129062K [0x00000000c0000000, 0x0000000100000000)
  region size 1024K, 80 young (81920K), 2 survivors (2048K)
 Metaspace       used 60684K, committed 61120K, reserved 1114112K
  class space    used 7628K, committed 7808K, reserved 1048576K
}

Dll operation events (10 events):
Event: 0.055 Loaded shared library c:\Users\user\.vscode\extensions\redhat.java-1.35.0-win32-x64\jre\17.0.12-win32-x86_64\bin\java.dll
Event: 1.083 Loaded shared library C:\Users\user\.vscode\extensions\redhat.java-1.35.0-win32-x64\jre\17.0.12-win32-x86_64\bin\net.dll
Event: 1.088 Loaded shared library C:\Users\user\.vscode\extensions\redhat.java-1.35.0-win32-x64\jre\17.0.12-win32-x86_64\bin\nio.dll
Event: 1.184 Loaded shared library C:\Users\user\.vscode\extensions\redhat.java-1.35.0-win32-x64\jre\17.0.12-win32-x86_64\bin\zip.dll
Event: 3.619 Loaded shared library C:\Users\user\.vscode\extensions\redhat.java-1.35.0-win32-x64\jre\17.0.12-win32-x86_64\bin\jimage.dll
Event: 15.267 Loaded shared library c:\Users\user\.vscode\extensions\redhat.java-1.35.0-win32-x64\jre\17.0.12-win32-x86_64\bin\verify.dll
Event: 35.812 Loaded shared library C:\Users\user\.vscode\extensions\redhat.java-1.35.0-win32-x64\jre\17.0.12-win32-x86_64\bin\management.dll
Event: 35.819 Loaded shared library C:\Users\user\.vscode\extensions\redhat.java-1.35.0-win32-x64\jre\17.0.12-win32-x86_64\bin\management_ext.dll
Event: 98.818 Loaded shared library C:\Users\user\.vscode\extensions\redhat.java-1.35.0-win32-x64\jre\17.0.12-win32-x86_64\bin\sunmscapi.dll
Event: 99.973 Loaded shared library C:\Users\user\.vscode\extensions\redhat.java-1.35.0-win32-x64\jre\17.0.12-win32-x86_64\bin\extnet.dll

Deoptimization events (14 events):
Event: 39.999 Thread 0x00000272703a0280 DEOPT PACKING pc=0x0000027262a18e81 sp=0x000000ca1bafea50
Event: 39.999 Thread 0x00000272703a0280 DEOPT UNPACKING pc=0x0000027262517124 sp=0x000000ca1bafdee0 mode 3
Event: 40.002 Thread 0x000002727039da00 DEOPT PACKING pc=0x00000272629faf17 sp=0x000000ca1a3ff130
Event: 40.002 Thread 0x000002727039da00 DEOPT UNPACKING pc=0x0000027262517124 sp=0x000000ca1a3fe588 mode 3
Event: 99.045 Thread 0x00000272703a3010 DEOPT PACKING pc=0x000002726284f98c sp=0x000000ca1befa8a0
Event: 99.045 Thread 0x00000272703a3010 DEOPT UNPACKING pc=0x0000027262517124 sp=0x000000ca1bef9d68 mode 0
Event: 100.130 Thread 0x00000272703a3010 DEOPT PACKING pc=0x0000027262774254 sp=0x000000ca1bef9f40
Event: 100.130 Thread 0x00000272703a3010 DEOPT UNPACKING pc=0x0000027262517124 sp=0x000000ca1bef9460 mode 0
Event: 100.130 Thread 0x00000272703a3010 DEOPT PACKING pc=0x000002726276d33c sp=0x000000ca1befa0e0
Event: 100.130 Thread 0x00000272703a3010 DEOPT UNPACKING pc=0x0000027262517124 sp=0x000000ca1bef9640 mode 0
Event: 112.028 Thread 0x000002727039e420 DEOPT PACKING pc=0x00000272629a4624 sp=0x000000ca192fedc0
Event: 112.028 Thread 0x000002727039e420 DEOPT UNPACKING pc=0x0000027262517124 sp=0x000000ca192fe2a8 mode 0
Event: 297.364 Thread 0x00000272704ec4b0 DEOPT PACKING pc=0x0000027262e17ed4 sp=0x000000ca1b0fef00
Event: 297.364 Thread 0x00000272704ec4b0 DEOPT UNPACKING pc=0x0000027262517124 sp=0x000000ca1b0fe3a8 mode 0

Classes loaded (20 events):
Event: 216.058 Loading class java/lang/ProcessImpl$2
Event: 216.059 Loading class java/lang/ProcessImpl$2 done
Event: 216.059 Loading class java/lang/Process$PipeInputStream
Event: 216.059 Loading class java/lang/Process$PipeInputStream done
Event: 216.062 Loading class jdk/internal/event/ProcessStartEvent
Event: 216.063 Loading class jdk/internal/event/ProcessStartEvent done
Event: 216.888 Loading class java/io/FileOutputStream$1
Event: 216.889 Loading class java/io/FileOutputStream$1 done
Event: 415.473 Loading class java/util/concurrent/ConcurrentHashMap$TreeNode
Event: 415.474 Loading class java/util/concurrent/ConcurrentHashMap$TreeNode done
Event: 415.474 Loading class java/util/concurrent/ConcurrentHashMap$TreeBin
Event: 415.475 Loading class java/util/concurrent/ConcurrentHashMap$TreeBin done
Event: 420.969 Loading class java/util/concurrent/CompletableFuture$DelayedExecutor
Event: 420.969 Loading class java/util/concurrent/CompletableFuture$DelayedExecutor done
Event: 420.969 Loading class java/util/concurrent/CompletableFuture$TaskSubmitter
Event: 420.969 Loading class java/util/concurrent/CompletableFuture$TaskSubmitter done
Event: 420.970 Loading class java/util/concurrent/CompletableFuture$Delayer
Event: 420.970 Loading class java/util/concurrent/CompletableFuture$Delayer done
Event: 420.970 Loading class java/util/concurrent/CompletableFuture$Delayer$DaemonThreadFactory
Event: 420.970 Loading class java/util/concurrent/CompletableFuture$Delayer$DaemonThreadFactory done

Classes unloaded (20 events):
Event: 227.746 Thread 0x000002726a5465d0 Unloading class 0x00000001005ac800 'java/lang/invoke/LambdaForm$MH+0x00000001005ac800'
Event: 227.746 Thread 0x000002726a5465d0 Unloading class 0x00000001005ac400 'java/lang/invoke/LambdaForm$MH+0x00000001005ac400'
Event: 227.746 Thread 0x000002726a5465d0 Unloading class 0x00000001005ac000 'java/lang/invoke/LambdaForm$MH+0x00000001005ac000'
Event: 227.746 Thread 0x000002726a5465d0 Unloading class 0x00000001003e8800 'java/lang/invoke/LambdaForm$MH+0x00000001003e8800'
Event: 227.746 Thread 0x000002726a5465d0 Unloading class 0x00000001003e8400 'java/lang/invoke/LambdaForm$MH+0x00000001003e8400'
Event: 227.746 Thread 0x000002726a5465d0 Unloading class 0x00000001003e8000 'java/lang/invoke/LambdaForm$MH+0x00000001003e8000'
Event: 227.746 Thread 0x000002726a5465d0 Unloading class 0x00000001003dac00 'java/lang/invoke/LambdaForm$MH+0x00000001003dac00'
Event: 227.746 Thread 0x000002726a5465d0 Unloading class 0x00000001003da400 'java/lang/invoke/LambdaForm$MH+0x00000001003da400'
Event: 227.746 Thread 0x000002726a5465d0 Unloading class 0x00000001003da000 'java/lang/invoke/LambdaForm$MH+0x00000001003da000'
Event: 227.746 Thread 0x000002726a5465d0 Unloading class 0x00000001003d9c00 'java/lang/invoke/LambdaForm$MH+0x00000001003d9c00'
Event: 227.746 Thread 0x000002726a5465d0 Unloading class 0x00000001003d9400 'java/lang/invoke/LambdaForm$MH+0x00000001003d9400'
Event: 227.746 Thread 0x000002726a5465d0 Unloading class 0x00000001003d9000 'java/lang/invoke/LambdaForm$MH+0x00000001003d9000'
Event: 227.746 Thread 0x000002726a5465d0 Unloading class 0x00000001000d4400 'java/lang/invoke/LambdaForm$MH+0x00000001000d4400'
Event: 227.746 Thread 0x000002726a5465d0 Unloading class 0x00000001000ce800 'java/lang/invoke/LambdaForm$MH+0x00000001000ce800'
Event: 227.746 Thread 0x000002726a5465d0 Unloading class 0x00000001000ce400 'java/lang/invoke/LambdaForm$MH+0x00000001000ce400'
Event: 227.746 Thread 0x000002726a5465d0 Unloading class 0x00000001000ce000 'java/lang/invoke/LambdaForm$MH+0x00000001000ce000'
Event: 227.746 Thread 0x000002726a5465d0 Unloading class 0x00000001000cdc00 'java/lang/invoke/LambdaForm$MH+0x00000001000cdc00'
Event: 227.746 Thread 0x000002726a5465d0 Unloading class 0x00000001000cd800 'java/lang/invoke/LambdaForm$MH+0x00000001000cd800'
Event: 227.746 Thread 0x000002726a5465d0 Unloading class 0x00000001000cd400 'java/lang/invoke/LambdaForm$MH+0x00000001000cd400'
Event: 227.746 Thread 0x000002726a5465d0 Unloading class 0x00000001000cbc00 'java/lang/invoke/LambdaForm$MH+0x00000001000cbc00'

Classes redefined (0 events):
No events

Internal exceptions (20 events):
Event: 99.219 Thread 0x000002727039ee40 Exception <a 'sun/nio/fs/WindowsException'{0x00000000c3949b78}> (0x00000000c3949b78) 
thrown [s\src\hotspot\share\prims\jni.cpp, line 516]
Event: 99.230 Thread 0x000002727039ee40 Exception <a 'sun/nio/fs/WindowsException'{0x00000000c394a6d8}> (0x00000000c394a6d8) 
thrown [s\src\hotspot\share\prims\jni.cpp, line 516]
Event: 99.253 Thread 0x000002727039ee40 Exception <a 'sun/nio/fs/WindowsException'{0x00000000c39efab0}> (0x00000000c39efab0) 
thrown [s\src\hotspot\share\prims\jni.cpp, line 516]
Event: 99.253 Thread 0x000002727039ee40 Exception <a 'sun/nio/fs/WindowsException'{0x00000000c39f04d8}> (0x00000000c39f04d8) 
thrown [s\src\hotspot\share\prims\jni.cpp, line 516]
Event: 99.253 Thread 0x000002727039ee40 Exception <a 'sun/nio/fs/WindowsException'{0x00000000c39f0eb8}> (0x00000000c39f0eb8) 
thrown [s\src\hotspot\share\prims\jni.cpp, line 516]
Event: 99.253 Thread 0x000002727039ee40 Exception <a 'sun/nio/fs/WindowsException'{0x00000000c39f18e0}> (0x00000000c39f18e0) 
thrown [s\src\hotspot\share\prims\jni.cpp, line 516]
Event: 99.305 Thread 0x000002727039ee40 Exception <a 'sun/nio/fs/WindowsException'{0x00000000c39f23d8}> (0x00000000c39f23d8) 
thrown [s\src\hotspot\share\prims\jni.cpp, line 516]
Event: 99.305 Thread 0x000002727039ee40 Exception <a 'sun/nio/fs/WindowsException'{0x00000000c39f2f38}> (0x00000000c39f2f38) 
thrown [s\src\hotspot\share\prims\jni.cpp, line 516]
Event: 100.273 Thread 0x000002727039f350 Exception <a 'java/lang/NoSuchMethodError'{0x00000000c42b64e0}: 'java.lang.Object java.lang.invoke.Invokers$Holder.invoke_MT(java.lang.Object, java.lang.Object, java.lang.Object)'> (0x00000000c42b64e0) 
thrown [s\src\hotspot\share\interpreter\linkResolver.cpp, line 759]
Event: 100.524 Thread 0x00000272703a3010 Exception <a 'java/lang/NoSuchMethodError'{0x00000000c4054968}: 'void java.lang.invoke.DirectMethodHandle$Holder.invokeStatic(java.lang.Object, java.lang.Object, java.lang.Object, java.lang.Object, java.lang.Object, java.lang.Object, java.lang.Object)'> (0x00000000c4054968) 
thrown [s\src\hotspot\share\interpreter\linkResolver.cpp, line 759]
Event: 101.082 Thread 0x00000272703a3520 Exception <a 'java/lang/NoSuchMethodError'{0x00000000c385e560}: 'int java.lang.invoke.DirectMethodHandle$Holder.invokeStatic(java.lang.Object, int, java.lang.Object)'> (0x00000000c385e560) 
thrown [s\src\hotspot\share\interpreter\linkResolver.cpp, line 759]
Event: 101.517 Thread 0x00000272703a16c0 Exception <a 'java/lang/NoSuchMethodError'{0x00000000c4775468}: 'void java.lang.invoke.DirectMethodHandle$Holder.invokeInterface(java.lang.Object, java.lang.Object)'> (0x00000000c4775468) 
thrown [s\src\hotspot\share\interpreter\linkResolver.cpp, line 759]
Event: 102.691 Thread 0x000002727039f350 Exception <a 'java/lang/IncompatibleClassChangeError'{0x00000000c43a0eb8}: Found class java.lang.Object, but interface was expected> (0x00000000c43a0eb8) 
thrown [s\src\hotspot\share\interpreter\linkResolver.cpp, line 826]
Event: 216.055 Thread 0x000002726fa56290 Exception <a 'java/lang/NoSuchMethodError'{0x00000000c5db9a68}: 'void java.lang.invoke.DirectMethodHandle$Holder.invokeStatic(java.lang.Object, long)'> (0x00000000c5db9a68) 
thrown [s\src\hotspot\share\interpreter\linkResolver.cpp, line 759]
Event: 216.057 Thread 0x000002726fa56290 Exception <a 'java/lang/NoSuchMethodError'{0x00000000c4bb9208}: 'java.lang.Object java.lang.invoke.DirectMethodHandle$Holder.newInvokeSpecial(java.lang.Object, long)'> (0x00000000c4bb9208) 
thrown [s\src\hotspot\share\interpreter\linkResolver.cpp, line 759]
Event: 413.807 Thread 0x000002727039fd70 Exception <a 'sun/nio/fs/WindowsException'{0x00000000c46fabd0}> (0x00000000c46fabd0) 
thrown [s\src\hotspot\share\prims\jni.cpp, line 516]
Event: 413.807 Thread 0x000002727039fd70 Exception <a 'sun/nio/fs/WindowsException'{0x00000000c46fb578}> (0x00000000c46fb578) 
thrown [s\src\hotspot\share\prims\jni.cpp, line 516]
Event: 413.807 Thread 0x000002727039fd70 Exception <a 'sun/nio/fs/WindowsException'{0x00000000c46fc180}> (0x00000000c46fc180) 
thrown [s\src\hotspot\share\prims\jni.cpp, line 516]
Event: 431.297 Thread 0x000002727039df10 NullPointerException in IC check 0x00000272630e6ec0
Event: 431.297 Thread 0x000002727039df10 Exception <a 'java/lang/NullPointerException'{0x00000000c9f8f348}> (0x00000000c9f8f348) 
thrown [s\src\hotspot\share\runtime\sharedRuntime.cpp, line 631]

VM Operations (20 events):
Event: 432.244 Executing VM operation: Cleanup done
Event: 434.273 Executing VM operation: Cleanup
Event: 434.273 Executing VM operation: Cleanup done
Event: 434.829 Executing VM operation: HandshakeAllThreads
Event: 434.830 Executing VM operation: HandshakeAllThreads done
Event: 435.842 Executing VM operation: Cleanup
Event: 435.842 Executing VM operation: Cleanup done
Event: 436.845 Executing VM operation: Cleanup
Event: 436.845 Executing VM operation: Cleanup done
Event: 437.848 Executing VM operation: Cleanup
Event: 437.848 Executing VM operation: Cleanup done
Event: 439.863 Executing VM operation: Cleanup
Event: 439.864 Executing VM operation: Cleanup done
Event: 442.898 Executing VM operation: Cleanup
Event: 442.898 Executing VM operation: Cleanup done
Event: 465.053 Executing VM operation: Cleanup
Event: 465.054 Executing VM operation: Cleanup done
Event: 481.437 Executing VM operation: HandshakeAllThreads
Event: 481.438 Executing VM operation: HandshakeAllThreads done
Event: 513.657 Executing VM operation: G1CollectFull

Events (20 events):
Event: 301.023 Thread 0x000002726f694280 Thread exited: 0x000002726f694280
Event: 356.088 Thread 0x00000272713325d0 Thread added: 0x00000272713325d0
Event: 357.338 Thread 0x00000272713325d0 Thread exited: 0x00000272713325d0
Event: 357.668 Thread 0x00000272703a2b00 Thread exited: 0x00000272703a2b00
Event: 361.024 Thread 0x000002726fb265c0 Thread exited: 0x000002726fb265c0
Event: 368.352 Thread 0x00000272703a1bd0 Thread added: 0x00000272703a1bd0
Event: 368.361 Thread 0x000002727039fd70 Thread added: 0x000002727039fd70
Event: 368.524 Thread 0x00000272703a3a30 Thread added: 0x00000272703a3a30
Event: 415.482 Thread 0x0000027271101360 Thread added: 0x0000027271101360
Event: 415.482 Thread 0x0000027271102090 Thread added: 0x0000027271102090
Event: 420.578 Thread 0x0000027271102090 Thread exited: 0x0000027271102090
Event: 420.970 Thread 0x00000272703a20e0 Thread added: 0x00000272703a20e0
Event: 426.244 Thread 0x00000272703a3f40 Thread added: 0x00000272703a3f40
Event: 431.836 Thread 0x0000027271101360 Thread exited: 0x0000027271101360
Event: 435.500 Thread 0x0000027270d5b720 Thread added: 0x0000027270d5b720
Event: 435.549 Thread 0x000002727107b1d0 Thread added: 0x000002727107b1d0
Event: 436.620 Thread 0x00000272703a3010 Thread added: 0x00000272703a3010
Event: 437.716 Thread 0x000002727107b1d0 Thread exited: 0x000002727107b1d0
Event: 442.792 Thread 0x0000027270d5b720 Thread exited: 0x0000027270d5b720
Event: 502.805 Thread 0x00000272703a3a30 Thread exited: 0x00000272703a3a30


Dynamic libraries:
0x00007ff6897c0000 - 0x00007ff6897ce000 	c:\Users\user\.vscode\extensions\redhat.java-1.35.0-win32-x64\jre\17.0.12-win32-x86_64\bin\java.exe
0x00007ffd07050000 - 0x00007ffd07248000 	C:\WINDOWS\SYSTEM32\ntdll.dll
0x00007ffd066a0000 - 0x00007ffd06761000 	C:\WINDOWS\System32\KERNEL32.DLL
0x00007ffd049b0000 - 0x00007ffd04cad000 	C:\WINDOWS\System32\KERNELBASE.dll
0x00007ffd04db0000 - 0x00007ffd04eb0000 	C:\WINDOWS\System32\ucrtbase.dll
0x00007ffcfe9e0000 - 0x00007ffcfe9f7000 	c:\Users\user\.vscode\extensions\redhat.java-1.35.0-win32-x64\jre\17.0.12-win32-x86_64\bin\jli.dll
0x00007ffd061b0000 - 0x00007ffd0634d000 	C:\WINDOWS\System32\USER32.dll
0x00007ffd04700000 - 0x00007ffd04722000 	C:\WINDOWS\System32\win32u.dll
0x00007ffd06430000 - 0x00007ffd0645b000 	C:\WINDOWS\System32\GDI32.dll
0x00007ffd04890000 - 0x00007ffd049a7000 	C:\WINDOWS\System32\gdi32full.dll
0x00007ffd04f40000 - 0x00007ffd04fdd000 	C:\WINDOWS\System32\msvcp_win.dll
0x00007ffcfc6a0000 - 0x00007ffcfc6bb000 	c:\Users\user\.vscode\extensions\redhat.java-1.35.0-win32-x64\jre\17.0.12-win32-x86_64\bin\VCRUNTIME140.dll
0x00007ffcf5640000 - 0x00007ffcf58da000 	C:\WINDOWS\WinSxS\amd64_microsoft.windows.common-controls_6595b64144ccf1df_6.0.19041.4355_none_60b8b9eb71f62e16\COMCTL32.dll
0x00007ffd06b00000 - 0x00007ffd06b9e000 	C:\WINDOWS\System32\msvcrt.dll
0x00007ffd06770000 - 0x00007ffd0679f000 	C:\WINDOWS\System32\IMM32.DLL
0x00007ffcfe750000 - 0x00007ffcfe75c000 	c:\Users\user\.vscode\extensions\redhat.java-1.35.0-win32-x64\jre\17.0.12-win32-x86_64\bin\vcruntime140_1.dll
0x00007ffce2d80000 - 0x00007ffce2e0d000 	c:\Users\user\.vscode\extensions\redhat.java-1.35.0-win32-x64\jre\17.0.12-win32-x86_64\bin\msvcp140.dll
0x00007ffcbdfc0000 - 0x00007ffcbec2a000 	c:\Users\user\.vscode\extensions\redhat.java-1.35.0-win32-x64\jre\17.0.12-win32-x86_64\bin\server\jvm.dll
0x00007ffd05a80000 - 0x00007ffd05b30000 	C:\WINDOWS\System32\ADVAPI32.dll
0x00007ffd05f40000 - 0x00007ffd05fe0000 	C:\WINDOWS\System32\sechost.dll
0x00007ffd064e0000 - 0x00007ffd06603000 	C:\WINDOWS\System32\RPCRT4.dll
0x00007ffd05050000 - 0x00007ffd05077000 	C:\WINDOWS\System32\bcrypt.dll
0x00007ffd05a10000 - 0x00007ffd05a7b000 	C:\WINDOWS\System32\WS2_32.dll
0x00007ffd03c00000 - 0x00007ffd03c4b000 	C:\WINDOWS\SYSTEM32\POWRPROF.dll
0x00007ffcf7120000 - 0x00007ffcf7147000 	C:\WINDOWS\SYSTEM32\WINMM.dll
0x00007ffcf4920000 - 0x00007ffcf492a000 	C:\WINDOWS\SYSTEM32\VERSION.dll
0x00007ffd03ac0000 - 0x00007ffd03ad2000 	C:\WINDOWS\SYSTEM32\UMPDC.dll
0x00007ffd02540000 - 0x00007ffd02552000 	C:\WINDOWS\SYSTEM32\kernel.appcore.dll
0x00007ffcfe5d0000 - 0x00007ffcfe5da000 	c:\Users\user\.vscode\extensions\redhat.java-1.35.0-win32-x64\jre\17.0.12-win32-x86_64\bin\jimage.dll
0x00007ffcec670000 - 0x00007ffcec854000 	C:\WINDOWS\SYSTEM32\DBGHELP.DLL
0x00007ffcec630000 - 0x00007ffcec664000 	C:\WINDOWS\SYSTEM32\dbgcore.DLL
0x00007ffd04eb0000 - 0x00007ffd04f32000 	C:\WINDOWS\System32\bcryptPrimitives.dll
0x00007ffcf9180000 - 0x00007ffcf91a5000 	c:\Users\user\.vscode\extensions\redhat.java-1.35.0-win32-x64\jre\17.0.12-win32-x86_64\bin\java.dll
0x00007ffcfb200000 - 0x00007ffcfb218000 	c:\Users\user\.vscode\extensions\redhat.java-1.35.0-win32-x64\jre\17.0.12-win32-x86_64\bin\zip.dll
0x00007ffd050f0000 - 0x00007ffd0585f000 	C:\WINDOWS\System32\SHELL32.dll
0x00007ffd02740000 - 0x00007ffd02ee3000 	C:\WINDOWS\SYSTEM32\windows.storage.dll
0x00007ffd05b30000 - 0x00007ffd05e83000 	C:\WINDOWS\System32\combase.dll
0x00007ffd04050000 - 0x00007ffd0407e000 	C:\WINDOWS\SYSTEM32\Wldp.dll
0x00007ffd060e0000 - 0x00007ffd061ad000 	C:\WINDOWS\System32\OLEAUT32.dll
0x00007ffd05e90000 - 0x00007ffd05f3d000 	C:\WINDOWS\System32\SHCORE.dll
0x00007ffd05090000 - 0x00007ffd050e5000 	C:\WINDOWS\System32\shlwapi.dll
0x00007ffd04630000 - 0x00007ffd04654000 	C:\WINDOWS\SYSTEM32\profapi.dll
0x00007ffcefa90000 - 0x00007ffcefaa9000 	C:\Users\user\.vscode\extensions\redhat.java-1.35.0-win32-x64\jre\17.0.12-win32-x86_64\bin\net.dll
0x00007ffcfb5c0000 - 0x00007ffcfb6cd000 	C:\WINDOWS\SYSTEM32\WINHTTP.dll
0x00007ffd03e30000 - 0x00007ffd03e9a000 	C:\WINDOWS\system32\mswsock.dll
0x00007ffcef400000 - 0x00007ffcef416000 	C:\Users\user\.vscode\extensions\redhat.java-1.35.0-win32-x64\jre\17.0.12-win32-x86_64\bin\nio.dll
0x00007ffcfb700000 - 0x00007ffcfb710000 	c:\Users\user\.vscode\extensions\redhat.java-1.35.0-win32-x64\jre\17.0.12-win32-x86_64\bin\verify.dll
0x00007ffd04390000 - 0x00007ffd043a8000 	C:\WINDOWS\SYSTEM32\CRYPTSP.dll
0x00007ffd036a0000 - 0x00007ffd036d4000 	C:\WINDOWS\system32\rsaenh.dll
0x00007ffd045f0000 - 0x00007ffd0461e000 	C:\WINDOWS\SYSTEM32\USERENV.dll
0x00007ffd03fc0000 - 0x00007ffd03fcc000 	C:\WINDOWS\SYSTEM32\CRYPTBASE.dll
0x00007ffd03ae0000 - 0x00007ffd03b1b000 	C:\WINDOWS\SYSTEM32\IPHLPAPI.DLL
0x00007ffd05080000 - 0x00007ffd05088000 	C:\WINDOWS\System32\NSI.dll
0x00007ffcfc980000 - 0x00007ffcfc997000 	C:\WINDOWS\SYSTEM32\dhcpcsvc6.DLL
0x00007ffcfc960000 - 0x00007ffcfc97d000 	C:\WINDOWS\SYSTEM32\dhcpcsvc.DLL
0x00007ffd03b30000 - 0x00007ffd03bfa000 	C:\WINDOWS\SYSTEM32\DNSAPI.dll
0x00007ffcff5d0000 - 0x00007ffcff5d9000 	C:\Users\user\.vscode\extensions\redhat.java-1.35.0-win32-x64\jre\17.0.12-win32-x86_64\bin\management.dll
0x00007ffcfb1f0000 - 0x00007ffcfb1fb000 	C:\Users\user\.vscode\extensions\redhat.java-1.35.0-win32-x64\jre\17.0.12-win32-x86_64\bin\management_ext.dll
0x00007ffd06070000 - 0x00007ffd06078000 	C:\WINDOWS\System32\PSAPI.DLL
0x00007ffcfb1e0000 - 0x00007ffcfb1ee000 	C:\Users\user\.vscode\extensions\redhat.java-1.35.0-win32-x64\jre\17.0.12-win32-x86_64\bin\sunmscapi.dll
0x00007ffd04730000 - 0x00007ffd0488c000 	C:\WINDOWS\System32\CRYPT32.dll
0x00007ffd040c0000 - 0x00007ffd040e9000 	C:\WINDOWS\SYSTEM32\ncrypt.dll
0x00007ffd04080000 - 0x00007ffd040bb000 	C:\WINDOWS\SYSTEM32\NTASN1.dll
0x00007ffcf9060000 - 0x00007ffcf9067000 	C:\WINDOWS\system32\wshunix.dll
0x00007ffcf9030000 - 0x00007ffcf9039000 	C:\Users\user\.vscode\extensions\redhat.java-1.35.0-win32-x64\jre\17.0.12-win32-x86_64\bin\extnet.dll
0x00007ffcf5a60000 - 0x00007ffcf5a6a000 	C:\Windows\System32\rasadhlp.dll
0x00007ffcfb110000 - 0x00007ffcfb190000 	C:\WINDOWS\System32\fwpuclnt.dll

dbghelp: loaded successfully - version: 4.0.5 - missing functions: none
symbol engine: initialized successfully - sym options: 0x614 - pdb path: .;c:\Users\user\.vscode\extensions\redhat.java-1.35.0-win32-x64\jre\17.0.12-win32-x86_64\bin;C:\WINDOWS\SYSTEM32;C:\WINDOWS\WinSxS\amd64_microsoft.windows.common-controls_6595b64144ccf1df_6.0.19041.4355_none_60b8b9eb71f62e16;c:\Users\user\.vscode\extensions\redhat.java-1.35.0-win32-x64\jre\17.0.12-win32-x86_64\bin\server

VM Arguments:
jvm_args: -Xmx1024m -Dsts.lsp.client=vscode -Dsts.log.file=/dev/null -XX:TieredStopAtLevel=1 -Xlog:jni+resolve=off 
java_command: c:\Users\user\.vscode\extensions\vmware.vscode-spring-boot-1.57.0\language-server\spring-boot-language-server-1.57.0-SNAPSHOT-exec.jar
java_class_path (initial): c:\Users\user\.vscode\extensions\vmware.vscode-spring-boot-1.57.0\language-server\spring-boot-language-server-1.57.0-SNAPSHOT-exec.jar
Launcher Type: SUN_STANDARD

[Global flags]
     intx CICompilerCount                          = 3                                         {product} {ergonomic}
     uint ConcGCThreads                            = 1                                         {product} {ergonomic}
     uint G1ConcRefinementThreads                  = 4                                         {product} {ergonomic}
   size_t G1HeapRegionSize                         = 1048576                                   {product} {ergonomic}
    uintx GCDrainStackTargetSize                   = 64                                        {product} {ergonomic}
   size_t InitialHeapSize                          = 98566144                                  {product} {ergonomic}
   size_t MarkStackSize                            = 4194304                                   {product} {ergonomic}
   size_t MaxHeapSize                              = 1073741824                                {product} {command line}
   size_t MaxNewSize                               = 643825664                                 {product} {ergonomic}
   size_t MinHeapDeltaBytes                        = 1048576                                   {product} {ergonomic}
   size_t MinHeapSize                              = 8388608                                   {product} {ergonomic}
    uintx NonProfiledCodeHeapSize                  = 0                                      {pd product} {ergonomic}
     bool ProfileInterpreter                       = false                                  {pd product} {command line}
    uintx ProfiledCodeHeapSize                     = 0                                      {pd product} {ergonomic}
   size_t SoftMaxHeapSize                          = 1073741824                             {manageable} {ergonomic}
     intx TieredStopAtLevel                        = 1                                         {product} {command line}
     bool UseCompressedClassPointers               = true                           {product lp64_product} {ergonomic}
     bool UseCompressedOops                        = true                           {product lp64_product} {ergonomic}
     bool UseG1GC                                  = true                                      {product} {ergonomic}
     bool UseLargePagesIndividualAllocation        = false                                  {pd product} {ergonomic}

Logging:
Log output configuration:
 #0: stdout all=warning,jni+resolve=off uptime,level,tags
 #1: stderr all=off uptime,level,tags

Environment Variables:
JAVA_HOME=C:\Program Files\Java\jdk-21
PATH=C:\Program Files\Common Files\Oracle\Java\javapath;C:\WINDOWS\system32;C:\WINDOWS;C:\WINDOWS\System32\Wbem;C:\WINDOWS\System32\WindowsPowerShell\v1.0\;C:\WINDOWS\System32\OpenSSH\;C:\ProgramData\chocolatey\bin;C:\Program Files\Git\cmd;C:\Program Files\OpenSSL-Win64\bin;C:\Program Files\Docker\Docker\resources\bin;C:\Users\user\AppData\Roaming\nvm;C:\Program Files\nodejs;C:\Program Files\nodejs;C:\Program Files\nodejs;C:\Program Files\apache-maven-3.9.6\bin;C:\Program Files\Common Files\Oracle\Java\javapath;C:\WINDOWS\system32;C:\WINDOWS;C:\WINDOWS\System32\Wbem;C:\WINDOWS\System32\WindowsPowerShell\v1.0\;C:\WINDOWS\System32\OpenSSH\;C:\ProgramData\chocolatey\bin;C:\Program Files\Git\cmd;C:\Program Files\OpenSSL-Win64\bin;C:\Program Files\Docker\Docker\resources\bin;C:\Users\user\AppData\Roaming\nvm;C:\Program Files\nodejs;C:\Program Files\nodejs;C:\Program Files\nodejs;;C:\Users\user\AppData\Local\Programs\Microsoft VS Code\bin;C:\Users\user\AppData\Roaming\nvm;C:\Program Files\nodejs
USERNAME=user
OS=Windows_NT
PROCESSOR_IDENTIFIER=Intel64 Family 6 Model 37 Stepping 5, GenuineIntel
TMP=C:\Users\user\AppData\Local\Temp
TEMP=C:\Users\user\AppData\Local\Temp



Periodic native trim disabled


---------------  S Y S T E M  ---------------

OS:
 Windows 10 , 64 bit Build 19041 (10.0.19041.4842)
OS uptime: 0 days 6:21 hours
Hyper-V role detected

CPU: total 4 (initial active 4) (2 cores per cpu, 2 threads per core) family 6 model 37 stepping 5 microcode 0x7, cx8, cmov, fxsr, ht, mmx, sse, sse2, sse3, ssse3, sse4.1, sse4.2, popcnt, tsc, tscinvbit, clflush, hv
Processor Information for all 4 processors :
  Max Mhz: 2399, Current Mhz: 1066, Mhz Limit: 2399

Memory: 4k page, system-wide physical 5941M (496M free)
TotalPageFile size 8941M (AvailPageFile size 8M)
current process WorkingSet (physical memory assigned to process): 293M, peak: 293M
current process commit charge ("private bytes"): 352M, peak: 379M

vm_info: OpenJDK 64-Bit Server VM (17.0.12+7) for windows-amd64 JRE (17.0.12+7), built on Jul 16 2024 22:08:24 by "admin" with MS VC++ 16.10 / 16.11 (VS2019)

END.
