#
# There is insufficient memory for the Java Runtime Environment to continue.
# Native memory allocation (malloc) failed to allocate 1048576 bytes. Error detail: AllocateHeap
# Possible reasons:
#   The system is out of physical RAM or swap space
#   This process is running with CompressedOops enabled, and the Java Heap may be blocking the growth of the native heap
# Possible solutions:
#   Reduce memory load on the system
#   Increase physical memory or swap space
#   Check if swap backing store is full
#   Decrease Java heap size (-Xmx/-Xms)
#   Decrease number of Java threads
#   Decrease Java thread stack sizes (-Xss)
#   Set larger code cache with -XX:ReservedCodeCacheSize=
#   JVM is running with Unscaled Compressed Oops mode in which the Java heap is
#     placed in the first 4GB address space. The Java Heap base address is the
#     maximum limit for the native heap growth. Please use -XX:HeapBaseMinAddress
#     to set the Java Heap base and to place the Java Heap above 4GB virtual address.
# This output file may be truncated or incomplete.
#
#  Out of Memory Error (allocation.cpp:44), pid=10328, tid=10884
#
# JRE version: OpenJDK Runtime Environment Temurin-17.0.12+7 (17.0.12+7) (build 17.0.12+7)
# Java VM: OpenJDK 64-Bit Server VM Temurin-17.0.12+7 (17.0.12+7, mixed mode, emulated-client, tiered, compressed oops, compressed class ptrs, g1 gc, windows-amd64)
# No core dump will be written. Minidumps are not enabled by default on client versions of Windows
#

---------------  S U M M A R Y ------------

Command Line: -Xmx1024m -Dsts.lsp.client=vscode -Dsts.log.file=/dev/null -XX:TieredStopAtLevel=1 -Xlog:jni+resolve=off c:\Users\user\.vscode\extensions\vmware.vscode-spring-boot-1.57.0\language-server\spring-boot-language-server-1.57.0-SNAPSHOT-exec.jar

Host: Intel(R) Core(TM) i3 CPU       M 370  @ 2.40GHz, 4 cores, 5G,  Windows 10 , 64 bit Build 19041 (10.0.19041.4842)
Time: Fri Sep 27 20:43:43 2024 Paris, Madrid (heure duild 19041 (10.0.19041.4842) elapsed time: 2125.111823 seconds (0d 0h 35m 25s)

---------------  T H R E A D  ---------------

Current thread (0x00000135bb936020):  VMThread "VM Thread" [stack: 0x00000007a4300000,0x00000007a4400000] [id=10884]

Stack: [0x00000007a4300000,0x00000007a4400000]
Native frames: (J=compiled Java code, j=interpreted, Vv=VM code, C=native code)
V  [jvm.dll+0x67f929]
V  [jvm.dll+0x8371ba]
V  [jvm.dll+0x838c7e]
V  [jvm.dll+0x8392e3]
V  [jvm.dll+0x24834f]
V  [jvm.dll+0xa70d3]
V  [jvm.dll+0x2f9073]
V  [jvm.dll+0x2f4d00]
V  [jvm.dll+0x2dd82f]
V  [jvm.dll+0x3201f7]
V  [jvm.dll+0x83d7dd]
V  [jvm.dll+0x83e522]
V  [jvm.dll+0x83ea4f]
V  [jvm.dll+0x83ee34]
V  [jvm.dll+0x83ef00]
V  [jvm.dll+0x7e65dc]
V  [jvm.dll+0x67e7f7]
C  [ucrtbase.dll+0x21bb2]
C  [KERNEL32.DLL+0x17374]
C  [ntdll.dll+0x4cc91]

VM_Operation (0x00000007a57fef60): G1CollectFull, mode: safepoint, requested by thread 0x00000135c1645030


---------------  P R O C E S S  ---------------

Threads class SMR info:
_java_thread_list=0x00000135c2659bb0, length=24, elements={
0x00000135bb94d740, 0x00000135bb94e5c0, 0x00000135bb98d130, 0x00000135bb98dcf0,
0x00000135bb9906c0, 0x00000135bb991080, 0x00000135bb991a40, 0x00000135bb9b7790,
0x00000135bbbff410, 0x00000135bbc05d60, 0x00000135c14cf6c0, 0x00000135c1645030,
0x00000135c1323870, 0x00000135af2cdff0, 0x00000135c1399820, 0x00000135c0c634b0,
0x00000135c0c639c0, 0x00000135c0c648f0, 0x00000135c0c64e00, 0x00000135c0c65310,
0x00000135c0c643e0, 0x00000135c0c62a90, 0x00000135c175fb60, 0x00000135c1764240
}

Java Threads: ( => current thread )
  0x00000135bb94d740 JavaThread "Reference Handler" daemon [_thread_blocked, id=4032, stack(0x00000007a4400000,0x00000007a4500000)]
  0x00000135bb94e5c0 JavaThread "Finalizer" daemon [_thread_blocked, id=11132, stack(0x00000007a4500000,0x00000007a4600000)]
  0x00000135bb98d130 JavaThread "Signal Dispatcher" daemon [_thread_blocked, id=11340, stack(0x00000007a4600000,0x00000007a4700000)]
  0x00000135bb98dcf0 JavaThread "Attach Listener" daemon [_thread_blocked, id=6016, stack(0x00000007a4700000,0x00000007a4800000)]
  0x00000135bb9906c0 JavaThread "Service Thread" daemon [_thread_blocked, id=12612, stack(0x00000007a4800000,0x00000007a4900000)]
  0x00000135bb991080 JavaThread "Monitor Deflation Thread" daemon [_thread_blocked, id=8904, stack(0x00000007a4900000,0x00000007a4a00000)]
  0x00000135bb991a40 JavaThread "C1 CompilerThread0" daemon [_thread_blocked, id=13020, stack(0x00000007a4a00000,0x00000007a4b00000)]
  0x00000135bb9b7790 JavaThread "Sweeper thread" daemon [_thread_blocked, id=1588, stack(0x00000007a4b00000,0x00000007a4c00000)]
  0x00000135bbbff410 JavaThread "Notification Thread" daemon [_thread_blocked, id=10216, stack(0x00000007a4c00000,0x00000007a4d00000)]
  0x00000135bbc05d60 JavaThread "Common-Cleaner" daemon [_thread_blocked, id=10744, stack(0x00000007a4e00000,0x00000007a4f00000)]
  0x00000135c14cf6c0 JavaThread "boundedElastic-evictor-1" daemon [_thread_blocked, id=4184, stack(0x00000007a5400000,0x00000007a5500000)]
  0x00000135c1645030 JavaThread "pool-13-thread-1" [_thread_blocked, id=8076, stack(0x00000007a5700000,0x00000007a5800000)]
  0x00000135c1323870 JavaThread "LanguageServerApp-lifecycle" [_thread_blocked, id=1036, stack(0x00000007a5800000,0x00000007a5900000)]
  0x00000135af2cdff0 JavaThread "DestroyJavaVM" [_thread_blocked, id=13040, stack(0x00000007a3d00000,0x00000007a3e00000)]
  0x00000135c1399820 JavaThread "pool-14-thread-1" [_thread_in_native, id=13256, stack(0x00000007a5900000,0x00000007a5a00000)]
  0x00000135c0c634b0 JavaThread "Simple-Language-Server main thread" daemon [_thread_blocked, id=900, stack(0x00000007a5a00000,0x00000007a5b00000)]
  0x00000135c0c639c0 JavaThread "pool-8-thread-1" [_thread_blocked, id=5180, stack(0x00000007a5b00000,0x00000007a5c00000)]
  0x00000135c0c648f0 JavaThread "parallel-1" daemon [_thread_blocked, id=2736, stack(0x00000007a5c00000,0x00000007a5d00000)]
  0x00000135c0c64e00 JavaThread "pool-6-thread-1" [_thread_blocked, id=9616, stack(0x00000007a5d00000,0x00000007a5e00000)]
  0x00000135c0c65310 JavaThread "parallel-2" daemon [_thread_blocked, id=6776, stack(0x00000007a5e00000,0x00000007a5f00000)]
  0x00000135c0c643e0 JavaThread "parallel-3" daemon [_thread_blocked, id=10116, stack(0x00000007a5f00000,0x00000007a6000000)]
  0x00000135c0c62a90 JavaThread "Reconciler-1" daemon [_thread_blocked, id=11604, stack(0x00000007a6400000,0x00000007a6500000)]
  0x00000135c175fb60 JavaThread "parallel-4" daemon [_thread_blocked, id=8452, stack(0x00000007a6600000,0x00000007a6700000)]
  0x00000135c1764240 JavaThread "CompletableFutureDelayScheduler" daemon [_thread_blocked, id=1920, stack(0x00000007a7300000,0x00000007a7400000)]

Other Threads:
=>0x00000135bb936020 VMThread "VM Thread" [stack: 0x00000007a4300000,0x00000007a4400000] [id=10884]
  0x00000135bbc03900 WatcherThread [stack: 0x00000007a4d00000,0x00000007a4e00000] [id=6564]
  0x00000135b1427470 GCTaskThread "GC Thread#0" [stack: 0x00000007a3e00000,0x00000007a3f00000] [id=12784]
  0x00000135c04147a0 GCTaskThread "GC Thread#1" [stack: 0x00000007a5000000,0x00000007a5100000] [id=6928]
  0x00000135c041fef0 GCTaskThread "GC Thread#2" [stack: 0x00000007a5100000,0x00000007a5200000] [id=9960]
  0x00000135c06cfab0 GCTaskThread "GC Thread#3" [stack: 0x00000007a5200000,0x00000007a5300000] [id=7572]
  0x00000135b14303c0 ConcurrentGCThread "G1 Main Marker" [stack: 0x00000007a3f00000,0x00000007a4000000] [id=5596]
  0x00000135b1430de0 ConcurrentGCThread "G1 Conc#0" [stack: 0x00000007a4000000,0x00000007a4100000] [id=3436]
  0x00000135b14926e0 ConcurrentGCThread "G1 Refine#0" [stack: 0x00000007a4100000,0x00000007a4200000] [id=12948]
  0x00000135b1494120 ConcurrentGCThread "G1 Service" [stack: 0x00000007a4200000,0x00000007a4300000] [id=6588]

Threads with active compile tasks:

VM state: at safepoint (normal execution)

VM Mutex/Monitor currently owned by a thread:  ([mutex/lock_event])
[0x00000135af2cbe80] Threads_lock - owner thread: 0x00000135bb936020
[0x00000135af2ca140] Heap_lock - owner thread: 0x00000135c1645030

Heap address: 0x00000000c0000000, size: 1024 MB, Compressed Oops mode: 32-bit

CDS archive(s) not mapped
Compressed class space mapped at: 0x0000000100000000-0x0000000140000000, reserved size: 1073741824
Narrow klass base: 0x0000000000000000, Narrow klass shift: 3, Narrow klass range: 0x140000000

GC Precious Log:
 CPUs: 4 total, 4 available
 Memory: 5941M
 Large Page Support: Disabled
 NUMA Support: Disabled
 Compressed Oops: Enabled (32-bit)
 Heap Region Size: 1M
 Heap Min Capacity: 8M
 Heap Initial Capacity: 94M
 Heap Max Capacity: 1G
 Pre-touch: Disabled
 Parallel Workers: 4
 Concurrent Workers: 1
 Concurrent Refinement Workers: 4
 Periodic GC: Disabled

Heap:
 garbage-first heap   total 89088K, used 40319K [0x00000000c0000000, 0x0000000100000000)
  region size 1024K, 1 young (1024K), 0 survivors (0K)
 Metaspace       used 62387K, committed 62912K, reserved 1114112K
  class space    used 7892K, committed 8128K, reserved 1048576K

Heap Regions: E=young(eden), S=young(survivor), O=old, HS=humongous(starts), HC=humongous(continues), CS=collection set, F=free, OA=open archive, CA=closed archive, TAMS=top-at-mark-start (previous, next)
|   0|0x00000000c0000000, 0x00000000c0100000, 0x00000000c0100000|100%|HS|  |TAMS 0x00000000c0100000, 0x00000000c0000000| Untracked 
|   1|0x00000000c0100000, 0x00000000c0200000, 0x00000000c0200000|100%|HC|  |TAMS 0x00000000c0200000, 0x00000000c0100000| Untracked 
|   2|0x00000000c0200000, 0x00000000c0300000, 0x00000000c0300000|100%|HC|  |TAMS 0x00000000c0300000, 0x00000000c0200000| Untracked 
|   3|0x00000000c0300000, 0x00000000c0400000, 0x00000000c0400000|100%|HC|  |TAMS 0x00000000c0400000, 0x00000000c0300000| Untracked 
|   4|0x00000000c0400000, 0x00000000c0500000, 0x00000000c0500000|100%|HS|  |TAMS 0x00000000c0500000, 0x00000000c0400000| Untracked 
|   5|0x00000000c0500000, 0x00000000c0600000, 0x00000000c0600000|100%|HC|  |TAMS 0x00000000c0600000, 0x00000000c0500000| Untracked 
|   6|0x00000000c0600000, 0x00000000c0700000, 0x00000000c0700000|100%| O|  |TAMS 0x00000000c0700000, 0x00000000c0600000| Untracked 
|   7|0x00000000c0700000, 0x00000000c07ffff8, 0x00000000c0800000| 99%| O|  |TAMS 0x00000000c07ffff8, 0x00000000c0700000| Untracked 
|   8|0x00000000c0800000, 0x00000000c0900000, 0x00000000c0900000|100%| O|  |TAMS 0x00000000c0900000, 0x00000000c0800000| Untracked 
|   9|0x00000000c0900000, 0x00000000c0a00000, 0x00000000c0a00000|100%| O|  |TAMS 0x00000000c0a00000, 0x00000000c0900000| Untracked 
|  10|0x00000000c0a00000, 0x00000000c0b00000, 0x00000000c0b00000|100%| O|  |TAMS 0x00000000c0b00000, 0x00000000c0a00000| Untracked 
|  11|0x00000000c0b00000, 0x00000000c0c00000, 0x00000000c0c00000|100%| O|  |TAMS 0x00000000c0c00000, 0x00000000c0b00000| Untracked 
|  12|0x00000000c0c00000, 0x00000000c0d00000, 0x00000000c0d00000|100%| O|  |TAMS 0x00000000c0d00000, 0x00000000c0c00000| Untracked 
|  13|0x00000000c0d00000, 0x00000000c0dffff8, 0x00000000c0e00000| 99%| O|  |TAMS 0x00000000c0dffff8, 0x00000000c0d00000| Untracked 
|  14|0x00000000c0e00000, 0x00000000c0efff90, 0x00000000c0f00000| 99%| O|  |TAMS 0x00000000c0efff90, 0x00000000c0e00000| Untracked 
|  15|0x00000000c0f00000, 0x00000000c0ffffc0, 0x00000000c1000000| 99%| O|  |TAMS 0x00000000c0ffffc0, 0x00000000c0f00000| Untracked 
|  16|0x00000000c1000000, 0x00000000c10fffe8, 0x00000000c1100000| 99%| O|  |TAMS 0x00000000c10fffe8, 0x00000000c1000000| Untracked 
|  17|0x00000000c1100000, 0x00000000c11ffbf8, 0x00000000c1200000| 99%| O|  |TAMS 0x00000000c11ffbf8, 0x00000000c1100000| Untracked 
|  18|0x00000000c1200000, 0x00000000c1300000, 0x00000000c1300000|100%| O|  |TAMS 0x00000000c1300000, 0x00000000c1200000| Untracked 
|  19|0x00000000c1300000, 0x00000000c1400000, 0x00000000c1400000|100%| O|  |TAMS 0x00000000c1400000, 0x00000000c1300000| Untracked 
|  20|0x00000000c1400000, 0x00000000c14fffe8, 0x00000000c1500000| 99%| O|  |TAMS 0x00000000c14fffe8, 0x00000000c1400000| Untracked 
|  21|0x00000000c1500000, 0x00000000c15fffe8, 0x00000000c1600000| 99%| O|  |TAMS 0x00000000c15fffe8, 0x00000000c1500000| Untracked 
|  22|0x00000000c1600000, 0x00000000c16ffe50, 0x00000000c1700000| 99%| O|  |TAMS 0x00000000c16ffe50, 0x00000000c1600000| Untracked 
|  23|0x00000000c1700000, 0x00000000c17ffff0, 0x00000000c1800000| 99%| O|  |TAMS 0x00000000c17ffff0, 0x00000000c1700000| Untracked 
|  24|0x00000000c1800000, 0x00000000c18ffff8, 0x00000000c1900000| 99%| O|  |TAMS 0x00000000c18ffff8, 0x00000000c1800000| Untracked 
|  25|0x00000000c1900000, 0x00000000c1a00000, 0x00000000c1a00000|100%| O|  |TAMS 0x00000000c1a00000, 0x00000000c1900000| Untracked 
|  26|0x00000000c1a00000, 0x00000000c1affff8, 0x00000000c1b00000| 99%| O|  |TAMS 0x00000000c1affff8, 0x00000000c1a00000| Untracked 
|  27|0x00000000c1b00000, 0x00000000c1bffc00, 0x00000000c1c00000| 99%| O|  |TAMS 0x00000000c1bffc00, 0x00000000c1b00000| Untracked 
|  28|0x00000000c1c00000, 0x00000000c1cffff0, 0x00000000c1d00000| 99%| O|  |TAMS 0x00000000c1cffff0, 0x00000000c1c00000| Untracked 
|  29|0x00000000c1d00000, 0x00000000c1dfffc0, 0x00000000c1e00000| 99%| O|  |TAMS 0x00000000c1dfffc0, 0x00000000c1d00000| Untracked 
|  30|0x00000000c1e00000, 0x00000000c1efc3f0, 0x00000000c1f00000| 98%| O|  |TAMS 0x00000000c1efc3f0, 0x00000000c1e00000| Untracked 
|  31|0x00000000c1f00000, 0x00000000c1fffff8, 0x00000000c2000000| 99%| O|  |TAMS 0x00000000c1fffff8, 0x00000000c1f00000| Untracked 
|  32|0x00000000c2000000, 0x00000000c20ffff8, 0x00000000c2100000| 99%| O|  |TAMS 0x00000000c20ffff8, 0x00000000c2000000| Untracked 
|  33|0x00000000c2100000, 0x00000000c21e67f8, 0x00000000c2200000| 90%| O|  |TAMS 0x00000000c2100000, 0x00000000c2100000| Untracked 
|  34|0x00000000c2200000, 0x00000000c22ffff0, 0x00000000c2300000| 99%| O|  |TAMS 0x00000000c22ffff0, 0x00000000c2200000| Untracked 
|  35|0x00000000c2300000, 0x00000000c23d71a0, 0x00000000c2400000| 84%| O|  |TAMS 0x00000000c2300000, 0x00000000c2300000| Untracked 
|  36|0x00000000c2400000, 0x00000000c24e7bd0, 0x00000000c2500000| 90%| O|  |TAMS 0x00000000c2400000, 0x00000000c2400000| Untracked 
|  37|0x00000000c2500000, 0x00000000c25bef98, 0x00000000c2600000| 74%| O|  |TAMS 0x00000000c2500000, 0x00000000c2500000| Untracked 
|  38|0x00000000c2600000, 0x00000000c2600000, 0x00000000c2700000|  0%| F|  |TAMS 0x00000000c2600000, 0x00000000c2600000| Untracked 
|  39|0x00000000c2700000, 0x00000000c2700000, 0x00000000c2800000|  0%| F|  |TAMS 0x00000000c2700000, 0x00000000c2700000| Untracked 
|  40|0x00000000c2800000, 0x00000000c2800000, 0x00000000c2900000|  0%| F|  |TAMS 0x00000000c2800000, 0x00000000c2800000| Untracked 
|  41|0x00000000c2900000, 0x00000000c2900000, 0x00000000c2a00000|  0%| F|  |TAMS 0x00000000c2900000, 0x00000000c2900000| Untracked 
|  42|0x00000000c2a00000, 0x00000000c2a00000, 0x00000000c2b00000|  0%| F|  |TAMS 0x00000000c2a00000, 0x00000000c2a00000| Untracked 
|  43|0x00000000c2b00000, 0x00000000c2b00000, 0x00000000c2c00000|  0%| F|  |TAMS 0x00000000c2b00000, 0x00000000c2b00000| Untracked 
|  44|0x00000000c2c00000, 0x00000000c2c00000, 0x00000000c2d00000|  0%| F|  |TAMS 0x00000000c2c00000, 0x00000000c2c00000| Untracked 
|  45|0x00000000c2d00000, 0x00000000c2d00000, 0x00000000c2e00000|  0%| F|  |TAMS 0x00000000c2d00000, 0x00000000c2d00000| Untracked 
|  46|0x00000000c2e00000, 0x00000000c2e00000, 0x00000000c2f00000|  0%| F|  |TAMS 0x00000000c2e00000, 0x00000000c2e00000| Untracked 
|  47|0x00000000c2f00000, 0x00000000c2f00000, 0x00000000c3000000|  0%| F|  |TAMS 0x00000000c2f00000, 0x00000000c2f00000| Untracked 
|  48|0x00000000c3000000, 0x00000000c3000000, 0x00000000c3100000|  0%| F|  |TAMS 0x00000000c3000000, 0x00000000c3000000| Untracked 
|  49|0x00000000c3100000, 0x00000000c3100000, 0x00000000c3200000|  0%| F|  |TAMS 0x00000000c3100000, 0x00000000c3100000| Untracked 
|  50|0x00000000c3200000, 0x00000000c3200000, 0x00000000c3300000|  0%| F|  |TAMS 0x00000000c3200000, 0x00000000c3200000| Untracked 
|  51|0x00000000c3300000, 0x00000000c3300000, 0x00000000c3400000|  0%| F|  |TAMS 0x00000000c3300000, 0x00000000c3300000| Untracked 
|  52|0x00000000c3400000, 0x00000000c3400000, 0x00000000c3500000|  0%| F|  |TAMS 0x00000000c3400000, 0x00000000c3400000| Untracked 
|  53|0x00000000c3500000, 0x00000000c3500000, 0x00000000c3600000|  0%| F|  |TAMS 0x00000000c3500000, 0x00000000c3500000| Untracked 
|  54|0x00000000c3600000, 0x00000000c3600000, 0x00000000c3700000|  0%| F|  |TAMS 0x00000000c3600000, 0x00000000c3600000| Untracked 
|  55|0x00000000c3700000, 0x00000000c3700000, 0x00000000c3800000|  0%| F|  |TAMS 0x00000000c3700000, 0x00000000c3700000| Untracked 
|  56|0x00000000c3800000, 0x00000000c3800000, 0x00000000c3900000|  0%| F|  |TAMS 0x00000000c3800000, 0x00000000c3800000| Untracked 
|  57|0x00000000c3900000, 0x00000000c3900000, 0x00000000c3a00000|  0%| F|  |TAMS 0x00000000c3900000, 0x00000000c3900000| Untracked 
|  58|0x00000000c3a00000, 0x00000000c3a00000, 0x00000000c3b00000|  0%| F|  |TAMS 0x00000000c3a00000, 0x00000000c3a00000| Untracked 
|  59|0x00000000c3b00000, 0x00000000c3b00000, 0x00000000c3c00000|  0%| F|  |TAMS 0x00000000c3b00000, 0x00000000c3b00000| Untracked 
|  60|0x00000000c3c00000, 0x00000000c3c00000, 0x00000000c3d00000|  0%| F|  |TAMS 0x00000000c3c00000, 0x00000000c3c00000| Untracked 
|  61|0x00000000c3d00000, 0x00000000c3d00000, 0x00000000c3e00000|  0%| F|  |TAMS 0x00000000c3d00000, 0x00000000c3d00000| Untracked 
|  62|0x00000000c3e00000, 0x00000000c3f00000, 0x00000000c3f00000|100%| O|  |TAMS 0x00000000c3f00000, 0x00000000c3e00000| Untracked 
|  63|0x00000000c3f00000, 0x00000000c3ffff80, 0x00000000c4000000| 99%| O|  |TAMS 0x00000000c3ffff80, 0x00000000c3f00000| Untracked 
|  64|0x00000000c4000000, 0x00000000c4000000, 0x00000000c4100000|  0%| F|  |TAMS 0x00000000c4000000, 0x00000000c4000000| Untracked 
|  65|0x00000000c4100000, 0x00000000c4100000, 0x00000000c4200000|  0%| F|  |TAMS 0x00000000c4100000, 0x00000000c4100000| Untracked 
|  66|0x00000000c4200000, 0x00000000c4200000, 0x00000000c4300000|  0%| F|  |TAMS 0x00000000c4200000, 0x00000000c4200000| Untracked 
|  67|0x00000000c4300000, 0x00000000c4300000, 0x00000000c4400000|  0%| F|  |TAMS 0x00000000c4300000, 0x00000000c4300000| Untracked 
|  68|0x00000000c4400000, 0x00000000c4400000, 0x00000000c4500000|  0%| F|  |TAMS 0x00000000c4400000, 0x00000000c4400000| Untracked 
|  69|0x00000000c4500000, 0x00000000c4500000, 0x00000000c4600000|  0%| F|  |TAMS 0x00000000c4500000, 0x00000000c4500000| Untracked 
|  70|0x00000000c4600000, 0x00000000c4600000, 0x00000000c4700000|  0%| F|  |TAMS 0x00000000c4600000, 0x00000000c4600000| Untracked 
|  71|0x00000000c4700000, 0x00000000c4700000, 0x00000000c4800000|  0%| F|  |TAMS 0x00000000c4700000, 0x00000000c4700000| Untracked 
|  72|0x00000000c4800000, 0x00000000c4800000, 0x00000000c4900000|  0%| F|  |TAMS 0x00000000c4800000, 0x00000000c4800000| Untracked 
|  73|0x00000000c4900000, 0x00000000c4900000, 0x00000000c4a00000|  0%| F|  |TAMS 0x00000000c4900000, 0x00000000c4900000| Untracked 
|  74|0x00000000c4a00000, 0x00000000c4a00000, 0x00000000c4b00000|  0%| F|  |TAMS 0x00000000c4a00000, 0x00000000c4a00000| Untracked 
|  75|0x00000000c4b00000, 0x00000000c4b00000, 0x00000000c4c00000|  0%| F|  |TAMS 0x00000000c4b00000, 0x00000000c4b00000| Untracked 
|  76|0x00000000c4c00000, 0x00000000c4c00000, 0x00000000c4d00000|  0%| F|  |TAMS 0x00000000c4c00000, 0x00000000c4c00000| Untracked 
|  77|0x00000000c4d00000, 0x00000000c4d00000, 0x00000000c4e00000|  0%| F|  |TAMS 0x00000000c4d00000, 0x00000000c4d00000| Untracked 
|  78|0x00000000c4e00000, 0x00000000c4e00000, 0x00000000c4f00000|  0%| F|  |TAMS 0x00000000c4e00000, 0x00000000c4e00000| Untracked 
|  79|0x00000000c4f00000, 0x00000000c4f00000, 0x00000000c5000000|  0%| F|  |TAMS 0x00000000c4f00000, 0x00000000c4f00000| Untracked 
|  80|0x00000000c5000000, 0x00000000c5000000, 0x00000000c5100000|  0%| F|  |TAMS 0x00000000c5000000, 0x00000000c5000000| Untracked 
|  81|0x00000000c5100000, 0x00000000c5100000, 0x00000000c5200000|  0%| F|  |TAMS 0x00000000c5100000, 0x00000000c5100000| Untracked 
|  82|0x00000000c5200000, 0x00000000c5200000, 0x00000000c5300000|  0%| F|  |TAMS 0x00000000c5200000, 0x00000000c5200000| Untracked 
|  83|0x00000000c5300000, 0x00000000c5300000, 0x00000000c5400000|  0%| F|  |TAMS 0x00000000c5300000, 0x00000000c5300000| Untracked 
|  84|0x00000000c5400000, 0x00000000c5400000, 0x00000000c5500000|  0%| F|  |TAMS 0x00000000c5400000, 0x00000000c5400000| Untracked 
|  85|0x00000000c5500000, 0x00000000c5500000, 0x00000000c5600000|  0%| F|  |TAMS 0x00000000c5500000, 0x00000000c5500000| Untracked 
|  93|0x00000000c5d00000, 0x00000000c5d058a8, 0x00000000c5e00000|  2%| E|  |TAMS 0x00000000c5d00000, 0x00000000c5d00000| Complete 

Card table byte_map: [0x00000135b7090000,0x00000135b7290000] _byte_map_base: 0x00000135b6a90000

Marking Bits (Prev, Next): (CMBitMap*) 0x00000135b1427ad0, (CMBitMap*) 0x00000135b1427a90
 Prev Bits: [0x00000135b8490000, 0x00000135b9490000)
 Next Bits: [0x00000135b7490000, 0x00000135b8490000)

Polling page: 0x00000135af1c0000

Metaspace:

Usage:
  Non-class:     53.22 MB used.
      Class:      7.71 MB used.
       Both:     60.93 MB used.

Virtual space:
  Non-class space:       64.00 MB reserved,      53.50 MB ( 84%) committed,  1 nodes.
      Class space:        1.00 GB reserved,       7.94 MB ( <1%) committed,  1 nodes.
             Both:        1.06 GB reserved,      61.44 MB (  6%) committed. 

Chunk freelists:
   Non-Class:  9.62 MB
       Class:  8.04 MB
        Both:  17.66 MB

MaxMetaspaceSize: unlimited
CompressedClassSpaceSize: 1.00 GB
Initial GC threshold: 21.00 MB
Current GC threshold: 102.31 MB
CDS: off
MetaspaceReclaimPolicy: balanced
 - commit_granule_bytes: 65536.
 - commit_granule_words: 8192.
 - virtual_space_node_default_size: 8388608.
 - enlarge_chunks_in_place: 1.
 - new_chunks_are_fully_committed: 0.
 - uncommit_free_chunks: 1.
 - use_allocation_guard: 0.
 - handle_deallocations: 1.


Internal statistics:

num_allocs_failed_limit: 6.
num_arena_births: 832.
num_arena_deaths: 316.
num_vsnodes_births: 2.
num_vsnodes_deaths: 0.
num_space_committed: 982.
num_space_uncommitted: 0.
num_chunks_returned_to_freelist: 376.
num_chunks_taken_from_freelist: 3046.
num_chunk_merges: 114.
num_chunk_splits: 1921.
num_chunks_enlarged: 1390.
num_inconsistent_stats: 0.

CodeCache: size=49152Kb used=15933Kb max_used=16861Kb free=33218Kb
 bounds [0x00000135b4090000, 0x00000135b5170000, 0x00000135b7090000]
 total_blobs=9162 nmethods=8505 adapters=584
 compilation: enabled
              stopped_count=0, restarted_count=0
 full_count=0

Compilation events (20 events):
Event: 1999.874 Thread 0x00000135bb991a40 8522       1       sun.nio.ch.Util$BufferCache::get (164 bytes)
Event: 1999.875 Thread 0x00000135bb991a40 nmethod 8522 0x00000135b4fea610 code [0x00000135b4fea7e0, 0x00000135b4feabb8]
Event: 1999.875 Thread 0x00000135bb991a40 8523       1       java.nio.MappedByteBuffer::flip (5 bytes)
Event: 1999.876 Thread 0x00000135bb991a40 nmethod 8523 0x00000135b4fea310 code [0x00000135b4fea4a0, 0x00000135b4fea578]
Event: 1999.876 Thread 0x00000135bb991a40 8524       1       java.nio.MappedByteBuffer::flip (7 bytes)
Event: 1999.876 Thread 0x00000135bb991a40 nmethod 8524 0x00000135b4fea010 code [0x00000135b4fea1a0, 0x00000135b4fea278]
Event: 1999.876 Thread 0x00000135bb991a40 8525       1       sun.nio.ch.Util::isBufferTooLarge (8 bytes)
Event: 1999.877 Thread 0x00000135bb991a40 nmethod 8525 0x00000135b4fe9d10 code [0x00000135b4fe9ea0, 0x00000135b4fe9f78]
Event: 1999.880 Thread 0x00000135bb991a40 8526       1       org.eclipse.jdt.internal.compiler.lookup.BoundSet$ThreeSets::addBound (63 bytes)
Event: 1999.882 Thread 0x00000135bb991a40 nmethod 8526 0x00000135b4fe9590 code [0x00000135b4fe9780, 0x00000135b4fe9b38]
Event: 1999.882 Thread 0x00000135bb991a40 8527       1       org.eclipse.jdt.internal.compiler.lookup.BoundSet$ThreeSets::addBound1 (136 bytes)
Event: 1999.885 Thread 0x00000135bb991a40 nmethod 8527 0x00000135b4fe8790 code [0x00000135b4fe8a00, 0x00000135b4fe9288]
Event: 1999.890 Thread 0x00000135bb991a40 8528       1       org.eclipse.jdt.internal.compiler.lookup.MethodBinding::canBeSeenBy (157 bytes)
Event: 1999.892 Thread 0x00000135bb991a40 nmethod 8528 0x00000135b4fe7c90 code [0x00000135b4fe7ee0, 0x00000135b4fe8418]
Event: 1999.892 Thread 0x00000135bb991a40 8529       1       java.util.TimSort::mergeCollapse (134 bytes)
Event: 1999.893 Thread 0x00000135bb991a40 nmethod 8529 0x00000135b4fe7610 code [0x00000135b4fe77c0, 0x00000135b4fe7aa8]
Event: 1999.893 Thread 0x00000135bb991a40 8530       1       org.eclipse.jdt.internal.compiler.flow.FlowContext::getLocalParent (37 bytes)
Event: 1999.894 Thread 0x00000135bb991a40 nmethod 8530 0x00000135b4fe7210 code [0x00000135b4fe73a0, 0x00000135b4fe7558]
Event: 1999.895 Thread 0x00000135bb991a40 8531       1       org.eclipse.jdt.internal.compiler.codegen.CodeStream::aload_1 (97 bytes)
Event: 1999.895 Thread 0x00000135bb991a40 nmethod 8531 0x00000135b4fe6d90 code [0x00000135b4fe6f40, 0x00000135b4fe70f8]

GC Heap History (20 events):
Event: 1969.063 GC heap after
{Heap after GC invocations=145 (full 106):
 garbage-first heap   total 89088K, used 40331K [0x00000000c0000000, 0x0000000100000000)
  region size 1024K, 0 young (0K), 0 survivors (0K)
 Metaspace       used 62378K, committed 62848K, reserved 1114112K
  class space    used 7890K, committed 8128K, reserved 1048576K
}
Event: 1999.775 GC heap before
{Heap before GC invocations=145 (full 106):
 garbage-first heap   total 89088K, used 59787K [0x00000000c0000000, 0x0000000100000000)
  region size 1024K, 20 young (20480K), 0 survivors (0K)
 Metaspace       used 62387K, committed 62912K, reserved 1114112K
  class space    used 7892K, committed 8128K, reserved 1048576K
}
Event: 1999.783 GC heap after
{Heap after GC invocations=146 (full 106):
 garbage-first heap   total 89088K, used 45634K [0x00000000c0000000, 0x0000000100000000)
  region size 1024K, 3 young (3072K), 3 survivors (3072K)
 Metaspace       used 62387K, committed 62912K, reserved 1114112K
  class space    used 7892K, committed 8128K, reserved 1048576K
}
Event: 2039.952 GC heap before
{Heap before GC invocations=147 (full 106):
 garbage-first heap   total 89088K, used 49730K [0x00000000c0000000, 0x0000000100000000)
  region size 1024K, 10 young (10240K), 3 survivors (3072K)
 Metaspace       used 62387K, committed 62912K, reserved 1114112K
  class space    used 7892K, committed 8128K, reserved 1048576K
}
Event: 2040.107 GC heap after
{Heap after GC invocations=148 (full 107):
 garbage-first heap   total 89088K, used 40648K [0x00000000c0000000, 0x0000000100000000)
  region size 1024K, 0 young (0K), 0 survivors (0K)
 Metaspace       used 62387K, committed 62912K, reserved 1114112K
  class space    used 7892K, committed 8128K, reserved 1048576K
}
Event: 2050.927 GC heap before
{Heap before GC invocations=148 (full 107):
 garbage-first heap   total 89088K, used 40648K [0x00000000c0000000, 0x0000000100000000)
  region size 1024K, 1 young (1024K), 0 survivors (0K)
 Metaspace       used 62387K, committed 62912K, reserved 1114112K
  class space    used 7892K, committed 8128K, reserved 1048576K
}
Event: 2051.097 GC heap after
{Heap after GC invocations=149 (full 108):
 garbage-first heap   total 89088K, used 40425K [0x00000000c0000000, 0x0000000100000000)
  region size 1024K, 0 young (0K), 0 survivors (0K)
 Metaspace       used 62387K, committed 62912K, reserved 1114112K
  class space    used 7892K, committed 8128K, reserved 1048576K
}
Event: 2061.490 GC heap before
{Heap before GC invocations=149 (full 108):
 garbage-first heap   total 89088K, used 40425K [0x00000000c0000000, 0x0000000100000000)
  region size 1024K, 1 young (1024K), 0 survivors (0K)
 Metaspace       used 62387K, committed 62912K, reserved 1114112K
  class space    used 7892K, committed 8128K, reserved 1048576K
}
Event: 2061.708 GC heap after
{Heap after GC invocations=150 (full 109):
 garbage-first heap   total 89088K, used 40319K [0x00000000c0000000, 0x0000000100000000)
  region size 1024K, 0 young (0K), 0 survivors (0K)
 Metaspace       used 62387K, committed 62912K, reserved 1114112K
  class space    used 7892K, committed 8128K, reserved 1048576K
}
Event: 2072.094 GC heap before
{Heap before GC invocations=150 (full 109):
 garbage-first heap   total 89088K, used 40319K [0x00000000c0000000, 0x0000000100000000)
  region size 1024K, 1 young (1024K), 0 survivors (0K)
 Metaspace       used 62387K, committed 62912K, reserved 1114112K
  class space    used 7892K, committed 8128K, reserved 1048576K
}
Event: 2072.260 GC heap after
{Heap after GC invocations=151 (full 110):
 garbage-first heap   total 89088K, used 40319K [0x00000000c0000000, 0x0000000100000000)
  region size 1024K, 0 young (0K), 0 survivors (0K)
 Metaspace       used 62387K, committed 62912K, reserved 1114112K
  class space    used 7892K, committed 8128K, reserved 1048576K
}
Event: 2082.640 GC heap before
{Heap before GC invocations=151 (full 110):
 garbage-first heap   total 89088K, used 40319K [0x00000000c0000000, 0x0000000100000000)
  region size 1024K, 1 young (1024K), 0 survivors (0K)
 Metaspace       used 62387K, committed 62912K, reserved 1114112K
  class space    used 7892K, committed 8128K, reserved 1048576K
}
Event: 2082.831 GC heap after
{Heap after GC invocations=152 (full 111):
 garbage-first heap   total 89088K, used 40319K [0x00000000c0000000, 0x0000000100000000)
  region size 1024K, 0 young (0K), 0 survivors (0K)
 Metaspace       used 62387K, committed 62912K, reserved 1114112K
  class space    used 7892K, committed 8128K, reserved 1048576K
}
Event: 2093.217 GC heap before
{Heap before GC invocations=152 (full 111):
 garbage-first heap   total 89088K, used 40319K [0x00000000c0000000, 0x0000000100000000)
  region size 1024K, 1 young (1024K), 0 survivors (0K)
 Metaspace       used 62387K, committed 62912K, reserved 1114112K
  class space    used 7892K, committed 8128K, reserved 1048576K
}
Event: 2093.371 GC heap after
{Heap after GC invocations=153 (full 112):
 garbage-first heap   total 89088K, used 40319K [0x00000000c0000000, 0x0000000100000000)
  region size 1024K, 0 young (0K), 0 survivors (0K)
 Metaspace       used 62387K, committed 62912K, reserved 1114112K
  class space    used 7892K, committed 8128K, reserved 1048576K
}
Event: 2104.126 GC heap before
{Heap before GC invocations=153 (full 112):
 garbage-first heap   total 89088K, used 40319K [0x00000000c0000000, 0x0000000100000000)
  region size 1024K, 1 young (1024K), 0 survivors (0K)
 Metaspace       used 62387K, committed 62912K, reserved 1114112K
  class space    used 7892K, committed 8128K, reserved 1048576K
}
Event: 2104.266 GC heap after
{Heap after GC invocations=154 (full 113):
 garbage-first heap   total 89088K, used 40319K [0x00000000c0000000, 0x0000000100000000)
  region size 1024K, 0 young (0K), 0 survivors (0K)
 Metaspace       used 62387K, committed 62912K, reserved 1114112K
  class space    used 7892K, committed 8128K, reserved 1048576K
}
Event: 2114.841 GC heap before
{Heap before GC invocations=154 (full 113):
 garbage-first heap   total 89088K, used 40319K [0x00000000c0000000, 0x0000000100000000)
  region size 1024K, 1 young (1024K), 0 survivors (0K)
 Metaspace       used 62387K, committed 62912K, reserved 1114112K
  class space    used 7892K, committed 8128K, reserved 1048576K
}
Event: 2115.045 GC heap after
{Heap after GC invocations=155 (full 114):
 garbage-first heap   total 89088K, used 40319K [0x00000000c0000000, 0x0000000100000000)
  region size 1024K, 0 young (0K), 0 survivors (0K)
 Metaspace       used 62387K, committed 62912K, reserved 1114112K
  class space    used 7892K, committed 8128K, reserved 1048576K
}
Event: 2125.101 GC heap before
{Heap before GC invocations=155 (full 114):
 garbage-first heap   total 89088K, used 40319K [0x00000000c0000000, 0x0000000100000000)
  region size 1024K, 1 young (1024K), 0 survivors (0K)
 Metaspace       used 62387K, committed 62912K, reserved 1114112K
  class space    used 7892K, committed 8128K, reserved 1048576K
}

Dll operation events (10 events):
Event: 0.042 Loaded shared library c:\Users\user\.vscode\extensions\redhat.java-1.35.0-win32-x64\jre\17.0.12-win32-x86_64\bin\java.dll
Event: 1.011 Loaded shared library C:\Users\user\.vscode\extensions\redhat.java-1.35.0-win32-x64\jre\17.0.12-win32-x86_64\bin\net.dll
Event: 1.016 Loaded shared library C:\Users\user\.vscode\extensions\redhat.java-1.35.0-win32-x64\jre\17.0.12-win32-x86_64\bin\nio.dll
Event: 1.046 Loaded shared library C:\Users\user\.vscode\extensions\redhat.java-1.35.0-win32-x64\jre\17.0.12-win32-x86_64\bin\zip.dll
Event: 3.019 Loaded shared library C:\Users\user\.vscode\extensions\redhat.java-1.35.0-win32-x64\jre\17.0.12-win32-x86_64\bin\jimage.dll
Event: 13.728 Loaded shared library c:\Users\user\.vscode\extensions\redhat.java-1.35.0-win32-x64\jre\17.0.12-win32-x86_64\bin\verify.dll
Event: 26.647 Loaded shared library C:\Users\user\.vscode\extensions\redhat.java-1.35.0-win32-x64\jre\17.0.12-win32-x86_64\bin\management.dll
Event: 26.654 Loaded shared library C:\Users\user\.vscode\extensions\redhat.java-1.35.0-win32-x64\jre\17.0.12-win32-x86_64\bin\management_ext.dll
Event: 29.224 Loaded shared library C:\Users\user\.vscode\extensions\redhat.java-1.35.0-win32-x64\jre\17.0.12-win32-x86_64\bin\sunmscapi.dll
Event: 30.133 Loaded shared library C:\Users\user\.vscode\extensions\redhat.java-1.35.0-win32-x64\jre\17.0.12-win32-x86_64\bin\extnet.dll

Deoptimization events (18 events):
Event: 27.772 Thread 0x00000135c1399820 DEOPT PACKING pc=0x00000135b45e5a01 sp=0x00000007a59fda40
Event: 27.772 Thread 0x00000135c1399820 DEOPT UNPACKING pc=0x00000135b40e7124 sp=0x00000007a59fced0 mode 3
Event: 27.850 Thread 0x00000135c0c634b0 DEOPT PACKING pc=0x00000135b45cac17 sp=0x00000007a5aff000
Event: 27.850 Thread 0x00000135c0c634b0 DEOPT UNPACKING pc=0x00000135b40e7124 sp=0x00000007a5afe458 mode 3
Event: 29.338 Thread 0x00000135c1761ed0 DEOPT PACKING pc=0x00000135b442280c sp=0x00000007a67faf30
Event: 29.338 Thread 0x00000135c1761ed0 DEOPT UNPACKING pc=0x00000135b40e7124 sp=0x00000007a67fa3f8 mode 0
Event: 36.128 Thread 0x00000135c0c62580 DEOPT PACKING pc=0x00000135b46e14a4 sp=0x00000007a63ff160
Event: 36.128 Thread 0x00000135c0c62580 DEOPT UNPACKING pc=0x00000135b40e7124 sp=0x00000007a63fe648 mode 0
Event: 36.170 Thread 0x00000135c0c65820 DEOPT PACKING pc=0x00000135b46e14a4 sp=0x00000007a62fe650
Event: 36.170 Thread 0x00000135c0c65820 DEOPT UNPACKING pc=0x00000135b40e7124 sp=0x00000007a62fdb38 mode 0
Event: 36.170 Thread 0x00000135c0c65820 DEOPT PACKING pc=0x00000135b46e14a4 sp=0x00000007a62febe0
Event: 36.170 Thread 0x00000135c0c65820 DEOPT UNPACKING pc=0x00000135b40e7124 sp=0x00000007a62fe0c8 mode 0
Event: 36.180 Thread 0x00000135c0c62070 DEOPT PACKING pc=0x00000135b46e14a4 sp=0x00000007a60fefa0
Event: 36.180 Thread 0x00000135c0c62070 DEOPT UNPACKING pc=0x00000135b40e7124 sp=0x00000007a60fe488 mode 0
Event: 232.191 Thread 0x00000135c1399820 DEOPT PACKING pc=0x00000135b49e9654 sp=0x00000007a59fed40
Event: 232.191 Thread 0x00000135c1399820 DEOPT UNPACKING pc=0x00000135b40e7124 sp=0x00000007a59fe1e8 mode 0
Event: 1820.862 Thread 0x00000135c1762e00 DEOPT PACKING pc=0x00000135b4e3ded4 sp=0x00000007a4ffde70
Event: 1820.862 Thread 0x00000135c1762e00 DEOPT UNPACKING pc=0x00000135b40e7124 sp=0x00000007a4ffd3b0 mode 0

Classes loaded (20 events):
Event: 239.623 Loading class java/text/BreakIterator$BreakIteratorCache
Event: 239.623 Loading class java/text/BreakIterator$BreakIteratorCache done
Event: 239.624 Loading class java/text/StringCharacterIterator
Event: 239.624 Loading class java/text/CharacterIterator
Event: 239.624 Loading class java/text/CharacterIterator done
Event: 239.624 Loading class java/text/StringCharacterIterator done
Event: 240.271 Loading class java/util/EmptyStackException
Event: 240.271 Loading class java/util/EmptyStackException done
Event: 240.293 Loading class java/io/InvalidClassException
Event: 240.293 Loading class java/io/InvalidClassException done
Event: 240.340 Loading class java/util/ArrayList$ListItr
Event: 240.340 Loading class java/util/ArrayList$ListItr done
Event: 246.442 Loading class java/util/logging/LogRecord
Event: 246.443 Loading class java/util/logging/LogRecord done
Event: 1121.987 Loading class java/util/stream/Nodes$IntFixedNodeBuilder
Event: 1121.987 Loading class java/util/stream/Node$Builder$OfInt
Event: 1121.988 Loading class java/util/stream/Node$Builder$OfInt done
Event: 1121.988 Loading class java/util/stream/Nodes$IntArrayNode
Event: 1121.988 Loading class java/util/stream/Nodes$IntArrayNode done
Event: 1121.989 Loading class java/util/stream/Nodes$IntFixedNodeBuilder done

Classes unloaded (20 events):
Event: 331.079 Thread 0x00000135bb936020 Unloading class 0x00000001000d4400 'java/lang/invoke/LambdaForm$MH+0x00000001000d4400'
Event: 331.079 Thread 0x00000135bb936020 Unloading class 0x00000001000d6000 'java/lang/invoke/LambdaForm$MH+0x00000001000d6000'
Event: 331.079 Thread 0x00000135bb936020 Unloading class 0x0000000100518400 'java/lang/invoke/LambdaForm$MH+0x0000000100518400'
Event: 331.079 Thread 0x00000135bb936020 Unloading class 0x0000000100519800 'java/lang/invoke/LambdaForm$MH+0x0000000100519800'
Event: 331.079 Thread 0x00000135bb936020 Unloading class 0x0000000100569800 'java/lang/invoke/LambdaForm$MH+0x0000000100569800'
Event: 331.079 Thread 0x00000135bb936020 Unloading class 0x00000001000cac00 'java/lang/invoke/LambdaForm$MH+0x00000001000cac00'
Event: 331.079 Thread 0x00000135bb936020 Unloading class 0x00000001000c9400 'java/lang/invoke/LambdaForm$MH+0x00000001000c9400'
Event: 331.079 Thread 0x00000135bb936020 Unloading class 0x00000001000c8c00 'java/lang/invoke/LambdaForm$MH+0x00000001000c8c00'
Event: 331.080 Thread 0x00000135bb936020 Unloading class 0x00000001000cbc00 'java/lang/invoke/LambdaForm$MH+0x00000001000cbc00'
Event: 331.080 Thread 0x00000135bb936020 Unloading class 0x00000001000cd400 'java/lang/invoke/LambdaForm$MH+0x00000001000cd400'
Event: 824.437 Thread 0x00000135bb936020 Unloading class 0x00000001000c9400 'java/lang/invoke/LambdaForm$MH+0x00000001000c9400'
Event: 824.437 Thread 0x00000135bb936020 Unloading class 0x00000001000cac00 'java/lang/invoke/LambdaForm$MH+0x00000001000cac00'
Event: 824.437 Thread 0x00000135bb936020 Unloading class 0x0000000100569800 'java/lang/invoke/LambdaForm$MH+0x0000000100569800'
Event: 1820.334 Thread 0x00000135bb936020 Unloading class 0x00000001007eac00 'java/lang/invoke/LambdaForm$MH+0x00000001007eac00'
Event: 1820.334 Thread 0x00000135bb936020 Unloading class 0x00000001007ea800 'java/lang/invoke/LambdaForm$MH+0x00000001007ea800'
Event: 1820.334 Thread 0x00000135bb936020 Unloading class 0x00000001007ea400 'java/lang/invoke/LambdaForm$MH+0x00000001007ea400'
Event: 1820.334 Thread 0x00000135bb936020 Unloading class 0x00000001007e9c00 'java/lang/invoke/LambdaForm$MH+0x00000001007e9c00'
Event: 1820.334 Thread 0x00000135bb936020 Unloading class 0x00000001007e9800 'java/lang/invoke/LambdaForm$MH+0x00000001007e9800'
Event: 1820.334 Thread 0x00000135bb936020 Unloading class 0x00000001007e9400 'java/lang/invoke/LambdaForm$MH+0x00000001007e9400'
Event: 1820.334 Thread 0x00000135bb936020 Unloading class 0x00000001007e9000 'java/lang/invoke/LambdaForm$MH+0x00000001007e9000'

Classes redefined (0 events):
No events

Internal exceptions (20 events):
Event: 239.564 Thread 0x00000135c0c62a90 Exception <a 'sun/nio/fs/WindowsException'{0x00000000c52a2d80}> (0x00000000c52a2d80) 
thrown [s\src\hotspot\share\prims\jni.cpp, line 516]
Event: 239.564 Thread 0x00000135c0c62a90 Exception <a 'sun/nio/fs/WindowsException'{0x00000000c52a3b28}> (0x00000000c52a3b28) 
thrown [s\src\hotspot\share\prims\jni.cpp, line 516]
Event: 239.565 Thread 0x00000135c0c62a90 Exception <a 'sun/nio/fs/WindowsException'{0x00000000c52a4378}> (0x00000000c52a4378) 
thrown [s\src\hotspot\share\prims\jni.cpp, line 516]
Event: 239.565 Thread 0x00000135c0c62a90 Exception <a 'sun/nio/fs/WindowsException'{0x00000000c52a47b0}> (0x00000000c52a47b0) 
thrown [s\src\hotspot\share\prims\jni.cpp, line 516]
Event: 239.565 Thread 0x00000135c0c62a90 Exception <a 'sun/nio/fs/WindowsException'{0x00000000c52a5798}> (0x00000000c52a5798) 
thrown [s\src\hotspot\share\prims\jni.cpp, line 516]
Event: 239.566 Thread 0x00000135c0c62a90 Exception <a 'sun/nio/fs/WindowsException'{0x00000000c52a5c10}> (0x00000000c52a5c10) 
thrown [s\src\hotspot\share\prims\jni.cpp, line 516]
Event: 240.155 Thread 0x00000135c0c62a90 Exception <a 'sun/nio/fs/WindowsException'{0x00000000c4bc4fe8}> (0x00000000c4bc4fe8) 
thrown [s\src\hotspot\share\prims\jni.cpp, line 516]
Event: 240.155 Thread 0x00000135c0c62a90 Exception <a 'sun/nio/fs/WindowsException'{0x00000000c4bcfa68}> (0x00000000c4bcfa68) 
thrown [s\src\hotspot\share\prims\jni.cpp, line 516]
Event: 240.155 Thread 0x00000135c0c62a90 Exception <a 'sun/nio/fs/WindowsException'{0x00000000c4bcfe80}> (0x00000000c4bcfe80) 
thrown [s\src\hotspot\share\prims\jni.cpp, line 516]
Event: 240.156 Thread 0x00000135c0c62a90 Exception <a 'sun/nio/fs/WindowsException'{0x00000000c4bd0e40}> (0x00000000c4bd0e40) 
thrown [s\src\hotspot\share\prims\jni.cpp, line 516]
Event: 240.156 Thread 0x00000135c0c62a90 Exception <a 'sun/nio/fs/WindowsException'{0x00000000c4bd1290}> (0x00000000c4bd1290) 
thrown [s\src\hotspot\share\prims\jni.cpp, line 516]
Event: 240.163 Thread 0x00000135c0c62a90 Exception <a 'sun/nio/fs/WindowsException'{0x00000000c4bd2038}> (0x00000000c4bd2038) 
thrown [s\src\hotspot\share\prims\jni.cpp, line 516]
Event: 240.163 Thread 0x00000135c0c62a90 Exception <a 'sun/nio/fs/WindowsException'{0x00000000c4bd2888}> (0x00000000c4bd2888) 
thrown [s\src\hotspot\share\prims\jni.cpp, line 516]
Event: 240.163 Thread 0x00000135c0c62a90 Exception <a 'sun/nio/fs/WindowsException'{0x00000000c4bd2cc0}> (0x00000000c4bd2cc0) 
thrown [s\src\hotspot\share\prims\jni.cpp, line 516]
Event: 240.163 Thread 0x00000135c0c62a90 Exception <a 'sun/nio/fs/WindowsException'{0x00000000c4bd3ca8}> (0x00000000c4bd3ca8) 
thrown [s\src\hotspot\share\prims\jni.cpp, line 516]
Event: 240.164 Thread 0x00000135c0c62a90 Exception <a 'sun/nio/fs/WindowsException'{0x00000000c4bd4120}> (0x00000000c4bd4120) 
thrown [s\src\hotspot\share\prims\jni.cpp, line 516]
Event: 240.205 Thread 0x00000135c175dd00 Exception <a 'java/lang/NoSuchMethodError'{0x00000000c4a89590}: 'java.lang.Object java.lang.invoke.DirectMethodHandle$Holder.invokeStatic(java.lang.Object, java.lang.Object, java.lang.Object, java.lang.Object, int)'> (0x00000000c4a89590) 
thrown [s\src\hotspot\share\interpreter\linkResolver.cpp, line 759]
Event: 246.587 Thread 0x00000135c0c62a90 Exception <a 'java/lang/NoSuchMethodError'{0x00000000c3f2a690}: 'java.lang.Object java.lang.invoke.DirectMethodHandle$Holder.newInvokeSpecial(java.lang.Object, java.lang.Object, int, java.lang.Object, int)'> (0x00000000c3f2a690) 
thrown [s\src\hotspot\share\interpreter\linkResolver.cpp, line 759]
Event: 246.588 Thread 0x00000135c0c62a90 Exception <a 'java/lang/NoSuchMethodError'{0x00000000c3f2e790}: 'java.lang.Object java.lang.invoke.DirectMethodHandle$Holder.invokeSpecial(java.lang.Object, java.lang.Object, java.lang.Object, int, java.lang.Object, int)'> (0x00000000c3f2e790) 
thrown [s\src\hotspot\share\interpreter\linkResolver.cpp, line 759]
Event: 271.863 Thread 0x00000135c175dd00 Exception <a 'java/lang/NoSuchMethodError'{0x00000000c5256e78}: 'java.lang.Object java.lang.invoke.Invokers$Holder.linkToTargetMethod(java.lang.Object, int, java.lang.Object, java.lang.Object)'> (0x00000000c5256e78) 
thrown [s\src\hotspot\share\interpreter\linkResolver.cpp, line 759]

VM Operations (20 events):
Event: 1999.971 Executing VM operation: G1PauseRemark done
Event: 2000.061 Executing VM operation: G1PauseCleanup
Event: 2000.061 Executing VM operation: G1PauseCleanup done
Event: 2039.952 Executing VM operation: G1CollectFull
Event: 2040.108 Executing VM operation: G1CollectFull done
Event: 2050.927 Executing VM operation: G1CollectFull
Event: 2051.097 Executing VM operation: G1CollectFull done
Event: 2061.489 Executing VM operation: G1CollectFull
Event: 2061.708 Executing VM operation: G1CollectFull done
Event: 2072.094 Executing VM operation: G1CollectFull
Event: 2072.260 Executing VM operation: G1CollectFull done
Event: 2082.640 Executing VM operation: G1CollectFull
Event: 2082.831 Executing VM operation: G1CollectFull done
Event: 2093.217 Executing VM operation: G1CollectFull
Event: 2093.371 Executing VM operation: G1CollectFull done
Event: 2104.126 Executing VM operation: G1CollectFull
Event: 2104.266 Executing VM operation: G1CollectFull done
Event: 2114.841 Executing VM operation: G1CollectFull
Event: 2115.045 Executing VM operation: G1CollectFull done
Event: 2125.101 Executing VM operation: G1CollectFull

Events (20 events):
Event: 1825.848 Thread 0x00000135c2707ab0 Thread exited: 0x00000135c2707ab0
Event: 1827.921 Thread 0x00000135c2707590 Thread exited: 0x00000135c2707590
Event: 1883.124 Thread 0x00000135c17623e0 Thread exited: 0x00000135c17623e0
Event: 1883.140 Thread 0x00000135c1760a90 Thread exited: 0x00000135c1760a90
Event: 1883.140 Thread 0x00000135c17619c0 Thread exited: 0x00000135c17619c0
Event: 1888.058 Thread 0x00000135c1762e00 Thread exited: 0x00000135c1762e00
Event: 1892.636 Thread 0x00000135c17628f0 Thread exited: 0x00000135c17628f0
Event: 1907.158 Thread 0x00000135c1763d30 Thread added: 0x00000135c1763d30
Event: 1952.639 Thread 0x00000135c17614b0 Thread exited: 0x00000135c17614b0
Event: 1967.410 Thread 0x00000135c1763d30 Thread exited: 0x00000135c1763d30
Event: 1973.470 Thread 0x00000135c1760580 Thread exited: 0x00000135c1760580
Event: 1976.933 Thread 0x00000135c1763d30 Thread added: 0x00000135c1763d30
Event: 1976.937 Thread 0x00000135c17619c0 Thread added: 0x00000135c17619c0
Event: 1977.021 Thread 0x00000135c175e720 Thread added: 0x00000135c175e720
Event: 1981.921 Thread 0x00000135c175cdd0 Thread added: 0x00000135c175cdd0
Event: 2042.021 Thread 0x00000135c175cdd0 Thread exited: 0x00000135c175cdd0
Event: 2042.022 Thread 0x00000135c1763d30 Thread exited: 0x00000135c1763d30
Event: 2044.429 Thread 0x00000135c1760fa0 Thread exited: 0x00000135c1760fa0
Event: 2059.916 Thread 0x00000135c17619c0 Thread exited: 0x00000135c17619c0
Event: 2059.916 Thread 0x00000135c175e720 Thread exited: 0x00000135c175e720


Dynamic libraries:
0x00007ff777c00000 - 0x00007ff777c0e000 	c:\Users\user\.vscode\extensions\redhat.java-1.35.0-win32-x64\jre\17.0.12-win32-x86_64\bin\java.exe
0x00007ffd07050000 - 0x00007ffd07248000 	C:\WINDOWS\SYSTEM32\ntdll.dll
0x00007ffd066a0000 - 0x00007ffd06761000 	C:\WINDOWS\System32\KERNEL32.DLL
0x00007ffd049b0000 - 0x00007ffd04cad000 	C:\WINDOWS\System32\KERNELBASE.dll
0x00007ffd04db0000 - 0x00007ffd04eb0000 	C:\WINDOWS\System32\ucrtbase.dll
0x00007ffcff600000 - 0x00007ffcff617000 	c:\Users\user\.vscode\extensions\redhat.java-1.35.0-win32-x64\jre\17.0.12-win32-x86_64\bin\jli.dll
0x00007ffd061b0000 - 0x00007ffd0634d000 	C:\WINDOWS\System32\USER32.dll
0x00007ffd04700000 - 0x00007ffd04722000 	C:\WINDOWS\System32\win32u.dll
0x00007ffd06430000 - 0x00007ffd0645b000 	C:\WINDOWS\System32\GDI32.dll
0x00007ffd04890000 - 0x00007ffd049a7000 	C:\WINDOWS\System32\gdi32full.dll
0x00007ffd04f40000 - 0x00007ffd04fdd000 	C:\WINDOWS\System32\msvcp_win.dll
0x00007ffcfe960000 - 0x00007ffcfe97b000 	c:\Users\user\.vscode\extensions\redhat.java-1.35.0-win32-x64\jre\17.0.12-win32-x86_64\bin\VCRUNTIME140.dll
0x00007ffcf5640000 - 0x00007ffcf58da000 	C:\WINDOWS\WinSxS\amd64_microsoft.windows.common-controls_6595b64144ccf1df_6.0.19041.4355_none_60b8b9eb71f62e16\COMCTL32.dll
0x00007ffd06b00000 - 0x00007ffd06b9e000 	C:\WINDOWS\System32\msvcrt.dll
0x00007ffd06770000 - 0x00007ffd0679f000 	C:\WINDOWS\System32\IMM32.DLL
0x00007ffcff5f0000 - 0x00007ffcff5fc000 	c:\Users\user\.vscode\extensions\redhat.java-1.35.0-win32-x64\jre\17.0.12-win32-x86_64\bin\vcruntime140_1.dll
0x00007ffcef1c0000 - 0x00007ffcef24d000 	c:\Users\user\.vscode\extensions\redhat.java-1.35.0-win32-x64\jre\17.0.12-win32-x86_64\bin\msvcp140.dll
0x00007ffccdfd0000 - 0x00007ffccec3a000 	c:\Users\user\.vscode\extensions\redhat.java-1.35.0-win32-x64\jre\17.0.12-win32-x86_64\bin\server\jvm.dll
0x00007ffd05a80000 - 0x00007ffd05b30000 	C:\WINDOWS\System32\ADVAPI32.dll
0x00007ffd05f40000 - 0x00007ffd05fe0000 	C:\WINDOWS\System32\sechost.dll
0x00007ffd064e0000 - 0x00007ffd06603000 	C:\WINDOWS\System32\RPCRT4.dll
0x00007ffd05050000 - 0x00007ffd05077000 	C:\WINDOWS\System32\bcrypt.dll
0x00007ffd05a10000 - 0x00007ffd05a7b000 	C:\WINDOWS\System32\WS2_32.dll
0x00007ffd03c00000 - 0x00007ffd03c4b000 	C:\WINDOWS\SYSTEM32\POWRPROF.dll
0x00007ffcf7120000 - 0x00007ffcf7147000 	C:\WINDOWS\SYSTEM32\WINMM.dll
0x00007ffcf4920000 - 0x00007ffcf492a000 	C:\WINDOWS\SYSTEM32\VERSION.dll
0x00007ffd03ac0000 - 0x00007ffd03ad2000 	C:\WINDOWS\SYSTEM32\UMPDC.dll
0x00007ffd02540000 - 0x00007ffd02552000 	C:\WINDOWS\SYSTEM32\kernel.appcore.dll
0x00007ffcfee20000 - 0x00007ffcfee2a000 	c:\Users\user\.vscode\extensions\redhat.java-1.35.0-win32-x64\jre\17.0.12-win32-x86_64\bin\jimage.dll
0x00007ffcec670000 - 0x00007ffcec854000 	C:\WINDOWS\SYSTEM32\DBGHELP.DLL
0x00007ffcec630000 - 0x00007ffcec664000 	C:\WINDOWS\SYSTEM32\dbgcore.DLL
0x00007ffd04eb0000 - 0x00007ffd04f32000 	C:\WINDOWS\System32\bcryptPrimitives.dll
0x00007ffcfc6b0000 - 0x00007ffcfc6d5000 	c:\Users\user\.vscode\extensions\redhat.java-1.35.0-win32-x64\jre\17.0.12-win32-x86_64\bin\java.dll
0x00007ffcfe6b0000 - 0x00007ffcfe6c8000 	c:\Users\user\.vscode\extensions\redhat.java-1.35.0-win32-x64\jre\17.0.12-win32-x86_64\bin\zip.dll
0x00007ffd050f0000 - 0x00007ffd0585f000 	C:\WINDOWS\System32\SHELL32.dll
0x00007ffd02740000 - 0x00007ffd02ee3000 	C:\WINDOWS\SYSTEM32\windows.storage.dll
0x00007ffd05b30000 - 0x00007ffd05e83000 	C:\WINDOWS\System32\combase.dll
0x00007ffd04050000 - 0x00007ffd0407e000 	C:\WINDOWS\SYSTEM32\Wldp.dll
0x00007ffd060e0000 - 0x00007ffd061ad000 	C:\WINDOWS\System32\OLEAUT32.dll
0x00007ffd05e90000 - 0x00007ffd05f3d000 	C:\WINDOWS\System32\SHCORE.dll
0x00007ffd05090000 - 0x00007ffd050e5000 	C:\WINDOWS\System32\shlwapi.dll
0x00007ffd04630000 - 0x00007ffd04654000 	C:\WINDOWS\SYSTEM32\profapi.dll
0x00007ffcfcc70000 - 0x00007ffcfcc89000 	C:\Users\user\.vscode\extensions\redhat.java-1.35.0-win32-x64\jre\17.0.12-win32-x86_64\bin\net.dll
0x00007ffcfb5c0000 - 0x00007ffcfb6cd000 	C:\WINDOWS\SYSTEM32\WINHTTP.dll
0x00007ffd03e30000 - 0x00007ffd03e9a000 	C:\WINDOWS\system32\mswsock.dll
0x00007ffcfb3c0000 - 0x00007ffcfb3d6000 	C:\Users\user\.vscode\extensions\redhat.java-1.35.0-win32-x64\jre\17.0.12-win32-x86_64\bin\nio.dll
0x00007ffcfe750000 - 0x00007ffcfe760000 	c:\Users\user\.vscode\extensions\redhat.java-1.35.0-win32-x64\jre\17.0.12-win32-x86_64\bin\verify.dll
0x00007ffd04390000 - 0x00007ffd043a8000 	C:\WINDOWS\SYSTEM32\CRYPTSP.dll
0x00007ffd036a0000 - 0x00007ffd036d4000 	C:\WINDOWS\system32\rsaenh.dll
0x00007ffd045f0000 - 0x00007ffd0461e000 	C:\WINDOWS\SYSTEM32\USERENV.dll
0x00007ffd03fc0000 - 0x00007ffd03fcc000 	C:\WINDOWS\SYSTEM32\CRYPTBASE.dll
0x00007ffd03ae0000 - 0x00007ffd03b1b000 	C:\WINDOWS\SYSTEM32\IPHLPAPI.DLL
0x00007ffd05080000 - 0x00007ffd05088000 	C:\WINDOWS\System32\NSI.dll
0x00007ffcfc980000 - 0x00007ffcfc997000 	C:\WINDOWS\SYSTEM32\dhcpcsvc6.DLL
0x00007ffcfc960000 - 0x00007ffcfc97d000 	C:\WINDOWS\SYSTEM32\dhcpcsvc.DLL
0x00007ffd03b30000 - 0x00007ffd03bfa000 	C:\WINDOWS\SYSTEM32\DNSAPI.dll
0x00007ffcf9050000 - 0x00007ffcf9059000 	C:\Users\user\.vscode\extensions\redhat.java-1.35.0-win32-x64\jre\17.0.12-win32-x86_64\bin\management.dll
0x00007ffcf8e70000 - 0x00007ffcf8e7b000 	C:\Users\user\.vscode\extensions\redhat.java-1.35.0-win32-x64\jre\17.0.12-win32-x86_64\bin\management_ext.dll
0x00007ffd06070000 - 0x00007ffd06078000 	C:\WINDOWS\System32\PSAPI.DLL
0x00007ffcff520000 - 0x00007ffcff52e000 	C:\Users\user\.vscode\extensions\redhat.java-1.35.0-win32-x64\jre\17.0.12-win32-x86_64\bin\sunmscapi.dll
0x00007ffd04730000 - 0x00007ffd0488c000 	C:\WINDOWS\System32\CRYPT32.dll
0x00007ffd040c0000 - 0x00007ffd040e9000 	C:\WINDOWS\SYSTEM32\ncrypt.dll
0x00007ffd04080000 - 0x00007ffd040bb000 	C:\WINDOWS\SYSTEM32\NTASN1.dll
0x00007ffcf9180000 - 0x00007ffcf9187000 	C:\WINDOWS\system32\wshunix.dll
0x00007ffcf5dc0000 - 0x00007ffcf5dc9000 	C:\Users\user\.vscode\extensions\redhat.java-1.35.0-win32-x64\jre\17.0.12-win32-x86_64\bin\extnet.dll
0x00007ffcf5a60000 - 0x00007ffcf5a6a000 	C:\Windows\System32\rasadhlp.dll
0x00007ffcfb110000 - 0x00007ffcfb190000 	C:\WINDOWS\System32\fwpuclnt.dll

dbghelp: loaded successfully - version: 4.0.5 - missing functions: none
symbol engine: initialized successfully - sym options: 0x614 - pdb path: .;c:\Users\user\.vscode\extensions\redhat.java-1.35.0-win32-x64\jre\17.0.12-win32-x86_64\bin;C:\WINDOWS\SYSTEM32;C:\WINDOWS\WinSxS\amd64_microsoft.windows.common-controls_6595b64144ccf1df_6.0.19041.4355_none_60b8b9eb71f62e16;c:\Users\user\.vscode\extensions\redhat.java-1.35.0-win32-x64\jre\17.0.12-win32-x86_64\bin\server

VM Arguments:
jvm_args: -Xmx1024m -Dsts.lsp.client=vscode -Dsts.log.file=/dev/null -XX:TieredStopAtLevel=1 -Xlog:jni+resolve=off 
java_command: c:\Users\user\.vscode\extensions\vmware.vscode-spring-boot-1.57.0\language-server\spring-boot-language-server-1.57.0-SNAPSHOT-exec.jar
java_class_path (initial): c:\Users\user\.vscode\extensions\vmware.vscode-spring-boot-1.57.0\language-server\spring-boot-language-server-1.57.0-SNAPSHOT-exec.jar
Launcher Type: SUN_STANDARD

[Global flags]
     intx CICompilerCount                          = 3                                         {product} {ergonomic}
     uint ConcGCThreads                            = 1                                         {product} {ergonomic}
     uint G1ConcRefinementThreads                  = 4                                         {product} {ergonomic}
   size_t G1HeapRegionSize                         = 1048576                                   {product} {ergonomic}
    uintx GCDrainStackTargetSize                   = 64                                        {product} {ergonomic}
   size_t InitialHeapSize                          = 98566144                                  {product} {ergonomic}
   size_t MarkStackSize                            = 4194304                                   {product} {ergonomic}
   size_t MaxHeapSize                              = 1073741824                                {product} {command line}
   size_t MaxNewSize                               = 643825664                                 {product} {ergonomic}
   size_t MinHeapDeltaBytes                        = 1048576                                   {product} {ergonomic}
   size_t MinHeapSize                              = 8388608                                   {product} {ergonomic}
    uintx NonProfiledCodeHeapSize                  = 0                                      {pd product} {ergonomic}
     bool ProfileInterpreter                       = false                                  {pd product} {command line}
    uintx ProfiledCodeHeapSize                     = 0                                      {pd product} {ergonomic}
   size_t SoftMaxHeapSize                          = 1073741824                             {manageable} {ergonomic}
     intx TieredStopAtLevel                        = 1                                         {product} {command line}
     bool UseCompressedClassPointers               = true                           {product lp64_product} {ergonomic}
     bool UseCompressedOops                        = true                           {product lp64_product} {ergonomic}
     bool UseG1GC                                  = true                                      {product} {ergonomic}
     bool UseLargePagesIndividualAllocation        = false                                  {pd product} {ergonomic}

Logging:
Log output configuration:
 #0: stdout all=warning,jni+resolve=off uptime,level,tags
 #1: stderr all=off uptime,level,tags

Environment Variables:
JAVA_HOME=C:\Program Files\Java\jdk-21
PATH=C:\Program Files\Common Files\Oracle\Java\javapath;C:\WINDOWS\system32;C:\WINDOWS;C:\WINDOWS\System32\Wbem;C:\WINDOWS\System32\WindowsPowerShell\v1.0\;C:\WINDOWS\System32\OpenSSH\;C:\ProgramData\chocolatey\bin;C:\Program Files\Git\cmd;C:\Program Files\OpenSSL-Win64\bin;C:\Program Files\Docker\Docker\resources\bin;C:\Users\user\AppData\Roaming\nvm;C:\Program Files\nodejs;C:\Program Files\nodejs;C:\Program Files\nodejs;C:\Program Files\apache-maven-3.9.6\bin;C:\Program Files\Common Files\Oracle\Java\javapath;C:\WINDOWS\system32;C:\WINDOWS;C:\WINDOWS\System32\Wbem;C:\WINDOWS\System32\WindowsPowerShell\v1.0\;C:\WINDOWS\System32\OpenSSH\;C:\ProgramData\chocolatey\bin;C:\Program Files\Git\cmd;C:\Program Files\OpenSSL-Win64\bin;C:\Program Files\Docker\Docker\resources\bin;C:\Users\user\AppData\Roaming\nvm;C:\Program Files\nodejs;C:\Program Files\nodejs;C:\Program Files\nodejs;;C:\Users\user\AppData\Local\Programs\Microsoft VS Code\bin;C:\Users\user\AppData\Roaming\nvm;C:\Program Files\nodejs
USERNAME=user
OS=Windows_NT
PROCESSOR_IDENTIFIER=Intel64 Family 6 Model 37 Stepping 5, GenuineIntel
TMP=C:\Users\user\AppData\Local\Temp
TEMP=C:\Users\user\AppData\Local\Temp



Periodic native trim disabled


---------------  S Y S T E M  ---------------

OS:
 Windows 10 , 64 bit Build 19041 (10.0.19041.4842)
OS uptime: 0 days 10:20 hours
Hyper-V role detected

CPU: total 4 (initial active 4) (2 cores per cpu, 2 threads per core) family 6 model 37 stepping 5 microcode 0x7, cx8, cmov, fxsr, ht, mmx, sse, sse2, sse3, ssse3, sse4.1, sse4.2, popcnt, tsc, tscinvbit, clflush, hv
Processor Information for all 4 processors :
  Max Mhz: 2399, Current Mhz: 933, Mhz Limit: 2399

Memory: 4k page, system-wide physical 5941M (463M free)
TotalPageFile size 8941M (AvailPageFile size 47M)
current process WorkingSet (physical memory assigned to process): 192M, peak: 223M
current process commit charge ("private bytes"): 254M, peak: 264M

vm_info: OpenJDK 64-Bit Server VM (17.0.12+7) for windows-amd64 JRE (17.0.12+7), built on Jul 16 2024 22:08:24 by "admin" with MS VC++ 16.10 / 16.11 (VS2019)

END.
