#
# There is insufficient memory for the Java Runtime Environment to continue.
# Native memory allocation (malloc) failed to allocate 644000 bytes. Error detail: Chunk::new
# Possible reasons:
#   The system is out of physical RAM or swap space
#   This process is running with CompressedOops enabled, and the Java Heap may be blocking the growth of the native heap
# Possible solutions:
#   Reduce memory load on the system
#   Increase physical memory or swap space
#   Check if swap backing store is full
#   Decrease Java heap size (-Xmx/-Xms)
#   Decrease number of Java threads
#   Decrease Java thread stack sizes (-Xss)
#   Set larger code cache with -XX:ReservedCodeCacheSize=
#   JVM is running with Unscaled Compressed Oops mode in which the Java heap is
#     placed in the first 4GB address space. The Java Heap base address is the
#     maximum limit for the native heap growth. Please use -XX:HeapBaseMinAddress
#     to set the Java Heap base and to place the Java Heap above 4GB virtual address.
# This output file may be truncated or incomplete.
#
#  Out of Memory Error (arena.cpp:191), pid=6624, tid=7672
#
# JRE version: OpenJDK Runtime Environment Temurin-17.0.12+7 (17.0.12+7) (build 17.0.12+7)
# Java VM: OpenJDK 64-Bit Server VM Temurin-17.0.12+7 (17.0.12+7, mixed mode, tiered, compressed oops, compressed class ptrs, parallel gc, windows-amd64)
# No core dump will be written. Minidumps are not enabled by default on client versions of Windows
#

---------------  S U M M A R Y ------------

Command Line: --add-modules=ALL-SYSTEM --add-opens=java.base/java.util=ALL-UNNAMED --add-opens=java.base/java.lang=ALL-UNNAMED --add-opens=java.base/sun.nio.fs=ALL-UNNAMED -Declipse.application=org.eclipse.jdt.ls.core.id1 -Dosgi.bundles.defaultStartLevel=4 -Declipse.product=org.eclipse.jdt.ls.core.product -Djava.import.generatesMetadataFilesAtProjectRoot=false -DDetectVMInstallationsJob.disabled=true -Dfile.encoding=utf8 -XX:+UseParallelGC -XX:GCTimeRatio=4 -XX:AdaptiveSizePolicyWeight=90 -Dsun.zip.disableMemoryMapping=true -Xmx1G -Xms100m -Xlog:disable -javaagent:c:\Users\user\.vscode\extensions\redhat.java-1.35.0-win32-x64\lombok\lombok-1.18.33.jar -XX:+HeapDumpOnOutOfMemoryError -XX:HeapDumpPath=c:\Users\user\AppData\Roaming\Code\User\workspaceStorage\079f6f517649c5123b03c41ab70807b5\redhat.java -Daether.dependencyCollector.impl=bf c:\Users\user\.vscode\extensions\redhat.java-1.35.0-win32-x64\server\plugins\org.eclipse.equinox.launcher_1.6.900.v20240613-2009.jar -configuration c:\Users\user\AppData\Roaming\Code\User\globalStorage\redhat.java\1.35.0\config_win -data c:\Users\user\AppData\Roaming\Code\User\workspaceStorage\079f6f517649c5123b03c41ab70807b5\redhat.java\jdt_ws --pipe=\\.\pipe\lsp-bd67016b394d74f73328dd463e0e6ba4-sock

Host: Intel(R) Core(TM) i3 CPU       M 370  @ 2.40GHz, 4 cores, 5G,  Windows 10 , 64 bit Build 19041 (10.0.19041.4842)
Time: Fri Sep 27 11:17:27 2024 Paris, Madrid (heure duild 19041 (10.0.19041.4842) elapsed time: 14.199176 seconds (0d 0h 0m 14s)

---------------  T H R E A D  ---------------

Current thread (0x000002661ca55320):  JavaThread "C2 CompilerThread0" daemon [_thread_in_native, id=7672, stack(0x000000c86fb00000,0x000000c86fc00000)]


Current CompileTask:
C2:  14199 2072   !   4       java.util.jar.Attributes::read (498 bytes)

Stack: [0x000000c86fb00000,0x000000c86fc00000]
Native frames: (J=compiled Java code, j=interpreted, Vv=VM code, C=native code)
V  [jvm.dll+0x67f929]
V  [jvm.dll+0x8371ba]
V  [jvm.dll+0x838c7e]
V  [jvm.dll+0x8392e3]
V  [jvm.dll+0x24834f]
V  [jvm.dll+0xac9d4]
V  [jvm.dll+0xad01c]
V  [jvm.dll+0x3674a7]
V  [jvm.dll+0x33197a]
V  [jvm.dll+0x330e1a]
V  [jvm.dll+0x21a8b1]
V  [jvm.dll+0x219cf1]
V  [jvm.dll+0x1a58bd]
V  [jvm.dll+0x229a2d]
V  [jvm.dll+0x227bdc]
V  [jvm.dll+0x7ec1f7]
V  [jvm.dll+0x7e65dc]
V  [jvm.dll+0x67e7f7]
C  [ucrtbase.dll+0x21bb2]
C  [KERNEL32.DLL+0x17374]
C  [ntdll.dll+0x4cc91]


---------------  P R O C E S S  ---------------

Threads class SMR info:
_java_thread_list=0x00000266224c95e0, length=16, elements={
0x0000026608be00a0, 0x0000026608c990b0, 0x0000026608c9a930, 0x000002661ca4d150,
0x000002661ca4dee0, 0x000002661ca4ec70, 0x000002661ca54670, 0x000002661ca55320,
0x0000026621c08f50, 0x0000026621c09c10, 0x0000026621cbb3b0, 0x0000026621e6cc40,
0x0000026622368260, 0x00000266226e75d0, 0x00000266225d4140, 0x00000266229db010
}

Java Threads: ( => current thread )
  0x0000026608be00a0 JavaThread "main" [_thread_blocked, id=7028, stack(0x000000c86f200000,0x000000c86f300000)]
  0x0000026608c990b0 JavaThread "Reference Handler" daemon [_thread_blocked, id=5012, stack(0x000000c86f500000,0x000000c86f600000)]
  0x0000026608c9a930 JavaThread "Finalizer" daemon [_thread_blocked, id=6632, stack(0x000000c86f600000,0x000000c86f700000)]
  0x000002661ca4d150 JavaThread "Signal Dispatcher" daemon [_thread_blocked, id=1432, stack(0x000000c86f700000,0x000000c86f800000)]
  0x000002661ca4dee0 JavaThread "Attach Listener" daemon [_thread_blocked, id=5440, stack(0x000000c86f800000,0x000000c86f900000)]
  0x000002661ca4ec70 JavaThread "Service Thread" daemon [_thread_blocked, id=10504, stack(0x000000c86f900000,0x000000c86fa00000)]
  0x000002661ca54670 JavaThread "Monitor Deflation Thread" daemon [_thread_blocked, id=4184, stack(0x000000c86fa00000,0x000000c86fb00000)]
=>0x000002661ca55320 JavaThread "C2 CompilerThread0" daemon [_thread_in_native, id=7672, stack(0x000000c86fb00000,0x000000c86fc00000)]
  0x0000026621c08f50 JavaThread "C1 CompilerThread0" daemon [_thread_blocked, id=10840, stack(0x000000c86fc00000,0x000000c86fd00000)]
  0x0000026621c09c10 JavaThread "Sweeper thread" daemon [_thread_blocked, id=1568, stack(0x000000c86fd00000,0x000000c86fe00000)]
  0x0000026621cbb3b0 JavaThread "Common-Cleaner" daemon [_thread_blocked, id=9436, stack(0x000000c86fe00000,0x000000c86ff00000)]
  0x0000026621e6cc40 JavaThread "Notification Thread" daemon [_thread_blocked, id=8912, stack(0x000000c86ff00000,0x000000c870000000)]
  0x0000026622368260 JavaThread "Active Thread: Equinox Container: 165b61e6-2b67-4e49-b599-df3febb98d76" [_thread_blocked, id=1576, stack(0x000000c870400000,0x000000c870500000)]
  0x00000266226e75d0 JavaThread "Framework Event Dispatcher: Equinox Container: 165b61e6-2b67-4e49-b599-df3febb98d76" daemon [_thread_blocked, id=7644, stack(0x000000c870500000,0x000000c870600000)]
  0x00000266225d4140 JavaThread "Start Level: Equinox Container: 165b61e6-2b67-4e49-b599-df3febb98d76" daemon [_thread_in_native, id=8160, stack(0x000000c870600000,0x000000c870700000)]
  0x00000266229db010 JavaThread "Bundle File Closer" daemon [_thread_blocked, id=10856, stack(0x000000c870700000,0x000000c870800000)]

Other Threads:
  0x000002661ca16250 VMThread "VM Thread" [stack: 0x000000c86f400000,0x000000c86f500000] [id=6192]
  0x0000026621e7ced0 WatcherThread [stack: 0x000000c870000000,0x000000c870100000] [id=7376]
  0x0000026608bf4830 GCTaskThread "GC Thread#0" [stack: 0x000000c86f300000,0x000000c86f400000] [id=6448]
  0x0000026622410780 GCTaskThread "GC Thread#1" [stack: 0x000000c870100000,0x000000c870200000] [id=3884]
  0x00000266221fc2a0 GCTaskThread "GC Thread#2" [stack: 0x000000c870200000,0x000000c870300000] [id=5168]
  0x00000266221fc560 GCTaskThread "GC Thread#3" [stack: 0x000000c870300000,0x000000c870400000] [id=3560]

Threads with active compile tasks:
C2 CompilerThread0    14266 2072   !   4       java.util.jar.Attributes::read (498 bytes)

VM state: not at safepoint (normal execution)

VM Mutex/Monitor currently owned by a thread: None

Heap address: 0x00000000c0000000, size: 1024 MB, Compressed Oops mode: 32-bit

CDS archive(s) not mapped
Compressed class space mapped at: 0x0000000100000000-0x0000000140000000, reserved size: 1073741824
Narrow klass base: 0x0000000000000000, Narrow klass shift: 3, Narrow klass range: 0x140000000

GC Precious Log:
 CPUs: 4 total, 4 available
 Memory: 5941M
 Large Page Support: Disabled
 NUMA Support: Disabled
 Compressed Oops: Enabled (32-bit)
 Alignments: Space 512K, Generation 512K, Heap 2M
 Heap Min Capacity: 100M
 Heap Initial Capacity: 100M
 Heap Max Capacity: 1G
 Pre-touch: Disabled
 Parallel Workers: 4

Heap:
 PSYoungGen      total 29696K, used 27904K [0x00000000eab00000, 0x00000000ecc00000, 0x0000000100000000)
  eden space 25600K, 93% used [0x00000000eab00000,0x00000000ec247020,0x00000000ec400000)
  from space 4096K, 99% used [0x00000000ec800000,0x00000000ecbf8ff0,0x00000000ecc00000)
  to   space 4096K, 0% used [0x00000000ec400000,0x00000000ec400000,0x00000000ec800000)
 ParOldGen       total 68608K, used 1602K [0x00000000c0000000, 0x00000000c4300000, 0x00000000eab00000)
  object space 68608K, 2% used [0x00000000c0000000,0x00000000c0190b80,0x00000000c4300000)
 Metaspace       used 15801K, committed 16064K, reserved 1114112K
  class space    used 1574K, committed 1728K, reserved 1048576K

Card table byte_map: [0x00000266085b0000,0x00000266087c0000] _byte_map_base: 0x0000026607fb0000

Marking Bits: (ParMarkBitMap*) 0x00007ffcc4db58b0
 Begin Bits: [0x000002661a880000, 0x000002661b880000)
 End Bits:   [0x000002661b880000, 0x000002661c880000)

Polling page: 0x00000266083a0000

Metaspace:

Usage:
  Non-class:     13.89 MB used.
      Class:      1.54 MB used.
       Both:     15.43 MB used.

Virtual space:
  Non-class space:       64.00 MB reserved,      14.00 MB ( 22%) committed,  1 nodes.
      Class space:        1.00 GB reserved,       1.69 MB ( <1%) committed,  1 nodes.
             Both:        1.06 GB reserved,      15.69 MB (  1%) committed. 

Chunk freelists:
   Non-Class:  1.94 MB
       Class:  14.37 MB
        Both:  16.31 MB

MaxMetaspaceSize: unlimited
CompressedClassSpaceSize: 1.00 GB
Initial GC threshold: 21.00 MB
Current GC threshold: 21.00 MB
CDS: off
MetaspaceReclaimPolicy: balanced
 - commit_granule_bytes: 65536.
 - commit_granule_words: 8192.
 - virtual_space_node_default_size: 8388608.
 - enlarge_chunks_in_place: 1.
 - new_chunks_are_fully_committed: 0.
 - uncommit_free_chunks: 1.
 - use_allocation_guard: 0.
 - handle_deallocations: 1.


Internal statistics:

num_allocs_failed_limit: 0.
num_arena_births: 104.
num_arena_deaths: 0.
num_vsnodes_births: 2.
num_vsnodes_deaths: 0.
num_space_committed: 251.
num_space_uncommitted: 0.
num_chunks_returned_to_freelist: 0.
num_chunks_taken_from_freelist: 323.
num_chunk_merges: 0.
num_chunk_splits: 203.
num_chunks_enlarged: 146.
num_inconsistent_stats: 0.

CodeHeap 'non-profiled nmethods': size=120000Kb used=908Kb max_used=908Kb free=119091Kb
 bounds [0x0000026613350000, 0x00000266135c0000, 0x000002661a880000]
CodeHeap 'profiled nmethods': size=120000Kb used=3915Kb max_used=3915Kb free=116084Kb
 bounds [0x000002660b880000, 0x000002660bc60000, 0x0000026612db0000]
CodeHeap 'non-nmethods': size=5760Kb used=1166Kb max_used=1195Kb free=4593Kb
 bounds [0x0000026612db0000, 0x0000026613020000, 0x0000026613350000]
 total_blobs=2552 nmethods=2091 adapters=376
 compilation: enabled
              stopped_count=0, restarted_count=0
 full_count=0

Compilation events (20 events):
Event: 14.107 Thread 0x0000026621c08f50 2079       3       java.lang.ThreadLocal::set (30 bytes)
Event: 14.108 Thread 0x0000026621c08f50 nmethod 2079 0x000002660bc4a610 code [0x000002660bc4a7e0, 0x000002660bc4ab58]
Event: 14.111 Thread 0x0000026621c08f50 2080       1       java.util.LinkedList::size (5 bytes)
Event: 14.111 Thread 0x0000026621c08f50 nmethod 2080 0x0000026613432a90 code [0x0000026613432c20, 0x0000026613432cf8]
Event: 14.160 Thread 0x0000026621c08f50 2081       3       java.util.AbstractList::iterator (9 bytes)
Event: 14.161 Thread 0x0000026621c08f50 nmethod 2081 0x000002660bc4ad10 code [0x000002660bc4aec0, 0x000002660bc4b118]
Event: 14.161 Thread 0x0000026621c08f50 2082       3       java.util.AbstractList$Itr::<init> (31 bytes)
Event: 14.161 Thread 0x0000026621c08f50 nmethod 2082 0x000002660bc4b210 code [0x000002660bc4b3a0, 0x000002660bc4b538]
Event: 14.164 Thread 0x0000026621c08f50 2083       3       org.eclipse.osgi.internal.loader.classpath.TitleVersionVendor::of (27 bytes)
Event: 14.165 Thread 0x0000026621c08f50 nmethod 2083 0x000002660bc4b610 code [0x000002660bc4b7c0, 0x000002660bc4bad8]
Event: 14.175 Thread 0x0000026621c08f50 2085       3       java.io.BufferedInputStream::fill (203 bytes)
Event: 14.177 Thread 0x0000026621c08f50 nmethod 2085 0x000002660bc4bc10 code [0x000002660bc4be80, 0x000002660bc4ca68]
Event: 14.177 Thread 0x0000026621c08f50 2086       3       java.io.BufferedInputStream::getInIfOpen (21 bytes)
Event: 14.177 Thread 0x0000026621c08f50 nmethod 2086 0x000002660bc4ce10 code [0x000002660bc4cfc0, 0x000002660bc4d1c8]
Event: 14.177 Thread 0x0000026621c08f50 2088       3       java.util.stream.Sink::end (1 bytes)
Event: 14.178 Thread 0x0000026621c08f50 nmethod 2088 0x000002660bc4d290 code [0x000002660bc4d420, 0x000002660bc4d538]
Event: 14.178 Thread 0x0000026621c08f50 2087       3       org.eclipse.osgi.internal.framework.EquinoxBundle::getHeaders (6 bytes)
Event: 14.178 Thread 0x0000026621c08f50 nmethod 2087 0x000002660bc4d610 code [0x000002660bc4d7c0, 0x000002660bc4d988]
Event: 14.180 Thread 0x0000026621c08f50 2089       1       java.lang.ClassLoader::getName (5 bytes)
Event: 14.180 Thread 0x0000026621c08f50 nmethod 2089 0x0000026613432d90 code [0x0000026613432f20, 0x0000026613432ff8]

GC Heap History (4 events):
Event: 4.213 GC heap before
{Heap before GC invocations=1 (full 0):
 PSYoungGen      total 29696K, used 25600K [0x00000000eab00000, 0x00000000ecc00000, 0x0000000100000000)
  eden space 25600K, 100% used [0x00000000eab00000,0x00000000ec400000,0x00000000ec400000)
  from space 4096K, 0% used [0x00000000ec800000,0x00000000ec800000,0x00000000ecc00000)
  to   space 4096K, 0% used [0x00000000ec400000,0x00000000ec400000,0x00000000ec800000)
 ParOldGen       total 68608K, used 0K [0x00000000c0000000, 0x00000000c4300000, 0x00000000eab00000)
  object space 68608K, 0% used [0x00000000c0000000,0x00000000c0000000,0x00000000c4300000)
 Metaspace       used 10972K, committed 11200K, reserved 1114112K
  class space    used 1090K, committed 1216K, reserved 1048576K
}
Event: 4.239 GC heap after
{Heap after GC invocations=1 (full 0):
 PSYoungGen      total 29696K, used 3149K [0x00000000eab00000, 0x00000000ecc00000, 0x0000000100000000)
  eden space 25600K, 0% used [0x00000000eab00000,0x00000000eab00000,0x00000000ec400000)
  from space 4096K, 76% used [0x00000000ec400000,0x00000000ec7137b8,0x00000000ec800000)
  to   space 4096K, 0% used [0x00000000ec800000,0x00000000ec800000,0x00000000ecc00000)
 ParOldGen       total 68608K, used 0K [0x00000000c0000000, 0x00000000c4300000, 0x00000000eab00000)
  object space 68608K, 0% used [0x00000000c0000000,0x00000000c0000000,0x00000000c4300000)
 Metaspace       used 10972K, committed 11200K, reserved 1114112K
  class space    used 1090K, committed 1216K, reserved 1048576K
}
Event: 11.132 GC heap before
{Heap before GC invocations=2 (full 0):
 PSYoungGen      total 29696K, used 28749K [0x00000000eab00000, 0x00000000ecc00000, 0x0000000100000000)
  eden space 25600K, 100% used [0x00000000eab00000,0x00000000ec400000,0x00000000ec400000)
  from space 4096K, 76% used [0x00000000ec400000,0x00000000ec7137b8,0x00000000ec800000)
  to   space 4096K, 0% used [0x00000000ec800000,0x00000000ec800000,0x00000000ecc00000)
 ParOldGen       total 68608K, used 0K [0x00000000c0000000, 0x00000000c4300000, 0x00000000eab00000)
  object space 68608K, 0% used [0x00000000c0000000,0x00000000c0000000,0x00000000c4300000)
 Metaspace       used 14579K, committed 14848K, reserved 1114112K
  class space    used 1457K, committed 1600K, reserved 1048576K
}
Event: 11.145 GC heap after
{Heap after GC invocations=2 (full 0):
 PSYoungGen      total 29696K, used 4067K [0x00000000eab00000, 0x00000000ecc00000, 0x0000000100000000)
  eden space 25600K, 0% used [0x00000000eab00000,0x00000000eab00000,0x00000000ec400000)
  from space 4096K, 99% used [0x00000000ec800000,0x00000000ecbf8ff0,0x00000000ecc00000)
  to   space 4096K, 0% used [0x00000000ec400000,0x00000000ec400000,0x00000000ec800000)
 ParOldGen       total 68608K, used 1602K [0x00000000c0000000, 0x00000000c4300000, 0x00000000eab00000)
  object space 68608K, 2% used [0x00000000c0000000,0x00000000c0190b80,0x00000000c4300000)
 Metaspace       used 14579K, committed 14848K, reserved 1114112K
  class space    used 1457K, committed 1600K, reserved 1048576K
}

Dll operation events (9 events):
Event: 0.025 Loaded shared library c:\Users\user\.vscode\extensions\redhat.java-1.35.0-win32-x64\jre\17.0.12-win32-x86_64\bin\java.dll
Event: 0.900 Loaded shared library c:\Users\user\.vscode\extensions\redhat.java-1.35.0-win32-x64\jre\17.0.12-win32-x86_64\bin\zip.dll
Event: 0.909 Loaded shared library C:\Users\user\.vscode\extensions\redhat.java-1.35.0-win32-x64\jre\17.0.12-win32-x86_64\bin\instrument.dll
Event: 0.984 Loaded shared library C:\Users\user\.vscode\extensions\redhat.java-1.35.0-win32-x64\jre\17.0.12-win32-x86_64\bin\net.dll
Event: 0.988 Loaded shared library C:\Users\user\.vscode\extensions\redhat.java-1.35.0-win32-x64\jre\17.0.12-win32-x86_64\bin\nio.dll
Event: 1.013 Loaded shared library C:\Users\user\.vscode\extensions\redhat.java-1.35.0-win32-x64\jre\17.0.12-win32-x86_64\bin\zip.dll
Event: 1.072 Loaded shared library C:\Users\user\.vscode\extensions\redhat.java-1.35.0-win32-x64\jre\17.0.12-win32-x86_64\bin\jimage.dll
Event: 1.376 Loaded shared library c:\Users\user\.vscode\extensions\redhat.java-1.35.0-win32-x64\jre\17.0.12-win32-x86_64\bin\verify.dll
Event: 10.739 Loaded shared library C:\Users\user\AppData\Roaming\Code\User\globalStorage\redhat.java\1.35.0\config_win\org.eclipse.equinox.launcher\org.eclipse.equinox.launcher.win32.win32.x86_64_1.2.1100.v20240722-2106\eclipse_11904.dll

Deoptimization events (20 events):
Event: 13.045 Thread 0x00000266225d4140 Uncommon trap: trap_request=0xffffff45 fr.pc=0x00000266133817a4 relative=0x0000000000000404
Event: 13.045 Thread 0x00000266225d4140 Uncommon trap: reason=unstable_if action=reinterpret pc=0x00000266133817a4 method=java.lang.String.substring(II)Ljava/lang/String; @ 31 c2
Event: 13.045 Thread 0x00000266225d4140 DEOPT PACKING pc=0x00000266133817a4 sp=0x000000c8706fdb90
Event: 13.045 Thread 0x00000266225d4140 DEOPT UNPACKING pc=0x0000026612e0669d sp=0x000000c8706fdb60 mode 2
Event: 13.241 Thread 0x00000266225d4140 Uncommon trap: trap_request=0xffffff45 fr.pc=0x0000026613369b10 relative=0x0000000000000110
Event: 13.241 Thread 0x00000266225d4140 Uncommon trap: reason=unstable_if action=reinterpret pc=0x0000026613369b10 method=java.lang.StringCoding.hasNegatives([BII)Z @ 12 c2
Event: 13.241 Thread 0x00000266225d4140 DEOPT PACKING pc=0x0000026613369b10 sp=0x000000c8706fd050
Event: 13.241 Thread 0x00000266225d4140 DEOPT UNPACKING pc=0x0000026612e0669d sp=0x000000c8706fcfe0 mode 2
Event: 13.295 Thread 0x00000266225d4140 DEOPT PACKING pc=0x000002660bc0abd6 sp=0x000000c8706fd050
Event: 13.295 Thread 0x00000266225d4140 DEOPT UNPACKING pc=0x0000026612e06e24 sp=0x000000c8706fc4d8 mode 0
Event: 13.337 Thread 0x00000266225d4140 DEOPT PACKING pc=0x000002660bc0abd6 sp=0x000000c8706fd050
Event: 13.337 Thread 0x00000266225d4140 DEOPT UNPACKING pc=0x0000026612e06e24 sp=0x000000c8706fc4d8 mode 0
Event: 13.684 Thread 0x00000266225d4140 Uncommon trap: trap_request=0xffffff45 fr.pc=0x00000266133ac584 relative=0x0000000000000164
Event: 13.684 Thread 0x00000266225d4140 Uncommon trap: reason=unstable_if action=reinterpret pc=0x00000266133ac584 method=java.lang.String.startsWith(Ljava/lang/String;I)Z @ 50 c2
Event: 13.684 Thread 0x00000266225d4140 DEOPT PACKING pc=0x00000266133ac584 sp=0x000000c8706fdfa0
Event: 13.684 Thread 0x00000266225d4140 DEOPT UNPACKING pc=0x0000026612e0669d sp=0x000000c8706fdea8 mode 2
Event: 13.793 Thread 0x00000266225d4140 Uncommon trap: trap_request=0xffffff45 fr.pc=0x000002661342890c relative=0x000000000000054c
Event: 13.793 Thread 0x00000266225d4140 Uncommon trap: reason=unstable_if action=reinterpret pc=0x000002661342890c method=java.util.jar.Manifest$FastInputStream.readLine([BII)I @ 130 c2
Event: 13.793 Thread 0x00000266225d4140 DEOPT PACKING pc=0x000002661342890c sp=0x000000c8706fd200
Event: 13.793 Thread 0x00000266225d4140 DEOPT UNPACKING pc=0x0000026612e0669d sp=0x000000c8706fd190 mode 2

Classes loaded (20 events):
Event: 11.800 Loading class sun/util/resources/Bundles$CacheKey
Event: 11.800 Loading class sun/util/resources/Bundles$CacheKey done
Event: 11.801 Loading class java/util/ResourceBundle$NoFallbackControl
Event: 11.801 Loading class java/util/ResourceBundle$SingleFormatControl
Event: 11.801 Loading class java/util/ResourceBundle$SingleFormatControl done
Event: 11.801 Loading class java/util/ResourceBundle$NoFallbackControl done
Event: 11.817 Loading class sun/text/resources/cldr/FormatData
Event: 11.818 Loading class sun/text/resources/cldr/FormatData done
Event: 11.818 Loading class sun/util/resources/Bundles$BundleReference
Event: 11.819 Loading class sun/util/resources/Bundles$CacheKeyReference
Event: 11.819 Loading class sun/util/resources/Bundles$CacheKeyReference done
Event: 11.819 Loading class sun/util/resources/Bundles$BundleReference done
Event: 11.819 Loading class sun/text/resources/cldr/FormatData_en
Event: 11.820 Loading class sun/text/resources/cldr/FormatData_en done
Event: 11.820 Loading class sun/text/resources/cldr/FormatData_en_US
Event: 11.820 Loading class sun/text/resources/cldr/FormatData_en_US done
Event: 11.823 Loading class java/time/LocalTime$1
Event: 11.823 Loading class java/time/LocalTime$1 done
Event: 11.823 Loading class java/util/Formattable
Event: 11.823 Loading class java/util/Formattable done

Classes unloaded (0 events):
No events

Classes redefined (0 events):
No events

Internal exceptions (20 events):
Event: 3.738 Thread 0x0000026608be00a0 Exception <a 'java/lang/ClassNotFoundException'{0x00000000ec0e5b58}: sun/net/www/protocol/c/Handler> (0x00000000ec0e5b58) 
thrown [s\src\hotspot\share\classfile\systemDictionary.cpp, line 256]
Event: 3.769 Thread 0x0000026608be00a0 Exception <a 'java/io/FileNotFoundException'{0x00000000ec10eaa8}> (0x00000000ec10eaa8) 
thrown [s\src\hotspot\share\prims\jni.cpp, line 516]
Event: 3.924 Thread 0x0000026608be00a0 Implicit null exception at 0x000002661339365b to 0x000002661339401c
Event: 3.924 Thread 0x0000026608be00a0 Implicit null exception at 0x00000266133a1d8c to 0x00000266133a1fd4
Event: 3.925 Thread 0x0000026608be00a0 Implicit null exception at 0x000002661339f88e to 0x000002661339fad8
Event: 3.925 Thread 0x0000026608be00a0 Implicit null exception at 0x0000026613392f8f to 0x0000026613393005
Event: 4.205 Thread 0x0000026608be00a0 Exception <a 'java/lang/NoSuchMethodError'{0x00000000ec3ee978}: 'int java.lang.invoke.DirectMethodHandle$Holder.invokeStaticInit(java.lang.Object, java.lang.Object, java.lang.Object, java.lang.Object)'> (0x00000000ec3ee978) 
thrown [s\src\hotspot\share\interpreter\linkResolver.cpp, line 759]
Event: 4.211 Thread 0x0000026608be00a0 Exception <a 'java/lang/NoSuchMethodError'{0x00000000ec3f8fd8}: 'java.lang.Object java.lang.invoke.DirectMethodHandle$Holder.invokeInterface(java.lang.Object, java.lang.Object)'> (0x00000000ec3f8fd8) 
thrown [s\src\hotspot\share\interpreter\linkResolver.cpp, line 759]
Event: 4.212 Thread 0x0000026608be00a0 Exception <a 'java/lang/IncompatibleClassChangeError'{0x00000000ec3fc7d0}: Found class java.lang.Object, but interface was expected> (0x00000000ec3fc7d0) 
thrown [s\src\hotspot\share\interpreter\linkResolver.cpp, line 826]
Event: 4.241 Thread 0x0000026608be00a0 Exception <a 'java/lang/NoSuchMethodError'{0x00000000eab00ef0}: 'void java.lang.invoke.DirectMethodHandle$Holder.invokeStatic(java.lang.Object, java.lang.Object)'> (0x00000000eab00ef0) 
thrown [s\src\hotspot\share\interpreter\linkResolver.cpp, line 759]
Event: 4.243 Thread 0x0000026608be00a0 Exception <a 'java/lang/NoSuchMethodError'{0x00000000eab046f0}: 'void java.lang.invoke.DirectMethodHandle$Holder.invokeStaticInit(java.lang.Object, java.lang.Object)'> (0x00000000eab046f0) 
thrown [s\src\hotspot\share\interpreter\linkResolver.cpp, line 759]
Event: 4.246 Thread 0x0000026608be00a0 Exception <a 'java/lang/NoSuchMethodError'{0x00000000eab0bbd0}: 'int java.lang.invoke.DirectMethodHandle$Holder.invokeStaticInit(java.lang.Object, java.lang.Object)'> (0x00000000eab0bbd0) 
thrown [s\src\hotspot\share\interpreter\linkResolver.cpp, line 759]
Event: 5.264 Thread 0x0000026608be00a0 Exception <a 'java/lang/NoSuchMethodError'{0x00000000eac5b450}: 'void java.lang.invoke.DirectMethodHandle$Holder.invokeSpecial(java.lang.Object, java.lang.Object, java.lang.Object)'> (0x00000000eac5b450) 
thrown [s\src\hotspot\share\interpreter\linkResolver.cpp, line 759]
Event: 8.247 Thread 0x0000026608be00a0 Exception <a 'java/lang/NoSuchMethodError'{0x00000000eba5f060}: 'java.lang.Object java.lang.invoke.DirectMethodHandle$Holder.newInvokeSpecial(java.lang.Object, int, java.lang.Object)'> (0x00000000eba5f060) 
thrown [s\src\hotspot\share\interpreter\linkResolver.cpp, line 759]
Event: 10.733 Thread 0x0000026608be00a0 Exception <a 'java/lang/UnsatisfiedLinkError'{0x00000000ec067bb8}: 'void org.eclipse.equinox.launcher.JNIBridge._update_splash()'> (0x00000000ec067bb8) 
thrown [s\src\hotspot\share\prims\nativeLookup.cpp, line 543]
Event: 11.105 Thread 0x00000266225d4140 Exception <a 'java/lang/NoSuchMethodError'{0x00000000ec3ce990}: 'java.lang.Object java.lang.invoke.DirectMethodHandle$Holder.invokeStaticInit(java.lang.Object)'> (0x00000000ec3ce990) 
thrown [s\src\hotspot\share\interpreter\linkResolver.cpp, line 759]
Event: 11.201 Thread 0x00000266225d4140 Exception <a 'java/lang/NoSuchMethodError'{0x00000000eac10530}: 'java.lang.Object java.lang.invoke.DirectMethodHandle$Holder.newInvokeSpecial(java.lang.Object, java.lang.Object, int, java.lang.Object)'> (0x00000000eac10530) 
thrown [s\src\hotspot\share\interpreter\linkResolver.cpp, line 759]
Event: 11.205 Thread 0x00000266225d4140 Exception <a 'java/lang/NoSuchMethodError'{0x00000000eac14818}: 'java.lang.Object java.lang.invoke.DirectMethodHandle$Holder.invokeSpecial(java.lang.Object, java.lang.Object, java.lang.Object, int, java.lang.Object)'> (0x00000000eac14818) 
thrown [s\src\hotspot\share\interpreter\linkResolver.cpp, line 759]
Event: 11.490 Thread 0x00000266225d4140 Exception <a 'java/lang/NoSuchMethodError'{0x00000000eaddfd38}: 'java.lang.Object java.lang.invoke.DirectMethodHandle$Holder.invokeStatic(java.lang.Object, int, java.lang.Object)'> (0x00000000eaddfd38) 
thrown [s\src\hotspot\share\interpreter\linkResolver.cpp, line 759]
Event: 11.674 Thread 0x00000266225d4140 Exception <a 'java/lang/ClassNotFoundException'{0x00000000eaeab288}: sun/util/logging/resources/spi/loggingProvider> (0x00000000eaeab288) 
thrown [s\src\hotspot\share\classfile\systemDictionary.cpp, line 256]

VM Operations (20 events):
Event: 8.008 Executing VM operation: HandshakeAllThreads
Event: 8.008 Executing VM operation: HandshakeAllThreads done
Event: 9.015 Executing VM operation: Cleanup
Event: 9.032 Executing VM operation: Cleanup done
Event: 10.038 Executing VM operation: Cleanup
Event: 10.038 Executing VM operation: Cleanup done
Event: 11.022 Executing VM operation: HandshakeAllThreads
Event: 11.022 Executing VM operation: HandshakeAllThreads done
Event: 11.132 Executing VM operation: ParallelGCFailedAllocation
Event: 11.147 Executing VM operation: ParallelGCFailedAllocation done
Event: 11.466 Executing VM operation: HandshakeAllThreads
Event: 11.466 Executing VM operation: HandshakeAllThreads done
Event: 11.786 Executing VM operation: HandshakeAllThreads
Event: 11.786 Executing VM operation: HandshakeAllThreads done
Event: 11.874 Executing VM operation: HandshakeAllThreads
Event: 11.874 Executing VM operation: HandshakeAllThreads done
Event: 12.886 Executing VM operation: Cleanup
Event: 12.902 Executing VM operation: Cleanup done
Event: 13.911 Executing VM operation: Cleanup
Event: 13.964 Executing VM operation: Cleanup done

Events (20 events):
Event: 0.701 Thread 0x0000026621cbb3b0 Thread added: 0x0000026621cbb3b0
Event: 2.007 Thread 0x0000026621e6cc40 Thread added: 0x0000026621e6cc40
Event: 2.397 Thread 0x0000026621e69f20 Thread added: 0x0000026621e69f20
Event: 2.519 Thread 0x0000026621e69f20 Thread exited: 0x0000026621e69f20
Event: 2.731 Thread 0x0000026621e6b880 Thread added: 0x0000026621e6b880
Event: 3.065 Thread 0x0000026621e6b880 Thread exited: 0x0000026621e6b880
Event: 5.522 Thread 0x0000026622526900 Thread added: 0x0000026622526900
Event: 5.811 Thread 0x0000026622526900 Thread exited: 0x0000026622526900
Event: 6.405 Thread 0x0000026622319570 Thread added: 0x0000026622319570
Event: 7.009 Thread 0x0000026622319570 Thread exited: 0x0000026622319570
Event: 7.438 Thread 0x0000026622368260 Thread added: 0x0000026622368260
Event: 8.947 Thread 0x00000266224914e0 Thread added: 0x00000266224914e0
Event: 9.062 Thread 0x00000266224914e0 Thread exited: 0x00000266224914e0
Event: 10.716 Thread 0x00000266226e75d0 Thread added: 0x00000266226e75d0
Event: 10.732 Thread 0x00000266225d4140 Thread added: 0x00000266225d4140
Event: 11.895 Thread 0x000002662255f030 Thread added: 0x000002662255f030
Event: 12.263 Thread 0x000002662255f030 Thread exited: 0x000002662255f030
Event: 12.404 Thread 0x000002662255f030 Thread added: 0x000002662255f030
Event: 12.519 Thread 0x000002662255f030 Thread exited: 0x000002662255f030
Event: 13.039 Thread 0x00000266229db010 Thread added: 0x00000266229db010


Dynamic libraries:
0x00007ff6897c0000 - 0x00007ff6897ce000 	c:\Users\user\.vscode\extensions\redhat.java-1.35.0-win32-x64\jre\17.0.12-win32-x86_64\bin\java.exe
0x00007ffd07050000 - 0x00007ffd07248000 	C:\WINDOWS\SYSTEM32\ntdll.dll
0x00007ffd066a0000 - 0x00007ffd06761000 	C:\WINDOWS\System32\KERNEL32.DLL
0x00007ffd049b0000 - 0x00007ffd04cad000 	C:\WINDOWS\System32\KERNELBASE.dll
0x00007ffd04db0000 - 0x00007ffd04eb0000 	C:\WINDOWS\System32\ucrtbase.dll
0x00007ffcff610000 - 0x00007ffcff627000 	c:\Users\user\.vscode\extensions\redhat.java-1.35.0-win32-x64\jre\17.0.12-win32-x86_64\bin\jli.dll
0x00007ffd061b0000 - 0x00007ffd0634d000 	C:\WINDOWS\System32\USER32.dll
0x00007ffd04700000 - 0x00007ffd04722000 	C:\WINDOWS\System32\win32u.dll
0x00007ffd06430000 - 0x00007ffd0645b000 	C:\WINDOWS\System32\GDI32.dll
0x00007ffd04890000 - 0x00007ffd049a7000 	C:\WINDOWS\System32\gdi32full.dll
0x00007ffd04f40000 - 0x00007ffd04fdd000 	C:\WINDOWS\System32\msvcp_win.dll
0x00007ffcff4c0000 - 0x00007ffcff4db000 	c:\Users\user\.vscode\extensions\redhat.java-1.35.0-win32-x64\jre\17.0.12-win32-x86_64\bin\VCRUNTIME140.dll
0x00007ffcf5640000 - 0x00007ffcf58da000 	C:\WINDOWS\WinSxS\amd64_microsoft.windows.common-controls_6595b64144ccf1df_6.0.19041.4355_none_60b8b9eb71f62e16\COMCTL32.dll
0x00007ffd06b00000 - 0x00007ffd06b9e000 	C:\WINDOWS\System32\msvcrt.dll
0x00007ffd06770000 - 0x00007ffd0679f000 	C:\WINDOWS\System32\IMM32.DLL
0x00007ffcff050000 - 0x00007ffcff05c000 	c:\Users\user\.vscode\extensions\redhat.java-1.35.0-win32-x64\jre\17.0.12-win32-x86_64\bin\vcruntime140_1.dll
0x00007ffcef410000 - 0x00007ffcef49d000 	c:\Users\user\.vscode\extensions\redhat.java-1.35.0-win32-x64\jre\17.0.12-win32-x86_64\bin\msvcp140.dll
0x00007ffcc4210000 - 0x00007ffcc4e7a000 	c:\Users\user\.vscode\extensions\redhat.java-1.35.0-win32-x64\jre\17.0.12-win32-x86_64\bin\server\jvm.dll
0x00007ffd05a80000 - 0x00007ffd05b30000 	C:\WINDOWS\System32\ADVAPI32.dll
0x00007ffd05f40000 - 0x00007ffd05fe0000 	C:\WINDOWS\System32\sechost.dll
0x00007ffd064e0000 - 0x00007ffd06603000 	C:\WINDOWS\System32\RPCRT4.dll
0x00007ffd05050000 - 0x00007ffd05077000 	C:\WINDOWS\System32\bcrypt.dll
0x00007ffd05a10000 - 0x00007ffd05a7b000 	C:\WINDOWS\System32\WS2_32.dll
0x00007ffd03c00000 - 0x00007ffd03c4b000 	C:\WINDOWS\SYSTEM32\POWRPROF.dll
0x00007ffcf7120000 - 0x00007ffcf7147000 	C:\WINDOWS\SYSTEM32\WINMM.dll
0x00007ffcf4920000 - 0x00007ffcf492a000 	C:\WINDOWS\SYSTEM32\VERSION.dll
0x00007ffd03ac0000 - 0x00007ffd03ad2000 	C:\WINDOWS\SYSTEM32\UMPDC.dll
0x00007ffd02540000 - 0x00007ffd02552000 	C:\WINDOWS\SYSTEM32\kernel.appcore.dll
0x00007ffcfeaa0000 - 0x00007ffcfeaaa000 	c:\Users\user\.vscode\extensions\redhat.java-1.35.0-win32-x64\jre\17.0.12-win32-x86_64\bin\jimage.dll
0x00007ffcec670000 - 0x00007ffcec854000 	C:\WINDOWS\SYSTEM32\DBGHELP.DLL
0x00007ffcec630000 - 0x00007ffcec664000 	C:\WINDOWS\SYSTEM32\dbgcore.DLL
0x00007ffd04eb0000 - 0x00007ffd04f32000 	C:\WINDOWS\System32\bcryptPrimitives.dll
0x00007ffcfea90000 - 0x00007ffcfea9e000 	c:\Users\user\.vscode\extensions\redhat.java-1.35.0-win32-x64\jre\17.0.12-win32-x86_64\bin\instrument.dll
0x00007ffcfea60000 - 0x00007ffcfea85000 	c:\Users\user\.vscode\extensions\redhat.java-1.35.0-win32-x64\jre\17.0.12-win32-x86_64\bin\java.dll
0x00007ffcfea40000 - 0x00007ffcfea58000 	c:\Users\user\.vscode\extensions\redhat.java-1.35.0-win32-x64\jre\17.0.12-win32-x86_64\bin\zip.dll
0x00007ffd050f0000 - 0x00007ffd0585f000 	C:\WINDOWS\System32\SHELL32.dll
0x00007ffd02740000 - 0x00007ffd02ee3000 	C:\WINDOWS\SYSTEM32\windows.storage.dll
0x00007ffd05b30000 - 0x00007ffd05e83000 	C:\WINDOWS\System32\combase.dll
0x00007ffd04050000 - 0x00007ffd0407e000 	C:\WINDOWS\SYSTEM32\Wldp.dll
0x00007ffd060e0000 - 0x00007ffd061ad000 	C:\WINDOWS\System32\OLEAUT32.dll
0x00007ffd05e90000 - 0x00007ffd05f3d000 	C:\WINDOWS\System32\SHCORE.dll
0x00007ffd05090000 - 0x00007ffd050e5000 	C:\WINDOWS\System32\shlwapi.dll
0x00007ffd04630000 - 0x00007ffd04654000 	C:\WINDOWS\SYSTEM32\profapi.dll
0x00007ffcfe8a0000 - 0x00007ffcfe8b9000 	C:\Users\user\.vscode\extensions\redhat.java-1.35.0-win32-x64\jre\17.0.12-win32-x86_64\bin\net.dll
0x00007ffcfb5c0000 - 0x00007ffcfb6cd000 	C:\WINDOWS\SYSTEM32\WINHTTP.dll
0x00007ffd03e30000 - 0x00007ffd03e9a000 	C:\WINDOWS\system32\mswsock.dll
0x00007ffcf9050000 - 0x00007ffcf9066000 	C:\Users\user\.vscode\extensions\redhat.java-1.35.0-win32-x64\jre\17.0.12-win32-x86_64\bin\nio.dll
0x00007ffcfe9c0000 - 0x00007ffcfe9d0000 	c:\Users\user\.vscode\extensions\redhat.java-1.35.0-win32-x64\jre\17.0.12-win32-x86_64\bin\verify.dll
0x00007ffcecf80000 - 0x00007ffcecfc5000 	C:\Users\user\AppData\Roaming\Code\User\globalStorage\redhat.java\1.35.0\config_win\org.eclipse.equinox.launcher\org.eclipse.equinox.launcher.win32.win32.x86_64_1.2.1100.v20240722-2106\eclipse_11904.dll
0x00007ffd067a0000 - 0x00007ffd068cb000 	C:\WINDOWS\System32\ole32.dll

dbghelp: loaded successfully - version: 4.0.5 - missing functions: none
symbol engine: initialized successfully - sym options: 0x614 - pdb path: .;c:\Users\user\.vscode\extensions\redhat.java-1.35.0-win32-x64\jre\17.0.12-win32-x86_64\bin;C:\WINDOWS\SYSTEM32;C:\WINDOWS\WinSxS\amd64_microsoft.windows.common-controls_6595b64144ccf1df_6.0.19041.4355_none_60b8b9eb71f62e16;c:\Users\user\.vscode\extensions\redhat.java-1.35.0-win32-x64\jre\17.0.12-win32-x86_64\bin\server;C:\Users\user\AppData\Roaming\Code\User\globalStorage\redhat.java\1.35.0\config_win\org.eclipse.equinox.launcher\org.eclipse.equinox.launcher.win32.win32.x86_64_1.2.1100.v20240722-2106

VM Arguments:
jvm_args: --add-modules=ALL-SYSTEM --add-opens=java.base/java.util=ALL-UNNAMED --add-opens=java.base/java.lang=ALL-UNNAMED --add-opens=java.base/sun.nio.fs=ALL-UNNAMED -Declipse.application=org.eclipse.jdt.ls.core.id1 -Dosgi.bundles.defaultStartLevel=4 -Declipse.product=org.eclipse.jdt.ls.core.product -Djava.import.generatesMetadataFilesAtProjectRoot=false -DDetectVMInstallationsJob.disabled=true -Dfile.encoding=utf8 -XX:+UseParallelGC -XX:GCTimeRatio=4 -XX:AdaptiveSizePolicyWeight=90 -Dsun.zip.disableMemoryMapping=true -Xmx1G -Xms100m -Xlog:disable -javaagent:c:\Users\user\.vscode\extensions\redhat.java-1.35.0-win32-x64\lombok\lombok-1.18.33.jar -XX:+HeapDumpOnOutOfMemoryError -XX:HeapDumpPath=c:\Users\user\AppData\Roaming\Code\User\workspaceStorage\079f6f517649c5123b03c41ab70807b5\redhat.java -Daether.dependencyCollector.impl=bf 
java_command: c:\Users\user\.vscode\extensions\redhat.java-1.35.0-win32-x64\server\plugins\org.eclipse.equinox.launcher_1.6.900.v20240613-2009.jar -configuration c:\Users\user\AppData\Roaming\Code\User\globalStorage\redhat.java\1.35.0\config_win -data c:\Users\user\AppData\Roaming\Code\User\workspaceStorage\079f6f517649c5123b03c41ab70807b5\redhat.java\jdt_ws --pipe=\\.\pipe\lsp-bd67016b394d74f73328dd463e0e6ba4-sock
java_class_path (initial): c:\Users\user\.vscode\extensions\redhat.java-1.35.0-win32-x64\server\plugins\org.eclipse.equinox.launcher_1.6.900.v20240613-2009.jar
Launcher Type: SUN_STANDARD

[Global flags]
    uintx AdaptiveSizePolicyWeight                 = 90                                        {product} {command line}
     intx CICompilerCount                          = 3                                         {product} {ergonomic}
    uintx GCTimeRatio                              = 4                                         {product} {command line}
     bool HeapDumpOnOutOfMemoryError               = true                                   {manageable} {command line}
    ccstr HeapDumpPath                             = c:\Users\user\AppData\Roaming\Code\User\workspaceStorage\079f6f517649c5123b03c41ab70807b5\redhat.java         {manageable} {command line}
   size_t InitialHeapSize                          = 104857600                                 {product} {command line}
   size_t MaxHeapSize                              = 1073741824                                {product} {command line}
   size_t MaxNewSize                               = 357564416                                 {product} {ergonomic}
   size_t MinHeapDeltaBytes                        = 524288                                    {product} {ergonomic}
   size_t MinHeapSize                              = 104857600                                 {product} {command line}
   size_t NewSize                                  = 34603008                                  {product} {ergonomic}
    uintx NonNMethodCodeHeapSize                   = 5832780                                {pd product} {ergonomic}
    uintx NonProfiledCodeHeapSize                  = 122912730                              {pd product} {ergonomic}
   size_t OldSize                                  = 70254592                                  {product} {ergonomic}
    uintx ProfiledCodeHeapSize                     = 122912730                              {pd product} {ergonomic}
    uintx ReservedCodeCacheSize                    = 251658240                              {pd product} {ergonomic}
     bool SegmentedCodeCache                       = true                                      {product} {ergonomic}
   size_t SoftMaxHeapSize                          = 1073741824                             {manageable} {ergonomic}
     bool UseCompressedClassPointers               = true                           {product lp64_product} {ergonomic}
     bool UseCompressedOops                        = true                           {product lp64_product} {ergonomic}
     bool UseLargePagesIndividualAllocation        = false                                  {pd product} {ergonomic}
     bool UseParallelGC                            = true                                      {product} {command line}

Logging:
Log output configuration:
 #0: stdout all=off uptime,level,tags
 #1: stderr all=off uptime,level,tags

Environment Variables:
JAVA_HOME=C:\Program Files\Java\jdk-21
PATH=C:\Program Files\Common Files\Oracle\Java\javapath;C:\WINDOWS\system32;C:\WINDOWS;C:\WINDOWS\System32\Wbem;C:\WINDOWS\System32\WindowsPowerShell\v1.0\;C:\WINDOWS\System32\OpenSSH\;C:\ProgramData\chocolatey\bin;C:\Program Files\Git\cmd;C:\Program Files\OpenSSL-Win64\bin;C:\Program Files\Docker\Docker\resources\bin;C:\Users\user\AppData\Roaming\nvm;C:\Program Files\nodejs;C:\Program Files\nodejs;C:\Program Files\nodejs;C:\Program Files\apache-maven-3.9.6\bin;C:\Program Files\Common Files\Oracle\Java\javapath;C:\WINDOWS\system32;C:\WINDOWS;C:\WINDOWS\System32\Wbem;C:\WINDOWS\System32\WindowsPowerShell\v1.0\;C:\WINDOWS\System32\OpenSSH\;C:\ProgramData\chocolatey\bin;C:\Program Files\Git\cmd;C:\Program Files\OpenSSL-Win64\bin;C:\Program Files\Docker\Docker\resources\bin;C:\Users\user\AppData\Roaming\nvm;C:\Program Files\nodejs;C:\Program Files\nodejs;C:\Program Files\nodejs;;C:\Users\user\AppData\Local\Programs\Microsoft VS Code\bin;C:\Users\user\AppData\Roaming\nvm;C:\Program Files\nodejs
USERNAME=user
OS=Windows_NT
PROCESSOR_IDENTIFIER=Intel64 Family 6 Model 37 Stepping 5, GenuineIntel
TMP=C:\Users\user\AppData\Local\Temp
TEMP=C:\Users\user\AppData\Local\Temp



Periodic native trim disabled


---------------  S Y S T E M  ---------------

OS:
 Windows 10 , 64 bit Build 19041 (10.0.19041.4842)
OS uptime: 0 days 1:45 hours
Hyper-V role detected

CPU: total 4 (initial active 4) (2 cores per cpu, 2 threads per core) family 6 model 37 stepping 5 microcode 0x7, cx8, cmov, fxsr, ht, mmx, sse, sse2, sse3, ssse3, sse4.1, sse4.2, popcnt, tsc, tscinvbit, clflush, hv
Processor Information for all 4 processors :
  Max Mhz: 2399, Current Mhz: 2399, Mhz Limit: 2399

Memory: 4k page, system-wide physical 5941M (433M free)
TotalPageFile size 8941M (AvailPageFile size 8M)
current process WorkingSet (physical memory assigned to process): 94M, peak: 94M
current process commit charge ("private bytes"): 198M, peak: 198M

vm_info: OpenJDK 64-Bit Server VM (17.0.12+7) for windows-amd64 JRE (17.0.12+7), built on Jul 16 2024 22:08:24 by "admin" with MS VC++ 16.10 / 16.11 (VS2019)

END.
