#
# There is insufficient memory for the Java Runtime Environment to continue.
# Native memory allocation (malloc) failed to allocate 2097152 bytes. Error detail: AllocateHeap
# Possible reasons:
#   The system is out of physical RAM or swap space
#   This process is running with CompressedOops enabled, and the Java Heap may be blocking the growth of the native heap
# Possible solutions:
#   Reduce memory load on the system
#   Increase physical memory or swap space
#   Check if swap backing store is full
#   Decrease Java heap size (-Xmx/-Xms)
#   Decrease number of Java threads
#   Decrease Java thread stack sizes (-Xss)
#   Set larger code cache with -XX:ReservedCodeCacheSize=
#   JVM is running with Unscaled Compressed Oops mode in which the Java heap is
#     placed in the first 4GB address space. The Java Heap base address is the
#     maximum limit for the native heap growth. Please use -XX:HeapBaseMinAddress
#     to set the Java Heap base and to place the Java Heap above 4GB virtual address.
# This output file may be truncated or incomplete.
#
#  Out of Memory Error (allocation.cpp:44), pid=11516, tid=2192
#
# JRE version: OpenJDK Runtime Environment Temurin-17.0.12+7 (17.0.12+7) (build 17.0.12+7)
# Java VM: OpenJDK 64-Bit Server VM Temurin-17.0.12+7 (17.0.12+7, mixed mode, emulated-client, tiered, compressed oops, compressed class ptrs, g1 gc, windows-amd64)
# No core dump will be written. Minidumps are not enabled by default on client versions of Windows
#

---------------  S U M M A R Y ------------

Command Line: -Xmx1024m -Dsts.lsp.client=vscode -Dsts.log.file=/dev/null -XX:TieredStopAtLevel=1 -Xlog:jni+resolve=off c:\Users\user\.vscode\extensions\vmware.vscode-spring-boot-1.57.0\language-server\spring-boot-language-server-1.57.0-SNAPSHOT-exec.jar

Host: Intel(R) Core(TM) i3 CPU       M 370  @ 2.40GHz, 4 cores, 5G,  Windows 10 , 64 bit Build 19041 (10.0.19041.4842)
Time: Fri Sep 27 20:45:05 2024 Paris, Madrid (heure duild 19041 (10.0.19041.4842) elapsed time: 4020.444311 seconds (0d 1h 7m 0s)

---------------  T H R E A D  ---------------

Current thread (0x000002a1f5864890):  VMThread "VM Thread" [stack: 0x000000b40a800000,0x000000b40a900000] [id=2192]

Stack: [0x000000b40a800000,0x000000b40a900000]
Native frames: (J=compiled Java code, j=interpreted, Vv=VM code, C=native code)
V  [jvm.dll+0x67f929]
V  [jvm.dll+0x8371ba]
V  [jvm.dll+0x838c7e]
V  [jvm.dll+0x8392e3]
V  [jvm.dll+0x24834f]
V  [jvm.dll+0xa70d3]
V  [jvm.dll+0x2f9101]
V  [jvm.dll+0x2f4d00]
V  [jvm.dll+0x2dd82f]
V  [jvm.dll+0x3201f7]
V  [jvm.dll+0x83d7dd]
V  [jvm.dll+0x83e522]
V  [jvm.dll+0x83ea4f]
V  [jvm.dll+0x83ee34]
V  [jvm.dll+0x83ef00]
V  [jvm.dll+0x7e65dc]
V  [jvm.dll+0x67e7f7]
C  [ucrtbase.dll+0x21bb2]
C  [KERNEL32.DLL+0x17374]
C  [ntdll.dll+0x4cc91]

VM_Operation (0x000000b40bdfef60): G1CollectFull, mode: safepoint, requested by thread 0x000002a1fb392820


---------------  P R O C E S S  ---------------

Threads class SMR info:
_java_thread_list=0x000002a1fb4b10d0, length=23, elements={
0x000002a1f587b730, 0x000002a1f587c5b0, 0x000002a1f58bc130, 0x000002a1f58bccf0,
0x000002a1f58bf6c0, 0x000002a1f58c0080, 0x000002a1f58c0af0, 0x000002a1f58c2410,
0x000002a1f5b3a690, 0x000002a1f5b3efd0, 0x000002a1fb3f1880, 0x000002a1fb392820,
0x000002a1fb509ac0, 0x000002a1fb50a9f0, 0x000002a1fb50af00, 0x000002a1fb50c850,
0x000002a1fb50b410, 0x000002a1fb50b920, 0x000002a1fb50a4e0, 0x000002a1fb50c340,
0x000002a1fb5cfad0, 0x000002a1fb5ce690, 0x000002a1fb5cffe0
}

Java Threads: ( => current thread )
  0x000002a1f587b730 JavaThread "Reference Handler" daemon [_thread_blocked, id=7972, stack(0x000000b40a900000,0x000000b40aa00000)]
  0x000002a1f587c5b0 JavaThread "Finalizer" daemon [_thread_blocked, id=10644, stack(0x000000b40aa00000,0x000000b40ab00000)]
  0x000002a1f58bc130 JavaThread "Signal Dispatcher" daemon [_thread_blocked, id=4120, stack(0x000000b40ab00000,0x000000b40ac00000)]
  0x000002a1f58bccf0 JavaThread "Attach Listener" daemon [_thread_blocked, id=688, stack(0x000000b40ac00000,0x000000b40ad00000)]
  0x000002a1f58bf6c0 JavaThread "Service Thread" daemon [_thread_blocked, id=4780, stack(0x000000b40ad00000,0x000000b40ae00000)]
  0x000002a1f58c0080 JavaThread "Monitor Deflation Thread" daemon [_thread_blocked, id=5160, stack(0x000000b40ae00000,0x000000b40af00000)]
  0x000002a1f58c0af0 JavaThread "C1 CompilerThread0" daemon [_thread_blocked, id=7504, stack(0x000000b40af00000,0x000000b40b000000)]
  0x000002a1f58c2410 JavaThread "Sweeper thread" daemon [_thread_blocked, id=8656, stack(0x000000b40b000000,0x000000b40b100000)]
  0x000002a1f5b3a690 JavaThread "Notification Thread" daemon [_thread_blocked, id=3776, stack(0x000000b40b100000,0x000000b40b200000)]
  0x000002a1f5b3efd0 JavaThread "Common-Cleaner" daemon [_thread_blocked, id=316, stack(0x000000b40b300000,0x000000b40b400000)]
  0x000002a1fb3f1880 JavaThread "boundedElastic-evictor-1" daemon [_thread_blocked, id=1800, stack(0x000000b40bc00000,0x000000b40bd00000)]
  0x000002a1fb392820 JavaThread "pool-13-thread-1" [_thread_blocked, id=6100, stack(0x000000b40bd00000,0x000000b40be00000)]
  0x000002a1fb509ac0 JavaThread "LanguageServerApp-lifecycle" [_thread_blocked, id=10684, stack(0x000000b40be00000,0x000000b40bf00000)]
  0x000002a1fb50a9f0 JavaThread "DestroyJavaVM" [_thread_blocked, id=2468, stack(0x000000b40a200000,0x000000b40a300000)]
  0x000002a1fb50af00 JavaThread "pool-14-thread-1" [_thread_in_native, id=4752, stack(0x000000b40bf00000,0x000000b40c000000)]
  0x000002a1fb50c850 JavaThread "Simple-Language-Server main thread" daemon [_thread_blocked, id=8500, stack(0x000000b40c000000,0x000000b40c100000)]
  0x000002a1fb50b410 JavaThread "pool-8-thread-1" [_thread_blocked, id=12252, stack(0x000000b40c100000,0x000000b40c200000)]
  0x000002a1fb50b920 JavaThread "parallel-1" daemon [_thread_blocked, id=8120, stack(0x000000b40c200000,0x000000b40c300000)]
  0x000002a1fb50a4e0 JavaThread "pool-6-thread-1" [_thread_blocked, id=6628, stack(0x000000b40c400000,0x000000b40c500000)]
  0x000002a1fb50c340 JavaThread "parallel-2" daemon [_thread_blocked, id=2968, stack(0x000000b40c700000,0x000000b40c800000)]
  0x000002a1fb5cfad0 JavaThread "Reconciler-1" daemon [_thread_blocked, id=9040, stack(0x000000b40c900000,0x000000b40ca00000)]
  0x000002a1fb5ce690 JavaThread "parallel-3" daemon [_thread_blocked, id=9208, stack(0x000000b40b900000,0x000000b40ba00000)]
  0x000002a1fb5cffe0 JavaThread "parallel-4" daemon [_thread_blocked, id=8936, stack(0x000000b40a100000,0x000000b40a200000)]

Other Threads:
=>0x000002a1f5864890 VMThread "VM Thread" [stack: 0x000000b40a800000,0x000000b40a900000] [id=2192]
  0x000002a1f5b3ab70 WatcherThread [stack: 0x000000b40b200000,0x000000b40b300000] [id=12092]
  0x000002a1eb356970 GCTaskThread "GC Thread#0" [stack: 0x000000b40a300000,0x000000b40a400000] [id=4432]
  0x000002a1f5dac860 GCTaskThread "GC Thread#1" [stack: 0x000000b40b400000,0x000000b40b500000] [id=1480]
  0x000002a1f5d07050 GCTaskThread "GC Thread#2" [stack: 0x000000b40b500000,0x000000b40b600000] [id=11056]
  0x000002a1f5d27b30 GCTaskThread "GC Thread#3" [stack: 0x000000b40b700000,0x000000b40b800000] [id=11580]
  0x000002a1eb35f8c0 ConcurrentGCThread "G1 Main Marker" [stack: 0x000000b40a400000,0x000000b40a500000] [id=1596]
  0x000002a1eb3602e0 ConcurrentGCThread "G1 Conc#0" [stack: 0x000000b40a500000,0x000000b40a600000] [id=1000]
  0x000002a1eb3bf490 ConcurrentGCThread "G1 Refine#0" [stack: 0x000000b40a600000,0x000000b40a700000] [id=4688]
  0x000002a1eb3bfec0 ConcurrentGCThread "G1 Service" [stack: 0x000000b40a700000,0x000000b40a800000] [id=3628]

Threads with active compile tasks:

VM state: at safepoint (normal execution)

VM Mutex/Monitor currently owned by a thread:  ([mutex/lock_event])
[0x000002a1eb316e40] Threads_lock - owner thread: 0x000002a1f5864890
[0x000002a1eb3176b0] Heap_lock - owner thread: 0x000002a1fb392820

Heap address: 0x00000000c0000000, size: 1024 MB, Compressed Oops mode: 32-bit

CDS archive(s) not mapped
Compressed class space mapped at: 0x0000000100000000-0x0000000140000000, reserved size: 1073741824
Narrow klass base: 0x0000000000000000, Narrow klass shift: 3, Narrow klass range: 0x140000000

GC Precious Log:
 CPUs: 4 total, 4 available
 Memory: 5941M
 Large Page Support: Disabled
 NUMA Support: Disabled
 Compressed Oops: Enabled (32-bit)
 Heap Region Size: 1M
 Heap Min Capacity: 8M
 Heap Initial Capacity: 94M
 Heap Max Capacity: 1G
 Pre-touch: Disabled
 Parallel Workers: 4
 Concurrent Workers: 1
 Concurrent Refinement Workers: 4
 Periodic GC: Disabled

Heap:
 garbage-first heap   total 89088K, used 25720K [0x00000000c0000000, 0x0000000100000000)
  region size 1024K, 1 young (1024K), 0 survivors (0K)
 Metaspace       used 42275K, committed 42624K, reserved 1114112K
  class space    used 5463K, committed 5632K, reserved 1048576K

Heap Regions: E=young(eden), S=young(survivor), O=old, HS=humongous(starts), HC=humongous(continues), CS=collection set, F=free, OA=open archive, CA=closed archive, TAMS=top-at-mark-start (previous, next)
|   0|0x00000000c0000000, 0x00000000c0100000, 0x00000000c0100000|100%|HS|  |TAMS 0x00000000c0100000, 0x00000000c0000000| Untracked 
|   1|0x00000000c0100000, 0x00000000c0200000, 0x00000000c0200000|100%|HC|  |TAMS 0x00000000c0200000, 0x00000000c0100000| Untracked 
|   2|0x00000000c0200000, 0x00000000c0300000, 0x00000000c0300000|100%|HC|  |TAMS 0x00000000c0300000, 0x00000000c0200000| Untracked 
|   3|0x00000000c0300000, 0x00000000c0400000, 0x00000000c0400000|100%|HC|  |TAMS 0x00000000c0400000, 0x00000000c0300000| Untracked 
|   4|0x00000000c0400000, 0x00000000c0500000, 0x00000000c0500000|100%|HS|  |TAMS 0x00000000c0500000, 0x00000000c0400000| Untracked 
|   5|0x00000000c0500000, 0x00000000c0600000, 0x00000000c0600000|100%|HC|  |TAMS 0x00000000c0600000, 0x00000000c0500000| Untracked 
|   6|0x00000000c0600000, 0x00000000c06fd3e0, 0x00000000c0700000| 98%| O|  |TAMS 0x00000000c06fd3e0, 0x00000000c0600000| Untracked 
|   7|0x00000000c0700000, 0x00000000c0800000, 0x00000000c0800000|100%| O|  |TAMS 0x00000000c0800000, 0x00000000c0700000| Untracked 
|   8|0x00000000c0800000, 0x00000000c08fffc0, 0x00000000c0900000| 99%| O|  |TAMS 0x00000000c08fffc0, 0x00000000c0800000| Untracked 
|   9|0x00000000c0900000, 0x00000000c0a00000, 0x00000000c0a00000|100%| O|  |TAMS 0x00000000c0a00000, 0x00000000c0900000| Untracked 
|  10|0x00000000c0a00000, 0x00000000c0b00000, 0x00000000c0b00000|100%| O|  |TAMS 0x00000000c0b00000, 0x00000000c0a00000| Untracked 
|  11|0x00000000c0b00000, 0x00000000c0c00000, 0x00000000c0c00000|100%| O|  |TAMS 0x00000000c0c00000, 0x00000000c0b00000| Untracked 
|  12|0x00000000c0c00000, 0x00000000c0d00000, 0x00000000c0d00000|100%| O|  |TAMS 0x00000000c0d00000, 0x00000000c0c00000| Untracked 
|  13|0x00000000c0d00000, 0x00000000c0e00000, 0x00000000c0e00000|100%| O|  |TAMS 0x00000000c0e00000, 0x00000000c0d00000| Untracked 
|  14|0x00000000c0e00000, 0x00000000c0f00000, 0x00000000c0f00000|100%| O|  |TAMS 0x00000000c0f00000, 0x00000000c0e00000| Untracked 
|  15|0x00000000c0f00000, 0x00000000c0ffffd8, 0x00000000c1000000| 99%| O|  |TAMS 0x00000000c0ffffd8, 0x00000000c0f00000| Untracked 
|  16|0x00000000c1000000, 0x00000000c10ffff8, 0x00000000c1100000| 99%| O|  |TAMS 0x00000000c10ffff8, 0x00000000c1000000| Untracked 
|  17|0x00000000c1100000, 0x00000000c11fffe8, 0x00000000c1200000| 99%| O|  |TAMS 0x00000000c11fffe8, 0x00000000c1100000| Untracked 
|  18|0x00000000c1200000, 0x00000000c12ffff8, 0x00000000c1300000| 99%| O|  |TAMS 0x00000000c12ffff8, 0x00000000c1200000| Untracked 
|  19|0x00000000c1300000, 0x00000000c1400000, 0x00000000c1400000|100%| O|  |TAMS 0x00000000c1400000, 0x00000000c1300000| Untracked 
|  20|0x00000000c1400000, 0x00000000c14ffff8, 0x00000000c1500000| 99%| O|  |TAMS 0x00000000c14ffff8, 0x00000000c1400000| Untracked 
|  21|0x00000000c1500000, 0x00000000c15ffff8, 0x00000000c1600000| 99%| O|  |TAMS 0x00000000c15ffff8, 0x00000000c1500000| Untracked 
|  22|0x00000000c1600000, 0x00000000c16fb648, 0x00000000c1700000| 98%| O|  |TAMS 0x00000000c16fb648, 0x00000000c1600000| Untracked 
|  23|0x00000000c1700000, 0x00000000c17ffe18, 0x00000000c1800000| 99%| O|  |TAMS 0x00000000c17ffe18, 0x00000000c1700000| Untracked 
|  24|0x00000000c1800000, 0x00000000c18ffff8, 0x00000000c1900000| 99%| O|  |TAMS 0x00000000c18ffff8, 0x00000000c1800000| Untracked 
|  25|0x00000000c1900000, 0x00000000c1921b20, 0x00000000c1a00000| 13%| O|  |TAMS 0x00000000c1900000, 0x00000000c1900000| Untracked 
|  26|0x00000000c1a00000, 0x00000000c1a040a0, 0x00000000c1b00000|  1%| O|  |TAMS 0x00000000c1a00000, 0x00000000c1a00000| Untracked 
|  27|0x00000000c1b00000, 0x00000000c1b00000, 0x00000000c1c00000|  0%| F|  |TAMS 0x00000000c1b00000, 0x00000000c1b00000| Untracked 
|  28|0x00000000c1c00000, 0x00000000c1c00000, 0x00000000c1d00000|  0%| F|  |TAMS 0x00000000c1c00000, 0x00000000c1c00000| Untracked 
|  29|0x00000000c1d00000, 0x00000000c1d00000, 0x00000000c1e00000|  0%| F|  |TAMS 0x00000000c1d00000, 0x00000000c1d00000| Untracked 
|  30|0x00000000c1e00000, 0x00000000c1e00000, 0x00000000c1f00000|  0%| F|  |TAMS 0x00000000c1e00000, 0x00000000c1e00000| Untracked 
|  31|0x00000000c1f00000, 0x00000000c1f00000, 0x00000000c2000000|  0%| F|  |TAMS 0x00000000c1f00000, 0x00000000c1f00000| Untracked 
|  32|0x00000000c2000000, 0x00000000c2000000, 0x00000000c2100000|  0%| F|  |TAMS 0x00000000c2000000, 0x00000000c2000000| Untracked 
|  33|0x00000000c2100000, 0x00000000c2100000, 0x00000000c2200000|  0%| F|  |TAMS 0x00000000c2100000, 0x00000000c2100000| Untracked 
|  34|0x00000000c2200000, 0x00000000c2200000, 0x00000000c2300000|  0%| F|  |TAMS 0x00000000c2200000, 0x00000000c2200000| Untracked 
|  35|0x00000000c2300000, 0x00000000c2300000, 0x00000000c2400000|  0%| F|  |TAMS 0x00000000c2300000, 0x00000000c2300000| Untracked 
|  36|0x00000000c2400000, 0x00000000c2400000, 0x00000000c2500000|  0%| F|  |TAMS 0x00000000c2400000, 0x00000000c2400000| Untracked 
|  37|0x00000000c2500000, 0x00000000c2500000, 0x00000000c2600000|  0%| F|  |TAMS 0x00000000c2500000, 0x00000000c2500000| Untracked 
|  38|0x00000000c2600000, 0x00000000c2600000, 0x00000000c2700000|  0%| F|  |TAMS 0x00000000c2600000, 0x00000000c2600000| Untracked 
|  39|0x00000000c2700000, 0x00000000c2700000, 0x00000000c2800000|  0%| F|  |TAMS 0x00000000c2700000, 0x00000000c2700000| Untracked 
|  40|0x00000000c2800000, 0x00000000c2800000, 0x00000000c2900000|  0%| F|  |TAMS 0x00000000c2800000, 0x00000000c2800000| Untracked 
|  41|0x00000000c2900000, 0x00000000c2900000, 0x00000000c2a00000|  0%| F|  |TAMS 0x00000000c2900000, 0x00000000c2900000| Untracked 
|  42|0x00000000c2a00000, 0x00000000c2a00000, 0x00000000c2b00000|  0%| F|  |TAMS 0x00000000c2a00000, 0x00000000c2a00000| Untracked 
|  43|0x00000000c2b00000, 0x00000000c2b00000, 0x00000000c2c00000|  0%| F|  |TAMS 0x00000000c2b00000, 0x00000000c2b00000| Untracked 
|  44|0x00000000c2c00000, 0x00000000c2c00000, 0x00000000c2d00000|  0%| F|  |TAMS 0x00000000c2c00000, 0x00000000c2c00000| Untracked 
|  45|0x00000000c2d00000, 0x00000000c2d00000, 0x00000000c2e00000|  0%| F|  |TAMS 0x00000000c2d00000, 0x00000000c2d00000| Untracked 
|  46|0x00000000c2e00000, 0x00000000c2e00000, 0x00000000c2f00000|  0%| F|  |TAMS 0x00000000c2e00000, 0x00000000c2e00000| Untracked 
|  47|0x00000000c2f00000, 0x00000000c2f00000, 0x00000000c3000000|  0%| F|  |TAMS 0x00000000c2f00000, 0x00000000c2f00000| Untracked 
|  48|0x00000000c3000000, 0x00000000c3000000, 0x00000000c3100000|  0%| F|  |TAMS 0x00000000c3000000, 0x00000000c3000000| Untracked 
|  49|0x00000000c3100000, 0x00000000c3100000, 0x00000000c3200000|  0%| F|  |TAMS 0x00000000c3100000, 0x00000000c3100000| Untracked 
|  50|0x00000000c3200000, 0x00000000c3200000, 0x00000000c3300000|  0%| F|  |TAMS 0x00000000c3200000, 0x00000000c3200000| Untracked 
|  51|0x00000000c3300000, 0x00000000c3300000, 0x00000000c3400000|  0%| F|  |TAMS 0x00000000c3300000, 0x00000000c3300000| Untracked 
|  52|0x00000000c3400000, 0x00000000c3400000, 0x00000000c3500000|  0%| F|  |TAMS 0x00000000c3400000, 0x00000000c3400000| Untracked 
|  53|0x00000000c3500000, 0x00000000c3500000, 0x00000000c3600000|  0%| F|  |TAMS 0x00000000c3500000, 0x00000000c3500000| Untracked 
|  54|0x00000000c3600000, 0x00000000c3600000, 0x00000000c3700000|  0%| F|  |TAMS 0x00000000c3600000, 0x00000000c3600000| Untracked 
|  55|0x00000000c3700000, 0x00000000c3700000, 0x00000000c3800000|  0%| F|  |TAMS 0x00000000c3700000, 0x00000000c3700000| Untracked 
|  56|0x00000000c3800000, 0x00000000c3800000, 0x00000000c3900000|  0%| F|  |TAMS 0x00000000c3800000, 0x00000000c3800000| Untracked 
|  57|0x00000000c3900000, 0x00000000c3900000, 0x00000000c3a00000|  0%| F|  |TAMS 0x00000000c3900000, 0x00000000c3900000| Untracked 
|  58|0x00000000c3a00000, 0x00000000c3a00000, 0x00000000c3b00000|  0%| F|  |TAMS 0x00000000c3a00000, 0x00000000c3a00000| Untracked 
|  59|0x00000000c3b00000, 0x00000000c3b00000, 0x00000000c3c00000|  0%| F|  |TAMS 0x00000000c3b00000, 0x00000000c3b00000| Untracked 
|  60|0x00000000c3c00000, 0x00000000c3c00000, 0x00000000c3d00000|  0%| F|  |TAMS 0x00000000c3c00000, 0x00000000c3c00000| Untracked 
|  61|0x00000000c3d00000, 0x00000000c3d00000, 0x00000000c3e00000|  0%| F|  |TAMS 0x00000000c3d00000, 0x00000000c3d00000| Untracked 
|  62|0x00000000c3e00000, 0x00000000c3e00000, 0x00000000c3f00000|  0%| F|  |TAMS 0x00000000c3e00000, 0x00000000c3e00000| Untracked 
|  63|0x00000000c3f00000, 0x00000000c3f00000, 0x00000000c4000000|  0%| F|  |TAMS 0x00000000c3f00000, 0x00000000c3f00000| Untracked 
|  64|0x00000000c4000000, 0x00000000c4000000, 0x00000000c4100000|  0%| F|  |TAMS 0x00000000c4000000, 0x00000000c4000000| Untracked 
|  65|0x00000000c4100000, 0x00000000c4100000, 0x00000000c4200000|  0%| F|  |TAMS 0x00000000c4100000, 0x00000000c4100000| Untracked 
|  66|0x00000000c4200000, 0x00000000c4200000, 0x00000000c4300000|  0%| F|  |TAMS 0x00000000c4200000, 0x00000000c4200000| Untracked 
|  67|0x00000000c4300000, 0x00000000c4300000, 0x00000000c4400000|  0%| F|  |TAMS 0x00000000c4300000, 0x00000000c4300000| Untracked 
|  68|0x00000000c4400000, 0x00000000c4400000, 0x00000000c4500000|  0%| F|  |TAMS 0x00000000c4400000, 0x00000000c4400000| Untracked 
|  69|0x00000000c4500000, 0x00000000c4500000, 0x00000000c4600000|  0%| F|  |TAMS 0x00000000c4500000, 0x00000000c4500000| Untracked 
|  70|0x00000000c4600000, 0x00000000c4600000, 0x00000000c4700000|  0%| F|  |TAMS 0x00000000c4600000, 0x00000000c4600000| Untracked 
|  71|0x00000000c4700000, 0x00000000c4700000, 0x00000000c4800000|  0%| F|  |TAMS 0x00000000c4700000, 0x00000000c4700000| Untracked 
|  72|0x00000000c4800000, 0x00000000c4800000, 0x00000000c4900000|  0%| F|  |TAMS 0x00000000c4800000, 0x00000000c4800000| Untracked 
|  73|0x00000000c4900000, 0x00000000c4900000, 0x00000000c4a00000|  0%| F|  |TAMS 0x00000000c4900000, 0x00000000c4900000| Untracked 
|  74|0x00000000c4a00000, 0x00000000c4a00000, 0x00000000c4b00000|  0%| F|  |TAMS 0x00000000c4a00000, 0x00000000c4a00000| Untracked 
|  75|0x00000000c4b00000, 0x00000000c4b00000, 0x00000000c4c00000|  0%| F|  |TAMS 0x00000000c4b00000, 0x00000000c4b00000| Untracked 
|  76|0x00000000c4c00000, 0x00000000c4c00000, 0x00000000c4d00000|  0%| F|  |TAMS 0x00000000c4c00000, 0x00000000c4c00000| Untracked 
|  77|0x00000000c4d00000, 0x00000000c4d00000, 0x00000000c4e00000|  0%| F|  |TAMS 0x00000000c4d00000, 0x00000000c4d00000| Untracked 
|  78|0x00000000c4e00000, 0x00000000c4e00000, 0x00000000c4f00000|  0%| F|  |TAMS 0x00000000c4e00000, 0x00000000c4e00000| Untracked 
|  79|0x00000000c4f00000, 0x00000000c4f00000, 0x00000000c5000000|  0%| F|  |TAMS 0x00000000c4f00000, 0x00000000c4f00000| Untracked 
|  80|0x00000000c5000000, 0x00000000c5000000, 0x00000000c5100000|  0%| F|  |TAMS 0x00000000c5000000, 0x00000000c5000000| Untracked 
|  81|0x00000000c5100000, 0x00000000c5100000, 0x00000000c5200000|  0%| F|  |TAMS 0x00000000c5100000, 0x00000000c5100000| Untracked 
|  82|0x00000000c5200000, 0x00000000c5200000, 0x00000000c5300000|  0%| F|  |TAMS 0x00000000c5200000, 0x00000000c5200000| Untracked 
|  83|0x00000000c5300000, 0x00000000c5300000, 0x00000000c5400000|  0%| F|  |TAMS 0x00000000c5300000, 0x00000000c5300000| Untracked 
|  84|0x00000000c5400000, 0x00000000c5400000, 0x00000000c5500000|  0%| F|  |TAMS 0x00000000c5400000, 0x00000000c5400000| Untracked 
|  85|0x00000000c5500000, 0x00000000c5500000, 0x00000000c5600000|  0%| F|  |TAMS 0x00000000c5500000, 0x00000000c5500000| Untracked 
|  86|0x00000000c5600000, 0x00000000c562e1a8, 0x00000000c5700000| 18%| E|  |TAMS 0x00000000c5600000, 0x00000000c5600000| Complete 

Card table byte_map: [0x000002a1f0fc0000,0x000002a1f11c0000] _byte_map_base: 0x000002a1f09c0000

Marking Bits (Prev, Next): (CMBitMap*) 0x000002a1eb356f90, (CMBitMap*) 0x000002a1eb356fd0
 Prev Bits: [0x000002a1f13c0000, 0x000002a1f23c0000)
 Next Bits: [0x000002a1f23c0000, 0x000002a1f33c0000)

Polling page: 0x000002a1e92c0000

Metaspace:

Usage:
  Non-class:     35.95 MB used.
      Class:      5.34 MB used.
       Both:     41.28 MB used.

Virtual space:
  Non-class space:       64.00 MB reserved,      36.12 MB ( 56%) committed,  1 nodes.
      Class space:        1.00 GB reserved,       5.50 MB ( <1%) committed,  1 nodes.
             Both:        1.06 GB reserved,      41.62 MB (  4%) committed. 

Chunk freelists:
   Non-Class:  11.31 MB
       Class:  10.51 MB
        Both:  21.82 MB

MaxMetaspaceSize: unlimited
CompressedClassSpaceSize: 1.00 GB
Initial GC threshold: 21.00 MB
Current GC threshold: 69.38 MB
CDS: off
MetaspaceReclaimPolicy: balanced
 - commit_granule_bytes: 65536.
 - commit_granule_words: 8192.
 - virtual_space_node_default_size: 8388608.
 - enlarge_chunks_in_place: 1.
 - new_chunks_are_fully_committed: 0.
 - uncommit_free_chunks: 1.
 - use_allocation_guard: 0.
 - handle_deallocations: 1.


Internal statistics:

num_allocs_failed_limit: 6.
num_arena_births: 544.
num_arena_deaths: 164.
num_vsnodes_births: 2.
num_vsnodes_deaths: 0.
num_space_committed: 665.
num_space_uncommitted: 0.
num_chunks_returned_to_freelist: 180.
num_chunks_taken_from_freelist: 1894.
num_chunk_merges: 49.
num_chunk_splits: 1240.
num_chunks_enlarged: 965.
num_inconsistent_stats: 0.

CodeCache: size=49152Kb used=7511Kb max_used=8358Kb free=41640Kb
 bounds [0x000002a1edfc0000, 0x000002a1ee800000, 0x000002a1f0fc0000]
 total_blobs=4676 nmethods=4124 adapters=479
 compilation: enabled
              stopped_count=0, restarted_count=0
 full_count=0

Compilation events (20 events):
Event: 3923.482 Thread 0x000002a1f58c0af0 4115       1       jdk.internal.misc.Unsafe::checkNativeAddress (28 bytes)
Event: 3923.483 Thread 0x000002a1f58c0af0 nmethod 4115 0x000002a1ee264b10 code [0x000002a1ee264ca0, 0x000002a1ee264d58]
Event: 3923.765 Thread 0x000002a1f58c0af0 4116       1       java.util.stream.AbstractPipeline::spliterator (116 bytes)
Event: 3923.767 Thread 0x000002a1f58c0af0 nmethod 4116 0x000002a1ee264310 code [0x000002a1ee264500, 0x000002a1ee2648e8]
Event: 3923.768 Thread 0x000002a1f58c0af0 4118       1       java.time.LocalTime::getLong (50 bytes)
Event: 3923.768 Thread 0x000002a1f58c0af0 nmethod 4118 0x000002a1ee263e10 code [0x000002a1ee263fe0, 0x000002a1ee264238]
Event: 3923.768 Thread 0x000002a1f58c0af0 4119       1       java.time.LocalTime::get0 (255 bytes)
Event: 3923.772 Thread 0x000002a1f58c0af0 nmethod 4119 0x000002a1ee262e10 code [0x000002a1ee2630c0, 0x000002a1ee263a18]
Event: 3923.772 Thread 0x000002a1f58c0af0 4117       1       java.time.LocalDate::<init> (22 bytes)
Event: 3923.772 Thread 0x000002a1f58c0af0 nmethod 4117 0x000002a1ee262b10 code [0x000002a1ee262ca0, 0x000002a1ee262d78]
Event: 3937.228 Thread 0x000002a1f58c0af0 4120       1       org.eclipse.lsp4j.jsonrpc.json.JsonRpcMethod::getParameterTypes (5 bytes)
Event: 3937.229 Thread 0x000002a1f58c0af0 nmethod 4120 0x000002a1ee262810 code [0x000002a1ee2629a0, 0x000002a1ee262a78]
Event: 3937.229 Thread 0x000002a1f58c0af0 4121       1       java.time.format.DecimalStyle::convertNumberToI18N (60 bytes)
Event: 3937.231 Thread 0x000002a1f58c0af0 nmethod 4121 0x000002a1ee262010 code [0x000002a1ee2621e0, 0x000002a1ee2625a8]
Event: 3978.191 Thread 0x000002a1f58c0af0 4122       1       java.util.StringTokenizer::setMaxDelimCodePoint (156 bytes)
Event: 3978.193 Thread 0x000002a1f58c0af0 nmethod 4122 0x000002a1ee261590 code [0x000002a1ee261780, 0x000002a1ee261cd8]
Event: 3978.205 Thread 0x000002a1f58c0af0 4123       1       java.util.concurrent.atomic.AtomicBoolean::get (13 bytes)
Event: 3978.205 Thread 0x000002a1f58c0af0 nmethod 4123 0x000002a1ee261290 code [0x000002a1ee261420, 0x000002a1ee2614f8]
Event: 3978.206 Thread 0x000002a1f58c0af0 4124       1       sun.nio.cs.SingleByte$Encoder::encode (32 bytes)
Event: 3978.207 Thread 0x000002a1f58c0af0 nmethod 4124 0x000002a1ee260e90 code [0x000002a1ee261020, 0x000002a1ee261198]

GC Heap History (20 events):
Event: 3844.457 GC heap after
{Heap after GC invocations=197 (full 187):
 garbage-first heap   total 89088K, used 25706K [0x00000000c0000000, 0x0000000100000000)
  region size 1024K, 0 young (0K), 0 survivors (0K)
 Metaspace       used 42252K, committed 42624K, reserved 1114112K
  class space    used 5460K, committed 5632K, reserved 1048576K
}
Event: 3855.227 GC heap before
{Heap before GC invocations=197 (full 187):
 garbage-first heap   total 89088K, used 25706K [0x00000000c0000000, 0x0000000100000000)
  region size 1024K, 1 young (1024K), 0 survivors (0K)
 Metaspace       used 42252K, committed 42624K, reserved 1114112K
  class space    used 5460K, committed 5632K, reserved 1048576K
}
Event: 3855.319 GC heap after
{Heap after GC invocations=198 (full 188):
 garbage-first heap   total 89088K, used 25706K [0x00000000c0000000, 0x0000000100000000)
  region size 1024K, 0 young (0K), 0 survivors (0K)
 Metaspace       used 42252K, committed 42624K, reserved 1114112K
  class space    used 5460K, committed 5632K, reserved 1048576K
}
Event: 3865.868 GC heap before
{Heap before GC invocations=198 (full 188):
 garbage-first heap   total 89088K, used 25706K [0x00000000c0000000, 0x0000000100000000)
  region size 1024K, 1 young (1024K), 0 survivors (0K)
 Metaspace       used 42252K, committed 42624K, reserved 1114112K
  class space    used 5460K, committed 5632K, reserved 1048576K
}
Event: 3865.961 GC heap after
{Heap after GC invocations=199 (full 189):
 garbage-first heap   total 89088K, used 25706K [0x00000000c0000000, 0x0000000100000000)
  region size 1024K, 0 young (0K), 0 survivors (0K)
 Metaspace       used 42252K, committed 42624K, reserved 1114112K
  class space    used 5460K, committed 5632K, reserved 1048576K
}
Event: 3876.377 GC heap before
{Heap before GC invocations=199 (full 189):
 garbage-first heap   total 89088K, used 25706K [0x00000000c0000000, 0x0000000100000000)
  region size 1024K, 1 young (1024K), 0 survivors (0K)
 Metaspace       used 42252K, committed 42624K, reserved 1114112K
  class space    used 5460K, committed 5632K, reserved 1048576K
}
Event: 3876.461 GC heap after
{Heap after GC invocations=200 (full 190):
 garbage-first heap   total 89088K, used 25706K [0x00000000c0000000, 0x0000000100000000)
  region size 1024K, 0 young (0K), 0 survivors (0K)
 Metaspace       used 42252K, committed 42624K, reserved 1114112K
  class space    used 5460K, committed 5632K, reserved 1048576K
}
Event: 3886.890 GC heap before
{Heap before GC invocations=200 (full 190):
 garbage-first heap   total 89088K, used 25706K [0x00000000c0000000, 0x0000000100000000)
  region size 1024K, 1 young (1024K), 0 survivors (0K)
 Metaspace       used 42252K, committed 42624K, reserved 1114112K
  class space    used 5460K, committed 5632K, reserved 1048576K
}
Event: 3886.995 GC heap after
{Heap after GC invocations=201 (full 191):
 garbage-first heap   total 89088K, used 25706K [0x00000000c0000000, 0x0000000100000000)
  region size 1024K, 0 young (0K), 0 survivors (0K)
 Metaspace       used 42252K, committed 42624K, reserved 1114112K
  class space    used 5460K, committed 5632K, reserved 1048576K
}
Event: 3897.414 GC heap before
{Heap before GC invocations=201 (full 191):
 garbage-first heap   total 89088K, used 25706K [0x00000000c0000000, 0x0000000100000000)
  region size 1024K, 1 young (1024K), 0 survivors (0K)
 Metaspace       used 42252K, committed 42624K, reserved 1114112K
  class space    used 5460K, committed 5632K, reserved 1048576K
}
Event: 3897.477 GC heap after
{Heap after GC invocations=202 (full 192):
 garbage-first heap   total 89088K, used 25706K [0x00000000c0000000, 0x0000000100000000)
  region size 1024K, 0 young (0K), 0 survivors (0K)
 Metaspace       used 42252K, committed 42624K, reserved 1114112K
  class space    used 5460K, committed 5632K, reserved 1048576K
}
Event: 3968.100 GC heap before
{Heap before GC invocations=202 (full 192):
 garbage-first heap   total 89088K, used 25706K [0x00000000c0000000, 0x0000000100000000)
  region size 1024K, 1 young (1024K), 0 survivors (0K)
 Metaspace       used 42252K, committed 42624K, reserved 1114112K
  class space    used 5460K, committed 5632K, reserved 1048576K
}
Event: 3968.181 GC heap after
{Heap after GC invocations=203 (full 193):
 garbage-first heap   total 89088K, used 25706K [0x00000000c0000000, 0x0000000100000000)
  region size 1024K, 0 young (0K), 0 survivors (0K)
 Metaspace       used 42252K, committed 42624K, reserved 1114112K
  class space    used 5460K, committed 5632K, reserved 1048576K
}
Event: 3988.782 GC heap before
{Heap before GC invocations=203 (full 193):
 garbage-first heap   total 89088K, used 25706K [0x00000000c0000000, 0x0000000100000000)
  region size 1024K, 1 young (1024K), 0 survivors (0K)
 Metaspace       used 42275K, committed 42624K, reserved 1114112K
  class space    used 5463K, committed 5632K, reserved 1048576K
}
Event: 3988.882 GC heap after
{Heap after GC invocations=204 (full 194):
 garbage-first heap   total 89088K, used 25720K [0x00000000c0000000, 0x0000000100000000)
  region size 1024K, 0 young (0K), 0 survivors (0K)
 Metaspace       used 42275K, committed 42624K, reserved 1114112K
  class space    used 5463K, committed 5632K, reserved 1048576K
}
Event: 3999.334 GC heap before
{Heap before GC invocations=204 (full 194):
 garbage-first heap   total 89088K, used 25720K [0x00000000c0000000, 0x0000000100000000)
  region size 1024K, 1 young (1024K), 0 survivors (0K)
 Metaspace       used 42275K, committed 42624K, reserved 1114112K
  class space    used 5463K, committed 5632K, reserved 1048576K
}
Event: 3999.424 GC heap after
{Heap after GC invocations=205 (full 195):
 garbage-first heap   total 89088K, used 25720K [0x00000000c0000000, 0x0000000100000000)
  region size 1024K, 0 young (0K), 0 survivors (0K)
 Metaspace       used 42275K, committed 42624K, reserved 1114112K
  class space    used 5463K, committed 5632K, reserved 1048576K
}
Event: 4009.896 GC heap before
{Heap before GC invocations=205 (full 195):
 garbage-first heap   total 89088K, used 25720K [0x00000000c0000000, 0x0000000100000000)
  region size 1024K, 1 young (1024K), 0 survivors (0K)
 Metaspace       used 42275K, committed 42624K, reserved 1114112K
  class space    used 5463K, committed 5632K, reserved 1048576K
}
Event: 4009.960 GC heap after
{Heap after GC invocations=206 (full 196):
 garbage-first heap   total 89088K, used 25720K [0x00000000c0000000, 0x0000000100000000)
  region size 1024K, 0 young (0K), 0 survivors (0K)
 Metaspace       used 42275K, committed 42624K, reserved 1114112K
  class space    used 5463K, committed 5632K, reserved 1048576K
}
Event: 4020.435 GC heap before
{Heap before GC invocations=206 (full 196):
 garbage-first heap   total 89088K, used 25720K [0x00000000c0000000, 0x0000000100000000)
  region size 1024K, 1 young (1024K), 0 survivors (0K)
 Metaspace       used 42275K, committed 42624K, reserved 1114112K
  class space    used 5463K, committed 5632K, reserved 1048576K
}

Dll operation events (8 events):
Event: 0.040 Loaded shared library c:\Users\user\.vscode\extensions\redhat.java-1.35.0-win32-x64\jre\17.0.12-win32-x86_64\bin\java.dll
Event: 1.127 Loaded shared library C:\Users\user\.vscode\extensions\redhat.java-1.35.0-win32-x64\jre\17.0.12-win32-x86_64\bin\net.dll
Event: 1.132 Loaded shared library C:\Users\user\.vscode\extensions\redhat.java-1.35.0-win32-x64\jre\17.0.12-win32-x86_64\bin\nio.dll
Event: 1.160 Loaded shared library C:\Users\user\.vscode\extensions\redhat.java-1.35.0-win32-x64\jre\17.0.12-win32-x86_64\bin\zip.dll
Event: 32.619 Loaded shared library C:\Users\user\.vscode\extensions\redhat.java-1.35.0-win32-x64\jre\17.0.12-win32-x86_64\bin\jimage.dll
Event: 37.314 Loaded shared library c:\Users\user\.vscode\extensions\redhat.java-1.35.0-win32-x64\jre\17.0.12-win32-x86_64\bin\verify.dll
Event: 42.088 Loaded shared library C:\Users\user\.vscode\extensions\redhat.java-1.35.0-win32-x64\jre\17.0.12-win32-x86_64\bin\management.dll
Event: 42.095 Loaded shared library C:\Users\user\.vscode\extensions\redhat.java-1.35.0-win32-x64\jre\17.0.12-win32-x86_64\bin\management_ext.dll

Deoptimization events (4 events):
Event: 163.388 Thread 0x000002a1fb50af00 DEOPT PACKING pc=0x000002a1ee46b081 sp=0x000000b40bffe060
Event: 163.388 Thread 0x000002a1fb50af00 DEOPT UNPACKING pc=0x000002a1ee017124 sp=0x000000b40bffd4f0 mode 3
Event: 163.399 Thread 0x000002a1fb50b410 DEOPT PACKING pc=0x000002a1ee44e097 sp=0x000000b40c1ff410
Event: 163.399 Thread 0x000002a1fb50b410 DEOPT UNPACKING pc=0x000002a1ee017124 sp=0x000000b40c1fe868 mode 3

Classes loaded (20 events):
Event: 1240.832 Loading class java/nio/file/FileTreeIterator
Event: 1240.833 Loading class java/nio/file/FileTreeIterator done
Event: 1240.833 Loading class java/nio/file/FileTreeWalker
Event: 1240.833 Loading class java/nio/file/FileTreeWalker done
Event: 1240.835 Loading class java/nio/file/FileTreeWalker$DirectoryNode
Event: 1240.835 Loading class java/nio/file/FileTreeWalker$DirectoryNode done
Event: 1240.835 Loading class java/nio/file/FileTreeWalker$Event
Event: 1240.835 Loading class java/nio/file/FileTreeWalker$Event done
Event: 1240.836 Loading class java/nio/file/FileTreeWalker$EventType
Event: 1240.836 Loading class java/nio/file/FileTreeWalker$EventType done
Event: 1727.463 Loading class sun/nio/fs/WindowsException
Event: 1727.465 Loading class sun/nio/fs/WindowsException done
Event: 1921.600 Loading class java/util/EmptyStackException
Event: 1921.600 Loading class java/util/EmptyStackException done
Event: 1921.691 Loading class java/io/InvalidClassException
Event: 1921.692 Loading class java/io/InvalidClassException done
Event: 1921.712 Loading class java/util/ArrayList$ListItr
Event: 1921.713 Loading class java/util/ArrayList$ListItr done
Event: 1922.060 Loading class java/util/regex/Pattern$1
Event: 1922.060 Loading class java/util/regex/Pattern$1 done

Classes unloaded (20 events):
Event: 124.471 Thread 0x000002a1f5864890 Unloading class 0x00000001000d5000 'java/lang/invoke/LambdaForm$MH+0x00000001000d5000'
Event: 124.471 Thread 0x000002a1f5864890 Unloading class 0x00000001000d4c00 'java/lang/invoke/LambdaForm$MH+0x00000001000d4c00'
Event: 124.471 Thread 0x000002a1f5864890 Unloading class 0x00000001000d4800 'java/lang/invoke/LambdaForm$MH+0x00000001000d4800'
Event: 124.471 Thread 0x000002a1f5864890 Unloading class 0x00000001000d4400 'java/lang/invoke/LambdaForm$MH+0x00000001000d4400'
Event: 124.471 Thread 0x000002a1f5864890 Unloading class 0x00000001000ce800 'java/lang/invoke/LambdaForm$MH+0x00000001000ce800'
Event: 124.471 Thread 0x000002a1f5864890 Unloading class 0x00000001000ce400 'java/lang/invoke/LambdaForm$MH+0x00000001000ce400'
Event: 124.471 Thread 0x000002a1f5864890 Unloading class 0x00000001000ce000 'java/lang/invoke/LambdaForm$MH+0x00000001000ce000'
Event: 124.471 Thread 0x000002a1f5864890 Unloading class 0x00000001000cdc00 'java/lang/invoke/LambdaForm$MH+0x00000001000cdc00'
Event: 124.471 Thread 0x000002a1f5864890 Unloading class 0x00000001000cd800 'java/lang/invoke/LambdaForm$MH+0x00000001000cd800'
Event: 124.471 Thread 0x000002a1f5864890 Unloading class 0x00000001000cd400 'java/lang/invoke/LambdaForm$MH+0x00000001000cd400'
Event: 124.471 Thread 0x000002a1f5864890 Unloading class 0x00000001000ccc00 'java/lang/invoke/LambdaForm$MH+0x00000001000ccc00'
Event: 124.471 Thread 0x000002a1f5864890 Unloading class 0x00000001000cc800 'java/lang/invoke/LambdaForm$MH+0x00000001000cc800'
Event: 124.471 Thread 0x000002a1f5864890 Unloading class 0x00000001000cc000 'java/lang/invoke/LambdaForm$MH+0x00000001000cc000'
Event: 124.471 Thread 0x000002a1f5864890 Unloading class 0x00000001000cbc00 'java/lang/invoke/LambdaForm$MH+0x00000001000cbc00'
Event: 238.458 Thread 0x000002a1f5864890 Unloading class 0x0000000100518400 'java/lang/invoke/LambdaForm$MH+0x0000000100518400'
Event: 238.459 Thread 0x000002a1f5864890 Unloading class 0x0000000100519800 'java/lang/invoke/LambdaForm$MH+0x0000000100519800'
Event: 238.459 Thread 0x000002a1f5864890 Unloading class 0x0000000100525000 'java/lang/invoke/LambdaForm$MH+0x0000000100525000'
Event: 2006.342 Thread 0x000002a1f5864890 Unloading class 0x0000000100568c00 'java/lang/invoke/LambdaForm$MH+0x0000000100568c00'
Event: 2006.342 Thread 0x000002a1f5864890 Unloading class 0x0000000100568800 'java/lang/invoke/LambdaForm$MH+0x0000000100568800'
Event: 2006.342 Thread 0x000002a1f5864890 Unloading class 0x0000000100568400 'java/lang/invoke/LambdaForm$MH+0x0000000100568400'

Classes redefined (0 events):
No events

Internal exceptions (20 events):
Event: 1929.578 Thread 0x000002a1fb5ce180 Exception <a 'java/lang/NoSuchMethodError'{0x00000000c56526e8}: 'java.lang.Object java.lang.invoke.DirectMethodHandle$Holder.invokeStatic(java.lang.Object, java.lang.Object, java.lang.Object, java.lang.Object, int)'> (0x00000000c56526e8) 
thrown [s\src\hotspot\share\interpreter\linkResolver.cpp, line 759]
Event: 1955.383 Thread 0x000002a1fb50c850 Exception <a 'sun/nio/fs/WindowsException'{0x00000000c4f6a3e8}> (0x00000000c4f6a3e8) 
thrown [s\src\hotspot\share\prims\jni.cpp, line 516]
Event: 1955.383 Thread 0x000002a1fb50c850 Exception <a 'sun/nio/fs/WindowsException'{0x00000000c4f6aa60}> (0x00000000c4f6aa60) 
thrown [s\src\hotspot\share\prims\jni.cpp, line 516]
Event: 2263.525 Thread 0x000002a1fb50c850 Exception <a 'sun/nio/fs/WindowsException'{0x00000000c565b310}> (0x00000000c565b310) 
thrown [s\src\hotspot\share\prims\jni.cpp, line 516]
Event: 2263.526 Thread 0x000002a1fb50c850 Exception <a 'sun/nio/fs/WindowsException'{0x00000000c565b988}> (0x00000000c565b988) 
thrown [s\src\hotspot\share\prims\jni.cpp, line 516]
Event: 2272.368 Thread 0x000002a1fb50c850 Exception <a 'sun/nio/fs/WindowsException'{0x00000000c5662570}> (0x00000000c5662570) 
thrown [s\src\hotspot\share\prims\jni.cpp, line 516]
Event: 2272.368 Thread 0x000002a1fb50c850 Exception <a 'sun/nio/fs/WindowsException'{0x00000000c5662be8}> (0x00000000c5662be8) 
thrown [s\src\hotspot\share\prims\jni.cpp, line 516]
Event: 2334.296 Thread 0x000002a1fb50c850 Exception <a 'sun/nio/fs/WindowsException'{0x00000000c56441e8}> (0x00000000c56441e8) 
thrown [s\src\hotspot\share\prims\jni.cpp, line 516]
Event: 2334.296 Thread 0x000002a1fb50c850 Exception <a 'sun/nio/fs/WindowsException'{0x00000000c5644860}> (0x00000000c5644860) 
thrown [s\src\hotspot\share\prims\jni.cpp, line 516]
Event: 2339.627 Thread 0x000002a1fb50c850 Exception <a 'sun/nio/fs/WindowsException'{0x00000000c56488c8}> (0x00000000c56488c8) 
thrown [s\src\hotspot\share\prims\jni.cpp, line 516]
Event: 2339.628 Thread 0x000002a1fb50c850 Exception <a 'sun/nio/fs/WindowsException'{0x00000000c5648f40}> (0x00000000c5648f40) 
thrown [s\src\hotspot\share\prims\jni.cpp, line 516]
Event: 2656.531 Thread 0x000002a1fb50c850 Exception <a 'sun/nio/fs/WindowsException'{0x00000000c565b2a0}> (0x00000000c565b2a0) 
thrown [s\src\hotspot\share\prims\jni.cpp, line 516]
Event: 2656.532 Thread 0x000002a1fb50c850 Exception <a 'sun/nio/fs/WindowsException'{0x00000000c565b918}> (0x00000000c565b918) 
thrown [s\src\hotspot\share\prims\jni.cpp, line 516]
Event: 3771.855 Thread 0x000002a1fb50c850 Exception <a 'sun/nio/fs/WindowsException'{0x00000000c565d018}> (0x00000000c565d018) 
thrown [s\src\hotspot\share\prims\jni.cpp, line 516]
Event: 3771.856 Thread 0x000002a1fb50c850 Exception <a 'sun/nio/fs/WindowsException'{0x00000000c565d690}> (0x00000000c565d690) 
thrown [s\src\hotspot\share\prims\jni.cpp, line 516]
Event: 3776.042 Thread 0x000002a1fb50c850 Exception <a 'sun/nio/fs/WindowsException'{0x00000000c56644b8}> (0x00000000c56644b8) 
thrown [s\src\hotspot\share\prims\jni.cpp, line 516]
Event: 3776.042 Thread 0x000002a1fb50c850 Exception <a 'sun/nio/fs/WindowsException'{0x00000000c5664b30}> (0x00000000c5664b30) 
thrown [s\src\hotspot\share\prims\jni.cpp, line 516]
Event: 3923.482 Thread 0x000002a1fb50c850 Exception <a 'sun/nio/fs/WindowsException'{0x00000000c565f040}> (0x00000000c565f040) 
thrown [s\src\hotspot\share\prims\jni.cpp, line 516]
Event: 3923.482 Thread 0x000002a1fb50c850 Exception <a 'sun/nio/fs/WindowsException'{0x00000000c565f6b8}> (0x00000000c565f6b8) 
thrown [s\src\hotspot\share\prims\jni.cpp, line 516]
Event: 3978.195 Thread 0x000002a1fb392820 Exception <a 'java/io/IOException'{0x00000000c5600630}: CreateProcess error=1455, Le fichier de pagination est insuffisant pour terminer cette opération> (0x00000000c5600630) 
thrown [s\src\hotspot\share\prims\jni.cpp, line 535]

VM Operations (20 events):
Event: 3865.961 Executing VM operation: G1CollectFull done
Event: 3876.377 Executing VM operation: G1CollectFull
Event: 3876.461 Executing VM operation: G1CollectFull done
Event: 3886.890 Executing VM operation: G1CollectFull
Event: 3886.995 Executing VM operation: G1CollectFull done
Event: 3897.414 Executing VM operation: G1CollectFull
Event: 3897.477 Executing VM operation: G1CollectFull done
Event: 3907.542 Executing VM operation: Cleanup
Event: 3907.542 Executing VM operation: Cleanup done
Event: 3968.100 Executing VM operation: G1CollectFull
Event: 3968.181 Executing VM operation: G1CollectFull done
Event: 3978.239 Executing VM operation: Cleanup
Event: 3978.239 Executing VM operation: Cleanup done
Event: 3988.782 Executing VM operation: G1CollectFull
Event: 3988.882 Executing VM operation: G1CollectFull done
Event: 3999.334 Executing VM operation: G1CollectFull
Event: 3999.424 Executing VM operation: G1CollectFull done
Event: 4009.896 Executing VM operation: G1CollectFull
Event: 4009.960 Executing VM operation: G1CollectFull done
Event: 4020.434 Executing VM operation: G1CollectFull

Events (20 events):
Event: 187.727 Thread 0x000002a1fb5cc830 Thread added: 0x000002a1fb5cc830
Event: 247.733 Thread 0x000002a1fb5ce180 Thread exited: 0x000002a1fb5ce180
Event: 249.103 Thread 0x000002a1fad91b60 Thread exited: 0x000002a1fad91b60
Event: 250.222 Thread 0x000002a1fb5cc830 Thread exited: 0x000002a1fb5cc830
Event: 257.602 Thread 0x000002a1fb5d04f0 Thread added: 0x000002a1fb5d04f0
Event: 309.214 Thread 0x000002a1faefb350 Thread exited: 0x000002a1faefb350
Event: 525.075 Thread 0x000002a1fb5d04f0 Thread exited: 0x000002a1fb5d04f0
Event: 827.886 Thread 0x000002a1fb5ccd40 Thread added: 0x000002a1fb5ccd40
Event: 887.951 Thread 0x000002a1fb5ccd40 Thread exited: 0x000002a1fb5ccd40
Event: 1914.740 Thread 0x000002a1fb5ce180 Thread added: 0x000002a1fb5ce180
Event: 1921.040 Thread 0x000002a1fb5cffe0 Thread added: 0x000002a1fb5cffe0
Event: 1921.526 Thread 0x000002a1fb5cc320 Thread added: 0x000002a1fb5cc320
Event: 1922.032 Thread 0x000002a1f5b077b0 Thread added: 0x000002a1f5b077b0
Event: 1922.071 Thread 0x000002a1fafaf7d0 Thread added: 0x000002a1fafaf7d0
Event: 1927.109 Thread 0x000002a1fafaf7d0 Thread exited: 0x000002a1fafaf7d0
Event: 1927.109 Thread 0x000002a1f5b077b0 Thread exited: 0x000002a1f5b077b0
Event: 1929.642 Thread 0x000002a1f5b077b0 Thread added: 0x000002a1f5b077b0
Event: 1932.674 Thread 0x000002a1f5b077b0 Thread exited: 0x000002a1f5b077b0
Event: 1997.954 Thread 0x000002a1fb5cc320 Thread exited: 0x000002a1fb5cc320
Event: 2002.099 Thread 0x000002a1fb5ce180 Thread exited: 0x000002a1fb5ce180


Dynamic libraries:
0x00007ff6b6910000 - 0x00007ff6b691e000 	c:\Users\user\.vscode\extensions\redhat.java-1.35.0-win32-x64\jre\17.0.12-win32-x86_64\bin\java.exe
0x00007ffe04b30000 - 0x00007ffe04d28000 	C:\WINDOWS\SYSTEM32\ntdll.dll
0x00007ffe02ee0000 - 0x00007ffe02fa1000 	C:\WINDOWS\System32\KERNEL32.DLL
0x00007ffe02280000 - 0x00007ffe0257d000 	C:\WINDOWS\System32\KERNELBASE.dll
0x00007ffe028c0000 - 0x00007ffe029c0000 	C:\WINDOWS\System32\ucrtbase.dll
0x00007ffdc6030000 - 0x00007ffdc6047000 	c:\Users\user\.vscode\extensions\redhat.java-1.35.0-win32-x64\jre\17.0.12-win32-x86_64\bin\jli.dll
0x00007ffe02ca0000 - 0x00007ffe02e3d000 	C:\WINDOWS\System32\USER32.dll
0x00007ffe02610000 - 0x00007ffe02632000 	C:\WINDOWS\System32\win32u.dll
0x00007ffe03f80000 - 0x00007ffe03fab000 	C:\WINDOWS\System32\GDI32.dll
0x00007ffe02640000 - 0x00007ffe02757000 	C:\WINDOWS\System32\gdi32full.dll
0x00007ffe021e0000 - 0x00007ffe0227d000 	C:\WINDOWS\System32\msvcp_win.dll
0x00007ffddc340000 - 0x00007ffddc35b000 	c:\Users\user\.vscode\extensions\redhat.java-1.35.0-win32-x64\jre\17.0.12-win32-x86_64\bin\VCRUNTIME140.dll
0x00007ffdf2d60000 - 0x00007ffdf2ffa000 	C:\WINDOWS\WinSxS\amd64_microsoft.windows.common-controls_6595b64144ccf1df_6.0.19041.4355_none_60b8b9eb71f62e16\COMCTL32.dll
0x00007ffe02e40000 - 0x00007ffe02ede000 	C:\WINDOWS\System32\msvcrt.dll
0x00007ffe02c00000 - 0x00007ffe02c2f000 	C:\WINDOWS\System32\IMM32.DLL
0x00007ffdfbed0000 - 0x00007ffdfbedc000 	c:\Users\user\.vscode\extensions\redhat.java-1.35.0-win32-x64\jre\17.0.12-win32-x86_64\bin\vcruntime140_1.dll
0x00007ffdc2960000 - 0x00007ffdc29ed000 	c:\Users\user\.vscode\extensions\redhat.java-1.35.0-win32-x64\jre\17.0.12-win32-x86_64\bin\msvcp140.dll
0x00007ffdbfff0000 - 0x00007ffdc0c5a000 	c:\Users\user\.vscode\extensions\redhat.java-1.35.0-win32-x64\jre\17.0.12-win32-x86_64\bin\server\jvm.dll
0x00007ffe03030000 - 0x00007ffe030e0000 	C:\WINDOWS\System32\ADVAPI32.dll
0x00007ffe02b60000 - 0x00007ffe02c00000 	C:\WINDOWS\System32\sechost.dll
0x00007ffe036b0000 - 0x00007ffe037d3000 	C:\WINDOWS\System32\RPCRT4.dll
0x00007ffe02a30000 - 0x00007ffe02a57000 	C:\WINDOWS\System32\bcrypt.dll
0x00007ffe02fb0000 - 0x00007ffe0301b000 	C:\WINDOWS\System32\WS2_32.dll
0x00007ffe016e0000 - 0x00007ffe0172b000 	C:\WINDOWS\SYSTEM32\POWRPROF.dll
0x00007ffdf2d30000 - 0x00007ffdf2d57000 	C:\WINDOWS\SYSTEM32\WINMM.dll
0x00007ffdf4f50000 - 0x00007ffdf4f5a000 	C:\WINDOWS\SYSTEM32\VERSION.dll
0x00007ffe015a0000 - 0x00007ffe015b2000 	C:\WINDOWS\SYSTEM32\UMPDC.dll
0x00007ffe00020000 - 0x00007ffe00032000 	C:\WINDOWS\SYSTEM32\kernel.appcore.dll
0x00007ffdf3180000 - 0x00007ffdf318a000 	c:\Users\user\.vscode\extensions\redhat.java-1.35.0-win32-x64\jre\17.0.12-win32-x86_64\bin\jimage.dll
0x00007ffde9ef0000 - 0x00007ffdea0d4000 	C:\WINDOWS\SYSTEM32\DBGHELP.DLL
0x00007ffde9eb0000 - 0x00007ffde9ee4000 	C:\WINDOWS\SYSTEM32\dbgcore.DLL
0x00007ffe02580000 - 0x00007ffe02602000 	C:\WINDOWS\System32\bcryptPrimitives.dll
0x00007ffdc2930000 - 0x00007ffdc2955000 	c:\Users\user\.vscode\extensions\redhat.java-1.35.0-win32-x64\jre\17.0.12-win32-x86_64\bin\java.dll
0x00007ffdc2bd0000 - 0x00007ffdc2be8000 	c:\Users\user\.vscode\extensions\redhat.java-1.35.0-win32-x64\jre\17.0.12-win32-x86_64\bin\zip.dll
0x00007ffe04380000 - 0x00007ffe04aef000 	C:\WINDOWS\System32\SHELL32.dll
0x00007ffe00220000 - 0x00007ffe009c3000 	C:\WINDOWS\SYSTEM32\windows.storage.dll
0x00007ffe030e0000 - 0x00007ffe03433000 	C:\WINDOWS\System32\combase.dll
0x00007ffe01b30000 - 0x00007ffe01b5e000 	C:\WINDOWS\SYSTEM32\Wldp.dll
0x00007ffe03530000 - 0x00007ffe035fd000 	C:\WINDOWS\System32\OLEAUT32.dll
0x00007ffe03600000 - 0x00007ffe036ad000 	C:\WINDOWS\System32\SHCORE.dll
0x00007ffe04260000 - 0x00007ffe042b5000 	C:\WINDOWS\System32\shlwapi.dll
0x00007ffe02110000 - 0x00007ffe02134000 	C:\WINDOWS\SYSTEM32\profapi.dll
0x00007ffdf1bd0000 - 0x00007ffdf1be9000 	C:\Users\user\.vscode\extensions\redhat.java-1.35.0-win32-x64\jre\17.0.12-win32-x86_64\bin\net.dll
0x00007ffdf9a10000 - 0x00007ffdf9b1d000 	C:\WINDOWS\SYSTEM32\WINHTTP.dll
0x00007ffe01910000 - 0x00007ffe0197a000 	C:\WINDOWS\system32\mswsock.dll
0x00007ffdf1bb0000 - 0x00007ffdf1bc6000 	C:\Users\user\.vscode\extensions\redhat.java-1.35.0-win32-x64\jre\17.0.12-win32-x86_64\bin\nio.dll
0x00007ffdf1190000 - 0x00007ffdf11a0000 	c:\Users\user\.vscode\extensions\redhat.java-1.35.0-win32-x64\jre\17.0.12-win32-x86_64\bin\verify.dll
0x00007ffe01e70000 - 0x00007ffe01e88000 	C:\WINDOWS\SYSTEM32\CRYPTSP.dll
0x00007ffe01180000 - 0x00007ffe011b4000 	C:\WINDOWS\system32\rsaenh.dll
0x00007ffe02090000 - 0x00007ffe020be000 	C:\WINDOWS\SYSTEM32\USERENV.dll
0x00007ffe01aa0000 - 0x00007ffe01aac000 	C:\WINDOWS\SYSTEM32\CRYPTBASE.dll
0x00007ffe015c0000 - 0x00007ffe015fb000 	C:\WINDOWS\SYSTEM32\IPHLPAPI.DLL
0x00007ffe02c30000 - 0x00007ffe02c38000 	C:\WINDOWS\System32\NSI.dll
0x00007ffdfb240000 - 0x00007ffdfb257000 	C:\WINDOWS\SYSTEM32\dhcpcsvc6.DLL
0x00007ffdfb220000 - 0x00007ffdfb23d000 	C:\WINDOWS\SYSTEM32\dhcpcsvc.DLL
0x00007ffe01610000 - 0x00007ffe016da000 	C:\WINDOWS\SYSTEM32\DNSAPI.dll
0x00007ffdfc750000 - 0x00007ffdfc759000 	C:\Users\user\.vscode\extensions\redhat.java-1.35.0-win32-x64\jre\17.0.12-win32-x86_64\bin\management.dll
0x00007ffdfc740000 - 0x00007ffdfc74b000 	C:\Users\user\.vscode\extensions\redhat.java-1.35.0-win32-x64\jre\17.0.12-win32-x86_64\bin\management_ext.dll
0x00007ffe042c0000 - 0x00007ffe042c8000 	C:\WINDOWS\System32\PSAPI.DLL

dbghelp: loaded successfully - version: 4.0.5 - missing functions: none
symbol engine: initialized successfully - sym options: 0x614 - pdb path: .;c:\Users\user\.vscode\extensions\redhat.java-1.35.0-win32-x64\jre\17.0.12-win32-x86_64\bin;C:\WINDOWS\SYSTEM32;C:\WINDOWS\WinSxS\amd64_microsoft.windows.common-controls_6595b64144ccf1df_6.0.19041.4355_none_60b8b9eb71f62e16;c:\Users\user\.vscode\extensions\redhat.java-1.35.0-win32-x64\jre\17.0.12-win32-x86_64\bin\server

VM Arguments:
jvm_args: -Xmx1024m -Dsts.lsp.client=vscode -Dsts.log.file=/dev/null -XX:TieredStopAtLevel=1 -Xlog:jni+resolve=off 
java_command: c:\Users\user\.vscode\extensions\vmware.vscode-spring-boot-1.57.0\language-server\spring-boot-language-server-1.57.0-SNAPSHOT-exec.jar
java_class_path (initial): c:\Users\user\.vscode\extensions\vmware.vscode-spring-boot-1.57.0\language-server\spring-boot-language-server-1.57.0-SNAPSHOT-exec.jar
Launcher Type: SUN_STANDARD

[Global flags]
     intx CICompilerCount                          = 3                                         {product} {ergonomic}
     uint ConcGCThreads                            = 1                                         {product} {ergonomic}
     uint G1ConcRefinementThreads                  = 4                                         {product} {ergonomic}
   size_t G1HeapRegionSize                         = 1048576                                   {product} {ergonomic}
    uintx GCDrainStackTargetSize                   = 64                                        {product} {ergonomic}
   size_t InitialHeapSize                          = 98566144                                  {product} {ergonomic}
   size_t MarkStackSize                            = 4194304                                   {product} {ergonomic}
   size_t MaxHeapSize                              = 1073741824                                {product} {command line}
   size_t MaxNewSize                               = 643825664                                 {product} {ergonomic}
   size_t MinHeapDeltaBytes                        = 1048576                                   {product} {ergonomic}
   size_t MinHeapSize                              = 8388608                                   {product} {ergonomic}
    uintx NonProfiledCodeHeapSize                  = 0                                      {pd product} {ergonomic}
     bool ProfileInterpreter                       = false                                  {pd product} {command line}
    uintx ProfiledCodeHeapSize                     = 0                                      {pd product} {ergonomic}
   size_t SoftMaxHeapSize                          = 1073741824                             {manageable} {ergonomic}
     intx TieredStopAtLevel                        = 1                                         {product} {command line}
     bool UseCompressedClassPointers               = true                           {product lp64_product} {ergonomic}
     bool UseCompressedOops                        = true                           {product lp64_product} {ergonomic}
     bool UseG1GC                                  = true                                      {product} {ergonomic}
     bool UseLargePagesIndividualAllocation        = false                                  {pd product} {ergonomic}

Logging:
Log output configuration:
 #0: stdout all=warning,jni+resolve=off uptime,level,tags
 #1: stderr all=off uptime,level,tags

Environment Variables:
JAVA_HOME=C:\Program Files\Java\jdk-21
PATH=C:\Program Files\Common Files\Oracle\Java\javapath;C:\WINDOWS\system32;C:\WINDOWS;C:\WINDOWS\System32\Wbem;C:\WINDOWS\System32\WindowsPowerShell\v1.0\;C:\WINDOWS\System32\OpenSSH\;C:\ProgramData\chocolatey\bin;C:\Program Files\Git\cmd;C:\Program Files\OpenSSL-Win64\bin;C:\Program Files\Docker\Docker\resources\bin;C:\Users\user\AppData\Roaming\nvm;C:\Program Files\nodejs;C:\Program Files\nodejs;C:\Program Files\nodejs;C:\Program Files\apache-maven-3.9.6\bin;C:\Program Files\Common Files\Oracle\Java\javapath;C:\WINDOWS\system32;C:\WINDOWS;C:\WINDOWS\System32\Wbem;C:\WINDOWS\System32\WindowsPowerShell\v1.0\;C:\WINDOWS\System32\OpenSSH\;C:\ProgramData\chocolatey\bin;C:\Program Files\Git\cmd;C:\Program Files\OpenSSL-Win64\bin;C:\Program Files\Docker\Docker\resources\bin;C:\Users\user\AppData\Roaming\nvm;C:\Program Files\nodejs;C:\Program Files\nodejs;C:\Program Files\nodejs;;C:\Users\user\AppData\Local\Programs\Microsoft VS Code\bin;C:\Users\user\AppData\Roaming\nvm;C:\Program Files\nodejs
USERNAME=user
OS=Windows_NT
PROCESSOR_IDENTIFIER=Intel64 Family 6 Model 37 Stepping 5, GenuineIntel
TMP=C:\Users\user\AppData\Local\Temp
TEMP=C:\Users\user\AppData\Local\Temp



Periodic native trim disabled


---------------  S Y S T E M  ---------------

OS:
 Windows 10 , 64 bit Build 19041 (10.0.19041.4842)
OS uptime: 0 days 1:21 hours
Hyper-V role detected

CPU: total 4 (initial active 4) (2 cores per cpu, 2 threads per core) family 6 model 37 stepping 5 microcode 0x7, cx8, cmov, fxsr, ht, mmx, sse, sse2, sse3, ssse3, sse4.1, sse4.2, popcnt, tsc, tscinvbit, clflush, hv
Processor Information for all 4 processors :
  Max Mhz: 2399, Current Mhz: 1599, Mhz Limit: 2399

Memory: 4k page, system-wide physical 5941M (612M free)
TotalPageFile size 8941M (AvailPageFile size 5M)
current process WorkingSet (physical memory assigned to process): 105M, peak: 194M
current process commit charge ("private bytes"): 217M, peak: 234M

vm_info: OpenJDK 64-Bit Server VM (17.0.12+7) for windows-amd64 JRE (17.0.12+7), built on Jul 16 2024 22:08:24 by "admin" with MS VC++ 16.10 / 16.11 (VS2019)

END.
